7.4506 	EXP 	Created window1 = Window(allowGUI=False, allowStencil=False, autoLog=True, bitsMode=UNKNOWN, blendMode='avg', color=array([ 0.,  0.,  0.]), colorSpace='rgb', fullscr=UNKNOWN, gamma=None, lms=UNKNOWN, monitor=<psychopy.monitors.calibTools.Monitor object at 0x113ddc410>, multiSample=False, name='window1', numSamples=2, pos=[0, 0], screen=0, size=array([1440,  900]), stereo=False, units=u'norm', useFBO=True, useRetina=False, viewOri=0.0, viewPos=None, viewScale=None, waitBlanking=True, winType='pyglet')
7.4507 	EXP 	window1: recordFrameIntervals = False
7.6170 	EXP 	window1: recordFrameIntervals = True
7.8005 	EXP 	window1: recordFrameIntervals = False
7.8968 	EXP 	Created text_2 = TextStim(alignHoriz='center', alignVert='center', antialias=True, autoLog=True, bold=False, color='white', colorSpace='named', contrast=1.0, depth=0.0, flipHoriz=False, flipVert=False, font='Arial', fontFiles=[], height=0.1, italic=False, name='text_2', opacity=1.0, ori=0, pos=array([ 0.,  0.]), rgb=array([ 255.,  255.,  255.]), text=unicode(...), units=u'norm', win=Window(...), wrapWidth=1)
7.8985 	EXP 	Created Leftimg = ImageStim(autoLog=True, color=array([ 1.,  1.,  1.]), colorSpace='rgb', contrast=1.0, depth=0.0, flipHoriz=False, flipVert=False, image='sin', interpolate=True, mask=None, maskParams=None, name='Leftimg', opacity=1.0, ori=0.0, pos=array([ 0.,  0.]), size=array([ 400.,  400.]), texRes=128, units='pix', win=Window(...))
7.8996 	EXP 	Created Rightimg = ImageStim(autoLog=True, color=array([ 1.,  1.,  1.]), colorSpace='rgb', contrast=1.0, depth=-1.0, flipHoriz=False, flipVert=False, image='sin', interpolate=True, mask=None, maskParams=None, name='Rightimg', opacity=1.0, ori=0.0, pos=array([ 0.,  0.]), size=array([ 400.,  400.]), texRes=128, units='pix', win=Window(...))
7.9097 	EXP 	Created text = TextStim(alignHoriz='center', alignVert='center', antialias=True, autoLog=True, bold=False, color='white', colorSpace='named', contrast=1.0, depth=-4.0, flipHoriz=False, flipVert=False, font='Arial', fontFiles=[], height=0.05, italic=False, name='text', opacity=1.0, ori=0, pos=array([ 0.,  0.]), rgb=array([ 255.,  255.,  255.]), text=u'to proceed press the space bar.', units=u'norm', win=Window(...), wrapWidth=1)
7.9191 	EXP 	Created text_3 = TextStim(alignHoriz='center', alignVert='center', antialias=True, autoLog=True, bold=False, color='white', colorSpace='named', contrast=1.0, depth=0.0, flipHoriz=False, flipVert=False, font='Arial', fontFiles=[], height=0.1, italic=False, name='text_3', opacity=1.0, ori=0, pos=array([ 0.,  0.]), rgb=array([ 255.,  255.,  255.]), text=unicode(...), units=u'norm', win=Window(...), wrapWidth=1)
7.9235 	EXP 	window1: blendMode = 'avg'
7.9337 	EXP 	text_2: autoDraw = True
7.9374 	EXP 	window1: blendMode = 'avg'
7.9510 	EXP 	window1: blendMode = 'avg'
7.9678 	EXP 	window1: blendMode = 'avg'
7.9845 	EXP 	window1: blendMode = 'avg'
8.0011 	EXP 	window1: blendMode = 'avg'
8.0181 	EXP 	window1: blendMode = 'avg'
8.0345 	EXP 	window1: blendMode = 'avg'
8.0510 	EXP 	window1: blendMode = 'avg'
8.0679 	EXP 	window1: blendMode = 'avg'
8.0847 	EXP 	window1: blendMode = 'avg'
8.1014 	EXP 	window1: blendMode = 'avg'
8.1173 	EXP 	window1: blendMode = 'avg'
8.1346 	EXP 	window1: blendMode = 'avg'
8.1513 	EXP 	window1: blendMode = 'avg'
8.1681 	EXP 	window1: blendMode = 'avg'
8.1839 	EXP 	window1: blendMode = 'avg'
8.2012 	EXP 	window1: blendMode = 'avg'
8.2177 	EXP 	window1: blendMode = 'avg'
8.2343 	EXP 	window1: blendMode = 'avg'
8.2509 	EXP 	window1: blendMode = 'avg'
8.2674 	EXP 	window1: blendMode = 'avg'
8.2838 	EXP 	window1: blendMode = 'avg'
8.3012 	EXP 	window1: blendMode = 'avg'
8.3178 	EXP 	window1: blendMode = 'avg'
8.3346 	EXP 	window1: blendMode = 'avg'
8.3513 	EXP 	window1: blendMode = 'avg'
8.3681 	EXP 	window1: blendMode = 'avg'
8.3845 	EXP 	window1: blendMode = 'avg'
8.4013 	EXP 	window1: blendMode = 'avg'
8.4180 	EXP 	window1: blendMode = 'avg'
8.4345 	EXP 	window1: blendMode = 'avg'
8.4513 	EXP 	window1: blendMode = 'avg'
8.4680 	EXP 	window1: blendMode = 'avg'
8.4847 	EXP 	window1: blendMode = 'avg'
8.5012 	EXP 	window1: blendMode = 'avg'
8.5180 	EXP 	window1: blendMode = 'avg'
8.5347 	EXP 	window1: blendMode = 'avg'
8.5512 	EXP 	window1: blendMode = 'avg'
8.5680 	EXP 	window1: blendMode = 'avg'
8.5847 	EXP 	window1: blendMode = 'avg'
8.6014 	EXP 	window1: blendMode = 'avg'
8.6182 	EXP 	window1: blendMode = 'avg'
8.6340 	EXP 	window1: blendMode = 'avg'
8.6504 	EXP 	window1: blendMode = 'avg'
8.6679 	EXP 	window1: blendMode = 'avg'
8.6847 	EXP 	window1: blendMode = 'avg'
8.7013 	EXP 	window1: blendMode = 'avg'
8.7171 	EXP 	window1: blendMode = 'avg'
8.7346 	EXP 	window1: blendMode = 'avg'
8.7512 	EXP 	window1: blendMode = 'avg'
8.7678 	EXP 	window1: blendMode = 'avg'
8.7839 	EXP 	window1: blendMode = 'avg'
8.8012 	EXP 	window1: blendMode = 'avg'
8.8180 	EXP 	window1: blendMode = 'avg'
8.8347 	EXP 	window1: blendMode = 'avg'
8.8511 	EXP 	window1: blendMode = 'avg'
8.8679 	EXP 	window1: blendMode = 'avg'
8.8842 	EXP 	window1: blendMode = 'avg'
8.9008 	EXP 	window1: blendMode = 'avg'
8.9220 	EXP 	window1: blendMode = 'avg'
8.9393 	EXP 	window1: blendMode = 'avg'
8.9553 	EXP 	window1: blendMode = 'avg'
8.9727 	EXP 	window1: blendMode = 'avg'
8.9890 	EXP 	window1: blendMode = 'avg'
9.0013 	EXP 	window1: blendMode = 'avg'
9.0226 	EXP 	window1: blendMode = 'avg'
9.0386 	EXP 	window1: blendMode = 'avg'
9.0557 	EXP 	window1: blendMode = 'avg'
9.0718 	EXP 	window1: blendMode = 'avg'
9.0889 	EXP 	window1: blendMode = 'avg'
9.1059 	EXP 	window1: blendMode = 'avg'
9.1219 	EXP 	window1: blendMode = 'avg'
9.1392 	EXP 	window1: blendMode = 'avg'
9.1552 	EXP 	window1: blendMode = 'avg'
9.1715 	EXP 	window1: blendMode = 'avg'
9.1888 	EXP 	window1: blendMode = 'avg'
9.2058 	EXP 	window1: blendMode = 'avg'
9.2219 	EXP 	window1: blendMode = 'avg'
9.2390 	EXP 	window1: blendMode = 'avg'
9.2551 	EXP 	window1: blendMode = 'avg'
9.2722 	EXP 	window1: blendMode = 'avg'
9.2892 	EXP 	window1: blendMode = 'avg'
9.3053 	EXP 	window1: blendMode = 'avg'
9.3224 	EXP 	window1: blendMode = 'avg'
9.3385 	EXP 	window1: blendMode = 'avg'
9.3553 	EXP 	window1: blendMode = 'avg'
9.3725 	EXP 	window1: blendMode = 'avg'
9.3885 	EXP 	window1: blendMode = 'avg'
9.4057 	EXP 	window1: blendMode = 'avg'
9.4217 	EXP 	window1: blendMode = 'avg'
9.4389 	EXP 	window1: blendMode = 'avg'
9.4559 	EXP 	window1: blendMode = 'avg'
9.4718 	EXP 	window1: blendMode = 'avg'
9.4889 	EXP 	window1: blendMode = 'avg'
9.5053 	EXP 	window1: blendMode = 'avg'
9.5225 	EXP 	window1: blendMode = 'avg'
9.5386 	EXP 	window1: blendMode = 'avg'
9.5557 	EXP 	window1: blendMode = 'avg'
9.5718 	EXP 	window1: blendMode = 'avg'
9.5889 	EXP 	window1: blendMode = 'avg'
9.6059 	EXP 	window1: blendMode = 'avg'
9.6219 	EXP 	window1: blendMode = 'avg'
9.6391 	EXP 	window1: blendMode = 'avg'
9.6551 	EXP 	window1: blendMode = 'avg'
9.6723 	EXP 	window1: blendMode = 'avg'
9.6892 	EXP 	window1: blendMode = 'avg'
9.7052 	EXP 	window1: blendMode = 'avg'
9.7224 	EXP 	window1: blendMode = 'avg'
9.7385 	EXP 	window1: blendMode = 'avg'
9.7556 	EXP 	window1: blendMode = 'avg'
9.7726 	EXP 	window1: blendMode = 'avg'
9.7886 	EXP 	window1: blendMode = 'avg'
9.8057 	EXP 	window1: blendMode = 'avg'
9.8217 	EXP 	window1: blendMode = 'avg'
9.8389 	EXP 	window1: blendMode = 'avg'
9.8559 	EXP 	window1: blendMode = 'avg'
9.8719 	EXP 	window1: blendMode = 'avg'
9.8892 	EXP 	window1: blendMode = 'avg'
9.9053 	EXP 	window1: blendMode = 'avg'
9.9225 	EXP 	window1: blendMode = 'avg'
9.9386 	EXP 	window1: blendMode = 'avg'
9.9558 	EXP 	window1: blendMode = 'avg'
9.9718 	EXP 	window1: blendMode = 'avg'
9.9890 	EXP 	window1: blendMode = 'avg'
10.0015 	EXP 	window1: blendMode = 'avg'
10.0226 	EXP 	window1: blendMode = 'avg'
10.0389 	EXP 	window1: blendMode = 'avg'
10.0559 	EXP 	window1: blendMode = 'avg'
10.0719 	EXP 	window1: blendMode = 'avg'
10.0890 	EXP 	window1: blendMode = 'avg'
10.1051 	EXP 	window1: blendMode = 'avg'
10.1223 	EXP 	window1: blendMode = 'avg'
10.1392 	EXP 	window1: blendMode = 'avg'
10.1552 	EXP 	window1: blendMode = 'avg'
10.1722 	EXP 	window1: blendMode = 'avg'
10.1839 	EXP 	window1: blendMode = 'avg'
10.2043 	EXP 	window1: blendMode = 'avg'
10.2215 	EXP 	window1: blendMode = 'avg'
10.2382 	EXP 	window1: blendMode = 'avg'
10.2546 	EXP 	window1: blendMode = 'avg'
10.2708 	EXP 	window1: blendMode = 'avg'
10.2882 	EXP 	window1: blendMode = 'avg'
10.3053 	EXP 	window1: blendMode = 'avg'
10.3223 	EXP 	window1: blendMode = 'avg'
10.3392 	EXP 	window1: blendMode = 'avg'
10.3552 	EXP 	window1: blendMode = 'avg'
10.3724 	EXP 	window1: blendMode = 'avg'
10.3885 	EXP 	window1: blendMode = 'avg'
10.4058 	EXP 	window1: blendMode = 'avg'
10.4218 	EXP 	window1: blendMode = 'avg'
10.4393 	EXP 	window1: blendMode = 'avg'
10.4553 	EXP 	window1: blendMode = 'avg'
10.4725 	EXP 	window1: blendMode = 'avg'
10.4890 	EXP 	window1: blendMode = 'avg'
10.5009 	EXP 	window1: blendMode = 'avg'
10.5220 	EXP 	window1: blendMode = 'avg'
10.5392 	EXP 	window1: blendMode = 'avg'
10.5552 	EXP 	window1: blendMode = 'avg'
10.5722 	EXP 	window1: blendMode = 'avg'
10.5887 	EXP 	window1: blendMode = 'avg'
10.6059 	EXP 	window1: blendMode = 'avg'
10.6219 	EXP 	window1: blendMode = 'avg'
10.6392 	EXP 	window1: blendMode = 'avg'
10.6552 	EXP 	window1: blendMode = 'avg'
10.6723 	EXP 	window1: blendMode = 'avg'
10.6886 	EXP 	window1: blendMode = 'avg'
10.7052 	EXP 	window1: blendMode = 'avg'
10.7223 	EXP 	window1: blendMode = 'avg'
10.7392 	EXP 	window1: blendMode = 'avg'
10.7552 	EXP 	window1: blendMode = 'avg'
10.7726 	EXP 	window1: blendMode = 'avg'
10.7887 	EXP 	window1: blendMode = 'avg'
10.8059 	EXP 	window1: blendMode = 'avg'
10.8219 	EXP 	window1: blendMode = 'avg'
10.8392 	EXP 	window1: blendMode = 'avg'
10.8554 	EXP 	window1: blendMode = 'avg'
10.8725 	EXP 	window1: blendMode = 'avg'
10.8886 	EXP 	window1: blendMode = 'avg'
10.9053 	EXP 	window1: blendMode = 'avg'
10.9224 	EXP 	window1: blendMode = 'avg'
10.9384 	EXP 	window1: blendMode = 'avg'
10.9555 	EXP 	window1: blendMode = 'avg'
10.9718 	EXP 	window1: blendMode = 'avg'
10.9890 	EXP 	window1: blendMode = 'avg'
11.0050 	EXP 	window1: blendMode = 'avg'
11.0179 	EXP 	window1: blendMode = 'avg'
11.0391 	EXP 	window1: blendMode = 'avg'
11.0554 	EXP 	window1: blendMode = 'avg'
11.0726 	EXP 	window1: blendMode = 'avg'
11.0886 	EXP 	window1: blendMode = 'avg'
11.1058 	EXP 	window1: blendMode = 'avg'
11.1219 	EXP 	window1: blendMode = 'avg'
11.1392 	EXP 	window1: blendMode = 'avg'
11.1552 	EXP 	window1: blendMode = 'avg'
11.1723 	EXP 	window1: blendMode = 'avg'
11.1844 	EXP 	window1: blendMode = 'avg'
11.2055 	EXP 	window1: blendMode = 'avg'
11.2225 	EXP 	window1: blendMode = 'avg'
11.2386 	EXP 	window1: blendMode = 'avg'
11.2558 	EXP 	window1: blendMode = 'avg'
11.2718 	EXP 	window1: blendMode = 'avg'
11.2890 	EXP 	window1: blendMode = 'avg'
11.3053 	EXP 	window1: blendMode = 'avg'
11.3224 	EXP 	window1: blendMode = 'avg'
11.3387 	EXP 	window1: blendMode = 'avg'
11.3558 	EXP 	window1: blendMode = 'avg'
11.3719 	EXP 	window1: blendMode = 'avg'
11.3890 	EXP 	window1: blendMode = 'avg'
11.4051 	EXP 	window1: blendMode = 'avg'
11.4220 	EXP 	window1: blendMode = 'avg'
11.4378 	EXP 	window1: blendMode = 'avg'
11.4547 	EXP 	window1: blendMode = 'avg'
11.4718 	EXP 	window1: blendMode = 'avg'
11.4890 	EXP 	window1: blendMode = 'avg'
11.5059 	EXP 	window1: blendMode = 'avg'
11.5222 	EXP 	window1: blendMode = 'avg'
11.5392 	EXP 	window1: blendMode = 'avg'
11.5513 	EXP 	window1: blendMode = 'avg'
11.5726 	EXP 	window1: blendMode = 'avg'
11.5886 	EXP 	window1: blendMode = 'avg'
11.6052 	EXP 	window1: blendMode = 'avg'
11.6222 	EXP 	window1: blendMode = 'avg'
11.6391 	EXP 	window1: blendMode = 'avg'
11.6552 	EXP 	window1: blendMode = 'avg'
11.6692 	EXP 	window1: blendMode = 'avg'
11.6859 	EXP 	window1: blendMode = 'avg'
11.7027 	EXP 	window1: blendMode = 'avg'
11.7193 	EXP 	window1: blendMode = 'avg'
11.7359 	EXP 	window1: blendMode = 'avg'
11.7526 	EXP 	window1: blendMode = 'avg'
11.7693 	EXP 	window1: blendMode = 'avg'
11.7858 	EXP 	window1: blendMode = 'avg'
11.8024 	EXP 	window1: blendMode = 'avg'
11.8192 	EXP 	window1: blendMode = 'avg'
11.8359 	EXP 	window1: blendMode = 'avg'
11.8521 	EXP 	window1: blendMode = 'avg'
11.8691 	EXP 	window1: blendMode = 'avg'
11.8857 	EXP 	window1: blendMode = 'avg'
11.9024 	EXP 	window1: blendMode = 'avg'
11.9193 	EXP 	window1: blendMode = 'avg'
11.9361 	EXP 	window1: blendMode = 'avg'
11.9526 	EXP 	window1: blendMode = 'avg'
11.9693 	EXP 	window1: blendMode = 'avg'
11.9859 	EXP 	window1: blendMode = 'avg'
12.0026 	EXP 	window1: blendMode = 'avg'
12.0191 	EXP 	window1: blendMode = 'avg'
12.0359 	EXP 	window1: blendMode = 'avg'
12.0527 	EXP 	window1: blendMode = 'avg'
12.0692 	EXP 	window1: blendMode = 'avg'
12.0859 	EXP 	window1: blendMode = 'avg'
12.1019 	EXP 	window1: blendMode = 'avg'
12.1190 	EXP 	window1: blendMode = 'avg'
12.1358 	EXP 	window1: blendMode = 'avg'
12.1527 	EXP 	window1: blendMode = 'avg'
12.1692 	EXP 	window1: blendMode = 'avg'
12.1859 	EXP 	window1: blendMode = 'avg'
12.2026 	EXP 	window1: blendMode = 'avg'
12.2193 	EXP 	window1: blendMode = 'avg'
12.2359 	EXP 	window1: blendMode = 'avg'
12.2527 	EXP 	window1: blendMode = 'avg'
12.2692 	EXP 	window1: blendMode = 'avg'
12.2860 	EXP 	window1: blendMode = 'avg'
12.3027 	EXP 	window1: blendMode = 'avg'
12.3193 	EXP 	window1: blendMode = 'avg'
12.3360 	EXP 	window1: blendMode = 'avg'
12.3523 	EXP 	window1: blendMode = 'avg'
12.3679 	EXP 	window1: blendMode = 'avg'
12.3849 	EXP 	window1: blendMode = 'avg'
12.4023 	EXP 	window1: blendMode = 'avg'
12.4187 	EXP 	window1: blendMode = 'avg'
12.4358 	EXP 	window1: blendMode = 'avg'
12.4527 	EXP 	window1: blendMode = 'avg'
12.4692 	EXP 	window1: blendMode = 'avg'
12.4860 	EXP 	window1: blendMode = 'avg'
12.5027 	EXP 	window1: blendMode = 'avg'
12.5192 	EXP 	window1: blendMode = 'avg'
12.5359 	EXP 	window1: blendMode = 'avg'
12.5526 	EXP 	window1: blendMode = 'avg'
12.5693 	EXP 	window1: blendMode = 'avg'
12.5860 	EXP 	window1: blendMode = 'avg'
12.6026 	EXP 	window1: blendMode = 'avg'
12.6193 	EXP 	window1: blendMode = 'avg'
12.6358 	EXP 	window1: blendMode = 'avg'
12.6525 	EXP 	window1: blendMode = 'avg'
12.6693 	EXP 	window1: blendMode = 'avg'
12.6858 	EXP 	window1: blendMode = 'avg'
12.7027 	EXP 	window1: blendMode = 'avg'
12.7191 	EXP 	window1: blendMode = 'avg'
12.7360 	EXP 	window1: blendMode = 'avg'
12.7525 	EXP 	window1: blendMode = 'avg'
12.7692 	EXP 	window1: blendMode = 'avg'
12.7850 	EXP 	window1: blendMode = 'avg'
12.8018 	EXP 	window1: blendMode = 'avg'
12.8187 	EXP 	window1: blendMode = 'avg'
12.8350 	EXP 	window1: blendMode = 'avg'
12.8527 	EXP 	window1: blendMode = 'avg'
12.8693 	EXP 	window1: blendMode = 'avg'
12.8856 	EXP 	window1: blendMode = 'avg'
12.9024 	EXP 	window1: blendMode = 'avg'
12.9191 	EXP 	window1: blendMode = 'avg'
12.9360 	EXP 	window1: blendMode = 'avg'
12.9527 	EXP 	window1: blendMode = 'avg'
12.9692 	EXP 	window1: blendMode = 'avg'
12.9860 	EXP 	window1: blendMode = 'avg'
13.0026 	EXP 	window1: blendMode = 'avg'
13.0193 	EXP 	window1: blendMode = 'avg'
13.0360 	EXP 	window1: blendMode = 'avg'
13.0526 	EXP 	window1: blendMode = 'avg'
13.0693 	EXP 	window1: blendMode = 'avg'
13.0861 	EXP 	window1: blendMode = 'avg'
13.1025 	EXP 	window1: blendMode = 'avg'
13.1193 	EXP 	window1: blendMode = 'avg'
13.1359 	EXP 	window1: blendMode = 'avg'
13.1529 	EXP 	window1: blendMode = 'avg'
13.1691 	EXP 	window1: blendMode = 'avg'
13.1859 	EXP 	window1: blendMode = 'avg'
13.2024 	EXP 	window1: blendMode = 'avg'
13.2193 	EXP 	window1: blendMode = 'avg'
13.2361 	EXP 	window1: blendMode = 'avg'
13.2526 	EXP 	window1: blendMode = 'avg'
13.2693 	EXP 	window1: blendMode = 'avg'
13.2860 	EXP 	window1: blendMode = 'avg'
13.3025 	EXP 	window1: blendMode = 'avg'
13.3201 	EXP 	window1: blendMode = 'avg'
13.3353 	EXP 	window1: blendMode = 'avg'
13.3528 	EXP 	window1: blendMode = 'avg'
13.3687 	EXP 	window1: blendMode = 'avg'
13.3851 	EXP 	window1: blendMode = 'avg'
13.4018 	EXP 	window1: blendMode = 'avg'
13.4178 	EXP 	window1: blendMode = 'avg'
13.4351 	EXP 	window1: blendMode = 'avg'
13.4522 	EXP 	window1: blendMode = 'avg'
13.4690 	EXP 	window1: blendMode = 'avg'
13.4851 	EXP 	window1: blendMode = 'avg'
13.5020 	EXP 	window1: blendMode = 'avg'
13.5183 	EXP 	window1: blendMode = 'avg'
13.5355 	EXP 	window1: blendMode = 'avg'
13.5515 	EXP 	window1: blendMode = 'avg'
13.5692 	EXP 	window1: blendMode = 'avg'
13.5851 	EXP 	window1: blendMode = 'avg'
13.6016 	EXP 	window1: blendMode = 'avg'
13.6189 	EXP 	window1: blendMode = 'avg'
13.6358 	EXP 	window1: blendMode = 'avg'
13.6525 	EXP 	window1: blendMode = 'avg'
13.6693 	EXP 	window1: blendMode = 'avg'
13.6859 	EXP 	window1: blendMode = 'avg'
13.7027 	EXP 	window1: blendMode = 'avg'
13.7192 	EXP 	window1: blendMode = 'avg'
13.7360 	EXP 	window1: blendMode = 'avg'
13.7530 	EXP 	window1: blendMode = 'avg'
13.7693 	EXP 	window1: blendMode = 'avg'
13.7858 	EXP 	window1: blendMode = 'avg'
13.8025 	EXP 	window1: blendMode = 'avg'
13.8192 	EXP 	window1: blendMode = 'avg'
13.8358 	EXP 	window1: blendMode = 'avg'
13.8526 	EXP 	window1: blendMode = 'avg'
13.8693 	EXP 	window1: blendMode = 'avg'
13.8849 	EXP 	window1: blendMode = 'avg'
13.9026 	EXP 	window1: blendMode = 'avg'
13.9193 	EXP 	window1: blendMode = 'avg'
13.9360 	EXP 	window1: blendMode = 'avg'
13.9527 	EXP 	window1: blendMode = 'avg'
13.9692 	EXP 	window1: blendMode = 'avg'
13.9859 	EXP 	window1: blendMode = 'avg'
14.0026 	EXP 	window1: blendMode = 'avg'
14.0192 	EXP 	window1: blendMode = 'avg'
14.0358 	EXP 	window1: blendMode = 'avg'
14.0524 	EXP 	window1: blendMode = 'avg'
14.0693 	EXP 	window1: blendMode = 'avg'
14.0865 	EXP 	window1: blendMode = 'avg'
14.1025 	EXP 	window1: blendMode = 'avg'
14.1189 	EXP 	window1: blendMode = 'avg'
14.1359 	EXP 	window1: blendMode = 'avg'
14.1523 	EXP 	window1: blendMode = 'avg'
14.1697 	EXP 	window1: blendMode = 'avg'
14.1857 	EXP 	window1: blendMode = 'avg'
14.2031 	EXP 	window1: blendMode = 'avg'
14.2191 	EXP 	window1: blendMode = 'avg'
14.2358 	EXP 	window1: blendMode = 'avg'
14.2521 	EXP 	window1: blendMode = 'avg'
14.2691 	EXP 	window1: blendMode = 'avg'
14.2859 	EXP 	window1: blendMode = 'avg'
14.3024 	EXP 	window1: blendMode = 'avg'
14.3192 	EXP 	window1: blendMode = 'avg'
14.3361 	EXP 	window1: blendMode = 'avg'
14.3522 	EXP 	window1: blendMode = 'avg'
14.3691 	EXP 	window1: blendMode = 'avg'
14.3858 	EXP 	window1: blendMode = 'avg'
14.4026 	EXP 	window1: blendMode = 'avg'
14.4192 	EXP 	window1: blendMode = 'avg'
14.4360 	EXP 	window1: blendMode = 'avg'
14.4525 	EXP 	window1: blendMode = 'avg'
14.4693 	EXP 	window1: blendMode = 'avg'
14.4860 	EXP 	window1: blendMode = 'avg'
14.5025 	EXP 	window1: blendMode = 'avg'
14.5192 	EXP 	window1: blendMode = 'avg'
14.5360 	EXP 	window1: blendMode = 'avg'
14.5525 	EXP 	window1: blendMode = 'avg'
14.5693 	EXP 	window1: blendMode = 'avg'
14.5859 	EXP 	window1: blendMode = 'avg'
14.6026 	EXP 	window1: blendMode = 'avg'
14.6193 	EXP 	window1: blendMode = 'avg'
14.6359 	EXP 	window1: blendMode = 'avg'
14.6526 	EXP 	window1: blendMode = 'avg'
14.6691 	EXP 	window1: blendMode = 'avg'
14.6858 	EXP 	window1: blendMode = 'avg'
14.7026 	EXP 	window1: blendMode = 'avg'
14.7191 	EXP 	window1: blendMode = 'avg'
14.7360 	EXP 	window1: blendMode = 'avg'
14.7526 	EXP 	window1: blendMode = 'avg'
14.7693 	EXP 	window1: blendMode = 'avg'
14.7859 	EXP 	window1: blendMode = 'avg'
14.8026 	EXP 	window1: blendMode = 'avg'
14.8191 	EXP 	window1: blendMode = 'avg'
14.8359 	EXP 	window1: blendMode = 'avg'
14.8526 	EXP 	window1: blendMode = 'avg'
14.8693 	EXP 	window1: blendMode = 'avg'
14.8858 	EXP 	window1: blendMode = 'avg'
14.9025 	EXP 	window1: blendMode = 'avg'
14.9193 	EXP 	window1: blendMode = 'avg'
14.9360 	EXP 	window1: blendMode = 'avg'
14.9526 	EXP 	window1: blendMode = 'avg'
14.9694 	EXP 	window1: blendMode = 'avg'
14.9859 	EXP 	window1: blendMode = 'avg'
15.0026 	EXP 	window1: blendMode = 'avg'
15.0193 	EXP 	window1: blendMode = 'avg'
15.0359 	EXP 	window1: blendMode = 'avg'
15.0526 	EXP 	window1: blendMode = 'avg'
15.0691 	EXP 	window1: blendMode = 'avg'
15.0860 	EXP 	window1: blendMode = 'avg'
15.1024 	EXP 	window1: blendMode = 'avg'
15.1192 	EXP 	window1: blendMode = 'avg'
15.1358 	EXP 	window1: blendMode = 'avg'
15.1525 	EXP 	window1: blendMode = 'avg'
15.1693 	EXP 	window1: blendMode = 'avg'
15.1859 	EXP 	window1: blendMode = 'avg'
15.2026 	EXP 	window1: blendMode = 'avg'
15.2193 	EXP 	window1: blendMode = 'avg'
15.2358 	EXP 	window1: blendMode = 'avg'
15.2525 	EXP 	window1: blendMode = 'avg'
15.2694 	EXP 	window1: blendMode = 'avg'
15.2859 	EXP 	window1: blendMode = 'avg'
15.3026 	EXP 	window1: blendMode = 'avg'
15.3191 	EXP 	window1: blendMode = 'avg'
15.3359 	EXP 	window1: blendMode = 'avg'
15.3526 	EXP 	window1: blendMode = 'avg'
15.3693 	EXP 	window1: blendMode = 'avg'
15.3860 	EXP 	window1: blendMode = 'avg'
15.4025 	EXP 	window1: blendMode = 'avg'
15.4192 	EXP 	window1: blendMode = 'avg'
15.4359 	EXP 	window1: blendMode = 'avg'
15.4526 	EXP 	window1: blendMode = 'avg'
15.4692 	EXP 	window1: blendMode = 'avg'
15.4859 	EXP 	window1: blendMode = 'avg'
15.5026 	EXP 	window1: blendMode = 'avg'
15.5202 	EXP 	window1: blendMode = 'avg'
15.5358 	EXP 	window1: blendMode = 'avg'
15.5526 	EXP 	window1: blendMode = 'avg'
15.5691 	EXP 	window1: blendMode = 'avg'
15.5859 	EXP 	window1: blendMode = 'avg'
15.6026 	EXP 	window1: blendMode = 'avg'
15.6193 	EXP 	window1: blendMode = 'avg'
15.6359 	EXP 	window1: blendMode = 'avg'
15.6526 	EXP 	window1: blendMode = 'avg'
15.6692 	EXP 	window1: blendMode = 'avg'
15.6859 	EXP 	window1: blendMode = 'avg'
15.7026 	EXP 	window1: blendMode = 'avg'
15.7193 	EXP 	window1: blendMode = 'avg'
15.7358 	EXP 	window1: blendMode = 'avg'
15.7525 	EXP 	window1: blendMode = 'avg'
15.7691 	EXP 	window1: blendMode = 'avg'
15.7859 	EXP 	window1: blendMode = 'avg'
15.8026 	EXP 	window1: blendMode = 'avg'
15.8192 	EXP 	window1: blendMode = 'avg'
15.8359 	EXP 	window1: blendMode = 'avg'
15.8525 	EXP 	window1: blendMode = 'avg'
15.8692 	EXP 	window1: blendMode = 'avg'
15.8859 	EXP 	window1: blendMode = 'avg'
15.9025 	EXP 	window1: blendMode = 'avg'
15.9193 	EXP 	window1: blendMode = 'avg'
15.9359 	EXP 	window1: blendMode = 'avg'
15.9524 	EXP 	window1: blendMode = 'avg'
15.9689 	EXP 	window1: blendMode = 'avg'
15.9857 	EXP 	window1: blendMode = 'avg'
16.0025 	EXP 	window1: blendMode = 'avg'
16.0192 	EXP 	window1: blendMode = 'avg'
16.0359 	EXP 	window1: blendMode = 'avg'
16.0525 	EXP 	window1: blendMode = 'avg'
16.0692 	EXP 	window1: blendMode = 'avg'
16.0859 	EXP 	window1: blendMode = 'avg'
16.1026 	EXP 	window1: blendMode = 'avg'
16.1193 	EXP 	window1: blendMode = 'avg'
16.1358 	EXP 	window1: blendMode = 'avg'
16.1526 	EXP 	window1: blendMode = 'avg'
16.1692 	EXP 	window1: blendMode = 'avg'
16.1859 	EXP 	window1: blendMode = 'avg'
16.2020 	EXP 	window1: blendMode = 'avg'
16.2191 	EXP 	window1: blendMode = 'avg'
16.2359 	EXP 	window1: blendMode = 'avg'
16.2526 	EXP 	window1: blendMode = 'avg'
16.2691 	EXP 	window1: blendMode = 'avg'
16.2858 	EXP 	window1: blendMode = 'avg'
16.3026 	EXP 	window1: blendMode = 'avg'
16.3193 	EXP 	window1: blendMode = 'avg'
16.3359 	EXP 	window1: blendMode = 'avg'
16.3524 	EXP 	window1: blendMode = 'avg'
16.3692 	EXP 	window1: blendMode = 'avg'
16.3859 	EXP 	window1: blendMode = 'avg'
16.4026 	EXP 	window1: blendMode = 'avg'
16.4194 	EXP 	window1: blendMode = 'avg'
16.4359 	EXP 	window1: blendMode = 'avg'
16.4526 	EXP 	window1: blendMode = 'avg'
16.4692 	EXP 	window1: blendMode = 'avg'
16.4860 	EXP 	window1: blendMode = 'avg'
16.5024 	EXP 	window1: blendMode = 'avg'
16.5193 	EXP 	window1: blendMode = 'avg'
16.5358 	EXP 	window1: blendMode = 'avg'
16.5526 	EXP 	window1: blendMode = 'avg'
16.5693 	EXP 	window1: blendMode = 'avg'
16.5860 	EXP 	window1: blendMode = 'avg'
16.6025 	EXP 	window1: blendMode = 'avg'
16.6192 	EXP 	window1: blendMode = 'avg'
16.6359 	EXP 	window1: blendMode = 'avg'
16.6526 	EXP 	window1: blendMode = 'avg'
16.6693 	EXP 	window1: blendMode = 'avg'
16.6859 	EXP 	window1: blendMode = 'avg'
16.7026 	EXP 	window1: blendMode = 'avg'
16.7193 	EXP 	window1: blendMode = 'avg'
16.7358 	EXP 	window1: blendMode = 'avg'
16.7526 	EXP 	window1: blendMode = 'avg'
16.7693 	EXP 	window1: blendMode = 'avg'
16.7860 	EXP 	window1: blendMode = 'avg'
16.8025 	EXP 	window1: blendMode = 'avg'
16.8193 	EXP 	window1: blendMode = 'avg'
16.8358 	EXP 	window1: blendMode = 'avg'
16.8526 	EXP 	window1: blendMode = 'avg'
16.8691 	EXP 	window1: blendMode = 'avg'
16.8859 	EXP 	window1: blendMode = 'avg'
16.9026 	EXP 	window1: blendMode = 'avg'
16.9193 	EXP 	window1: blendMode = 'avg'
16.9357 	EXP 	window1: blendMode = 'avg'
16.9523 	EXP 	window1: blendMode = 'avg'
16.9694 	EXP 	window1: blendMode = 'avg'
16.9858 	EXP 	window1: blendMode = 'avg'
17.0026 	EXP 	window1: blendMode = 'avg'
17.0191 	EXP 	window1: blendMode = 'avg'
17.0358 	EXP 	window1: blendMode = 'avg'
17.0525 	EXP 	window1: blendMode = 'avg'
17.0692 	EXP 	window1: blendMode = 'avg'
17.0859 	EXP 	window1: blendMode = 'avg'
17.1026 	EXP 	window1: blendMode = 'avg'
17.1193 	EXP 	window1: blendMode = 'avg'
17.1358 	EXP 	window1: blendMode = 'avg'
17.1526 	EXP 	window1: blendMode = 'avg'
17.1692 	EXP 	window1: blendMode = 'avg'
17.1859 	EXP 	window1: blendMode = 'avg'
17.2024 	EXP 	window1: blendMode = 'avg'
17.2192 	EXP 	window1: blendMode = 'avg'
17.2359 	EXP 	window1: blendMode = 'avg'
17.2526 	EXP 	window1: blendMode = 'avg'
17.2691 	EXP 	window1: blendMode = 'avg'
17.2859 	EXP 	window1: blendMode = 'avg'
17.3026 	EXP 	window1: blendMode = 'avg'
17.3191 	EXP 	window1: blendMode = 'avg'
17.3358 	EXP 	window1: blendMode = 'avg'
17.3526 	EXP 	window1: blendMode = 'avg'
17.3691 	EXP 	window1: blendMode = 'avg'
17.3859 	EXP 	window1: blendMode = 'avg'
17.4026 	EXP 	window1: blendMode = 'avg'
17.4193 	EXP 	window1: blendMode = 'avg'
17.4359 	EXP 	window1: blendMode = 'avg'
17.4526 	EXP 	window1: blendMode = 'avg'
17.4691 	EXP 	window1: blendMode = 'avg'
17.4858 	EXP 	window1: blendMode = 'avg'
17.5025 	EXP 	window1: blendMode = 'avg'
17.5193 	EXP 	window1: blendMode = 'avg'
17.5358 	EXP 	window1: blendMode = 'avg'
17.5525 	EXP 	window1: blendMode = 'avg'
17.5692 	EXP 	window1: blendMode = 'avg'
17.5860 	EXP 	window1: blendMode = 'avg'
17.6025 	EXP 	window1: blendMode = 'avg'
17.6192 	EXP 	window1: blendMode = 'avg'
17.6358 	EXP 	window1: blendMode = 'avg'
17.6524 	EXP 	window1: blendMode = 'avg'
17.6691 	EXP 	window1: blendMode = 'avg'
17.6857 	EXP 	window1: blendMode = 'avg'
17.7026 	EXP 	window1: blendMode = 'avg'
17.7193 	EXP 	window1: blendMode = 'avg'
17.7358 	EXP 	window1: blendMode = 'avg'
17.7526 	EXP 	window1: blendMode = 'avg'
17.7693 	EXP 	window1: blendMode = 'avg'
17.7859 	EXP 	window1: blendMode = 'avg'
17.8024 	EXP 	window1: blendMode = 'avg'
17.8192 	EXP 	window1: blendMode = 'avg'
17.8359 	EXP 	window1: blendMode = 'avg'
17.8524 	EXP 	window1: blendMode = 'avg'
17.8691 	EXP 	window1: blendMode = 'avg'
17.8859 	EXP 	window1: blendMode = 'avg'
17.9026 	EXP 	window1: blendMode = 'avg'
17.9193 	EXP 	window1: blendMode = 'avg'
17.9357 	EXP 	window1: blendMode = 'avg'
17.9526 	EXP 	window1: blendMode = 'avg'
17.9692 	EXP 	window1: blendMode = 'avg'
17.9860 	EXP 	window1: blendMode = 'avg'
18.0025 	EXP 	window1: blendMode = 'avg'
18.0192 	EXP 	window1: blendMode = 'avg'
18.0359 	EXP 	window1: blendMode = 'avg'
18.0524 	EXP 	window1: blendMode = 'avg'
18.0691 	EXP 	window1: blendMode = 'avg'
18.0859 	EXP 	window1: blendMode = 'avg'
18.1026 	EXP 	window1: blendMode = 'avg'
18.1192 	EXP 	window1: blendMode = 'avg'
18.1359 	EXP 	window1: blendMode = 'avg'
18.1526 	EXP 	window1: blendMode = 'avg'
18.1691 	EXP 	window1: blendMode = 'avg'
18.1858 	EXP 	window1: blendMode = 'avg'
18.2025 	EXP 	window1: blendMode = 'avg'
18.2192 	EXP 	window1: blendMode = 'avg'
18.2359 	EXP 	window1: blendMode = 'avg'
18.2525 	EXP 	window1: blendMode = 'avg'
18.2692 	EXP 	window1: blendMode = 'avg'
18.2859 	EXP 	window1: blendMode = 'avg'
18.3026 	EXP 	window1: blendMode = 'avg'
18.3191 	EXP 	window1: blendMode = 'avg'
18.3359 	EXP 	window1: blendMode = 'avg'
18.3526 	EXP 	window1: blendMode = 'avg'
18.3691 	EXP 	window1: blendMode = 'avg'
18.3858 	EXP 	window1: blendMode = 'avg'
18.4026 	EXP 	window1: blendMode = 'avg'
18.4191 	EXP 	window1: blendMode = 'avg'
18.4359 	EXP 	window1: blendMode = 'avg'
18.4525 	EXP 	window1: blendMode = 'avg'
18.4693 	EXP 	window1: blendMode = 'avg'
18.4859 	EXP 	window1: blendMode = 'avg'
18.5025 	EXP 	window1: blendMode = 'avg'
18.5193 	EXP 	window1: blendMode = 'avg'
18.5357 	EXP 	window1: blendMode = 'avg'
18.5525 	EXP 	window1: blendMode = 'avg'
18.5692 	EXP 	window1: blendMode = 'avg'
18.5859 	EXP 	window1: blendMode = 'avg'
18.6025 	EXP 	window1: blendMode = 'avg'
18.6193 	EXP 	window1: blendMode = 'avg'
18.6358 	EXP 	window1: blendMode = 'avg'
18.6525 	EXP 	window1: blendMode = 'avg'
18.6692 	EXP 	window1: blendMode = 'avg'
18.6857 	EXP 	window1: blendMode = 'avg'
18.7026 	EXP 	window1: blendMode = 'avg'
18.7193 	EXP 	window1: blendMode = 'avg'
18.7346 	EXP 	window1: blendMode = 'avg'
18.7526 	EXP 	window1: blendMode = 'avg'
18.7691 	EXP 	window1: blendMode = 'avg'
18.7858 	EXP 	window1: blendMode = 'avg'
18.8026 	EXP 	window1: blendMode = 'avg'
18.8191 	EXP 	window1: blendMode = 'avg'
18.8358 	EXP 	window1: blendMode = 'avg'
18.8524 	EXP 	window1: blendMode = 'avg'
18.8691 	EXP 	window1: blendMode = 'avg'
18.8859 	EXP 	window1: blendMode = 'avg'
18.9026 	EXP 	window1: blendMode = 'avg'
18.9192 	EXP 	window1: blendMode = 'avg'
18.9358 	EXP 	window1: blendMode = 'avg'
18.9526 	EXP 	window1: blendMode = 'avg'
18.9692 	EXP 	window1: blendMode = 'avg'
18.9860 	EXP 	window1: blendMode = 'avg'
19.0024 	EXP 	window1: blendMode = 'avg'
19.0192 	EXP 	window1: blendMode = 'avg'
19.0358 	EXP 	window1: blendMode = 'avg'
19.0525 	EXP 	window1: blendMode = 'avg'
19.0690 	EXP 	window1: blendMode = 'avg'
19.0858 	EXP 	window1: blendMode = 'avg'
19.1026 	EXP 	window1: blendMode = 'avg'
19.1190 	EXP 	window1: blendMode = 'avg'
19.1358 	EXP 	window1: blendMode = 'avg'
19.1526 	EXP 	window1: blendMode = 'avg'
19.1692 	EXP 	window1: blendMode = 'avg'
19.1859 	EXP 	window1: blendMode = 'avg'
19.2026 	EXP 	window1: blendMode = 'avg'
19.2192 	EXP 	window1: blendMode = 'avg'
19.2348 	EXP 	window1: blendMode = 'avg'
19.2526 	EXP 	window1: blendMode = 'avg'
19.2692 	EXP 	window1: blendMode = 'avg'
19.2859 	EXP 	window1: blendMode = 'avg'
19.3025 	EXP 	window1: blendMode = 'avg'
19.3193 	EXP 	window1: blendMode = 'avg'
19.3357 	EXP 	window1: blendMode = 'avg'
19.3526 	EXP 	window1: blendMode = 'avg'
19.3686 	EXP 	window1: blendMode = 'avg'
19.3857 	EXP 	window1: blendMode = 'avg'
19.4025 	EXP 	window1: blendMode = 'avg'
19.4192 	EXP 	window1: blendMode = 'avg'
19.4358 	EXP 	window1: blendMode = 'avg'
19.4526 	EXP 	window1: blendMode = 'avg'
19.4692 	EXP 	window1: blendMode = 'avg'
19.4856 	EXP 	window1: blendMode = 'avg'
19.5025 	EXP 	window1: blendMode = 'avg'
19.5191 	EXP 	window1: blendMode = 'avg'
19.5359 	EXP 	window1: blendMode = 'avg'
19.5527 	EXP 	window1: blendMode = 'avg'
19.5692 	EXP 	window1: blendMode = 'avg'
19.5859 	EXP 	window1: blendMode = 'avg'
19.6025 	EXP 	window1: blendMode = 'avg'
19.6192 	EXP 	window1: blendMode = 'avg'
19.6357 	EXP 	window1: blendMode = 'avg'
19.6524 	EXP 	window1: blendMode = 'avg'
19.6687 	EXP 	window1: blendMode = 'avg'
19.6857 	EXP 	window1: blendMode = 'avg'
19.7025 	EXP 	window1: blendMode = 'avg'
19.7192 	EXP 	window1: blendMode = 'avg'
19.7359 	EXP 	window1: blendMode = 'avg'
19.7525 	EXP 	window1: blendMode = 'avg'
19.7692 	EXP 	window1: blendMode = 'avg'
19.7859 	EXP 	window1: blendMode = 'avg'
19.8024 	EXP 	window1: blendMode = 'avg'
19.8193 	EXP 	window1: blendMode = 'avg'
19.8358 	EXP 	window1: blendMode = 'avg'
19.8524 	EXP 	window1: blendMode = 'avg'
19.8692 	EXP 	window1: blendMode = 'avg'
19.8862 	EXP 	window1: blendMode = 'avg'
19.9023 	EXP 	window1: blendMode = 'avg'
19.9190 	EXP 	window1: blendMode = 'avg'
19.9358 	EXP 	window1: blendMode = 'avg'
19.9526 	EXP 	window1: blendMode = 'avg'
19.9691 	EXP 	window1: blendMode = 'avg'
19.9859 	EXP 	window1: blendMode = 'avg'
20.0019 	EXP 	window1: blendMode = 'avg'
20.0190 	EXP 	window1: blendMode = 'avg'
20.0359 	EXP 	window1: blendMode = 'avg'
20.0526 	EXP 	window1: blendMode = 'avg'
20.0691 	EXP 	window1: blendMode = 'avg'
20.0859 	EXP 	window1: blendMode = 'avg'
20.1025 	EXP 	window1: blendMode = 'avg'
20.1192 	EXP 	window1: blendMode = 'avg'
20.1359 	EXP 	window1: blendMode = 'avg'
20.1526 	EXP 	window1: blendMode = 'avg'
20.1691 	EXP 	window1: blendMode = 'avg'
20.1858 	EXP 	window1: blendMode = 'avg'
20.2025 	EXP 	window1: blendMode = 'avg'
20.2191 	EXP 	window1: blendMode = 'avg'
20.2359 	EXP 	window1: blendMode = 'avg'
20.2526 	EXP 	window1: blendMode = 'avg'
20.2684 	EXP 	window1: blendMode = 'avg'
20.2861 	EXP 	window1: blendMode = 'avg'
20.3025 	EXP 	window1: blendMode = 'avg'
20.3193 	EXP 	window1: blendMode = 'avg'
20.3358 	EXP 	window1: blendMode = 'avg'
20.3526 	EXP 	window1: blendMode = 'avg'
20.3692 	EXP 	window1: blendMode = 'avg'
20.3859 	EXP 	window1: blendMode = 'avg'
20.4025 	EXP 	window1: blendMode = 'avg'
20.4192 	EXP 	window1: blendMode = 'avg'
20.4357 	EXP 	window1: blendMode = 'avg'
20.4524 	EXP 	window1: blendMode = 'avg'
20.4691 	EXP 	window1: blendMode = 'avg'
20.4858 	EXP 	window1: blendMode = 'avg'
20.5029 	EXP 	window1: blendMode = 'avg'
20.5188 	EXP 	window1: blendMode = 'avg'
20.5356 	EXP 	window1: blendMode = 'avg'
20.5523 	EXP 	window1: blendMode = 'avg'
20.5690 	EXP 	window1: blendMode = 'avg'
20.5858 	EXP 	window1: blendMode = 'avg'
20.6025 	EXP 	window1: blendMode = 'avg'
20.6192 	EXP 	window1: blendMode = 'avg'
20.6359 	EXP 	window1: blendMode = 'avg'
20.6525 	EXP 	window1: blendMode = 'avg'
20.6692 	EXP 	window1: blendMode = 'avg'
20.6859 	EXP 	window1: blendMode = 'avg'
20.7024 	EXP 	window1: blendMode = 'avg'
20.7191 	EXP 	window1: blendMode = 'avg'
20.7359 	EXP 	window1: blendMode = 'avg'
20.7524 	EXP 	window1: blendMode = 'avg'
20.7691 	EXP 	window1: blendMode = 'avg'
20.7858 	EXP 	window1: blendMode = 'avg'
20.8025 	EXP 	window1: blendMode = 'avg'
20.8191 	EXP 	window1: blendMode = 'avg'
20.8358 	EXP 	window1: blendMode = 'avg'
20.8523 	EXP 	window1: blendMode = 'avg'
20.8691 	EXP 	window1: blendMode = 'avg'
20.8859 	EXP 	window1: blendMode = 'avg'
20.9024 	EXP 	window1: blendMode = 'avg'
20.9191 	EXP 	window1: blendMode = 'avg'
20.9358 	EXP 	window1: blendMode = 'avg'
20.9525 	EXP 	window1: blendMode = 'avg'
20.9692 	EXP 	window1: blendMode = 'avg'
20.9858 	EXP 	window1: blendMode = 'avg'
21.0025 	EXP 	window1: blendMode = 'avg'
21.0192 	EXP 	window1: blendMode = 'avg'
21.0354 	EXP 	window1: blendMode = 'avg'
21.0523 	EXP 	window1: blendMode = 'avg'
21.0692 	EXP 	window1: blendMode = 'avg'
21.0859 	EXP 	window1: blendMode = 'avg'
21.1025 	EXP 	window1: blendMode = 'avg'
21.1190 	EXP 	window1: blendMode = 'avg'
21.1359 	EXP 	window1: blendMode = 'avg'
21.1525 	EXP 	window1: blendMode = 'avg'
21.1692 	EXP 	window1: blendMode = 'avg'
21.1857 	EXP 	window1: blendMode = 'avg'
21.2025 	EXP 	window1: blendMode = 'avg'
21.2192 	EXP 	window1: blendMode = 'avg'
21.2358 	EXP 	window1: blendMode = 'avg'
21.2526 	EXP 	window1: blendMode = 'avg'
21.2690 	EXP 	window1: blendMode = 'avg'
21.2858 	EXP 	window1: blendMode = 'avg'
21.3025 	EXP 	window1: blendMode = 'avg'
21.3189 	EXP 	window1: blendMode = 'avg'
21.3357 	EXP 	window1: blendMode = 'avg'
21.3518 	EXP 	window1: blendMode = 'avg'
21.3696 	EXP 	window1: blendMode = 'avg'
21.3857 	EXP 	window1: blendMode = 'avg'
21.4025 	EXP 	window1: blendMode = 'avg'
21.4189 	EXP 	window1: blendMode = 'avg'
21.4349 	EXP 	window1: blendMode = 'avg'
21.4525 	EXP 	window1: blendMode = 'avg'
21.4690 	EXP 	window1: blendMode = 'avg'
21.4855 	EXP 	window1: blendMode = 'avg'
21.5024 	EXP 	window1: blendMode = 'avg'
21.5192 	EXP 	window1: blendMode = 'avg'
21.5358 	EXP 	window1: blendMode = 'avg'
21.5525 	EXP 	window1: blendMode = 'avg'
21.5692 	EXP 	window1: blendMode = 'avg'
21.5859 	EXP 	window1: blendMode = 'avg'
21.6024 	EXP 	window1: blendMode = 'avg'
21.6191 	EXP 	window1: blendMode = 'avg'
21.6358 	EXP 	window1: blendMode = 'avg'
21.6525 	EXP 	window1: blendMode = 'avg'
21.6692 	EXP 	window1: blendMode = 'avg'
21.6859 	EXP 	window1: blendMode = 'avg'
21.7025 	EXP 	window1: blendMode = 'avg'
21.7192 	EXP 	window1: blendMode = 'avg'
21.7357 	EXP 	window1: blendMode = 'avg'
21.7525 	EXP 	window1: blendMode = 'avg'
21.7692 	EXP 	window1: blendMode = 'avg'
21.7857 	EXP 	window1: blendMode = 'avg'
21.8024 	EXP 	window1: blendMode = 'avg'
21.8192 	EXP 	window1: blendMode = 'avg'
21.8358 	EXP 	window1: blendMode = 'avg'
21.8526 	EXP 	window1: blendMode = 'avg'
21.8691 	EXP 	window1: blendMode = 'avg'
21.8859 	EXP 	window1: blendMode = 'avg'
21.9024 	EXP 	window1: blendMode = 'avg'
21.9192 	EXP 	window1: blendMode = 'avg'
21.9386 	EXP 	window1: blendMode = 'avg'
21.9522 	EXP 	window1: blendMode = 'avg'
21.9690 	EXP 	window1: blendMode = 'avg'
21.9857 	EXP 	window1: blendMode = 'avg'
22.0024 	EXP 	window1: blendMode = 'avg'
22.0191 	EXP 	window1: blendMode = 'avg'
22.0358 	EXP 	window1: blendMode = 'avg'
22.0524 	EXP 	window1: blendMode = 'avg'
22.0692 	EXP 	window1: blendMode = 'avg'
22.0859 	EXP 	window1: blendMode = 'avg'
22.1024 	EXP 	window1: blendMode = 'avg'
22.1192 	EXP 	window1: blendMode = 'avg'
22.1359 	EXP 	window1: blendMode = 'avg'
22.1525 	EXP 	window1: blendMode = 'avg'
22.1690 	EXP 	window1: blendMode = 'avg'
22.1859 	EXP 	window1: blendMode = 'avg'
22.2025 	EXP 	window1: blendMode = 'avg'
22.2192 	EXP 	window1: blendMode = 'avg'
22.2357 	EXP 	window1: blendMode = 'avg'
22.2523 	EXP 	window1: blendMode = 'avg'
22.2691 	EXP 	window1: blendMode = 'avg'
22.2858 	EXP 	window1: blendMode = 'avg'
22.3025 	EXP 	window1: blendMode = 'avg'
22.3192 	EXP 	window1: blendMode = 'avg'
22.3357 	EXP 	window1: blendMode = 'avg'
22.3524 	EXP 	window1: blendMode = 'avg'
22.3692 	EXP 	window1: blendMode = 'avg'
22.3855 	EXP 	window1: blendMode = 'avg'
22.4024 	EXP 	window1: blendMode = 'avg'
22.4192 	EXP 	window1: blendMode = 'avg'
22.4357 	EXP 	window1: blendMode = 'avg'
22.4525 	EXP 	window1: blendMode = 'avg'
22.4692 	EXP 	window1: blendMode = 'avg'
22.4859 	EXP 	window1: blendMode = 'avg'
22.5015 	EXP 	window1: blendMode = 'avg'
22.5192 	EXP 	window1: blendMode = 'avg'
22.5357 	EXP 	window1: blendMode = 'avg'
22.5525 	EXP 	window1: blendMode = 'avg'
22.5692 	EXP 	window1: blendMode = 'avg'
22.5861 	EXP 	window1: blendMode = 'avg'
22.6028 	EXP 	window1: blendMode = 'avg'
22.6190 	EXP 	window1: blendMode = 'avg'
22.6357 	EXP 	window1: blendMode = 'avg'
22.6524 	EXP 	window1: blendMode = 'avg'
22.6692 	EXP 	window1: blendMode = 'avg'
22.6857 	EXP 	window1: blendMode = 'avg'
22.7025 	EXP 	window1: blendMode = 'avg'
22.7190 	EXP 	window1: blendMode = 'avg'
22.7358 	EXP 	window1: blendMode = 'avg'
22.7524 	EXP 	window1: blendMode = 'avg'
22.7693 	EXP 	window1: blendMode = 'avg'
22.7858 	EXP 	window1: blendMode = 'avg'
22.8025 	EXP 	window1: blendMode = 'avg'
22.8192 	EXP 	window1: blendMode = 'avg'
22.8358 	EXP 	window1: blendMode = 'avg'
22.8525 	EXP 	window1: blendMode = 'avg'
22.8691 	EXP 	window1: blendMode = 'avg'
22.8858 	EXP 	window1: blendMode = 'avg'
22.9025 	EXP 	window1: blendMode = 'avg'
22.9190 	EXP 	window1: blendMode = 'avg'
22.9357 	EXP 	window1: blendMode = 'avg'
22.9524 	EXP 	window1: blendMode = 'avg'
22.9691 	EXP 	window1: blendMode = 'avg'
22.9858 	EXP 	window1: blendMode = 'avg'
23.0025 	EXP 	window1: blendMode = 'avg'
23.0192 	EXP 	window1: blendMode = 'avg'
23.0357 	EXP 	window1: blendMode = 'avg'
23.0523 	EXP 	window1: blendMode = 'avg'
23.0691 	EXP 	window1: blendMode = 'avg'
23.0859 	EXP 	window1: blendMode = 'avg'
23.1024 	EXP 	window1: blendMode = 'avg'
23.1191 	EXP 	window1: blendMode = 'avg'
23.1357 	EXP 	window1: blendMode = 'avg'
23.1525 	EXP 	window1: blendMode = 'avg'
23.1690 	EXP 	window1: blendMode = 'avg'
23.1856 	EXP 	window1: blendMode = 'avg'
23.2025 	EXP 	window1: blendMode = 'avg'
23.2192 	EXP 	window1: blendMode = 'avg'
23.2358 	EXP 	window1: blendMode = 'avg'
23.2525 	EXP 	window1: blendMode = 'avg'
23.2691 	EXP 	window1: blendMode = 'avg'
23.2859 	EXP 	window1: blendMode = 'avg'
23.3025 	EXP 	window1: blendMode = 'avg'
23.3190 	EXP 	window1: blendMode = 'avg'
23.3359 	EXP 	window1: blendMode = 'avg'
23.3523 	EXP 	window1: blendMode = 'avg'
23.3691 	EXP 	window1: blendMode = 'avg'
23.3858 	EXP 	window1: blendMode = 'avg'
23.4025 	EXP 	window1: blendMode = 'avg'
23.4190 	EXP 	window1: blendMode = 'avg'
23.4357 	EXP 	window1: blendMode = 'avg'
23.4524 	EXP 	window1: blendMode = 'avg'
23.4691 	EXP 	window1: blendMode = 'avg'
23.4858 	EXP 	window1: blendMode = 'avg'
23.5023 	EXP 	window1: blendMode = 'avg'
23.5192 	EXP 	window1: blendMode = 'avg'
23.5358 	EXP 	window1: blendMode = 'avg'
23.5525 	EXP 	window1: blendMode = 'avg'
23.5691 	EXP 	window1: blendMode = 'avg'
23.5859 	EXP 	window1: blendMode = 'avg'
23.6025 	EXP 	window1: blendMode = 'avg'
23.6193 	EXP 	window1: blendMode = 'avg'
23.6357 	EXP 	window1: blendMode = 'avg'
23.6526 	EXP 	window1: blendMode = 'avg'
23.6691 	EXP 	window1: blendMode = 'avg'
23.6859 	EXP 	window1: blendMode = 'avg'
23.7024 	EXP 	window1: blendMode = 'avg'
23.7193 	EXP 	window1: blendMode = 'avg'
23.7382 	DATA 	Keypress: l
23.7391 	EXP 	window1: blendMode = 'avg'
23.7522 	EXP 	window1: blendMode = 'avg'
23.7692 	EXP 	window1: blendMode = 'avg'
23.7859 	EXP 	window1: blendMode = 'avg'
23.8024 	EXP 	window1: blendMode = 'avg'
23.8192 	EXP 	window1: blendMode = 'avg'
23.8357 	EXP 	window1: blendMode = 'avg'
23.8524 	EXP 	window1: blendMode = 'avg'
23.8692 	EXP 	window1: blendMode = 'avg'
23.8860 	EXP 	window1: blendMode = 'avg'
23.9022 	EXP 	window1: blendMode = 'avg'
23.9190 	EXP 	window1: blendMode = 'avg'
23.9357 	EXP 	window1: blendMode = 'avg'
23.9525 	EXP 	window1: blendMode = 'avg'
23.9682 	EXP 	window1: blendMode = 'avg'
23.9859 	EXP 	window1: blendMode = 'avg'
24.0024 	EXP 	window1: blendMode = 'avg'
24.0192 	EXP 	window1: blendMode = 'avg'
24.0358 	EXP 	window1: blendMode = 'avg'
24.0526 	EXP 	window1: blendMode = 'avg'
24.0691 	EXP 	window1: blendMode = 'avg'
24.0859 	EXP 	window1: blendMode = 'avg'
24.1025 	EXP 	window1: blendMode = 'avg'
24.1191 	EXP 	window1: blendMode = 'avg'
24.1358 	EXP 	window1: blendMode = 'avg'
24.1524 	EXP 	window1: blendMode = 'avg'
24.1692 	EXP 	window1: blendMode = 'avg'
24.1857 	EXP 	window1: blendMode = 'avg'
24.2025 	EXP 	window1: blendMode = 'avg'
24.2190 	EXP 	window1: blendMode = 'avg'
24.2358 	EXP 	window1: blendMode = 'avg'
24.2524 	EXP 	window1: blendMode = 'avg'
24.2692 	EXP 	window1: blendMode = 'avg'
24.2857 	EXP 	window1: blendMode = 'avg'
24.3025 	EXP 	window1: blendMode = 'avg'
24.3190 	EXP 	window1: blendMode = 'avg'
24.3360 	EXP 	window1: blendMode = 'avg'
24.3523 	EXP 	window1: blendMode = 'avg'
24.3691 	EXP 	window1: blendMode = 'avg'
24.3858 	EXP 	window1: blendMode = 'avg'
24.4023 	EXP 	window1: blendMode = 'avg'
24.4191 	EXP 	window1: blendMode = 'avg'
24.4358 	EXP 	window1: blendMode = 'avg'
24.4525 	EXP 	window1: blendMode = 'avg'
24.4691 	EXP 	window1: blendMode = 'avg'
24.4858 	EXP 	window1: blendMode = 'avg'
24.5025 	EXP 	window1: blendMode = 'avg'
24.5204 	DATA 	Keypress: s
24.5214 	EXP 	window1: blendMode = 'avg'
24.5359 	EXP 	window1: blendMode = 'avg'
24.5523 	EXP 	window1: blendMode = 'avg'
24.5691 	EXP 	window1: blendMode = 'avg'
24.5853 	EXP 	window1: blendMode = 'avg'
24.6022 	EXP 	window1: blendMode = 'avg'
24.6190 	EXP 	window1: blendMode = 'avg'
24.6357 	EXP 	window1: blendMode = 'avg'
24.6525 	EXP 	window1: blendMode = 'avg'
24.6691 	EXP 	window1: blendMode = 'avg'
24.6858 	EXP 	window1: blendMode = 'avg'
24.7023 	EXP 	window1: blendMode = 'avg'
24.7192 	EXP 	window1: blendMode = 'avg'
24.7357 	EXP 	window1: blendMode = 'avg'
24.7524 	EXP 	window1: blendMode = 'avg'
24.7691 	EXP 	window1: blendMode = 'avg'
24.7858 	EXP 	window1: blendMode = 'avg'
24.8024 	EXP 	window1: blendMode = 'avg'
24.8192 	EXP 	window1: blendMode = 'avg'
24.8358 	EXP 	window1: blendMode = 'avg'
24.8525 	EXP 	window1: blendMode = 'avg'
24.8690 	EXP 	window1: blendMode = 'avg'
24.8858 	EXP 	window1: blendMode = 'avg'
24.9025 	EXP 	window1: blendMode = 'avg'
24.9192 	EXP 	window1: blendMode = 'avg'
24.9357 	EXP 	window1: blendMode = 'avg'
24.9524 	EXP 	window1: blendMode = 'avg'
24.9692 	EXP 	window1: blendMode = 'avg'
24.9857 	EXP 	window1: blendMode = 'avg'
25.0024 	EXP 	window1: blendMode = 'avg'
25.0190 	EXP 	window1: blendMode = 'avg'
25.0357 	EXP 	window1: blendMode = 'avg'
25.0534 	DATA 	Keypress: s
25.0543 	EXP 	window1: blendMode = 'avg'
25.0689 	EXP 	window1: blendMode = 'avg'
25.0859 	EXP 	window1: blendMode = 'avg'
25.1024 	EXP 	window1: blendMode = 'avg'
25.1191 	EXP 	window1: blendMode = 'avg'
25.1358 	EXP 	window1: blendMode = 'avg'
25.1523 	EXP 	window1: blendMode = 'avg'
25.1691 	EXP 	window1: blendMode = 'avg'
25.1858 	EXP 	window1: blendMode = 'avg'
25.2025 	EXP 	window1: blendMode = 'avg'
25.2202 	DATA 	Keypress: l
25.2211 	EXP 	window1: blendMode = 'avg'
25.2358 	EXP 	window1: blendMode = 'avg'
25.2525 	EXP 	window1: blendMode = 'avg'
25.2682 	EXP 	window1: blendMode = 'avg'
25.2861 	EXP 	window1: blendMode = 'avg'
25.3022 	EXP 	window1: blendMode = 'avg'
25.3189 	EXP 	window1: blendMode = 'avg'
25.3358 	EXP 	window1: blendMode = 'avg'
25.3523 	EXP 	window1: blendMode = 'avg'
25.3691 	EXP 	window1: blendMode = 'avg'
25.3856 	EXP 	window1: blendMode = 'avg'
25.4024 	EXP 	window1: blendMode = 'avg'
25.4195 	EXP 	window1: blendMode = 'avg'
25.4356 	EXP 	window1: blendMode = 'avg'
25.4524 	EXP 	window1: blendMode = 'avg'
25.4691 	EXP 	window1: blendMode = 'avg'
25.4860 	EXP 	window1: blendMode = 'avg'
25.5024 	EXP 	window1: blendMode = 'avg'
25.5197 	DATA 	Keypress: space
25.5318 	EXP 	Imported Book.xlsx as conditions, 44 conditions, 7 params
25.5324 	EXP 	Created sequence: random, trialTypes=44, nReps=1, seed=None
25.5327 	EXP 	New trial (rep=0, index=0): {'YLeftPos': 0, 'time_presentation': 0.5, 'XLeftPos': -300, 'XRightPos': 300, 'rightimg': u'frogs/ab43.jpg', 'YRightPos': 0, 'leftimg': u'frogs/ab3.jpg'}
25.6341 	EXP 	text_2: autoDraw = False
25.6341 	EXP 	Leftimg: pos = array([-300.,    0.])
25.6341 	EXP 	Leftimg: image = u'frogs/ab3.jpg'
25.6341 	EXP 	Rightimg: pos = array([ 300.,    0.])
25.6341 	EXP 	Rightimg: image = u'frogs/ab43.jpg'
25.6341 	EXP 	Leftimg: autoDraw = True
25.6341 	EXP 	Rightimg: autoDraw = True
26.0513 	EXP 	Leftimg: autoDraw = False
26.0513 	EXP 	Rightimg: autoDraw = False
27.5368 	DATA 	Keypress: l
28.0358 	EXP 	window1: blendMode = 'avg'
28.0513 	EXP 	text: autoDraw = True
28.0522 	EXP 	window1: blendMode = 'avg'
28.0691 	EXP 	window1: blendMode = 'avg'
28.0856 	EXP 	window1: blendMode = 'avg'
28.1023 	EXP 	window1: blendMode = 'avg'
28.1191 	EXP 	window1: blendMode = 'avg'
28.1357 	EXP 	window1: blendMode = 'avg'
28.1524 	EXP 	window1: blendMode = 'avg'
28.1691 	EXP 	window1: blendMode = 'avg'
28.1856 	EXP 	window1: blendMode = 'avg'
28.2023 	EXP 	window1: blendMode = 'avg'
28.2191 	EXP 	window1: blendMode = 'avg'
28.2356 	EXP 	window1: blendMode = 'avg'
28.2525 	EXP 	window1: blendMode = 'avg'
28.2691 	EXP 	window1: blendMode = 'avg'
28.2858 	EXP 	window1: blendMode = 'avg'
28.3025 	EXP 	window1: blendMode = 'avg'
28.3191 	EXP 	window1: blendMode = 'avg'
28.3356 	EXP 	window1: blendMode = 'avg'
28.3523 	EXP 	window1: blendMode = 'avg'
28.3689 	EXP 	window1: blendMode = 'avg'
28.3856 	EXP 	window1: blendMode = 'avg'
28.4023 	EXP 	window1: blendMode = 'avg'
28.4192 	EXP 	window1: blendMode = 'avg'
28.4357 	EXP 	window1: blendMode = 'avg'
28.4525 	EXP 	window1: blendMode = 'avg'
28.4691 	EXP 	window1: blendMode = 'avg'
28.4858 	EXP 	window1: blendMode = 'avg'
28.5023 	EXP 	window1: blendMode = 'avg'
28.5190 	EXP 	window1: blendMode = 'avg'
28.5354 	EXP 	window1: blendMode = 'avg'
28.5522 	EXP 	window1: blendMode = 'avg'
28.5689 	EXP 	window1: blendMode = 'avg'
28.5857 	EXP 	window1: blendMode = 'avg'
28.6024 	EXP 	window1: blendMode = 'avg'
28.6191 	EXP 	window1: blendMode = 'avg'
28.6356 	EXP 	window1: blendMode = 'avg'
28.6523 	EXP 	window1: blendMode = 'avg'
28.6691 	EXP 	window1: blendMode = 'avg'
28.6856 	EXP 	window1: blendMode = 'avg'
28.7023 	EXP 	window1: blendMode = 'avg'
28.7190 	EXP 	window1: blendMode = 'avg'
28.7357 	EXP 	window1: blendMode = 'avg'
28.7525 	EXP 	window1: blendMode = 'avg'
28.7691 	EXP 	window1: blendMode = 'avg'
28.7857 	EXP 	window1: blendMode = 'avg'
28.8024 	EXP 	window1: blendMode = 'avg'
28.8191 	EXP 	window1: blendMode = 'avg'
28.8356 	EXP 	window1: blendMode = 'avg'
28.8523 	EXP 	window1: blendMode = 'avg'
28.8690 	EXP 	window1: blendMode = 'avg'
28.8857 	EXP 	window1: blendMode = 'avg'
28.9024 	EXP 	window1: blendMode = 'avg'
28.9189 	EXP 	window1: blendMode = 'avg'
28.9357 	EXP 	window1: blendMode = 'avg'
28.9523 	EXP 	window1: blendMode = 'avg'
28.9691 	EXP 	window1: blendMode = 'avg'
28.9856 	EXP 	window1: blendMode = 'avg'
29.0023 	EXP 	window1: blendMode = 'avg'
29.0190 	EXP 	window1: blendMode = 'avg'
29.0360 	EXP 	window1: blendMode = 'avg'
29.0523 	EXP 	window1: blendMode = 'avg'
29.0691 	EXP 	window1: blendMode = 'avg'
29.0856 	EXP 	window1: blendMode = 'avg'
29.1024 	EXP 	window1: blendMode = 'avg'
29.1190 	EXP 	window1: blendMode = 'avg'
29.1358 	EXP 	window1: blendMode = 'avg'
29.1524 	EXP 	window1: blendMode = 'avg'
29.1697 	DATA 	Keypress: right
29.1703 	EXP 	window1: blendMode = 'avg'
29.1858 	EXP 	window1: blendMode = 'avg'
29.2023 	EXP 	window1: blendMode = 'avg'
29.2190 	EXP 	window1: blendMode = 'avg'
29.2357 	EXP 	window1: blendMode = 'avg'
29.2527 	EXP 	window1: blendMode = 'avg'
29.2689 	EXP 	window1: blendMode = 'avg'
29.2858 	EXP 	window1: blendMode = 'avg'
29.3023 	EXP 	window1: blendMode = 'avg'
29.3191 	EXP 	window1: blendMode = 'avg'
29.3353 	EXP 	window1: blendMode = 'avg'
29.3522 	EXP 	window1: blendMode = 'avg'
29.3688 	EXP 	window1: blendMode = 'avg'
29.3853 	EXP 	window1: blendMode = 'avg'
29.4022 	EXP 	window1: blendMode = 'avg'
29.4191 	EXP 	window1: blendMode = 'avg'
29.4356 	EXP 	window1: blendMode = 'avg'
29.4525 	EXP 	window1: blendMode = 'avg'
29.4690 	EXP 	window1: blendMode = 'avg'
29.4856 	EXP 	window1: blendMode = 'avg'
29.5023 	EXP 	window1: blendMode = 'avg'
29.5191 	EXP 	window1: blendMode = 'avg'
29.5349 	EXP 	window1: blendMode = 'avg'
29.5524 	EXP 	window1: blendMode = 'avg'
29.5689 	EXP 	window1: blendMode = 'avg'
29.5856 	EXP 	window1: blendMode = 'avg'
29.6023 	EXP 	window1: blendMode = 'avg'
29.6190 	EXP 	window1: blendMode = 'avg'
29.6358 	EXP 	window1: blendMode = 'avg'
29.6523 	EXP 	window1: blendMode = 'avg'
29.6691 	EXP 	window1: blendMode = 'avg'
29.6856 	EXP 	window1: blendMode = 'avg'
29.7023 	EXP 	window1: blendMode = 'avg'
29.7191 	EXP 	window1: blendMode = 'avg'
29.7358 	EXP 	window1: blendMode = 'avg'
29.7523 	EXP 	window1: blendMode = 'avg'
29.7691 	EXP 	window1: blendMode = 'avg'
29.7855 	EXP 	window1: blendMode = 'avg'
29.8024 	EXP 	window1: blendMode = 'avg'
29.8201 	DATA 	Keypress: space
29.8213 	EXP 	New trial (rep=0, index=1): {'YLeftPos': 0, 'time_presentation': 0.5, 'XLeftPos': -300, 'XRightPos': 300, 'rightimg': u'frogs/ab74.jpg', 'YRightPos': 0, 'leftimg': u'frogs/ab34.jpg'}
29.9179 	EXP 	Leftimg: autoDraw = False
29.9179 	EXP 	Rightimg: autoDraw = False
29.9179 	EXP 	text: autoDraw = False
29.9179 	EXP 	Leftimg: pos = array([-300.,    0.])
29.9179 	EXP 	Leftimg: image = u'frogs/ab34.jpg'
29.9179 	EXP 	Rightimg: pos = array([ 300.,    0.])
29.9179 	EXP 	Rightimg: image = u'frogs/ab74.jpg'
29.9179 	EXP 	Leftimg: autoDraw = True
29.9179 	EXP 	Rightimg: autoDraw = True
30.3345 	EXP 	Leftimg: autoDraw = False
30.3345 	EXP 	Rightimg: autoDraw = False
31.2017 	DATA 	Keypress: left
31.2027 	EXP 	New trial (rep=0, index=2): {'YLeftPos': 0, 'time_presentation': 0.5, 'XLeftPos': -300, 'XRightPos': 300, 'rightimg': u'frogs/ab56.jpg', 'YRightPos': 0, 'leftimg': u'frogs/ab16.jpg'}
31.4675 	EXP 	Leftimg: autoDraw = False
31.4675 	EXP 	Rightimg: autoDraw = False
31.4675 	EXP 	text: autoDraw = False
31.4675 	EXP 	Leftimg: pos = array([-300.,    0.])
31.4675 	EXP 	Leftimg: image = u'frogs/ab16.jpg'
31.4675 	EXP 	Rightimg: pos = array([ 300.,    0.])
31.4675 	EXP 	Rightimg: image = u'frogs/ab56.jpg'
31.4675 	EXP 	Leftimg: autoDraw = True
31.4675 	EXP 	Rightimg: autoDraw = True
31.7180 	EXP 	Leftimg: autoDraw = False
31.7180 	EXP 	Rightimg: autoDraw = False
32.0696 	DATA 	Keypress: right
32.0707 	EXP 	New trial (rep=0, index=3): {'YLeftPos': 0, 'time_presentation': 0.5, 'XLeftPos': -300, 'XRightPos': 300, 'rightimg': u'frogs/ab45.jpg', 'YRightPos': 0, 'leftimg': u'frogs/ab5.jpg'}
32.1015 	EXP 	Leftimg: autoDraw = False
32.1015 	EXP 	Rightimg: autoDraw = False
32.1015 	EXP 	text: autoDraw = False
32.1015 	EXP 	Leftimg: pos = array([-300.,    0.])
32.1015 	EXP 	Leftimg: image = u'frogs/ab5.jpg'
32.1015 	EXP 	Rightimg: pos = array([ 300.,    0.])
32.1015 	EXP 	Rightimg: image = u'frogs/ab45.jpg'
32.1015 	EXP 	Leftimg: autoDraw = True
32.1015 	EXP 	Rightimg: autoDraw = True
32.5846 	EXP 	Leftimg: autoDraw = False
32.5846 	EXP 	Rightimg: autoDraw = False
32.7198 	DATA 	Keypress: left
32.7209 	EXP 	New trial (rep=0, index=4): {'YLeftPos': 0, 'time_presentation': 0.5, 'XLeftPos': -300, 'XRightPos': 300, 'rightimg': u'frogs/ab77.jpg', 'YRightPos': 0, 'leftimg': u'frogs/ab37.jpg'}
32.7677 	EXP 	Leftimg: autoDraw = False
32.7677 	EXP 	Rightimg: autoDraw = False
32.7677 	EXP 	text: autoDraw = False
32.7677 	EXP 	Leftimg: pos = array([-300.,    0.])
32.7677 	EXP 	Leftimg: image = u'frogs/ab37.jpg'
32.7677 	EXP 	Rightimg: pos = array([ 300.,    0.])
32.7677 	EXP 	Rightimg: image = u'frogs/ab77.jpg'
32.7677 	EXP 	Leftimg: autoDraw = True
32.7677 	EXP 	Rightimg: autoDraw = True
33.2346 	EXP 	Leftimg: autoDraw = False
33.2346 	EXP 	Rightimg: autoDraw = False
33.6695 	DATA 	Keypress: left
33.6706 	EXP 	New trial (rep=0, index=5): {'YLeftPos': 0, 'time_presentation': 0.5, 'XLeftPos': -300, 'XRightPos': 300, 'rightimg': u'frogs/ab60.jpg', 'YRightPos': 0, 'leftimg': u'frogs/ab20.jpg'}
33.7015 	EXP 	Leftimg: autoDraw = False
33.7015 	EXP 	Rightimg: autoDraw = False
33.7015 	EXP 	text: autoDraw = False
33.7015 	EXP 	Leftimg: pos = array([-300.,    0.])
33.7015 	EXP 	Leftimg: image = u'frogs/ab20.jpg'
33.7015 	EXP 	Rightimg: pos = array([ 300.,    0.])
33.7015 	EXP 	Rightimg: image = u'frogs/ab60.jpg'
33.7015 	EXP 	Leftimg: autoDraw = True
33.7015 	EXP 	Rightimg: autoDraw = True
34.1846 	EXP 	Leftimg: autoDraw = False
34.1846 	EXP 	Rightimg: autoDraw = False
34.2194 	DATA 	Keypress: right
34.2203 	EXP 	New trial (rep=0, index=6): {'YLeftPos': 0, 'time_presentation': 0.5, 'XLeftPos': -300, 'XRightPos': 300, 'rightimg': u'frogs/ab66.jpg', 'YRightPos': 0, 'leftimg': u'frogs/ab26.jpg'}
34.2341 	EXP 	Leftimg: autoDraw = False
34.2341 	EXP 	Rightimg: autoDraw = False
34.2341 	EXP 	text: autoDraw = False
34.2341 	EXP 	Leftimg: pos = array([-300.,    0.])
34.2341 	EXP 	Leftimg: image = u'frogs/ab26.jpg'
34.2341 	EXP 	Rightimg: pos = array([ 300.,    0.])
34.2341 	EXP 	Rightimg: image = u'frogs/ab66.jpg'
34.2341 	EXP 	Leftimg: autoDraw = True
34.2341 	EXP 	Rightimg: autoDraw = True
34.7346 	EXP 	Leftimg: autoDraw = False
34.7346 	EXP 	Rightimg: autoDraw = False
34.7709 	DATA 	Keypress: left
34.7720 	EXP 	New trial (rep=0, index=7): {'YLeftPos': 0, 'time_presentation': 0.5, 'XLeftPos': -300, 'XRightPos': 300, 'rightimg': u'frogs/ab57.jpg', 'YRightPos': 0, 'leftimg': u'frogs/ab17.jpg'}
34.8671 	EXP 	Leftimg: autoDraw = False
34.8671 	EXP 	Rightimg: autoDraw = False
34.8671 	EXP 	text: autoDraw = False
34.8671 	EXP 	Leftimg: pos = array([-300.,    0.])
34.8671 	EXP 	Leftimg: image = u'frogs/ab17.jpg'
34.8671 	EXP 	Rightimg: pos = array([ 300.,    0.])
34.8671 	EXP 	Rightimg: image = u'frogs/ab57.jpg'
34.8671 	EXP 	Leftimg: autoDraw = True
34.8671 	EXP 	Rightimg: autoDraw = True
35.2846 	EXP 	Leftimg: autoDraw = False
35.2846 	EXP 	Rightimg: autoDraw = False
35.5381 	DATA 	Keypress: right
35.5521 	EXP 	New trial (rep=0, index=8): {'YLeftPos': 0, 'time_presentation': 0.5, 'XLeftPos': -300, 'XRightPos': 300, 'rightimg': u'3.jpg', 'YRightPos': 0, 'leftimg': u'1.jpg'}
35.6010 	EXP 	Leftimg: autoDraw = False
35.6010 	EXP 	Rightimg: autoDraw = False
35.6010 	EXP 	text: autoDraw = False
35.6010 	EXP 	Leftimg: pos = array([-300.,    0.])
35.6010 	EXP 	Leftimg: image = u'1.jpg'
35.6010 	EXP 	Rightimg: pos = array([ 300.,    0.])
35.6010 	EXP 	Rightimg: image = u'3.jpg'
35.6010 	EXP 	Leftimg: autoDraw = True
35.6010 	EXP 	Rightimg: autoDraw = True
36.0679 	EXP 	Leftimg: autoDraw = False
36.0679 	EXP 	Rightimg: autoDraw = False
36.2862 	DATA 	Keypress: left
36.2873 	EXP 	New trial (rep=0, index=9): {'YLeftPos': 0, 'time_presentation': 0.5, 'XLeftPos': -300, 'XRightPos': 300, 'rightimg': u'frogs/ab75.jpg', 'YRightPos': 0, 'leftimg': u'frogs/ab35.jpg'}
36.3175 	EXP 	Leftimg: autoDraw = False
36.3175 	EXP 	Rightimg: autoDraw = False
36.3175 	EXP 	text: autoDraw = False
36.3175 	EXP 	Leftimg: pos = array([-300.,    0.])
36.3175 	EXP 	Leftimg: image = u'frogs/ab35.jpg'
36.3175 	EXP 	Rightimg: pos = array([ 300.,    0.])
36.3175 	EXP 	Rightimg: image = u'frogs/ab75.jpg'
36.3175 	EXP 	Leftimg: autoDraw = True
36.3175 	EXP 	Rightimg: autoDraw = True
36.8012 	EXP 	Leftimg: autoDraw = False
36.8012 	EXP 	Rightimg: autoDraw = False
36.9874 	DATA 	Keypress: left
37.0027 	EXP 	New trial (rep=0, index=10): {'YLeftPos': 0, 'time_presentation': 0.5, 'XLeftPos': -300, 'XRightPos': 300, 'rightimg': u'frogs/ab49.jpg', 'YRightPos': 0, 'leftimg': u'frogs/ab9.jpg'}
37.2013 	EXP 	Leftimg: autoDraw = False
37.2013 	EXP 	Rightimg: autoDraw = False
37.2013 	EXP 	text: autoDraw = False
37.2013 	EXP 	Leftimg: pos = array([-300.,    0.])
37.2013 	EXP 	Leftimg: image = u'frogs/ab9.jpg'
37.2013 	EXP 	Rightimg: pos = array([ 300.,    0.])
37.2013 	EXP 	Rightimg: image = u'frogs/ab49.jpg'
37.2013 	EXP 	Leftimg: autoDraw = True
37.2013 	EXP 	Rightimg: autoDraw = True
37.5179 	EXP 	Leftimg: autoDraw = False
37.5179 	EXP 	Rightimg: autoDraw = False
37.9195 	DATA 	Keypress: right
37.9207 	EXP 	New trial (rep=0, index=11): {'YLeftPos': 0, 'time_presentation': 0.5, 'XLeftPos': -300, 'XRightPos': 300, 'rightimg': u'frogs/ab64.jpg', 'YRightPos': 0, 'leftimg': u'frogs/ab24.jpg'}
37.9510 	EXP 	Leftimg: autoDraw = False
37.9510 	EXP 	Rightimg: autoDraw = False
37.9510 	EXP 	text: autoDraw = False
37.9510 	EXP 	Leftimg: pos = array([-300.,    0.])
37.9510 	EXP 	Leftimg: image = u'frogs/ab24.jpg'
37.9510 	EXP 	Rightimg: pos = array([ 300.,    0.])
37.9510 	EXP 	Rightimg: image = u'frogs/ab64.jpg'
37.9510 	EXP 	Leftimg: autoDraw = True
37.9510 	EXP 	Rightimg: autoDraw = True
38.4343 	EXP 	Leftimg: autoDraw = False
38.4343 	EXP 	Rightimg: autoDraw = False
38.9362 	DATA 	Keypress: left
38.9373 	EXP 	New trial (rep=0, index=12): {'YLeftPos': 0, 'time_presentation': 0.5, 'XLeftPos': -300, 'XRightPos': 300, 'rightimg': u'4.jpg', 'YRightPos': 0, 'leftimg': u'2.jpg'}
38.9673 	EXP 	Leftimg: autoDraw = False
38.9673 	EXP 	Rightimg: autoDraw = False
38.9673 	EXP 	text: autoDraw = False
38.9673 	EXP 	Leftimg: pos = array([-300.,    0.])
38.9673 	EXP 	Leftimg: image = u'2.jpg'
38.9673 	EXP 	Rightimg: pos = array([ 300.,    0.])
38.9673 	EXP 	Rightimg: image = u'4.jpg'
38.9673 	EXP 	Leftimg: autoDraw = True
38.9673 	EXP 	Rightimg: autoDraw = True
39.4512 	EXP 	Leftimg: autoDraw = False
39.4512 	EXP 	Rightimg: autoDraw = False
39.8695 	DATA 	Keypress: right
39.8707 	EXP 	New trial (rep=0, index=13): {'YLeftPos': 0, 'time_presentation': 0.5, 'XLeftPos': -300, 'XRightPos': 300, 'rightimg': u'frogs/ab59.jpg', 'YRightPos': 0, 'leftimg': u'frogs/ab19.jpg'}
39.9348 	EXP 	Leftimg: autoDraw = False
39.9348 	EXP 	Rightimg: autoDraw = False
39.9348 	EXP 	text: autoDraw = False
39.9348 	EXP 	Leftimg: pos = array([-300.,    0.])
39.9348 	EXP 	Leftimg: image = u'frogs/ab19.jpg'
39.9348 	EXP 	Rightimg: pos = array([ 300.,    0.])
39.9348 	EXP 	Rightimg: image = u'frogs/ab59.jpg'
39.9348 	EXP 	Leftimg: autoDraw = True
39.9348 	EXP 	Rightimg: autoDraw = True
40.3843 	EXP 	Leftimg: autoDraw = False
40.3843 	EXP 	Rightimg: autoDraw = False
40.6187 	DATA 	Keypress: right
40.6198 	EXP 	New trial (rep=0, index=14): {'YLeftPos': 0, 'time_presentation': 0.5, 'XLeftPos': -300, 'XRightPos': 300, 'rightimg': u'frogs/ab69.jpg', 'YRightPos': 0, 'leftimg': u'frogs/ab29.jpg'}
40.6514 	EXP 	Leftimg: autoDraw = False
40.6514 	EXP 	Rightimg: autoDraw = False
40.6514 	EXP 	text: autoDraw = False
40.6514 	EXP 	Leftimg: pos = array([-300.,    0.])
40.6514 	EXP 	Leftimg: image = u'frogs/ab29.jpg'
40.6514 	EXP 	Rightimg: pos = array([ 300.,    0.])
40.6514 	EXP 	Rightimg: image = u'frogs/ab69.jpg'
40.6514 	EXP 	Leftimg: autoDraw = True
40.6514 	EXP 	Rightimg: autoDraw = True
41.1345 	EXP 	Leftimg: autoDraw = False
41.1345 	EXP 	Rightimg: autoDraw = False
41.6697 	DATA 	Keypress: right
41.6708 	EXP 	New trial (rep=0, index=15): {'YLeftPos': 0, 'time_presentation': 0.5, 'XLeftPos': -300, 'XRightPos': 300, 'rightimg': u'frogs/ab65.jpg', 'YRightPos': 0, 'leftimg': u'frogs/ab25.jpg'}
41.7344 	EXP 	Leftimg: autoDraw = False
41.7344 	EXP 	Rightimg: autoDraw = False
41.7344 	EXP 	text: autoDraw = False
41.7344 	EXP 	Leftimg: pos = array([-300.,    0.])
41.7344 	EXP 	Leftimg: image = u'frogs/ab25.jpg'
41.7344 	EXP 	Rightimg: pos = array([ 300.,    0.])
41.7344 	EXP 	Rightimg: image = u'frogs/ab65.jpg'
41.7344 	EXP 	Leftimg: autoDraw = True
41.7344 	EXP 	Rightimg: autoDraw = True
42.1844 	EXP 	Leftimg: autoDraw = False
42.1844 	EXP 	Rightimg: autoDraw = False
42.2355 	DATA 	Keypress: left
42.2366 	EXP 	New trial (rep=0, index=16): {'YLeftPos': 0, 'time_presentation': 0.5, 'XLeftPos': -300, 'XRightPos': 300, 'rightimg': u'frogs/ab46.jpg', 'YRightPos': 0, 'leftimg': u'frogs/ab6.jpg'}
42.3175 	EXP 	Leftimg: autoDraw = False
42.3175 	EXP 	Rightimg: autoDraw = False
42.3175 	EXP 	text: autoDraw = False
42.3175 	EXP 	Leftimg: pos = array([-300.,    0.])
42.3175 	EXP 	Leftimg: image = u'frogs/ab6.jpg'
42.3175 	EXP 	Rightimg: pos = array([ 300.,    0.])
42.3175 	EXP 	Rightimg: image = u'frogs/ab46.jpg'
42.3175 	EXP 	Leftimg: autoDraw = True
42.3175 	EXP 	Rightimg: autoDraw = True
42.7511 	EXP 	Leftimg: autoDraw = False
42.7511 	EXP 	Rightimg: autoDraw = False
43.0192 	DATA 	Keypress: left
43.0203 	EXP 	New trial (rep=0, index=17): {'YLeftPos': 0, 'time_presentation': 0.5, 'XLeftPos': -300, 'XRightPos': 300, 'rightimg': u'frogs/ab61.jpg', 'YRightPos': 0, 'leftimg': u'frogs/ab21.jpg'}
43.0512 	EXP 	Leftimg: autoDraw = False
43.0512 	EXP 	Rightimg: autoDraw = False
43.0512 	EXP 	text: autoDraw = False
43.0512 	EXP 	Leftimg: pos = array([-300.,    0.])
43.0512 	EXP 	Leftimg: image = u'frogs/ab21.jpg'
43.0512 	EXP 	Rightimg: pos = array([ 300.,    0.])
43.0512 	EXP 	Rightimg: image = u'frogs/ab61.jpg'
43.0512 	EXP 	Leftimg: autoDraw = True
43.0512 	EXP 	Rightimg: autoDraw = True
43.5344 	EXP 	Leftimg: autoDraw = False
43.5344 	EXP 	Rightimg: autoDraw = False
43.8361 	DATA 	Keypress: left
43.8372 	EXP 	New trial (rep=0, index=18): {'YLeftPos': 0, 'time_presentation': 0.5, 'XLeftPos': -300, 'XRightPos': 300, 'rightimg': u'frogs/ab78.jpg', 'YRightPos': 0, 'leftimg': u'frogs/ab38.jpg'}
43.8678 	EXP 	Leftimg: autoDraw = False
43.8678 	EXP 	Rightimg: autoDraw = False
43.8678 	EXP 	text: autoDraw = False
43.8678 	EXP 	Leftimg: pos = array([-300.,    0.])
43.8678 	EXP 	Leftimg: image = u'frogs/ab38.jpg'
43.8678 	EXP 	Rightimg: pos = array([ 300.,    0.])
43.8678 	EXP 	Rightimg: image = u'frogs/ab78.jpg'
43.8678 	EXP 	Leftimg: autoDraw = True
43.8678 	EXP 	Rightimg: autoDraw = True
44.3505 	EXP 	Leftimg: autoDraw = False
44.3505 	EXP 	Rightimg: autoDraw = False
44.3522 	DATA 	Keypress: right
44.3535 	EXP 	New trial (rep=0, index=19): {'YLeftPos': 0, 'time_presentation': 0.5, 'XLeftPos': -300, 'XRightPos': 300, 'rightimg': u'frogs/ab73.jpg', 'YRightPos': 0, 'leftimg': u'frogs/ab33.jpg'}
44.4506 	EXP 	Leftimg: autoDraw = False
44.4506 	EXP 	Rightimg: autoDraw = False
44.4506 	EXP 	text: autoDraw = False
44.4506 	EXP 	Leftimg: pos = array([-300.,    0.])
44.4506 	EXP 	Leftimg: image = u'frogs/ab33.jpg'
44.4506 	EXP 	Rightimg: pos = array([ 300.,    0.])
44.4506 	EXP 	Rightimg: image = u'frogs/ab73.jpg'
44.4506 	EXP 	Leftimg: autoDraw = True
44.4506 	EXP 	Rightimg: autoDraw = True
44.8676 	EXP 	Leftimg: autoDraw = False
44.8676 	EXP 	Rightimg: autoDraw = False
45.5531 	DATA 	Keypress: left
45.5689 	EXP 	New trial (rep=0, index=20): {'YLeftPos': 0, 'time_presentation': 0.5, 'XLeftPos': -300, 'XRightPos': 300, 'rightimg': u'frogs/ab80.jpg', 'YRightPos': 0, 'leftimg': u'frogs/ab40.jpg'}
45.6008 	EXP 	Leftimg: autoDraw = False
45.6008 	EXP 	Rightimg: autoDraw = False
45.6008 	EXP 	text: autoDraw = False
45.6008 	EXP 	Leftimg: pos = array([-300.,    0.])
45.6008 	EXP 	Leftimg: image = u'frogs/ab40.jpg'
45.6008 	EXP 	Rightimg: pos = array([ 300.,    0.])
45.6008 	EXP 	Rightimg: image = u'frogs/ab80.jpg'
45.6008 	EXP 	Leftimg: autoDraw = True
45.6008 	EXP 	Rightimg: autoDraw = True
46.0844 	EXP 	Leftimg: autoDraw = False
46.0844 	EXP 	Rightimg: autoDraw = False
46.7530 	DATA 	Keypress: right
46.7541 	EXP 	New trial (rep=0, index=21): {'YLeftPos': 0, 'time_presentation': 0.5, 'XLeftPos': -300, 'XRightPos': 300, 'rightimg': u'frogs/ab44.jpg', 'YRightPos': 0, 'leftimg': u'frogs/ab4.jpg'}
46.7669 	EXP 	Leftimg: autoDraw = False
46.7669 	EXP 	Rightimg: autoDraw = False
46.7669 	EXP 	text: autoDraw = False
46.7669 	EXP 	Leftimg: pos = array([-300.,    0.])
46.7669 	EXP 	Leftimg: image = u'frogs/ab4.jpg'
46.7669 	EXP 	Rightimg: pos = array([ 300.,    0.])
46.7669 	EXP 	Rightimg: image = u'frogs/ab44.jpg'
46.7669 	EXP 	Leftimg: autoDraw = True
46.7669 	EXP 	Rightimg: autoDraw = True
47.2675 	EXP 	Leftimg: autoDraw = False
47.2675 	EXP 	Rightimg: autoDraw = False
47.7361 	DATA 	Keypress: left
47.7372 	EXP 	New trial (rep=0, index=22): {'YLeftPos': 0, 'time_presentation': 0.5, 'XLeftPos': -300, 'XRightPos': 300, 'rightimg': u'frogs/ab72.jpg', 'YRightPos': 0, 'leftimg': u'frogs/ab32.jpg'}
47.7672 	EXP 	Leftimg: autoDraw = False
47.7672 	EXP 	Rightimg: autoDraw = False
47.7672 	EXP 	text: autoDraw = False
47.7672 	EXP 	Leftimg: pos = array([-300.,    0.])
47.7672 	EXP 	Leftimg: image = u'frogs/ab32.jpg'
47.7672 	EXP 	Rightimg: pos = array([ 300.,    0.])
47.7672 	EXP 	Rightimg: image = u'frogs/ab72.jpg'
47.7672 	EXP 	Leftimg: autoDraw = True
47.7672 	EXP 	Rightimg: autoDraw = True
48.2511 	EXP 	Leftimg: autoDraw = False
48.2511 	EXP 	Rightimg: autoDraw = False
48.6193 	DATA 	Keypress: right
48.6205 	EXP 	New trial (rep=0, index=23): {'YLeftPos': 0, 'time_presentation': 0.5, 'XLeftPos': -300, 'XRightPos': 300, 'rightimg': u'frogs/ab55.jpg', 'YRightPos': 0, 'leftimg': u'frogs/ab15.jpg'}
48.7005 	EXP 	Leftimg: autoDraw = False
48.7005 	EXP 	Rightimg: autoDraw = False
48.7005 	EXP 	text: autoDraw = False
48.7005 	EXP 	Leftimg: pos = array([-300.,    0.])
48.7005 	EXP 	Leftimg: image = u'frogs/ab15.jpg'
48.7005 	EXP 	Rightimg: pos = array([ 300.,    0.])
48.7005 	EXP 	Rightimg: image = u'frogs/ab55.jpg'
48.7005 	EXP 	Leftimg: autoDraw = True
48.7005 	EXP 	Rightimg: autoDraw = True
49.1345 	EXP 	Leftimg: autoDraw = False
49.1345 	EXP 	Rightimg: autoDraw = False
49.6019 	DATA 	Keypress: left
49.6028 	EXP 	New trial (rep=0, index=24): {'YLeftPos': 0, 'time_presentation': 0.5, 'XLeftPos': -300, 'XRightPos': 300, 'rightimg': u'2.jpg', 'YRightPos': 0, 'leftimg': u'4.jpg'}
49.6340 	EXP 	Leftimg: autoDraw = False
49.6340 	EXP 	Rightimg: autoDraw = False
49.6340 	EXP 	text: autoDraw = False
49.6340 	EXP 	Leftimg: pos = array([-300.,    0.])
49.6340 	EXP 	Leftimg: image = u'4.jpg'
49.6340 	EXP 	Rightimg: pos = array([ 300.,    0.])
49.6340 	EXP 	Rightimg: image = u'2.jpg'
49.6340 	EXP 	Leftimg: autoDraw = True
49.6340 	EXP 	Rightimg: autoDraw = True
50.1178 	EXP 	Leftimg: autoDraw = False
50.1178 	EXP 	Rightimg: autoDraw = False
50.6354 	DATA 	Keypress: left
50.6365 	EXP 	New trial (rep=0, index=25): {'YLeftPos': 0, 'time_presentation': 0.5, 'XLeftPos': -300, 'XRightPos': 300, 'rightimg': u'frogs/ab42.jpg', 'YRightPos': 0, 'leftimg': u'frogs/ab2.jpg'}
50.9506 	EXP 	Leftimg: autoDraw = False
50.9506 	EXP 	Rightimg: autoDraw = False
50.9506 	EXP 	text: autoDraw = False
50.9506 	EXP 	Leftimg: pos = array([-300.,    0.])
50.9506 	EXP 	Leftimg: image = u'frogs/ab2.jpg'
50.9506 	EXP 	Rightimg: pos = array([ 300.,    0.])
50.9506 	EXP 	Rightimg: image = u'frogs/ab42.jpg'
50.9506 	EXP 	Leftimg: autoDraw = True
50.9506 	EXP 	Rightimg: autoDraw = True
51.1510 	EXP 	Leftimg: autoDraw = False
51.1510 	EXP 	Rightimg: autoDraw = False
51.5358 	DATA 	Keypress: right
51.5369 	EXP 	New trial (rep=0, index=26): {'YLeftPos': 0, 'time_presentation': 0.5, 'XLeftPos': -300, 'XRightPos': 300, 'rightimg': u'frogs/ab71.jpg', 'YRightPos': 0, 'leftimg': u'frogs/ab31.jpg'}
51.6336 	EXP 	Leftimg: autoDraw = False
51.6336 	EXP 	Rightimg: autoDraw = False
51.6336 	EXP 	text: autoDraw = False
51.6336 	EXP 	Leftimg: pos = array([-300.,    0.])
51.6336 	EXP 	Leftimg: image = u'frogs/ab31.jpg'
51.6336 	EXP 	Rightimg: pos = array([ 300.,    0.])
51.6336 	EXP 	Rightimg: image = u'frogs/ab71.jpg'
51.6336 	EXP 	Leftimg: autoDraw = True
51.6336 	EXP 	Rightimg: autoDraw = True
52.0510 	EXP 	Leftimg: autoDraw = False
52.0510 	EXP 	Rightimg: autoDraw = False
52.3366 	DATA 	Keypress: left
52.3523 	EXP 	New trial (rep=0, index=27): {'YLeftPos': 0, 'time_presentation': 0.5, 'XLeftPos': -300, 'XRightPos': 300, 'rightimg': u'frogs/ab48.jpg', 'YRightPos': 0, 'leftimg': u'frogs/ab8.jpg'}
52.4009 	EXP 	Leftimg: autoDraw = False
52.4009 	EXP 	Rightimg: autoDraw = False
52.4009 	EXP 	text: autoDraw = False
52.4009 	EXP 	Leftimg: pos = array([-300.,    0.])
52.4009 	EXP 	Leftimg: image = u'frogs/ab8.jpg'
52.4009 	EXP 	Rightimg: pos = array([ 300.,    0.])
52.4009 	EXP 	Rightimg: image = u'frogs/ab48.jpg'
52.4009 	EXP 	Leftimg: autoDraw = True
52.4009 	EXP 	Rightimg: autoDraw = True
52.8676 	EXP 	Leftimg: autoDraw = False
52.8676 	EXP 	Rightimg: autoDraw = False
53.1696 	DATA 	Keypress: right
53.1707 	EXP 	New trial (rep=0, index=28): {'YLeftPos': 0, 'time_presentation': 0.5, 'XLeftPos': -300, 'XRightPos': 300, 'rightimg': u'1.jpg', 'YRightPos': 0, 'leftimg': u'3.jpg'}
53.2172 	EXP 	Leftimg: autoDraw = False
53.2172 	EXP 	Rightimg: autoDraw = False
53.2172 	EXP 	text: autoDraw = False
53.2172 	EXP 	Leftimg: pos = array([-300.,    0.])
53.2172 	EXP 	Leftimg: image = u'3.jpg'
53.2172 	EXP 	Rightimg: pos = array([ 300.,    0.])
53.2172 	EXP 	Rightimg: image = u'1.jpg'
53.2172 	EXP 	Leftimg: autoDraw = True
53.2172 	EXP 	Rightimg: autoDraw = True
53.6843 	EXP 	Leftimg: autoDraw = False
53.6843 	EXP 	Rightimg: autoDraw = False
54.1356 	DATA 	Keypress: right
54.1365 	EXP 	New trial (rep=0, index=29): {'YLeftPos': 0, 'time_presentation': 0.5, 'XLeftPos': -300, 'XRightPos': 300, 'rightimg': u'frogs/ab50.jpg', 'YRightPos': 0, 'leftimg': u'frogs/ab10.jpg'}
54.1840 	EXP 	Leftimg: autoDraw = False
54.1840 	EXP 	Rightimg: autoDraw = False
54.1840 	EXP 	text: autoDraw = False
54.1840 	EXP 	Leftimg: pos = array([-300.,    0.])
54.1840 	EXP 	Leftimg: image = u'frogs/ab10.jpg'
54.1840 	EXP 	Rightimg: pos = array([ 300.,    0.])
54.1840 	EXP 	Rightimg: image = u'frogs/ab50.jpg'
54.1840 	EXP 	Leftimg: autoDraw = True
54.1840 	EXP 	Rightimg: autoDraw = True
54.6510 	EXP 	Leftimg: autoDraw = False
54.6510 	EXP 	Rightimg: autoDraw = False
54.8026 	DATA 	Keypress: left
54.8038 	EXP 	New trial (rep=0, index=30): {'YLeftPos': 0, 'time_presentation': 0.5, 'XLeftPos': -300, 'XRightPos': 300, 'rightimg': u'frogs/ab70.jpg', 'YRightPos': 0, 'leftimg': u'frogs/ab30.jpg'}
54.8168 	EXP 	Leftimg: autoDraw = False
54.8168 	EXP 	Rightimg: autoDraw = False
54.8168 	EXP 	text: autoDraw = False
54.8168 	EXP 	Leftimg: pos = array([-300.,    0.])
54.8168 	EXP 	Leftimg: image = u'frogs/ab30.jpg'
54.8168 	EXP 	Rightimg: pos = array([ 300.,    0.])
54.8168 	EXP 	Rightimg: image = u'frogs/ab70.jpg'
54.8168 	EXP 	Leftimg: autoDraw = True
54.8168 	EXP 	Rightimg: autoDraw = True
55.3176 	EXP 	Leftimg: autoDraw = False
55.3176 	EXP 	Rightimg: autoDraw = False
56.4028 	DATA 	Keypress: right
56.4040 	EXP 	New trial (rep=0, index=31): {'YLeftPos': 0, 'time_presentation': 0.5, 'XLeftPos': -300, 'XRightPos': 300, 'rightimg': u'frogs/ab52.jpg', 'YRightPos': 0, 'leftimg': u'frogs/ab12.jpg'}
56.4168 	EXP 	Leftimg: autoDraw = False
56.4168 	EXP 	Rightimg: autoDraw = False
56.4168 	EXP 	text: autoDraw = False
56.4168 	EXP 	Leftimg: pos = array([-300.,    0.])
56.4168 	EXP 	Leftimg: image = u'frogs/ab12.jpg'
56.4168 	EXP 	Rightimg: pos = array([ 300.,    0.])
56.4168 	EXP 	Rightimg: image = u'frogs/ab52.jpg'
56.4168 	EXP 	Leftimg: autoDraw = True
56.4168 	EXP 	Rightimg: autoDraw = True
56.9174 	EXP 	Leftimg: autoDraw = False
56.9174 	EXP 	Rightimg: autoDraw = False
57.5526 	DATA 	Keypress: left
57.5537 	EXP 	New trial (rep=0, index=32): {'YLeftPos': 0, 'time_presentation': 0.5, 'XLeftPos': -300, 'XRightPos': 300, 'rightimg': u'frogs/ab51.jpg', 'YRightPos': 0, 'leftimg': u'frogs/ab11.jpg'}
57.6177 	EXP 	Leftimg: autoDraw = False
57.6177 	EXP 	Rightimg: autoDraw = False
57.6177 	EXP 	text: autoDraw = False
57.6177 	EXP 	Leftimg: pos = array([-300.,    0.])
57.6177 	EXP 	Leftimg: image = u'frogs/ab11.jpg'
57.6177 	EXP 	Rightimg: pos = array([ 300.,    0.])
57.6177 	EXP 	Rightimg: image = u'frogs/ab51.jpg'
57.6177 	EXP 	Leftimg: autoDraw = True
57.6177 	EXP 	Rightimg: autoDraw = True
58.0676 	EXP 	Leftimg: autoDraw = False
58.0676 	EXP 	Rightimg: autoDraw = False
58.1026 	DATA 	Keypress: right
58.1037 	EXP 	New trial (rep=0, index=33): {'YLeftPos': 0, 'time_presentation': 0.5, 'XLeftPos': -300, 'XRightPos': 300, 'rightimg': u'frogs/ab67.jpg', 'YRightPos': 0, 'leftimg': u'frogs/ab27.jpg'}
58.1511 	EXP 	Leftimg: autoDraw = False
58.1511 	EXP 	Rightimg: autoDraw = False
58.1511 	EXP 	text: autoDraw = False
58.1511 	EXP 	Leftimg: pos = array([-300.,    0.])
58.1511 	EXP 	Leftimg: image = u'frogs/ab27.jpg'
58.1511 	EXP 	Rightimg: pos = array([ 300.,    0.])
58.1511 	EXP 	Rightimg: image = u'frogs/ab67.jpg'
58.1511 	EXP 	Leftimg: autoDraw = True
58.1511 	EXP 	Rightimg: autoDraw = True
58.6176 	EXP 	Leftimg: autoDraw = False
58.6176 	EXP 	Rightimg: autoDraw = False
59.1028 	DATA 	Keypress: right
59.1038 	EXP 	New trial (rep=0, index=34): {'YLeftPos': 0, 'time_presentation': 0.5, 'XLeftPos': -300, 'XRightPos': 300, 'rightimg': u'frogs/ab58.jpg', 'YRightPos': 0, 'leftimg': u'frogs/ab18.jpg'}
59.2500 	EXP 	Leftimg: autoDraw = False
59.2500 	EXP 	Rightimg: autoDraw = False
59.2500 	EXP 	text: autoDraw = False
59.2500 	EXP 	Leftimg: pos = array([-300.,    0.])
59.2500 	EXP 	Leftimg: image = u'frogs/ab18.jpg'
59.2500 	EXP 	Rightimg: pos = array([ 300.,    0.])
59.2500 	EXP 	Rightimg: image = u'frogs/ab58.jpg'
59.2500 	EXP 	Leftimg: autoDraw = True
59.2500 	EXP 	Rightimg: autoDraw = True
59.6171 	EXP 	Leftimg: autoDraw = False
59.6171 	EXP 	Rightimg: autoDraw = False
60.5864 	DATA 	Keypress: left
60.5880 	EXP 	New trial (rep=0, index=35): {'YLeftPos': 0, 'time_presentation': 0.5, 'XLeftPos': -300, 'XRightPos': 300, 'rightimg': u'frogs/ab63.jpg', 'YRightPos': 0, 'leftimg': u'frogs/ab23.jpg'}
60.6339 	EXP 	Leftimg: autoDraw = False
60.6339 	EXP 	Rightimg: autoDraw = False
60.6339 	EXP 	text: autoDraw = False
60.6339 	EXP 	Leftimg: pos = array([-300.,    0.])
60.6339 	EXP 	Leftimg: image = u'frogs/ab23.jpg'
60.6339 	EXP 	Rightimg: pos = array([ 300.,    0.])
60.6339 	EXP 	Rightimg: image = u'frogs/ab63.jpg'
60.6339 	EXP 	Leftimg: autoDraw = True
60.6339 	EXP 	Rightimg: autoDraw = True
61.1009 	EXP 	Leftimg: autoDraw = False
61.1009 	EXP 	Rightimg: autoDraw = False
61.4526 	DATA 	Keypress: left
61.4537 	EXP 	New trial (rep=0, index=36): {'YLeftPos': 0, 'time_presentation': 0.5, 'XLeftPos': -300, 'XRightPos': 300, 'rightimg': u'frogs/ab47.jpg', 'YRightPos': 0, 'leftimg': u'frogs/ab7.jpg'}
61.8220 	EXP 	Leftimg: autoDraw = False
61.8220 	EXP 	Rightimg: autoDraw = False
61.8220 	EXP 	text: autoDraw = False
61.8220 	EXP 	Leftimg: pos = array([-300.,    0.])
61.8220 	EXP 	Leftimg: image = u'frogs/ab7.jpg'
61.8220 	EXP 	Rightimg: pos = array([ 300.,    0.])
61.8220 	EXP 	Rightimg: image = u'frogs/ab47.jpg'
61.8220 	EXP 	Leftimg: autoDraw = True
61.8220 	EXP 	Rightimg: autoDraw = True
61.9676 	EXP 	Leftimg: autoDraw = False
61.9676 	EXP 	Rightimg: autoDraw = False
62.6359 	DATA 	Keypress: right
62.6370 	EXP 	New trial (rep=0, index=37): {'YLeftPos': 0, 'time_presentation': 0.5, 'XLeftPos': -300, 'XRightPos': 300, 'rightimg': u'frogs/ab41.jpg', 'YRightPos': 0, 'leftimg': u'frogs/ab1.jpg'}
62.6674 	EXP 	Leftimg: autoDraw = False
62.6674 	EXP 	Rightimg: autoDraw = False
62.6674 	EXP 	text: autoDraw = False
62.6674 	EXP 	Leftimg: pos = array([-300.,    0.])
62.6674 	EXP 	Leftimg: image = u'frogs/ab1.jpg'
62.6674 	EXP 	Rightimg: pos = array([ 300.,    0.])
62.6674 	EXP 	Rightimg: image = u'frogs/ab41.jpg'
62.6674 	EXP 	Leftimg: autoDraw = True
62.6674 	EXP 	Rightimg: autoDraw = True
63.1509 	EXP 	Leftimg: autoDraw = False
63.1509 	EXP 	Rightimg: autoDraw = False
63.6852 	DATA 	Keypress: right
63.6864 	EXP 	New trial (rep=0, index=38): {'YLeftPos': 0, 'time_presentation': 0.5, 'XLeftPos': -300, 'XRightPos': 300, 'rightimg': u'frogs/ab76.jpg', 'YRightPos': 0, 'leftimg': u'frogs/ab36.jpg'}
63.7339 	EXP 	Leftimg: autoDraw = False
63.7339 	EXP 	Rightimg: autoDraw = False
63.7339 	EXP 	text: autoDraw = False
63.7339 	EXP 	Leftimg: pos = array([-300.,    0.])
63.7339 	EXP 	Leftimg: image = u'frogs/ab36.jpg'
63.7339 	EXP 	Rightimg: pos = array([ 300.,    0.])
63.7339 	EXP 	Rightimg: image = u'frogs/ab76.jpg'
63.7339 	EXP 	Leftimg: autoDraw = True
63.7339 	EXP 	Rightimg: autoDraw = True
64.2009 	EXP 	Leftimg: autoDraw = False
64.2009 	EXP 	Rightimg: autoDraw = False
64.3365 	DATA 	Keypress: left
64.3522 	EXP 	New trial (rep=0, index=39): {'YLeftPos': 0, 'time_presentation': 0.5, 'XLeftPos': -300, 'XRightPos': 300, 'rightimg': u'frogs/ab54.jpg', 'YRightPos': 0, 'leftimg': u'frogs/ab14.jpg'}
64.3833 	EXP 	Leftimg: autoDraw = False
64.3833 	EXP 	Rightimg: autoDraw = False
64.3833 	EXP 	text: autoDraw = False
64.3833 	EXP 	Leftimg: pos = array([-300.,    0.])
64.3833 	EXP 	Leftimg: image = u'frogs/ab14.jpg'
64.3833 	EXP 	Rightimg: pos = array([ 300.,    0.])
64.3833 	EXP 	Rightimg: image = u'frogs/ab54.jpg'
64.3833 	EXP 	Leftimg: autoDraw = True
64.3833 	EXP 	Rightimg: autoDraw = True
64.8676 	EXP 	Leftimg: autoDraw = False
64.8676 	EXP 	Rightimg: autoDraw = False
65.4194 	DATA 	Keypress: right
65.4205 	EXP 	New trial (rep=0, index=40): {'YLeftPos': 0, 'time_presentation': 0.5, 'XLeftPos': -300, 'XRightPos': 300, 'rightimg': u'frogs/ab68.jpg', 'YRightPos': 0, 'leftimg': u'frogs/ab28.jpg'}
65.4501 	EXP 	Leftimg: autoDraw = False
65.4501 	EXP 	Rightimg: autoDraw = False
65.4501 	EXP 	text: autoDraw = False
65.4501 	EXP 	Leftimg: pos = array([-300.,    0.])
65.4501 	EXP 	Leftimg: image = u'frogs/ab28.jpg'
65.4501 	EXP 	Rightimg: pos = array([ 300.,    0.])
65.4501 	EXP 	Rightimg: image = u'frogs/ab68.jpg'
65.4501 	EXP 	Leftimg: autoDraw = True
65.4501 	EXP 	Rightimg: autoDraw = True
65.9342 	EXP 	Leftimg: autoDraw = False
65.9342 	EXP 	Rightimg: autoDraw = False
66.2691 	DATA 	Keypress: left
66.2703 	EXP 	New trial (rep=0, index=41): {'YLeftPos': 0, 'time_presentation': 0.5, 'XLeftPos': -300, 'XRightPos': 300, 'rightimg': u'frogs/ab53.jpg', 'YRightPos': 0, 'leftimg': u'frogs/ab13.jpg'}
66.2837 	EXP 	Leftimg: autoDraw = False
66.2837 	EXP 	Rightimg: autoDraw = False
66.2837 	EXP 	text: autoDraw = False
66.2837 	EXP 	Leftimg: pos = array([-300.,    0.])
66.2837 	EXP 	Leftimg: image = u'frogs/ab13.jpg'
66.2837 	EXP 	Rightimg: pos = array([ 300.,    0.])
66.2837 	EXP 	Rightimg: image = u'frogs/ab53.jpg'
66.2837 	EXP 	Leftimg: autoDraw = True
66.2837 	EXP 	Rightimg: autoDraw = True
66.7842 	EXP 	Leftimg: autoDraw = False
66.7842 	EXP 	Rightimg: autoDraw = False
67.2850 	DATA 	Keypress: right
67.2861 	EXP 	New trial (rep=0, index=42): {'YLeftPos': 0, 'time_presentation': 0.5, 'XLeftPos': -300, 'XRightPos': 300, 'rightimg': u'frogs/ab62.jpg', 'YRightPos': 0, 'leftimg': u'frogs/ab22.jpg'}
67.4677 	EXP 	Leftimg: autoDraw = False
67.4677 	EXP 	Rightimg: autoDraw = False
67.4677 	EXP 	text: autoDraw = False
67.4677 	EXP 	Leftimg: pos = array([-300.,    0.])
67.4677 	EXP 	Leftimg: image = u'frogs/ab22.jpg'
67.4677 	EXP 	Rightimg: pos = array([ 300.,    0.])
67.4677 	EXP 	Rightimg: image = u'frogs/ab62.jpg'
67.4677 	EXP 	Leftimg: autoDraw = True
67.4677 	EXP 	Rightimg: autoDraw = True
67.8008 	EXP 	Leftimg: autoDraw = False
67.8008 	EXP 	Rightimg: autoDraw = False
68.3039 	DATA 	Keypress: right
68.3190 	EXP 	New trial (rep=0, index=43): {'YLeftPos': 0, 'time_presentation': 0.5, 'XLeftPos': -300, 'XRightPos': 300, 'rightimg': u'frogs/ab79.jpg', 'YRightPos': 0, 'leftimg': u'frogs/ab39.jpg'}
68.3675 	EXP 	Leftimg: autoDraw = False
68.3675 	EXP 	Rightimg: autoDraw = False
68.3675 	EXP 	text: autoDraw = False
68.3675 	EXP 	Leftimg: pos = array([-300.,    0.])
68.3675 	EXP 	Leftimg: image = u'frogs/ab39.jpg'
68.3675 	EXP 	Rightimg: pos = array([ 300.,    0.])
68.3675 	EXP 	Rightimg: image = u'frogs/ab79.jpg'
68.3675 	EXP 	Leftimg: autoDraw = True
68.3675 	EXP 	Rightimg: autoDraw = True
68.8337 	EXP 	Leftimg: autoDraw = False
68.8337 	EXP 	Rightimg: autoDraw = False
68.9190 	DATA 	Keypress: left
68.9832 	EXP 	window1: blendMode = 'avg'
69.0007 	EXP 	Leftimg: autoDraw = False
69.0007 	EXP 	Rightimg: autoDraw = False
69.0007 	EXP 	text: autoDraw = False
69.0007 	EXP 	text_3: autoDraw = True
69.0016 	EXP 	window1: blendMode = 'avg'
69.0185 	EXP 	window1: blendMode = 'avg'
69.0352 	EXP 	window1: blendMode = 'avg'
69.0517 	EXP 	window1: blendMode = 'avg'
69.0684 	EXP 	window1: blendMode = 'avg'
69.0851 	EXP 	window1: blendMode = 'avg'
69.1016 	EXP 	window1: blendMode = 'avg'
69.1184 	EXP 	window1: blendMode = 'avg'
69.1351 	EXP 	window1: blendMode = 'avg'
69.1519 	EXP 	window1: blendMode = 'avg'
69.1686 	EXP 	window1: blendMode = 'avg'
69.1851 	EXP 	window1: blendMode = 'avg'
69.2018 	EXP 	window1: blendMode = 'avg'
69.2185 	EXP 	window1: blendMode = 'avg'
69.2352 	EXP 	window1: blendMode = 'avg'
69.2518 	EXP 	window1: blendMode = 'avg'
69.2684 	EXP 	window1: blendMode = 'avg'
69.2852 	EXP 	window1: blendMode = 'avg'
69.3019 	EXP 	window1: blendMode = 'avg'
69.3186 	EXP 	window1: blendMode = 'avg'
69.3351 	EXP 	window1: blendMode = 'avg'
69.3521 	EXP 	window1: blendMode = 'avg'
69.3684 	EXP 	window1: blendMode = 'avg'
69.3850 	EXP 	window1: blendMode = 'avg'
69.4019 	EXP 	window1: blendMode = 'avg'
69.4186 	EXP 	window1: blendMode = 'avg'
69.4350 	EXP 	window1: blendMode = 'avg'
69.4518 	EXP 	window1: blendMode = 'avg'
69.4685 	EXP 	window1: blendMode = 'avg'
69.4850 	EXP 	window1: blendMode = 'avg'
69.5016 	EXP 	window1: blendMode = 'avg'
69.5184 	EXP 	window1: blendMode = 'avg'
69.5352 	EXP 	window1: blendMode = 'avg'
69.5510 	EXP 	window1: blendMode = 'avg'
69.5685 	EXP 	window1: blendMode = 'avg'
69.5852 	EXP 	window1: blendMode = 'avg'
69.6015 	EXP 	window1: blendMode = 'avg'
69.6184 	EXP 	window1: blendMode = 'avg'
69.6351 	EXP 	window1: blendMode = 'avg'
69.6519 	EXP 	window1: blendMode = 'avg'
69.6685 	EXP 	window1: blendMode = 'avg'
69.6851 	EXP 	window1: blendMode = 'avg'
69.7018 	EXP 	window1: blendMode = 'avg'
69.7185 	EXP 	window1: blendMode = 'avg'
69.7351 	EXP 	window1: blendMode = 'avg'
69.7519 	EXP 	window1: blendMode = 'avg'
69.7685 	EXP 	window1: blendMode = 'avg'
69.7852 	EXP 	window1: blendMode = 'avg'
69.8017 	EXP 	window1: blendMode = 'avg'
69.8185 	EXP 	window1: blendMode = 'avg'
69.8352 	EXP 	window1: blendMode = 'avg'
69.8517 	EXP 	window1: blendMode = 'avg'
69.8685 	EXP 	window1: blendMode = 'avg'
69.8852 	EXP 	window1: blendMode = 'avg'
69.9017 	EXP 	window1: blendMode = 'avg'
69.9185 	EXP 	window1: blendMode = 'avg'
69.9357 	EXP 	window1: blendMode = 'avg'
69.9516 	EXP 	window1: blendMode = 'avg'
69.9681 	EXP 	window1: blendMode = 'avg'
69.9846 	EXP 	window1: blendMode = 'avg'
70.0022 	EXP 	window1: blendMode = 'avg'
70.0172 	EXP 	window1: blendMode = 'avg'
70.0347 	EXP 	window1: blendMode = 'avg'
70.0502 	EXP 	window1: blendMode = 'avg'
70.0675 	EXP 	window1: blendMode = 'avg'
70.0846 	EXP 	window1: blendMode = 'avg'
70.1016 	EXP 	window1: blendMode = 'avg'
70.1184 	EXP 	window1: blendMode = 'avg'
70.1351 	EXP 	window1: blendMode = 'avg'
70.1519 	EXP 	window1: blendMode = 'avg'
70.1684 	EXP 	window1: blendMode = 'avg'
70.1854 	EXP 	window1: blendMode = 'avg'
70.2008 	EXP 	window1: blendMode = 'avg'
70.2175 	EXP 	window1: blendMode = 'avg'
70.2350 	EXP 	window1: blendMode = 'avg'
70.2512 	EXP 	window1: blendMode = 'avg'
70.2671 	EXP 	window1: blendMode = 'avg'
70.2841 	EXP 	window1: blendMode = 'avg'
70.3008 	EXP 	window1: blendMode = 'avg'
70.3185 	EXP 	window1: blendMode = 'avg'
70.3351 	EXP 	window1: blendMode = 'avg'
70.3518 	EXP 	window1: blendMode = 'avg'
70.3686 	EXP 	window1: blendMode = 'avg'
70.3854 	EXP 	window1: blendMode = 'avg'
70.4019 	EXP 	window1: blendMode = 'avg'
70.4185 	EXP 	window1: blendMode = 'avg'
70.4353 	EXP 	window1: blendMode = 'avg'
70.4517 	EXP 	window1: blendMode = 'avg'
70.4688 	EXP 	window1: blendMode = 'avg'
70.4850 	EXP 	window1: blendMode = 'avg'
70.5016 	EXP 	window1: blendMode = 'avg'
70.5186 	EXP 	window1: blendMode = 'avg'
70.5351 	EXP 	window1: blendMode = 'avg'
70.5514 	EXP 	window1: blendMode = 'avg'
70.5683 	EXP 	window1: blendMode = 'avg'
70.5848 	EXP 	window1: blendMode = 'avg'
70.6017 	EXP 	window1: blendMode = 'avg'
70.6185 	EXP 	window1: blendMode = 'avg'
70.6352 	EXP 	window1: blendMode = 'avg'
70.6521 	EXP 	window1: blendMode = 'avg'
70.6686 	EXP 	window1: blendMode = 'avg'
70.6850 	EXP 	window1: blendMode = 'avg'
70.7020 	EXP 	window1: blendMode = 'avg'
70.7187 	EXP 	window1: blendMode = 'avg'
70.7354 	EXP 	window1: blendMode = 'avg'
70.7519 	EXP 	window1: blendMode = 'avg'
70.7685 	EXP 	window1: blendMode = 'avg'
70.7851 	EXP 	window1: blendMode = 'avg'
70.8019 	EXP 	window1: blendMode = 'avg'
70.8184 	EXP 	window1: blendMode = 'avg'
70.8352 	EXP 	window1: blendMode = 'avg'
70.8518 	EXP 	window1: blendMode = 'avg'
70.8686 	EXP 	window1: blendMode = 'avg'
70.8851 	EXP 	window1: blendMode = 'avg'
70.9019 	EXP 	window1: blendMode = 'avg'
70.9184 	EXP 	window1: blendMode = 'avg'
70.9359 	EXP 	window1: blendMode = 'avg'
70.9516 	EXP 	window1: blendMode = 'avg'
70.9685 	EXP 	window1: blendMode = 'avg'
70.9843 	EXP 	window1: blendMode = 'avg'
71.0018 	EXP 	window1: blendMode = 'avg'
71.0186 	EXP 	window1: blendMode = 'avg'
71.0349 	EXP 	window1: blendMode = 'avg'
71.0517 	EXP 	window1: blendMode = 'avg'
71.0685 	EXP 	window1: blendMode = 'avg'
71.0851 	EXP 	window1: blendMode = 'avg'
71.1016 	EXP 	window1: blendMode = 'avg'
71.1183 	EXP 	window1: blendMode = 'avg'
71.1340 	EXP 	window1: blendMode = 'avg'
71.1509 	EXP 	window1: blendMode = 'avg'
71.1686 	EXP 	window1: blendMode = 'avg'
71.1842 	EXP 	window1: blendMode = 'avg'
71.2019 	EXP 	window1: blendMode = 'avg'
71.2184 	EXP 	window1: blendMode = 'avg'
71.2351 	EXP 	window1: blendMode = 'avg'
71.2519 	EXP 	window1: blendMode = 'avg'
71.2684 	EXP 	window1: blendMode = 'avg'
71.2852 	EXP 	window1: blendMode = 'avg'
71.3017 	EXP 	window1: blendMode = 'avg'
71.3185 	EXP 	window1: blendMode = 'avg'
71.3352 	EXP 	window1: blendMode = 'avg'
71.3517 	EXP 	window1: blendMode = 'avg'
71.3684 	EXP 	window1: blendMode = 'avg'
71.3852 	EXP 	window1: blendMode = 'avg'
71.4018 	EXP 	window1: blendMode = 'avg'
71.4183 	EXP 	window1: blendMode = 'avg'
71.4351 	EXP 	window1: blendMode = 'avg'
71.4517 	EXP 	window1: blendMode = 'avg'
71.4686 	EXP 	window1: blendMode = 'avg'
71.4851 	EXP 	window1: blendMode = 'avg'
71.5019 	EXP 	window1: blendMode = 'avg'
71.5188 	DATA 	Keypress: right
71.5195 	EXP 	window1: blendMode = 'avg'
71.5350 	EXP 	window1: blendMode = 'avg'
71.5517 	EXP 	window1: blendMode = 'avg'
71.5685 	EXP 	window1: blendMode = 'avg'
71.5852 	EXP 	window1: blendMode = 'avg'
71.6018 	EXP 	window1: blendMode = 'avg'
71.6186 	EXP 	window1: blendMode = 'avg'
71.6352 	EXP 	window1: blendMode = 'avg'
71.6519 	EXP 	window1: blendMode = 'avg'
71.6674 	EXP 	window1: blendMode = 'avg'
71.6851 	EXP 	window1: blendMode = 'avg'
71.7020 	EXP 	window1: blendMode = 'avg'
71.7177 	EXP 	window1: blendMode = 'avg'
71.7345 	EXP 	window1: blendMode = 'avg'
71.7524 	EXP 	window1: blendMode = 'avg'
71.7683 	EXP 	window1: blendMode = 'avg'
71.7850 	EXP 	window1: blendMode = 'avg'
71.8019 	EXP 	window1: blendMode = 'avg'
71.8184 	EXP 	window1: blendMode = 'avg'
71.8352 	EXP 	window1: blendMode = 'avg'
71.8518 	EXP 	window1: blendMode = 'avg'
71.8685 	EXP 	window1: blendMode = 'avg'
71.8851 	EXP 	window1: blendMode = 'avg'
71.9019 	EXP 	window1: blendMode = 'avg'
71.9184 	EXP 	window1: blendMode = 'avg'
71.9350 	EXP 	window1: blendMode = 'avg'
71.9517 	EXP 	window1: blendMode = 'avg'
71.9687 	EXP 	window1: blendMode = 'avg'
71.9853 	EXP 	window1: blendMode = 'avg'
72.0018 	EXP 	window1: blendMode = 'avg'
72.0186 	EXP 	window1: blendMode = 'avg'
72.0342 	EXP 	window1: blendMode = 'avg'
72.0518 	EXP 	window1: blendMode = 'avg'
72.0686 	EXP 	window1: blendMode = 'avg'
72.0852 	EXP 	window1: blendMode = 'avg'
72.1019 	EXP 	window1: blendMode = 'avg'
72.1184 	EXP 	window1: blendMode = 'avg'
72.1352 	EXP 	window1: blendMode = 'avg'
72.1518 	EXP 	window1: blendMode = 'avg'
72.1685 	EXP 	window1: blendMode = 'avg'
72.1851 	EXP 	window1: blendMode = 'avg'
72.2019 	EXP 	window1: blendMode = 'avg'
72.2184 	EXP 	window1: blendMode = 'avg'
72.2353 	EXP 	window1: blendMode = 'avg'
72.2519 	EXP 	window1: blendMode = 'avg'
72.2684 	EXP 	window1: blendMode = 'avg'
72.2854 	EXP 	window1: blendMode = 'avg'
72.3017 	EXP 	window1: blendMode = 'avg'
72.3184 	EXP 	window1: blendMode = 'avg'
72.3352 	EXP 	window1: blendMode = 'avg'
72.3518 	EXP 	window1: blendMode = 'avg'
72.3673 	EXP 	window1: blendMode = 'avg'
72.3847 	EXP 	window1: blendMode = 'avg'
72.4012 	EXP 	window1: blendMode = 'avg'
72.4174 	EXP 	window1: blendMode = 'avg'
72.4352 	EXP 	window1: blendMode = 'avg'
72.4518 	EXP 	window1: blendMode = 'avg'
72.4685 	EXP 	window1: blendMode = 'avg'
72.4851 	EXP 	window1: blendMode = 'avg'
72.5019 	EXP 	window1: blendMode = 'avg'
72.5186 	EXP 	window1: blendMode = 'avg'
72.5352 	EXP 	window1: blendMode = 'avg'
72.5520 	EXP 	window1: blendMode = 'avg'
72.5683 	EXP 	window1: blendMode = 'avg'
72.5849 	EXP 	window1: blendMode = 'avg'
72.6019 	EXP 	window1: blendMode = 'avg'
72.6177 	EXP 	window1: blendMode = 'avg'
72.6345 	EXP 	window1: blendMode = 'avg'
72.6517 	EXP 	window1: blendMode = 'avg'
72.6684 	EXP 	window1: blendMode = 'avg'
72.6852 	EXP 	window1: blendMode = 'avg'
72.7017 	EXP 	window1: blendMode = 'avg'
72.7185 	EXP 	window1: blendMode = 'avg'
72.7363 	DATA 	Keypress: escape
72.8494 	EXP 	window1: mouseVisible = True
