13.0592 	EXP 	Created window1 = Window(allowGUI=False, allowStencil=False, autoLog=True, bitsMode=UNKNOWN, blendMode='avg', color=array([ 0.,  0.,  0.]), colorSpace='rgb', fullscr=UNKNOWN, gamma=None, lms=UNKNOWN, monitor=<psychopy.monitors.calibTools.Monitor object at 0x113ddd410>, multiSample=False, name='window1', numSamples=2, pos=[0, 0], screen=0, size=array([1440,  900]), stereo=False, units=u'norm', useFBO=True, useRetina=False, viewOri=0.0, viewPos=None, viewScale=None, waitBlanking=True, winType='pyglet')
13.0593 	EXP 	window1: recordFrameIntervals = False
13.2254 	EXP 	window1: recordFrameIntervals = True
13.4090 	EXP 	window1: recordFrameIntervals = False
13.5244 	EXP 	Created text_2 = TextStim(alignHoriz='center', alignVert='center', antialias=True, autoLog=True, bold=False, color='white', colorSpace='named', contrast=1.0, depth=0.0, flipHoriz=False, flipVert=False, font='Arial', fontFiles=[], height=0.1, italic=False, name='text_2', opacity=1.0, ori=0, pos=array([ 0.,  0.]), rgb=array([ 255.,  255.,  255.]), text=unicode(...), units=u'norm', win=Window(...), wrapWidth=1)
13.5261 	EXP 	Created Leftimg = ImageStim(autoLog=True, color=array([ 1.,  1.,  1.]), colorSpace='rgb', contrast=1.0, depth=0.0, flipHoriz=False, flipVert=False, image='sin', interpolate=True, mask=None, maskParams=None, name='Leftimg', opacity=1.0, ori=0.0, pos=array([ 0.,  0.]), size=array([ 400.,  400.]), texRes=128, units='pix', win=Window(...))
13.5272 	EXP 	Created Rightimg = ImageStim(autoLog=True, color=array([ 1.,  1.,  1.]), colorSpace='rgb', contrast=1.0, depth=-1.0, flipHoriz=False, flipVert=False, image='sin', interpolate=True, mask=None, maskParams=None, name='Rightimg', opacity=1.0, ori=0.0, pos=array([ 0.,  0.]), size=array([ 400.,  400.]), texRes=128, units='pix', win=Window(...))
13.5373 	EXP 	Created text = TextStim(alignHoriz='center', alignVert='center', antialias=True, autoLog=True, bold=False, color='white', colorSpace='named', contrast=1.0, depth=-4.0, flipHoriz=False, flipVert=False, font='Arial', fontFiles=[], height=0.05, italic=False, name='text', opacity=1.0, ori=0, pos=array([ 0.,  0.]), rgb=array([ 255.,  255.,  255.]), text=u'to proceed press the space bar.', units=u'norm', win=Window(...), wrapWidth=1)
13.5466 	EXP 	Created text_3 = TextStim(alignHoriz='center', alignVert='center', antialias=True, autoLog=True, bold=False, color='white', colorSpace='named', contrast=1.0, depth=0.0, flipHoriz=False, flipVert=False, font='Arial', fontFiles=[], height=0.1, italic=False, name='text_3', opacity=1.0, ori=0, pos=array([ 0.,  0.]), rgb=array([ 255.,  255.,  255.]), text=unicode(...), units=u'norm', win=Window(...), wrapWidth=1)
13.5512 	EXP 	window1: blendMode = 'avg'
13.5577 	EXP 	text_2: autoDraw = True
13.5608 	EXP 	window1: blendMode = 'avg'
13.5760 	EXP 	window1: blendMode = 'avg'
13.5928 	EXP 	window1: blendMode = 'avg'
13.6096 	EXP 	window1: blendMode = 'avg'
13.6261 	EXP 	window1: blendMode = 'avg'
13.6431 	EXP 	window1: blendMode = 'avg'
13.6596 	EXP 	window1: blendMode = 'avg'
13.6752 	EXP 	window1: blendMode = 'avg'
13.6930 	EXP 	window1: blendMode = 'avg'
13.7096 	EXP 	window1: blendMode = 'avg'
13.7262 	EXP 	window1: blendMode = 'avg'
13.7428 	EXP 	window1: blendMode = 'avg'
13.7596 	EXP 	window1: blendMode = 'avg'
13.7762 	EXP 	window1: blendMode = 'avg'
13.7929 	EXP 	window1: blendMode = 'avg'
13.8094 	EXP 	window1: blendMode = 'avg'
13.8261 	EXP 	window1: blendMode = 'avg'
13.8429 	EXP 	window1: blendMode = 'avg'
13.8594 	EXP 	window1: blendMode = 'avg'
13.8763 	EXP 	window1: blendMode = 'avg'
13.8928 	EXP 	window1: blendMode = 'avg'
13.9096 	EXP 	window1: blendMode = 'avg'
13.9261 	EXP 	window1: blendMode = 'avg'
13.9428 	EXP 	window1: blendMode = 'avg'
13.9596 	EXP 	window1: blendMode = 'avg'
13.9763 	EXP 	window1: blendMode = 'avg'
13.9928 	EXP 	window1: blendMode = 'avg'
14.0096 	EXP 	window1: blendMode = 'avg'
14.0261 	EXP 	window1: blendMode = 'avg'
14.0429 	EXP 	window1: blendMode = 'avg'
14.0595 	EXP 	window1: blendMode = 'avg'
14.0762 	EXP 	window1: blendMode = 'avg'
14.0930 	EXP 	window1: blendMode = 'avg'
14.1095 	EXP 	window1: blendMode = 'avg'
14.1262 	EXP 	window1: blendMode = 'avg'
14.1428 	EXP 	window1: blendMode = 'avg'
14.1599 	EXP 	window1: blendMode = 'avg'
14.1756 	EXP 	window1: blendMode = 'avg'
14.1927 	EXP 	window1: blendMode = 'avg'
14.2095 	EXP 	window1: blendMode = 'avg'
14.2261 	EXP 	window1: blendMode = 'avg'
14.2427 	EXP 	window1: blendMode = 'avg'
14.2594 	EXP 	window1: blendMode = 'avg'
14.2762 	EXP 	window1: blendMode = 'avg'
14.2929 	EXP 	window1: blendMode = 'avg'
14.3094 	EXP 	window1: blendMode = 'avg'
14.3262 	EXP 	window1: blendMode = 'avg'
14.3428 	EXP 	window1: blendMode = 'avg'
14.3596 	EXP 	window1: blendMode = 'avg'
14.3761 	EXP 	window1: blendMode = 'avg'
14.3928 	EXP 	window1: blendMode = 'avg'
14.4096 	EXP 	window1: blendMode = 'avg'
14.4261 	EXP 	window1: blendMode = 'avg'
14.4427 	EXP 	window1: blendMode = 'avg'
14.4594 	EXP 	window1: blendMode = 'avg'
14.4763 	EXP 	window1: blendMode = 'avg'
14.4928 	EXP 	window1: blendMode = 'avg'
14.5095 	EXP 	window1: blendMode = 'avg'
14.5262 	EXP 	window1: blendMode = 'avg'
14.5428 	EXP 	window1: blendMode = 'avg'
14.5596 	EXP 	window1: blendMode = 'avg'
14.5763 	EXP 	window1: blendMode = 'avg'
14.5928 	EXP 	window1: blendMode = 'avg'
14.6096 	EXP 	window1: blendMode = 'avg'
14.6263 	EXP 	window1: blendMode = 'avg'
14.6430 	EXP 	window1: blendMode = 'avg'
14.6596 	EXP 	window1: blendMode = 'avg'
14.6761 	EXP 	window1: blendMode = 'avg'
14.6929 	EXP 	window1: blendMode = 'avg'
14.7096 	EXP 	window1: blendMode = 'avg'
14.7263 	EXP 	window1: blendMode = 'avg'
14.7428 	EXP 	window1: blendMode = 'avg'
14.7596 	EXP 	window1: blendMode = 'avg'
14.7761 	EXP 	window1: blendMode = 'avg'
14.7928 	EXP 	window1: blendMode = 'avg'
14.8094 	EXP 	window1: blendMode = 'avg'
14.8261 	EXP 	window1: blendMode = 'avg'
14.8428 	EXP 	window1: blendMode = 'avg'
14.8594 	EXP 	window1: blendMode = 'avg'
14.8761 	EXP 	window1: blendMode = 'avg'
14.8928 	EXP 	window1: blendMode = 'avg'
14.9095 	EXP 	window1: blendMode = 'avg'
14.9261 	EXP 	window1: blendMode = 'avg'
14.9429 	EXP 	window1: blendMode = 'avg'
14.9595 	EXP 	window1: blendMode = 'avg'
14.9762 	EXP 	window1: blendMode = 'avg'
14.9929 	EXP 	window1: blendMode = 'avg'
15.0094 	EXP 	window1: blendMode = 'avg'
15.0261 	EXP 	window1: blendMode = 'avg'
15.0429 	EXP 	window1: blendMode = 'avg'
15.0596 	EXP 	window1: blendMode = 'avg'
15.0763 	EXP 	window1: blendMode = 'avg'
15.0928 	EXP 	window1: blendMode = 'avg'
15.1095 	EXP 	window1: blendMode = 'avg'
15.1263 	EXP 	window1: blendMode = 'avg'
15.1428 	EXP 	window1: blendMode = 'avg'
15.1596 	EXP 	window1: blendMode = 'avg'
15.1762 	EXP 	window1: blendMode = 'avg'
15.1929 	EXP 	window1: blendMode = 'avg'
15.2095 	EXP 	window1: blendMode = 'avg'
15.2262 	EXP 	window1: blendMode = 'avg'
15.2425 	EXP 	window1: blendMode = 'avg'
15.2594 	EXP 	window1: blendMode = 'avg'
15.2762 	EXP 	window1: blendMode = 'avg'
15.2929 	EXP 	window1: blendMode = 'avg'
15.3097 	EXP 	window1: blendMode = 'avg'
15.3262 	EXP 	window1: blendMode = 'avg'
15.3429 	EXP 	window1: blendMode = 'avg'
15.3586 	EXP 	window1: blendMode = 'avg'
15.3761 	EXP 	window1: blendMode = 'avg'
15.3929 	EXP 	window1: blendMode = 'avg'
15.4094 	EXP 	window1: blendMode = 'avg'
15.4261 	EXP 	window1: blendMode = 'avg'
15.4426 	EXP 	window1: blendMode = 'avg'
15.4596 	EXP 	window1: blendMode = 'avg'
15.4763 	EXP 	window1: blendMode = 'avg'
15.4929 	EXP 	window1: blendMode = 'avg'
15.5096 	EXP 	window1: blendMode = 'avg'
15.5261 	EXP 	window1: blendMode = 'avg'
15.5428 	EXP 	window1: blendMode = 'avg'
15.5594 	EXP 	window1: blendMode = 'avg'
15.5760 	EXP 	window1: blendMode = 'avg'
15.5927 	EXP 	window1: blendMode = 'avg'
15.6094 	EXP 	window1: blendMode = 'avg'
15.6262 	EXP 	window1: blendMode = 'avg'
15.6428 	EXP 	window1: blendMode = 'avg'
15.6596 	EXP 	window1: blendMode = 'avg'
15.6761 	EXP 	window1: blendMode = 'avg'
15.6928 	EXP 	window1: blendMode = 'avg'
15.7096 	EXP 	window1: blendMode = 'avg'
15.7261 	EXP 	window1: blendMode = 'avg'
15.7430 	EXP 	window1: blendMode = 'avg'
15.7597 	EXP 	window1: blendMode = 'avg'
15.7762 	EXP 	window1: blendMode = 'avg'
15.7929 	EXP 	window1: blendMode = 'avg'
15.8095 	EXP 	window1: blendMode = 'avg'
15.8262 	EXP 	window1: blendMode = 'avg'
15.8428 	EXP 	window1: blendMode = 'avg'
15.8596 	EXP 	window1: blendMode = 'avg'
15.8763 	EXP 	window1: blendMode = 'avg'
15.8928 	EXP 	window1: blendMode = 'avg'
15.9095 	EXP 	window1: blendMode = 'avg'
15.9262 	EXP 	window1: blendMode = 'avg'
15.9427 	EXP 	window1: blendMode = 'avg'
15.9595 	EXP 	window1: blendMode = 'avg'
15.9762 	EXP 	window1: blendMode = 'avg'
15.9929 	EXP 	window1: blendMode = 'avg'
16.0094 	EXP 	window1: blendMode = 'avg'
16.0261 	EXP 	window1: blendMode = 'avg'
16.0429 	EXP 	window1: blendMode = 'avg'
16.0596 	EXP 	window1: blendMode = 'avg'
16.0762 	EXP 	window1: blendMode = 'avg'
16.0929 	EXP 	window1: blendMode = 'avg'
16.1096 	EXP 	window1: blendMode = 'avg'
16.1261 	EXP 	window1: blendMode = 'avg'
16.1428 	EXP 	window1: blendMode = 'avg'
16.1592 	EXP 	window1: blendMode = 'avg'
16.1751 	EXP 	window1: blendMode = 'avg'
16.1919 	EXP 	window1: blendMode = 'avg'
16.2087 	EXP 	window1: blendMode = 'avg'
16.2261 	EXP 	window1: blendMode = 'avg'
16.2425 	EXP 	window1: blendMode = 'avg'
16.2593 	EXP 	window1: blendMode = 'avg'
16.2760 	EXP 	window1: blendMode = 'avg'
16.2929 	EXP 	window1: blendMode = 'avg'
16.3096 	EXP 	window1: blendMode = 'avg'
16.3261 	EXP 	window1: blendMode = 'avg'
16.3429 	EXP 	window1: blendMode = 'avg'
16.3595 	EXP 	window1: blendMode = 'avg'
16.3763 	EXP 	window1: blendMode = 'avg'
16.3931 	EXP 	window1: blendMode = 'avg'
16.4091 	EXP 	window1: blendMode = 'avg'
16.4261 	EXP 	window1: blendMode = 'avg'
16.4432 	EXP 	window1: blendMode = 'avg'
16.4594 	EXP 	window1: blendMode = 'avg'
16.4762 	EXP 	window1: blendMode = 'avg'
16.4927 	EXP 	window1: blendMode = 'avg'
16.5095 	EXP 	window1: blendMode = 'avg'
16.5261 	EXP 	window1: blendMode = 'avg'
16.5428 	EXP 	window1: blendMode = 'avg'
16.5595 	EXP 	window1: blendMode = 'avg'
16.5761 	EXP 	window1: blendMode = 'avg'
16.5928 	EXP 	window1: blendMode = 'avg'
16.6095 	EXP 	window1: blendMode = 'avg'
16.6262 	EXP 	window1: blendMode = 'avg'
16.6429 	EXP 	window1: blendMode = 'avg'
16.6595 	EXP 	window1: blendMode = 'avg'
16.6752 	EXP 	window1: blendMode = 'avg'
16.6928 	EXP 	window1: blendMode = 'avg'
16.7095 	EXP 	window1: blendMode = 'avg'
16.7262 	EXP 	window1: blendMode = 'avg'
16.7427 	EXP 	window1: blendMode = 'avg'
16.7594 	EXP 	window1: blendMode = 'avg'
16.7762 	EXP 	window1: blendMode = 'avg'
16.7929 	EXP 	window1: blendMode = 'avg'
16.8096 	EXP 	window1: blendMode = 'avg'
16.8261 	EXP 	window1: blendMode = 'avg'
16.8429 	EXP 	window1: blendMode = 'avg'
16.8595 	EXP 	window1: blendMode = 'avg'
16.8763 	EXP 	window1: blendMode = 'avg'
16.8928 	EXP 	window1: blendMode = 'avg'
16.9095 	EXP 	window1: blendMode = 'avg'
16.9262 	EXP 	window1: blendMode = 'avg'
16.9430 	EXP 	window1: blendMode = 'avg'
16.9595 	EXP 	window1: blendMode = 'avg'
16.9762 	EXP 	window1: blendMode = 'avg'
16.9921 	EXP 	window1: blendMode = 'avg'
17.0098 	EXP 	window1: blendMode = 'avg'
17.0260 	EXP 	window1: blendMode = 'avg'
17.0430 	EXP 	window1: blendMode = 'avg'
17.0595 	EXP 	window1: blendMode = 'avg'
17.0762 	EXP 	window1: blendMode = 'avg'
17.0924 	EXP 	window1: blendMode = 'avg'
17.1085 	EXP 	window1: blendMode = 'avg'
17.1263 	EXP 	window1: blendMode = 'avg'
17.1423 	EXP 	window1: blendMode = 'avg'
17.1593 	EXP 	window1: blendMode = 'avg'
17.1762 	EXP 	window1: blendMode = 'avg'
17.1927 	EXP 	window1: blendMode = 'avg'
17.2096 	EXP 	window1: blendMode = 'avg'
17.2263 	EXP 	window1: blendMode = 'avg'
17.2428 	EXP 	window1: blendMode = 'avg'
17.2595 	EXP 	window1: blendMode = 'avg'
17.2761 	EXP 	window1: blendMode = 'avg'
17.2929 	EXP 	window1: blendMode = 'avg'
17.3095 	EXP 	window1: blendMode = 'avg'
17.3258 	EXP 	window1: blendMode = 'avg'
17.3430 	EXP 	window1: blendMode = 'avg'
17.3595 	EXP 	window1: blendMode = 'avg'
17.3761 	EXP 	window1: blendMode = 'avg'
17.3929 	EXP 	window1: blendMode = 'avg'
17.4094 	EXP 	window1: blendMode = 'avg'
17.4261 	EXP 	window1: blendMode = 'avg'
17.4426 	EXP 	window1: blendMode = 'avg'
17.4593 	EXP 	window1: blendMode = 'avg'
17.4757 	EXP 	window1: blendMode = 'avg'
17.4917 	EXP 	window1: blendMode = 'avg'
17.5086 	EXP 	window1: blendMode = 'avg'
17.5262 	EXP 	window1: blendMode = 'avg'
17.5429 	EXP 	window1: blendMode = 'avg'
17.5595 	EXP 	window1: blendMode = 'avg'
17.5762 	EXP 	window1: blendMode = 'avg'
17.5928 	EXP 	window1: blendMode = 'avg'
17.6096 	EXP 	window1: blendMode = 'avg'
17.6261 	EXP 	window1: blendMode = 'avg'
17.6420 	EXP 	window1: blendMode = 'avg'
17.6595 	EXP 	window1: blendMode = 'avg'
17.6762 	EXP 	window1: blendMode = 'avg'
17.6927 	EXP 	window1: blendMode = 'avg'
17.7095 	EXP 	window1: blendMode = 'avg'
17.7261 	EXP 	window1: blendMode = 'avg'
17.7428 	EXP 	window1: blendMode = 'avg'
17.7592 	EXP 	window1: blendMode = 'avg'
17.7760 	EXP 	window1: blendMode = 'avg'
17.7926 	EXP 	window1: blendMode = 'avg'
17.8095 	EXP 	window1: blendMode = 'avg'
17.8261 	EXP 	window1: blendMode = 'avg'
17.8428 	EXP 	window1: blendMode = 'avg'
17.8594 	EXP 	window1: blendMode = 'avg'
17.8762 	EXP 	window1: blendMode = 'avg'
17.8928 	EXP 	window1: blendMode = 'avg'
17.9095 	EXP 	window1: blendMode = 'avg'
17.9252 	EXP 	window1: blendMode = 'avg'
17.9418 	EXP 	window1: blendMode = 'avg'
17.9595 	EXP 	window1: blendMode = 'avg'
17.9763 	EXP 	window1: blendMode = 'avg'
17.9928 	EXP 	window1: blendMode = 'avg'
18.0095 	EXP 	window1: blendMode = 'avg'
18.0262 	EXP 	window1: blendMode = 'avg'
18.0419 	EXP 	window1: blendMode = 'avg'
18.0595 	EXP 	window1: blendMode = 'avg'
18.0761 	EXP 	window1: blendMode = 'avg'
18.0929 	EXP 	window1: blendMode = 'avg'
18.1094 	EXP 	window1: blendMode = 'avg'
18.1259 	EXP 	window1: blendMode = 'avg'
18.1427 	EXP 	window1: blendMode = 'avg'
18.1594 	EXP 	window1: blendMode = 'avg'
18.1761 	EXP 	window1: blendMode = 'avg'
18.1929 	EXP 	window1: blendMode = 'avg'
18.2094 	EXP 	window1: blendMode = 'avg'
18.2261 	EXP 	window1: blendMode = 'avg'
18.2425 	EXP 	window1: blendMode = 'avg'
18.2593 	EXP 	window1: blendMode = 'avg'
18.2762 	EXP 	window1: blendMode = 'avg'
18.2928 	EXP 	window1: blendMode = 'avg'
18.3096 	EXP 	window1: blendMode = 'avg'
18.3261 	EXP 	window1: blendMode = 'avg'
18.3428 	EXP 	window1: blendMode = 'avg'
18.3595 	EXP 	window1: blendMode = 'avg'
18.3759 	EXP 	window1: blendMode = 'avg'
18.3926 	EXP 	window1: blendMode = 'avg'
18.4094 	EXP 	window1: blendMode = 'avg'
18.4260 	EXP 	window1: blendMode = 'avg'
18.4428 	EXP 	window1: blendMode = 'avg'
18.4595 	EXP 	window1: blendMode = 'avg'
18.4758 	EXP 	window1: blendMode = 'avg'
18.4921 	EXP 	window1: blendMode = 'avg'
18.5095 	EXP 	window1: blendMode = 'avg'
18.5262 	EXP 	window1: blendMode = 'avg'
18.5427 	EXP 	window1: blendMode = 'avg'
18.5594 	EXP 	window1: blendMode = 'avg'
18.5762 	EXP 	window1: blendMode = 'avg'
18.5929 	EXP 	window1: blendMode = 'avg'
18.6095 	EXP 	window1: blendMode = 'avg'
18.6260 	EXP 	window1: blendMode = 'avg'
18.6428 	EXP 	window1: blendMode = 'avg'
18.6595 	EXP 	window1: blendMode = 'avg'
18.6760 	EXP 	window1: blendMode = 'avg'
18.6927 	EXP 	window1: blendMode = 'avg'
18.7095 	EXP 	window1: blendMode = 'avg'
18.7262 	EXP 	window1: blendMode = 'avg'
18.7414 	EXP 	window1: blendMode = 'avg'
18.7587 	EXP 	window1: blendMode = 'avg'
18.7758 	EXP 	window1: blendMode = 'avg'
18.7926 	EXP 	window1: blendMode = 'avg'
18.8094 	EXP 	window1: blendMode = 'avg'
18.8262 	EXP 	window1: blendMode = 'avg'
18.8427 	EXP 	window1: blendMode = 'avg'
18.8594 	EXP 	window1: blendMode = 'avg'
18.8763 	EXP 	window1: blendMode = 'avg'
18.8928 	EXP 	window1: blendMode = 'avg'
18.9096 	EXP 	window1: blendMode = 'avg'
18.9261 	EXP 	window1: blendMode = 'avg'
18.9428 	EXP 	window1: blendMode = 'avg'
18.9594 	EXP 	window1: blendMode = 'avg'
18.9761 	EXP 	window1: blendMode = 'avg'
18.9929 	EXP 	window1: blendMode = 'avg'
19.0094 	EXP 	window1: blendMode = 'avg'
19.0262 	EXP 	window1: blendMode = 'avg'
19.0427 	EXP 	window1: blendMode = 'avg'
19.0596 	EXP 	window1: blendMode = 'avg'
19.0762 	EXP 	window1: blendMode = 'avg'
19.0927 	EXP 	window1: blendMode = 'avg'
19.1089 	EXP 	window1: blendMode = 'avg'
19.1261 	EXP 	window1: blendMode = 'avg'
19.1428 	EXP 	window1: blendMode = 'avg'
19.1595 	EXP 	window1: blendMode = 'avg'
19.1764 	EXP 	window1: blendMode = 'avg'
19.1918 	EXP 	window1: blendMode = 'avg'
19.2080 	EXP 	window1: blendMode = 'avg'
19.2252 	EXP 	window1: blendMode = 'avg'
19.2425 	EXP 	window1: blendMode = 'avg'
19.2588 	EXP 	window1: blendMode = 'avg'
19.2752 	EXP 	window1: blendMode = 'avg'
19.2923 	EXP 	window1: blendMode = 'avg'
19.3082 	EXP 	window1: blendMode = 'avg'
19.3254 	EXP 	window1: blendMode = 'avg'
19.3416 	EXP 	window1: blendMode = 'avg'
19.3594 	EXP 	window1: blendMode = 'avg'
19.3757 	EXP 	window1: blendMode = 'avg'
19.3926 	EXP 	window1: blendMode = 'avg'
19.4086 	EXP 	window1: blendMode = 'avg'
19.4256 	EXP 	window1: blendMode = 'avg'
19.4426 	EXP 	window1: blendMode = 'avg'
19.4594 	EXP 	window1: blendMode = 'avg'
19.4762 	EXP 	window1: blendMode = 'avg'
19.4927 	EXP 	window1: blendMode = 'avg'
19.5095 	EXP 	window1: blendMode = 'avg'
19.5261 	EXP 	window1: blendMode = 'avg'
19.5429 	EXP 	window1: blendMode = 'avg'
19.5594 	EXP 	window1: blendMode = 'avg'
19.5761 	EXP 	window1: blendMode = 'avg'
19.5928 	EXP 	window1: blendMode = 'avg'
19.6087 	EXP 	window1: blendMode = 'avg'
19.6260 	EXP 	window1: blendMode = 'avg'
19.6428 	EXP 	window1: blendMode = 'avg'
19.6595 	EXP 	window1: blendMode = 'avg'
19.6761 	EXP 	window1: blendMode = 'avg'
19.6930 	EXP 	window1: blendMode = 'avg'
19.7095 	EXP 	window1: blendMode = 'avg'
19.7261 	EXP 	window1: blendMode = 'avg'
19.7429 	EXP 	window1: blendMode = 'avg'
19.7594 	EXP 	window1: blendMode = 'avg'
19.7763 	EXP 	window1: blendMode = 'avg'
19.7921 	EXP 	window1: blendMode = 'avg'
19.8096 	EXP 	window1: blendMode = 'avg'
19.8263 	EXP 	window1: blendMode = 'avg'
19.8429 	EXP 	window1: blendMode = 'avg'
19.8594 	EXP 	window1: blendMode = 'avg'
19.8762 	EXP 	window1: blendMode = 'avg'
19.8927 	EXP 	window1: blendMode = 'avg'
19.9094 	EXP 	window1: blendMode = 'avg'
19.9262 	EXP 	window1: blendMode = 'avg'
19.9427 	EXP 	window1: blendMode = 'avg'
19.9594 	EXP 	window1: blendMode = 'avg'
19.9762 	EXP 	window1: blendMode = 'avg'
19.9927 	EXP 	window1: blendMode = 'avg'
20.0091 	EXP 	window1: blendMode = 'avg'
20.0259 	EXP 	window1: blendMode = 'avg'
20.0427 	EXP 	window1: blendMode = 'avg'
20.0595 	EXP 	window1: blendMode = 'avg'
20.0761 	EXP 	window1: blendMode = 'avg'
20.0927 	EXP 	window1: blendMode = 'avg'
20.1096 	EXP 	window1: blendMode = 'avg'
20.1262 	EXP 	window1: blendMode = 'avg'
20.1427 	EXP 	window1: blendMode = 'avg'
20.1595 	EXP 	window1: blendMode = 'avg'
20.1761 	EXP 	window1: blendMode = 'avg'
20.1927 	EXP 	window1: blendMode = 'avg'
20.2095 	EXP 	window1: blendMode = 'avg'
20.2262 	EXP 	window1: blendMode = 'avg'
20.2426 	EXP 	window1: blendMode = 'avg'
20.2593 	EXP 	window1: blendMode = 'avg'
20.2760 	EXP 	window1: blendMode = 'avg'
20.2927 	EXP 	window1: blendMode = 'avg'
20.3094 	EXP 	window1: blendMode = 'avg'
20.3261 	EXP 	window1: blendMode = 'avg'
20.3428 	EXP 	window1: blendMode = 'avg'
20.3595 	EXP 	window1: blendMode = 'avg'
20.3760 	EXP 	window1: blendMode = 'avg'
20.3927 	EXP 	window1: blendMode = 'avg'
20.4096 	EXP 	window1: blendMode = 'avg'
20.4261 	EXP 	window1: blendMode = 'avg'
20.4429 	EXP 	window1: blendMode = 'avg'
20.4594 	EXP 	window1: blendMode = 'avg'
20.4762 	EXP 	window1: blendMode = 'avg'
20.4927 	EXP 	window1: blendMode = 'avg'
20.5095 	EXP 	window1: blendMode = 'avg'
20.5261 	EXP 	window1: blendMode = 'avg'
20.5429 	EXP 	window1: blendMode = 'avg'
20.5594 	EXP 	window1: blendMode = 'avg'
20.5762 	EXP 	window1: blendMode = 'avg'
20.5927 	EXP 	window1: blendMode = 'avg'
20.6095 	EXP 	window1: blendMode = 'avg'
20.6260 	EXP 	window1: blendMode = 'avg'
20.6430 	EXP 	window1: blendMode = 'avg'
20.6592 	EXP 	window1: blendMode = 'avg'
20.6760 	EXP 	window1: blendMode = 'avg'
20.6926 	EXP 	window1: blendMode = 'avg'
20.7095 	EXP 	window1: blendMode = 'avg'
20.7261 	EXP 	window1: blendMode = 'avg'
20.7429 	EXP 	window1: blendMode = 'avg'
20.7594 	EXP 	window1: blendMode = 'avg'
20.7761 	EXP 	window1: blendMode = 'avg'
20.7928 	EXP 	window1: blendMode = 'avg'
20.8094 	EXP 	window1: blendMode = 'avg'
20.8261 	EXP 	window1: blendMode = 'avg'
20.8428 	EXP 	window1: blendMode = 'avg'
20.8595 	EXP 	window1: blendMode = 'avg'
20.8762 	EXP 	window1: blendMode = 'avg'
20.8927 	EXP 	window1: blendMode = 'avg'
20.9094 	EXP 	window1: blendMode = 'avg'
20.9261 	EXP 	window1: blendMode = 'avg'
20.9427 	EXP 	window1: blendMode = 'avg'
20.9594 	EXP 	window1: blendMode = 'avg'
20.9761 	EXP 	window1: blendMode = 'avg'
20.9928 	EXP 	window1: blendMode = 'avg'
21.0095 	EXP 	window1: blendMode = 'avg'
21.0261 	EXP 	window1: blendMode = 'avg'
21.0429 	EXP 	window1: blendMode = 'avg'
21.0594 	EXP 	window1: blendMode = 'avg'
21.0761 	EXP 	window1: blendMode = 'avg'
21.0928 	EXP 	window1: blendMode = 'avg'
21.1093 	EXP 	window1: blendMode = 'avg'
21.1262 	EXP 	window1: blendMode = 'avg'
21.1427 	EXP 	window1: blendMode = 'avg'
21.1595 	EXP 	window1: blendMode = 'avg'
21.1759 	EXP 	window1: blendMode = 'avg'
21.1926 	EXP 	window1: blendMode = 'avg'
21.2093 	EXP 	window1: blendMode = 'avg'
21.2262 	EXP 	window1: blendMode = 'avg'
21.2424 	EXP 	window1: blendMode = 'avg'
21.2593 	EXP 	window1: blendMode = 'avg'
21.2762 	EXP 	window1: blendMode = 'avg'
21.2927 	EXP 	window1: blendMode = 'avg'
21.3095 	EXP 	window1: blendMode = 'avg'
21.3261 	EXP 	window1: blendMode = 'avg'
21.3429 	EXP 	window1: blendMode = 'avg'
21.3594 	EXP 	window1: blendMode = 'avg'
21.3762 	EXP 	window1: blendMode = 'avg'
21.3926 	EXP 	window1: blendMode = 'avg'
21.4095 	EXP 	window1: blendMode = 'avg'
21.4262 	EXP 	window1: blendMode = 'avg'
21.4427 	EXP 	window1: blendMode = 'avg'
21.4594 	EXP 	window1: blendMode = 'avg'
21.4762 	EXP 	window1: blendMode = 'avg'
21.4927 	EXP 	window1: blendMode = 'avg'
21.5095 	EXP 	window1: blendMode = 'avg'
21.5260 	EXP 	window1: blendMode = 'avg'
21.5428 	EXP 	window1: blendMode = 'avg'
21.5594 	EXP 	window1: blendMode = 'avg'
21.5762 	EXP 	window1: blendMode = 'avg'
21.5927 	EXP 	window1: blendMode = 'avg'
21.6095 	EXP 	window1: blendMode = 'avg'
21.6260 	EXP 	window1: blendMode = 'avg'
21.6425 	EXP 	window1: blendMode = 'avg'
21.6595 	EXP 	window1: blendMode = 'avg'
21.6755 	EXP 	window1: blendMode = 'avg'
21.6926 	EXP 	window1: blendMode = 'avg'
21.7094 	EXP 	window1: blendMode = 'avg'
21.7262 	EXP 	window1: blendMode = 'avg'
21.7428 	EXP 	window1: blendMode = 'avg'
21.7595 	EXP 	window1: blendMode = 'avg'
21.7761 	EXP 	window1: blendMode = 'avg'
21.7928 	EXP 	window1: blendMode = 'avg'
21.8094 	EXP 	window1: blendMode = 'avg'
21.8260 	EXP 	window1: blendMode = 'avg'
21.8430 	EXP 	window1: blendMode = 'avg'
21.8595 	EXP 	window1: blendMode = 'avg'
21.8761 	EXP 	window1: blendMode = 'avg'
21.8929 	EXP 	window1: blendMode = 'avg'
21.9095 	EXP 	window1: blendMode = 'avg'
21.9260 	EXP 	window1: blendMode = 'avg'
21.9427 	EXP 	window1: blendMode = 'avg'
21.9594 	EXP 	window1: blendMode = 'avg'
21.9761 	EXP 	window1: blendMode = 'avg'
21.9927 	EXP 	window1: blendMode = 'avg'
22.0094 	EXP 	window1: blendMode = 'avg'
22.0261 	EXP 	window1: blendMode = 'avg'
22.0427 	EXP 	window1: blendMode = 'avg'
22.0594 	EXP 	window1: blendMode = 'avg'
22.0762 	EXP 	window1: blendMode = 'avg'
22.0927 	EXP 	window1: blendMode = 'avg'
22.1095 	EXP 	window1: blendMode = 'avg'
22.1260 	EXP 	window1: blendMode = 'avg'
22.1428 	EXP 	window1: blendMode = 'avg'
22.1593 	EXP 	window1: blendMode = 'avg'
22.1763 	EXP 	window1: blendMode = 'avg'
22.1928 	EXP 	window1: blendMode = 'avg'
22.2093 	EXP 	window1: blendMode = 'avg'
22.2262 	EXP 	window1: blendMode = 'avg'
22.2427 	EXP 	window1: blendMode = 'avg'
22.2595 	EXP 	window1: blendMode = 'avg'
22.2760 	EXP 	window1: blendMode = 'avg'
22.2927 	EXP 	window1: blendMode = 'avg'
22.3095 	EXP 	window1: blendMode = 'avg'
22.3260 	EXP 	window1: blendMode = 'avg'
22.3428 	EXP 	window1: blendMode = 'avg'
22.3593 	EXP 	window1: blendMode = 'avg'
22.3762 	EXP 	window1: blendMode = 'avg'
22.3926 	EXP 	window1: blendMode = 'avg'
22.4095 	EXP 	window1: blendMode = 'avg'
22.4261 	EXP 	window1: blendMode = 'avg'
22.4429 	EXP 	window1: blendMode = 'avg'
22.4594 	EXP 	window1: blendMode = 'avg'
22.4764 	EXP 	window1: blendMode = 'avg'
22.4921 	EXP 	window1: blendMode = 'avg'
22.5092 	EXP 	window1: blendMode = 'avg'
22.5259 	EXP 	window1: blendMode = 'avg'
22.5427 	EXP 	window1: blendMode = 'avg'
22.5594 	EXP 	window1: blendMode = 'avg'
22.5761 	EXP 	window1: blendMode = 'avg'
22.5927 	EXP 	window1: blendMode = 'avg'
22.6094 	EXP 	window1: blendMode = 'avg'
22.6260 	EXP 	window1: blendMode = 'avg'
22.6432 	EXP 	window1: blendMode = 'avg'
22.6592 	EXP 	window1: blendMode = 'avg'
22.6761 	EXP 	window1: blendMode = 'avg'
22.6928 	EXP 	window1: blendMode = 'avg'
22.7096 	EXP 	window1: blendMode = 'avg'
22.7259 	EXP 	window1: blendMode = 'avg'
22.7429 	EXP 	window1: blendMode = 'avg'
22.7595 	EXP 	window1: blendMode = 'avg'
22.7763 	EXP 	window1: blendMode = 'avg'
22.7919 	EXP 	window1: blendMode = 'avg'
22.8086 	EXP 	window1: blendMode = 'avg'
22.8259 	EXP 	window1: blendMode = 'avg'
22.8428 	EXP 	window1: blendMode = 'avg'
22.8593 	EXP 	window1: blendMode = 'avg'
22.8759 	EXP 	window1: blendMode = 'avg'
22.8923 	EXP 	window1: blendMode = 'avg'
22.9095 	EXP 	window1: blendMode = 'avg'
22.9261 	EXP 	window1: blendMode = 'avg'
22.9430 	EXP 	window1: blendMode = 'avg'
22.9595 	EXP 	window1: blendMode = 'avg'
22.9761 	EXP 	window1: blendMode = 'avg'
22.9928 	EXP 	window1: blendMode = 'avg'
23.0096 	EXP 	window1: blendMode = 'avg'
23.0257 	EXP 	window1: blendMode = 'avg'
23.0426 	EXP 	window1: blendMode = 'avg'
23.0587 	EXP 	window1: blendMode = 'avg'
23.0762 	EXP 	window1: blendMode = 'avg'
23.0926 	EXP 	window1: blendMode = 'avg'
23.1092 	EXP 	window1: blendMode = 'avg'
23.1267 	EXP 	window1: blendMode = 'avg'
23.1424 	EXP 	window1: blendMode = 'avg'
23.1593 	EXP 	window1: blendMode = 'avg'
23.1761 	EXP 	window1: blendMode = 'avg'
23.1927 	EXP 	window1: blendMode = 'avg'
23.2095 	EXP 	window1: blendMode = 'avg'
23.2260 	EXP 	window1: blendMode = 'avg'
23.2427 	EXP 	window1: blendMode = 'avg'
23.2595 	EXP 	window1: blendMode = 'avg'
23.2760 	EXP 	window1: blendMode = 'avg'
23.2928 	EXP 	window1: blendMode = 'avg'
23.3093 	EXP 	window1: blendMode = 'avg'
23.3261 	EXP 	window1: blendMode = 'avg'
23.3428 	EXP 	window1: blendMode = 'avg'
23.3595 	EXP 	window1: blendMode = 'avg'
23.3759 	EXP 	window1: blendMode = 'avg'
23.3928 	EXP 	window1: blendMode = 'avg'
23.4095 	EXP 	window1: blendMode = 'avg'
23.4259 	EXP 	window1: blendMode = 'avg'
23.4426 	EXP 	window1: blendMode = 'avg'
23.4594 	EXP 	window1: blendMode = 'avg'
23.4763 	EXP 	window1: blendMode = 'avg'
23.4926 	EXP 	window1: blendMode = 'avg'
23.5093 	EXP 	window1: blendMode = 'avg'
23.5261 	EXP 	window1: blendMode = 'avg'
23.5426 	EXP 	window1: blendMode = 'avg'
23.5594 	EXP 	window1: blendMode = 'avg'
23.5762 	EXP 	window1: blendMode = 'avg'
23.5929 	EXP 	window1: blendMode = 'avg'
23.6094 	EXP 	window1: blendMode = 'avg'
23.6261 	EXP 	window1: blendMode = 'avg'
23.6428 	EXP 	window1: blendMode = 'avg'
23.6594 	EXP 	window1: blendMode = 'avg'
23.6761 	EXP 	window1: blendMode = 'avg'
23.6926 	EXP 	window1: blendMode = 'avg'
23.7094 	EXP 	window1: blendMode = 'avg'
23.7261 	EXP 	window1: blendMode = 'avg'
23.7426 	EXP 	window1: blendMode = 'avg'
23.7595 	EXP 	window1: blendMode = 'avg'
23.7762 	EXP 	window1: blendMode = 'avg'
23.7927 	EXP 	window1: blendMode = 'avg'
23.8095 	EXP 	window1: blendMode = 'avg'
23.8260 	EXP 	window1: blendMode = 'avg'
23.8428 	EXP 	window1: blendMode = 'avg'
23.8593 	EXP 	window1: blendMode = 'avg'
23.8760 	EXP 	window1: blendMode = 'avg'
23.8927 	EXP 	window1: blendMode = 'avg'
23.9092 	EXP 	window1: blendMode = 'avg'
23.9259 	EXP 	window1: blendMode = 'avg'
23.9426 	EXP 	window1: blendMode = 'avg'
23.9593 	EXP 	window1: blendMode = 'avg'
23.9761 	EXP 	window1: blendMode = 'avg'
23.9928 	EXP 	window1: blendMode = 'avg'
24.0094 	EXP 	window1: blendMode = 'avg'
24.0261 	EXP 	window1: blendMode = 'avg'
24.0427 	EXP 	window1: blendMode = 'avg'
24.0593 	EXP 	window1: blendMode = 'avg'
24.0761 	EXP 	window1: blendMode = 'avg'
24.0926 	EXP 	window1: blendMode = 'avg'
24.1094 	EXP 	window1: blendMode = 'avg'
24.1261 	EXP 	window1: blendMode = 'avg'
24.1426 	EXP 	window1: blendMode = 'avg'
24.1594 	EXP 	window1: blendMode = 'avg'
24.1750 	EXP 	window1: blendMode = 'avg'
24.1928 	EXP 	window1: blendMode = 'avg'
24.2095 	EXP 	window1: blendMode = 'avg'
24.2263 	EXP 	window1: blendMode = 'avg'
24.2428 	EXP 	window1: blendMode = 'avg'
24.2594 	EXP 	window1: blendMode = 'avg'
24.2762 	EXP 	window1: blendMode = 'avg'
24.2927 	EXP 	window1: blendMode = 'avg'
24.3094 	EXP 	window1: blendMode = 'avg'
24.3261 	EXP 	window1: blendMode = 'avg'
24.3426 	EXP 	window1: blendMode = 'avg'
24.3594 	EXP 	window1: blendMode = 'avg'
24.3760 	EXP 	window1: blendMode = 'avg'
24.3928 	EXP 	window1: blendMode = 'avg'
24.4093 	EXP 	window1: blendMode = 'avg'
24.4261 	EXP 	window1: blendMode = 'avg'
24.4428 	EXP 	window1: blendMode = 'avg'
24.4594 	EXP 	window1: blendMode = 'avg'
24.4761 	EXP 	window1: blendMode = 'avg'
24.4926 	EXP 	window1: blendMode = 'avg'
24.5094 	EXP 	window1: blendMode = 'avg'
24.5261 	EXP 	window1: blendMode = 'avg'
24.5428 	EXP 	window1: blendMode = 'avg'
24.5594 	EXP 	window1: blendMode = 'avg'
24.5761 	EXP 	window1: blendMode = 'avg'
24.5926 	EXP 	window1: blendMode = 'avg'
24.6094 	EXP 	window1: blendMode = 'avg'
24.6261 	EXP 	window1: blendMode = 'avg'
24.6427 	EXP 	window1: blendMode = 'avg'
24.6592 	EXP 	window1: blendMode = 'avg'
24.6761 	EXP 	window1: blendMode = 'avg'
24.6928 	EXP 	window1: blendMode = 'avg'
24.7095 	EXP 	window1: blendMode = 'avg'
24.7260 	EXP 	window1: blendMode = 'avg'
24.7427 	EXP 	window1: blendMode = 'avg'
24.7594 	EXP 	window1: blendMode = 'avg'
24.7760 	EXP 	window1: blendMode = 'avg'
24.7929 	EXP 	window1: blendMode = 'avg'
24.8094 	EXP 	window1: blendMode = 'avg'
24.8261 	EXP 	window1: blendMode = 'avg'
24.8426 	EXP 	window1: blendMode = 'avg'
24.8593 	EXP 	window1: blendMode = 'avg'
24.8761 	EXP 	window1: blendMode = 'avg'
24.8925 	EXP 	window1: blendMode = 'avg'
24.9094 	EXP 	window1: blendMode = 'avg'
24.9261 	EXP 	window1: blendMode = 'avg'
24.9426 	EXP 	window1: blendMode = 'avg'
24.9593 	EXP 	window1: blendMode = 'avg'
24.9761 	EXP 	window1: blendMode = 'avg'
24.9926 	EXP 	window1: blendMode = 'avg'
25.0094 	EXP 	window1: blendMode = 'avg'
25.0261 	EXP 	window1: blendMode = 'avg'
25.0426 	EXP 	window1: blendMode = 'avg'
25.0594 	EXP 	window1: blendMode = 'avg'
25.0759 	EXP 	window1: blendMode = 'avg'
25.0926 	EXP 	window1: blendMode = 'avg'
25.1094 	EXP 	window1: blendMode = 'avg'
25.1259 	EXP 	window1: blendMode = 'avg'
25.1428 	EXP 	window1: blendMode = 'avg'
25.1594 	EXP 	window1: blendMode = 'avg'
25.1761 	EXP 	window1: blendMode = 'avg'
25.1926 	EXP 	window1: blendMode = 'avg'
25.2094 	EXP 	window1: blendMode = 'avg'
25.2261 	EXP 	window1: blendMode = 'avg'
25.2427 	EXP 	window1: blendMode = 'avg'
25.2594 	EXP 	window1: blendMode = 'avg'
25.2761 	EXP 	window1: blendMode = 'avg'
25.2928 	EXP 	window1: blendMode = 'avg'
25.3095 	EXP 	window1: blendMode = 'avg'
25.3261 	EXP 	window1: blendMode = 'avg'
25.3427 	EXP 	window1: blendMode = 'avg'
25.3594 	EXP 	window1: blendMode = 'avg'
25.3760 	EXP 	window1: blendMode = 'avg'
25.3927 	EXP 	window1: blendMode = 'avg'
25.4094 	EXP 	window1: blendMode = 'avg'
25.4261 	EXP 	window1: blendMode = 'avg'
25.4426 	EXP 	window1: blendMode = 'avg'
25.4594 	EXP 	window1: blendMode = 'avg'
25.4760 	EXP 	window1: blendMode = 'avg'
25.4927 	EXP 	window1: blendMode = 'avg'
25.5093 	EXP 	window1: blendMode = 'avg'
25.5261 	EXP 	window1: blendMode = 'avg'
25.5426 	EXP 	window1: blendMode = 'avg'
25.5594 	EXP 	window1: blendMode = 'avg'
25.5760 	EXP 	window1: blendMode = 'avg'
25.5926 	EXP 	window1: blendMode = 'avg'
25.6094 	EXP 	window1: blendMode = 'avg'
25.6259 	EXP 	window1: blendMode = 'avg'
25.6428 	EXP 	window1: blendMode = 'avg'
25.6593 	EXP 	window1: blendMode = 'avg'
25.6761 	EXP 	window1: blendMode = 'avg'
25.6927 	EXP 	window1: blendMode = 'avg'
25.7093 	EXP 	window1: blendMode = 'avg'
25.7260 	EXP 	window1: blendMode = 'avg'
25.7428 	EXP 	window1: blendMode = 'avg'
25.7593 	EXP 	window1: blendMode = 'avg'
25.7762 	EXP 	window1: blendMode = 'avg'
25.7929 	EXP 	window1: blendMode = 'avg'
25.8096 	EXP 	window1: blendMode = 'avg'
25.8261 	EXP 	window1: blendMode = 'avg'
25.8428 	EXP 	window1: blendMode = 'avg'
25.8593 	EXP 	window1: blendMode = 'avg'
25.8760 	EXP 	window1: blendMode = 'avg'
25.8928 	EXP 	window1: blendMode = 'avg'
25.9093 	EXP 	window1: blendMode = 'avg'
25.9261 	EXP 	window1: blendMode = 'avg'
25.9416 	EXP 	window1: blendMode = 'avg'
25.9593 	EXP 	window1: blendMode = 'avg'
25.9760 	EXP 	window1: blendMode = 'avg'
25.9927 	EXP 	window1: blendMode = 'avg'
26.0093 	EXP 	window1: blendMode = 'avg'
26.0261 	EXP 	window1: blendMode = 'avg'
26.0427 	EXP 	window1: blendMode = 'avg'
26.0593 	EXP 	window1: blendMode = 'avg'
26.0761 	EXP 	window1: blendMode = 'avg'
26.0927 	EXP 	window1: blendMode = 'avg'
26.1093 	EXP 	window1: blendMode = 'avg'
26.1261 	EXP 	window1: blendMode = 'avg'
26.1426 	EXP 	window1: blendMode = 'avg'
26.1593 	EXP 	window1: blendMode = 'avg'
26.1761 	EXP 	window1: blendMode = 'avg'
26.1927 	EXP 	window1: blendMode = 'avg'
26.2093 	EXP 	window1: blendMode = 'avg'
26.2260 	EXP 	window1: blendMode = 'avg'
26.2430 	EXP 	window1: blendMode = 'avg'
26.2592 	EXP 	window1: blendMode = 'avg'
26.2762 	EXP 	window1: blendMode = 'avg'
26.2927 	EXP 	window1: blendMode = 'avg'
26.3094 	EXP 	window1: blendMode = 'avg'
26.3260 	EXP 	window1: blendMode = 'avg'
26.3427 	EXP 	window1: blendMode = 'avg'
26.3594 	EXP 	window1: blendMode = 'avg'
26.3761 	EXP 	window1: blendMode = 'avg'
26.3927 	EXP 	window1: blendMode = 'avg'
26.4094 	EXP 	window1: blendMode = 'avg'
26.4260 	EXP 	window1: blendMode = 'avg'
26.4427 	EXP 	window1: blendMode = 'avg'
26.4594 	EXP 	window1: blendMode = 'avg'
26.4760 	EXP 	window1: blendMode = 'avg'
26.4927 	EXP 	window1: blendMode = 'avg'
26.5092 	EXP 	window1: blendMode = 'avg'
26.5261 	EXP 	window1: blendMode = 'avg'
26.5426 	EXP 	window1: blendMode = 'avg'
26.5593 	EXP 	window1: blendMode = 'avg'
26.5761 	EXP 	window1: blendMode = 'avg'
26.5923 	EXP 	window1: blendMode = 'avg'
26.6092 	EXP 	window1: blendMode = 'avg'
26.6260 	EXP 	window1: blendMode = 'avg'
26.6428 	EXP 	window1: blendMode = 'avg'
26.6593 	EXP 	window1: blendMode = 'avg'
26.6761 	EXP 	window1: blendMode = 'avg'
26.6927 	EXP 	window1: blendMode = 'avg'
26.7093 	EXP 	window1: blendMode = 'avg'
26.7260 	EXP 	window1: blendMode = 'avg'
26.7427 	EXP 	window1: blendMode = 'avg'
26.7594 	EXP 	window1: blendMode = 'avg'
26.7759 	EXP 	window1: blendMode = 'avg'
26.7926 	EXP 	window1: blendMode = 'avg'
26.8094 	EXP 	window1: blendMode = 'avg'
26.8259 	EXP 	window1: blendMode = 'avg'
26.8428 	EXP 	window1: blendMode = 'avg'
26.8593 	EXP 	window1: blendMode = 'avg'
26.8760 	EXP 	window1: blendMode = 'avg'
26.8927 	EXP 	window1: blendMode = 'avg'
26.9093 	EXP 	window1: blendMode = 'avg'
26.9261 	EXP 	window1: blendMode = 'avg'
26.9429 	EXP 	window1: blendMode = 'avg'
26.9594 	EXP 	window1: blendMode = 'avg'
26.9761 	EXP 	window1: blendMode = 'avg'
26.9926 	EXP 	window1: blendMode = 'avg'
27.0095 	EXP 	window1: blendMode = 'avg'
27.0260 	EXP 	window1: blendMode = 'avg'
27.0428 	EXP 	window1: blendMode = 'avg'
27.0593 	EXP 	window1: blendMode = 'avg'
27.0761 	EXP 	window1: blendMode = 'avg'
27.0928 	EXP 	window1: blendMode = 'avg'
27.1092 	EXP 	window1: blendMode = 'avg'
27.1259 	EXP 	window1: blendMode = 'avg'
27.1427 	EXP 	window1: blendMode = 'avg'
27.1594 	EXP 	window1: blendMode = 'avg'
27.1760 	EXP 	window1: blendMode = 'avg'
27.1927 	EXP 	window1: blendMode = 'avg'
27.2093 	EXP 	window1: blendMode = 'avg'
27.2260 	EXP 	window1: blendMode = 'avg'
27.2424 	EXP 	window1: blendMode = 'avg'
27.2592 	EXP 	window1: blendMode = 'avg'
27.2759 	EXP 	window1: blendMode = 'avg'
27.2926 	EXP 	window1: blendMode = 'avg'
27.3094 	EXP 	window1: blendMode = 'avg'
27.3261 	EXP 	window1: blendMode = 'avg'
27.3427 	EXP 	window1: blendMode = 'avg'
27.3593 	EXP 	window1: blendMode = 'avg'
27.3760 	EXP 	window1: blendMode = 'avg'
27.3927 	EXP 	window1: blendMode = 'avg'
27.4093 	EXP 	window1: blendMode = 'avg'
27.4261 	EXP 	window1: blendMode = 'avg'
27.4426 	EXP 	window1: blendMode = 'avg'
27.4594 	EXP 	window1: blendMode = 'avg'
27.4761 	EXP 	window1: blendMode = 'avg'
27.4951 	EXP 	window1: blendMode = 'avg'
27.5087 	EXP 	window1: blendMode = 'avg'
27.5258 	EXP 	window1: blendMode = 'avg'
27.5423 	EXP 	window1: blendMode = 'avg'
27.5591 	EXP 	window1: blendMode = 'avg'
27.5759 	EXP 	window1: blendMode = 'avg'
27.5927 	EXP 	window1: blendMode = 'avg'
27.6094 	EXP 	window1: blendMode = 'avg'
27.6259 	EXP 	window1: blendMode = 'avg'
27.6427 	EXP 	window1: blendMode = 'avg'
27.6594 	EXP 	window1: blendMode = 'avg'
27.6759 	EXP 	window1: blendMode = 'avg'
27.6926 	EXP 	window1: blendMode = 'avg'
27.7094 	EXP 	window1: blendMode = 'avg'
27.7261 	EXP 	window1: blendMode = 'avg'
27.7426 	EXP 	window1: blendMode = 'avg'
27.7594 	EXP 	window1: blendMode = 'avg'
27.7760 	EXP 	window1: blendMode = 'avg'
27.7927 	EXP 	window1: blendMode = 'avg'
27.8094 	EXP 	window1: blendMode = 'avg'
27.8260 	EXP 	window1: blendMode = 'avg'
27.8427 	EXP 	window1: blendMode = 'avg'
27.8594 	EXP 	window1: blendMode = 'avg'
27.8759 	EXP 	window1: blendMode = 'avg'
27.8927 	EXP 	window1: blendMode = 'avg'
27.9094 	EXP 	window1: blendMode = 'avg'
27.9259 	EXP 	window1: blendMode = 'avg'
27.9428 	EXP 	window1: blendMode = 'avg'
27.9593 	EXP 	window1: blendMode = 'avg'
27.9761 	EXP 	window1: blendMode = 'avg'
27.9926 	EXP 	window1: blendMode = 'avg'
28.0094 	EXP 	window1: blendMode = 'avg'
28.0259 	EXP 	window1: blendMode = 'avg'
28.0427 	EXP 	window1: blendMode = 'avg'
28.0594 	EXP 	window1: blendMode = 'avg'
28.0759 	EXP 	window1: blendMode = 'avg'
28.0926 	EXP 	window1: blendMode = 'avg'
28.1093 	EXP 	window1: blendMode = 'avg'
28.1261 	EXP 	window1: blendMode = 'avg'
28.1426 	EXP 	window1: blendMode = 'avg'
28.1593 	EXP 	window1: blendMode = 'avg'
28.1749 	EXP 	window1: blendMode = 'avg'
28.1927 	EXP 	window1: blendMode = 'avg'
28.2094 	EXP 	window1: blendMode = 'avg'
28.2260 	EXP 	window1: blendMode = 'avg'
28.2427 	EXP 	window1: blendMode = 'avg'
28.2592 	EXP 	window1: blendMode = 'avg'
28.2761 	EXP 	window1: blendMode = 'avg'
28.2941 	DATA 	Keypress: space
28.3041 	EXP 	Imported Book.xlsx as conditions, 44 conditions, 7 params
28.3045 	EXP 	Created sequence: random, trialTypes=44, nReps=1, seed=None
28.3048 	EXP 	New trial (rep=0, index=0): {'YLeftPos': 0, 'time_presentation': 0.5, 'XLeftPos': -300, 'XRightPos': 300, 'rightimg': u'frogs/ab43.jpg', 'YRightPos': 0, 'leftimg': u'frogs/ab3.jpg'}
28.4413 	EXP 	text_2: autoDraw = False
28.4413 	EXP 	Leftimg: pos = array([-300.,    0.])
28.4413 	EXP 	Leftimg: image = u'frogs/ab3.jpg'
28.4413 	EXP 	Rightimg: pos = array([ 300.,    0.])
28.4413 	EXP 	Rightimg: image = u'frogs/ab43.jpg'
28.4413 	EXP 	Leftimg: autoDraw = True
28.4413 	EXP 	Rightimg: autoDraw = True
28.8251 	EXP 	Leftimg: autoDraw = False
28.8251 	EXP 	Rightimg: autoDraw = False
30.3128 	DATA 	Keypress: left
30.3264 	EXP 	New trial (rep=0, index=1): {'YLeftPos': 0, 'time_presentation': 0.5, 'XLeftPos': -300, 'XRightPos': 300, 'rightimg': u'frogs/ab61.jpg', 'YRightPos': 0, 'leftimg': u'frogs/ab21.jpg'}
30.3579 	EXP 	Leftimg: autoDraw = False
30.3579 	EXP 	Rightimg: autoDraw = False
30.3579 	EXP 	text: autoDraw = False
30.3579 	EXP 	Leftimg: pos = array([-300.,    0.])
30.3579 	EXP 	Leftimg: image = u'frogs/ab21.jpg'
30.3579 	EXP 	Rightimg: pos = array([ 300.,    0.])
30.3579 	EXP 	Rightimg: image = u'frogs/ab61.jpg'
30.3579 	EXP 	Leftimg: autoDraw = True
30.3579 	EXP 	Rightimg: autoDraw = True
30.8416 	EXP 	Leftimg: autoDraw = False
30.8416 	EXP 	Rightimg: autoDraw = False
31.5433 	DATA 	Keypress: right
31.5445 	EXP 	New trial (rep=0, index=2): {'YLeftPos': 0, 'time_presentation': 0.5, 'XLeftPos': -300, 'XRightPos': 300, 'rightimg': u'frogs/ab53.jpg', 'YRightPos': 0, 'leftimg': u'frogs/ab13.jpg'}
31.5744 	EXP 	Leftimg: autoDraw = False
31.5744 	EXP 	Rightimg: autoDraw = False
31.5744 	EXP 	text: autoDraw = False
31.5744 	EXP 	Leftimg: pos = array([-300.,    0.])
31.5744 	EXP 	Leftimg: image = u'frogs/ab13.jpg'
31.5744 	EXP 	Rightimg: pos = array([ 300.,    0.])
31.5744 	EXP 	Rightimg: image = u'frogs/ab53.jpg'
31.5744 	EXP 	Leftimg: autoDraw = True
31.5744 	EXP 	Rightimg: autoDraw = True
32.0582 	EXP 	Leftimg: autoDraw = False
32.0582 	EXP 	Rightimg: autoDraw = False
33.2596 	DATA 	Keypress: right
33.2606 	EXP 	New trial (rep=0, index=3): {'YLeftPos': 0, 'time_presentation': 0.5, 'XLeftPos': -300, 'XRightPos': 300, 'rightimg': u'frogs/ab80.jpg', 'YRightPos': 0, 'leftimg': u'frogs/ab40.jpg'}
33.2906 	EXP 	Leftimg: autoDraw = False
33.2906 	EXP 	Rightimg: autoDraw = False
33.2906 	EXP 	text: autoDraw = False
33.2906 	EXP 	Leftimg: pos = array([-300.,    0.])
33.2906 	EXP 	Leftimg: image = u'frogs/ab40.jpg'
33.2906 	EXP 	Rightimg: pos = array([ 300.,    0.])
33.2906 	EXP 	Rightimg: image = u'frogs/ab80.jpg'
33.2906 	EXP 	Leftimg: autoDraw = True
33.2906 	EXP 	Rightimg: autoDraw = True
33.7748 	EXP 	Leftimg: autoDraw = False
33.7748 	EXP 	Rightimg: autoDraw = False
35.1257 	DATA 	Keypress: right
35.1269 	EXP 	New trial (rep=0, index=4): {'YLeftPos': 0, 'time_presentation': 0.5, 'XLeftPos': -300, 'XRightPos': 300, 'rightimg': u'frogs/ab66.jpg', 'YRightPos': 0, 'leftimg': u'frogs/ab26.jpg'}
35.1412 	EXP 	Leftimg: autoDraw = False
35.1412 	EXP 	Rightimg: autoDraw = False
35.1412 	EXP 	text: autoDraw = False
35.1412 	EXP 	Leftimg: pos = array([-300.,    0.])
35.1412 	EXP 	Leftimg: image = u'frogs/ab26.jpg'
35.1412 	EXP 	Rightimg: pos = array([ 300.,    0.])
35.1412 	EXP 	Rightimg: image = u'frogs/ab66.jpg'
35.1412 	EXP 	Leftimg: autoDraw = True
35.1412 	EXP 	Rightimg: autoDraw = True
35.6415 	EXP 	Leftimg: autoDraw = False
35.6415 	EXP 	Rightimg: autoDraw = False
37.3262 	DATA 	Keypress: right
37.3272 	EXP 	New trial (rep=0, index=5): {'YLeftPos': 0, 'time_presentation': 0.5, 'XLeftPos': -300, 'XRightPos': 300, 'rightimg': u'frogs/ab47.jpg', 'YRightPos': 0, 'leftimg': u'frogs/ab7.jpg'}
37.6910 	EXP 	Leftimg: autoDraw = False
37.6910 	EXP 	Rightimg: autoDraw = False
37.6910 	EXP 	text: autoDraw = False
37.6910 	EXP 	Leftimg: pos = array([-300.,    0.])
37.6910 	EXP 	Leftimg: image = u'frogs/ab7.jpg'
37.6910 	EXP 	Rightimg: pos = array([ 300.,    0.])
37.6910 	EXP 	Rightimg: image = u'frogs/ab47.jpg'
37.6910 	EXP 	Leftimg: autoDraw = True
37.6910 	EXP 	Rightimg: autoDraw = True
37.8415 	EXP 	Leftimg: autoDraw = False
37.8415 	EXP 	Rightimg: autoDraw = False
38.9766 	DATA 	Keypress: right
38.9776 	EXP 	New trial (rep=0, index=6): {'YLeftPos': 0, 'time_presentation': 0.5, 'XLeftPos': -300, 'XRightPos': 300, 'rightimg': u'frogs/ab77.jpg', 'YRightPos': 0, 'leftimg': u'frogs/ab37.jpg'}
39.0412 	EXP 	Leftimg: autoDraw = False
39.0412 	EXP 	Rightimg: autoDraw = False
39.0412 	EXP 	text: autoDraw = False
39.0412 	EXP 	Leftimg: pos = array([-300.,    0.])
39.0412 	EXP 	Leftimg: image = u'frogs/ab37.jpg'
39.0412 	EXP 	Rightimg: pos = array([ 300.,    0.])
39.0412 	EXP 	Rightimg: image = u'frogs/ab77.jpg'
39.0412 	EXP 	Leftimg: autoDraw = True
39.0412 	EXP 	Rightimg: autoDraw = True
39.4913 	EXP 	Leftimg: autoDraw = False
39.4913 	EXP 	Rightimg: autoDraw = False
40.7095 	DATA 	Keypress: right
40.7109 	EXP 	New trial (rep=0, index=7): {'YLeftPos': 0, 'time_presentation': 0.5, 'XLeftPos': -300, 'XRightPos': 300, 'rightimg': u'frogs/ab55.jpg', 'YRightPos': 0, 'leftimg': u'frogs/ab15.jpg'}
40.7907 	EXP 	Leftimg: autoDraw = False
40.7907 	EXP 	Rightimg: autoDraw = False
40.7907 	EXP 	text: autoDraw = False
40.7907 	EXP 	Leftimg: pos = array([-300.,    0.])
40.7907 	EXP 	Leftimg: image = u'frogs/ab15.jpg'
40.7907 	EXP 	Rightimg: pos = array([ 300.,    0.])
40.7907 	EXP 	Rightimg: image = u'frogs/ab55.jpg'
40.7907 	EXP 	Leftimg: autoDraw = True
40.7907 	EXP 	Rightimg: autoDraw = True
41.2249 	EXP 	Leftimg: autoDraw = False
41.2249 	EXP 	Rightimg: autoDraw = False
42.0764 	DATA 	Keypress: left
42.0775 	EXP 	New trial (rep=0, index=8): {'YLeftPos': 0, 'time_presentation': 0.5, 'XLeftPos': -300, 'XRightPos': 300, 'rightimg': u'frogs/ab49.jpg', 'YRightPos': 0, 'leftimg': u'frogs/ab9.jpg'}
42.2741 	EXP 	Leftimg: autoDraw = False
42.2741 	EXP 	Rightimg: autoDraw = False
42.2741 	EXP 	text: autoDraw = False
42.2741 	EXP 	Leftimg: pos = array([-300.,    0.])
42.2741 	EXP 	Leftimg: image = u'frogs/ab9.jpg'
42.2741 	EXP 	Rightimg: pos = array([ 300.,    0.])
42.2741 	EXP 	Rightimg: image = u'frogs/ab49.jpg'
42.2741 	EXP 	Leftimg: autoDraw = True
42.2741 	EXP 	Rightimg: autoDraw = True
42.5913 	EXP 	Leftimg: autoDraw = False
42.5913 	EXP 	Rightimg: autoDraw = False
44.0097 	DATA 	Keypress: left
44.0109 	EXP 	New trial (rep=0, index=9): {'YLeftPos': 0, 'time_presentation': 0.5, 'XLeftPos': -300, 'XRightPos': 300, 'rightimg': u'frogs/ab41.jpg', 'YRightPos': 0, 'leftimg': u'frogs/ab1.jpg'}
44.0412 	EXP 	Leftimg: autoDraw = False
44.0412 	EXP 	Rightimg: autoDraw = False
44.0412 	EXP 	text: autoDraw = False
44.0412 	EXP 	Leftimg: pos = array([-300.,    0.])
44.0412 	EXP 	Leftimg: image = u'frogs/ab1.jpg'
44.0412 	EXP 	Rightimg: pos = array([ 300.,    0.])
44.0412 	EXP 	Rightimg: image = u'frogs/ab41.jpg'
44.0412 	EXP 	Leftimg: autoDraw = True
44.0412 	EXP 	Rightimg: autoDraw = True
44.5245 	EXP 	Leftimg: autoDraw = False
44.5245 	EXP 	Rightimg: autoDraw = False
46.3103 	DATA 	Keypress: right
46.3116 	EXP 	New trial (rep=0, index=10): {'YLeftPos': 0, 'time_presentation': 0.5, 'XLeftPos': -300, 'XRightPos': 300, 'rightimg': u'frogs/ab58.jpg', 'YRightPos': 0, 'leftimg': u'frogs/ab18.jpg'}
46.4575 	EXP 	Leftimg: autoDraw = False
46.4575 	EXP 	Rightimg: autoDraw = False
46.4575 	EXP 	text: autoDraw = False
46.4575 	EXP 	Leftimg: pos = array([-300.,    0.])
46.4575 	EXP 	Leftimg: image = u'frogs/ab18.jpg'
46.4575 	EXP 	Rightimg: pos = array([ 300.,    0.])
46.4575 	EXP 	Rightimg: image = u'frogs/ab58.jpg'
46.4575 	EXP 	Leftimg: autoDraw = True
46.4575 	EXP 	Rightimg: autoDraw = True
46.8247 	EXP 	Leftimg: autoDraw = False
46.8247 	EXP 	Rightimg: autoDraw = False
47.8097 	DATA 	Keypress: right
47.8109 	EXP 	New trial (rep=0, index=11): {'YLeftPos': 0, 'time_presentation': 0.5, 'XLeftPos': -300, 'XRightPos': 300, 'rightimg': u'frogs/ab79.jpg', 'YRightPos': 0, 'leftimg': u'frogs/ab39.jpg'}
47.8572 	EXP 	Leftimg: autoDraw = False
47.8572 	EXP 	Rightimg: autoDraw = False
47.8572 	EXP 	text: autoDraw = False
47.8572 	EXP 	Leftimg: pos = array([-300.,    0.])
47.8572 	EXP 	Leftimg: image = u'frogs/ab39.jpg'
47.8572 	EXP 	Rightimg: pos = array([ 300.,    0.])
47.8572 	EXP 	Rightimg: image = u'frogs/ab79.jpg'
47.8572 	EXP 	Leftimg: autoDraw = True
47.8572 	EXP 	Rightimg: autoDraw = True
48.3248 	EXP 	Leftimg: autoDraw = False
48.3248 	EXP 	Rightimg: autoDraw = False
49.0425 	DATA 	Keypress: left
49.0437 	EXP 	New trial (rep=0, index=12): {'YLeftPos': 0, 'time_presentation': 0.5, 'XLeftPos': -300, 'XRightPos': 300, 'rightimg': u'frogs/ab76.jpg', 'YRightPos': 0, 'leftimg': u'frogs/ab36.jpg'}
49.0916 	EXP 	Leftimg: autoDraw = False
49.0916 	EXP 	Rightimg: autoDraw = False
49.0916 	EXP 	text: autoDraw = False
49.0916 	EXP 	Leftimg: pos = array([-300.,    0.])
49.0916 	EXP 	Leftimg: image = u'frogs/ab36.jpg'
49.0916 	EXP 	Rightimg: pos = array([ 300.,    0.])
49.0916 	EXP 	Rightimg: image = u'frogs/ab76.jpg'
49.0916 	EXP 	Leftimg: autoDraw = True
49.0916 	EXP 	Rightimg: autoDraw = True
49.5580 	EXP 	Leftimg: autoDraw = False
49.5580 	EXP 	Rightimg: autoDraw = False
50.6597 	DATA 	Keypress: left
50.6608 	EXP 	New trial (rep=0, index=13): {'YLeftPos': 0, 'time_presentation': 0.5, 'XLeftPos': -300, 'XRightPos': 300, 'rightimg': u'frogs/ab67.jpg', 'YRightPos': 0, 'leftimg': u'frogs/ab27.jpg'}
50.7084 	EXP 	Leftimg: autoDraw = False
50.7084 	EXP 	Rightimg: autoDraw = False
50.7084 	EXP 	text: autoDraw = False
50.7084 	EXP 	Leftimg: pos = array([-300.,    0.])
50.7084 	EXP 	Leftimg: image = u'frogs/ab27.jpg'
50.7084 	EXP 	Rightimg: pos = array([ 300.,    0.])
50.7084 	EXP 	Rightimg: image = u'frogs/ab67.jpg'
50.7084 	EXP 	Leftimg: autoDraw = True
50.7084 	EXP 	Rightimg: autoDraw = True
51.1747 	EXP 	Leftimg: autoDraw = False
51.1747 	EXP 	Rightimg: autoDraw = False
52.2274 	DATA 	Keypress: left
52.2428 	EXP 	New trial (rep=0, index=14): {'YLeftPos': 0, 'time_presentation': 0.5, 'XLeftPos': -300, 'XRightPos': 300, 'rightimg': u'frogs/ab71.jpg', 'YRightPos': 0, 'leftimg': u'frogs/ab31.jpg'}
52.3407 	EXP 	Leftimg: autoDraw = False
52.3407 	EXP 	Rightimg: autoDraw = False
52.3407 	EXP 	text: autoDraw = False
52.3407 	EXP 	Leftimg: pos = array([-300.,    0.])
52.3407 	EXP 	Leftimg: image = u'frogs/ab31.jpg'
52.3407 	EXP 	Rightimg: pos = array([ 300.,    0.])
52.3407 	EXP 	Rightimg: image = u'frogs/ab71.jpg'
52.3407 	EXP 	Leftimg: autoDraw = True
52.3407 	EXP 	Rightimg: autoDraw = True
52.7579 	EXP 	Leftimg: autoDraw = False
52.7579 	EXP 	Rightimg: autoDraw = False
54.3260 	DATA 	Keypress: right
54.3271 	EXP 	New trial (rep=0, index=15): {'YLeftPos': 0, 'time_presentation': 0.5, 'XLeftPos': -300, 'XRightPos': 300, 'rightimg': u'frogs/ab78.jpg', 'YRightPos': 0, 'leftimg': u'frogs/ab38.jpg'}
54.3574 	EXP 	Leftimg: autoDraw = False
54.3574 	EXP 	Rightimg: autoDraw = False
54.3574 	EXP 	text: autoDraw = False
54.3574 	EXP 	Leftimg: pos = array([-300.,    0.])
54.3574 	EXP 	Leftimg: image = u'frogs/ab38.jpg'
54.3574 	EXP 	Rightimg: pos = array([ 300.,    0.])
54.3574 	EXP 	Rightimg: image = u'frogs/ab78.jpg'
54.3574 	EXP 	Leftimg: autoDraw = True
54.3574 	EXP 	Rightimg: autoDraw = True
54.8415 	EXP 	Leftimg: autoDraw = False
54.8415 	EXP 	Rightimg: autoDraw = False
55.7596 	DATA 	Keypress: left
55.7607 	EXP 	New trial (rep=0, index=16): {'YLeftPos': 0, 'time_presentation': 0.5, 'XLeftPos': -300, 'XRightPos': 300, 'rightimg': u'frogs/ab57.jpg', 'YRightPos': 0, 'leftimg': u'frogs/ab17.jpg'}
55.8581 	EXP 	Leftimg: autoDraw = False
55.8581 	EXP 	Rightimg: autoDraw = False
55.8581 	EXP 	text: autoDraw = False
55.8581 	EXP 	Leftimg: pos = array([-300.,    0.])
55.8581 	EXP 	Leftimg: image = u'frogs/ab17.jpg'
55.8581 	EXP 	Rightimg: pos = array([ 300.,    0.])
55.8581 	EXP 	Rightimg: image = u'frogs/ab57.jpg'
55.8581 	EXP 	Leftimg: autoDraw = True
55.8581 	EXP 	Rightimg: autoDraw = True
56.2745 	EXP 	Leftimg: autoDraw = False
56.2745 	EXP 	Rightimg: autoDraw = False
57.2757 	DATA 	Keypress: right
57.2768 	EXP 	New trial (rep=0, index=17): {'YLeftPos': 0, 'time_presentation': 0.5, 'XLeftPos': -300, 'XRightPos': 300, 'rightimg': u'frogs/ab65.jpg', 'YRightPos': 0, 'leftimg': u'frogs/ab25.jpg'}
57.3402 	EXP 	Leftimg: autoDraw = False
57.3402 	EXP 	Rightimg: autoDraw = False
57.3402 	EXP 	text: autoDraw = False
57.3402 	EXP 	Leftimg: pos = array([-300.,    0.])
57.3402 	EXP 	Leftimg: image = u'frogs/ab25.jpg'
57.3402 	EXP 	Rightimg: pos = array([ 300.,    0.])
57.3402 	EXP 	Rightimg: image = u'frogs/ab65.jpg'
57.3402 	EXP 	Leftimg: autoDraw = True
57.3402 	EXP 	Rightimg: autoDraw = True
57.7912 	EXP 	Leftimg: autoDraw = False
57.7912 	EXP 	Rightimg: autoDraw = False
58.5592 	DATA 	Keypress: left
58.5602 	EXP 	New trial (rep=0, index=18): {'YLeftPos': 0, 'time_presentation': 0.5, 'XLeftPos': -300, 'XRightPos': 300, 'rightimg': u'frogs/ab72.jpg', 'YRightPos': 0, 'leftimg': u'frogs/ab32.jpg'}
58.5906 	EXP 	Leftimg: autoDraw = False
58.5906 	EXP 	Rightimg: autoDraw = False
58.5906 	EXP 	text: autoDraw = False
58.5906 	EXP 	Leftimg: pos = array([-300.,    0.])
58.5906 	EXP 	Leftimg: image = u'frogs/ab32.jpg'
58.5906 	EXP 	Rightimg: pos = array([ 300.,    0.])
58.5906 	EXP 	Rightimg: image = u'frogs/ab72.jpg'
58.5906 	EXP 	Leftimg: autoDraw = True
58.5906 	EXP 	Rightimg: autoDraw = True
59.0746 	EXP 	Leftimg: autoDraw = False
59.0746 	EXP 	Rightimg: autoDraw = False
59.8272 	DATA 	Keypress: left
59.8287 	EXP 	New trial (rep=0, index=19): {'YLeftPos': 0, 'time_presentation': 0.5, 'XLeftPos': -300, 'XRightPos': 300, 'rightimg': u'frogs/ab56.jpg', 'YRightPos': 0, 'leftimg': u'frogs/ab16.jpg'}
60.0757 	EXP 	Leftimg: autoDraw = False
60.0757 	EXP 	Rightimg: autoDraw = False
60.0757 	EXP 	text: autoDraw = False
60.0757 	EXP 	Leftimg: pos = array([-300.,    0.])
60.0757 	EXP 	Leftimg: image = u'frogs/ab16.jpg'
60.0757 	EXP 	Rightimg: pos = array([ 300.,    0.])
60.0757 	EXP 	Rightimg: image = u'frogs/ab56.jpg'
60.0757 	EXP 	Leftimg: autoDraw = True
60.0757 	EXP 	Rightimg: autoDraw = True
60.3412 	EXP 	Leftimg: autoDraw = False
60.3412 	EXP 	Rightimg: autoDraw = False
61.1098 	DATA 	Keypress: right
61.1109 	EXP 	New trial (rep=0, index=20): {'YLeftPos': 0, 'time_presentation': 0.5, 'XLeftPos': -300, 'XRightPos': 300, 'rightimg': u'frogs/ab44.jpg', 'YRightPos': 0, 'leftimg': u'frogs/ab4.jpg'}
61.1414 	EXP 	Leftimg: autoDraw = False
61.1414 	EXP 	Rightimg: autoDraw = False
61.1414 	EXP 	text: autoDraw = False
61.1414 	EXP 	Leftimg: pos = array([-300.,    0.])
61.1414 	EXP 	Leftimg: image = u'frogs/ab4.jpg'
61.1414 	EXP 	Rightimg: pos = array([ 300.,    0.])
61.1414 	EXP 	Rightimg: image = u'frogs/ab44.jpg'
61.1414 	EXP 	Leftimg: autoDraw = True
61.1414 	EXP 	Rightimg: autoDraw = True
61.6245 	EXP 	Leftimg: autoDraw = False
61.6245 	EXP 	Rightimg: autoDraw = False
62.7601 	DATA 	Keypress: right
62.7616 	EXP 	New trial (rep=0, index=21): {'YLeftPos': 0, 'time_presentation': 0.5, 'XLeftPos': -300, 'XRightPos': 300, 'rightimg': u'4.jpg', 'YRightPos': 0, 'leftimg': u'2.jpg'}
62.7913 	EXP 	Leftimg: autoDraw = False
62.7913 	EXP 	Rightimg: autoDraw = False
62.7913 	EXP 	text: autoDraw = False
62.7913 	EXP 	Leftimg: pos = array([-300.,    0.])
62.7913 	EXP 	Leftimg: image = u'2.jpg'
62.7913 	EXP 	Rightimg: pos = array([ 300.,    0.])
62.7913 	EXP 	Rightimg: image = u'4.jpg'
62.7913 	EXP 	Leftimg: autoDraw = True
62.7913 	EXP 	Rightimg: autoDraw = True
63.2743 	EXP 	Leftimg: autoDraw = False
63.2743 	EXP 	Rightimg: autoDraw = False
64.9920 	DATA 	Keypress: left
64.9929 	EXP 	New trial (rep=0, index=22): {'YLeftPos': 0, 'time_presentation': 0.5, 'XLeftPos': -300, 'XRightPos': 300, 'rightimg': u'3.jpg', 'YRightPos': 0, 'leftimg': u'1.jpg'}
65.0411 	EXP 	Leftimg: autoDraw = False
65.0411 	EXP 	Rightimg: autoDraw = False
65.0411 	EXP 	text: autoDraw = False
65.0411 	EXP 	Leftimg: pos = array([-300.,    0.])
65.0411 	EXP 	Leftimg: image = u'1.jpg'
65.0411 	EXP 	Rightimg: pos = array([ 300.,    0.])
65.0411 	EXP 	Rightimg: image = u'3.jpg'
65.0411 	EXP 	Leftimg: autoDraw = True
65.0411 	EXP 	Rightimg: autoDraw = True
65.5078 	EXP 	Leftimg: autoDraw = False
65.5078 	EXP 	Rightimg: autoDraw = False
66.3425 	DATA 	Keypress: left
66.3436 	EXP 	New trial (rep=0, index=23): {'YLeftPos': 0, 'time_presentation': 0.5, 'XLeftPos': -300, 'XRightPos': 300, 'rightimg': u'frogs/ab70.jpg', 'YRightPos': 0, 'leftimg': u'frogs/ab30.jpg'}
66.3577 	EXP 	Leftimg: autoDraw = False
66.3577 	EXP 	Rightimg: autoDraw = False
66.3577 	EXP 	text: autoDraw = False
66.3577 	EXP 	Leftimg: pos = array([-300.,    0.])
66.3577 	EXP 	Leftimg: image = u'frogs/ab30.jpg'
66.3577 	EXP 	Rightimg: pos = array([ 300.,    0.])
66.3577 	EXP 	Rightimg: image = u'frogs/ab70.jpg'
66.3577 	EXP 	Leftimg: autoDraw = True
66.3577 	EXP 	Rightimg: autoDraw = True
66.8578 	EXP 	Leftimg: autoDraw = False
66.8578 	EXP 	Rightimg: autoDraw = False
67.4928 	DATA 	Keypress: right
67.4939 	EXP 	New trial (rep=0, index=24): {'YLeftPos': 0, 'time_presentation': 0.5, 'XLeftPos': -300, 'XRightPos': 300, 'rightimg': u'frogs/ab42.jpg', 'YRightPos': 0, 'leftimg': u'frogs/ab2.jpg'}
67.8073 	EXP 	Leftimg: autoDraw = False
67.8073 	EXP 	Rightimg: autoDraw = False
67.8073 	EXP 	text: autoDraw = False
67.8073 	EXP 	Leftimg: pos = array([-300.,    0.])
67.8073 	EXP 	Leftimg: image = u'frogs/ab2.jpg'
67.8073 	EXP 	Rightimg: pos = array([ 300.,    0.])
67.8073 	EXP 	Rightimg: image = u'frogs/ab42.jpg'
67.8073 	EXP 	Leftimg: autoDraw = True
67.8073 	EXP 	Rightimg: autoDraw = True
68.0077 	EXP 	Leftimg: autoDraw = False
68.0077 	EXP 	Rightimg: autoDraw = False
69.1428 	DATA 	Keypress: right
69.1441 	EXP 	New trial (rep=0, index=25): {'YLeftPos': 0, 'time_presentation': 0.5, 'XLeftPos': -300, 'XRightPos': 300, 'rightimg': u'frogs/ab74.jpg', 'YRightPos': 0, 'leftimg': u'frogs/ab34.jpg'}
69.2405 	EXP 	Leftimg: autoDraw = False
69.2405 	EXP 	Rightimg: autoDraw = False
69.2405 	EXP 	text: autoDraw = False
69.2405 	EXP 	Leftimg: pos = array([-300.,    0.])
69.2405 	EXP 	Leftimg: image = u'frogs/ab34.jpg'
69.2405 	EXP 	Rightimg: pos = array([ 300.,    0.])
69.2405 	EXP 	Rightimg: image = u'frogs/ab74.jpg'
69.2405 	EXP 	Leftimg: autoDraw = True
69.2405 	EXP 	Rightimg: autoDraw = True
69.6575 	EXP 	Leftimg: autoDraw = False
69.6575 	EXP 	Rightimg: autoDraw = False
70.3929 	DATA 	Keypress: left
70.3939 	EXP 	New trial (rep=0, index=26): {'YLeftPos': 0, 'time_presentation': 0.5, 'XLeftPos': -300, 'XRightPos': 300, 'rightimg': u'frogs/ab62.jpg', 'YRightPos': 0, 'leftimg': u'frogs/ab22.jpg'}
70.5909 	EXP 	Leftimg: autoDraw = False
70.5909 	EXP 	Rightimg: autoDraw = False
70.5909 	EXP 	text: autoDraw = False
70.5909 	EXP 	Leftimg: pos = array([-300.,    0.])
70.5909 	EXP 	Leftimg: image = u'frogs/ab22.jpg'
70.5909 	EXP 	Rightimg: pos = array([ 300.,    0.])
70.5909 	EXP 	Rightimg: image = u'frogs/ab62.jpg'
70.5909 	EXP 	Leftimg: autoDraw = True
70.5909 	EXP 	Rightimg: autoDraw = True
70.9079 	EXP 	Leftimg: autoDraw = False
70.9079 	EXP 	Rightimg: autoDraw = False
72.9091 	EXP 	window1: blendMode = 'avg'
72.9243 	EXP 	text: autoDraw = True
72.9252 	EXP 	window1: blendMode = 'avg'
72.9419 	EXP 	window1: blendMode = 'avg'
72.9587 	EXP 	window1: blendMode = 'avg'
72.9754 	EXP 	window1: blendMode = 'avg'
72.9920 	EXP 	window1: blendMode = 'avg'
73.0088 	EXP 	window1: blendMode = 'avg'
73.0255 	EXP 	window1: blendMode = 'avg'
73.0421 	EXP 	window1: blendMode = 'avg'
73.0588 	EXP 	window1: blendMode = 'avg'
73.0755 	EXP 	window1: blendMode = 'avg'
73.0920 	EXP 	window1: blendMode = 'avg'
73.1088 	EXP 	window1: blendMode = 'avg'
73.1253 	EXP 	window1: blendMode = 'avg'
73.1420 	EXP 	window1: blendMode = 'avg'
73.1588 	EXP 	window1: blendMode = 'avg'
73.1753 	EXP 	window1: blendMode = 'avg'
73.1920 	EXP 	window1: blendMode = 'avg'
73.2088 	EXP 	window1: blendMode = 'avg'
73.2255 	EXP 	window1: blendMode = 'avg'
73.2420 	EXP 	window1: blendMode = 'avg'
73.2587 	EXP 	window1: blendMode = 'avg'
73.2752 	EXP 	window1: blendMode = 'avg'
73.2919 	EXP 	window1: blendMode = 'avg'
73.3088 	EXP 	window1: blendMode = 'avg'
73.3253 	EXP 	window1: blendMode = 'avg'
73.3420 	EXP 	window1: blendMode = 'avg'
73.3588 	EXP 	window1: blendMode = 'avg'
73.3744 	EXP 	window1: blendMode = 'avg'
73.3921 	EXP 	window1: blendMode = 'avg'
73.4086 	EXP 	window1: blendMode = 'avg'
73.4252 	EXP 	window1: blendMode = 'avg'
73.4421 	EXP 	window1: blendMode = 'avg'
73.4586 	EXP 	window1: blendMode = 'avg'
73.4754 	EXP 	window1: blendMode = 'avg'
73.4921 	EXP 	window1: blendMode = 'avg'
73.5086 	EXP 	window1: blendMode = 'avg'
73.5254 	EXP 	window1: blendMode = 'avg'
73.5421 	EXP 	window1: blendMode = 'avg'
73.5587 	EXP 	window1: blendMode = 'avg'
73.5754 	EXP 	window1: blendMode = 'avg'
73.5921 	EXP 	window1: blendMode = 'avg'
73.6087 	EXP 	window1: blendMode = 'avg'
73.6254 	EXP 	window1: blendMode = 'avg'
73.6420 	EXP 	window1: blendMode = 'avg'
73.6587 	EXP 	window1: blendMode = 'avg'
73.6754 	EXP 	window1: blendMode = 'avg'
73.6921 	EXP 	window1: blendMode = 'avg'
73.7087 	EXP 	window1: blendMode = 'avg'
73.7254 	EXP 	window1: blendMode = 'avg'
73.7421 	EXP 	window1: blendMode = 'avg'
73.7586 	EXP 	window1: blendMode = 'avg'
73.7753 	EXP 	window1: blendMode = 'avg'
73.7921 	EXP 	window1: blendMode = 'avg'
73.8086 	EXP 	window1: blendMode = 'avg'
73.8253 	EXP 	window1: blendMode = 'avg'
73.8421 	EXP 	window1: blendMode = 'avg'
73.8588 	EXP 	window1: blendMode = 'avg'
73.8754 	EXP 	window1: blendMode = 'avg'
73.8921 	EXP 	window1: blendMode = 'avg'
73.9088 	EXP 	window1: blendMode = 'avg'
73.9253 	EXP 	window1: blendMode = 'avg'
73.9418 	EXP 	window1: blendMode = 'avg'
73.9588 	EXP 	window1: blendMode = 'avg'
73.9755 	EXP 	window1: blendMode = 'avg'
73.9920 	EXP 	window1: blendMode = 'avg'
74.0087 	EXP 	window1: blendMode = 'avg'
74.0254 	EXP 	window1: blendMode = 'avg'
74.0419 	EXP 	window1: blendMode = 'avg'
74.0587 	EXP 	window1: blendMode = 'avg'
74.0754 	EXP 	window1: blendMode = 'avg'
74.0921 	EXP 	window1: blendMode = 'avg'
74.1088 	EXP 	window1: blendMode = 'avg'
74.1253 	EXP 	window1: blendMode = 'avg'
74.1422 	EXP 	window1: blendMode = 'avg'
74.1587 	EXP 	window1: blendMode = 'avg'
74.1754 	EXP 	window1: blendMode = 'avg'
74.1919 	EXP 	window1: blendMode = 'avg'
74.2087 	EXP 	window1: blendMode = 'avg'
74.2255 	EXP 	window1: blendMode = 'avg'
74.2420 	EXP 	window1: blendMode = 'avg'
74.2588 	EXP 	window1: blendMode = 'avg'
74.2753 	EXP 	window1: blendMode = 'avg'
74.2921 	EXP 	window1: blendMode = 'avg'
74.3086 	EXP 	window1: blendMode = 'avg'
74.3253 	EXP 	window1: blendMode = 'avg'
74.3420 	EXP 	window1: blendMode = 'avg'
74.3588 	EXP 	window1: blendMode = 'avg'
74.3753 	EXP 	window1: blendMode = 'avg'
74.3920 	EXP 	window1: blendMode = 'avg'
74.4087 	EXP 	window1: blendMode = 'avg'
74.4255 	EXP 	window1: blendMode = 'avg'
74.4421 	EXP 	window1: blendMode = 'avg'
74.4587 	EXP 	window1: blendMode = 'avg'
74.4754 	EXP 	window1: blendMode = 'avg'
74.4921 	EXP 	window1: blendMode = 'avg'
74.5088 	EXP 	window1: blendMode = 'avg'
74.5254 	EXP 	window1: blendMode = 'avg'
74.5421 	EXP 	window1: blendMode = 'avg'
74.5588 	EXP 	window1: blendMode = 'avg'
74.5755 	EXP 	window1: blendMode = 'avg'
74.5920 	EXP 	window1: blendMode = 'avg'
74.6086 	EXP 	window1: blendMode = 'avg'
74.6254 	EXP 	window1: blendMode = 'avg'
74.6420 	EXP 	window1: blendMode = 'avg'
74.6588 	EXP 	window1: blendMode = 'avg'
74.6754 	EXP 	window1: blendMode = 'avg'
74.6921 	EXP 	window1: blendMode = 'avg'
74.7087 	EXP 	window1: blendMode = 'avg'
74.7254 	EXP 	window1: blendMode = 'avg'
74.7420 	EXP 	window1: blendMode = 'avg'
74.7587 	EXP 	window1: blendMode = 'avg'
74.7753 	EXP 	window1: blendMode = 'avg'
74.7921 	EXP 	window1: blendMode = 'avg'
74.8086 	EXP 	window1: blendMode = 'avg'
74.8254 	EXP 	window1: blendMode = 'avg'
74.8419 	EXP 	window1: blendMode = 'avg'
74.8586 	EXP 	window1: blendMode = 'avg'
74.8754 	EXP 	window1: blendMode = 'avg'
74.8918 	EXP 	window1: blendMode = 'avg'
74.9087 	EXP 	window1: blendMode = 'avg'
74.9253 	EXP 	window1: blendMode = 'avg'
74.9421 	EXP 	window1: blendMode = 'avg'
74.9586 	EXP 	window1: blendMode = 'avg'
74.9752 	EXP 	window1: blendMode = 'avg'
74.9920 	EXP 	window1: blendMode = 'avg'
75.0087 	EXP 	window1: blendMode = 'avg'
75.0254 	EXP 	window1: blendMode = 'avg'
75.0419 	EXP 	window1: blendMode = 'avg'
75.0586 	EXP 	window1: blendMode = 'avg'
75.0754 	EXP 	window1: blendMode = 'avg'
75.0921 	EXP 	window1: blendMode = 'avg'
75.1087 	EXP 	window1: blendMode = 'avg'
75.1254 	EXP 	window1: blendMode = 'avg'
75.1421 	EXP 	window1: blendMode = 'avg'
75.1587 	EXP 	window1: blendMode = 'avg'
75.1755 	EXP 	window1: blendMode = 'avg'
75.1920 	EXP 	window1: blendMode = 'avg'
75.2088 	EXP 	window1: blendMode = 'avg'
75.2260 	DATA 	Keypress: space
75.2270 	EXP 	New trial (rep=0, index=27): {'YLeftPos': 0, 'time_presentation': 0.5, 'XLeftPos': -300, 'XRightPos': 300, 'rightimg': u'frogs/ab50.jpg', 'YRightPos': 0, 'leftimg': u'frogs/ab10.jpg'}
75.2912 	EXP 	Leftimg: autoDraw = False
75.2912 	EXP 	Rightimg: autoDraw = False
75.2912 	EXP 	text: autoDraw = False
75.2912 	EXP 	Leftimg: pos = array([-300.,    0.])
75.2912 	EXP 	Leftimg: image = u'frogs/ab10.jpg'
75.2912 	EXP 	Rightimg: pos = array([ 300.,    0.])
75.2912 	EXP 	Rightimg: image = u'frogs/ab50.jpg'
75.2912 	EXP 	Leftimg: autoDraw = True
75.2912 	EXP 	Rightimg: autoDraw = True
75.7410 	EXP 	Leftimg: autoDraw = False
75.7410 	EXP 	Rightimg: autoDraw = False
76.5092 	DATA 	Keypress: left
76.5103 	EXP 	New trial (rep=0, index=28): {'YLeftPos': 0, 'time_presentation': 0.5, 'XLeftPos': -300, 'XRightPos': 300, 'rightimg': u'1.jpg', 'YRightPos': 0, 'leftimg': u'3.jpg'}
76.5575 	EXP 	Leftimg: autoDraw = False
76.5575 	EXP 	Rightimg: autoDraw = False
76.5575 	EXP 	text: autoDraw = False
76.5575 	EXP 	Leftimg: pos = array([-300.,    0.])
76.5575 	EXP 	Leftimg: image = u'3.jpg'
76.5575 	EXP 	Rightimg: pos = array([ 300.,    0.])
76.5575 	EXP 	Rightimg: image = u'1.jpg'
76.5575 	EXP 	Leftimg: autoDraw = True
76.5575 	EXP 	Rightimg: autoDraw = True
77.0243 	EXP 	Leftimg: autoDraw = False
77.0243 	EXP 	Rightimg: autoDraw = False
77.6759 	DATA 	Keypress: right
77.6770 	EXP 	New trial (rep=0, index=29): {'YLeftPos': 0, 'time_presentation': 0.5, 'XLeftPos': -300, 'XRightPos': 300, 'rightimg': u'frogs/ab60.jpg', 'YRightPos': 0, 'leftimg': u'frogs/ab20.jpg'}
77.6907 	EXP 	Leftimg: autoDraw = False
77.6907 	EXP 	Rightimg: autoDraw = False
77.6907 	EXP 	text: autoDraw = False
77.6907 	EXP 	Leftimg: pos = array([-300.,    0.])
77.6907 	EXP 	Leftimg: image = u'frogs/ab20.jpg'
77.6907 	EXP 	Rightimg: pos = array([ 300.,    0.])
77.6907 	EXP 	Rightimg: image = u'frogs/ab60.jpg'
77.6907 	EXP 	Leftimg: autoDraw = True
77.6907 	EXP 	Rightimg: autoDraw = True
78.1909 	EXP 	Leftimg: autoDraw = False
78.1909 	EXP 	Rightimg: autoDraw = False
79.1924 	DATA 	Keypress: right
79.1935 	EXP 	New trial (rep=0, index=30): {'YLeftPos': 0, 'time_presentation': 0.5, 'XLeftPos': -300, 'XRightPos': 300, 'rightimg': u'frogs/ab59.jpg', 'YRightPos': 0, 'leftimg': u'frogs/ab19.jpg'}
79.2409 	EXP 	Leftimg: autoDraw = False
79.2409 	EXP 	Rightimg: autoDraw = False
79.2409 	EXP 	text: autoDraw = False
79.2409 	EXP 	Leftimg: pos = array([-300.,    0.])
79.2409 	EXP 	Leftimg: image = u'frogs/ab19.jpg'
79.2409 	EXP 	Rightimg: pos = array([ 300.,    0.])
79.2409 	EXP 	Rightimg: image = u'frogs/ab59.jpg'
79.2409 	EXP 	Leftimg: autoDraw = True
79.2409 	EXP 	Rightimg: autoDraw = True
79.7076 	EXP 	Leftimg: autoDraw = False
79.7076 	EXP 	Rightimg: autoDraw = False
80.6598 	DATA 	Keypress: right
80.6614 	EXP 	New trial (rep=0, index=31): {'YLeftPos': 0, 'time_presentation': 0.5, 'XLeftPos': -300, 'XRightPos': 300, 'rightimg': u'frogs/ab69.jpg', 'YRightPos': 0, 'leftimg': u'frogs/ab29.jpg'}
80.6912 	EXP 	Leftimg: autoDraw = False
80.6912 	EXP 	Rightimg: autoDraw = False
80.6912 	EXP 	text: autoDraw = False
80.6912 	EXP 	Leftimg: pos = array([-300.,    0.])
80.6912 	EXP 	Leftimg: image = u'frogs/ab29.jpg'
80.6912 	EXP 	Rightimg: pos = array([ 300.,    0.])
80.6912 	EXP 	Rightimg: image = u'frogs/ab69.jpg'
80.6912 	EXP 	Leftimg: autoDraw = True
80.6912 	EXP 	Rightimg: autoDraw = True
81.1742 	EXP 	Leftimg: autoDraw = False
81.1742 	EXP 	Rightimg: autoDraw = False
81.7924 	DATA 	Keypress: left
81.7935 	EXP 	New trial (rep=0, index=32): {'YLeftPos': 0, 'time_presentation': 0.5, 'XLeftPos': -300, 'XRightPos': 300, 'rightimg': u'frogs/ab52.jpg', 'YRightPos': 0, 'leftimg': u'frogs/ab12.jpg'}
81.8075 	EXP 	Leftimg: autoDraw = False
81.8075 	EXP 	Rightimg: autoDraw = False
81.8075 	EXP 	text: autoDraw = False
81.8075 	EXP 	Leftimg: pos = array([-300.,    0.])
81.8075 	EXP 	Leftimg: image = u'frogs/ab12.jpg'
81.8075 	EXP 	Rightimg: pos = array([ 300.,    0.])
81.8075 	EXP 	Rightimg: image = u'frogs/ab52.jpg'
81.8075 	EXP 	Leftimg: autoDraw = True
81.8075 	EXP 	Rightimg: autoDraw = True
82.3076 	EXP 	Leftimg: autoDraw = False
82.3076 	EXP 	Rightimg: autoDraw = False
82.9591 	DATA 	Keypress: left
82.9601 	EXP 	New trial (rep=0, index=33): {'YLeftPos': 0, 'time_presentation': 0.5, 'XLeftPos': -300, 'XRightPos': 300, 'rightimg': u'frogs/ab51.jpg', 'YRightPos': 0, 'leftimg': u'frogs/ab11.jpg'}
83.0232 	EXP 	Leftimg: autoDraw = False
83.0232 	EXP 	Rightimg: autoDraw = False
83.0232 	EXP 	text: autoDraw = False
83.0232 	EXP 	Leftimg: pos = array([-300.,    0.])
83.0232 	EXP 	Leftimg: image = u'frogs/ab11.jpg'
83.0232 	EXP 	Rightimg: pos = array([ 300.,    0.])
83.0232 	EXP 	Rightimg: image = u'frogs/ab51.jpg'
83.0232 	EXP 	Leftimg: autoDraw = True
83.0232 	EXP 	Rightimg: autoDraw = True
83.4742 	EXP 	Leftimg: autoDraw = False
83.4742 	EXP 	Rightimg: autoDraw = False
84.4595 	DATA 	Keypress: left
84.4606 	EXP 	New trial (rep=0, index=34): {'YLeftPos': 0, 'time_presentation': 0.5, 'XLeftPos': -300, 'XRightPos': 300, 'rightimg': u'frogs/ab63.jpg', 'YRightPos': 0, 'leftimg': u'frogs/ab23.jpg'}
84.5079 	EXP 	Leftimg: autoDraw = False
84.5079 	EXP 	Rightimg: autoDraw = False
84.5079 	EXP 	text: autoDraw = False
84.5079 	EXP 	Leftimg: pos = array([-300.,    0.])
84.5079 	EXP 	Leftimg: image = u'frogs/ab23.jpg'
84.5079 	EXP 	Rightimg: pos = array([ 300.,    0.])
84.5079 	EXP 	Rightimg: image = u'frogs/ab63.jpg'
84.5079 	EXP 	Leftimg: autoDraw = True
84.5079 	EXP 	Rightimg: autoDraw = True
84.9742 	EXP 	Leftimg: autoDraw = False
84.9742 	EXP 	Rightimg: autoDraw = False
85.6095 	DATA 	Keypress: left
85.6252 	EXP 	New trial (rep=0, index=35): {'YLeftPos': 0, 'time_presentation': 0.5, 'XLeftPos': -300, 'XRightPos': 300, 'rightimg': u'frogs/ab54.jpg', 'YRightPos': 0, 'leftimg': u'frogs/ab14.jpg'}
85.6735 	EXP 	Leftimg: autoDraw = False
85.6735 	EXP 	Rightimg: autoDraw = False
85.6735 	EXP 	text: autoDraw = False
85.6735 	EXP 	Leftimg: pos = array([-300.,    0.])
85.6735 	EXP 	Leftimg: image = u'frogs/ab14.jpg'
85.6735 	EXP 	Rightimg: pos = array([ 300.,    0.])
85.6735 	EXP 	Rightimg: image = u'frogs/ab54.jpg'
85.6735 	EXP 	Leftimg: autoDraw = True
85.6735 	EXP 	Rightimg: autoDraw = True
86.1412 	EXP 	Leftimg: autoDraw = False
86.1412 	EXP 	Rightimg: autoDraw = False
87.3419 	DATA 	Keypress: left
87.3428 	EXP 	New trial (rep=0, index=36): {'YLeftPos': 0, 'time_presentation': 0.5, 'XLeftPos': -300, 'XRightPos': 300, 'rightimg': u'frogs/ab68.jpg', 'YRightPos': 0, 'leftimg': u'frogs/ab28.jpg'}
87.3738 	EXP 	Leftimg: autoDraw = False
87.3738 	EXP 	Rightimg: autoDraw = False
87.3738 	EXP 	text: autoDraw = False
87.3738 	EXP 	Leftimg: pos = array([-300.,    0.])
87.3738 	EXP 	Leftimg: image = u'frogs/ab28.jpg'
87.3738 	EXP 	Rightimg: pos = array([ 300.,    0.])
87.3738 	EXP 	Rightimg: image = u'frogs/ab68.jpg'
87.3738 	EXP 	Leftimg: autoDraw = True
87.3738 	EXP 	Rightimg: autoDraw = True
87.8575 	EXP 	Leftimg: autoDraw = False
87.8575 	EXP 	Rightimg: autoDraw = False
89.4264 	DATA 	Keypress: right
89.4274 	EXP 	New trial (rep=0, index=37): {'YLeftPos': 0, 'time_presentation': 0.5, 'XLeftPos': -300, 'XRightPos': 300, 'rightimg': u'2.jpg', 'YRightPos': 0, 'leftimg': u'4.jpg'}
89.4568 	EXP 	Leftimg: autoDraw = False
89.4568 	EXP 	Rightimg: autoDraw = False
89.4568 	EXP 	text: autoDraw = False
89.4568 	EXP 	Leftimg: pos = array([-300.,    0.])
89.4568 	EXP 	Leftimg: image = u'4.jpg'
89.4568 	EXP 	Rightimg: pos = array([ 300.,    0.])
89.4568 	EXP 	Rightimg: image = u'2.jpg'
89.4568 	EXP 	Leftimg: autoDraw = True
89.4568 	EXP 	Rightimg: autoDraw = True
89.9406 	EXP 	Leftimg: autoDraw = False
89.9406 	EXP 	Rightimg: autoDraw = False
91.0252 	DATA 	Keypress: right
91.0262 	EXP 	New trial (rep=0, index=38): {'YLeftPos': 0, 'time_presentation': 0.5, 'XLeftPos': -300, 'XRightPos': 300, 'rightimg': u'frogs/ab73.jpg', 'YRightPos': 0, 'leftimg': u'frogs/ab33.jpg'}
91.1240 	EXP 	Leftimg: autoDraw = False
91.1240 	EXP 	Rightimg: autoDraw = False
91.1240 	EXP 	text: autoDraw = False
91.1240 	EXP 	Leftimg: pos = array([-300.,    0.])
91.1240 	EXP 	Leftimg: image = u'frogs/ab33.jpg'
91.1240 	EXP 	Rightimg: pos = array([ 300.,    0.])
91.1240 	EXP 	Rightimg: image = u'frogs/ab73.jpg'
91.1240 	EXP 	Leftimg: autoDraw = True
91.1240 	EXP 	Rightimg: autoDraw = True
91.5408 	EXP 	Leftimg: autoDraw = False
91.5408 	EXP 	Rightimg: autoDraw = False
92.4425 	DATA 	Keypress: left
92.4435 	EXP 	New trial (rep=0, index=39): {'YLeftPos': 0, 'time_presentation': 0.5, 'XLeftPos': -300, 'XRightPos': 300, 'rightimg': u'frogs/ab45.jpg', 'YRightPos': 0, 'leftimg': u'frogs/ab5.jpg'}
92.4742 	EXP 	Leftimg: autoDraw = False
92.4742 	EXP 	Rightimg: autoDraw = False
92.4742 	EXP 	text: autoDraw = False
92.4742 	EXP 	Leftimg: pos = array([-300.,    0.])
92.4742 	EXP 	Leftimg: image = u'frogs/ab5.jpg'
92.4742 	EXP 	Rightimg: pos = array([ 300.,    0.])
92.4742 	EXP 	Rightimg: image = u'frogs/ab45.jpg'
92.4742 	EXP 	Leftimg: autoDraw = True
92.4742 	EXP 	Rightimg: autoDraw = True
92.9574 	EXP 	Leftimg: autoDraw = False
92.9574 	EXP 	Rightimg: autoDraw = False
93.9423 	DATA 	Keypress: left
93.9433 	EXP 	New trial (rep=0, index=40): {'YLeftPos': 0, 'time_presentation': 0.5, 'XLeftPos': -300, 'XRightPos': 300, 'rightimg': u'frogs/ab75.jpg', 'YRightPos': 0, 'leftimg': u'frogs/ab35.jpg'}
93.9742 	EXP 	Leftimg: autoDraw = False
93.9742 	EXP 	Rightimg: autoDraw = False
93.9742 	EXP 	text: autoDraw = False
93.9742 	EXP 	Leftimg: pos = array([-300.,    0.])
93.9742 	EXP 	Leftimg: image = u'frogs/ab35.jpg'
93.9742 	EXP 	Rightimg: pos = array([ 300.,    0.])
93.9742 	EXP 	Rightimg: image = u'frogs/ab75.jpg'
93.9742 	EXP 	Leftimg: autoDraw = True
93.9742 	EXP 	Rightimg: autoDraw = True
94.4572 	EXP 	Leftimg: autoDraw = False
94.4572 	EXP 	Rightimg: autoDraw = False
95.6089 	DATA 	Keypress: left
95.6100 	EXP 	New trial (rep=0, index=41): {'YLeftPos': 0, 'time_presentation': 0.5, 'XLeftPos': -300, 'XRightPos': 300, 'rightimg': u'frogs/ab64.jpg', 'YRightPos': 0, 'leftimg': u'frogs/ab24.jpg'}
95.6231 	EXP 	Leftimg: autoDraw = False
95.6231 	EXP 	Rightimg: autoDraw = False
95.6231 	EXP 	text: autoDraw = False
95.6231 	EXP 	Leftimg: pos = array([-300.,    0.])
95.6231 	EXP 	Leftimg: image = u'frogs/ab24.jpg'
95.6231 	EXP 	Rightimg: pos = array([ 300.,    0.])
95.6231 	EXP 	Rightimg: image = u'frogs/ab64.jpg'
95.6231 	EXP 	Leftimg: autoDraw = True
95.6231 	EXP 	Rightimg: autoDraw = True
96.1240 	EXP 	Leftimg: autoDraw = False
96.1240 	EXP 	Rightimg: autoDraw = False
97.1251 	DATA 	Keypress: left
97.1260 	EXP 	New trial (rep=0, index=42): {'YLeftPos': 0, 'time_presentation': 0.5, 'XLeftPos': -300, 'XRightPos': 300, 'rightimg': u'frogs/ab48.jpg', 'YRightPos': 0, 'leftimg': u'frogs/ab8.jpg'}
97.1741 	EXP 	Leftimg: autoDraw = False
97.1741 	EXP 	Rightimg: autoDraw = False
97.1741 	EXP 	text: autoDraw = False
97.1741 	EXP 	Leftimg: pos = array([-300.,    0.])
97.1741 	EXP 	Leftimg: image = u'frogs/ab8.jpg'
97.1741 	EXP 	Rightimg: pos = array([ 300.,    0.])
97.1741 	EXP 	Rightimg: image = u'frogs/ab48.jpg'
97.1741 	EXP 	Leftimg: autoDraw = True
97.1741 	EXP 	Rightimg: autoDraw = True
97.6407 	EXP 	Leftimg: autoDraw = False
97.6407 	EXP 	Rightimg: autoDraw = False
98.5254 	DATA 	Keypress: right
98.5266 	EXP 	New trial (rep=0, index=43): {'YLeftPos': 0, 'time_presentation': 0.5, 'XLeftPos': -300, 'XRightPos': 300, 'rightimg': u'frogs/ab46.jpg', 'YRightPos': 0, 'leftimg': u'frogs/ab6.jpg'}
98.6069 	EXP 	Leftimg: autoDraw = False
98.6069 	EXP 	Rightimg: autoDraw = False
98.6069 	EXP 	text: autoDraw = False
98.6069 	EXP 	Leftimg: pos = array([-300.,    0.])
98.6069 	EXP 	Leftimg: image = u'frogs/ab6.jpg'
98.6069 	EXP 	Rightimg: pos = array([ 300.,    0.])
98.6069 	EXP 	Rightimg: image = u'frogs/ab46.jpg'
98.6069 	EXP 	Leftimg: autoDraw = True
98.6069 	EXP 	Rightimg: autoDraw = True
99.0404 	EXP 	Leftimg: autoDraw = False
99.0404 	EXP 	Rightimg: autoDraw = False
100.3256 	DATA 	Keypress: left
100.3883 	EXP 	window1: blendMode = 'avg'
100.4068 	EXP 	Leftimg: autoDraw = False
100.4068 	EXP 	Rightimg: autoDraw = False
100.4068 	EXP 	text: autoDraw = False
100.4068 	EXP 	text_3: autoDraw = True
100.4077 	EXP 	window1: blendMode = 'avg'
100.4249 	EXP 	window1: blendMode = 'avg'
100.4417 	EXP 	window1: blendMode = 'avg'
100.4583 	EXP 	window1: blendMode = 'avg'
100.4750 	EXP 	window1: blendMode = 'avg'
100.4916 	EXP 	window1: blendMode = 'avg'
100.5083 	EXP 	window1: blendMode = 'avg'
100.5250 	EXP 	window1: blendMode = 'avg'
100.5417 	EXP 	window1: blendMode = 'avg'
100.5583 	EXP 	window1: blendMode = 'avg'
100.5751 	EXP 	window1: blendMode = 'avg'
100.5916 	EXP 	window1: blendMode = 'avg'
100.6083 	EXP 	window1: blendMode = 'avg'
100.6250 	EXP 	window1: blendMode = 'avg'
100.6417 	EXP 	window1: blendMode = 'avg'
100.6583 	EXP 	window1: blendMode = 'avg'
100.6750 	EXP 	window1: blendMode = 'avg'
100.6916 	EXP 	window1: blendMode = 'avg'
100.7083 	EXP 	window1: blendMode = 'avg'
100.7251 	EXP 	window1: blendMode = 'avg'
100.7417 	EXP 	window1: blendMode = 'avg'
100.7583 	EXP 	window1: blendMode = 'avg'
100.7750 	EXP 	window1: blendMode = 'avg'
100.7918 	EXP 	window1: blendMode = 'avg'
100.8083 	EXP 	window1: blendMode = 'avg'
100.8251 	EXP 	window1: blendMode = 'avg'
100.8416 	EXP 	window1: blendMode = 'avg'
100.8583 	EXP 	window1: blendMode = 'avg'
100.8749 	EXP 	window1: blendMode = 'avg'
100.8917 	EXP 	window1: blendMode = 'avg'
100.9084 	EXP 	window1: blendMode = 'avg'
100.9251 	EXP 	window1: blendMode = 'avg'
100.9416 	EXP 	window1: blendMode = 'avg'
100.9583 	EXP 	window1: blendMode = 'avg'
100.9751 	EXP 	window1: blendMode = 'avg'
100.9916 	EXP 	window1: blendMode = 'avg'
101.0083 	EXP 	window1: blendMode = 'avg'
101.0251 	EXP 	window1: blendMode = 'avg'
101.0416 	EXP 	window1: blendMode = 'avg'
101.0584 	EXP 	window1: blendMode = 'avg'
101.0749 	EXP 	window1: blendMode = 'avg'
101.0917 	EXP 	window1: blendMode = 'avg'
101.1084 	EXP 	window1: blendMode = 'avg'
101.1250 	EXP 	window1: blendMode = 'avg'
101.1417 	EXP 	window1: blendMode = 'avg'
101.1582 	EXP 	window1: blendMode = 'avg'
101.1749 	EXP 	window1: blendMode = 'avg'
101.1917 	EXP 	window1: blendMode = 'avg'
101.2083 	EXP 	window1: blendMode = 'avg'
101.2251 	EXP 	window1: blendMode = 'avg'
101.2416 	EXP 	window1: blendMode = 'avg'
101.2584 	EXP 	window1: blendMode = 'avg'
101.2750 	EXP 	window1: blendMode = 'avg'
101.2920 	EXP 	window1: blendMode = 'avg'
101.3084 	EXP 	window1: blendMode = 'avg'
101.3250 	EXP 	window1: blendMode = 'avg'
101.3417 	EXP 	window1: blendMode = 'avg'
101.3583 	EXP 	window1: blendMode = 'avg'
101.3746 	EXP 	window1: blendMode = 'avg'
101.3908 	EXP 	window1: blendMode = 'avg'
101.4080 	EXP 	window1: blendMode = 'avg'
101.4253 	EXP 	window1: blendMode = 'avg'
101.4420 	EXP 	window1: blendMode = 'avg'
101.4585 	EXP 	window1: blendMode = 'avg'
101.4750 	EXP 	window1: blendMode = 'avg'
101.4918 	EXP 	window1: blendMode = 'avg'
101.5081 	EXP 	window1: blendMode = 'avg'
101.5240 	EXP 	window1: blendMode = 'avg'
101.5408 	EXP 	window1: blendMode = 'avg'
101.5569 	EXP 	window1: blendMode = 'avg'
101.5736 	EXP 	window1: blendMode = 'avg'
101.5909 	EXP 	window1: blendMode = 'avg'
101.6077 	EXP 	window1: blendMode = 'avg'
101.6248 	EXP 	window1: blendMode = 'avg'
101.6416 	EXP 	window1: blendMode = 'avg'
101.6584 	EXP 	window1: blendMode = 'avg'
101.6750 	EXP 	window1: blendMode = 'avg'
101.6919 	EXP 	window1: blendMode = 'avg'
101.7085 	EXP 	window1: blendMode = 'avg'
101.7251 	EXP 	window1: blendMode = 'avg'
101.7417 	EXP 	window1: blendMode = 'avg'
101.7584 	EXP 	window1: blendMode = 'avg'
101.7736 	EXP 	window1: blendMode = 'avg'
101.7911 	EXP 	window1: blendMode = 'avg'
101.8085 	EXP 	window1: blendMode = 'avg'
101.8250 	EXP 	window1: blendMode = 'avg'
101.8417 	EXP 	window1: blendMode = 'avg'
101.8584 	EXP 	window1: blendMode = 'avg'
101.8734 	EXP 	window1: blendMode = 'avg'
101.8916 	EXP 	window1: blendMode = 'avg'
101.9085 	EXP 	window1: blendMode = 'avg'
101.9251 	EXP 	window1: blendMode = 'avg'
101.9417 	EXP 	window1: blendMode = 'avg'
101.9583 	EXP 	window1: blendMode = 'avg'
101.9751 	EXP 	window1: blendMode = 'avg'
101.9917 	EXP 	window1: blendMode = 'avg'
102.0084 	EXP 	window1: blendMode = 'avg'
102.0250 	EXP 	window1: blendMode = 'avg'
102.0417 	EXP 	window1: blendMode = 'avg'
102.0583 	EXP 	window1: blendMode = 'avg'
102.0750 	EXP 	window1: blendMode = 'avg'
102.0917 	EXP 	window1: blendMode = 'avg'
102.1084 	EXP 	window1: blendMode = 'avg'
102.1253 	EXP 	window1: blendMode = 'avg'
102.1417 	EXP 	window1: blendMode = 'avg'
102.1586 	EXP 	window1: blendMode = 'avg'
102.1749 	EXP 	window1: blendMode = 'avg'
102.1917 	EXP 	window1: blendMode = 'avg'
102.2083 	EXP 	window1: blendMode = 'avg'
102.2251 	EXP 	window1: blendMode = 'avg'
102.2416 	EXP 	window1: blendMode = 'avg'
102.2581 	EXP 	window1: blendMode = 'avg'
102.2751 	EXP 	window1: blendMode = 'avg'
102.2917 	EXP 	window1: blendMode = 'avg'
102.3084 	EXP 	window1: blendMode = 'avg'
102.3250 	EXP 	window1: blendMode = 'avg'
102.3418 	EXP 	window1: blendMode = 'avg'
102.3575 	EXP 	window1: blendMode = 'avg'
102.3743 	EXP 	window1: blendMode = 'avg'
102.3911 	EXP 	window1: blendMode = 'avg'
102.4082 	EXP 	window1: blendMode = 'avg'
102.4249 	EXP 	window1: blendMode = 'avg'
102.4416 	EXP 	window1: blendMode = 'avg'
102.4583 	EXP 	window1: blendMode = 'avg'
102.4751 	EXP 	window1: blendMode = 'avg'
102.4917 	EXP 	window1: blendMode = 'avg'
102.5082 	EXP 	window1: blendMode = 'avg'
102.5242 	EXP 	window1: blendMode = 'avg'
102.5403 	EXP 	window1: blendMode = 'avg'
102.5577 	EXP 	window1: blendMode = 'avg'
102.5751 	EXP 	window1: blendMode = 'avg'
102.5917 	EXP 	window1: blendMode = 'avg'
102.6083 	EXP 	window1: blendMode = 'avg'
102.6251 	EXP 	window1: blendMode = 'avg'
102.6402 	EXP 	window1: blendMode = 'avg'
102.6588 	EXP 	window1: blendMode = 'avg'
102.6748 	EXP 	window1: blendMode = 'avg'
102.6913 	EXP 	window1: blendMode = 'avg'
102.7082 	EXP 	window1: blendMode = 'avg'
102.7250 	EXP 	window1: blendMode = 'avg'
102.7417 	EXP 	window1: blendMode = 'avg'
102.7583 	EXP 	window1: blendMode = 'avg'
102.7751 	EXP 	window1: blendMode = 'avg'
102.7916 	EXP 	window1: blendMode = 'avg'
102.8087 	EXP 	window1: blendMode = 'avg'
102.8248 	EXP 	window1: blendMode = 'avg'
102.8414 	EXP 	window1: blendMode = 'avg'
102.8583 	EXP 	window1: blendMode = 'avg'
102.8751 	EXP 	window1: blendMode = 'avg'
102.8905 	EXP 	window1: blendMode = 'avg'
102.9067 	EXP 	window1: blendMode = 'avg'
102.9251 	EXP 	window1: blendMode = 'avg'
102.9417 	EXP 	window1: blendMode = 'avg'
102.9574 	EXP 	window1: blendMode = 'avg'
102.9751 	EXP 	window1: blendMode = 'avg'
102.9918 	EXP 	window1: blendMode = 'avg'
103.0083 	EXP 	window1: blendMode = 'avg'
103.0251 	EXP 	window1: blendMode = 'avg'
103.0417 	EXP 	window1: blendMode = 'avg'
103.0584 	EXP 	window1: blendMode = 'avg'
103.0749 	EXP 	window1: blendMode = 'avg'
103.0918 	EXP 	window1: blendMode = 'avg'
103.1083 	EXP 	window1: blendMode = 'avg'
103.1251 	EXP 	window1: blendMode = 'avg'
103.1417 	EXP 	window1: blendMode = 'avg'
103.1583 	EXP 	window1: blendMode = 'avg'
103.1751 	EXP 	window1: blendMode = 'avg'
103.1917 	EXP 	window1: blendMode = 'avg'
103.2084 	EXP 	window1: blendMode = 'avg'
103.2249 	EXP 	window1: blendMode = 'avg'
103.2415 	EXP 	window1: blendMode = 'avg'
103.2584 	EXP 	window1: blendMode = 'avg'
103.2752 	EXP 	window1: blendMode = 'avg'
103.2913 	EXP 	window1: blendMode = 'avg'
103.3081 	EXP 	window1: blendMode = 'avg'
103.3249 	EXP 	window1: blendMode = 'avg'
103.3419 	EXP 	window1: blendMode = 'avg'
103.3585 	EXP 	window1: blendMode = 'avg'
103.3742 	EXP 	window1: blendMode = 'avg'
103.3908 	EXP 	window1: blendMode = 'avg'
103.4085 	EXP 	window1: blendMode = 'avg'
103.4249 	EXP 	window1: blendMode = 'avg'
103.4416 	EXP 	window1: blendMode = 'avg'
103.4584 	EXP 	window1: blendMode = 'avg'
103.4751 	EXP 	window1: blendMode = 'avg'
103.4916 	EXP 	window1: blendMode = 'avg'
103.5084 	DATA 	Keypress: escape
103.6187 	EXP 	window1: mouseVisible = True
