8.7393 	EXP 	Created window1 = Window(allowGUI=False, allowStencil=False, autoLog=True, bitsMode=UNKNOWN, blendMode='avg', color=array([ 0.,  0.,  0.]), colorSpace='rgb', fullscr=UNKNOWN, gamma=None, lms=UNKNOWN, monitor=<psychopy.monitors.calibTools.Monitor object at 0x113eca410>, multiSample=False, name='window1', numSamples=2, pos=[0, 0], screen=0, size=array([1440,  900]), stereo=False, units=u'norm', useFBO=True, useRetina=False, viewOri=0.0, viewPos=None, viewScale=None, waitBlanking=True, winType='pyglet')
8.7394 	EXP 	window1: recordFrameIntervals = False
8.9048 	EXP 	window1: recordFrameIntervals = True
9.1935 	EXP 	window1: recordFrameIntervals = False
9.3362 	EXP 	Created text_2 = TextStim(alignHoriz='center', alignVert='center', antialias=True, autoLog=True, bold=False, color='white', colorSpace='named', contrast=1.0, depth=0.0, flipHoriz=False, flipVert=False, font='Arial', fontFiles=[], height=0.1, italic=False, name='text_2', opacity=1.0, ori=0, pos=array([ 0.,  0.]), rgb=array([ 255.,  255.,  255.]), text=unicode(...), units=u'norm', win=Window(...), wrapWidth=1)
9.3379 	EXP 	Created Leftimg = ImageStim(autoLog=True, color=array([ 1.,  1.,  1.]), colorSpace='rgb', contrast=1.0, depth=0.0, flipHoriz=False, flipVert=False, image='sin', interpolate=True, mask=None, maskParams=None, name='Leftimg', opacity=1.0, ori=0.0, pos=array([ 0.,  0.]), size=array([ 400.,  400.]), texRes=128, units='pix', win=Window(...))
9.3390 	EXP 	Created Rightimg = ImageStim(autoLog=True, color=array([ 1.,  1.,  1.]), colorSpace='rgb', contrast=1.0, depth=-1.0, flipHoriz=False, flipVert=False, image='sin', interpolate=True, mask=None, maskParams=None, name='Rightimg', opacity=1.0, ori=0.0, pos=array([ 0.,  0.]), size=array([ 400.,  400.]), texRes=128, units='pix', win=Window(...))
9.3489 	EXP 	Created text = TextStim(alignHoriz='center', alignVert='center', antialias=True, autoLog=True, bold=False, color='white', colorSpace='named', contrast=1.0, depth=-4.0, flipHoriz=False, flipVert=False, font='Arial', fontFiles=[], height=0.05, italic=False, name='text', opacity=1.0, ori=0, pos=array([ 0.,  0.]), rgb=array([ 255.,  255.,  255.]), text=u'to proceed press the space bar.', units=u'norm', win=Window(...), wrapWidth=1)
9.3599 	EXP 	Created text_3 = TextStim(alignHoriz='center', alignVert='center', antialias=True, autoLog=True, bold=False, color='white', colorSpace='named', contrast=1.0, depth=0.0, flipHoriz=False, flipVert=False, font='Arial', fontFiles=[], height=0.1, italic=False, name='text_3', opacity=1.0, ori=0, pos=array([ 0.,  0.]), rgb=array([ 255.,  255.,  255.]), text=unicode(...), units=u'norm', win=Window(...), wrapWidth=1)
9.3667 	EXP 	window1: blendMode = 'avg'
9.3763 	EXP 	text_2: autoDraw = True
9.3798 	EXP 	window1: blendMode = 'avg'
9.3945 	EXP 	window1: blendMode = 'avg'
9.4113 	EXP 	window1: blendMode = 'avg'
9.4279 	EXP 	window1: blendMode = 'avg'
9.4446 	EXP 	window1: blendMode = 'avg'
9.4614 	EXP 	window1: blendMode = 'avg'
9.4779 	EXP 	window1: blendMode = 'avg'
9.4945 	EXP 	window1: blendMode = 'avg'
9.5113 	EXP 	window1: blendMode = 'avg'
9.5279 	EXP 	window1: blendMode = 'avg'
9.5446 	EXP 	window1: blendMode = 'avg'
9.5613 	EXP 	window1: blendMode = 'avg'
9.5780 	EXP 	window1: blendMode = 'avg'
9.5945 	EXP 	window1: blendMode = 'avg'
9.6112 	EXP 	window1: blendMode = 'avg'
9.6279 	EXP 	window1: blendMode = 'avg'
9.6445 	EXP 	window1: blendMode = 'avg'
9.6611 	EXP 	window1: blendMode = 'avg'
9.6779 	EXP 	window1: blendMode = 'avg'
9.6944 	EXP 	window1: blendMode = 'avg'
9.7113 	EXP 	window1: blendMode = 'avg'
9.7278 	EXP 	window1: blendMode = 'avg'
9.7445 	EXP 	window1: blendMode = 'avg'
9.7613 	EXP 	window1: blendMode = 'avg'
9.7778 	EXP 	window1: blendMode = 'avg'
9.7944 	EXP 	window1: blendMode = 'avg'
9.8112 	EXP 	window1: blendMode = 'avg'
9.8279 	EXP 	window1: blendMode = 'avg'
9.8446 	EXP 	window1: blendMode = 'avg'
9.8613 	EXP 	window1: blendMode = 'avg'
9.8778 	EXP 	window1: blendMode = 'avg'
9.8945 	EXP 	window1: blendMode = 'avg'
9.9112 	EXP 	window1: blendMode = 'avg'
9.9277 	EXP 	window1: blendMode = 'avg'
9.9446 	EXP 	window1: blendMode = 'avg'
9.9611 	EXP 	window1: blendMode = 'avg'
9.9779 	EXP 	window1: blendMode = 'avg'
9.9945 	EXP 	window1: blendMode = 'avg'
10.0113 	EXP 	window1: blendMode = 'avg'
10.0279 	EXP 	window1: blendMode = 'avg'
10.0446 	EXP 	window1: blendMode = 'avg'
10.0611 	EXP 	window1: blendMode = 'avg'
10.0779 	EXP 	window1: blendMode = 'avg'
10.0948 	EXP 	window1: blendMode = 'avg'
10.1111 	EXP 	window1: blendMode = 'avg'
10.1278 	EXP 	window1: blendMode = 'avg'
10.1446 	EXP 	window1: blendMode = 'avg'
10.1611 	EXP 	window1: blendMode = 'avg'
10.1779 	EXP 	window1: blendMode = 'avg'
10.1946 	EXP 	window1: blendMode = 'avg'
10.2111 	EXP 	window1: blendMode = 'avg'
10.2279 	EXP 	window1: blendMode = 'avg'
10.2446 	EXP 	window1: blendMode = 'avg'
10.2611 	EXP 	window1: blendMode = 'avg'
10.2780 	EXP 	window1: blendMode = 'avg'
10.2945 	EXP 	window1: blendMode = 'avg'
10.3112 	EXP 	window1: blendMode = 'avg'
10.3279 	EXP 	window1: blendMode = 'avg'
10.3439 	EXP 	window1: blendMode = 'avg'
10.3610 	EXP 	window1: blendMode = 'avg'
10.3777 	EXP 	window1: blendMode = 'avg'
10.3945 	EXP 	window1: blendMode = 'avg'
10.4112 	EXP 	window1: blendMode = 'avg'
10.4278 	EXP 	window1: blendMode = 'avg'
10.4446 	EXP 	window1: blendMode = 'avg'
10.4613 	EXP 	window1: blendMode = 'avg'
10.4779 	EXP 	window1: blendMode = 'avg'
10.4946 	EXP 	window1: blendMode = 'avg'
10.5113 	EXP 	window1: blendMode = 'avg'
10.5278 	EXP 	window1: blendMode = 'avg'
10.5445 	EXP 	window1: blendMode = 'avg'
10.5612 	EXP 	window1: blendMode = 'avg'
10.5777 	EXP 	window1: blendMode = 'avg'
10.5945 	EXP 	window1: blendMode = 'avg'
10.6113 	EXP 	window1: blendMode = 'avg'
10.6277 	EXP 	window1: blendMode = 'avg'
10.6445 	EXP 	window1: blendMode = 'avg'
10.6612 	EXP 	window1: blendMode = 'avg'
10.6779 	EXP 	window1: blendMode = 'avg'
10.6946 	EXP 	window1: blendMode = 'avg'
10.7111 	EXP 	window1: blendMode = 'avg'
10.7279 	EXP 	window1: blendMode = 'avg'
10.7446 	EXP 	window1: blendMode = 'avg'
10.7612 	EXP 	window1: blendMode = 'avg'
10.7779 	EXP 	window1: blendMode = 'avg'
10.7946 	EXP 	window1: blendMode = 'avg'
10.8113 	EXP 	window1: blendMode = 'avg'
10.8278 	EXP 	window1: blendMode = 'avg'
10.8446 	EXP 	window1: blendMode = 'avg'
10.8611 	EXP 	window1: blendMode = 'avg'
10.8779 	EXP 	window1: blendMode = 'avg'
10.8946 	EXP 	window1: blendMode = 'avg'
10.9113 	EXP 	window1: blendMode = 'avg'
10.9278 	EXP 	window1: blendMode = 'avg'
10.9446 	EXP 	window1: blendMode = 'avg'
10.9610 	EXP 	window1: blendMode = 'avg'
10.9782 	EXP 	window1: blendMode = 'avg'
10.9944 	EXP 	window1: blendMode = 'avg'
11.0112 	EXP 	window1: blendMode = 'avg'
11.0273 	EXP 	window1: blendMode = 'avg'
11.0443 	EXP 	window1: blendMode = 'avg'
11.0612 	EXP 	window1: blendMode = 'avg'
11.0778 	EXP 	window1: blendMode = 'avg'
11.0945 	EXP 	window1: blendMode = 'avg'
11.1112 	EXP 	window1: blendMode = 'avg'
11.1279 	EXP 	window1: blendMode = 'avg'
11.1446 	EXP 	window1: blendMode = 'avg'
11.1613 	EXP 	window1: blendMode = 'avg'
11.1778 	EXP 	window1: blendMode = 'avg'
11.1946 	EXP 	window1: blendMode = 'avg'
11.2111 	EXP 	window1: blendMode = 'avg'
11.2278 	EXP 	window1: blendMode = 'avg'
11.2446 	EXP 	window1: blendMode = 'avg'
11.2612 	EXP 	window1: blendMode = 'avg'
11.2780 	EXP 	window1: blendMode = 'avg'
11.2940 	EXP 	window1: blendMode = 'avg'
11.3110 	EXP 	window1: blendMode = 'avg'
11.3278 	EXP 	window1: blendMode = 'avg'
11.3446 	EXP 	window1: blendMode = 'avg'
11.3612 	EXP 	window1: blendMode = 'avg'
11.3780 	EXP 	window1: blendMode = 'avg'
11.3945 	EXP 	window1: blendMode = 'avg'
11.4113 	EXP 	window1: blendMode = 'avg'
11.4278 	EXP 	window1: blendMode = 'avg'
11.4445 	EXP 	window1: blendMode = 'avg'
11.4612 	EXP 	window1: blendMode = 'avg'
11.4778 	EXP 	window1: blendMode = 'avg'
11.4945 	EXP 	window1: blendMode = 'avg'
11.5113 	EXP 	window1: blendMode = 'avg'
11.5278 	EXP 	window1: blendMode = 'avg'
11.5446 	EXP 	window1: blendMode = 'avg'
11.5612 	EXP 	window1: blendMode = 'avg'
11.5779 	EXP 	window1: blendMode = 'avg'
11.5946 	EXP 	window1: blendMode = 'avg'
11.6113 	EXP 	window1: blendMode = 'avg'
11.6278 	EXP 	window1: blendMode = 'avg'
11.6446 	EXP 	window1: blendMode = 'avg'
11.6612 	EXP 	window1: blendMode = 'avg'
11.6764 	EXP 	window1: blendMode = 'avg'
11.6932 	EXP 	window1: blendMode = 'avg'
11.7110 	EXP 	window1: blendMode = 'avg'
11.7271 	EXP 	window1: blendMode = 'avg'
11.7428 	EXP 	window1: blendMode = 'avg'
11.7607 	EXP 	window1: blendMode = 'avg'
11.7769 	EXP 	window1: blendMode = 'avg'
11.7930 	EXP 	window1: blendMode = 'avg'
11.8100 	EXP 	window1: blendMode = 'avg'
11.8269 	EXP 	window1: blendMode = 'avg'
11.8444 	EXP 	window1: blendMode = 'avg'
11.8609 	EXP 	window1: blendMode = 'avg'
11.8777 	EXP 	window1: blendMode = 'avg'
11.8945 	EXP 	window1: blendMode = 'avg'
11.9112 	EXP 	window1: blendMode = 'avg'
11.9277 	EXP 	window1: blendMode = 'avg'
11.9445 	EXP 	window1: blendMode = 'avg'
11.9612 	EXP 	window1: blendMode = 'avg'
11.9778 	EXP 	window1: blendMode = 'avg'
11.9942 	EXP 	window1: blendMode = 'avg'
12.0110 	EXP 	window1: blendMode = 'avg'
12.0278 	EXP 	window1: blendMode = 'avg'
12.0445 	EXP 	window1: blendMode = 'avg'
12.0612 	EXP 	window1: blendMode = 'avg'
12.0779 	EXP 	window1: blendMode = 'avg'
12.0945 	EXP 	window1: blendMode = 'avg'
12.1112 	EXP 	window1: blendMode = 'avg'
12.1279 	EXP 	window1: blendMode = 'avg'
12.1446 	EXP 	window1: blendMode = 'avg'
12.1611 	EXP 	window1: blendMode = 'avg'
12.1778 	EXP 	window1: blendMode = 'avg'
12.1946 	EXP 	window1: blendMode = 'avg'
12.2111 	EXP 	window1: blendMode = 'avg'
12.2279 	EXP 	window1: blendMode = 'avg'
12.2446 	EXP 	window1: blendMode = 'avg'
12.2613 	EXP 	window1: blendMode = 'avg'
12.2780 	EXP 	window1: blendMode = 'avg'
12.2945 	EXP 	window1: blendMode = 'avg'
12.3111 	EXP 	window1: blendMode = 'avg'
12.3278 	EXP 	window1: blendMode = 'avg'
12.3444 	EXP 	window1: blendMode = 'avg'
12.3611 	EXP 	window1: blendMode = 'avg'
12.3778 	EXP 	window1: blendMode = 'avg'
12.3946 	EXP 	window1: blendMode = 'avg'
12.4111 	EXP 	window1: blendMode = 'avg'
12.4279 	EXP 	window1: blendMode = 'avg'
12.4444 	EXP 	window1: blendMode = 'avg'
12.4614 	EXP 	window1: blendMode = 'avg'
12.4768 	EXP 	window1: blendMode = 'avg'
12.4944 	EXP 	window1: blendMode = 'avg'
12.5111 	EXP 	window1: blendMode = 'avg'
12.5280 	EXP 	window1: blendMode = 'avg'
12.5435 	EXP 	window1: blendMode = 'avg'
12.5610 	EXP 	window1: blendMode = 'avg'
12.5777 	EXP 	window1: blendMode = 'avg'
12.5944 	EXP 	window1: blendMode = 'avg'
12.6113 	EXP 	window1: blendMode = 'avg'
12.6278 	EXP 	window1: blendMode = 'avg'
12.6443 	EXP 	window1: blendMode = 'avg'
12.6612 	EXP 	window1: blendMode = 'avg'
12.6780 	EXP 	window1: blendMode = 'avg'
12.6945 	EXP 	window1: blendMode = 'avg'
12.7112 	EXP 	window1: blendMode = 'avg'
12.7277 	EXP 	window1: blendMode = 'avg'
12.7446 	EXP 	window1: blendMode = 'avg'
12.7612 	EXP 	window1: blendMode = 'avg'
12.7779 	EXP 	window1: blendMode = 'avg'
12.7944 	EXP 	window1: blendMode = 'avg'
12.8111 	EXP 	window1: blendMode = 'avg'
12.8276 	EXP 	window1: blendMode = 'avg'
12.8440 	EXP 	window1: blendMode = 'avg'
12.8612 	EXP 	window1: blendMode = 'avg'
12.8779 	EXP 	window1: blendMode = 'avg'
12.8944 	EXP 	window1: blendMode = 'avg'
12.9113 	EXP 	window1: blendMode = 'avg'
12.9279 	EXP 	window1: blendMode = 'avg'
12.9446 	EXP 	window1: blendMode = 'avg'
12.9611 	EXP 	window1: blendMode = 'avg'
12.9778 	EXP 	window1: blendMode = 'avg'
12.9945 	EXP 	window1: blendMode = 'avg'
13.0111 	EXP 	window1: blendMode = 'avg'
13.0277 	EXP 	window1: blendMode = 'avg'
13.0445 	EXP 	window1: blendMode = 'avg'
13.0611 	EXP 	window1: blendMode = 'avg'
13.0776 	EXP 	window1: blendMode = 'avg'
13.0949 	EXP 	window1: blendMode = 'avg'
13.1110 	EXP 	window1: blendMode = 'avg'
13.1278 	EXP 	window1: blendMode = 'avg'
13.1445 	EXP 	window1: blendMode = 'avg'
13.1611 	EXP 	window1: blendMode = 'avg'
13.1779 	EXP 	window1: blendMode = 'avg'
13.1946 	EXP 	window1: blendMode = 'avg'
13.2111 	EXP 	window1: blendMode = 'avg'
13.2278 	EXP 	window1: blendMode = 'avg'
13.2444 	EXP 	window1: blendMode = 'avg'
13.2611 	EXP 	window1: blendMode = 'avg'
13.2779 	EXP 	window1: blendMode = 'avg'
13.2945 	EXP 	window1: blendMode = 'avg'
13.3112 	EXP 	window1: blendMode = 'avg'
13.3278 	EXP 	window1: blendMode = 'avg'
13.3446 	EXP 	window1: blendMode = 'avg'
13.3595 	EXP 	window1: blendMode = 'avg'
13.3773 	EXP 	window1: blendMode = 'avg'
13.3944 	EXP 	window1: blendMode = 'avg'
13.4112 	EXP 	window1: blendMode = 'avg'
13.4277 	EXP 	window1: blendMode = 'avg'
13.4443 	EXP 	window1: blendMode = 'avg'
13.4612 	EXP 	window1: blendMode = 'avg'
13.4778 	EXP 	window1: blendMode = 'avg'
13.4945 	EXP 	window1: blendMode = 'avg'
13.5106 	EXP 	window1: blendMode = 'avg'
13.5276 	EXP 	window1: blendMode = 'avg'
13.5445 	EXP 	window1: blendMode = 'avg'
13.5614 	EXP 	window1: blendMode = 'avg'
13.5779 	EXP 	window1: blendMode = 'avg'
13.5943 	EXP 	window1: blendMode = 'avg'
13.6113 	EXP 	window1: blendMode = 'avg'
13.6278 	EXP 	window1: blendMode = 'avg'
13.6445 	EXP 	window1: blendMode = 'avg'
13.6612 	EXP 	window1: blendMode = 'avg'
13.6777 	EXP 	window1: blendMode = 'avg'
13.6945 	EXP 	window1: blendMode = 'avg'
13.7110 	EXP 	window1: blendMode = 'avg'
13.7278 	EXP 	window1: blendMode = 'avg'
13.7445 	EXP 	window1: blendMode = 'avg'
13.7611 	EXP 	window1: blendMode = 'avg'
13.7777 	EXP 	window1: blendMode = 'avg'
13.7941 	EXP 	window1: blendMode = 'avg'
13.8109 	EXP 	window1: blendMode = 'avg'
13.8273 	EXP 	window1: blendMode = 'avg'
13.8444 	EXP 	window1: blendMode = 'avg'
13.8612 	EXP 	window1: blendMode = 'avg'
13.8779 	EXP 	window1: blendMode = 'avg'
13.8942 	EXP 	window1: blendMode = 'avg'
13.9110 	EXP 	window1: blendMode = 'avg'
13.9277 	EXP 	window1: blendMode = 'avg'
13.9445 	EXP 	window1: blendMode = 'avg'
13.9611 	EXP 	window1: blendMode = 'avg'
13.9779 	EXP 	window1: blendMode = 'avg'
13.9937 	EXP 	window1: blendMode = 'avg'
14.0103 	EXP 	window1: blendMode = 'avg'
14.0280 	EXP 	window1: blendMode = 'avg'
14.0435 	EXP 	window1: blendMode = 'avg'
14.0610 	EXP 	window1: blendMode = 'avg'
14.0776 	EXP 	window1: blendMode = 'avg'
14.0943 	EXP 	window1: blendMode = 'avg'
14.1108 	EXP 	window1: blendMode = 'avg'
14.1275 	EXP 	window1: blendMode = 'avg'
14.1441 	EXP 	window1: blendMode = 'avg'
14.1608 	EXP 	window1: blendMode = 'avg'
14.1777 	EXP 	window1: blendMode = 'avg'
14.1944 	EXP 	window1: blendMode = 'avg'
14.2112 	EXP 	window1: blendMode = 'avg'
14.2277 	EXP 	window1: blendMode = 'avg'
14.2445 	EXP 	window1: blendMode = 'avg'
14.2612 	EXP 	window1: blendMode = 'avg'
14.2778 	EXP 	window1: blendMode = 'avg'
14.2946 	EXP 	window1: blendMode = 'avg'
14.3108 	EXP 	window1: blendMode = 'avg'
14.3268 	EXP 	window1: blendMode = 'avg'
14.3445 	EXP 	window1: blendMode = 'avg'
14.3610 	EXP 	window1: blendMode = 'avg'
14.3778 	EXP 	window1: blendMode = 'avg'
14.3947 	EXP 	window1: blendMode = 'avg'
14.4111 	EXP 	window1: blendMode = 'avg'
14.4278 	EXP 	window1: blendMode = 'avg'
14.4445 	EXP 	window1: blendMode = 'avg'
14.4612 	EXP 	window1: blendMode = 'avg'
14.4778 	EXP 	window1: blendMode = 'avg'
14.4948 	EXP 	window1: blendMode = 'avg'
14.5110 	EXP 	window1: blendMode = 'avg'
14.5278 	EXP 	window1: blendMode = 'avg'
14.5444 	EXP 	window1: blendMode = 'avg'
14.5609 	EXP 	window1: blendMode = 'avg'
14.5777 	EXP 	window1: blendMode = 'avg'
14.5937 	EXP 	window1: blendMode = 'avg'
14.6110 	EXP 	window1: blendMode = 'avg'
14.6272 	EXP 	window1: blendMode = 'avg'
14.6444 	EXP 	window1: blendMode = 'avg'
14.6611 	EXP 	window1: blendMode = 'avg'
14.6779 	EXP 	window1: blendMode = 'avg'
14.6944 	EXP 	window1: blendMode = 'avg'
14.7110 	EXP 	window1: blendMode = 'avg'
14.7274 	EXP 	window1: blendMode = 'avg'
14.7436 	EXP 	window1: blendMode = 'avg'
14.7610 	EXP 	window1: blendMode = 'avg'
14.7777 	EXP 	window1: blendMode = 'avg'
14.7944 	EXP 	window1: blendMode = 'avg'
14.8111 	EXP 	window1: blendMode = 'avg'
14.8278 	EXP 	window1: blendMode = 'avg'
14.8443 	EXP 	window1: blendMode = 'avg'
14.8614 	EXP 	window1: blendMode = 'avg'
14.8776 	EXP 	window1: blendMode = 'avg'
14.8936 	EXP 	window1: blendMode = 'avg'
14.9102 	EXP 	window1: blendMode = 'avg'
14.9271 	EXP 	window1: blendMode = 'avg'
14.9429 	EXP 	window1: blendMode = 'avg'
14.9605 	EXP 	window1: blendMode = 'avg'
14.9775 	EXP 	window1: blendMode = 'avg'
14.9934 	EXP 	window1: blendMode = 'avg'
15.0103 	EXP 	window1: blendMode = 'avg'
15.0267 	EXP 	window1: blendMode = 'avg'
15.0434 	EXP 	window1: blendMode = 'avg'
15.0609 	EXP 	window1: blendMode = 'avg'
15.0770 	EXP 	window1: blendMode = 'avg'
15.0930 	EXP 	window1: blendMode = 'avg'
15.1097 	EXP 	window1: blendMode = 'avg'
15.1270 	EXP 	window1: blendMode = 'avg'
15.1437 	EXP 	window1: blendMode = 'avg'
15.1607 	EXP 	window1: blendMode = 'avg'
15.1776 	EXP 	window1: blendMode = 'avg'
15.1934 	EXP 	window1: blendMode = 'avg'
15.2100 	EXP 	window1: blendMode = 'avg'
15.2268 	EXP 	window1: blendMode = 'avg'
15.2446 	EXP 	window1: blendMode = 'avg'
15.2611 	EXP 	window1: blendMode = 'avg'
15.2779 	EXP 	window1: blendMode = 'avg'
15.2940 	EXP 	window1: blendMode = 'avg'
15.3110 	EXP 	window1: blendMode = 'avg'
15.3277 	EXP 	window1: blendMode = 'avg'
15.3444 	EXP 	window1: blendMode = 'avg'
15.3613 	EXP 	window1: blendMode = 'avg'
15.3778 	EXP 	window1: blendMode = 'avg'
15.3944 	EXP 	window1: blendMode = 'avg'
15.4110 	EXP 	window1: blendMode = 'avg'
15.4277 	EXP 	window1: blendMode = 'avg'
15.4445 	EXP 	window1: blendMode = 'avg'
15.4610 	EXP 	window1: blendMode = 'avg'
15.4778 	EXP 	window1: blendMode = 'avg'
15.4945 	EXP 	window1: blendMode = 'avg'
15.5109 	EXP 	window1: blendMode = 'avg'
15.5276 	EXP 	window1: blendMode = 'avg'
15.5443 	EXP 	window1: blendMode = 'avg'
15.5610 	EXP 	window1: blendMode = 'avg'
15.5778 	EXP 	window1: blendMode = 'avg'
15.5943 	EXP 	window1: blendMode = 'avg'
15.6111 	EXP 	window1: blendMode = 'avg'
15.6278 	EXP 	window1: blendMode = 'avg'
15.6433 	EXP 	window1: blendMode = 'avg'
15.6611 	EXP 	window1: blendMode = 'avg'
15.6778 	EXP 	window1: blendMode = 'avg'
15.6947 	EXP 	window1: blendMode = 'avg'
15.7108 	EXP 	window1: blendMode = 'avg'
15.7276 	EXP 	window1: blendMode = 'avg'
15.7446 	EXP 	window1: blendMode = 'avg'
15.7611 	EXP 	window1: blendMode = 'avg'
15.7779 	EXP 	window1: blendMode = 'avg'
15.7947 	EXP 	window1: blendMode = 'avg'
15.8110 	EXP 	window1: blendMode = 'avg'
15.8277 	EXP 	window1: blendMode = 'avg'
15.8445 	EXP 	window1: blendMode = 'avg'
15.8600 	EXP 	window1: blendMode = 'avg'
15.8777 	EXP 	window1: blendMode = 'avg'
15.8945 	EXP 	window1: blendMode = 'avg'
15.9112 	EXP 	window1: blendMode = 'avg'
15.9277 	EXP 	window1: blendMode = 'avg'
15.9445 	EXP 	window1: blendMode = 'avg'
15.9612 	EXP 	window1: blendMode = 'avg'
15.9778 	EXP 	window1: blendMode = 'avg'
15.9945 	EXP 	window1: blendMode = 'avg'
16.0110 	EXP 	window1: blendMode = 'avg'
16.0277 	EXP 	window1: blendMode = 'avg'
16.0445 	EXP 	window1: blendMode = 'avg'
16.0610 	EXP 	window1: blendMode = 'avg'
16.0777 	EXP 	window1: blendMode = 'avg'
16.0944 	EXP 	window1: blendMode = 'avg'
16.1115 	EXP 	window1: blendMode = 'avg'
16.1266 	EXP 	window1: blendMode = 'avg'
16.1439 	EXP 	window1: blendMode = 'avg'
16.1609 	EXP 	window1: blendMode = 'avg'
16.1776 	EXP 	window1: blendMode = 'avg'
16.1943 	EXP 	window1: blendMode = 'avg'
16.2112 	EXP 	window1: blendMode = 'avg'
16.2285 	EXP 	window1: blendMode = 'avg'
16.2444 	EXP 	window1: blendMode = 'avg'
16.2608 	EXP 	window1: blendMode = 'avg'
16.2775 	EXP 	window1: blendMode = 'avg'
16.2940 	EXP 	window1: blendMode = 'avg'
16.3114 	EXP 	window1: blendMode = 'avg'
16.3276 	EXP 	window1: blendMode = 'avg'
16.3443 	EXP 	window1: blendMode = 'avg'
16.3610 	EXP 	window1: blendMode = 'avg'
16.3778 	EXP 	window1: blendMode = 'avg'
16.3945 	EXP 	window1: blendMode = 'avg'
16.4110 	EXP 	window1: blendMode = 'avg'
16.4277 	EXP 	window1: blendMode = 'avg'
16.4445 	EXP 	window1: blendMode = 'avg'
16.4612 	EXP 	window1: blendMode = 'avg'
16.4780 	EXP 	window1: blendMode = 'avg'
16.4943 	EXP 	window1: blendMode = 'avg'
16.5112 	EXP 	window1: blendMode = 'avg'
16.5277 	EXP 	window1: blendMode = 'avg'
16.5444 	EXP 	window1: blendMode = 'avg'
16.5612 	EXP 	window1: blendMode = 'avg'
16.5777 	EXP 	window1: blendMode = 'avg'
16.5945 	EXP 	window1: blendMode = 'avg'
16.6110 	EXP 	window1: blendMode = 'avg'
16.6277 	EXP 	window1: blendMode = 'avg'
16.6445 	EXP 	window1: blendMode = 'avg'
16.6612 	EXP 	window1: blendMode = 'avg'
16.6778 	EXP 	window1: blendMode = 'avg'
16.6945 	EXP 	window1: blendMode = 'avg'
16.7110 	EXP 	window1: blendMode = 'avg'
16.7277 	EXP 	window1: blendMode = 'avg'
16.7445 	EXP 	window1: blendMode = 'avg'
16.7610 	EXP 	window1: blendMode = 'avg'
16.7780 	EXP 	window1: blendMode = 'avg'
16.7932 	EXP 	window1: blendMode = 'avg'
16.8110 	EXP 	window1: blendMode = 'avg'
16.8277 	EXP 	window1: blendMode = 'avg'
16.8445 	EXP 	window1: blendMode = 'avg'
16.8610 	EXP 	window1: blendMode = 'avg'
16.8778 	EXP 	window1: blendMode = 'avg'
16.8943 	EXP 	window1: blendMode = 'avg'
16.9112 	EXP 	window1: blendMode = 'avg'
16.9269 	EXP 	window1: blendMode = 'avg'
16.9445 	EXP 	window1: blendMode = 'avg'
16.9611 	EXP 	window1: blendMode = 'avg'
16.9778 	EXP 	window1: blendMode = 'avg'
16.9944 	EXP 	window1: blendMode = 'avg'
17.0112 	EXP 	window1: blendMode = 'avg'
17.0278 	EXP 	window1: blendMode = 'avg'
17.0445 	EXP 	window1: blendMode = 'avg'
17.0610 	EXP 	window1: blendMode = 'avg'
17.0778 	EXP 	window1: blendMode = 'avg'
17.0945 	EXP 	window1: blendMode = 'avg'
17.1111 	EXP 	window1: blendMode = 'avg'
17.1278 	EXP 	window1: blendMode = 'avg'
17.1443 	EXP 	window1: blendMode = 'avg'
17.1611 	EXP 	window1: blendMode = 'avg'
17.1779 	EXP 	window1: blendMode = 'avg'
17.1944 	EXP 	window1: blendMode = 'avg'
17.2112 	EXP 	window1: blendMode = 'avg'
17.2278 	EXP 	window1: blendMode = 'avg'
17.2446 	EXP 	window1: blendMode = 'avg'
17.2613 	EXP 	window1: blendMode = 'avg'
17.2779 	EXP 	window1: blendMode = 'avg'
17.2944 	EXP 	window1: blendMode = 'avg'
17.3111 	EXP 	window1: blendMode = 'avg'
17.3278 	EXP 	window1: blendMode = 'avg'
17.3444 	EXP 	window1: blendMode = 'avg'
17.3612 	EXP 	window1: blendMode = 'avg'
17.3778 	EXP 	window1: blendMode = 'avg'
17.3946 	EXP 	window1: blendMode = 'avg'
17.4111 	EXP 	window1: blendMode = 'avg'
17.4278 	EXP 	window1: blendMode = 'avg'
17.4444 	EXP 	window1: blendMode = 'avg'
17.4610 	EXP 	window1: blendMode = 'avg'
17.4777 	EXP 	window1: blendMode = 'avg'
17.4944 	EXP 	window1: blendMode = 'avg'
17.5112 	EXP 	window1: blendMode = 'avg'
17.5277 	EXP 	window1: blendMode = 'avg'
17.5445 	EXP 	window1: blendMode = 'avg'
17.5610 	EXP 	window1: blendMode = 'avg'
17.5778 	EXP 	window1: blendMode = 'avg'
17.5943 	EXP 	window1: blendMode = 'avg'
17.6107 	EXP 	window1: blendMode = 'avg'
17.6274 	EXP 	window1: blendMode = 'avg'
17.6444 	EXP 	window1: blendMode = 'avg'
17.6612 	EXP 	window1: blendMode = 'avg'
17.6777 	EXP 	window1: blendMode = 'avg'
17.6949 	EXP 	window1: blendMode = 'avg'
17.7109 	EXP 	window1: blendMode = 'avg'
17.7276 	EXP 	window1: blendMode = 'avg'
17.7444 	EXP 	window1: blendMode = 'avg'
17.7612 	EXP 	window1: blendMode = 'avg'
17.7775 	EXP 	window1: blendMode = 'avg'
17.7944 	EXP 	window1: blendMode = 'avg'
17.8111 	EXP 	window1: blendMode = 'avg'
17.8278 	EXP 	window1: blendMode = 'avg'
17.8443 	EXP 	window1: blendMode = 'avg'
17.8611 	EXP 	window1: blendMode = 'avg'
17.8777 	EXP 	window1: blendMode = 'avg'
17.8944 	EXP 	window1: blendMode = 'avg'
17.9111 	EXP 	window1: blendMode = 'avg'
17.9278 	EXP 	window1: blendMode = 'avg'
17.9445 	EXP 	window1: blendMode = 'avg'
17.9610 	EXP 	window1: blendMode = 'avg'
17.9778 	EXP 	window1: blendMode = 'avg'
17.9943 	EXP 	window1: blendMode = 'avg'
18.0111 	EXP 	window1: blendMode = 'avg'
18.0277 	EXP 	window1: blendMode = 'avg'
18.0444 	EXP 	window1: blendMode = 'avg'
18.0611 	EXP 	window1: blendMode = 'avg'
18.0777 	EXP 	window1: blendMode = 'avg'
18.0944 	EXP 	window1: blendMode = 'avg'
18.1112 	EXP 	window1: blendMode = 'avg'
18.1276 	EXP 	window1: blendMode = 'avg'
18.1444 	EXP 	window1: blendMode = 'avg'
18.1612 	EXP 	window1: blendMode = 'avg'
18.1777 	EXP 	window1: blendMode = 'avg'
18.1944 	EXP 	window1: blendMode = 'avg'
18.2110 	EXP 	window1: blendMode = 'avg'
18.2278 	EXP 	window1: blendMode = 'avg'
18.2443 	EXP 	window1: blendMode = 'avg'
18.2610 	EXP 	window1: blendMode = 'avg'
18.2778 	EXP 	window1: blendMode = 'avg'
18.2944 	EXP 	window1: blendMode = 'avg'
18.3111 	EXP 	window1: blendMode = 'avg'
18.3278 	EXP 	window1: blendMode = 'avg'
18.3444 	EXP 	window1: blendMode = 'avg'
18.3612 	EXP 	window1: blendMode = 'avg'
18.3777 	EXP 	window1: blendMode = 'avg'
18.3945 	EXP 	window1: blendMode = 'avg'
18.4110 	EXP 	window1: blendMode = 'avg'
18.4278 	EXP 	window1: blendMode = 'avg'
18.4445 	EXP 	window1: blendMode = 'avg'
18.4611 	EXP 	window1: blendMode = 'avg'
18.4778 	EXP 	window1: blendMode = 'avg'
18.4943 	EXP 	window1: blendMode = 'avg'
18.5111 	EXP 	window1: blendMode = 'avg'
18.5278 	EXP 	window1: blendMode = 'avg'
18.5445 	EXP 	window1: blendMode = 'avg'
18.5611 	EXP 	window1: blendMode = 'avg'
18.5779 	EXP 	window1: blendMode = 'avg'
18.5944 	EXP 	window1: blendMode = 'avg'
18.6112 	EXP 	window1: blendMode = 'avg'
18.6277 	EXP 	window1: blendMode = 'avg'
18.6444 	EXP 	window1: blendMode = 'avg'
18.6611 	EXP 	window1: blendMode = 'avg'
18.6776 	EXP 	window1: blendMode = 'avg'
18.6942 	EXP 	window1: blendMode = 'avg'
18.7109 	EXP 	window1: blendMode = 'avg'
18.7277 	EXP 	window1: blendMode = 'avg'
18.7444 	EXP 	window1: blendMode = 'avg'
18.7611 	EXP 	window1: blendMode = 'avg'
18.7780 	EXP 	window1: blendMode = 'avg'
18.7945 	EXP 	window1: blendMode = 'avg'
18.8112 	EXP 	window1: blendMode = 'avg'
18.8277 	EXP 	window1: blendMode = 'avg'
18.8445 	EXP 	window1: blendMode = 'avg'
18.8610 	EXP 	window1: blendMode = 'avg'
18.8775 	EXP 	window1: blendMode = 'avg'
18.8943 	EXP 	window1: blendMode = 'avg'
18.9112 	EXP 	window1: blendMode = 'avg'
18.9278 	EXP 	window1: blendMode = 'avg'
18.9444 	EXP 	window1: blendMode = 'avg'
18.9610 	EXP 	window1: blendMode = 'avg'
18.9778 	EXP 	window1: blendMode = 'avg'
18.9945 	EXP 	window1: blendMode = 'avg'
19.0110 	EXP 	window1: blendMode = 'avg'
19.0277 	EXP 	window1: blendMode = 'avg'
19.0445 	EXP 	window1: blendMode = 'avg'
19.0611 	EXP 	window1: blendMode = 'avg'
19.0778 	EXP 	window1: blendMode = 'avg'
19.0943 	EXP 	window1: blendMode = 'avg'
19.1112 	EXP 	window1: blendMode = 'avg'
19.1277 	EXP 	window1: blendMode = 'avg'
19.1444 	EXP 	window1: blendMode = 'avg'
19.1611 	EXP 	window1: blendMode = 'avg'
19.1777 	EXP 	window1: blendMode = 'avg'
19.1944 	EXP 	window1: blendMode = 'avg'
19.2111 	EXP 	window1: blendMode = 'avg'
19.2278 	EXP 	window1: blendMode = 'avg'
19.2445 	EXP 	window1: blendMode = 'avg'
19.2610 	EXP 	window1: blendMode = 'avg'
19.2777 	EXP 	window1: blendMode = 'avg'
19.2945 	EXP 	window1: blendMode = 'avg'
19.3111 	EXP 	window1: blendMode = 'avg'
19.3278 	EXP 	window1: blendMode = 'avg'
19.3443 	EXP 	window1: blendMode = 'avg'
19.3610 	EXP 	window1: blendMode = 'avg'
19.3778 	EXP 	window1: blendMode = 'avg'
19.3945 	EXP 	window1: blendMode = 'avg'
19.4111 	EXP 	window1: blendMode = 'avg'
19.4278 	EXP 	window1: blendMode = 'avg'
19.4444 	EXP 	window1: blendMode = 'avg'
19.4611 	EXP 	window1: blendMode = 'avg'
19.4776 	EXP 	window1: blendMode = 'avg'
19.4944 	EXP 	window1: blendMode = 'avg'
19.5111 	EXP 	window1: blendMode = 'avg'
19.5278 	EXP 	window1: blendMode = 'avg'
19.5443 	EXP 	window1: blendMode = 'avg'
19.5608 	EXP 	window1: blendMode = 'avg'
19.5776 	EXP 	window1: blendMode = 'avg'
19.5945 	EXP 	window1: blendMode = 'avg'
19.6112 	EXP 	window1: blendMode = 'avg'
19.6277 	EXP 	window1: blendMode = 'avg'
19.6445 	EXP 	window1: blendMode = 'avg'
19.6610 	EXP 	window1: blendMode = 'avg'
19.6777 	EXP 	window1: blendMode = 'avg'
19.6944 	EXP 	window1: blendMode = 'avg'
19.7110 	EXP 	window1: blendMode = 'avg'
19.7277 	EXP 	window1: blendMode = 'avg'
19.7444 	EXP 	window1: blendMode = 'avg'
19.7610 	EXP 	window1: blendMode = 'avg'
19.7778 	EXP 	window1: blendMode = 'avg'
19.7944 	EXP 	window1: blendMode = 'avg'
19.8112 	EXP 	window1: blendMode = 'avg'
19.8277 	EXP 	window1: blendMode = 'avg'
19.8445 	EXP 	window1: blendMode = 'avg'
19.8610 	EXP 	window1: blendMode = 'avg'
19.8776 	EXP 	window1: blendMode = 'avg'
19.8944 	EXP 	window1: blendMode = 'avg'
19.9109 	EXP 	window1: blendMode = 'avg'
19.9276 	EXP 	window1: blendMode = 'avg'
19.9443 	EXP 	window1: blendMode = 'avg'
19.9611 	EXP 	window1: blendMode = 'avg'
19.9778 	EXP 	window1: blendMode = 'avg'
19.9943 	EXP 	window1: blendMode = 'avg'
20.0110 	EXP 	window1: blendMode = 'avg'
20.0278 	EXP 	window1: blendMode = 'avg'
20.0444 	EXP 	window1: blendMode = 'avg'
20.0611 	EXP 	window1: blendMode = 'avg'
20.0776 	EXP 	window1: blendMode = 'avg'
20.0943 	EXP 	window1: blendMode = 'avg'
20.1111 	EXP 	window1: blendMode = 'avg'
20.1278 	EXP 	window1: blendMode = 'avg'
20.1444 	EXP 	window1: blendMode = 'avg'
20.1611 	EXP 	window1: blendMode = 'avg'
20.1778 	EXP 	window1: blendMode = 'avg'
20.1943 	EXP 	window1: blendMode = 'avg'
20.2110 	EXP 	window1: blendMode = 'avg'
20.2277 	EXP 	window1: blendMode = 'avg'
20.2444 	EXP 	window1: blendMode = 'avg'
20.2611 	EXP 	window1: blendMode = 'avg'
20.2767 	EXP 	window1: blendMode = 'avg'
20.2945 	EXP 	window1: blendMode = 'avg'
20.3112 	EXP 	window1: blendMode = 'avg'
20.3276 	EXP 	window1: blendMode = 'avg'
20.3445 	EXP 	window1: blendMode = 'avg'
20.3610 	EXP 	window1: blendMode = 'avg'
20.3778 	EXP 	window1: blendMode = 'avg'
20.3943 	EXP 	window1: blendMode = 'avg'
20.4112 	EXP 	window1: blendMode = 'avg'
20.4277 	EXP 	window1: blendMode = 'avg'
20.4444 	EXP 	window1: blendMode = 'avg'
20.4612 	EXP 	window1: blendMode = 'avg'
20.4777 	EXP 	window1: blendMode = 'avg'
20.4945 	EXP 	window1: blendMode = 'avg'
20.5110 	EXP 	window1: blendMode = 'avg'
20.5277 	EXP 	window1: blendMode = 'avg'
20.5444 	EXP 	window1: blendMode = 'avg'
20.5609 	EXP 	window1: blendMode = 'avg'
20.5776 	EXP 	window1: blendMode = 'avg'
20.5943 	EXP 	window1: blendMode = 'avg'
20.6112 	EXP 	window1: blendMode = 'avg'
20.6278 	EXP 	window1: blendMode = 'avg'
20.6443 	EXP 	window1: blendMode = 'avg'
20.6610 	EXP 	window1: blendMode = 'avg'
20.6777 	EXP 	window1: blendMode = 'avg'
20.6944 	EXP 	window1: blendMode = 'avg'
20.7110 	EXP 	window1: blendMode = 'avg'
20.7278 	EXP 	window1: blendMode = 'avg'
20.7443 	EXP 	window1: blendMode = 'avg'
20.7610 	EXP 	window1: blendMode = 'avg'
20.7778 	EXP 	window1: blendMode = 'avg'
20.7943 	EXP 	window1: blendMode = 'avg'
20.8111 	EXP 	window1: blendMode = 'avg'
20.8278 	EXP 	window1: blendMode = 'avg'
20.8445 	EXP 	window1: blendMode = 'avg'
20.8610 	EXP 	window1: blendMode = 'avg'
20.8774 	EXP 	window1: blendMode = 'avg'
20.8942 	EXP 	window1: blendMode = 'avg'
20.9109 	EXP 	window1: blendMode = 'avg'
20.9277 	EXP 	window1: blendMode = 'avg'
20.9444 	EXP 	window1: blendMode = 'avg'
20.9610 	EXP 	window1: blendMode = 'avg'
20.9777 	EXP 	window1: blendMode = 'avg'
20.9944 	EXP 	window1: blendMode = 'avg'
21.0109 	EXP 	window1: blendMode = 'avg'
21.0277 	EXP 	window1: blendMode = 'avg'
21.0443 	EXP 	window1: blendMode = 'avg'
21.0610 	EXP 	window1: blendMode = 'avg'
21.0777 	EXP 	window1: blendMode = 'avg'
21.0944 	EXP 	window1: blendMode = 'avg'
21.1112 	EXP 	window1: blendMode = 'avg'
21.1277 	EXP 	window1: blendMode = 'avg'
21.1445 	EXP 	window1: blendMode = 'avg'
21.1609 	EXP 	window1: blendMode = 'avg'
21.1777 	EXP 	window1: blendMode = 'avg'
21.1946 	EXP 	window1: blendMode = 'avg'
21.2112 	EXP 	window1: blendMode = 'avg'
21.2277 	EXP 	window1: blendMode = 'avg'
21.2444 	EXP 	window1: blendMode = 'avg'
21.2612 	EXP 	window1: blendMode = 'avg'
21.2777 	EXP 	window1: blendMode = 'avg'
21.2948 	EXP 	window1: blendMode = 'avg'
21.3112 	EXP 	window1: blendMode = 'avg'
21.3275 	EXP 	window1: blendMode = 'avg'
21.3443 	EXP 	window1: blendMode = 'avg'
21.3610 	EXP 	window1: blendMode = 'avg'
21.3777 	EXP 	window1: blendMode = 'avg'
21.3946 	EXP 	window1: blendMode = 'avg'
21.4111 	EXP 	window1: blendMode = 'avg'
21.4276 	EXP 	window1: blendMode = 'avg'
21.4444 	EXP 	window1: blendMode = 'avg'
21.4611 	EXP 	window1: blendMode = 'avg'
21.4776 	EXP 	window1: blendMode = 'avg'
21.4944 	EXP 	window1: blendMode = 'avg'
21.5111 	EXP 	window1: blendMode = 'avg'
21.5276 	EXP 	window1: blendMode = 'avg'
21.5444 	EXP 	window1: blendMode = 'avg'
21.5611 	EXP 	window1: blendMode = 'avg'
21.5776 	EXP 	window1: blendMode = 'avg'
21.5943 	EXP 	window1: blendMode = 'avg'
21.6138 	DATA 	Keypress: space
21.6263 	EXP 	Imported Book.xlsx as conditions, 44 conditions, 7 params
21.6269 	EXP 	Created sequence: random, trialTypes=44, nReps=1, seed=None
21.6273 	EXP 	New trial (rep=0, index=0): {'YLeftPos': 0, 'time_presentation': 0.5, 'XLeftPos': -300, 'XRightPos': 300, 'rightimg': u'frogs/ab80.jpg', 'YRightPos': 0, 'leftimg': u'frogs/ab40.jpg'}
21.7265 	EXP 	text_2: autoDraw = False
21.7265 	EXP 	Leftimg: pos = array([-300.,    0.])
21.7265 	EXP 	Leftimg: image = u'frogs/ab40.jpg'
21.7265 	EXP 	Rightimg: pos = array([ 300.,    0.])
21.7265 	EXP 	Rightimg: image = u'frogs/ab80.jpg'
21.7265 	EXP 	Leftimg: autoDraw = True
21.7265 	EXP 	Rightimg: autoDraw = True
22.1434 	EXP 	Leftimg: autoDraw = False
22.1434 	EXP 	Rightimg: autoDraw = False
22.6447 	DATA 	Keypress: left
22.6459 	EXP 	New trial (rep=0, index=1): {'YLeftPos': 0, 'time_presentation': 0.5, 'XLeftPos': -300, 'XRightPos': 300, 'rightimg': u'frogs/ab69.jpg', 'YRightPos': 0, 'leftimg': u'frogs/ab29.jpg'}
22.6767 	EXP 	Leftimg: autoDraw = False
22.6767 	EXP 	Rightimg: autoDraw = False
22.6767 	EXP 	text: autoDraw = False
22.6767 	EXP 	Leftimg: pos = array([-300.,    0.])
22.6767 	EXP 	Leftimg: image = u'frogs/ab29.jpg'
22.6767 	EXP 	Rightimg: pos = array([ 300.,    0.])
22.6767 	EXP 	Rightimg: image = u'frogs/ab69.jpg'
22.6767 	EXP 	Leftimg: autoDraw = True
22.6767 	EXP 	Rightimg: autoDraw = True
23.1453 	DATA 	Keypress: right
23.1463 	EXP 	New trial (rep=0, index=2): {'YLeftPos': 0, 'time_presentation': 0.5, 'XLeftPos': -300, 'XRightPos': 300, 'rightimg': u'frogs/ab68.jpg', 'YRightPos': 0, 'leftimg': u'frogs/ab28.jpg'}
23.1937 	EXP 	Leftimg: autoDraw = False
23.1937 	EXP 	Rightimg: autoDraw = False
23.1937 	EXP 	Leftimg: autoDraw = False
23.1937 	EXP 	Rightimg: autoDraw = False
23.1937 	EXP 	text: autoDraw = False
23.1937 	EXP 	Leftimg: pos = array([-300.,    0.])
23.1937 	EXP 	Leftimg: image = u'frogs/ab28.jpg'
23.1937 	EXP 	Rightimg: pos = array([ 300.,    0.])
23.1937 	EXP 	Rightimg: image = u'frogs/ab68.jpg'
23.1937 	EXP 	Leftimg: autoDraw = True
23.1937 	EXP 	Rightimg: autoDraw = True
23.6107 	DATA 	Keypress: left
23.6116 	EXP 	New trial (rep=0, index=3): {'YLeftPos': 0, 'time_presentation': 0.5, 'XLeftPos': -300, 'XRightPos': 300, 'rightimg': u'frogs/ab41.jpg', 'YRightPos': 0, 'leftimg': u'frogs/ab1.jpg'}
23.6427 	EXP 	Leftimg: autoDraw = False
23.6427 	EXP 	Rightimg: autoDraw = False
23.6427 	EXP 	text: autoDraw = False
23.6427 	EXP 	Leftimg: pos = array([-300.,    0.])
23.6427 	EXP 	Leftimg: image = u'frogs/ab1.jpg'
23.6427 	EXP 	Rightimg: pos = array([ 300.,    0.])
23.6427 	EXP 	Rightimg: image = u'frogs/ab41.jpg'
23.6427 	EXP 	Leftimg: autoDraw = True
23.6427 	EXP 	Rightimg: autoDraw = True
24.0607 	DATA 	Keypress: right
24.0616 	EXP 	New trial (rep=0, index=4): {'YLeftPos': 0, 'time_presentation': 0.5, 'XLeftPos': -300, 'XRightPos': 300, 'rightimg': u'4.jpg', 'YRightPos': 0, 'leftimg': u'2.jpg'}
24.1099 	EXP 	Leftimg: autoDraw = False
24.1099 	EXP 	Rightimg: autoDraw = False
24.1099 	EXP 	text: autoDraw = False
24.1099 	EXP 	Leftimg: pos = array([-300.,    0.])
24.1099 	EXP 	Leftimg: image = u'2.jpg'
24.1099 	EXP 	Rightimg: pos = array([ 300.,    0.])
24.1099 	EXP 	Rightimg: image = u'4.jpg'
24.1099 	EXP 	Leftimg: autoDraw = True
24.1099 	EXP 	Rightimg: autoDraw = True
24.5764 	EXP 	Leftimg: autoDraw = False
24.5764 	EXP 	Rightimg: autoDraw = False
24.5781 	DATA 	Keypress: left
24.5794 	EXP 	New trial (rep=0, index=5): {'YLeftPos': 0, 'time_presentation': 0.5, 'XLeftPos': -300, 'XRightPos': 300, 'rightimg': u'frogs/ab44.jpg', 'YRightPos': 0, 'leftimg': u'frogs/ab4.jpg'}
24.6103 	EXP 	Leftimg: autoDraw = False
24.6103 	EXP 	Rightimg: autoDraw = False
24.6103 	EXP 	text: autoDraw = False
24.6103 	EXP 	Leftimg: pos = array([-300.,    0.])
24.6103 	EXP 	Leftimg: image = u'frogs/ab4.jpg'
24.6103 	EXP 	Rightimg: pos = array([ 300.,    0.])
24.6103 	EXP 	Rightimg: image = u'frogs/ab44.jpg'
24.6103 	EXP 	Leftimg: autoDraw = True
24.6103 	EXP 	Rightimg: autoDraw = True
25.0283 	DATA 	Keypress: right
25.0293 	EXP 	New trial (rep=0, index=6): {'YLeftPos': 0, 'time_presentation': 0.5, 'XLeftPos': -300, 'XRightPos': 300, 'rightimg': u'frogs/ab43.jpg', 'YRightPos': 0, 'leftimg': u'frogs/ab3.jpg'}
25.0927 	EXP 	Leftimg: autoDraw = False
25.0927 	EXP 	Rightimg: autoDraw = False
25.0927 	EXP 	text: autoDraw = False
25.0927 	EXP 	Leftimg: pos = array([-300.,    0.])
25.0927 	EXP 	Leftimg: image = u'frogs/ab3.jpg'
25.0927 	EXP 	Rightimg: pos = array([ 300.,    0.])
25.0927 	EXP 	Rightimg: image = u'frogs/ab43.jpg'
25.0927 	EXP 	Leftimg: autoDraw = True
25.0927 	EXP 	Rightimg: autoDraw = True
25.5433 	EXP 	Leftimg: autoDraw = False
25.5433 	EXP 	Rightimg: autoDraw = False
25.6951 	DATA 	Keypress: left
25.6965 	EXP 	New trial (rep=0, index=7): {'YLeftPos': 0, 'time_presentation': 0.5, 'XLeftPos': -300, 'XRightPos': 300, 'rightimg': u'frogs/ab56.jpg', 'YRightPos': 0, 'leftimg': u'frogs/ab16.jpg'}
25.9927 	EXP 	Leftimg: autoDraw = False
25.9927 	EXP 	Rightimg: autoDraw = False
25.9927 	EXP 	text: autoDraw = False
25.9927 	EXP 	Leftimg: pos = array([-300.,    0.])
25.9927 	EXP 	Leftimg: image = u'frogs/ab16.jpg'
25.9927 	EXP 	Rightimg: pos = array([ 300.,    0.])
25.9927 	EXP 	Rightimg: image = u'frogs/ab56.jpg'
25.9927 	EXP 	Leftimg: autoDraw = True
25.9927 	EXP 	Rightimg: autoDraw = True
26.2097 	EXP 	Leftimg: autoDraw = False
26.2097 	EXP 	Rightimg: autoDraw = False
26.2453 	DATA 	Keypress: left
26.2612 	EXP 	New trial (rep=0, index=8): {'YLeftPos': 0, 'time_presentation': 0.5, 'XLeftPos': -300, 'XRightPos': 300, 'rightimg': u'frogs/ab53.jpg', 'YRightPos': 0, 'leftimg': u'frogs/ab13.jpg'}
26.2924 	EXP 	Leftimg: autoDraw = False
26.2924 	EXP 	Rightimg: autoDraw = False
26.2924 	EXP 	text: autoDraw = False
26.2924 	EXP 	Leftimg: pos = array([-300.,    0.])
26.2924 	EXP 	Leftimg: image = u'frogs/ab13.jpg'
26.2924 	EXP 	Rightimg: pos = array([ 300.,    0.])
26.2924 	EXP 	Rightimg: image = u'frogs/ab53.jpg'
26.2924 	EXP 	Leftimg: autoDraw = True
26.2924 	EXP 	Rightimg: autoDraw = True
26.7293 	DATA 	Keypress: right
26.7442 	EXP 	New trial (rep=0, index=9): {'YLeftPos': 0, 'time_presentation': 0.5, 'XLeftPos': -300, 'XRightPos': 300, 'rightimg': u'frogs/ab48.jpg', 'YRightPos': 0, 'leftimg': u'frogs/ab8.jpg'}
26.7923 	EXP 	Leftimg: autoDraw = False
26.7923 	EXP 	Rightimg: autoDraw = False
26.7923 	EXP 	text: autoDraw = False
26.7923 	EXP 	Leftimg: pos = array([-300.,    0.])
26.7923 	EXP 	Leftimg: image = u'frogs/ab8.jpg'
26.7923 	EXP 	Rightimg: pos = array([ 300.,    0.])
26.7923 	EXP 	Rightimg: image = u'frogs/ab48.jpg'
26.7923 	EXP 	Leftimg: autoDraw = True
26.7923 	EXP 	Rightimg: autoDraw = True
27.2600 	EXP 	Leftimg: autoDraw = False
27.2600 	EXP 	Rightimg: autoDraw = False
27.3112 	DATA 	Keypress: right
27.3124 	EXP 	New trial (rep=0, index=10): {'YLeftPos': 0, 'time_presentation': 0.5, 'XLeftPos': -300, 'XRightPos': 300, 'rightimg': u'frogs/ab58.jpg', 'YRightPos': 0, 'leftimg': u'frogs/ab18.jpg'}
27.4608 	EXP 	Leftimg: autoDraw = False
27.4608 	EXP 	Rightimg: autoDraw = False
27.4608 	EXP 	text: autoDraw = False
27.4608 	EXP 	Leftimg: pos = array([-300.,    0.])
27.4608 	EXP 	Leftimg: image = u'frogs/ab18.jpg'
27.4608 	EXP 	Rightimg: pos = array([ 300.,    0.])
27.4608 	EXP 	Rightimg: image = u'frogs/ab58.jpg'
27.4608 	EXP 	Leftimg: autoDraw = True
27.4608 	EXP 	Rightimg: autoDraw = True
27.8266 	EXP 	Leftimg: autoDraw = False
27.8266 	EXP 	Rightimg: autoDraw = False
27.8614 	DATA 	Keypress: left
27.8625 	EXP 	New trial (rep=0, index=11): {'YLeftPos': 0, 'time_presentation': 0.5, 'XLeftPos': -300, 'XRightPos': 300, 'rightimg': u'frogs/ab54.jpg', 'YRightPos': 0, 'leftimg': u'frogs/ab14.jpg'}
27.9099 	EXP 	Leftimg: autoDraw = False
27.9099 	EXP 	Rightimg: autoDraw = False
27.9099 	EXP 	text: autoDraw = False
27.9099 	EXP 	Leftimg: pos = array([-300.,    0.])
27.9099 	EXP 	Leftimg: image = u'frogs/ab14.jpg'
27.9099 	EXP 	Rightimg: pos = array([ 300.,    0.])
27.9099 	EXP 	Rightimg: image = u'frogs/ab54.jpg'
27.9099 	EXP 	Leftimg: autoDraw = True
27.9099 	EXP 	Rightimg: autoDraw = True
28.3449 	DATA 	Keypress: right
28.3458 	EXP 	New trial (rep=0, index=12): {'YLeftPos': 0, 'time_presentation': 0.5, 'XLeftPos': -300, 'XRightPos': 300, 'rightimg': u'frogs/ab47.jpg', 'YRightPos': 0, 'leftimg': u'frogs/ab7.jpg'}
28.7127 	EXP 	Leftimg: autoDraw = False
28.7127 	EXP 	Rightimg: autoDraw = False
28.7127 	EXP 	text: autoDraw = False
28.7127 	EXP 	Leftimg: pos = array([-300.,    0.])
28.7127 	EXP 	Leftimg: image = u'frogs/ab7.jpg'
28.7127 	EXP 	Rightimg: pos = array([ 300.,    0.])
28.7127 	EXP 	Rightimg: image = u'frogs/ab47.jpg'
28.7127 	EXP 	Leftimg: autoDraw = True
28.7127 	EXP 	Rightimg: autoDraw = True
28.8599 	EXP 	Leftimg: autoDraw = False
28.8599 	EXP 	Rightimg: autoDraw = False
29.1278 	DATA 	Keypress: left
29.1289 	EXP 	New trial (rep=0, index=13): {'YLeftPos': 0, 'time_presentation': 0.5, 'XLeftPos': -300, 'XRightPos': 300, 'rightimg': u'frogs/ab55.jpg', 'YRightPos': 0, 'leftimg': u'frogs/ab15.jpg'}
29.2429 	EXP 	Leftimg: autoDraw = False
29.2429 	EXP 	Rightimg: autoDraw = False
29.2429 	EXP 	text: autoDraw = False
29.2429 	EXP 	Leftimg: pos = array([-300.,    0.])
29.2429 	EXP 	Leftimg: image = u'frogs/ab15.jpg'
29.2429 	EXP 	Rightimg: pos = array([ 300.,    0.])
29.2429 	EXP 	Rightimg: image = u'frogs/ab55.jpg'
29.2429 	EXP 	Leftimg: autoDraw = True
29.2429 	EXP 	Rightimg: autoDraw = True
29.6434 	EXP 	Leftimg: autoDraw = False
29.6434 	EXP 	Rightimg: autoDraw = False
29.7109 	DATA 	Keypress: left
29.7119 	EXP 	New trial (rep=0, index=14): {'YLeftPos': 0, 'time_presentation': 0.5, 'XLeftPos': -300, 'XRightPos': 300, 'rightimg': u'frogs/ab75.jpg', 'YRightPos': 0, 'leftimg': u'frogs/ab35.jpg'}
29.7429 	EXP 	Leftimg: autoDraw = False
29.7429 	EXP 	Rightimg: autoDraw = False
29.7429 	EXP 	text: autoDraw = False
29.7429 	EXP 	Leftimg: pos = array([-300.,    0.])
29.7429 	EXP 	Leftimg: image = u'frogs/ab35.jpg'
29.7429 	EXP 	Rightimg: pos = array([ 300.,    0.])
29.7429 	EXP 	Rightimg: image = u'frogs/ab75.jpg'
29.7429 	EXP 	Leftimg: autoDraw = True
29.7429 	EXP 	Rightimg: autoDraw = True
30.1961 	DATA 	Keypress: left
30.2110 	EXP 	New trial (rep=0, index=15): {'YLeftPos': 0, 'time_presentation': 0.5, 'XLeftPos': -300, 'XRightPos': 300, 'rightimg': u'frogs/ab45.jpg', 'YRightPos': 0, 'leftimg': u'frogs/ab5.jpg'}
30.2429 	EXP 	Leftimg: autoDraw = False
30.2429 	EXP 	Rightimg: autoDraw = False
30.2429 	EXP 	Leftimg: autoDraw = False
30.2429 	EXP 	Rightimg: autoDraw = False
30.2429 	EXP 	text: autoDraw = False
30.2429 	EXP 	Leftimg: pos = array([-300.,    0.])
30.2429 	EXP 	Leftimg: image = u'frogs/ab5.jpg'
30.2429 	EXP 	Rightimg: pos = array([ 300.,    0.])
30.2429 	EXP 	Rightimg: image = u'frogs/ab45.jpg'
30.2429 	EXP 	Leftimg: autoDraw = True
30.2429 	EXP 	Rightimg: autoDraw = True
30.6947 	DATA 	Keypress: right
30.6956 	EXP 	New trial (rep=0, index=16): {'YLeftPos': 0, 'time_presentation': 0.5, 'XLeftPos': -300, 'XRightPos': 300, 'rightimg': u'frogs/ab50.jpg', 'YRightPos': 0, 'leftimg': u'frogs/ab10.jpg'}
30.7597 	EXP 	Leftimg: autoDraw = False
30.7597 	EXP 	Rightimg: autoDraw = False
30.7597 	EXP 	text: autoDraw = False
30.7597 	EXP 	Leftimg: pos = array([-300.,    0.])
30.7597 	EXP 	Leftimg: image = u'frogs/ab10.jpg'
30.7597 	EXP 	Rightimg: pos = array([ 300.,    0.])
30.7597 	EXP 	Rightimg: image = u'frogs/ab50.jpg'
30.7597 	EXP 	Leftimg: autoDraw = True
30.7597 	EXP 	Rightimg: autoDraw = True
31.2100 	EXP 	Leftimg: autoDraw = False
31.2100 	EXP 	Rightimg: autoDraw = False
31.3622 	DATA 	Keypress: left
31.3776 	EXP 	New trial (rep=0, index=17): {'YLeftPos': 0, 'time_presentation': 0.5, 'XLeftPos': -300, 'XRightPos': 300, 'rightimg': u'frogs/ab70.jpg', 'YRightPos': 0, 'leftimg': u'frogs/ab30.jpg'}
31.4096 	EXP 	Leftimg: autoDraw = False
31.4096 	EXP 	Rightimg: autoDraw = False
31.4096 	EXP 	text: autoDraw = False
31.4096 	EXP 	Leftimg: pos = array([-300.,    0.])
31.4096 	EXP 	Leftimg: image = u'frogs/ab30.jpg'
31.4096 	EXP 	Rightimg: pos = array([ 300.,    0.])
31.4096 	EXP 	Rightimg: image = u'frogs/ab70.jpg'
31.4096 	EXP 	Leftimg: autoDraw = True
31.4096 	EXP 	Rightimg: autoDraw = True
31.7947 	DATA 	Keypress: right
31.7957 	EXP 	New trial (rep=0, index=18): {'YLeftPos': 0, 'time_presentation': 0.5, 'XLeftPos': -300, 'XRightPos': 300, 'rightimg': u'frogs/ab77.jpg', 'YRightPos': 0, 'leftimg': u'frogs/ab37.jpg'}
31.8431 	EXP 	Leftimg: autoDraw = False
31.8431 	EXP 	Rightimg: autoDraw = False
31.8431 	EXP 	text: autoDraw = False
31.8431 	EXP 	Leftimg: pos = array([-300.,    0.])
31.8431 	EXP 	Leftimg: image = u'frogs/ab37.jpg'
31.8431 	EXP 	Rightimg: pos = array([ 300.,    0.])
31.8431 	EXP 	Rightimg: image = u'frogs/ab77.jpg'
31.8431 	EXP 	Leftimg: autoDraw = True
31.8431 	EXP 	Rightimg: autoDraw = True
32.3099 	EXP 	Leftimg: autoDraw = False
32.3099 	EXP 	Rightimg: autoDraw = False
32.3279 	DATA 	Keypress: left
32.3290 	EXP 	New trial (rep=0, index=19): {'YLeftPos': 0, 'time_presentation': 0.5, 'XLeftPos': -300, 'XRightPos': 300, 'rightimg': u'frogs/ab60.jpg', 'YRightPos': 0, 'leftimg': u'frogs/ab20.jpg'}
32.3430 	EXP 	Leftimg: autoDraw = False
32.3430 	EXP 	Rightimg: autoDraw = False
32.3430 	EXP 	text: autoDraw = False
32.3430 	EXP 	Leftimg: pos = array([-300.,    0.])
32.3430 	EXP 	Leftimg: image = u'frogs/ab20.jpg'
32.3430 	EXP 	Rightimg: pos = array([ 300.,    0.])
32.3430 	EXP 	Rightimg: image = u'frogs/ab60.jpg'
32.3430 	EXP 	Leftimg: autoDraw = True
32.3430 	EXP 	Rightimg: autoDraw = True
32.8428 	EXP 	Leftimg: autoDraw = False
32.8428 	EXP 	Rightimg: autoDraw = False
32.8449 	DATA 	Keypress: right
32.8460 	EXP 	New trial (rep=0, index=20): {'YLeftPos': 0, 'time_presentation': 0.5, 'XLeftPos': -300, 'XRightPos': 300, 'rightimg': u'3.jpg', 'YRightPos': 0, 'leftimg': u'1.jpg'}
32.8929 	EXP 	Leftimg: autoDraw = False
32.8929 	EXP 	Rightimg: autoDraw = False
32.8929 	EXP 	text: autoDraw = False
32.8929 	EXP 	Leftimg: pos = array([-300.,    0.])
32.8929 	EXP 	Leftimg: image = u'1.jpg'
32.8929 	EXP 	Rightimg: pos = array([ 300.,    0.])
32.8929 	EXP 	Rightimg: image = u'3.jpg'
32.8929 	EXP 	Leftimg: autoDraw = True
32.8929 	EXP 	Rightimg: autoDraw = True
33.3600 	EXP 	Leftimg: autoDraw = False
33.3600 	EXP 	Rightimg: autoDraw = False
33.4450 	DATA 	Keypress: left
33.4461 	EXP 	New trial (rep=0, index=21): {'YLeftPos': 0, 'time_presentation': 0.5, 'XLeftPos': -300, 'XRightPos': 300, 'rightimg': u'frogs/ab76.jpg', 'YRightPos': 0, 'leftimg': u'frogs/ab36.jpg'}
33.4928 	EXP 	Leftimg: autoDraw = False
33.4928 	EXP 	Rightimg: autoDraw = False
33.4928 	EXP 	text: autoDraw = False
33.4928 	EXP 	Leftimg: pos = array([-300.,    0.])
33.4928 	EXP 	Leftimg: image = u'frogs/ab36.jpg'
33.4928 	EXP 	Rightimg: pos = array([ 300.,    0.])
33.4928 	EXP 	Rightimg: image = u'frogs/ab76.jpg'
33.4928 	EXP 	Leftimg: autoDraw = True
33.4928 	EXP 	Rightimg: autoDraw = True
33.9598 	EXP 	Leftimg: autoDraw = False
33.9598 	EXP 	Rightimg: autoDraw = False
34.1109 	DATA 	Keypress: left
34.1120 	EXP 	New trial (rep=0, index=22): {'YLeftPos': 0, 'time_presentation': 0.5, 'XLeftPos': -300, 'XRightPos': 300, 'rightimg': u'frogs/ab46.jpg', 'YRightPos': 0, 'leftimg': u'frogs/ab6.jpg'}
34.1936 	EXP 	Leftimg: autoDraw = False
34.1936 	EXP 	Rightimg: autoDraw = False
34.1936 	EXP 	text: autoDraw = False
34.1936 	EXP 	Leftimg: pos = array([-300.,    0.])
34.1936 	EXP 	Leftimg: image = u'frogs/ab6.jpg'
34.1936 	EXP 	Rightimg: pos = array([ 300.,    0.])
34.1936 	EXP 	Rightimg: image = u'frogs/ab46.jpg'
34.1936 	EXP 	Leftimg: autoDraw = True
34.1936 	EXP 	Rightimg: autoDraw = True
34.2783 	DATA 	Keypress: right
34.2792 	EXP 	New trial (rep=0, index=23): {'YLeftPos': 0, 'time_presentation': 0.5, 'XLeftPos': -300, 'XRightPos': 300, 'rightimg': u'frogs/ab52.jpg', 'YRightPos': 0, 'leftimg': u'frogs/ab12.jpg'}
34.3108 	EXP 	Leftimg: autoDraw = False
34.3108 	EXP 	Rightimg: autoDraw = False
34.3108 	EXP 	text: autoDraw = False
34.3108 	EXP 	Leftimg: pos = array([-300.,    0.])
34.3108 	EXP 	Leftimg: image = u'frogs/ab12.jpg'
34.3108 	EXP 	Rightimg: pos = array([ 300.,    0.])
34.3108 	EXP 	Rightimg: image = u'frogs/ab52.jpg'
34.3108 	EXP 	Leftimg: autoDraw = True
34.3108 	EXP 	Rightimg: autoDraw = True
34.6606 	DATA 	Keypress: left
34.6615 	EXP 	New trial (rep=0, index=24): {'YLeftPos': 0, 'time_presentation': 0.5, 'XLeftPos': -300, 'XRightPos': 300, 'rightimg': u'frogs/ab71.jpg', 'YRightPos': 0, 'leftimg': u'frogs/ab31.jpg'}
34.7592 	EXP 	Leftimg: autoDraw = False
34.7592 	EXP 	Rightimg: autoDraw = False
34.7592 	EXP 	text: autoDraw = False
34.7592 	EXP 	Leftimg: pos = array([-300.,    0.])
34.7592 	EXP 	Leftimg: image = u'frogs/ab31.jpg'
34.7592 	EXP 	Rightimg: pos = array([ 300.,    0.])
34.7592 	EXP 	Rightimg: image = u'frogs/ab71.jpg'
34.7592 	EXP 	Leftimg: autoDraw = True
34.7592 	EXP 	Rightimg: autoDraw = True
35.1764 	EXP 	Leftimg: autoDraw = False
35.1764 	EXP 	Rightimg: autoDraw = False
35.1781 	DATA 	Keypress: left
35.1794 	EXP 	New trial (rep=0, index=25): {'YLeftPos': 0, 'time_presentation': 0.5, 'XLeftPos': -300, 'XRightPos': 300, 'rightimg': u'frogs/ab63.jpg', 'YRightPos': 0, 'leftimg': u'frogs/ab23.jpg'}
35.2259 	EXP 	Leftimg: autoDraw = False
35.2259 	EXP 	Rightimg: autoDraw = False
35.2259 	EXP 	text: autoDraw = False
35.2259 	EXP 	Leftimg: pos = array([-300.,    0.])
35.2259 	EXP 	Leftimg: image = u'frogs/ab23.jpg'
35.2259 	EXP 	Rightimg: pos = array([ 300.,    0.])
35.2259 	EXP 	Rightimg: image = u'frogs/ab63.jpg'
35.2259 	EXP 	Leftimg: autoDraw = True
35.2259 	EXP 	Rightimg: autoDraw = True
35.6929 	EXP 	Leftimg: autoDraw = False
35.6929 	EXP 	Rightimg: autoDraw = False
35.7788 	DATA 	Keypress: left
35.7943 	EXP 	New trial (rep=0, index=26): {'YLeftPos': 0, 'time_presentation': 0.5, 'XLeftPos': -300, 'XRightPos': 300, 'rightimg': u'frogs/ab57.jpg', 'YRightPos': 0, 'leftimg': u'frogs/ab17.jpg'}
35.8931 	EXP 	Leftimg: autoDraw = False
35.8931 	EXP 	Rightimg: autoDraw = False
35.8931 	EXP 	text: autoDraw = False
35.8931 	EXP 	Leftimg: pos = array([-300.,    0.])
35.8931 	EXP 	Leftimg: image = u'frogs/ab17.jpg'
35.8931 	EXP 	Rightimg: pos = array([ 300.,    0.])
35.8931 	EXP 	Rightimg: image = u'frogs/ab57.jpg'
35.8931 	EXP 	Leftimg: autoDraw = True
35.8931 	EXP 	Rightimg: autoDraw = True
36.2613 	DATA 	Keypress: right
36.2623 	EXP 	New trial (rep=0, index=27): {'YLeftPos': 0, 'time_presentation': 0.5, 'XLeftPos': -300, 'XRightPos': 300, 'rightimg': u'frogs/ab72.jpg', 'YRightPos': 0, 'leftimg': u'frogs/ab32.jpg'}
36.3097 	EXP 	Leftimg: autoDraw = False
36.3097 	EXP 	Rightimg: autoDraw = False
36.3097 	EXP 	text: autoDraw = False
36.3097 	EXP 	Leftimg: pos = array([-300.,    0.])
36.3097 	EXP 	Leftimg: image = u'frogs/ab32.jpg'
36.3097 	EXP 	Rightimg: pos = array([ 300.,    0.])
36.3097 	EXP 	Rightimg: image = u'frogs/ab72.jpg'
36.3097 	EXP 	Leftimg: autoDraw = True
36.3097 	EXP 	Rightimg: autoDraw = True
36.7762 	EXP 	Leftimg: autoDraw = False
36.7762 	EXP 	Rightimg: autoDraw = False
36.8445 	DATA 	Keypress: right
36.8455 	EXP 	New trial (rep=0, index=28): {'YLeftPos': 0, 'time_presentation': 0.5, 'XLeftPos': -300, 'XRightPos': 300, 'rightimg': u'frogs/ab49.jpg', 'YRightPos': 0, 'leftimg': u'frogs/ab9.jpg'}
37.0595 	EXP 	Leftimg: autoDraw = False
37.0595 	EXP 	Rightimg: autoDraw = False
37.0595 	EXP 	text: autoDraw = False
37.0595 	EXP 	Leftimg: pos = array([-300.,    0.])
37.0595 	EXP 	Leftimg: image = u'frogs/ab9.jpg'
37.0595 	EXP 	Rightimg: pos = array([ 300.,    0.])
37.0595 	EXP 	Rightimg: image = u'frogs/ab49.jpg'
37.0595 	EXP 	Leftimg: autoDraw = True
37.0595 	EXP 	Rightimg: autoDraw = True
37.3598 	EXP 	Leftimg: autoDraw = False
37.3598 	EXP 	Rightimg: autoDraw = False
37.3936 	DATA 	Keypress: left
37.3947 	EXP 	New trial (rep=0, index=29): {'YLeftPos': 0, 'time_presentation': 0.5, 'XLeftPos': -300, 'XRightPos': 300, 'rightimg': u'frogs/ab64.jpg', 'YRightPos': 0, 'leftimg': u'frogs/ab24.jpg'}
37.4264 	EXP 	Leftimg: autoDraw = False
37.4264 	EXP 	Rightimg: autoDraw = False
37.4264 	EXP 	text: autoDraw = False
37.4264 	EXP 	Leftimg: pos = array([-300.,    0.])
37.4264 	EXP 	Leftimg: image = u'frogs/ab24.jpg'
37.4264 	EXP 	Rightimg: pos = array([ 300.,    0.])
37.4264 	EXP 	Rightimg: image = u'frogs/ab64.jpg'
37.4264 	EXP 	Leftimg: autoDraw = True
37.4264 	EXP 	Rightimg: autoDraw = True
37.8277 	DATA 	Keypress: right
37.8286 	EXP 	New trial (rep=0, index=30): {'YLeftPos': 0, 'time_presentation': 0.5, 'XLeftPos': -300, 'XRightPos': 300, 'rightimg': u'frogs/ab78.jpg', 'YRightPos': 0, 'leftimg': u'frogs/ab38.jpg'}
37.8763 	EXP 	Leftimg: autoDraw = False
37.8763 	EXP 	Rightimg: autoDraw = False
37.8763 	EXP 	text: autoDraw = False
37.8763 	EXP 	Leftimg: pos = array([-300.,    0.])
37.8763 	EXP 	Leftimg: image = u'frogs/ab38.jpg'
37.8763 	EXP 	Rightimg: pos = array([ 300.,    0.])
37.8763 	EXP 	Rightimg: image = u'frogs/ab78.jpg'
37.8763 	EXP 	Leftimg: autoDraw = True
37.8763 	EXP 	Rightimg: autoDraw = True
38.3280 	DATA 	Keypress: left
38.3289 	EXP 	New trial (rep=0, index=31): {'YLeftPos': 0, 'time_presentation': 0.5, 'XLeftPos': -300, 'XRightPos': 300, 'rightimg': u'frogs/ab61.jpg', 'YRightPos': 0, 'leftimg': u'frogs/ab21.jpg'}
38.3587 	EXP 	Leftimg: autoDraw = False
38.3587 	EXP 	Rightimg: autoDraw = False
38.3587 	EXP 	Leftimg: autoDraw = False
38.3587 	EXP 	Rightimg: autoDraw = False
38.3587 	EXP 	text: autoDraw = False
38.3587 	EXP 	Leftimg: pos = array([-300.,    0.])
38.3587 	EXP 	Leftimg: image = u'frogs/ab21.jpg'
38.3587 	EXP 	Rightimg: pos = array([ 300.,    0.])
38.3587 	EXP 	Rightimg: image = u'frogs/ab61.jpg'
38.3587 	EXP 	Leftimg: autoDraw = True
38.3587 	EXP 	Rightimg: autoDraw = True
38.7617 	DATA 	Keypress: right
38.7626 	EXP 	New trial (rep=0, index=32): {'YLeftPos': 0, 'time_presentation': 0.5, 'XLeftPos': -300, 'XRightPos': 300, 'rightimg': u'2.jpg', 'YRightPos': 0, 'leftimg': u'4.jpg'}
38.7930 	EXP 	Leftimg: autoDraw = False
38.7930 	EXP 	Rightimg: autoDraw = False
38.7930 	EXP 	text: autoDraw = False
38.7930 	EXP 	Leftimg: pos = array([-300.,    0.])
38.7930 	EXP 	Leftimg: image = u'4.jpg'
38.7930 	EXP 	Rightimg: pos = array([ 300.,    0.])
38.7930 	EXP 	Rightimg: image = u'2.jpg'
38.7930 	EXP 	Leftimg: autoDraw = True
38.7930 	EXP 	Rightimg: autoDraw = True
39.2764 	EXP 	Leftimg: autoDraw = False
39.2764 	EXP 	Rightimg: autoDraw = False
39.3958 	DATA 	Keypress: right
39.4108 	EXP 	New trial (rep=0, index=33): {'YLeftPos': 0, 'time_presentation': 0.5, 'XLeftPos': -300, 'XRightPos': 300, 'rightimg': u'frogs/ab62.jpg', 'YRightPos': 0, 'leftimg': u'frogs/ab22.jpg'}
39.6091 	EXP 	Leftimg: autoDraw = False
39.6091 	EXP 	Rightimg: autoDraw = False
39.6091 	EXP 	text: autoDraw = False
39.6091 	EXP 	Leftimg: pos = array([-300.,    0.])
39.6091 	EXP 	Leftimg: image = u'frogs/ab22.jpg'
39.6091 	EXP 	Rightimg: pos = array([ 300.,    0.])
39.6091 	EXP 	Rightimg: image = u'frogs/ab62.jpg'
39.6091 	EXP 	Leftimg: autoDraw = True
39.6091 	EXP 	Rightimg: autoDraw = True
39.8782 	DATA 	Keypress: right
39.8791 	EXP 	New trial (rep=0, index=34): {'YLeftPos': 0, 'time_presentation': 0.5, 'XLeftPos': -300, 'XRightPos': 300, 'rightimg': u'frogs/ab51.jpg', 'YRightPos': 0, 'leftimg': u'frogs/ab11.jpg'}
39.9592 	EXP 	Leftimg: autoDraw = False
39.9592 	EXP 	Rightimg: autoDraw = False
39.9592 	EXP 	text: autoDraw = False
39.9592 	EXP 	Leftimg: pos = array([-300.,    0.])
39.9592 	EXP 	Leftimg: image = u'frogs/ab11.jpg'
39.9592 	EXP 	Rightimg: pos = array([ 300.,    0.])
39.9592 	EXP 	Rightimg: image = u'frogs/ab51.jpg'
39.9592 	EXP 	Leftimg: autoDraw = True
39.9592 	EXP 	Rightimg: autoDraw = True
40.1941 	DATA 	Keypress: left
40.1951 	EXP 	New trial (rep=0, index=35): {'YLeftPos': 0, 'time_presentation': 0.5, 'XLeftPos': -300, 'XRightPos': 300, 'rightimg': u'frogs/ab79.jpg', 'YRightPos': 0, 'leftimg': u'frogs/ab39.jpg'}
40.2263 	EXP 	Leftimg: autoDraw = False
40.2263 	EXP 	Rightimg: autoDraw = False
40.2263 	EXP 	text: autoDraw = False
40.2263 	EXP 	Leftimg: pos = array([-300.,    0.])
40.2263 	EXP 	Leftimg: image = u'frogs/ab39.jpg'
40.2263 	EXP 	Rightimg: pos = array([ 300.,    0.])
40.2263 	EXP 	Rightimg: image = u'frogs/ab79.jpg'
40.2263 	EXP 	Leftimg: autoDraw = True
40.2263 	EXP 	Rightimg: autoDraw = True
40.6610 	DATA 	Keypress: left
40.6619 	EXP 	New trial (rep=0, index=36): {'YLeftPos': 0, 'time_presentation': 0.5, 'XLeftPos': -300, 'XRightPos': 300, 'rightimg': u'frogs/ab66.jpg', 'YRightPos': 0, 'leftimg': u'frogs/ab26.jpg'}
40.6754 	EXP 	Leftimg: autoDraw = False
40.6754 	EXP 	Rightimg: autoDraw = False
40.6754 	EXP 	text: autoDraw = False
40.6754 	EXP 	Leftimg: pos = array([-300.,    0.])
40.6754 	EXP 	Leftimg: image = u'frogs/ab26.jpg'
40.6754 	EXP 	Rightimg: pos = array([ 300.,    0.])
40.6754 	EXP 	Rightimg: image = u'frogs/ab66.jpg'
40.6754 	EXP 	Leftimg: autoDraw = True
40.6754 	EXP 	Rightimg: autoDraw = True
41.0447 	DATA 	Keypress: right
41.0457 	EXP 	New trial (rep=0, index=37): {'YLeftPos': 0, 'time_presentation': 0.5, 'XLeftPos': -300, 'XRightPos': 300, 'rightimg': u'frogs/ab67.jpg', 'YRightPos': 0, 'leftimg': u'frogs/ab27.jpg'}
41.0927 	EXP 	Leftimg: autoDraw = False
41.0927 	EXP 	Rightimg: autoDraw = False
41.0927 	EXP 	text: autoDraw = False
41.0927 	EXP 	Leftimg: pos = array([-300.,    0.])
41.0927 	EXP 	Leftimg: image = u'frogs/ab27.jpg'
41.0927 	EXP 	Rightimg: pos = array([ 300.,    0.])
41.0927 	EXP 	Rightimg: image = u'frogs/ab67.jpg'
41.0927 	EXP 	Leftimg: autoDraw = True
41.0927 	EXP 	Rightimg: autoDraw = True
41.5456 	DATA 	Keypress: left
41.5596 	EXP 	Leftimg: autoDraw = False
41.5596 	EXP 	Rightimg: autoDraw = False
41.5611 	EXP 	New trial (rep=0, index=38): {'YLeftPos': 0, 'time_presentation': 0.5, 'XLeftPos': -300, 'XRightPos': 300, 'rightimg': u'frogs/ab74.jpg', 'YRightPos': 0, 'leftimg': u'frogs/ab34.jpg'}
41.6598 	EXP 	Leftimg: autoDraw = False
41.6598 	EXP 	Rightimg: autoDraw = False
41.6598 	EXP 	text: autoDraw = False
41.6598 	EXP 	Leftimg: pos = array([-300.,    0.])
41.6598 	EXP 	Leftimg: image = u'frogs/ab34.jpg'
41.6598 	EXP 	Rightimg: pos = array([ 300.,    0.])
41.6598 	EXP 	Rightimg: image = u'frogs/ab74.jpg'
41.6598 	EXP 	Leftimg: autoDraw = True
41.6598 	EXP 	Rightimg: autoDraw = True
41.9947 	DATA 	Keypress: right
41.9957 	EXP 	New trial (rep=0, index=39): {'YLeftPos': 0, 'time_presentation': 0.5, 'XLeftPos': -300, 'XRightPos': 300, 'rightimg': u'frogs/ab65.jpg', 'YRightPos': 0, 'leftimg': u'frogs/ab25.jpg'}
42.0598 	EXP 	Leftimg: autoDraw = False
42.0598 	EXP 	Rightimg: autoDraw = False
42.0598 	EXP 	text: autoDraw = False
42.0598 	EXP 	Leftimg: pos = array([-300.,    0.])
42.0598 	EXP 	Leftimg: image = u'frogs/ab25.jpg'
42.0598 	EXP 	Rightimg: pos = array([ 300.,    0.])
42.0598 	EXP 	Rightimg: image = u'frogs/ab65.jpg'
42.0598 	EXP 	Leftimg: autoDraw = True
42.0598 	EXP 	Rightimg: autoDraw = True
42.4942 	DATA 	Keypress: left
42.4951 	EXP 	New trial (rep=0, index=40): {'YLeftPos': 0, 'time_presentation': 0.5, 'XLeftPos': -300, 'XRightPos': 300, 'rightimg': u'frogs/ab73.jpg', 'YRightPos': 0, 'leftimg': u'frogs/ab33.jpg'}
42.6089 	EXP 	Leftimg: autoDraw = False
42.6089 	EXP 	Rightimg: autoDraw = False
42.6089 	EXP 	Leftimg: autoDraw = False
42.6089 	EXP 	Rightimg: autoDraw = False
42.6089 	EXP 	text: autoDraw = False
42.6089 	EXP 	Leftimg: pos = array([-300.,    0.])
42.6089 	EXP 	Leftimg: image = u'frogs/ab33.jpg'
42.6089 	EXP 	Rightimg: pos = array([ 300.,    0.])
42.6089 	EXP 	Rightimg: image = u'frogs/ab73.jpg'
42.6089 	EXP 	Leftimg: autoDraw = True
42.6089 	EXP 	Rightimg: autoDraw = True
43.0097 	EXP 	Leftimg: autoDraw = False
43.0097 	EXP 	Rightimg: autoDraw = False
43.0787 	DATA 	Keypress: left
43.0944 	EXP 	New trial (rep=0, index=41): {'YLeftPos': 0, 'time_presentation': 0.5, 'XLeftPos': -300, 'XRightPos': 300, 'rightimg': u'frogs/ab42.jpg', 'YRightPos': 0, 'leftimg': u'frogs/ab2.jpg'}
43.4431 	EXP 	Leftimg: autoDraw = False
43.4431 	EXP 	Rightimg: autoDraw = False
43.4431 	EXP 	text: autoDraw = False
43.4431 	EXP 	Leftimg: pos = array([-300.,    0.])
43.4431 	EXP 	Leftimg: image = u'frogs/ab2.jpg'
43.4431 	EXP 	Rightimg: pos = array([ 300.,    0.])
43.4431 	EXP 	Rightimg: image = u'frogs/ab42.jpg'
43.4431 	EXP 	Leftimg: autoDraw = True
43.4431 	EXP 	Rightimg: autoDraw = True
43.4449 	DATA 	Keypress: left
43.4458 	EXP 	New trial (rep=0, index=42): {'YLeftPos': 0, 'time_presentation': 0.5, 'XLeftPos': -300, 'XRightPos': 300, 'rightimg': u'1.jpg', 'YRightPos': 0, 'leftimg': u'3.jpg'}
43.4924 	EXP 	Leftimg: autoDraw = False
43.4924 	EXP 	Rightimg: autoDraw = False
43.4924 	EXP 	text: autoDraw = False
43.4924 	EXP 	Leftimg: pos = array([-300.,    0.])
43.4924 	EXP 	Leftimg: image = u'3.jpg'
43.4924 	EXP 	Rightimg: pos = array([ 300.,    0.])
43.4924 	EXP 	Rightimg: image = u'1.jpg'
43.4924 	EXP 	Leftimg: autoDraw = True
43.4924 	EXP 	Rightimg: autoDraw = True
43.7611 	DATA 	Keypress: left
43.7620 	EXP 	New trial (rep=0, index=43): {'YLeftPos': 0, 'time_presentation': 0.5, 'XLeftPos': -300, 'XRightPos': 300, 'rightimg': u'frogs/ab59.jpg', 'YRightPos': 0, 'leftimg': u'frogs/ab19.jpg'}
43.8258 	EXP 	Leftimg: autoDraw = False
43.8258 	EXP 	Rightimg: autoDraw = False
43.8258 	EXP 	text: autoDraw = False
43.8258 	EXP 	Leftimg: pos = array([-300.,    0.])
43.8258 	EXP 	Leftimg: image = u'frogs/ab19.jpg'
43.8258 	EXP 	Rightimg: pos = array([ 300.,    0.])
43.8258 	EXP 	Rightimg: image = u'frogs/ab59.jpg'
43.8258 	EXP 	Leftimg: autoDraw = True
43.8258 	EXP 	Rightimg: autoDraw = True
44.1942 	DATA 	Keypress: right
44.2639 	EXP 	window1: blendMode = 'avg'
44.2761 	EXP 	Leftimg: autoDraw = False
44.2761 	EXP 	Rightimg: autoDraw = False
44.2761 	EXP 	text: autoDraw = False
44.2761 	EXP 	text_3: autoDraw = True
44.2770 	EXP 	window1: blendMode = 'avg'
44.2940 	EXP 	window1: blendMode = 'avg'
44.3107 	EXP 	window1: blendMode = 'avg'
44.3279 	EXP 	window1: blendMode = 'avg'
44.3439 	EXP 	window1: blendMode = 'avg'
44.3608 	EXP 	window1: blendMode = 'avg'
44.3775 	EXP 	window1: blendMode = 'avg'
44.3941 	EXP 	window1: blendMode = 'avg'
44.4108 	EXP 	window1: blendMode = 'avg'
44.4264 	EXP 	window1: blendMode = 'avg'
44.4441 	EXP 	window1: blendMode = 'avg'
44.4606 	EXP 	window1: blendMode = 'avg'
44.4774 	EXP 	window1: blendMode = 'avg'
44.4942 	EXP 	window1: blendMode = 'avg'
44.5107 	EXP 	window1: blendMode = 'avg'
44.5275 	EXP 	window1: blendMode = 'avg'
44.5441 	EXP 	window1: blendMode = 'avg'
44.5616 	DATA 	Keypress: left
44.5623 	EXP 	window1: blendMode = 'avg'
44.5776 	EXP 	window1: blendMode = 'avg'
44.5942 	EXP 	window1: blendMode = 'avg'
44.6107 	EXP 	window1: blendMode = 'avg'
44.6274 	EXP 	window1: blendMode = 'avg'
44.6441 	EXP 	window1: blendMode = 'avg'
44.6611 	EXP 	window1: blendMode = 'avg'
44.6772 	EXP 	window1: blendMode = 'avg'
44.6940 	EXP 	window1: blendMode = 'avg'
44.7108 	EXP 	window1: blendMode = 'avg'
44.7274 	EXP 	window1: blendMode = 'avg'
44.7439 	EXP 	window1: blendMode = 'avg'
44.7607 	EXP 	window1: blendMode = 'avg'
44.7774 	EXP 	window1: blendMode = 'avg'
44.7941 	EXP 	window1: blendMode = 'avg'
44.8107 	EXP 	window1: blendMode = 'avg'
44.8275 	EXP 	window1: blendMode = 'avg'
44.8439 	EXP 	window1: blendMode = 'avg'
44.8607 	EXP 	window1: blendMode = 'avg'
44.8774 	EXP 	window1: blendMode = 'avg'
44.8942 	EXP 	window1: blendMode = 'avg'
44.9105 	EXP 	window1: blendMode = 'avg'
44.9273 	EXP 	window1: blendMode = 'avg'
44.9442 	EXP 	window1: blendMode = 'avg'
44.9607 	EXP 	window1: blendMode = 'avg'
44.9774 	EXP 	window1: blendMode = 'avg'
44.9941 	EXP 	window1: blendMode = 'avg'
45.0108 	EXP 	window1: blendMode = 'avg'
45.0273 	EXP 	window1: blendMode = 'avg'
45.0440 	EXP 	window1: blendMode = 'avg'
45.0607 	EXP 	window1: blendMode = 'avg'
45.0774 	EXP 	window1: blendMode = 'avg'
45.0941 	EXP 	window1: blendMode = 'avg'
45.1107 	EXP 	window1: blendMode = 'avg'
45.1273 	EXP 	window1: blendMode = 'avg'
45.1440 	EXP 	window1: blendMode = 'avg'
45.1607 	EXP 	window1: blendMode = 'avg'
45.1774 	EXP 	window1: blendMode = 'avg'
45.1941 	EXP 	window1: blendMode = 'avg'
45.2108 	EXP 	window1: blendMode = 'avg'
45.2273 	EXP 	window1: blendMode = 'avg'
45.2431 	EXP 	window1: blendMode = 'avg'
45.2603 	EXP 	window1: blendMode = 'avg'
45.2771 	EXP 	window1: blendMode = 'avg'
45.2935 	EXP 	window1: blendMode = 'avg'
45.3096 	EXP 	window1: blendMode = 'avg'
45.3271 	EXP 	window1: blendMode = 'avg'
45.3439 	EXP 	window1: blendMode = 'avg'
45.3599 	EXP 	window1: blendMode = 'avg'
45.3759 	EXP 	window1: blendMode = 'avg'
45.3930 	EXP 	window1: blendMode = 'avg'
45.4105 	EXP 	window1: blendMode = 'avg'
45.4268 	EXP 	window1: blendMode = 'avg'
45.4427 	EXP 	window1: blendMode = 'avg'
45.4610 	EXP 	window1: blendMode = 'avg'
45.4764 	EXP 	window1: blendMode = 'avg'
45.4934 	EXP 	window1: blendMode = 'avg'
45.5104 	EXP 	window1: blendMode = 'avg'
45.5272 	EXP 	window1: blendMode = 'avg'
45.5440 	EXP 	window1: blendMode = 'avg'
45.5608 	EXP 	window1: blendMode = 'avg'
45.5774 	EXP 	window1: blendMode = 'avg'
45.5939 	EXP 	window1: blendMode = 'avg'
45.6100 	EXP 	window1: blendMode = 'avg'
45.6265 	EXP 	window1: blendMode = 'avg'
45.6439 	EXP 	window1: blendMode = 'avg'
45.6603 	EXP 	window1: blendMode = 'avg'
45.6765 	EXP 	window1: blendMode = 'avg'
45.6923 	EXP 	window1: blendMode = 'avg'
45.7092 	EXP 	window1: blendMode = 'avg'
45.7263 	EXP 	window1: blendMode = 'avg'
45.7439 	EXP 	window1: blendMode = 'avg'
45.7605 	EXP 	window1: blendMode = 'avg'
45.7773 	EXP 	window1: blendMode = 'avg'
45.7940 	EXP 	window1: blendMode = 'avg'
45.8106 	EXP 	window1: blendMode = 'avg'
45.8274 	EXP 	window1: blendMode = 'avg'
45.8443 	EXP 	window1: blendMode = 'avg'
45.8609 	EXP 	window1: blendMode = 'avg'
45.8768 	EXP 	window1: blendMode = 'avg'
45.8941 	EXP 	window1: blendMode = 'avg'
45.9108 	EXP 	window1: blendMode = 'avg'
45.9275 	EXP 	window1: blendMode = 'avg'
45.9436 	EXP 	window1: blendMode = 'avg'
45.9609 	EXP 	window1: blendMode = 'avg'
45.9775 	EXP 	window1: blendMode = 'avg'
45.9941 	EXP 	window1: blendMode = 'avg'
46.0108 	EXP 	window1: blendMode = 'avg'
46.0274 	EXP 	window1: blendMode = 'avg'
46.0439 	EXP 	window1: blendMode = 'avg'
46.0608 	EXP 	window1: blendMode = 'avg'
46.0774 	EXP 	window1: blendMode = 'avg'
46.0942 	EXP 	window1: blendMode = 'avg'
46.1096 	EXP 	window1: blendMode = 'avg'
46.1275 	EXP 	window1: blendMode = 'avg'
46.1440 	EXP 	window1: blendMode = 'avg'
46.1608 	EXP 	window1: blendMode = 'avg'
46.1774 	EXP 	window1: blendMode = 'avg'
46.1940 	EXP 	window1: blendMode = 'avg'
46.2108 	EXP 	window1: blendMode = 'avg'
46.2275 	EXP 	window1: blendMode = 'avg'
46.2438 	EXP 	window1: blendMode = 'avg'
46.2609 	EXP 	window1: blendMode = 'avg'
46.2773 	EXP 	window1: blendMode = 'avg'
46.2941 	EXP 	window1: blendMode = 'avg'
46.3106 	EXP 	window1: blendMode = 'avg'
46.3275 	EXP 	window1: blendMode = 'avg'
46.3441 	EXP 	window1: blendMode = 'avg'
46.3614 	EXP 	window1: blendMode = 'avg'
46.3771 	EXP 	window1: blendMode = 'avg'
46.3930 	EXP 	window1: blendMode = 'avg'
46.4106 	EXP 	window1: blendMode = 'avg'
46.4265 	EXP 	window1: blendMode = 'avg'
46.4438 	EXP 	window1: blendMode = 'avg'
46.4606 	EXP 	window1: blendMode = 'avg'
46.4774 	EXP 	window1: blendMode = 'avg'
46.4941 	EXP 	window1: blendMode = 'avg'
46.5107 	EXP 	window1: blendMode = 'avg'
46.5275 	EXP 	window1: blendMode = 'avg'
46.5442 	EXP 	window1: blendMode = 'avg'
46.5607 	EXP 	window1: blendMode = 'avg'
46.5775 	EXP 	window1: blendMode = 'avg'
46.5940 	EXP 	window1: blendMode = 'avg'
46.6109 	EXP 	window1: blendMode = 'avg'
46.6274 	EXP 	window1: blendMode = 'avg'
46.6444 	EXP 	window1: blendMode = 'avg'
46.6606 	EXP 	window1: blendMode = 'avg'
46.6775 	EXP 	window1: blendMode = 'avg'
46.6941 	EXP 	window1: blendMode = 'avg'
46.7109 	EXP 	window1: blendMode = 'avg'
46.7274 	EXP 	window1: blendMode = 'avg'
46.7442 	EXP 	window1: blendMode = 'avg'
46.7607 	EXP 	window1: blendMode = 'avg'
46.7778 	EXP 	window1: blendMode = 'avg'
46.7934 	EXP 	window1: blendMode = 'avg'
46.8108 	EXP 	window1: blendMode = 'avg'
46.8274 	EXP 	window1: blendMode = 'avg'
46.8441 	EXP 	window1: blendMode = 'avg'
46.8607 	EXP 	window1: blendMode = 'avg'
46.8775 	EXP 	window1: blendMode = 'avg'
46.8943 	EXP 	window1: blendMode = 'avg'
46.9100 	EXP 	window1: blendMode = 'avg'
46.9275 	EXP 	window1: blendMode = 'avg'
46.9443 	EXP 	window1: blendMode = 'avg'
46.9608 	EXP 	window1: blendMode = 'avg'
46.9774 	EXP 	window1: blendMode = 'avg'
46.9941 	EXP 	window1: blendMode = 'avg'
47.0107 	EXP 	window1: blendMode = 'avg'
47.0274 	EXP 	window1: blendMode = 'avg'
47.0441 	EXP 	window1: blendMode = 'avg'
47.0608 	EXP 	window1: blendMode = 'avg'
47.0770 	EXP 	window1: blendMode = 'avg'
47.0941 	EXP 	window1: blendMode = 'avg'
47.1105 	EXP 	window1: blendMode = 'avg'
47.1272 	EXP 	window1: blendMode = 'avg'
47.1440 	EXP 	window1: blendMode = 'avg'
47.1608 	EXP 	window1: blendMode = 'avg'
47.1774 	EXP 	window1: blendMode = 'avg'
47.1942 	EXP 	window1: blendMode = 'avg'
47.2109 	EXP 	window1: blendMode = 'avg'
47.2274 	EXP 	window1: blendMode = 'avg'
47.2440 	EXP 	window1: blendMode = 'avg'
47.2595 	EXP 	window1: blendMode = 'avg'
47.2772 	EXP 	window1: blendMode = 'avg'
47.2939 	EXP 	window1: blendMode = 'avg'
47.3105 	EXP 	window1: blendMode = 'avg'
47.3273 	EXP 	window1: blendMode = 'avg'
47.3442 	EXP 	window1: blendMode = 'avg'
47.3607 	EXP 	window1: blendMode = 'avg'
47.3774 	EXP 	window1: blendMode = 'avg'
47.3940 	EXP 	window1: blendMode = 'avg'
47.4107 	EXP 	window1: blendMode = 'avg'
47.4267 	EXP 	window1: blendMode = 'avg'
47.4442 	EXP 	window1: blendMode = 'avg'
47.4607 	EXP 	window1: blendMode = 'avg'
47.4777 	EXP 	window1: blendMode = 'avg'
47.4932 	EXP 	window1: blendMode = 'avg'
47.5110 	EXP 	window1: blendMode = 'avg'
47.5275 	EXP 	window1: blendMode = 'avg'
47.5440 	EXP 	window1: blendMode = 'avg'
47.5608 	EXP 	window1: blendMode = 'avg'
47.5773 	EXP 	window1: blendMode = 'avg'
47.5941 	EXP 	window1: blendMode = 'avg'
47.6113 	EXP 	window1: blendMode = 'avg'
47.6273 	EXP 	window1: blendMode = 'avg'
47.6441 	EXP 	window1: blendMode = 'avg'
47.6607 	EXP 	window1: blendMode = 'avg'
47.6775 	EXP 	window1: blendMode = 'avg'
47.6945 	EXP 	window1: blendMode = 'avg'
47.7106 	EXP 	window1: blendMode = 'avg'
47.7269 	EXP 	window1: blendMode = 'avg'
47.7437 	EXP 	window1: blendMode = 'avg'
47.7606 	EXP 	window1: blendMode = 'avg'
47.7774 	EXP 	window1: blendMode = 'avg'
47.7930 	EXP 	window1: blendMode = 'avg'
47.8108 	EXP 	window1: blendMode = 'avg'
47.8273 	EXP 	window1: blendMode = 'avg'
47.8442 	EXP 	window1: blendMode = 'avg'
47.8607 	EXP 	window1: blendMode = 'avg'
47.8775 	EXP 	window1: blendMode = 'avg'
47.8940 	EXP 	window1: blendMode = 'avg'
47.9108 	EXP 	window1: blendMode = 'avg'
47.9274 	EXP 	window1: blendMode = 'avg'
47.9442 	EXP 	window1: blendMode = 'avg'
47.9598 	EXP 	window1: blendMode = 'avg'
47.9766 	EXP 	window1: blendMode = 'avg'
47.9929 	EXP 	window1: blendMode = 'avg'
48.0106 	EXP 	window1: blendMode = 'avg'
48.0273 	EXP 	window1: blendMode = 'avg'
48.0441 	EXP 	window1: blendMode = 'avg'
48.0607 	EXP 	window1: blendMode = 'avg'
48.0775 	EXP 	window1: blendMode = 'avg'
48.0931 	EXP 	window1: blendMode = 'avg'
48.1103 	EXP 	window1: blendMode = 'avg'
48.1273 	EXP 	window1: blendMode = 'avg'
48.1441 	EXP 	window1: blendMode = 'avg'
48.1607 	EXP 	window1: blendMode = 'avg'
48.1774 	EXP 	window1: blendMode = 'avg'
48.1940 	EXP 	window1: blendMode = 'avg'
48.2108 	EXP 	window1: blendMode = 'avg'
48.2273 	EXP 	window1: blendMode = 'avg'
48.2429 	EXP 	window1: blendMode = 'avg'
48.2608 	EXP 	window1: blendMode = 'avg'
48.2774 	EXP 	window1: blendMode = 'avg'
48.2941 	EXP 	window1: blendMode = 'avg'
48.3107 	EXP 	window1: blendMode = 'avg'
48.3274 	EXP 	window1: blendMode = 'avg'
48.3440 	EXP 	window1: blendMode = 'avg'
48.3601 	EXP 	window1: blendMode = 'avg'
48.3774 	EXP 	window1: blendMode = 'avg'
48.3941 	EXP 	window1: blendMode = 'avg'
48.4108 	EXP 	window1: blendMode = 'avg'
48.4273 	EXP 	window1: blendMode = 'avg'
48.4441 	EXP 	window1: blendMode = 'avg'
48.4607 	EXP 	window1: blendMode = 'avg'
48.4775 	EXP 	window1: blendMode = 'avg'
48.4940 	EXP 	window1: blendMode = 'avg'
48.5108 	EXP 	window1: blendMode = 'avg'
48.5282 	DATA 	Keypress: escape
48.6350 	EXP 	window1: mouseVisible = True
