9.6241 	EXP 	Created window1 = Window(allowGUI=False, allowStencil=False, autoLog=True, bitsMode=UNKNOWN, blendMode='avg', color=array([ 0.,  0.,  0.]), colorSpace='rgb', fullscr=UNKNOWN, gamma=None, lms=UNKNOWN, monitor=<psychopy.monitors.calibTools.Monitor object at 0x113f5c410>, multiSample=False, name='window1', numSamples=2, pos=[0, 0], screen=0, size=array([1440,  900]), stereo=False, units=u'norm', useFBO=True, useRetina=False, viewOri=0.0, viewPos=None, viewScale=None, waitBlanking=True, winType='pyglet')
9.6242 	EXP 	window1: recordFrameIntervals = False
9.7902 	EXP 	window1: recordFrameIntervals = True
9.9736 	EXP 	window1: recordFrameIntervals = False
10.0930 	EXP 	Created text_2 = TextStim(alignHoriz='center', alignVert='center', antialias=True, autoLog=True, bold=False, color='white', colorSpace='named', contrast=1.0, depth=0.0, flipHoriz=False, flipVert=False, font='Arial', fontFiles=[], height=0.1, italic=False, name='text_2', opacity=1.0, ori=0, pos=array([ 0.,  0.]), rgb=array([ 255.,  255.,  255.]), text=unicode(...), units=u'norm', win=Window(...), wrapWidth=1)
10.0946 	EXP 	Created Leftimg = ImageStim(autoLog=True, color=array([ 1.,  1.,  1.]), colorSpace='rgb', contrast=1.0, depth=0.0, flipHoriz=False, flipVert=False, image='sin', interpolate=True, mask=None, maskParams=None, name='Leftimg', opacity=1.0, ori=0.0, pos=array([ 0.,  0.]), size=array([ 400.,  400.]), texRes=128, units='pix', win=Window(...))
10.0957 	EXP 	Created Rightimg = ImageStim(autoLog=True, color=array([ 1.,  1.,  1.]), colorSpace='rgb', contrast=1.0, depth=-1.0, flipHoriz=False, flipVert=False, image='sin', interpolate=True, mask=None, maskParams=None, name='Rightimg', opacity=1.0, ori=0.0, pos=array([ 0.,  0.]), size=array([ 400.,  400.]), texRes=128, units='pix', win=Window(...))
10.1056 	EXP 	Created text = TextStim(alignHoriz='center', alignVert='center', antialias=True, autoLog=True, bold=False, color='white', colorSpace='named', contrast=1.0, depth=-4.0, flipHoriz=False, flipVert=False, font='Arial', fontFiles=[], height=0.05, italic=False, name='text', opacity=1.0, ori=0, pos=array([ 0.,  0.]), rgb=array([ 255.,  255.,  255.]), text=u'to proceed press the space bar.', units=u'norm', win=Window(...), wrapWidth=1)
10.1149 	EXP 	Created text_3 = TextStim(alignHoriz='center', alignVert='center', antialias=True, autoLog=True, bold=False, color='white', colorSpace='named', contrast=1.0, depth=0.0, flipHoriz=False, flipVert=False, font='Arial', fontFiles=[], height=0.1, italic=False, name='text_3', opacity=1.0, ori=0, pos=array([ 0.,  0.]), rgb=array([ 255.,  255.,  255.]), text=unicode(...), units=u'norm', win=Window(...), wrapWidth=1)
10.1194 	EXP 	window1: blendMode = 'avg'
10.1398 	EXP 	text_2: autoDraw = True
10.1434 	EXP 	window1: blendMode = 'avg'
10.1576 	EXP 	window1: blendMode = 'avg'
10.1745 	EXP 	window1: blendMode = 'avg'
10.1911 	EXP 	window1: blendMode = 'avg'
10.2077 	EXP 	window1: blendMode = 'avg'
10.2246 	EXP 	window1: blendMode = 'avg'
10.2411 	EXP 	window1: blendMode = 'avg'
10.2576 	EXP 	window1: blendMode = 'avg'
10.2745 	EXP 	window1: blendMode = 'avg'
10.2910 	EXP 	window1: blendMode = 'avg'
10.3078 	EXP 	window1: blendMode = 'avg'
10.3243 	EXP 	window1: blendMode = 'avg'
10.3410 	EXP 	window1: blendMode = 'avg'
10.3578 	EXP 	window1: blendMode = 'avg'
10.3743 	EXP 	window1: blendMode = 'avg'
10.3911 	EXP 	window1: blendMode = 'avg'
10.4076 	EXP 	window1: blendMode = 'avg'
10.4244 	EXP 	window1: blendMode = 'avg'
10.4410 	EXP 	window1: blendMode = 'avg'
10.4577 	EXP 	window1: blendMode = 'avg'
10.4744 	EXP 	window1: blendMode = 'avg'
10.4911 	EXP 	window1: blendMode = 'avg'
10.5076 	EXP 	window1: blendMode = 'avg'
10.5244 	EXP 	window1: blendMode = 'avg'
10.5410 	EXP 	window1: blendMode = 'avg'
10.5577 	EXP 	window1: blendMode = 'avg'
10.5744 	EXP 	window1: blendMode = 'avg'
10.5911 	EXP 	window1: blendMode = 'avg'
10.6076 	EXP 	window1: blendMode = 'avg'
10.6244 	EXP 	window1: blendMode = 'avg'
10.6410 	EXP 	window1: blendMode = 'avg'
10.6576 	EXP 	window1: blendMode = 'avg'
10.6744 	EXP 	window1: blendMode = 'avg'
10.6900 	EXP 	window1: blendMode = 'avg'
10.7076 	EXP 	window1: blendMode = 'avg'
10.7241 	EXP 	window1: blendMode = 'avg'
10.7410 	EXP 	window1: blendMode = 'avg'
10.7577 	EXP 	window1: blendMode = 'avg'
10.7744 	EXP 	window1: blendMode = 'avg'
10.7909 	EXP 	window1: blendMode = 'avg'
10.8077 	EXP 	window1: blendMode = 'avg'
10.8244 	EXP 	window1: blendMode = 'avg'
10.8410 	EXP 	window1: blendMode = 'avg'
10.8577 	EXP 	window1: blendMode = 'avg'
10.8744 	EXP 	window1: blendMode = 'avg'
10.8910 	EXP 	window1: blendMode = 'avg'
10.9076 	EXP 	window1: blendMode = 'avg'
10.9243 	EXP 	window1: blendMode = 'avg'
10.9411 	EXP 	window1: blendMode = 'avg'
10.9576 	EXP 	window1: blendMode = 'avg'
10.9743 	EXP 	window1: blendMode = 'avg'
10.9910 	EXP 	window1: blendMode = 'avg'
11.0077 	EXP 	window1: blendMode = 'avg'
11.0242 	EXP 	window1: blendMode = 'avg'
11.0410 	EXP 	window1: blendMode = 'avg'
11.0576 	EXP 	window1: blendMode = 'avg'
11.0744 	EXP 	window1: blendMode = 'avg'
11.0911 	EXP 	window1: blendMode = 'avg'
11.1078 	EXP 	window1: blendMode = 'avg'
11.1243 	EXP 	window1: blendMode = 'avg'
11.1411 	EXP 	window1: blendMode = 'avg'
11.1577 	EXP 	window1: blendMode = 'avg'
11.1743 	EXP 	window1: blendMode = 'avg'
11.1910 	EXP 	window1: blendMode = 'avg'
11.2076 	EXP 	window1: blendMode = 'avg'
11.2244 	EXP 	window1: blendMode = 'avg'
11.2406 	EXP 	window1: blendMode = 'avg'
11.2575 	EXP 	window1: blendMode = 'avg'
11.2742 	EXP 	window1: blendMode = 'avg'
11.2909 	EXP 	window1: blendMode = 'avg'
11.3078 	EXP 	window1: blendMode = 'avg'
11.3242 	EXP 	window1: blendMode = 'avg'
11.3411 	EXP 	window1: blendMode = 'avg'
11.3576 	EXP 	window1: blendMode = 'avg'
11.3744 	EXP 	window1: blendMode = 'avg'
11.3910 	EXP 	window1: blendMode = 'avg'
11.4076 	EXP 	window1: blendMode = 'avg'
11.4244 	EXP 	window1: blendMode = 'avg'
11.4410 	EXP 	window1: blendMode = 'avg'
11.4577 	EXP 	window1: blendMode = 'avg'
11.4744 	EXP 	window1: blendMode = 'avg'
11.4910 	EXP 	window1: blendMode = 'avg'
11.5077 	EXP 	window1: blendMode = 'avg'
11.5244 	EXP 	window1: blendMode = 'avg'
11.5409 	EXP 	window1: blendMode = 'avg'
11.5576 	EXP 	window1: blendMode = 'avg'
11.5745 	EXP 	window1: blendMode = 'avg'
11.5910 	EXP 	window1: blendMode = 'avg'
11.6078 	EXP 	window1: blendMode = 'avg'
11.6245 	EXP 	window1: blendMode = 'avg'
11.6410 	EXP 	window1: blendMode = 'avg'
11.6580 	EXP 	window1: blendMode = 'avg'
11.6745 	EXP 	window1: blendMode = 'avg'
11.6910 	EXP 	window1: blendMode = 'avg'
11.7077 	EXP 	window1: blendMode = 'avg'
11.7237 	EXP 	window1: blendMode = 'avg'
11.7409 	EXP 	window1: blendMode = 'avg'
11.7578 	EXP 	window1: blendMode = 'avg'
11.7743 	EXP 	window1: blendMode = 'avg'
11.7911 	EXP 	window1: blendMode = 'avg'
11.8076 	EXP 	window1: blendMode = 'avg'
11.8243 	EXP 	window1: blendMode = 'avg'
11.8410 	EXP 	window1: blendMode = 'avg'
11.8576 	EXP 	window1: blendMode = 'avg'
11.8744 	EXP 	window1: blendMode = 'avg'
11.8911 	EXP 	window1: blendMode = 'avg'
11.9076 	EXP 	window1: blendMode = 'avg'
11.9244 	EXP 	window1: blendMode = 'avg'
11.9411 	EXP 	window1: blendMode = 'avg'
11.9577 	EXP 	window1: blendMode = 'avg'
11.9745 	EXP 	window1: blendMode = 'avg'
11.9911 	EXP 	window1: blendMode = 'avg'
12.0077 	EXP 	window1: blendMode = 'avg'
12.0244 	EXP 	window1: blendMode = 'avg'
12.0409 	EXP 	window1: blendMode = 'avg'
12.0577 	EXP 	window1: blendMode = 'avg'
12.0744 	EXP 	window1: blendMode = 'avg'
12.0911 	EXP 	window1: blendMode = 'avg'
12.1076 	EXP 	window1: blendMode = 'avg'
12.1243 	EXP 	window1: blendMode = 'avg'
12.1411 	EXP 	window1: blendMode = 'avg'
12.1577 	EXP 	window1: blendMode = 'avg'
12.1744 	EXP 	window1: blendMode = 'avg'
12.1912 	EXP 	window1: blendMode = 'avg'
12.2078 	EXP 	window1: blendMode = 'avg'
12.2243 	EXP 	window1: blendMode = 'avg'
12.2411 	EXP 	window1: blendMode = 'avg'
12.2576 	EXP 	window1: blendMode = 'avg'
12.2743 	EXP 	window1: blendMode = 'avg'
12.2910 	EXP 	window1: blendMode = 'avg'
12.3076 	EXP 	window1: blendMode = 'avg'
12.3243 	EXP 	window1: blendMode = 'avg'
12.3413 	EXP 	window1: blendMode = 'avg'
12.3574 	EXP 	window1: blendMode = 'avg'
12.3742 	EXP 	window1: blendMode = 'avg'
12.3911 	EXP 	window1: blendMode = 'avg'
12.4078 	EXP 	window1: blendMode = 'avg'
12.4243 	EXP 	window1: blendMode = 'avg'
12.4411 	EXP 	window1: blendMode = 'avg'
12.4576 	EXP 	window1: blendMode = 'avg'
12.4743 	EXP 	window1: blendMode = 'avg'
12.4911 	EXP 	window1: blendMode = 'avg'
12.5076 	EXP 	window1: blendMode = 'avg'
12.5243 	EXP 	window1: blendMode = 'avg'
12.5410 	EXP 	window1: blendMode = 'avg'
12.5577 	EXP 	window1: blendMode = 'avg'
12.5745 	EXP 	window1: blendMode = 'avg'
12.5910 	EXP 	window1: blendMode = 'avg'
12.6076 	EXP 	window1: blendMode = 'avg'
12.6244 	EXP 	window1: blendMode = 'avg'
12.6409 	EXP 	window1: blendMode = 'avg'
12.6577 	EXP 	window1: blendMode = 'avg'
12.6745 	EXP 	window1: blendMode = 'avg'
12.6910 	EXP 	window1: blendMode = 'avg'
12.7075 	EXP 	window1: blendMode = 'avg'
12.7244 	EXP 	window1: blendMode = 'avg'
12.7409 	EXP 	window1: blendMode = 'avg'
12.7576 	EXP 	window1: blendMode = 'avg'
12.7744 	EXP 	window1: blendMode = 'avg'
12.7911 	EXP 	window1: blendMode = 'avg'
12.8067 	EXP 	window1: blendMode = 'avg'
12.8235 	EXP 	window1: blendMode = 'avg'
12.8397 	EXP 	window1: blendMode = 'avg'
12.8573 	EXP 	window1: blendMode = 'avg'
12.8733 	EXP 	window1: blendMode = 'avg'
12.8911 	EXP 	window1: blendMode = 'avg'
12.9078 	EXP 	window1: blendMode = 'avg'
12.9243 	EXP 	window1: blendMode = 'avg'
12.9410 	EXP 	window1: blendMode = 'avg'
12.9577 	EXP 	window1: blendMode = 'avg'
12.9744 	EXP 	window1: blendMode = 'avg'
12.9909 	EXP 	window1: blendMode = 'avg'
13.0078 	EXP 	window1: blendMode = 'avg'
13.0243 	EXP 	window1: blendMode = 'avg'
13.0411 	EXP 	window1: blendMode = 'avg'
13.0575 	EXP 	window1: blendMode = 'avg'
13.0743 	EXP 	window1: blendMode = 'avg'
13.0910 	EXP 	window1: blendMode = 'avg'
13.1075 	EXP 	window1: blendMode = 'avg'
13.1242 	EXP 	window1: blendMode = 'avg'
13.1410 	EXP 	window1: blendMode = 'avg'
13.1577 	EXP 	window1: blendMode = 'avg'
13.1743 	EXP 	window1: blendMode = 'avg'
13.1909 	EXP 	window1: blendMode = 'avg'
13.2077 	EXP 	window1: blendMode = 'avg'
13.2244 	EXP 	window1: blendMode = 'avg'
13.2411 	EXP 	window1: blendMode = 'avg'
13.2576 	EXP 	window1: blendMode = 'avg'
13.2740 	EXP 	window1: blendMode = 'avg'
13.2911 	EXP 	window1: blendMode = 'avg'
13.3074 	EXP 	window1: blendMode = 'avg'
13.3237 	EXP 	window1: blendMode = 'avg'
13.3413 	EXP 	window1: blendMode = 'avg'
13.3576 	EXP 	window1: blendMode = 'avg'
13.3743 	EXP 	window1: blendMode = 'avg'
13.3910 	EXP 	window1: blendMode = 'avg'
13.4076 	EXP 	window1: blendMode = 'avg'
13.4243 	EXP 	window1: blendMode = 'avg'
13.4411 	EXP 	window1: blendMode = 'avg'
13.4575 	EXP 	window1: blendMode = 'avg'
13.4734 	EXP 	window1: blendMode = 'avg'
13.4906 	EXP 	window1: blendMode = 'avg'
13.5063 	EXP 	window1: blendMode = 'avg'
13.5242 	EXP 	window1: blendMode = 'avg'
13.5411 	EXP 	window1: blendMode = 'avg'
13.5579 	EXP 	window1: blendMode = 'avg'
13.5744 	EXP 	window1: blendMode = 'avg'
13.5909 	EXP 	window1: blendMode = 'avg'
13.6077 	EXP 	window1: blendMode = 'avg'
13.6243 	EXP 	window1: blendMode = 'avg'
13.6410 	EXP 	window1: blendMode = 'avg'
13.6577 	EXP 	window1: blendMode = 'avg'
13.6745 	EXP 	window1: blendMode = 'avg'
13.6910 	EXP 	window1: blendMode = 'avg'
13.7077 	EXP 	window1: blendMode = 'avg'
13.7243 	EXP 	window1: blendMode = 'avg'
13.7406 	EXP 	window1: blendMode = 'avg'
13.7575 	EXP 	window1: blendMode = 'avg'
13.7742 	EXP 	window1: blendMode = 'avg'
13.7912 	EXP 	window1: blendMode = 'avg'
13.8078 	EXP 	window1: blendMode = 'avg'
13.8243 	EXP 	window1: blendMode = 'avg'
13.8410 	EXP 	window1: blendMode = 'avg'
13.8577 	EXP 	window1: blendMode = 'avg'
13.8744 	EXP 	window1: blendMode = 'avg'
13.8909 	EXP 	window1: blendMode = 'avg'
13.9076 	EXP 	window1: blendMode = 'avg'
13.9243 	EXP 	window1: blendMode = 'avg'
13.9409 	EXP 	window1: blendMode = 'avg'
13.9566 	EXP 	window1: blendMode = 'avg'
13.9744 	EXP 	window1: blendMode = 'avg'
13.9909 	EXP 	window1: blendMode = 'avg'
14.0082 	EXP 	window1: blendMode = 'avg'
14.0242 	EXP 	window1: blendMode = 'avg'
14.0410 	EXP 	window1: blendMode = 'avg'
14.0577 	EXP 	window1: blendMode = 'avg'
14.0750 	EXP 	window1: blendMode = 'avg'
14.0908 	EXP 	window1: blendMode = 'avg'
14.1075 	EXP 	window1: blendMode = 'avg'
14.1238 	EXP 	window1: blendMode = 'avg'
14.1408 	EXP 	window1: blendMode = 'avg'
14.1577 	EXP 	window1: blendMode = 'avg'
14.1739 	EXP 	window1: blendMode = 'avg'
14.1908 	EXP 	window1: blendMode = 'avg'
14.2079 	EXP 	window1: blendMode = 'avg'
14.2241 	EXP 	window1: blendMode = 'avg'
14.2408 	EXP 	window1: blendMode = 'avg'
14.2577 	EXP 	window1: blendMode = 'avg'
14.2738 	EXP 	window1: blendMode = 'avg'
14.2900 	EXP 	window1: blendMode = 'avg'
14.3073 	EXP 	window1: blendMode = 'avg'
14.3241 	EXP 	window1: blendMode = 'avg'
14.3408 	EXP 	window1: blendMode = 'avg'
14.3575 	EXP 	window1: blendMode = 'avg'
14.3742 	EXP 	window1: blendMode = 'avg'
14.3904 	EXP 	window1: blendMode = 'avg'
14.4073 	EXP 	window1: blendMode = 'avg'
14.4242 	EXP 	window1: blendMode = 'avg'
14.4411 	EXP 	window1: blendMode = 'avg'
14.4568 	EXP 	window1: blendMode = 'avg'
14.4738 	EXP 	window1: blendMode = 'avg'
14.4908 	EXP 	window1: blendMode = 'avg'
14.5077 	EXP 	window1: blendMode = 'avg'
14.5244 	EXP 	window1: blendMode = 'avg'
14.5410 	EXP 	window1: blendMode = 'avg'
14.5576 	EXP 	window1: blendMode = 'avg'
14.5744 	EXP 	window1: blendMode = 'avg'
14.5909 	EXP 	window1: blendMode = 'avg'
14.6078 	EXP 	window1: blendMode = 'avg'
14.6242 	EXP 	window1: blendMode = 'avg'
14.6409 	EXP 	window1: blendMode = 'avg'
14.6576 	EXP 	window1: blendMode = 'avg'
14.6743 	EXP 	window1: blendMode = 'avg'
14.6910 	EXP 	window1: blendMode = 'avg'
14.7076 	EXP 	window1: blendMode = 'avg'
14.7244 	EXP 	window1: blendMode = 'avg'
14.7411 	EXP 	window1: blendMode = 'avg'
14.7576 	EXP 	window1: blendMode = 'avg'
14.7744 	EXP 	window1: blendMode = 'avg'
14.7909 	EXP 	window1: blendMode = 'avg'
14.8078 	EXP 	window1: blendMode = 'avg'
14.8244 	EXP 	window1: blendMode = 'avg'
14.8408 	EXP 	window1: blendMode = 'avg'
14.8577 	EXP 	window1: blendMode = 'avg'
14.8745 	EXP 	window1: blendMode = 'avg'
14.8910 	EXP 	window1: blendMode = 'avg'
14.9074 	EXP 	window1: blendMode = 'avg'
14.9241 	EXP 	window1: blendMode = 'avg'
14.9411 	EXP 	window1: blendMode = 'avg'
14.9576 	EXP 	window1: blendMode = 'avg'
14.9744 	EXP 	window1: blendMode = 'avg'
14.9909 	EXP 	window1: blendMode = 'avg'
15.0076 	EXP 	window1: blendMode = 'avg'
15.0244 	EXP 	window1: blendMode = 'avg'
15.0409 	EXP 	window1: blendMode = 'avg'
15.0577 	EXP 	window1: blendMode = 'avg'
15.0744 	EXP 	window1: blendMode = 'avg'
15.0902 	EXP 	window1: blendMode = 'avg'
15.1072 	EXP 	window1: blendMode = 'avg'
15.1242 	EXP 	window1: blendMode = 'avg'
15.1409 	EXP 	window1: blendMode = 'avg'
15.1576 	EXP 	window1: blendMode = 'avg'
15.1744 	EXP 	window1: blendMode = 'avg'
15.1909 	EXP 	window1: blendMode = 'avg'
15.2076 	EXP 	window1: blendMode = 'avg'
15.2242 	EXP 	window1: blendMode = 'avg'
15.2410 	EXP 	window1: blendMode = 'avg'
15.2577 	EXP 	window1: blendMode = 'avg'
15.2744 	EXP 	window1: blendMode = 'avg'
15.2908 	EXP 	window1: blendMode = 'avg'
15.3076 	EXP 	window1: blendMode = 'avg'
15.3243 	EXP 	window1: blendMode = 'avg'
15.3409 	EXP 	window1: blendMode = 'avg'
15.3576 	EXP 	window1: blendMode = 'avg'
15.3743 	EXP 	window1: blendMode = 'avg'
15.3910 	EXP 	window1: blendMode = 'avg'
15.4076 	EXP 	window1: blendMode = 'avg'
15.4245 	EXP 	window1: blendMode = 'avg'
15.4412 	EXP 	window1: blendMode = 'avg'
15.4576 	EXP 	window1: blendMode = 'avg'
15.4744 	EXP 	window1: blendMode = 'avg'
15.4909 	EXP 	window1: blendMode = 'avg'
15.5077 	EXP 	window1: blendMode = 'avg'
15.5244 	EXP 	window1: blendMode = 'avg'
15.5396 	EXP 	window1: blendMode = 'avg'
15.5569 	EXP 	window1: blendMode = 'avg'
15.5746 	EXP 	window1: blendMode = 'avg'
15.5908 	EXP 	window1: blendMode = 'avg'
15.6077 	EXP 	window1: blendMode = 'avg'
15.6243 	EXP 	window1: blendMode = 'avg'
15.6411 	EXP 	window1: blendMode = 'avg'
15.6576 	EXP 	window1: blendMode = 'avg'
15.6744 	EXP 	window1: blendMode = 'avg'
15.6909 	EXP 	window1: blendMode = 'avg'
15.7080 	EXP 	window1: blendMode = 'avg'
15.7241 	EXP 	window1: blendMode = 'avg'
15.7408 	EXP 	window1: blendMode = 'avg'
15.7577 	EXP 	window1: blendMode = 'avg'
15.7744 	EXP 	window1: blendMode = 'avg'
15.7910 	EXP 	window1: blendMode = 'avg'
15.8077 	EXP 	window1: blendMode = 'avg'
15.8242 	EXP 	window1: blendMode = 'avg'
15.8409 	EXP 	window1: blendMode = 'avg'
15.8577 	EXP 	window1: blendMode = 'avg'
15.8742 	EXP 	window1: blendMode = 'avg'
15.8910 	EXP 	window1: blendMode = 'avg'
15.9076 	EXP 	window1: blendMode = 'avg'
15.9245 	EXP 	window1: blendMode = 'avg'
15.9398 	EXP 	window1: blendMode = 'avg'
15.9568 	EXP 	window1: blendMode = 'avg'
15.9742 	EXP 	window1: blendMode = 'avg'
15.9909 	EXP 	window1: blendMode = 'avg'
16.0076 	EXP 	window1: blendMode = 'avg'
16.0244 	EXP 	window1: blendMode = 'avg'
16.0410 	EXP 	window1: blendMode = 'avg'
16.0576 	EXP 	window1: blendMode = 'avg'
16.0735 	EXP 	window1: blendMode = 'avg'
16.0910 	EXP 	window1: blendMode = 'avg'
16.1067 	EXP 	window1: blendMode = 'avg'
16.1243 	EXP 	window1: blendMode = 'avg'
16.1409 	EXP 	window1: blendMode = 'avg'
16.1577 	EXP 	window1: blendMode = 'avg'
16.1744 	EXP 	window1: blendMode = 'avg'
16.1909 	EXP 	window1: blendMode = 'avg'
16.2077 	EXP 	window1: blendMode = 'avg'
16.2242 	EXP 	window1: blendMode = 'avg'
16.2406 	EXP 	window1: blendMode = 'avg'
16.2574 	EXP 	window1: blendMode = 'avg'
16.2743 	EXP 	window1: blendMode = 'avg'
16.2910 	EXP 	window1: blendMode = 'avg'
16.3066 	EXP 	window1: blendMode = 'avg'
16.3249 	EXP 	window1: blendMode = 'avg'
16.3398 	EXP 	window1: blendMode = 'avg'
16.3560 	EXP 	window1: blendMode = 'avg'
16.3729 	EXP 	window1: blendMode = 'avg'
16.3899 	EXP 	window1: blendMode = 'avg'
16.4070 	EXP 	window1: blendMode = 'avg'
16.4236 	EXP 	window1: blendMode = 'avg'
16.4398 	EXP 	window1: blendMode = 'avg'
16.4570 	EXP 	window1: blendMode = 'avg'
16.4732 	EXP 	window1: blendMode = 'avg'
16.4902 	EXP 	window1: blendMode = 'avg'
16.5062 	EXP 	window1: blendMode = 'avg'
16.5233 	EXP 	window1: blendMode = 'avg'
16.5404 	EXP 	window1: blendMode = 'avg'
16.5566 	EXP 	window1: blendMode = 'avg'
16.5738 	EXP 	window1: blendMode = 'avg'
16.5907 	EXP 	window1: blendMode = 'avg'
16.6077 	EXP 	window1: blendMode = 'avg'
16.6243 	EXP 	window1: blendMode = 'avg'
16.6410 	EXP 	window1: blendMode = 'avg'
16.6576 	EXP 	window1: blendMode = 'avg'
16.6743 	EXP 	window1: blendMode = 'avg'
16.6910 	EXP 	window1: blendMode = 'avg'
16.7076 	EXP 	window1: blendMode = 'avg'
16.7243 	EXP 	window1: blendMode = 'avg'
16.7409 	EXP 	window1: blendMode = 'avg'
16.7577 	EXP 	window1: blendMode = 'avg'
16.7744 	EXP 	window1: blendMode = 'avg'
16.7910 	EXP 	window1: blendMode = 'avg'
16.8075 	EXP 	window1: blendMode = 'avg'
16.8244 	EXP 	window1: blendMode = 'avg'
16.8412 	EXP 	window1: blendMode = 'avg'
16.8574 	EXP 	window1: blendMode = 'avg'
16.8742 	EXP 	window1: blendMode = 'avg'
16.8906 	EXP 	window1: blendMode = 'avg'
16.9075 	EXP 	window1: blendMode = 'avg'
16.9243 	EXP 	window1: blendMode = 'avg'
16.9410 	EXP 	window1: blendMode = 'avg'
16.9575 	EXP 	window1: blendMode = 'avg'
16.9743 	EXP 	window1: blendMode = 'avg'
16.9910 	EXP 	window1: blendMode = 'avg'
17.0075 	EXP 	window1: blendMode = 'avg'
17.0242 	EXP 	window1: blendMode = 'avg'
17.0410 	EXP 	window1: blendMode = 'avg'
17.0576 	EXP 	window1: blendMode = 'avg'
17.0742 	EXP 	window1: blendMode = 'avg'
17.0911 	EXP 	window1: blendMode = 'avg'
17.1076 	EXP 	window1: blendMode = 'avg'
17.1244 	EXP 	window1: blendMode = 'avg'
17.1410 	EXP 	window1: blendMode = 'avg'
17.1576 	EXP 	window1: blendMode = 'avg'
17.1744 	EXP 	window1: blendMode = 'avg'
17.1910 	EXP 	window1: blendMode = 'avg'
17.2077 	EXP 	window1: blendMode = 'avg'
17.2242 	EXP 	window1: blendMode = 'avg'
17.2408 	EXP 	window1: blendMode = 'avg'
17.2577 	EXP 	window1: blendMode = 'avg'
17.2744 	EXP 	window1: blendMode = 'avg'
17.2908 	EXP 	window1: blendMode = 'avg'
17.3076 	EXP 	window1: blendMode = 'avg'
17.3243 	EXP 	window1: blendMode = 'avg'
17.3405 	EXP 	window1: blendMode = 'avg'
17.3573 	EXP 	window1: blendMode = 'avg'
17.3741 	EXP 	window1: blendMode = 'avg'
17.3908 	EXP 	window1: blendMode = 'avg'
17.4076 	EXP 	window1: blendMode = 'avg'
17.4243 	EXP 	window1: blendMode = 'avg'
17.4411 	EXP 	window1: blendMode = 'avg'
17.4576 	EXP 	window1: blendMode = 'avg'
17.4743 	EXP 	window1: blendMode = 'avg'
17.4910 	EXP 	window1: blendMode = 'avg'
17.5077 	EXP 	window1: blendMode = 'avg'
17.5244 	EXP 	window1: blendMode = 'avg'
17.5410 	EXP 	window1: blendMode = 'avg'
17.5577 	EXP 	window1: blendMode = 'avg'
17.5743 	EXP 	window1: blendMode = 'avg'
17.5910 	EXP 	window1: blendMode = 'avg'
17.6077 	EXP 	window1: blendMode = 'avg'
17.6242 	EXP 	window1: blendMode = 'avg'
17.6410 	EXP 	window1: blendMode = 'avg'
17.6577 	EXP 	window1: blendMode = 'avg'
17.6742 	EXP 	window1: blendMode = 'avg'
17.6909 	EXP 	window1: blendMode = 'avg'
17.7076 	EXP 	window1: blendMode = 'avg'
17.7243 	EXP 	window1: blendMode = 'avg'
17.7410 	EXP 	window1: blendMode = 'avg'
17.7571 	EXP 	window1: blendMode = 'avg'
17.7742 	EXP 	window1: blendMode = 'avg'
17.7910 	EXP 	window1: blendMode = 'avg'
17.8077 	EXP 	window1: blendMode = 'avg'
17.8242 	EXP 	window1: blendMode = 'avg'
17.8410 	EXP 	window1: blendMode = 'avg'
17.8575 	EXP 	window1: blendMode = 'avg'
17.8742 	EXP 	window1: blendMode = 'avg'
17.8909 	EXP 	window1: blendMode = 'avg'
17.9076 	EXP 	window1: blendMode = 'avg'
17.9243 	EXP 	window1: blendMode = 'avg'
17.9410 	EXP 	window1: blendMode = 'avg'
17.9577 	EXP 	window1: blendMode = 'avg'
17.9743 	EXP 	window1: blendMode = 'avg'
17.9910 	EXP 	window1: blendMode = 'avg'
18.0077 	EXP 	window1: blendMode = 'avg'
18.0241 	EXP 	window1: blendMode = 'avg'
18.0413 	EXP 	window1: blendMode = 'avg'
18.0579 	EXP 	window1: blendMode = 'avg'
18.0728 	EXP 	window1: blendMode = 'avg'
18.0907 	EXP 	window1: blendMode = 'avg'
18.1077 	EXP 	window1: blendMode = 'avg'
18.1242 	EXP 	window1: blendMode = 'avg'
18.1410 	EXP 	window1: blendMode = 'avg'
18.1575 	EXP 	window1: blendMode = 'avg'
18.1741 	EXP 	window1: blendMode = 'avg'
18.1910 	EXP 	window1: blendMode = 'avg'
18.2075 	EXP 	window1: blendMode = 'avg'
18.2243 	EXP 	window1: blendMode = 'avg'
18.2410 	EXP 	window1: blendMode = 'avg'
18.2576 	EXP 	window1: blendMode = 'avg'
18.2743 	EXP 	window1: blendMode = 'avg'
18.2910 	EXP 	window1: blendMode = 'avg'
18.3077 	EXP 	window1: blendMode = 'avg'
18.3243 	EXP 	window1: blendMode = 'avg'
18.3410 	EXP 	window1: blendMode = 'avg'
18.3575 	EXP 	window1: blendMode = 'avg'
18.3742 	EXP 	window1: blendMode = 'avg'
18.3908 	EXP 	window1: blendMode = 'avg'
18.4076 	EXP 	window1: blendMode = 'avg'
18.4243 	EXP 	window1: blendMode = 'avg'
18.4410 	EXP 	window1: blendMode = 'avg'
18.4575 	EXP 	window1: blendMode = 'avg'
18.4748 	EXP 	window1: blendMode = 'avg'
18.4908 	EXP 	window1: blendMode = 'avg'
18.5074 	EXP 	window1: blendMode = 'avg'
18.5241 	EXP 	window1: blendMode = 'avg'
18.5409 	EXP 	window1: blendMode = 'avg'
18.5576 	EXP 	window1: blendMode = 'avg'
18.5743 	EXP 	window1: blendMode = 'avg'
18.5909 	EXP 	window1: blendMode = 'avg'
18.6075 	EXP 	window1: blendMode = 'avg'
18.6243 	EXP 	window1: blendMode = 'avg'
18.6410 	EXP 	window1: blendMode = 'avg'
18.6575 	EXP 	window1: blendMode = 'avg'
18.6742 	EXP 	window1: blendMode = 'avg'
18.6909 	EXP 	window1: blendMode = 'avg'
18.7077 	EXP 	window1: blendMode = 'avg'
18.7240 	EXP 	window1: blendMode = 'avg'
18.7408 	EXP 	window1: blendMode = 'avg'
18.7576 	EXP 	window1: blendMode = 'avg'
18.7742 	EXP 	window1: blendMode = 'avg'
18.7910 	EXP 	window1: blendMode = 'avg'
18.8078 	EXP 	window1: blendMode = 'avg'
18.8243 	EXP 	window1: blendMode = 'avg'
18.8410 	EXP 	window1: blendMode = 'avg'
18.8576 	EXP 	window1: blendMode = 'avg'
18.8743 	EXP 	window1: blendMode = 'avg'
18.8908 	EXP 	window1: blendMode = 'avg'
18.9077 	EXP 	window1: blendMode = 'avg'
18.9243 	EXP 	window1: blendMode = 'avg'
18.9409 	EXP 	window1: blendMode = 'avg'
18.9576 	EXP 	window1: blendMode = 'avg'
18.9742 	EXP 	window1: blendMode = 'avg'
18.9910 	EXP 	window1: blendMode = 'avg'
19.0075 	EXP 	window1: blendMode = 'avg'
19.0242 	EXP 	window1: blendMode = 'avg'
19.0410 	EXP 	window1: blendMode = 'avg'
19.0576 	EXP 	window1: blendMode = 'avg'
19.0743 	EXP 	window1: blendMode = 'avg'
19.0908 	EXP 	window1: blendMode = 'avg'
19.1077 	EXP 	window1: blendMode = 'avg'
19.1242 	EXP 	window1: blendMode = 'avg'
19.1410 	EXP 	window1: blendMode = 'avg'
19.1575 	EXP 	window1: blendMode = 'avg'
19.1742 	EXP 	window1: blendMode = 'avg'
19.1908 	EXP 	window1: blendMode = 'avg'
19.2079 	EXP 	window1: blendMode = 'avg'
19.2241 	EXP 	window1: blendMode = 'avg'
19.2410 	EXP 	window1: blendMode = 'avg'
19.2575 	EXP 	window1: blendMode = 'avg'
19.2743 	EXP 	window1: blendMode = 'avg'
19.2908 	EXP 	window1: blendMode = 'avg'
19.3075 	EXP 	window1: blendMode = 'avg'
19.3243 	EXP 	window1: blendMode = 'avg'
19.3410 	EXP 	window1: blendMode = 'avg'
19.3576 	EXP 	window1: blendMode = 'avg'
19.3743 	EXP 	window1: blendMode = 'avg'
19.3910 	EXP 	window1: blendMode = 'avg'
19.4077 	EXP 	window1: blendMode = 'avg'
19.4242 	EXP 	window1: blendMode = 'avg'
19.4410 	EXP 	window1: blendMode = 'avg'
19.4575 	EXP 	window1: blendMode = 'avg'
19.4742 	EXP 	window1: blendMode = 'avg'
19.4909 	EXP 	window1: blendMode = 'avg'
19.5077 	EXP 	window1: blendMode = 'avg'
19.5243 	EXP 	window1: blendMode = 'avg'
19.5406 	EXP 	window1: blendMode = 'avg'
19.5574 	EXP 	window1: blendMode = 'avg'
19.5741 	EXP 	window1: blendMode = 'avg'
19.5909 	EXP 	window1: blendMode = 'avg'
19.6077 	EXP 	window1: blendMode = 'avg'
19.6241 	EXP 	window1: blendMode = 'avg'
19.6410 	EXP 	window1: blendMode = 'avg'
19.6576 	EXP 	window1: blendMode = 'avg'
19.6744 	EXP 	window1: blendMode = 'avg'
19.6909 	EXP 	window1: blendMode = 'avg'
19.7078 	EXP 	window1: blendMode = 'avg'
19.7240 	EXP 	window1: blendMode = 'avg'
19.7408 	EXP 	window1: blendMode = 'avg'
19.7574 	EXP 	window1: blendMode = 'avg'
19.7741 	EXP 	window1: blendMode = 'avg'
19.7910 	EXP 	window1: blendMode = 'avg'
19.8076 	EXP 	window1: blendMode = 'avg'
19.8242 	EXP 	window1: blendMode = 'avg'
19.8405 	EXP 	window1: blendMode = 'avg'
19.8576 	EXP 	window1: blendMode = 'avg'
19.8742 	EXP 	window1: blendMode = 'avg'
19.8910 	EXP 	window1: blendMode = 'avg'
19.9077 	EXP 	window1: blendMode = 'avg'
19.9241 	EXP 	window1: blendMode = 'avg'
19.9408 	EXP 	window1: blendMode = 'avg'
19.9575 	EXP 	window1: blendMode = 'avg'
19.9743 	EXP 	window1: blendMode = 'avg'
19.9905 	EXP 	window1: blendMode = 'avg'
20.0074 	EXP 	window1: blendMode = 'avg'
20.0241 	EXP 	window1: blendMode = 'avg'
20.0408 	EXP 	window1: blendMode = 'avg'
20.0576 	EXP 	window1: blendMode = 'avg'
20.0741 	EXP 	window1: blendMode = 'avg'
20.0908 	EXP 	window1: blendMode = 'avg'
20.1075 	EXP 	window1: blendMode = 'avg'
20.1243 	EXP 	window1: blendMode = 'avg'
20.1408 	EXP 	window1: blendMode = 'avg'
20.1576 	EXP 	window1: blendMode = 'avg'
20.1742 	EXP 	window1: blendMode = 'avg'
20.1910 	EXP 	window1: blendMode = 'avg'
20.2075 	EXP 	window1: blendMode = 'avg'
20.2243 	EXP 	window1: blendMode = 'avg'
20.2410 	EXP 	window1: blendMode = 'avg'
20.2574 	EXP 	window1: blendMode = 'avg'
20.2743 	EXP 	window1: blendMode = 'avg'
20.2909 	EXP 	window1: blendMode = 'avg'
20.3077 	EXP 	window1: blendMode = 'avg'
20.3241 	EXP 	window1: blendMode = 'avg'
20.3409 	EXP 	window1: blendMode = 'avg'
20.3576 	EXP 	window1: blendMode = 'avg'
20.3738 	EXP 	window1: blendMode = 'avg'
20.3907 	EXP 	window1: blendMode = 'avg'
20.4074 	EXP 	window1: blendMode = 'avg'
20.4242 	EXP 	window1: blendMode = 'avg'
20.4410 	EXP 	window1: blendMode = 'avg'
20.4574 	EXP 	window1: blendMode = 'avg'
20.4742 	EXP 	window1: blendMode = 'avg'
20.4908 	EXP 	window1: blendMode = 'avg'
20.5074 	EXP 	window1: blendMode = 'avg'
20.5243 	EXP 	window1: blendMode = 'avg'
20.5410 	EXP 	window1: blendMode = 'avg'
20.5576 	EXP 	window1: blendMode = 'avg'
20.5744 	EXP 	window1: blendMode = 'avg'
20.5908 	EXP 	window1: blendMode = 'avg'
20.6077 	EXP 	window1: blendMode = 'avg'
20.6274 	DATA 	Keypress: space
20.6380 	EXP 	Imported Book.xlsx as conditions, 44 conditions, 7 params
20.6386 	EXP 	Created sequence: random, trialTypes=44, nReps=1, seed=None
20.6390 	EXP 	New trial (rep=0, index=0): {'YLeftPos': 0, 'time_presentation': 0.5, 'XLeftPos': -300, 'XRightPos': 300, 'rightimg': u'frogs/ab65.jpg', 'YRightPos': 0, 'leftimg': u'frogs/ab25.jpg'}
20.8060 	EXP 	text_2: autoDraw = False
20.8060 	EXP 	Leftimg: pos = array([-300.,    0.])
20.8060 	EXP 	Leftimg: image = u'frogs/ab25.jpg'
20.8060 	EXP 	Rightimg: pos = array([ 300.,    0.])
20.8060 	EXP 	Rightimg: image = u'frogs/ab65.jpg'
20.8060 	EXP 	Leftimg: autoDraw = True
20.8060 	EXP 	Rightimg: autoDraw = True
21.1567 	EXP 	Leftimg: autoDraw = False
21.1567 	EXP 	Rightimg: autoDraw = False
21.4925 	DATA 	Keypress: left
21.5082 	EXP 	New trial (rep=0, index=1): {'YLeftPos': 0, 'time_presentation': 0.5, 'XLeftPos': -300, 'XRightPos': 300, 'rightimg': u'frogs/ab60.jpg', 'YRightPos': 0, 'leftimg': u'frogs/ab20.jpg'}
21.5396 	EXP 	Leftimg: autoDraw = False
21.5396 	EXP 	Rightimg: autoDraw = False
21.5396 	EXP 	text: autoDraw = False
21.5396 	EXP 	Leftimg: pos = array([-300.,    0.])
21.5396 	EXP 	Leftimg: image = u'frogs/ab20.jpg'
21.5396 	EXP 	Rightimg: pos = array([ 300.,    0.])
21.5396 	EXP 	Rightimg: image = u'frogs/ab60.jpg'
21.5396 	EXP 	Leftimg: autoDraw = True
21.5396 	EXP 	Rightimg: autoDraw = True
22.0230 	EXP 	Leftimg: autoDraw = False
22.0230 	EXP 	Rightimg: autoDraw = False
22.9083 	DATA 	Keypress: right
22.9094 	EXP 	New trial (rep=0, index=2): {'YLeftPos': 0, 'time_presentation': 0.5, 'XLeftPos': -300, 'XRightPos': 300, 'rightimg': u'frogs/ab47.jpg', 'YRightPos': 0, 'leftimg': u'frogs/ab7.jpg'}
23.2726 	EXP 	Leftimg: autoDraw = False
23.2726 	EXP 	Rightimg: autoDraw = False
23.2726 	EXP 	text: autoDraw = False
23.2726 	EXP 	Leftimg: pos = array([-300.,    0.])
23.2726 	EXP 	Leftimg: image = u'frogs/ab7.jpg'
23.2726 	EXP 	Rightimg: pos = array([ 300.,    0.])
23.2726 	EXP 	Rightimg: image = u'frogs/ab47.jpg'
23.2726 	EXP 	Leftimg: autoDraw = True
23.2726 	EXP 	Rightimg: autoDraw = True
23.2916 	DATA 	Keypress: right
23.2925 	EXP 	New trial (rep=0, index=3): {'YLeftPos': 0, 'time_presentation': 0.5, 'XLeftPos': -300, 'XRightPos': 300, 'rightimg': u'frogs/ab66.jpg', 'YRightPos': 0, 'leftimg': u'frogs/ab26.jpg'}
23.3229 	EXP 	Leftimg: autoDraw = False
23.3229 	EXP 	Rightimg: autoDraw = False
23.3229 	EXP 	text: autoDraw = False
23.3229 	EXP 	Leftimg: pos = array([-300.,    0.])
23.3229 	EXP 	Leftimg: image = u'frogs/ab26.jpg'
23.3229 	EXP 	Rightimg: pos = array([ 300.,    0.])
23.3229 	EXP 	Rightimg: image = u'frogs/ab66.jpg'
23.3229 	EXP 	Leftimg: autoDraw = True
23.3229 	EXP 	Rightimg: autoDraw = True
23.8065 	EXP 	Leftimg: autoDraw = False
23.8065 	EXP 	Rightimg: autoDraw = False
24.2915 	DATA 	Keypress: left
24.2926 	EXP 	New trial (rep=0, index=4): {'YLeftPos': 0, 'time_presentation': 0.5, 'XLeftPos': -300, 'XRightPos': 300, 'rightimg': u'frogs/ab78.jpg', 'YRightPos': 0, 'leftimg': u'frogs/ab38.jpg'}
24.3226 	EXP 	Leftimg: autoDraw = False
24.3226 	EXP 	Rightimg: autoDraw = False
24.3226 	EXP 	text: autoDraw = False
24.3226 	EXP 	Leftimg: pos = array([-300.,    0.])
24.3226 	EXP 	Leftimg: image = u'frogs/ab38.jpg'
24.3226 	EXP 	Rightimg: pos = array([ 300.,    0.])
24.3226 	EXP 	Rightimg: image = u'frogs/ab78.jpg'
24.3226 	EXP 	Leftimg: autoDraw = True
24.3226 	EXP 	Rightimg: autoDraw = True
24.8064 	EXP 	Leftimg: autoDraw = False
24.8064 	EXP 	Rightimg: autoDraw = False
25.2917 	DATA 	Keypress: right
25.2929 	EXP 	New trial (rep=0, index=5): {'YLeftPos': 0, 'time_presentation': 0.5, 'XLeftPos': -300, 'XRightPos': 300, 'rightimg': u'3.jpg', 'YRightPos': 0, 'leftimg': u'1.jpg'}
25.3401 	EXP 	Leftimg: autoDraw = False
25.3401 	EXP 	Rightimg: autoDraw = False
25.3401 	EXP 	text: autoDraw = False
25.3401 	EXP 	Leftimg: pos = array([-300.,    0.])
25.3401 	EXP 	Leftimg: image = u'1.jpg'
25.3401 	EXP 	Rightimg: pos = array([ 300.,    0.])
25.3401 	EXP 	Rightimg: image = u'3.jpg'
25.3401 	EXP 	Leftimg: autoDraw = True
25.3401 	EXP 	Rightimg: autoDraw = True
25.8065 	EXP 	Leftimg: autoDraw = False
25.8065 	EXP 	Rightimg: autoDraw = False
26.2750 	DATA 	Keypress: left
26.2762 	EXP 	New trial (rep=0, index=6): {'YLeftPos': 0, 'time_presentation': 0.5, 'XLeftPos': -300, 'XRightPos': 300, 'rightimg': u'frogs/ab57.jpg', 'YRightPos': 0, 'leftimg': u'frogs/ab17.jpg'}
26.3734 	EXP 	Leftimg: autoDraw = False
26.3734 	EXP 	Rightimg: autoDraw = False
26.3734 	EXP 	text: autoDraw = False
26.3734 	EXP 	Leftimg: pos = array([-300.,    0.])
26.3734 	EXP 	Leftimg: image = u'frogs/ab17.jpg'
26.3734 	EXP 	Rightimg: pos = array([ 300.,    0.])
26.3734 	EXP 	Rightimg: image = u'frogs/ab57.jpg'
26.3734 	EXP 	Leftimg: autoDraw = True
26.3734 	EXP 	Rightimg: autoDraw = True
26.7897 	EXP 	Leftimg: autoDraw = False
26.7897 	EXP 	Rightimg: autoDraw = False
27.2581 	DATA 	Keypress: right
27.2595 	EXP 	New trial (rep=0, index=7): {'YLeftPos': 0, 'time_presentation': 0.5, 'XLeftPos': -300, 'XRightPos': 300, 'rightimg': u'1.jpg', 'YRightPos': 0, 'leftimg': u'3.jpg'}
27.3058 	EXP 	Leftimg: autoDraw = False
27.3058 	EXP 	Rightimg: autoDraw = False
27.3058 	EXP 	text: autoDraw = False
27.3058 	EXP 	Leftimg: pos = array([-300.,    0.])
27.3058 	EXP 	Leftimg: image = u'3.jpg'
27.3058 	EXP 	Rightimg: pos = array([ 300.,    0.])
27.3058 	EXP 	Rightimg: image = u'1.jpg'
27.3058 	EXP 	Leftimg: autoDraw = True
27.3058 	EXP 	Rightimg: autoDraw = True
27.7731 	EXP 	Leftimg: autoDraw = False
27.7731 	EXP 	Rightimg: autoDraw = False
28.2081 	DATA 	Keypress: right
28.2093 	EXP 	New trial (rep=0, index=8): {'YLeftPos': 0, 'time_presentation': 0.5, 'XLeftPos': -300, 'XRightPos': 300, 'rightimg': u'frogs/ab56.jpg', 'YRightPos': 0, 'leftimg': u'frogs/ab16.jpg'}
28.4565 	EXP 	Leftimg: autoDraw = False
28.4565 	EXP 	Rightimg: autoDraw = False
28.4565 	EXP 	text: autoDraw = False
28.4565 	EXP 	Leftimg: pos = array([-300.,    0.])
28.4565 	EXP 	Leftimg: image = u'frogs/ab16.jpg'
28.4565 	EXP 	Rightimg: pos = array([ 300.,    0.])
28.4565 	EXP 	Rightimg: image = u'frogs/ab56.jpg'
28.4565 	EXP 	Leftimg: autoDraw = True
28.4565 	EXP 	Rightimg: autoDraw = True
28.7230 	EXP 	Leftimg: autoDraw = False
28.7230 	EXP 	Rightimg: autoDraw = False
29.1413 	DATA 	Keypress: left
29.1423 	EXP 	New trial (rep=0, index=9): {'YLeftPos': 0, 'time_presentation': 0.5, 'XLeftPos': -300, 'XRightPos': 300, 'rightimg': u'frogs/ab53.jpg', 'YRightPos': 0, 'leftimg': u'frogs/ab13.jpg'}
29.1727 	EXP 	Leftimg: autoDraw = False
29.1727 	EXP 	Rightimg: autoDraw = False
29.1727 	EXP 	text: autoDraw = False
29.1727 	EXP 	Leftimg: pos = array([-300.,    0.])
29.1727 	EXP 	Leftimg: image = u'frogs/ab13.jpg'
29.1727 	EXP 	Rightimg: pos = array([ 300.,    0.])
29.1727 	EXP 	Rightimg: image = u'frogs/ab53.jpg'
29.1727 	EXP 	Leftimg: autoDraw = True
29.1727 	EXP 	Rightimg: autoDraw = True
29.6564 	EXP 	Leftimg: autoDraw = False
29.6564 	EXP 	Rightimg: autoDraw = False
30.0910 	DATA 	Keypress: left
30.0927 	EXP 	New trial (rep=0, index=10): {'YLeftPos': 0, 'time_presentation': 0.5, 'XLeftPos': -300, 'XRightPos': 300, 'rightimg': u'frogs/ab43.jpg', 'YRightPos': 0, 'leftimg': u'frogs/ab3.jpg'}
30.1558 	EXP 	Leftimg: autoDraw = False
30.1558 	EXP 	Rightimg: autoDraw = False
30.1558 	EXP 	text: autoDraw = False
30.1558 	EXP 	Leftimg: pos = array([-300.,    0.])
30.1558 	EXP 	Leftimg: image = u'frogs/ab3.jpg'
30.1558 	EXP 	Rightimg: pos = array([ 300.,    0.])
30.1558 	EXP 	Rightimg: image = u'frogs/ab43.jpg'
30.1558 	EXP 	Leftimg: autoDraw = True
30.1558 	EXP 	Rightimg: autoDraw = True
30.6064 	EXP 	Leftimg: autoDraw = False
30.6064 	EXP 	Rightimg: autoDraw = False
31.3411 	DATA 	Keypress: right
31.3422 	EXP 	New trial (rep=0, index=11): {'YLeftPos': 0, 'time_presentation': 0.5, 'XLeftPos': -300, 'XRightPos': 300, 'rightimg': u'4.jpg', 'YRightPos': 0, 'leftimg': u'2.jpg'}
31.3729 	EXP 	Leftimg: autoDraw = False
31.3729 	EXP 	Rightimg: autoDraw = False
31.3729 	EXP 	text: autoDraw = False
31.3729 	EXP 	Leftimg: pos = array([-300.,    0.])
31.3729 	EXP 	Leftimg: image = u'2.jpg'
31.3729 	EXP 	Rightimg: pos = array([ 300.,    0.])
31.3729 	EXP 	Rightimg: image = u'4.jpg'
31.3729 	EXP 	Leftimg: autoDraw = True
31.3729 	EXP 	Rightimg: autoDraw = True
31.8564 	EXP 	Leftimg: autoDraw = False
31.8564 	EXP 	Rightimg: autoDraw = False
32.2081 	DATA 	Keypress: left
32.2093 	EXP 	New trial (rep=0, index=12): {'YLeftPos': 0, 'time_presentation': 0.5, 'XLeftPos': -300, 'XRightPos': 300, 'rightimg': u'frogs/ab52.jpg', 'YRightPos': 0, 'leftimg': u'frogs/ab12.jpg'}
32.2229 	EXP 	Leftimg: autoDraw = False
32.2229 	EXP 	Rightimg: autoDraw = False
32.2229 	EXP 	text: autoDraw = False
32.2229 	EXP 	Leftimg: pos = array([-300.,    0.])
32.2229 	EXP 	Leftimg: image = u'frogs/ab12.jpg'
32.2229 	EXP 	Rightimg: pos = array([ 300.,    0.])
32.2229 	EXP 	Rightimg: image = u'frogs/ab52.jpg'
32.2229 	EXP 	Leftimg: autoDraw = True
32.2229 	EXP 	Rightimg: autoDraw = True
32.7227 	EXP 	Leftimg: autoDraw = False
32.7227 	EXP 	Rightimg: autoDraw = False
33.1247 	DATA 	Keypress: right
33.1262 	EXP 	New trial (rep=0, index=13): {'YLeftPos': 0, 'time_presentation': 0.5, 'XLeftPos': -300, 'XRightPos': 300, 'rightimg': u'frogs/ab73.jpg', 'YRightPos': 0, 'leftimg': u'frogs/ab33.jpg'}
33.2222 	EXP 	Leftimg: autoDraw = False
33.2222 	EXP 	Rightimg: autoDraw = False
33.2222 	EXP 	text: autoDraw = False
33.2222 	EXP 	Leftimg: pos = array([-300.,    0.])
33.2222 	EXP 	Leftimg: image = u'frogs/ab33.jpg'
33.2222 	EXP 	Rightimg: pos = array([ 300.,    0.])
33.2222 	EXP 	Rightimg: image = u'frogs/ab73.jpg'
33.2222 	EXP 	Leftimg: autoDraw = True
33.2222 	EXP 	Rightimg: autoDraw = True
33.6398 	EXP 	Leftimg: autoDraw = False
33.6398 	EXP 	Rightimg: autoDraw = False
34.1412 	DATA 	Keypress: left
34.1421 	EXP 	New trial (rep=0, index=14): {'YLeftPos': 0, 'time_presentation': 0.5, 'XLeftPos': -300, 'XRightPos': 300, 'rightimg': u'frogs/ab48.jpg', 'YRightPos': 0, 'leftimg': u'frogs/ab8.jpg'}
34.1895 	EXP 	Leftimg: autoDraw = False
34.1895 	EXP 	Rightimg: autoDraw = False
34.1895 	EXP 	text: autoDraw = False
34.1895 	EXP 	Leftimg: pos = array([-300.,    0.])
34.1895 	EXP 	Leftimg: image = u'frogs/ab8.jpg'
34.1895 	EXP 	Rightimg: pos = array([ 300.,    0.])
34.1895 	EXP 	Rightimg: image = u'frogs/ab48.jpg'
34.1895 	EXP 	Leftimg: autoDraw = True
34.1895 	EXP 	Rightimg: autoDraw = True
34.6564 	EXP 	Leftimg: autoDraw = False
34.6564 	EXP 	Rightimg: autoDraw = False
35.0921 	DATA 	Keypress: right
35.1073 	EXP 	New trial (rep=0, index=15): {'YLeftPos': 0, 'time_presentation': 0.5, 'XLeftPos': -300, 'XRightPos': 300, 'rightimg': u'frogs/ab79.jpg', 'YRightPos': 0, 'leftimg': u'frogs/ab39.jpg'}
35.1397 	EXP 	Leftimg: autoDraw = False
35.1397 	EXP 	Rightimg: autoDraw = False
35.1397 	EXP 	text: autoDraw = False
35.1397 	EXP 	Leftimg: pos = array([-300.,    0.])
35.1397 	EXP 	Leftimg: image = u'frogs/ab39.jpg'
35.1397 	EXP 	Rightimg: pos = array([ 300.,    0.])
35.1397 	EXP 	Rightimg: image = u'frogs/ab79.jpg'
35.1397 	EXP 	Leftimg: autoDraw = True
35.1397 	EXP 	Rightimg: autoDraw = True
35.6230 	EXP 	Leftimg: autoDraw = False
35.6230 	EXP 	Rightimg: autoDraw = False
35.9412 	DATA 	Keypress: left
35.9423 	EXP 	New trial (rep=0, index=16): {'YLeftPos': 0, 'time_presentation': 0.5, 'XLeftPos': -300, 'XRightPos': 300, 'rightimg': u'frogs/ab62.jpg', 'YRightPos': 0, 'leftimg': u'frogs/ab22.jpg'}
36.1231 	EXP 	Leftimg: autoDraw = False
36.1231 	EXP 	Rightimg: autoDraw = False
36.1231 	EXP 	text: autoDraw = False
36.1231 	EXP 	Leftimg: pos = array([-300.,    0.])
36.1231 	EXP 	Leftimg: image = u'frogs/ab22.jpg'
36.1231 	EXP 	Rightimg: pos = array([ 300.,    0.])
36.1231 	EXP 	Rightimg: image = u'frogs/ab62.jpg'
36.1231 	EXP 	Leftimg: autoDraw = True
36.1231 	EXP 	Rightimg: autoDraw = True
36.4563 	EXP 	Leftimg: autoDraw = False
36.4563 	EXP 	Rightimg: autoDraw = False
36.7582 	DATA 	Keypress: right
36.7593 	EXP 	New trial (rep=0, index=17): {'YLeftPos': 0, 'time_presentation': 0.5, 'XLeftPos': -300, 'XRightPos': 300, 'rightimg': u'frogs/ab51.jpg', 'YRightPos': 0, 'leftimg': u'frogs/ab11.jpg'}
36.8397 	EXP 	Leftimg: autoDraw = False
36.8397 	EXP 	Rightimg: autoDraw = False
36.8397 	EXP 	text: autoDraw = False
36.8397 	EXP 	Leftimg: pos = array([-300.,    0.])
36.8397 	EXP 	Leftimg: image = u'frogs/ab11.jpg'
36.8397 	EXP 	Rightimg: pos = array([ 300.,    0.])
36.8397 	EXP 	Rightimg: image = u'frogs/ab51.jpg'
36.8397 	EXP 	Leftimg: autoDraw = True
36.8397 	EXP 	Rightimg: autoDraw = True
37.2732 	EXP 	Leftimg: autoDraw = False
37.2732 	EXP 	Rightimg: autoDraw = False
37.6576 	DATA 	Keypress: right
37.6588 	EXP 	New trial (rep=0, index=18): {'YLeftPos': 0, 'time_presentation': 0.5, 'XLeftPos': -300, 'XRightPos': 300, 'rightimg': u'frogs/ab70.jpg', 'YRightPos': 0, 'leftimg': u'frogs/ab30.jpg'}
37.6896 	EXP 	Leftimg: autoDraw = False
37.6896 	EXP 	Rightimg: autoDraw = False
37.6896 	EXP 	text: autoDraw = False
37.6896 	EXP 	Leftimg: pos = array([-300.,    0.])
37.6896 	EXP 	Leftimg: image = u'frogs/ab30.jpg'
37.6896 	EXP 	Rightimg: pos = array([ 300.,    0.])
37.6896 	EXP 	Rightimg: image = u'frogs/ab70.jpg'
37.6896 	EXP 	Leftimg: autoDraw = True
37.6896 	EXP 	Rightimg: autoDraw = True
38.1730 	EXP 	Leftimg: autoDraw = False
38.1730 	EXP 	Rightimg: autoDraw = False
38.5241 	DATA 	Keypress: right
38.5252 	EXP 	New trial (rep=0, index=19): {'YLeftPos': 0, 'time_presentation': 0.5, 'XLeftPos': -300, 'XRightPos': 300, 'rightimg': u'frogs/ab49.jpg', 'YRightPos': 0, 'leftimg': u'frogs/ab9.jpg'}
38.7061 	EXP 	Leftimg: autoDraw = False
38.7061 	EXP 	Rightimg: autoDraw = False
38.7061 	EXP 	text: autoDraw = False
38.7061 	EXP 	Leftimg: pos = array([-300.,    0.])
38.7061 	EXP 	Leftimg: image = u'frogs/ab9.jpg'
38.7061 	EXP 	Rightimg: pos = array([ 300.,    0.])
38.7061 	EXP 	Rightimg: image = u'frogs/ab49.jpg'
38.7061 	EXP 	Leftimg: autoDraw = True
38.7061 	EXP 	Rightimg: autoDraw = True
39.0396 	EXP 	Leftimg: autoDraw = False
39.0396 	EXP 	Rightimg: autoDraw = False
39.5912 	DATA 	Keypress: left
39.5922 	EXP 	New trial (rep=0, index=20): {'YLeftPos': 0, 'time_presentation': 0.5, 'XLeftPos': -300, 'XRightPos': 300, 'rightimg': u'frogs/ab74.jpg', 'YRightPos': 0, 'leftimg': u'frogs/ab34.jpg'}
39.6718 	EXP 	Leftimg: autoDraw = False
39.6718 	EXP 	Rightimg: autoDraw = False
39.6718 	EXP 	text: autoDraw = False
39.6718 	EXP 	Leftimg: pos = array([-300.,    0.])
39.6718 	EXP 	Leftimg: image = u'frogs/ab34.jpg'
39.6718 	EXP 	Rightimg: pos = array([ 300.,    0.])
39.6718 	EXP 	Rightimg: image = u'frogs/ab74.jpg'
39.6718 	EXP 	Leftimg: autoDraw = True
39.6718 	EXP 	Rightimg: autoDraw = True
40.1060 	EXP 	Leftimg: autoDraw = False
40.1060 	EXP 	Rightimg: autoDraw = False
40.5902 	DATA 	Keypress: right
40.5913 	EXP 	New trial (rep=0, index=21): {'YLeftPos': 0, 'time_presentation': 0.5, 'XLeftPos': -300, 'XRightPos': 300, 'rightimg': u'frogs/ab44.jpg', 'YRightPos': 0, 'leftimg': u'frogs/ab4.jpg'}
40.6225 	EXP 	Leftimg: autoDraw = False
40.6225 	EXP 	Rightimg: autoDraw = False
40.6225 	EXP 	text: autoDraw = False
40.6225 	EXP 	Leftimg: pos = array([-300.,    0.])
40.6225 	EXP 	Leftimg: image = u'frogs/ab4.jpg'
40.6225 	EXP 	Rightimg: pos = array([ 300.,    0.])
40.6225 	EXP 	Rightimg: image = u'frogs/ab44.jpg'
40.6225 	EXP 	Leftimg: autoDraw = True
40.6225 	EXP 	Rightimg: autoDraw = True
41.1063 	EXP 	Leftimg: autoDraw = False
41.1063 	EXP 	Rightimg: autoDraw = False
41.4070 	DATA 	Keypress: left
41.4082 	EXP 	New trial (rep=0, index=22): {'YLeftPos': 0, 'time_presentation': 0.5, 'XLeftPos': -300, 'XRightPos': 300, 'rightimg': u'frogs/ab61.jpg', 'YRightPos': 0, 'leftimg': u'frogs/ab21.jpg'}
41.4391 	EXP 	Leftimg: autoDraw = False
41.4391 	EXP 	Rightimg: autoDraw = False
41.4391 	EXP 	text: autoDraw = False
41.4391 	EXP 	Leftimg: pos = array([-300.,    0.])
41.4391 	EXP 	Leftimg: image = u'frogs/ab21.jpg'
41.4391 	EXP 	Rightimg: pos = array([ 300.,    0.])
41.4391 	EXP 	Rightimg: image = u'frogs/ab61.jpg'
41.4391 	EXP 	Leftimg: autoDraw = True
41.4391 	EXP 	Rightimg: autoDraw = True
41.9229 	EXP 	Leftimg: autoDraw = False
41.9229 	EXP 	Rightimg: autoDraw = False
42.3410 	DATA 	Keypress: left
42.3421 	EXP 	New trial (rep=0, index=23): {'YLeftPos': 0, 'time_presentation': 0.5, 'XLeftPos': -300, 'XRightPos': 300, 'rightimg': u'frogs/ab68.jpg', 'YRightPos': 0, 'leftimg': u'frogs/ab28.jpg'}
42.3895 	EXP 	Leftimg: autoDraw = False
42.3895 	EXP 	Rightimg: autoDraw = False
42.3895 	EXP 	text: autoDraw = False
42.3895 	EXP 	Leftimg: pos = array([-300.,    0.])
42.3895 	EXP 	Leftimg: image = u'frogs/ab28.jpg'
42.3895 	EXP 	Rightimg: pos = array([ 300.,    0.])
42.3895 	EXP 	Rightimg: image = u'frogs/ab68.jpg'
42.3895 	EXP 	Leftimg: autoDraw = True
42.3895 	EXP 	Rightimg: autoDraw = True
42.8562 	EXP 	Leftimg: autoDraw = False
42.8562 	EXP 	Rightimg: autoDraw = False
43.3567 	DATA 	Keypress: right
43.3578 	EXP 	New trial (rep=0, index=24): {'YLeftPos': 0, 'time_presentation': 0.5, 'XLeftPos': -300, 'XRightPos': 300, 'rightimg': u'frogs/ab50.jpg', 'YRightPos': 0, 'leftimg': u'frogs/ab10.jpg'}
43.4232 	EXP 	Leftimg: autoDraw = False
43.4232 	EXP 	Rightimg: autoDraw = False
43.4232 	EXP 	text: autoDraw = False
43.4232 	EXP 	Leftimg: pos = array([-300.,    0.])
43.4232 	EXP 	Leftimg: image = u'frogs/ab10.jpg'
43.4232 	EXP 	Rightimg: pos = array([ 300.,    0.])
43.4232 	EXP 	Rightimg: image = u'frogs/ab50.jpg'
43.4232 	EXP 	Leftimg: autoDraw = True
43.4232 	EXP 	Rightimg: autoDraw = True
43.8720 	EXP 	Leftimg: autoDraw = False
43.8720 	EXP 	Rightimg: autoDraw = False
44.1912 	DATA 	Keypress: left
44.1923 	EXP 	New trial (rep=0, index=25): {'YLeftPos': 0, 'time_presentation': 0.5, 'XLeftPos': -300, 'XRightPos': 300, 'rightimg': u'frogs/ab59.jpg', 'YRightPos': 0, 'leftimg': u'frogs/ab19.jpg'}
44.2390 	EXP 	Leftimg: autoDraw = False
44.2390 	EXP 	Rightimg: autoDraw = False
44.2390 	EXP 	text: autoDraw = False
44.2390 	EXP 	Leftimg: pos = array([-300.,    0.])
44.2390 	EXP 	Leftimg: image = u'frogs/ab19.jpg'
44.2390 	EXP 	Rightimg: pos = array([ 300.,    0.])
44.2390 	EXP 	Rightimg: image = u'frogs/ab59.jpg'
44.2390 	EXP 	Leftimg: autoDraw = True
44.2390 	EXP 	Rightimg: autoDraw = True
44.7062 	EXP 	Leftimg: autoDraw = False
44.7062 	EXP 	Rightimg: autoDraw = False
45.2248 	DATA 	Keypress: left
45.2259 	EXP 	New trial (rep=0, index=26): {'YLeftPos': 0, 'time_presentation': 0.5, 'XLeftPos': -300, 'XRightPos': 300, 'rightimg': u'frogs/ab75.jpg', 'YRightPos': 0, 'leftimg': u'frogs/ab35.jpg'}
45.2563 	EXP 	Leftimg: autoDraw = False
45.2563 	EXP 	Rightimg: autoDraw = False
45.2563 	EXP 	text: autoDraw = False
45.2563 	EXP 	Leftimg: pos = array([-300.,    0.])
45.2563 	EXP 	Leftimg: image = u'frogs/ab35.jpg'
45.2563 	EXP 	Rightimg: pos = array([ 300.,    0.])
45.2563 	EXP 	Rightimg: image = u'frogs/ab75.jpg'
45.2563 	EXP 	Leftimg: autoDraw = True
45.2563 	EXP 	Rightimg: autoDraw = True
45.7395 	EXP 	Leftimg: autoDraw = False
45.7395 	EXP 	Rightimg: autoDraw = False
46.1906 	DATA 	Keypress: left
46.1917 	EXP 	New trial (rep=0, index=27): {'YLeftPos': 0, 'time_presentation': 0.5, 'XLeftPos': -300, 'XRightPos': 300, 'rightimg': u'frogs/ab55.jpg', 'YRightPos': 0, 'leftimg': u'frogs/ab15.jpg'}
46.2730 	EXP 	Leftimg: autoDraw = False
46.2730 	EXP 	Rightimg: autoDraw = False
46.2730 	EXP 	text: autoDraw = False
46.2730 	EXP 	Leftimg: pos = array([-300.,    0.])
46.2730 	EXP 	Leftimg: image = u'frogs/ab15.jpg'
46.2730 	EXP 	Rightimg: pos = array([ 300.,    0.])
46.2730 	EXP 	Rightimg: image = u'frogs/ab55.jpg'
46.2730 	EXP 	Leftimg: autoDraw = True
46.2730 	EXP 	Rightimg: autoDraw = True
46.7062 	EXP 	Leftimg: autoDraw = False
46.7062 	EXP 	Rightimg: autoDraw = False
47.1407 	DATA 	Keypress: left
47.1419 	EXP 	New trial (rep=0, index=28): {'YLeftPos': 0, 'time_presentation': 0.5, 'XLeftPos': -300, 'XRightPos': 300, 'rightimg': u'frogs/ab67.jpg', 'YRightPos': 0, 'leftimg': u'frogs/ab27.jpg'}
47.1891 	EXP 	Leftimg: autoDraw = False
47.1891 	EXP 	Rightimg: autoDraw = False
47.1891 	EXP 	text: autoDraw = False
47.1891 	EXP 	Leftimg: pos = array([-300.,    0.])
47.1891 	EXP 	Leftimg: image = u'frogs/ab27.jpg'
47.1891 	EXP 	Rightimg: pos = array([ 300.,    0.])
47.1891 	EXP 	Rightimg: image = u'frogs/ab67.jpg'
47.1891 	EXP 	Leftimg: autoDraw = True
47.1891 	EXP 	Rightimg: autoDraw = True
47.6561 	EXP 	Leftimg: autoDraw = False
47.6561 	EXP 	Rightimg: autoDraw = False
48.1082 	DATA 	Keypress: right
48.1095 	EXP 	New trial (rep=0, index=29): {'YLeftPos': 0, 'time_presentation': 0.5, 'XLeftPos': -300, 'XRightPos': 300, 'rightimg': u'frogs/ab63.jpg', 'YRightPos': 0, 'leftimg': u'frogs/ab23.jpg'}
48.1557 	EXP 	Leftimg: autoDraw = False
48.1557 	EXP 	Rightimg: autoDraw = False
48.1557 	EXP 	text: autoDraw = False
48.1557 	EXP 	Leftimg: pos = array([-300.,    0.])
48.1557 	EXP 	Leftimg: image = u'frogs/ab23.jpg'
48.1557 	EXP 	Rightimg: pos = array([ 300.,    0.])
48.1557 	EXP 	Rightimg: image = u'frogs/ab63.jpg'
48.1557 	EXP 	Leftimg: autoDraw = True
48.1557 	EXP 	Rightimg: autoDraw = True
48.6228 	EXP 	Leftimg: autoDraw = False
48.6228 	EXP 	Rightimg: autoDraw = False
49.1910 	DATA 	Keypress: left
49.1921 	EXP 	New trial (rep=0, index=30): {'YLeftPos': 0, 'time_presentation': 0.5, 'XLeftPos': -300, 'XRightPos': 300, 'rightimg': u'2.jpg', 'YRightPos': 0, 'leftimg': u'4.jpg'}
49.2221 	EXP 	Leftimg: autoDraw = False
49.2221 	EXP 	Rightimg: autoDraw = False
49.2221 	EXP 	text: autoDraw = False
49.2221 	EXP 	Leftimg: pos = array([-300.,    0.])
49.2221 	EXP 	Leftimg: image = u'4.jpg'
49.2221 	EXP 	Rightimg: pos = array([ 300.,    0.])
49.2221 	EXP 	Rightimg: image = u'2.jpg'
49.2221 	EXP 	Leftimg: autoDraw = True
49.2221 	EXP 	Rightimg: autoDraw = True
49.7061 	EXP 	Leftimg: autoDraw = False
49.7061 	EXP 	Rightimg: autoDraw = False
50.0243 	DATA 	Keypress: right
50.0254 	EXP 	New trial (rep=0, index=31): {'YLeftPos': 0, 'time_presentation': 0.5, 'XLeftPos': -300, 'XRightPos': 300, 'rightimg': u'frogs/ab45.jpg', 'YRightPos': 0, 'leftimg': u'frogs/ab5.jpg'}
50.0392 	EXP 	Leftimg: autoDraw = False
50.0392 	EXP 	Rightimg: autoDraw = False
50.0392 	EXP 	text: autoDraw = False
50.0392 	EXP 	Leftimg: pos = array([-300.,    0.])
50.0392 	EXP 	Leftimg: image = u'frogs/ab5.jpg'
50.0392 	EXP 	Rightimg: pos = array([ 300.,    0.])
50.0392 	EXP 	Rightimg: image = u'frogs/ab45.jpg'
50.0392 	EXP 	Leftimg: autoDraw = True
50.0392 	EXP 	Rightimg: autoDraw = True
50.5392 	EXP 	Leftimg: autoDraw = False
50.5392 	EXP 	Rightimg: autoDraw = False
51.1408 	DATA 	Keypress: left
51.1419 	EXP 	New trial (rep=0, index=32): {'YLeftPos': 0, 'time_presentation': 0.5, 'XLeftPos': -300, 'XRightPos': 300, 'rightimg': u'frogs/ab77.jpg', 'YRightPos': 0, 'leftimg': u'frogs/ab37.jpg'}
51.1893 	EXP 	Leftimg: autoDraw = False
51.1893 	EXP 	Rightimg: autoDraw = False
51.1893 	EXP 	text: autoDraw = False
51.1893 	EXP 	Leftimg: pos = array([-300.,    0.])
51.1893 	EXP 	Leftimg: image = u'frogs/ab37.jpg'
51.1893 	EXP 	Rightimg: pos = array([ 300.,    0.])
51.1893 	EXP 	Rightimg: image = u'frogs/ab77.jpg'
51.1893 	EXP 	Leftimg: autoDraw = True
51.1893 	EXP 	Rightimg: autoDraw = True
51.6561 	EXP 	Leftimg: autoDraw = False
51.6561 	EXP 	Rightimg: autoDraw = False
52.0409 	DATA 	Keypress: right
52.0420 	EXP 	New trial (rep=0, index=33): {'YLeftPos': 0, 'time_presentation': 0.5, 'XLeftPos': -300, 'XRightPos': 300, 'rightimg': u'frogs/ab46.jpg', 'YRightPos': 0, 'leftimg': u'frogs/ab6.jpg'}
52.1225 	EXP 	Leftimg: autoDraw = False
52.1225 	EXP 	Rightimg: autoDraw = False
52.1225 	EXP 	text: autoDraw = False
52.1225 	EXP 	Leftimg: pos = array([-300.,    0.])
52.1225 	EXP 	Leftimg: image = u'frogs/ab6.jpg'
52.1225 	EXP 	Rightimg: pos = array([ 300.,    0.])
52.1225 	EXP 	Rightimg: image = u'frogs/ab46.jpg'
52.1225 	EXP 	Leftimg: autoDraw = True
52.1225 	EXP 	Rightimg: autoDraw = True
52.5561 	EXP 	Leftimg: autoDraw = False
52.5561 	EXP 	Rightimg: autoDraw = False
53.2409 	DATA 	Keypress: right
53.2420 	EXP 	New trial (rep=0, index=34): {'YLeftPos': 0, 'time_presentation': 0.5, 'XLeftPos': -300, 'XRightPos': 300, 'rightimg': u'frogs/ab42.jpg', 'YRightPos': 0, 'leftimg': u'frogs/ab2.jpg'}
53.5727 	EXP 	Leftimg: autoDraw = False
53.5727 	EXP 	Rightimg: autoDraw = False
53.5727 	EXP 	text: autoDraw = False
53.5727 	EXP 	Leftimg: pos = array([-300.,    0.])
53.5727 	EXP 	Leftimg: image = u'frogs/ab2.jpg'
53.5727 	EXP 	Rightimg: pos = array([ 300.,    0.])
53.5727 	EXP 	Rightimg: image = u'frogs/ab42.jpg'
53.5727 	EXP 	Leftimg: autoDraw = True
53.5727 	EXP 	Rightimg: autoDraw = True
53.7563 	EXP 	Leftimg: autoDraw = False
53.7563 	EXP 	Rightimg: autoDraw = False
54.2073 	DATA 	Keypress: left
54.2084 	EXP 	New trial (rep=0, index=35): {'YLeftPos': 0, 'time_presentation': 0.5, 'XLeftPos': -300, 'XRightPos': 300, 'rightimg': u'frogs/ab54.jpg', 'YRightPos': 0, 'leftimg': u'frogs/ab14.jpg'}
54.2562 	EXP 	Leftimg: autoDraw = False
54.2562 	EXP 	Rightimg: autoDraw = False
54.2562 	EXP 	text: autoDraw = False
54.2562 	EXP 	Leftimg: pos = array([-300.,    0.])
54.2562 	EXP 	Leftimg: image = u'frogs/ab14.jpg'
54.2562 	EXP 	Rightimg: pos = array([ 300.,    0.])
54.2562 	EXP 	Rightimg: image = u'frogs/ab54.jpg'
54.2562 	EXP 	Leftimg: autoDraw = True
54.2562 	EXP 	Rightimg: autoDraw = True
54.7227 	EXP 	Leftimg: autoDraw = False
54.7227 	EXP 	Rightimg: autoDraw = False
55.1075 	DATA 	Keypress: right
55.1084 	EXP 	New trial (rep=0, index=36): {'YLeftPos': 0, 'time_presentation': 0.5, 'XLeftPos': -300, 'XRightPos': 300, 'rightimg': u'frogs/ab64.jpg', 'YRightPos': 0, 'leftimg': u'frogs/ab24.jpg'}
55.1224 	EXP 	Leftimg: autoDraw = False
55.1224 	EXP 	Rightimg: autoDraw = False
55.1224 	EXP 	text: autoDraw = False
55.1224 	EXP 	Leftimg: pos = array([-300.,    0.])
55.1224 	EXP 	Leftimg: image = u'frogs/ab24.jpg'
55.1224 	EXP 	Rightimg: pos = array([ 300.,    0.])
55.1224 	EXP 	Rightimg: image = u'frogs/ab64.jpg'
55.1224 	EXP 	Leftimg: autoDraw = True
55.1224 	EXP 	Rightimg: autoDraw = True
55.6227 	EXP 	Leftimg: autoDraw = False
55.6227 	EXP 	Rightimg: autoDraw = False
56.0588 	DATA 	Keypress: right
56.0740 	EXP 	New trial (rep=0, index=37): {'YLeftPos': 0, 'time_presentation': 0.5, 'XLeftPos': -300, 'XRightPos': 300, 'rightimg': u'frogs/ab72.jpg', 'YRightPos': 0, 'leftimg': u'frogs/ab32.jpg'}
56.1053 	EXP 	Leftimg: autoDraw = False
56.1053 	EXP 	Rightimg: autoDraw = False
56.1053 	EXP 	text: autoDraw = False
56.1053 	EXP 	Leftimg: pos = array([-300.,    0.])
56.1053 	EXP 	Leftimg: image = u'frogs/ab32.jpg'
56.1053 	EXP 	Rightimg: pos = array([ 300.,    0.])
56.1053 	EXP 	Rightimg: image = u'frogs/ab72.jpg'
56.1053 	EXP 	Leftimg: autoDraw = True
56.1053 	EXP 	Rightimg: autoDraw = True
56.5894 	EXP 	Leftimg: autoDraw = False
56.5894 	EXP 	Rightimg: autoDraw = False
56.8748 	DATA 	Keypress: left
56.8906 	EXP 	New trial (rep=0, index=38): {'YLeftPos': 0, 'time_presentation': 0.5, 'XLeftPos': -300, 'XRightPos': 300, 'rightimg': u'frogs/ab58.jpg', 'YRightPos': 0, 'leftimg': u'frogs/ab18.jpg'}
57.0387 	EXP 	Leftimg: autoDraw = False
57.0387 	EXP 	Rightimg: autoDraw = False
57.0387 	EXP 	text: autoDraw = False
57.0387 	EXP 	Leftimg: pos = array([-300.,    0.])
57.0387 	EXP 	Leftimg: image = u'frogs/ab18.jpg'
57.0387 	EXP 	Rightimg: pos = array([ 300.,    0.])
57.0387 	EXP 	Rightimg: image = u'frogs/ab58.jpg'
57.0387 	EXP 	Leftimg: autoDraw = True
57.0387 	EXP 	Rightimg: autoDraw = True
57.4061 	EXP 	Leftimg: autoDraw = False
57.4061 	EXP 	Rightimg: autoDraw = False
57.8077 	DATA 	Keypress: right
57.8086 	EXP 	New trial (rep=0, index=39): {'YLeftPos': 0, 'time_presentation': 0.5, 'XLeftPos': -300, 'XRightPos': 300, 'rightimg': u'frogs/ab71.jpg', 'YRightPos': 0, 'leftimg': u'frogs/ab31.jpg'}
57.9061 	EXP 	Leftimg: autoDraw = False
57.9061 	EXP 	Rightimg: autoDraw = False
57.9061 	EXP 	text: autoDraw = False
57.9061 	EXP 	Leftimg: pos = array([-300.,    0.])
57.9061 	EXP 	Leftimg: image = u'frogs/ab31.jpg'
57.9061 	EXP 	Rightimg: pos = array([ 300.,    0.])
57.9061 	EXP 	Rightimg: image = u'frogs/ab71.jpg'
57.9061 	EXP 	Leftimg: autoDraw = True
57.9061 	EXP 	Rightimg: autoDraw = True
58.3227 	EXP 	Leftimg: autoDraw = False
58.3227 	EXP 	Rightimg: autoDraw = False
58.5905 	DATA 	Keypress: right
58.5917 	EXP 	New trial (rep=0, index=40): {'YLeftPos': 0, 'time_presentation': 0.5, 'XLeftPos': -300, 'XRightPos': 300, 'rightimg': u'frogs/ab69.jpg', 'YRightPos': 0, 'leftimg': u'frogs/ab29.jpg'}
58.6225 	EXP 	Leftimg: autoDraw = False
58.6225 	EXP 	Rightimg: autoDraw = False
58.6225 	EXP 	text: autoDraw = False
58.6225 	EXP 	Leftimg: pos = array([-300.,    0.])
58.6225 	EXP 	Leftimg: image = u'frogs/ab29.jpg'
58.6225 	EXP 	Rightimg: pos = array([ 300.,    0.])
58.6225 	EXP 	Rightimg: image = u'frogs/ab69.jpg'
58.6225 	EXP 	Leftimg: autoDraw = True
58.6225 	EXP 	Rightimg: autoDraw = True
59.1060 	EXP 	Leftimg: autoDraw = False
59.1060 	EXP 	Rightimg: autoDraw = False
59.4078 	DATA 	Keypress: left
59.4089 	EXP 	New trial (rep=0, index=41): {'YLeftPos': 0, 'time_presentation': 0.5, 'XLeftPos': -300, 'XRightPos': 300, 'rightimg': u'frogs/ab80.jpg', 'YRightPos': 0, 'leftimg': u'frogs/ab40.jpg'}
59.4394 	EXP 	Leftimg: autoDraw = False
59.4394 	EXP 	Rightimg: autoDraw = False
59.4394 	EXP 	text: autoDraw = False
59.4394 	EXP 	Leftimg: pos = array([-300.,    0.])
59.4394 	EXP 	Leftimg: image = u'frogs/ab40.jpg'
59.4394 	EXP 	Rightimg: pos = array([ 300.,    0.])
59.4394 	EXP 	Rightimg: image = u'frogs/ab80.jpg'
59.4394 	EXP 	Leftimg: autoDraw = True
59.4394 	EXP 	Rightimg: autoDraw = True
59.9227 	EXP 	Leftimg: autoDraw = False
59.9227 	EXP 	Rightimg: autoDraw = False
60.2079 	DATA 	Keypress: right
60.2090 	EXP 	New trial (rep=0, index=42): {'YLeftPos': 0, 'time_presentation': 0.5, 'XLeftPos': -300, 'XRightPos': 300, 'rightimg': u'frogs/ab76.jpg', 'YRightPos': 0, 'leftimg': u'frogs/ab36.jpg'}
60.2554 	EXP 	Leftimg: autoDraw = False
60.2554 	EXP 	Rightimg: autoDraw = False
60.2554 	EXP 	text: autoDraw = False
60.2554 	EXP 	Leftimg: pos = array([-300.,    0.])
60.2554 	EXP 	Leftimg: image = u'frogs/ab36.jpg'
60.2554 	EXP 	Rightimg: pos = array([ 300.,    0.])
60.2554 	EXP 	Rightimg: image = u'frogs/ab76.jpg'
60.2554 	EXP 	Leftimg: autoDraw = True
60.2554 	EXP 	Rightimg: autoDraw = True
60.7226 	EXP 	Leftimg: autoDraw = False
60.7226 	EXP 	Rightimg: autoDraw = False
61.0921 	DATA 	Keypress: left
61.1075 	EXP 	New trial (rep=0, index=43): {'YLeftPos': 0, 'time_presentation': 0.5, 'XLeftPos': -300, 'XRightPos': 300, 'rightimg': u'frogs/ab41.jpg', 'YRightPos': 0, 'leftimg': u'frogs/ab1.jpg'}
61.1394 	EXP 	Leftimg: autoDraw = False
61.1394 	EXP 	Rightimg: autoDraw = False
61.1394 	EXP 	text: autoDraw = False
61.1394 	EXP 	Leftimg: pos = array([-300.,    0.])
61.1394 	EXP 	Leftimg: image = u'frogs/ab1.jpg'
61.1394 	EXP 	Rightimg: pos = array([ 300.,    0.])
61.1394 	EXP 	Rightimg: image = u'frogs/ab41.jpg'
61.1394 	EXP 	Leftimg: autoDraw = True
61.1394 	EXP 	Rightimg: autoDraw = True
61.6226 	EXP 	Leftimg: autoDraw = False
61.6226 	EXP 	Rightimg: autoDraw = False
61.9746 	DATA 	Keypress: left
62.0416 	EXP 	window1: blendMode = 'avg'
62.0561 	EXP 	Leftimg: autoDraw = False
62.0561 	EXP 	Rightimg: autoDraw = False
62.0561 	EXP 	text: autoDraw = False
62.0561 	EXP 	text_3: autoDraw = True
62.0571 	EXP 	window1: blendMode = 'avg'
62.0737 	EXP 	window1: blendMode = 'avg'
62.0903 	EXP 	window1: blendMode = 'avg'
62.1070 	EXP 	window1: blendMode = 'avg'
62.1237 	EXP 	window1: blendMode = 'avg'
62.1404 	EXP 	window1: blendMode = 'avg'
62.1569 	EXP 	window1: blendMode = 'avg'
62.1736 	EXP 	window1: blendMode = 'avg'
62.1904 	EXP 	window1: blendMode = 'avg'
62.2069 	EXP 	window1: blendMode = 'avg'
62.2235 	EXP 	window1: blendMode = 'avg'
62.2403 	EXP 	window1: blendMode = 'avg'
62.2570 	EXP 	window1: blendMode = 'avg'
62.2737 	EXP 	window1: blendMode = 'avg'
62.2904 	EXP 	window1: blendMode = 'avg'
62.3071 	EXP 	window1: blendMode = 'avg'
62.3236 	EXP 	window1: blendMode = 'avg'
62.3404 	EXP 	window1: blendMode = 'avg'
62.3571 	EXP 	window1: blendMode = 'avg'
62.3736 	EXP 	window1: blendMode = 'avg'
62.3904 	EXP 	window1: blendMode = 'avg'
62.4070 	EXP 	window1: blendMode = 'avg'
62.4236 	EXP 	window1: blendMode = 'avg'
62.4403 	EXP 	window1: blendMode = 'avg'
62.4570 	EXP 	window1: blendMode = 'avg'
62.4737 	EXP 	window1: blendMode = 'avg'
62.4903 	EXP 	window1: blendMode = 'avg'
62.5070 	EXP 	window1: blendMode = 'avg'
62.5235 	EXP 	window1: blendMode = 'avg'
62.5403 	EXP 	window1: blendMode = 'avg'
62.5571 	EXP 	window1: blendMode = 'avg'
62.5737 	EXP 	window1: blendMode = 'avg'
62.5904 	EXP 	window1: blendMode = 'avg'
62.6069 	EXP 	window1: blendMode = 'avg'
62.6236 	EXP 	window1: blendMode = 'avg'
62.6403 	EXP 	window1: blendMode = 'avg'
62.6570 	EXP 	window1: blendMode = 'avg'
62.6738 	EXP 	window1: blendMode = 'avg'
62.6904 	EXP 	window1: blendMode = 'avg'
62.7070 	EXP 	window1: blendMode = 'avg'
62.7238 	EXP 	window1: blendMode = 'avg'
62.7405 	EXP 	window1: blendMode = 'avg'
62.7571 	EXP 	window1: blendMode = 'avg'
62.7736 	EXP 	window1: blendMode = 'avg'
62.7903 	EXP 	window1: blendMode = 'avg'
62.8070 	EXP 	window1: blendMode = 'avg'
62.8226 	EXP 	window1: blendMode = 'avg'
62.8402 	EXP 	window1: blendMode = 'avg'
62.8570 	EXP 	window1: blendMode = 'avg'
62.8737 	EXP 	window1: blendMode = 'avg'
62.8902 	EXP 	window1: blendMode = 'avg'
62.9070 	EXP 	window1: blendMode = 'avg'
62.9237 	EXP 	window1: blendMode = 'avg'
62.9404 	EXP 	window1: blendMode = 'avg'
62.9563 	EXP 	window1: blendMode = 'avg'
62.9735 	EXP 	window1: blendMode = 'avg'
62.9904 	EXP 	window1: blendMode = 'avg'
63.0069 	EXP 	window1: blendMode = 'avg'
63.0228 	EXP 	window1: blendMode = 'avg'
63.0396 	EXP 	window1: blendMode = 'avg'
63.0564 	EXP 	window1: blendMode = 'avg'
63.0732 	EXP 	window1: blendMode = 'avg'
63.0903 	EXP 	window1: blendMode = 'avg'
63.1071 	EXP 	window1: blendMode = 'avg'
63.1237 	EXP 	window1: blendMode = 'avg'
63.1404 	EXP 	window1: blendMode = 'avg'
63.1562 	EXP 	window1: blendMode = 'avg'
63.1730 	EXP 	window1: blendMode = 'avg'
63.1896 	EXP 	window1: blendMode = 'avg'
63.2059 	EXP 	window1: blendMode = 'avg'
63.2227 	EXP 	window1: blendMode = 'avg'
63.2395 	EXP 	window1: blendMode = 'avg'
63.2573 	EXP 	window1: blendMode = 'avg'
63.2734 	EXP 	window1: blendMode = 'avg'
63.2903 	EXP 	window1: blendMode = 'avg'
63.3071 	EXP 	window1: blendMode = 'avg'
63.3237 	EXP 	window1: blendMode = 'avg'
63.3404 	EXP 	window1: blendMode = 'avg'
63.3568 	EXP 	window1: blendMode = 'avg'
63.3737 	EXP 	window1: blendMode = 'avg'
63.3905 	EXP 	window1: blendMode = 'avg'
63.4068 	EXP 	window1: blendMode = 'avg'
63.4238 	EXP 	window1: blendMode = 'avg'
63.4404 	EXP 	window1: blendMode = 'avg'
63.4571 	EXP 	window1: blendMode = 'avg'
63.4731 	EXP 	window1: blendMode = 'avg'
63.4902 	EXP 	window1: blendMode = 'avg'
63.5071 	EXP 	window1: blendMode = 'avg'
63.5232 	EXP 	window1: blendMode = 'avg'
63.5394 	EXP 	window1: blendMode = 'avg'
63.5571 	EXP 	window1: blendMode = 'avg'
63.5736 	EXP 	window1: blendMode = 'avg'
63.5903 	EXP 	window1: blendMode = 'avg'
63.6071 	EXP 	window1: blendMode = 'avg'
63.6237 	EXP 	window1: blendMode = 'avg'
63.6404 	EXP 	window1: blendMode = 'avg'
63.6564 	EXP 	window1: blendMode = 'avg'
63.6738 	EXP 	window1: blendMode = 'avg'
63.6904 	EXP 	window1: blendMode = 'avg'
63.7071 	EXP 	window1: blendMode = 'avg'
63.7237 	EXP 	window1: blendMode = 'avg'
63.7403 	EXP 	window1: blendMode = 'avg'
63.7570 	EXP 	window1: blendMode = 'avg'
63.7736 	EXP 	window1: blendMode = 'avg'
63.7902 	EXP 	window1: blendMode = 'avg'
63.8070 	EXP 	window1: blendMode = 'avg'
63.8225 	EXP 	window1: blendMode = 'avg'
63.8404 	EXP 	window1: blendMode = 'avg'
63.8569 	EXP 	window1: blendMode = 'avg'
63.8736 	EXP 	window1: blendMode = 'avg'
63.8904 	EXP 	window1: blendMode = 'avg'
63.9071 	EXP 	window1: blendMode = 'avg'
63.9238 	EXP 	window1: blendMode = 'avg'
63.9403 	EXP 	window1: blendMode = 'avg'
63.9571 	EXP 	window1: blendMode = 'avg'
63.9734 	DATA 	Keypress: escape
64.0787 	EXP 	window1: mouseVisible = True
