13.3189 	EXP 	Created window1 = Window(allowGUI=False, allowStencil=False, autoLog=True, bitsMode=UNKNOWN, blendMode='avg', color=array([ 0.,  0.,  0.]), colorSpace='rgb', fullscr=UNKNOWN, gamma=None, lms=UNKNOWN, monitor=<psychopy.monitors.calibTools.Monitor object at 0x11471c410>, multiSample=False, name='window1', numSamples=2, pos=[0, 0], screen=0, size=array([1440,  900]), stereo=False, units=u'norm', useFBO=True, useRetina=False, viewOri=0.0, viewPos=None, viewScale=None, waitBlanking=True, winType='pyglet')
13.3190 	EXP 	window1: recordFrameIntervals = False
13.4847 	EXP 	window1: recordFrameIntervals = True
13.6685 	EXP 	window1: recordFrameIntervals = False
13.7536 	EXP 	Created text_2 = TextStim(alignHoriz='center', alignVert='center', antialias=True, autoLog=True, bold=False, color='white', colorSpace='named', contrast=1.0, depth=0.0, flipHoriz=False, flipVert=False, font='Arial', fontFiles=[], height=0.1, italic=False, name='text_2', opacity=1.0, ori=0, pos=array([ 0.,  0.]), rgb=array([ 255.,  255.,  255.]), text=unicode(...), units=u'norm', win=Window(...), wrapWidth=1)
13.7551 	EXP 	Created Leftimg = ImageStim(autoLog=True, color=array([ 1.,  1.,  1.]), colorSpace='rgb', contrast=1.0, depth=0.0, flipHoriz=False, flipVert=False, image='sin', interpolate=True, mask=None, maskParams=None, name='Leftimg', opacity=1.0, ori=0.0, pos=array([ 0.,  0.]), size=array([ 400.,  400.]), texRes=128, units='pix', win=Window(...))
13.7562 	EXP 	Created Rightimg = ImageStim(autoLog=True, color=array([ 1.,  1.,  1.]), colorSpace='rgb', contrast=1.0, depth=-1.0, flipHoriz=False, flipVert=False, image='sin', interpolate=True, mask=None, maskParams=None, name='Rightimg', opacity=1.0, ori=0.0, pos=array([ 0.,  0.]), size=array([ 400.,  400.]), texRes=128, units='pix', win=Window(...))
13.7659 	EXP 	Created text = TextStim(alignHoriz='center', alignVert='center', antialias=True, autoLog=True, bold=False, color='white', colorSpace='named', contrast=1.0, depth=-4.0, flipHoriz=False, flipVert=False, font='Arial', fontFiles=[], height=0.05, italic=False, name='text', opacity=1.0, ori=0, pos=array([ 0.,  0.]), rgb=array([ 255.,  255.,  255.]), text=u'to proceed press the space bar.', units=u'norm', win=Window(...), wrapWidth=1)
13.7753 	EXP 	Created text_3 = TextStim(alignHoriz='center', alignVert='center', antialias=True, autoLog=True, bold=False, color='white', colorSpace='named', contrast=1.0, depth=0.0, flipHoriz=False, flipVert=False, font='Arial', fontFiles=[], height=0.1, italic=False, name='text_3', opacity=1.0, ori=0, pos=array([ 0.,  0.]), rgb=array([ 255.,  255.,  255.]), text=unicode(...), units=u'norm', win=Window(...), wrapWidth=1)
13.7799 	EXP 	window1: blendMode = 'avg'
13.8017 	EXP 	text_2: autoDraw = True
13.8053 	EXP 	window1: blendMode = 'avg'
13.8190 	EXP 	window1: blendMode = 'avg'
13.8348 	EXP 	window1: blendMode = 'avg'
13.8523 	EXP 	window1: blendMode = 'avg'
13.8688 	EXP 	window1: blendMode = 'avg'
13.8860 	EXP 	window1: blendMode = 'avg'
13.9026 	EXP 	window1: blendMode = 'avg'
13.9189 	EXP 	window1: blendMode = 'avg'
13.9358 	EXP 	window1: blendMode = 'avg'
13.9523 	EXP 	window1: blendMode = 'avg'
13.9690 	EXP 	window1: blendMode = 'avg'
13.9858 	EXP 	window1: blendMode = 'avg'
14.0022 	EXP 	window1: blendMode = 'avg'
14.0189 	EXP 	window1: blendMode = 'avg'
14.0358 	EXP 	window1: blendMode = 'avg'
14.0522 	EXP 	window1: blendMode = 'avg'
14.0690 	EXP 	window1: blendMode = 'avg'
14.0857 	EXP 	window1: blendMode = 'avg'
14.1024 	EXP 	window1: blendMode = 'avg'
14.1191 	EXP 	window1: blendMode = 'avg'
14.1357 	EXP 	window1: blendMode = 'avg'
14.1523 	EXP 	window1: blendMode = 'avg'
14.1690 	EXP 	window1: blendMode = 'avg'
14.1857 	EXP 	window1: blendMode = 'avg'
14.2023 	EXP 	window1: blendMode = 'avg'
14.2190 	EXP 	window1: blendMode = 'avg'
14.2358 	EXP 	window1: blendMode = 'avg'
14.2523 	EXP 	window1: blendMode = 'avg'
14.2690 	EXP 	window1: blendMode = 'avg'
14.2857 	EXP 	window1: blendMode = 'avg'
14.3023 	EXP 	window1: blendMode = 'avg'
14.3190 	EXP 	window1: blendMode = 'avg'
14.3358 	EXP 	window1: blendMode = 'avg'
14.3523 	EXP 	window1: blendMode = 'avg'
14.3691 	EXP 	window1: blendMode = 'avg'
14.3856 	EXP 	window1: blendMode = 'avg'
14.4023 	EXP 	window1: blendMode = 'avg'
14.4180 	EXP 	window1: blendMode = 'avg'
14.4357 	EXP 	window1: blendMode = 'avg'
14.4524 	EXP 	window1: blendMode = 'avg'
14.4690 	EXP 	window1: blendMode = 'avg'
14.4857 	EXP 	window1: blendMode = 'avg'
14.5024 	EXP 	window1: blendMode = 'avg'
14.5189 	EXP 	window1: blendMode = 'avg'
14.5357 	EXP 	window1: blendMode = 'avg'
14.5525 	EXP 	window1: blendMode = 'avg'
14.5691 	EXP 	window1: blendMode = 'avg'
14.5859 	EXP 	window1: blendMode = 'avg'
14.6024 	EXP 	window1: blendMode = 'avg'
14.6189 	EXP 	window1: blendMode = 'avg'
14.6358 	EXP 	window1: blendMode = 'avg'
14.6522 	EXP 	window1: blendMode = 'avg'
14.6694 	EXP 	window1: blendMode = 'avg'
14.6856 	EXP 	window1: blendMode = 'avg'
14.7024 	EXP 	window1: blendMode = 'avg'
14.7191 	EXP 	window1: blendMode = 'avg'
14.7358 	EXP 	window1: blendMode = 'avg'
14.7518 	EXP 	window1: blendMode = 'avg'
14.7690 	EXP 	window1: blendMode = 'avg'
14.7854 	EXP 	window1: blendMode = 'avg'
14.8022 	EXP 	window1: blendMode = 'avg'
14.8189 	EXP 	window1: blendMode = 'avg'
14.8359 	EXP 	window1: blendMode = 'avg'
14.8524 	EXP 	window1: blendMode = 'avg'
14.8692 	EXP 	window1: blendMode = 'avg'
14.8857 	EXP 	window1: blendMode = 'avg'
14.9024 	EXP 	window1: blendMode = 'avg'
14.9191 	EXP 	window1: blendMode = 'avg'
14.9358 	EXP 	window1: blendMode = 'avg'
14.9523 	EXP 	window1: blendMode = 'avg'
14.9691 	EXP 	window1: blendMode = 'avg'
14.9856 	EXP 	window1: blendMode = 'avg'
15.0023 	EXP 	window1: blendMode = 'avg'
15.0190 	EXP 	window1: blendMode = 'avg'
15.0358 	EXP 	window1: blendMode = 'avg'
15.0523 	EXP 	window1: blendMode = 'avg'
15.0691 	EXP 	window1: blendMode = 'avg'
15.0856 	EXP 	window1: blendMode = 'avg'
15.1023 	EXP 	window1: blendMode = 'avg'
15.1190 	EXP 	window1: blendMode = 'avg'
15.1357 	EXP 	window1: blendMode = 'avg'
15.1524 	EXP 	window1: blendMode = 'avg'
15.1690 	EXP 	window1: blendMode = 'avg'
15.1857 	EXP 	window1: blendMode = 'avg'
15.2024 	EXP 	window1: blendMode = 'avg'
15.2191 	EXP 	window1: blendMode = 'avg'
15.2358 	EXP 	window1: blendMode = 'avg'
15.2523 	EXP 	window1: blendMode = 'avg'
15.2691 	EXP 	window1: blendMode = 'avg'
15.2857 	EXP 	window1: blendMode = 'avg'
15.3025 	EXP 	window1: blendMode = 'avg'
15.3190 	EXP 	window1: blendMode = 'avg'
15.3358 	EXP 	window1: blendMode = 'avg'
15.3523 	EXP 	window1: blendMode = 'avg'
15.3691 	EXP 	window1: blendMode = 'avg'
15.3856 	EXP 	window1: blendMode = 'avg'
15.4023 	EXP 	window1: blendMode = 'avg'
15.4197 	EXP 	window1: blendMode = 'avg'
15.4355 	EXP 	window1: blendMode = 'avg'
15.4522 	EXP 	window1: blendMode = 'avg'
15.4690 	EXP 	window1: blendMode = 'avg'
15.4857 	EXP 	window1: blendMode = 'avg'
15.5025 	EXP 	window1: blendMode = 'avg'
15.5188 	EXP 	window1: blendMode = 'avg'
15.5356 	EXP 	window1: blendMode = 'avg'
15.5524 	EXP 	window1: blendMode = 'avg'
15.5691 	EXP 	window1: blendMode = 'avg'
15.5856 	EXP 	window1: blendMode = 'avg'
15.6023 	EXP 	window1: blendMode = 'avg'
15.6191 	EXP 	window1: blendMode = 'avg'
15.6356 	EXP 	window1: blendMode = 'avg'
15.6524 	EXP 	window1: blendMode = 'avg'
15.6689 	EXP 	window1: blendMode = 'avg'
15.6856 	EXP 	window1: blendMode = 'avg'
15.7024 	EXP 	window1: blendMode = 'avg'
15.7191 	EXP 	window1: blendMode = 'avg'
15.7358 	EXP 	window1: blendMode = 'avg'
15.7515 	EXP 	window1: blendMode = 'avg'
15.7691 	EXP 	window1: blendMode = 'avg'
15.7857 	EXP 	window1: blendMode = 'avg'
15.8024 	EXP 	window1: blendMode = 'avg'
15.8189 	EXP 	window1: blendMode = 'avg'
15.8357 	EXP 	window1: blendMode = 'avg'
15.8524 	EXP 	window1: blendMode = 'avg'
15.8689 	EXP 	window1: blendMode = 'avg'
15.8857 	EXP 	window1: blendMode = 'avg'
15.9022 	EXP 	window1: blendMode = 'avg'
15.9181 	EXP 	window1: blendMode = 'avg'
15.9347 	EXP 	window1: blendMode = 'avg'
15.9513 	EXP 	window1: blendMode = 'avg'
15.9691 	EXP 	window1: blendMode = 'avg'
15.9856 	EXP 	window1: blendMode = 'avg'
16.0024 	EXP 	window1: blendMode = 'avg'
16.0191 	EXP 	window1: blendMode = 'avg'
16.0354 	EXP 	window1: blendMode = 'avg'
16.0522 	EXP 	window1: blendMode = 'avg'
16.0689 	EXP 	window1: blendMode = 'avg'
16.0856 	EXP 	window1: blendMode = 'avg'
16.1016 	EXP 	window1: blendMode = 'avg'
16.1188 	EXP 	window1: blendMode = 'avg'
16.1356 	EXP 	window1: blendMode = 'avg'
16.1524 	EXP 	window1: blendMode = 'avg'
16.1690 	EXP 	window1: blendMode = 'avg'
16.1856 	EXP 	window1: blendMode = 'avg'
16.2024 	EXP 	window1: blendMode = 'avg'
16.2190 	EXP 	window1: blendMode = 'avg'
16.2358 	EXP 	window1: blendMode = 'avg'
16.2523 	EXP 	window1: blendMode = 'avg'
16.2691 	EXP 	window1: blendMode = 'avg'
16.2856 	EXP 	window1: blendMode = 'avg'
16.3023 	EXP 	window1: blendMode = 'avg'
16.3190 	EXP 	window1: blendMode = 'avg'
16.3357 	EXP 	window1: blendMode = 'avg'
16.3524 	EXP 	window1: blendMode = 'avg'
16.3691 	EXP 	window1: blendMode = 'avg'
16.3855 	EXP 	window1: blendMode = 'avg'
16.4023 	EXP 	window1: blendMode = 'avg'
16.4191 	EXP 	window1: blendMode = 'avg'
16.4359 	EXP 	window1: blendMode = 'avg'
16.4524 	EXP 	window1: blendMode = 'avg'
16.4690 	EXP 	window1: blendMode = 'avg'
16.4856 	EXP 	window1: blendMode = 'avg'
16.5023 	EXP 	window1: blendMode = 'avg'
16.5191 	EXP 	window1: blendMode = 'avg'
16.5356 	EXP 	window1: blendMode = 'avg'
16.5517 	EXP 	window1: blendMode = 'avg'
16.5689 	EXP 	window1: blendMode = 'avg'
16.5857 	EXP 	window1: blendMode = 'avg'
16.6024 	EXP 	window1: blendMode = 'avg'
16.6189 	EXP 	window1: blendMode = 'avg'
16.6356 	EXP 	window1: blendMode = 'avg'
16.6524 	EXP 	window1: blendMode = 'avg'
16.6687 	EXP 	window1: blendMode = 'avg'
16.6855 	EXP 	window1: blendMode = 'avg'
16.7024 	EXP 	window1: blendMode = 'avg'
16.7191 	EXP 	window1: blendMode = 'avg'
16.7358 	EXP 	window1: blendMode = 'avg'
16.7522 	EXP 	window1: blendMode = 'avg'
16.7690 	EXP 	window1: blendMode = 'avg'
16.7857 	EXP 	window1: blendMode = 'avg'
16.8023 	EXP 	window1: blendMode = 'avg'
16.8190 	EXP 	window1: blendMode = 'avg'
16.8353 	EXP 	window1: blendMode = 'avg'
16.8516 	EXP 	window1: blendMode = 'avg'
16.8679 	EXP 	window1: blendMode = 'avg'
16.8855 	EXP 	window1: blendMode = 'avg'
16.9022 	EXP 	window1: blendMode = 'avg'
16.9190 	EXP 	window1: blendMode = 'avg'
16.9356 	EXP 	window1: blendMode = 'avg'
16.9523 	EXP 	window1: blendMode = 'avg'
16.9690 	EXP 	window1: blendMode = 'avg'
16.9857 	EXP 	window1: blendMode = 'avg'
17.0020 	EXP 	window1: blendMode = 'avg'
17.0190 	EXP 	window1: blendMode = 'avg'
17.0356 	EXP 	window1: blendMode = 'avg'
17.0524 	EXP 	window1: blendMode = 'avg'
17.0689 	EXP 	window1: blendMode = 'avg'
17.0857 	EXP 	window1: blendMode = 'avg'
17.1022 	EXP 	window1: blendMode = 'avg'
17.1188 	EXP 	window1: blendMode = 'avg'
17.1356 	EXP 	window1: blendMode = 'avg'
17.1524 	EXP 	window1: blendMode = 'avg'
17.1689 	EXP 	window1: blendMode = 'avg'
17.1856 	EXP 	window1: blendMode = 'avg'
17.2016 	EXP 	window1: blendMode = 'avg'
17.2190 	EXP 	window1: blendMode = 'avg'
17.2357 	EXP 	window1: blendMode = 'avg'
17.2521 	EXP 	window1: blendMode = 'avg'
17.2680 	EXP 	window1: blendMode = 'avg'
17.2856 	EXP 	window1: blendMode = 'avg'
17.3024 	EXP 	window1: blendMode = 'avg'
17.3190 	EXP 	window1: blendMode = 'avg'
17.3357 	EXP 	window1: blendMode = 'avg'
17.3524 	EXP 	window1: blendMode = 'avg'
17.3679 	EXP 	window1: blendMode = 'avg'
17.3855 	EXP 	window1: blendMode = 'avg'
17.4022 	EXP 	window1: blendMode = 'avg'
17.4190 	EXP 	window1: blendMode = 'avg'
17.4356 	EXP 	window1: blendMode = 'avg'
17.4517 	EXP 	window1: blendMode = 'avg'
17.4688 	EXP 	window1: blendMode = 'avg'
17.4855 	EXP 	window1: blendMode = 'avg'
17.5024 	EXP 	window1: blendMode = 'avg'
17.5189 	EXP 	window1: blendMode = 'avg'
17.5358 	EXP 	window1: blendMode = 'avg'
17.5523 	EXP 	window1: blendMode = 'avg'
17.5690 	EXP 	window1: blendMode = 'avg'
17.5857 	EXP 	window1: blendMode = 'avg'
17.6023 	EXP 	window1: blendMode = 'avg'
17.6188 	EXP 	window1: blendMode = 'avg'
17.6356 	EXP 	window1: blendMode = 'avg'
17.6524 	EXP 	window1: blendMode = 'avg'
17.6689 	EXP 	window1: blendMode = 'avg'
17.6859 	EXP 	window1: blendMode = 'avg'
17.7024 	EXP 	window1: blendMode = 'avg'
17.7190 	EXP 	window1: blendMode = 'avg'
17.7363 	EXP 	window1: blendMode = 'avg'
17.7521 	EXP 	window1: blendMode = 'avg'
17.7688 	EXP 	window1: blendMode = 'avg'
17.7855 	EXP 	window1: blendMode = 'avg'
17.8015 	EXP 	window1: blendMode = 'avg'
17.8187 	EXP 	window1: blendMode = 'avg'
17.8349 	EXP 	window1: blendMode = 'avg'
17.8523 	EXP 	window1: blendMode = 'avg'
17.8690 	EXP 	window1: blendMode = 'avg'
17.8858 	EXP 	window1: blendMode = 'avg'
17.9023 	EXP 	window1: blendMode = 'avg'
17.9190 	EXP 	window1: blendMode = 'avg'
17.9351 	EXP 	window1: blendMode = 'avg'
17.9522 	EXP 	window1: blendMode = 'avg'
17.9690 	EXP 	window1: blendMode = 'avg'
17.9850 	EXP 	window1: blendMode = 'avg'
18.0021 	EXP 	window1: blendMode = 'avg'
18.0189 	EXP 	window1: blendMode = 'avg'
18.0357 	EXP 	window1: blendMode = 'avg'
18.0524 	EXP 	window1: blendMode = 'avg'
18.0691 	EXP 	window1: blendMode = 'avg'
18.0856 	EXP 	window1: blendMode = 'avg'
18.1022 	EXP 	window1: blendMode = 'avg'
18.1188 	EXP 	window1: blendMode = 'avg'
18.1355 	EXP 	window1: blendMode = 'avg'
18.1523 	EXP 	window1: blendMode = 'avg'
18.1691 	EXP 	window1: blendMode = 'avg'
18.1856 	EXP 	window1: blendMode = 'avg'
18.2019 	EXP 	window1: blendMode = 'avg'
18.2186 	EXP 	window1: blendMode = 'avg'
18.2347 	EXP 	window1: blendMode = 'avg'
18.2523 	EXP 	window1: blendMode = 'avg'
18.2691 	EXP 	window1: blendMode = 'avg'
18.2856 	EXP 	window1: blendMode = 'avg'
18.3023 	EXP 	window1: blendMode = 'avg'
18.3182 	EXP 	window1: blendMode = 'avg'
18.3350 	EXP 	window1: blendMode = 'avg'
18.3516 	EXP 	window1: blendMode = 'avg'
18.3690 	EXP 	window1: blendMode = 'avg'
18.3857 	EXP 	window1: blendMode = 'avg'
18.4022 	EXP 	window1: blendMode = 'avg'
18.4190 	EXP 	window1: blendMode = 'avg'
18.4352 	EXP 	window1: blendMode = 'avg'
18.4515 	EXP 	window1: blendMode = 'avg'
18.4685 	EXP 	window1: blendMode = 'avg'
18.4848 	EXP 	window1: blendMode = 'avg'
18.5011 	EXP 	window1: blendMode = 'avg'
18.5176 	EXP 	window1: blendMode = 'avg'
18.5346 	EXP 	window1: blendMode = 'avg'
18.5514 	EXP 	window1: blendMode = 'avg'
18.5676 	EXP 	window1: blendMode = 'avg'
18.5847 	EXP 	window1: blendMode = 'avg'
18.6020 	EXP 	window1: blendMode = 'avg'
18.6180 	EXP 	window1: blendMode = 'avg'
18.6356 	EXP 	window1: blendMode = 'avg'
18.6515 	EXP 	window1: blendMode = 'avg'
18.6689 	EXP 	window1: blendMode = 'avg'
18.6857 	EXP 	window1: blendMode = 'avg'
18.7024 	EXP 	window1: blendMode = 'avg'
18.7189 	EXP 	window1: blendMode = 'avg'
18.7356 	EXP 	window1: blendMode = 'avg'
18.7524 	EXP 	window1: blendMode = 'avg'
18.7689 	EXP 	window1: blendMode = 'avg'
18.7851 	EXP 	window1: blendMode = 'avg'
18.8023 	EXP 	window1: blendMode = 'avg'
18.8190 	EXP 	window1: blendMode = 'avg'
18.8347 	EXP 	window1: blendMode = 'avg'
18.8522 	EXP 	window1: blendMode = 'avg'
18.8689 	EXP 	window1: blendMode = 'avg'
18.8857 	EXP 	window1: blendMode = 'avg'
18.9022 	EXP 	window1: blendMode = 'avg'
18.9190 	EXP 	window1: blendMode = 'avg'
18.9355 	EXP 	window1: blendMode = 'avg'
18.9521 	EXP 	window1: blendMode = 'avg'
18.9690 	EXP 	window1: blendMode = 'avg'
18.9857 	EXP 	window1: blendMode = 'avg'
19.0012 	EXP 	window1: blendMode = 'avg'
19.0190 	EXP 	window1: blendMode = 'avg'
19.0357 	EXP 	window1: blendMode = 'avg'
19.0522 	EXP 	window1: blendMode = 'avg'
19.0689 	EXP 	window1: blendMode = 'avg'
19.0857 	EXP 	window1: blendMode = 'avg'
19.1023 	EXP 	window1: blendMode = 'avg'
19.1181 	EXP 	window1: blendMode = 'avg'
19.1350 	EXP 	window1: blendMode = 'avg'
19.1524 	EXP 	window1: blendMode = 'avg'
19.1690 	EXP 	window1: blendMode = 'avg'
19.1857 	EXP 	window1: blendMode = 'avg'
19.2022 	EXP 	window1: blendMode = 'avg'
19.2189 	EXP 	window1: blendMode = 'avg'
19.2357 	EXP 	window1: blendMode = 'avg'
19.2524 	EXP 	window1: blendMode = 'avg'
19.2689 	EXP 	window1: blendMode = 'avg'
19.2856 	EXP 	window1: blendMode = 'avg'
19.3023 	EXP 	window1: blendMode = 'avg'
19.3191 	EXP 	window1: blendMode = 'avg'
19.3356 	EXP 	window1: blendMode = 'avg'
19.3523 	EXP 	window1: blendMode = 'avg'
19.3688 	EXP 	window1: blendMode = 'avg'
19.3857 	EXP 	window1: blendMode = 'avg'
19.4024 	EXP 	window1: blendMode = 'avg'
19.4191 	EXP 	window1: blendMode = 'avg'
19.4357 	EXP 	window1: blendMode = 'avg'
19.4522 	EXP 	window1: blendMode = 'avg'
19.4691 	EXP 	window1: blendMode = 'avg'
19.4856 	EXP 	window1: blendMode = 'avg'
19.5022 	EXP 	window1: blendMode = 'avg'
19.5189 	EXP 	window1: blendMode = 'avg'
19.5357 	EXP 	window1: blendMode = 'avg'
19.5523 	EXP 	window1: blendMode = 'avg'
19.5691 	EXP 	window1: blendMode = 'avg'
19.5856 	EXP 	window1: blendMode = 'avg'
19.6023 	EXP 	window1: blendMode = 'avg'
19.6190 	EXP 	window1: blendMode = 'avg'
19.6356 	EXP 	window1: blendMode = 'avg'
19.6523 	EXP 	window1: blendMode = 'avg'
19.6690 	EXP 	window1: blendMode = 'avg'
19.6855 	EXP 	window1: blendMode = 'avg'
19.7024 	EXP 	window1: blendMode = 'avg'
19.7189 	EXP 	window1: blendMode = 'avg'
19.7356 	EXP 	window1: blendMode = 'avg'
19.7522 	EXP 	window1: blendMode = 'avg'
19.7690 	EXP 	window1: blendMode = 'avg'
19.7865 	EXP 	window1: blendMode = 'avg'
19.8018 	EXP 	window1: blendMode = 'avg'
19.8196 	EXP 	window1: blendMode = 'avg'
19.8362 	EXP 	window1: blendMode = 'avg'
19.8523 	EXP 	window1: blendMode = 'avg'
19.8689 	EXP 	window1: blendMode = 'avg'
19.8857 	EXP 	window1: blendMode = 'avg'
19.9022 	EXP 	window1: blendMode = 'avg'
19.9189 	EXP 	window1: blendMode = 'avg'
19.9358 	EXP 	window1: blendMode = 'avg'
19.9523 	EXP 	window1: blendMode = 'avg'
19.9689 	EXP 	window1: blendMode = 'avg'
19.9857 	EXP 	window1: blendMode = 'avg'
20.0022 	EXP 	window1: blendMode = 'avg'
20.0189 	EXP 	window1: blendMode = 'avg'
20.0356 	EXP 	window1: blendMode = 'avg'
20.0523 	EXP 	window1: blendMode = 'avg'
20.0690 	EXP 	window1: blendMode = 'avg'
20.0857 	EXP 	window1: blendMode = 'avg'
20.1020 	EXP 	window1: blendMode = 'avg'
20.1188 	EXP 	window1: blendMode = 'avg'
20.1357 	EXP 	window1: blendMode = 'avg'
20.1522 	EXP 	window1: blendMode = 'avg'
20.1689 	EXP 	window1: blendMode = 'avg'
20.1857 	EXP 	window1: blendMode = 'avg'
20.2022 	EXP 	window1: blendMode = 'avg'
20.2190 	EXP 	window1: blendMode = 'avg'
20.2357 	EXP 	window1: blendMode = 'avg'
20.2523 	EXP 	window1: blendMode = 'avg'
20.2690 	EXP 	window1: blendMode = 'avg'
20.2855 	EXP 	window1: blendMode = 'avg'
20.3023 	EXP 	window1: blendMode = 'avg'
20.3189 	EXP 	window1: blendMode = 'avg'
20.3356 	EXP 	window1: blendMode = 'avg'
20.3524 	EXP 	window1: blendMode = 'avg'
20.3689 	EXP 	window1: blendMode = 'avg'
20.3857 	EXP 	window1: blendMode = 'avg'
20.4022 	EXP 	window1: blendMode = 'avg'
20.4189 	EXP 	window1: blendMode = 'avg'
20.4356 	EXP 	window1: blendMode = 'avg'
20.4512 	EXP 	window1: blendMode = 'avg'
20.4690 	EXP 	window1: blendMode = 'avg'
20.4857 	EXP 	window1: blendMode = 'avg'
20.5023 	EXP 	window1: blendMode = 'avg'
20.5190 	EXP 	window1: blendMode = 'avg'
20.5360 	EXP 	window1: blendMode = 'avg'
20.5521 	EXP 	window1: blendMode = 'avg'
20.5688 	EXP 	window1: blendMode = 'avg'
20.5857 	EXP 	window1: blendMode = 'avg'
20.6024 	EXP 	window1: blendMode = 'avg'
20.6189 	EXP 	window1: blendMode = 'avg'
20.6356 	EXP 	window1: blendMode = 'avg'
20.6524 	EXP 	window1: blendMode = 'avg'
20.6689 	EXP 	window1: blendMode = 'avg'
20.6857 	EXP 	window1: blendMode = 'avg'
20.7023 	EXP 	window1: blendMode = 'avg'
20.7190 	EXP 	window1: blendMode = 'avg'
20.7357 	EXP 	window1: blendMode = 'avg'
20.7522 	EXP 	window1: blendMode = 'avg'
20.7689 	EXP 	window1: blendMode = 'avg'
20.7855 	EXP 	window1: blendMode = 'avg'
20.8023 	EXP 	window1: blendMode = 'avg'
20.8190 	EXP 	window1: blendMode = 'avg'
20.8357 	EXP 	window1: blendMode = 'avg'
20.8522 	EXP 	window1: blendMode = 'avg'
20.8690 	EXP 	window1: blendMode = 'avg'
20.8855 	EXP 	window1: blendMode = 'avg'
20.9024 	EXP 	window1: blendMode = 'avg'
20.9189 	EXP 	window1: blendMode = 'avg'
20.9356 	EXP 	window1: blendMode = 'avg'
20.9523 	EXP 	window1: blendMode = 'avg'
20.9690 	EXP 	window1: blendMode = 'avg'
20.9857 	EXP 	window1: blendMode = 'avg'
21.0024 	EXP 	window1: blendMode = 'avg'
21.0189 	EXP 	window1: blendMode = 'avg'
21.0357 	EXP 	window1: blendMode = 'avg'
21.0516 	EXP 	window1: blendMode = 'avg'
21.0688 	EXP 	window1: blendMode = 'avg'
21.0857 	EXP 	window1: blendMode = 'avg'
21.1023 	EXP 	window1: blendMode = 'avg'
21.1190 	EXP 	window1: blendMode = 'avg'
21.1354 	EXP 	window1: blendMode = 'avg'
21.1523 	EXP 	window1: blendMode = 'avg'
21.1690 	EXP 	window1: blendMode = 'avg'
21.1855 	EXP 	window1: blendMode = 'avg'
21.2023 	EXP 	window1: blendMode = 'avg'
21.2190 	EXP 	window1: blendMode = 'avg'
21.2356 	EXP 	window1: blendMode = 'avg'
21.2525 	EXP 	window1: blendMode = 'avg'
21.2688 	EXP 	window1: blendMode = 'avg'
21.2854 	EXP 	window1: blendMode = 'avg'
21.3022 	EXP 	window1: blendMode = 'avg'
21.3189 	EXP 	window1: blendMode = 'avg'
21.3356 	EXP 	window1: blendMode = 'avg'
21.3523 	EXP 	window1: blendMode = 'avg'
21.3689 	EXP 	window1: blendMode = 'avg'
21.3855 	EXP 	window1: blendMode = 'avg'
21.4022 	EXP 	window1: blendMode = 'avg'
21.4189 	EXP 	window1: blendMode = 'avg'
21.4357 	EXP 	window1: blendMode = 'avg'
21.4523 	EXP 	window1: blendMode = 'avg'
21.4689 	EXP 	window1: blendMode = 'avg'
21.4856 	EXP 	window1: blendMode = 'avg'
21.5023 	EXP 	window1: blendMode = 'avg'
21.5190 	EXP 	window1: blendMode = 'avg'
21.5357 	EXP 	window1: blendMode = 'avg'
21.5522 	EXP 	window1: blendMode = 'avg'
21.5689 	EXP 	window1: blendMode = 'avg'
21.5846 	EXP 	window1: blendMode = 'avg'
21.6022 	EXP 	window1: blendMode = 'avg'
21.6190 	EXP 	window1: blendMode = 'avg'
21.6355 	EXP 	window1: blendMode = 'avg'
21.6522 	EXP 	window1: blendMode = 'avg'
21.6692 	EXP 	window1: blendMode = 'avg'
21.6854 	EXP 	window1: blendMode = 'avg'
21.7021 	EXP 	window1: blendMode = 'avg'
21.7189 	EXP 	window1: blendMode = 'avg'
21.7356 	EXP 	window1: blendMode = 'avg'
21.7523 	EXP 	window1: blendMode = 'avg'
21.7678 	EXP 	window1: blendMode = 'avg'
21.7854 	EXP 	window1: blendMode = 'avg'
21.8023 	EXP 	window1: blendMode = 'avg'
21.8189 	EXP 	window1: blendMode = 'avg'
21.8356 	EXP 	window1: blendMode = 'avg'
21.8523 	EXP 	window1: blendMode = 'avg'
21.8688 	EXP 	window1: blendMode = 'avg'
21.8856 	EXP 	window1: blendMode = 'avg'
21.9023 	EXP 	window1: blendMode = 'avg'
21.9190 	EXP 	window1: blendMode = 'avg'
21.9357 	EXP 	window1: blendMode = 'avg'
21.9522 	EXP 	window1: blendMode = 'avg'
21.9690 	EXP 	window1: blendMode = 'avg'
21.9855 	EXP 	window1: blendMode = 'avg'
22.0022 	EXP 	window1: blendMode = 'avg'
22.0190 	EXP 	window1: blendMode = 'avg'
22.0355 	EXP 	window1: blendMode = 'avg'
22.0522 	EXP 	window1: blendMode = 'avg'
22.0691 	EXP 	window1: blendMode = 'avg'
22.0848 	EXP 	window1: blendMode = 'avg'
22.1021 	EXP 	window1: blendMode = 'avg'
22.1190 	EXP 	window1: blendMode = 'avg'
22.1357 	EXP 	window1: blendMode = 'avg'
22.1522 	EXP 	window1: blendMode = 'avg'
22.1689 	EXP 	window1: blendMode = 'avg'
22.1857 	EXP 	window1: blendMode = 'avg'
22.2023 	EXP 	window1: blendMode = 'avg'
22.2188 	EXP 	window1: blendMode = 'avg'
22.2355 	EXP 	window1: blendMode = 'avg'
22.2523 	EXP 	window1: blendMode = 'avg'
22.2689 	EXP 	window1: blendMode = 'avg'
22.2855 	EXP 	window1: blendMode = 'avg'
22.3023 	EXP 	window1: blendMode = 'avg'
22.3189 	EXP 	window1: blendMode = 'avg'
22.3357 	EXP 	window1: blendMode = 'avg'
22.3522 	EXP 	window1: blendMode = 'avg'
22.3690 	EXP 	window1: blendMode = 'avg'
22.3855 	EXP 	window1: blendMode = 'avg'
22.4023 	EXP 	window1: blendMode = 'avg'
22.4188 	EXP 	window1: blendMode = 'avg'
22.4356 	EXP 	window1: blendMode = 'avg'
22.4523 	EXP 	window1: blendMode = 'avg'
22.4690 	EXP 	window1: blendMode = 'avg'
22.4856 	EXP 	window1: blendMode = 'avg'
22.5022 	EXP 	window1: blendMode = 'avg'
22.5190 	EXP 	window1: blendMode = 'avg'
22.5355 	EXP 	window1: blendMode = 'avg'
22.5522 	EXP 	window1: blendMode = 'avg'
22.5690 	EXP 	window1: blendMode = 'avg'
22.5857 	EXP 	window1: blendMode = 'avg'
22.6022 	EXP 	window1: blendMode = 'avg'
22.6190 	EXP 	window1: blendMode = 'avg'
22.6355 	EXP 	window1: blendMode = 'avg'
22.6522 	EXP 	window1: blendMode = 'avg'
22.6690 	EXP 	window1: blendMode = 'avg'
22.6856 	EXP 	window1: blendMode = 'avg'
22.7023 	EXP 	window1: blendMode = 'avg'
22.7190 	EXP 	window1: blendMode = 'avg'
22.7355 	EXP 	window1: blendMode = 'avg'
22.7522 	EXP 	window1: blendMode = 'avg'
22.7690 	EXP 	window1: blendMode = 'avg'
22.7856 	EXP 	window1: blendMode = 'avg'
22.8028 	EXP 	window1: blendMode = 'avg'
22.8188 	EXP 	window1: blendMode = 'avg'
22.8356 	EXP 	window1: blendMode = 'avg'
22.8522 	EXP 	window1: blendMode = 'avg'
22.8690 	EXP 	window1: blendMode = 'avg'
22.8856 	EXP 	window1: blendMode = 'avg'
22.9024 	EXP 	window1: blendMode = 'avg'
22.9189 	EXP 	window1: blendMode = 'avg'
22.9357 	EXP 	window1: blendMode = 'avg'
22.9522 	EXP 	window1: blendMode = 'avg'
22.9689 	EXP 	window1: blendMode = 'avg'
22.9855 	EXP 	window1: blendMode = 'avg'
23.0022 	EXP 	window1: blendMode = 'avg'
23.0189 	EXP 	window1: blendMode = 'avg'
23.0356 	EXP 	window1: blendMode = 'avg'
23.0526 	EXP 	window1: blendMode = 'avg'
23.0689 	EXP 	window1: blendMode = 'avg'
23.0855 	EXP 	window1: blendMode = 'avg'
23.1022 	EXP 	window1: blendMode = 'avg'
23.1190 	EXP 	window1: blendMode = 'avg'
23.1355 	EXP 	window1: blendMode = 'avg'
23.1522 	EXP 	window1: blendMode = 'avg'
23.1690 	EXP 	window1: blendMode = 'avg'
23.1855 	EXP 	window1: blendMode = 'avg'
23.2023 	EXP 	window1: blendMode = 'avg'
23.2188 	EXP 	window1: blendMode = 'avg'
23.2355 	EXP 	window1: blendMode = 'avg'
23.2522 	EXP 	window1: blendMode = 'avg'
23.2689 	EXP 	window1: blendMode = 'avg'
23.2856 	EXP 	window1: blendMode = 'avg'
23.3021 	EXP 	window1: blendMode = 'avg'
23.3188 	EXP 	window1: blendMode = 'avg'
23.3356 	EXP 	window1: blendMode = 'avg'
23.3521 	EXP 	window1: blendMode = 'avg'
23.3690 	EXP 	window1: blendMode = 'avg'
23.3856 	EXP 	window1: blendMode = 'avg'
23.4023 	EXP 	window1: blendMode = 'avg'
23.4190 	EXP 	window1: blendMode = 'avg'
23.4356 	EXP 	window1: blendMode = 'avg'
23.4522 	EXP 	window1: blendMode = 'avg'
23.4692 	EXP 	window1: blendMode = 'avg'
23.4854 	EXP 	window1: blendMode = 'avg'
23.5021 	EXP 	window1: blendMode = 'avg'
23.5190 	EXP 	window1: blendMode = 'avg'
23.5357 	EXP 	window1: blendMode = 'avg'
23.5522 	EXP 	window1: blendMode = 'avg'
23.5689 	EXP 	window1: blendMode = 'avg'
23.5856 	EXP 	window1: blendMode = 'avg'
23.6022 	EXP 	window1: blendMode = 'avg'
23.6189 	EXP 	window1: blendMode = 'avg'
23.6356 	EXP 	window1: blendMode = 'avg'
23.6521 	EXP 	window1: blendMode = 'avg'
23.6689 	EXP 	window1: blendMode = 'avg'
23.6856 	EXP 	window1: blendMode = 'avg'
23.7018 	EXP 	window1: blendMode = 'avg'
23.7185 	EXP 	window1: blendMode = 'avg'
23.7354 	EXP 	window1: blendMode = 'avg'
23.7523 	EXP 	window1: blendMode = 'avg'
23.7688 	EXP 	window1: blendMode = 'avg'
23.7856 	EXP 	window1: blendMode = 'avg'
23.8022 	EXP 	window1: blendMode = 'avg'
23.8190 	EXP 	window1: blendMode = 'avg'
23.8355 	EXP 	window1: blendMode = 'avg'
23.8526 	EXP 	window1: blendMode = 'avg'
23.8686 	EXP 	window1: blendMode = 'avg'
23.8854 	EXP 	window1: blendMode = 'avg'
23.9020 	EXP 	window1: blendMode = 'avg'
23.9187 	EXP 	window1: blendMode = 'avg'
23.9356 	EXP 	window1: blendMode = 'avg'
23.9523 	EXP 	window1: blendMode = 'avg'
23.9688 	EXP 	window1: blendMode = 'avg'
23.9855 	EXP 	window1: blendMode = 'avg'
24.0022 	EXP 	window1: blendMode = 'avg'
24.0189 	EXP 	window1: blendMode = 'avg'
24.0354 	EXP 	window1: blendMode = 'avg'
24.0523 	EXP 	window1: blendMode = 'avg'
24.0683 	EXP 	window1: blendMode = 'avg'
24.0854 	EXP 	window1: blendMode = 'avg'
24.1023 	EXP 	window1: blendMode = 'avg'
24.1189 	EXP 	window1: blendMode = 'avg'
24.1355 	EXP 	window1: blendMode = 'avg'
24.1522 	EXP 	window1: blendMode = 'avg'
24.1689 	EXP 	window1: blendMode = 'avg'
24.1855 	EXP 	window1: blendMode = 'avg'
24.2023 	EXP 	window1: blendMode = 'avg'
24.2191 	EXP 	window1: blendMode = 'avg'
24.2356 	EXP 	window1: blendMode = 'avg'
24.2523 	EXP 	window1: blendMode = 'avg'
24.2690 	EXP 	window1: blendMode = 'avg'
24.2856 	EXP 	window1: blendMode = 'avg'
24.3024 	EXP 	window1: blendMode = 'avg'
24.3189 	EXP 	window1: blendMode = 'avg'
24.3357 	EXP 	window1: blendMode = 'avg'
24.3522 	EXP 	window1: blendMode = 'avg'
24.3690 	EXP 	window1: blendMode = 'avg'
24.3855 	EXP 	window1: blendMode = 'avg'
24.4023 	EXP 	window1: blendMode = 'avg'
24.4189 	EXP 	window1: blendMode = 'avg'
24.4356 	EXP 	window1: blendMode = 'avg'
24.4522 	EXP 	window1: blendMode = 'avg'
24.4689 	EXP 	window1: blendMode = 'avg'
24.4855 	EXP 	window1: blendMode = 'avg'
24.5023 	EXP 	window1: blendMode = 'avg'
24.5188 	EXP 	window1: blendMode = 'avg'
24.5357 	EXP 	window1: blendMode = 'avg'
24.5522 	EXP 	window1: blendMode = 'avg'
24.5690 	EXP 	window1: blendMode = 'avg'
24.5855 	EXP 	window1: blendMode = 'avg'
24.6022 	EXP 	window1: blendMode = 'avg'
24.6188 	EXP 	window1: blendMode = 'avg'
24.6356 	EXP 	window1: blendMode = 'avg'
24.6519 	EXP 	window1: blendMode = 'avg'
24.6688 	EXP 	window1: blendMode = 'avg'
24.6855 	EXP 	window1: blendMode = 'avg'
24.7022 	EXP 	window1: blendMode = 'avg'
24.7189 	EXP 	window1: blendMode = 'avg'
24.7355 	EXP 	window1: blendMode = 'avg'
24.7521 	EXP 	window1: blendMode = 'avg'
24.7689 	EXP 	window1: blendMode = 'avg'
24.7856 	EXP 	window1: blendMode = 'avg'
24.8023 	EXP 	window1: blendMode = 'avg'
24.8189 	EXP 	window1: blendMode = 'avg'
24.8356 	EXP 	window1: blendMode = 'avg'
24.8517 	EXP 	window1: blendMode = 'avg'
24.8687 	EXP 	window1: blendMode = 'avg'
24.8855 	EXP 	window1: blendMode = 'avg'
24.9022 	EXP 	window1: blendMode = 'avg'
24.9189 	EXP 	window1: blendMode = 'avg'
24.9356 	EXP 	window1: blendMode = 'avg'
24.9523 	EXP 	window1: blendMode = 'avg'
24.9694 	EXP 	window1: blendMode = 'avg'
24.9854 	EXP 	window1: blendMode = 'avg'
25.0023 	EXP 	window1: blendMode = 'avg'
25.0188 	EXP 	window1: blendMode = 'avg'
25.0355 	EXP 	window1: blendMode = 'avg'
25.0521 	EXP 	window1: blendMode = 'avg'
25.0689 	EXP 	window1: blendMode = 'avg'
25.0856 	EXP 	window1: blendMode = 'avg'
25.1022 	EXP 	window1: blendMode = 'avg'
25.1189 	EXP 	window1: blendMode = 'avg'
25.1354 	EXP 	window1: blendMode = 'avg'
25.1524 	EXP 	window1: blendMode = 'avg'
25.1676 	EXP 	window1: blendMode = 'avg'
25.1855 	EXP 	window1: blendMode = 'avg'
25.2023 	EXP 	window1: blendMode = 'avg'
25.2188 	EXP 	window1: blendMode = 'avg'
25.2355 	EXP 	window1: blendMode = 'avg'
25.2523 	EXP 	window1: blendMode = 'avg'
25.2688 	EXP 	window1: blendMode = 'avg'
25.2856 	EXP 	window1: blendMode = 'avg'
25.3022 	EXP 	window1: blendMode = 'avg'
25.3189 	EXP 	window1: blendMode = 'avg'
25.3356 	EXP 	window1: blendMode = 'avg'
25.3523 	EXP 	window1: blendMode = 'avg'
25.3688 	EXP 	window1: blendMode = 'avg'
25.3855 	EXP 	window1: blendMode = 'avg'
25.4023 	EXP 	window1: blendMode = 'avg'
25.4188 	EXP 	window1: blendMode = 'avg'
25.4355 	EXP 	window1: blendMode = 'avg'
25.4530 	EXP 	window1: blendMode = 'avg'
25.4687 	EXP 	window1: blendMode = 'avg'
25.4854 	EXP 	window1: blendMode = 'avg'
25.5014 	EXP 	window1: blendMode = 'avg'
25.5188 	EXP 	window1: blendMode = 'avg'
25.5351 	EXP 	window1: blendMode = 'avg'
25.5520 	EXP 	window1: blendMode = 'avg'
25.5688 	EXP 	window1: blendMode = 'avg'
25.5855 	EXP 	window1: blendMode = 'avg'
25.6023 	EXP 	window1: blendMode = 'avg'
25.6189 	EXP 	window1: blendMode = 'avg'
25.6355 	EXP 	window1: blendMode = 'avg'
25.6523 	EXP 	window1: blendMode = 'avg'
25.6689 	EXP 	window1: blendMode = 'avg'
25.6857 	EXP 	window1: blendMode = 'avg'
25.7023 	EXP 	window1: blendMode = 'avg'
25.7188 	EXP 	window1: blendMode = 'avg'
25.7356 	EXP 	window1: blendMode = 'avg'
25.7521 	EXP 	window1: blendMode = 'avg'
25.7689 	EXP 	window1: blendMode = 'avg'
25.7856 	EXP 	window1: blendMode = 'avg'
25.8023 	EXP 	window1: blendMode = 'avg'
25.8188 	EXP 	window1: blendMode = 'avg'
25.8355 	EXP 	window1: blendMode = 'avg'
25.8523 	EXP 	window1: blendMode = 'avg'
25.8688 	EXP 	window1: blendMode = 'avg'
25.8855 	EXP 	window1: blendMode = 'avg'
25.9023 	EXP 	window1: blendMode = 'avg'
25.9189 	EXP 	window1: blendMode = 'avg'
25.9356 	EXP 	window1: blendMode = 'avg'
25.9521 	EXP 	window1: blendMode = 'avg'
25.9688 	EXP 	window1: blendMode = 'avg'
25.9855 	EXP 	window1: blendMode = 'avg'
26.0022 	EXP 	window1: blendMode = 'avg'
26.0189 	EXP 	window1: blendMode = 'avg'
26.0356 	EXP 	window1: blendMode = 'avg'
26.0521 	EXP 	window1: blendMode = 'avg'
26.0685 	EXP 	window1: blendMode = 'avg'
26.0853 	EXP 	window1: blendMode = 'avg'
26.1020 	EXP 	window1: blendMode = 'avg'
26.1187 	EXP 	window1: blendMode = 'avg'
26.1354 	EXP 	window1: blendMode = 'avg'
26.1522 	EXP 	window1: blendMode = 'avg'
26.1689 	EXP 	window1: blendMode = 'avg'
26.1854 	EXP 	window1: blendMode = 'avg'
26.2022 	EXP 	window1: blendMode = 'avg'
26.2188 	EXP 	window1: blendMode = 'avg'
26.2357 	EXP 	window1: blendMode = 'avg'
26.2522 	EXP 	window1: blendMode = 'avg'
26.2687 	EXP 	window1: blendMode = 'avg'
26.2856 	EXP 	window1: blendMode = 'avg'
26.3021 	EXP 	window1: blendMode = 'avg'
26.3188 	EXP 	window1: blendMode = 'avg'
26.3356 	EXP 	window1: blendMode = 'avg'
26.3522 	EXP 	window1: blendMode = 'avg'
26.3689 	EXP 	window1: blendMode = 'avg'
26.3854 	EXP 	window1: blendMode = 'avg'
26.4022 	EXP 	window1: blendMode = 'avg'
26.4189 	EXP 	window1: blendMode = 'avg'
26.4354 	EXP 	window1: blendMode = 'avg'
26.4523 	EXP 	window1: blendMode = 'avg'
26.4689 	EXP 	window1: blendMode = 'avg'
26.4856 	EXP 	window1: blendMode = 'avg'
26.5023 	EXP 	window1: blendMode = 'avg'
26.5188 	EXP 	window1: blendMode = 'avg'
26.5355 	EXP 	window1: blendMode = 'avg'
26.5509 	EXP 	window1: blendMode = 'avg'
26.5687 	EXP 	window1: blendMode = 'avg'
26.5856 	EXP 	window1: blendMode = 'avg'
26.6023 	EXP 	window1: blendMode = 'avg'
26.6188 	EXP 	window1: blendMode = 'avg'
26.6355 	EXP 	window1: blendMode = 'avg'
26.6522 	EXP 	window1: blendMode = 'avg'
26.6689 	EXP 	window1: blendMode = 'avg'
26.6856 	EXP 	window1: blendMode = 'avg'
26.7023 	EXP 	window1: blendMode = 'avg'
26.7189 	EXP 	window1: blendMode = 'avg'
26.7356 	EXP 	window1: blendMode = 'avg'
26.7521 	EXP 	window1: blendMode = 'avg'
26.7689 	EXP 	window1: blendMode = 'avg'
26.7854 	EXP 	window1: blendMode = 'avg'
26.8022 	EXP 	window1: blendMode = 'avg'
26.8189 	EXP 	window1: blendMode = 'avg'
26.8355 	EXP 	window1: blendMode = 'avg'
26.8520 	EXP 	window1: blendMode = 'avg'
26.8689 	EXP 	window1: blendMode = 'avg'
26.8856 	EXP 	window1: blendMode = 'avg'
26.9021 	EXP 	window1: blendMode = 'avg'
26.9188 	EXP 	window1: blendMode = 'avg'
26.9356 	EXP 	window1: blendMode = 'avg'
26.9522 	EXP 	window1: blendMode = 'avg'
26.9688 	EXP 	window1: blendMode = 'avg'
26.9856 	EXP 	window1: blendMode = 'avg'
27.0021 	EXP 	window1: blendMode = 'avg'
27.0189 	EXP 	window1: blendMode = 'avg'
27.0354 	EXP 	window1: blendMode = 'avg'
27.0522 	EXP 	window1: blendMode = 'avg'
27.0688 	EXP 	window1: blendMode = 'avg'
27.0856 	EXP 	window1: blendMode = 'avg'
27.1019 	EXP 	window1: blendMode = 'avg'
27.1187 	EXP 	window1: blendMode = 'avg'
27.1354 	EXP 	window1: blendMode = 'avg'
27.1521 	EXP 	window1: blendMode = 'avg'
27.1688 	EXP 	window1: blendMode = 'avg'
27.1856 	EXP 	window1: blendMode = 'avg'
27.2022 	EXP 	window1: blendMode = 'avg'
27.2188 	EXP 	window1: blendMode = 'avg'
27.2355 	EXP 	window1: blendMode = 'avg'
27.2522 	EXP 	window1: blendMode = 'avg'
27.2688 	EXP 	window1: blendMode = 'avg'
27.2855 	EXP 	window1: blendMode = 'avg'
27.3023 	EXP 	window1: blendMode = 'avg'
27.3188 	EXP 	window1: blendMode = 'avg'
27.3356 	EXP 	window1: blendMode = 'avg'
27.3521 	EXP 	window1: blendMode = 'avg'
27.3689 	EXP 	window1: blendMode = 'avg'
27.3855 	EXP 	window1: blendMode = 'avg'
27.4022 	EXP 	window1: blendMode = 'avg'
27.4189 	EXP 	window1: blendMode = 'avg'
27.4355 	EXP 	window1: blendMode = 'avg'
27.4521 	EXP 	window1: blendMode = 'avg'
27.4689 	EXP 	window1: blendMode = 'avg'
27.4855 	EXP 	window1: blendMode = 'avg'
27.5025 	EXP 	window1: blendMode = 'avg'
27.5187 	EXP 	window1: blendMode = 'avg'
27.5356 	EXP 	window1: blendMode = 'avg'
27.5521 	EXP 	window1: blendMode = 'avg'
27.5688 	EXP 	window1: blendMode = 'avg'
27.5855 	EXP 	window1: blendMode = 'avg'
27.6022 	EXP 	window1: blendMode = 'avg'
27.6190 	EXP 	window1: blendMode = 'avg'
27.6355 	EXP 	window1: blendMode = 'avg'
27.6522 	EXP 	window1: blendMode = 'avg'
27.6689 	EXP 	window1: blendMode = 'avg'
27.6855 	EXP 	window1: blendMode = 'avg'
27.7023 	EXP 	window1: blendMode = 'avg'
27.7189 	EXP 	window1: blendMode = 'avg'
27.7357 	EXP 	window1: blendMode = 'avg'
27.7522 	EXP 	window1: blendMode = 'avg'
27.7690 	EXP 	window1: blendMode = 'avg'
27.7855 	EXP 	window1: blendMode = 'avg'
27.8050 	EXP 	window1: blendMode = 'avg'
27.8188 	EXP 	window1: blendMode = 'avg'
27.8356 	EXP 	window1: blendMode = 'avg'
27.8517 	EXP 	window1: blendMode = 'avg'
27.8687 	EXP 	window1: blendMode = 'avg'
27.8883 	DATA 	Keypress: space
27.8976 	EXP 	Imported Book.xlsx as conditions, 44 conditions, 7 params
27.8982 	EXP 	Created sequence: random, trialTypes=44, nReps=1, seed=None
27.8985 	EXP 	New trial (rep=0, index=0): {'YLeftPos': 0, 'time_presentation': 0.5, 'XLeftPos': -300, 'XRightPos': 300, 'rightimg': u'frogs/ab43.jpg', 'YRightPos': 0, 'leftimg': u'frogs/ab3.jpg'}
28.0009 	EXP 	text_2: autoDraw = False
28.0009 	EXP 	Leftimg: pos = array([-300.,    0.])
28.0009 	EXP 	Leftimg: image = u'frogs/ab3.jpg'
28.0009 	EXP 	Rightimg: pos = array([ 300.,    0.])
28.0009 	EXP 	Rightimg: image = u'frogs/ab43.jpg'
28.0009 	EXP 	Leftimg: autoDraw = True
28.0009 	EXP 	Rightimg: autoDraw = True
28.4179 	EXP 	Leftimg: autoDraw = False
28.4179 	EXP 	Rightimg: autoDraw = False
29.1035 	DATA 	Keypress: left
29.1048 	EXP 	New trial (rep=0, index=1): {'YLeftPos': 0, 'time_presentation': 0.5, 'XLeftPos': -300, 'XRightPos': 300, 'rightimg': u'frogs/ab78.jpg', 'YRightPos': 0, 'leftimg': u'frogs/ab38.jpg'}
29.1510 	EXP 	Leftimg: autoDraw = False
29.1510 	EXP 	Rightimg: autoDraw = False
29.1510 	EXP 	text: autoDraw = False
29.1510 	EXP 	Leftimg: pos = array([-300.,    0.])
29.1510 	EXP 	Leftimg: image = u'frogs/ab38.jpg'
29.1510 	EXP 	Rightimg: pos = array([ 300.,    0.])
29.1510 	EXP 	Rightimg: image = u'frogs/ab78.jpg'
29.1510 	EXP 	Leftimg: autoDraw = True
29.1510 	EXP 	Rightimg: autoDraw = True
29.6178 	EXP 	Leftimg: autoDraw = False
29.6178 	EXP 	Rightimg: autoDraw = False
31.6189 	EXP 	window1: blendMode = 'avg'
31.6342 	EXP 	text: autoDraw = True
31.6351 	EXP 	window1: blendMode = 'avg'
31.6519 	EXP 	window1: blendMode = 'avg'
31.6687 	EXP 	window1: blendMode = 'avg'
31.6855 	EXP 	window1: blendMode = 'avg'
31.7021 	EXP 	window1: blendMode = 'avg'
31.7187 	EXP 	window1: blendMode = 'avg'
31.7354 	EXP 	window1: blendMode = 'avg'
31.7521 	EXP 	window1: blendMode = 'avg'
31.7688 	EXP 	window1: blendMode = 'avg'
31.7854 	EXP 	window1: blendMode = 'avg'
31.8019 	EXP 	window1: blendMode = 'avg'
31.8187 	EXP 	window1: blendMode = 'avg'
31.8354 	EXP 	window1: blendMode = 'avg'
31.8518 	EXP 	window1: blendMode = 'avg'
31.8686 	EXP 	window1: blendMode = 'avg'
31.8853 	EXP 	window1: blendMode = 'avg'
31.9022 	EXP 	window1: blendMode = 'avg'
31.9188 	EXP 	window1: blendMode = 'avg'
31.9354 	EXP 	window1: blendMode = 'avg'
31.9522 	EXP 	window1: blendMode = 'avg'
31.9687 	EXP 	window1: blendMode = 'avg'
31.9854 	EXP 	window1: blendMode = 'avg'
32.0021 	EXP 	window1: blendMode = 'avg'
32.0188 	EXP 	window1: blendMode = 'avg'
32.0355 	EXP 	window1: blendMode = 'avg'
32.0521 	EXP 	window1: blendMode = 'avg'
32.0685 	DATA 	Keypress: right
32.0692 	EXP 	window1: blendMode = 'avg'
32.0854 	EXP 	window1: blendMode = 'avg'
32.1022 	EXP 	window1: blendMode = 'avg'
32.1190 	EXP 	window1: blendMode = 'avg'
32.1355 	EXP 	window1: blendMode = 'avg'
32.1521 	EXP 	window1: blendMode = 'avg'
32.1690 	EXP 	window1: blendMode = 'avg'
32.1855 	EXP 	window1: blendMode = 'avg'
32.2022 	EXP 	window1: blendMode = 'avg'
32.2188 	EXP 	window1: blendMode = 'avg'
32.2355 	EXP 	window1: blendMode = 'avg'
32.2522 	EXP 	window1: blendMode = 'avg'
32.2687 	EXP 	window1: blendMode = 'avg'
32.2854 	EXP 	window1: blendMode = 'avg'
32.3022 	EXP 	window1: blendMode = 'avg'
32.3187 	EXP 	window1: blendMode = 'avg'
32.3356 	EXP 	window1: blendMode = 'avg'
32.3521 	EXP 	window1: blendMode = 'avg'
32.3688 	EXP 	window1: blendMode = 'avg'
32.3855 	EXP 	window1: blendMode = 'avg'
32.4021 	EXP 	window1: blendMode = 'avg'
32.4188 	EXP 	window1: blendMode = 'avg'
32.4355 	EXP 	window1: blendMode = 'avg'
32.4520 	EXP 	window1: blendMode = 'avg'
32.4688 	EXP 	window1: blendMode = 'avg'
32.4855 	EXP 	window1: blendMode = 'avg'
32.5022 	EXP 	window1: blendMode = 'avg'
32.5187 	EXP 	window1: blendMode = 'avg'
32.5355 	EXP 	window1: blendMode = 'avg'
32.5521 	EXP 	window1: blendMode = 'avg'
32.5688 	EXP 	window1: blendMode = 'avg'
32.5855 	EXP 	window1: blendMode = 'avg'
32.6021 	EXP 	window1: blendMode = 'avg'
32.6188 	EXP 	window1: blendMode = 'avg'
32.6353 	EXP 	window1: blendMode = 'avg'
32.6521 	EXP 	window1: blendMode = 'avg'
32.6689 	EXP 	window1: blendMode = 'avg'
32.6854 	EXP 	window1: blendMode = 'avg'
32.7021 	EXP 	window1: blendMode = 'avg'
32.7187 	EXP 	window1: blendMode = 'avg'
32.7354 	EXP 	window1: blendMode = 'avg'
32.7521 	EXP 	window1: blendMode = 'avg'
32.7687 	EXP 	window1: blendMode = 'avg'
32.7855 	EXP 	window1: blendMode = 'avg'
32.8026 	EXP 	window1: blendMode = 'avg'
32.8186 	EXP 	window1: blendMode = 'avg'
32.8353 	EXP 	window1: blendMode = 'avg'
32.8521 	EXP 	window1: blendMode = 'avg'
32.8688 	EXP 	window1: blendMode = 'avg'
32.8852 	EXP 	window1: blendMode = 'avg'
32.9020 	EXP 	window1: blendMode = 'avg'
32.9187 	EXP 	window1: blendMode = 'avg'
32.9356 	EXP 	window1: blendMode = 'avg'
32.9521 	EXP 	window1: blendMode = 'avg'
32.9688 	EXP 	window1: blendMode = 'avg'
32.9853 	EXP 	window1: blendMode = 'avg'
33.0022 	EXP 	window1: blendMode = 'avg'
33.0188 	EXP 	window1: blendMode = 'avg'
33.0355 	EXP 	window1: blendMode = 'avg'
33.0522 	EXP 	window1: blendMode = 'avg'
33.0689 	EXP 	window1: blendMode = 'avg'
33.0854 	EXP 	window1: blendMode = 'avg'
33.1021 	EXP 	window1: blendMode = 'avg'
33.1188 	EXP 	window1: blendMode = 'avg'
33.1355 	EXP 	window1: blendMode = 'avg'
33.1520 	EXP 	window1: blendMode = 'avg'
33.1688 	EXP 	window1: blendMode = 'avg'
33.1855 	EXP 	window1: blendMode = 'avg'
33.2020 	EXP 	window1: blendMode = 'avg'
33.2188 	EXP 	window1: blendMode = 'avg'
33.2355 	EXP 	window1: blendMode = 'avg'
33.2520 	EXP 	window1: blendMode = 'avg'
33.2688 	EXP 	window1: blendMode = 'avg'
33.2855 	EXP 	window1: blendMode = 'avg'
33.3020 	EXP 	window1: blendMode = 'avg'
33.3187 	EXP 	window1: blendMode = 'avg'
33.3353 	EXP 	window1: blendMode = 'avg'
33.3521 	EXP 	window1: blendMode = 'avg'
33.3690 	EXP 	window1: blendMode = 'avg'
33.3855 	EXP 	window1: blendMode = 'avg'
33.4020 	EXP 	window1: blendMode = 'avg'
33.4187 	EXP 	window1: blendMode = 'avg'
33.4354 	EXP 	window1: blendMode = 'avg'
33.4522 	EXP 	window1: blendMode = 'avg'
33.4687 	EXP 	window1: blendMode = 'avg'
33.4855 	EXP 	window1: blendMode = 'avg'
33.5020 	EXP 	window1: blendMode = 'avg'
33.5187 	EXP 	window1: blendMode = 'avg'
33.5356 	EXP 	window1: blendMode = 'avg'
33.5521 	EXP 	window1: blendMode = 'avg'
33.5696 	DATA 	Keypress: right
33.5704 	EXP 	window1: blendMode = 'avg'
33.5853 	EXP 	window1: blendMode = 'avg'
33.6021 	EXP 	window1: blendMode = 'avg'
33.6188 	EXP 	window1: blendMode = 'avg'
33.6353 	EXP 	window1: blendMode = 'avg'
33.6521 	EXP 	window1: blendMode = 'avg'
33.6689 	EXP 	window1: blendMode = 'avg'
33.6854 	EXP 	window1: blendMode = 'avg'
33.7024 	EXP 	window1: blendMode = 'avg'
33.7187 	EXP 	window1: blendMode = 'avg'
33.7355 	EXP 	window1: blendMode = 'avg'
33.7522 	EXP 	window1: blendMode = 'avg'
33.7688 	EXP 	window1: blendMode = 'avg'
33.7854 	EXP 	window1: blendMode = 'avg'
33.8022 	EXP 	window1: blendMode = 'avg'
33.8187 	EXP 	window1: blendMode = 'avg'
33.8355 	EXP 	window1: blendMode = 'avg'
33.8522 	EXP 	window1: blendMode = 'avg'
33.8687 	EXP 	window1: blendMode = 'avg'
33.8854 	EXP 	window1: blendMode = 'avg'
33.9022 	EXP 	window1: blendMode = 'avg'
33.9187 	EXP 	window1: blendMode = 'avg'
33.9354 	EXP 	window1: blendMode = 'avg'
33.9522 	EXP 	window1: blendMode = 'avg'
33.9687 	EXP 	window1: blendMode = 'avg'
33.9854 	EXP 	window1: blendMode = 'avg'
34.0019 	EXP 	window1: blendMode = 'avg'
34.0189 	EXP 	window1: blendMode = 'avg'
34.0354 	EXP 	window1: blendMode = 'avg'
34.0520 	EXP 	window1: blendMode = 'avg'
34.0701 	DATA 	Keypress: space
34.0711 	EXP 	New trial (rep=0, index=2): {'YLeftPos': 0, 'time_presentation': 0.5, 'XLeftPos': -300, 'XRightPos': 300, 'rightimg': u'frogs/ab72.jpg', 'YRightPos': 0, 'leftimg': u'frogs/ab32.jpg'}
34.1173 	EXP 	Leftimg: autoDraw = False
34.1173 	EXP 	Rightimg: autoDraw = False
34.1173 	EXP 	text: autoDraw = False
34.1173 	EXP 	Leftimg: pos = array([-300.,    0.])
34.1173 	EXP 	Leftimg: image = u'frogs/ab32.jpg'
34.1173 	EXP 	Rightimg: pos = array([ 300.,    0.])
34.1173 	EXP 	Rightimg: image = u'frogs/ab72.jpg'
34.1173 	EXP 	Leftimg: autoDraw = True
34.1173 	EXP 	Rightimg: autoDraw = True
34.5844 	EXP 	Leftimg: autoDraw = False
34.5844 	EXP 	Rightimg: autoDraw = False
35.8853 	DATA 	Keypress: left
35.8863 	EXP 	New trial (rep=0, index=3): {'YLeftPos': 0, 'time_presentation': 0.5, 'XLeftPos': -300, 'XRightPos': 300, 'rightimg': u'frogs/ab68.jpg', 'YRightPos': 0, 'leftimg': u'frogs/ab28.jpg'}
35.9173 	EXP 	Leftimg: autoDraw = False
35.9173 	EXP 	Rightimg: autoDraw = False
35.9173 	EXP 	text: autoDraw = False
35.9173 	EXP 	Leftimg: pos = array([-300.,    0.])
35.9173 	EXP 	Leftimg: image = u'frogs/ab28.jpg'
35.9173 	EXP 	Rightimg: pos = array([ 300.,    0.])
35.9173 	EXP 	Rightimg: image = u'frogs/ab68.jpg'
35.9173 	EXP 	Leftimg: autoDraw = True
35.9173 	EXP 	Rightimg: autoDraw = True
36.4010 	EXP 	Leftimg: autoDraw = False
36.4010 	EXP 	Rightimg: autoDraw = False
37.5193 	DATA 	Keypress: left
37.5203 	EXP 	New trial (rep=0, index=4): {'YLeftPos': 0, 'time_presentation': 0.5, 'XLeftPos': -300, 'XRightPos': 300, 'rightimg': u'frogs/ab70.jpg', 'YRightPos': 0, 'leftimg': u'frogs/ab30.jpg'}
37.5342 	EXP 	Leftimg: autoDraw = False
37.5342 	EXP 	Rightimg: autoDraw = False
37.5342 	EXP 	text: autoDraw = False
37.5342 	EXP 	Leftimg: pos = array([-300.,    0.])
37.5342 	EXP 	Leftimg: image = u'frogs/ab30.jpg'
37.5342 	EXP 	Rightimg: pos = array([ 300.,    0.])
37.5342 	EXP 	Rightimg: image = u'frogs/ab70.jpg'
37.5342 	EXP 	Leftimg: autoDraw = True
37.5342 	EXP 	Rightimg: autoDraw = True
38.0343 	EXP 	Leftimg: autoDraw = False
38.0343 	EXP 	Rightimg: autoDraw = False
38.7015 	DATA 	Keypress: right
38.7028 	EXP 	New trial (rep=0, index=5): {'YLeftPos': 0, 'time_presentation': 0.5, 'XLeftPos': -300, 'XRightPos': 300, 'rightimg': u'frogs/ab53.jpg', 'YRightPos': 0, 'leftimg': u'frogs/ab13.jpg'}
38.7346 	EXP 	Leftimg: autoDraw = False
38.7346 	EXP 	Rightimg: autoDraw = False
38.7346 	EXP 	text: autoDraw = False
38.7346 	EXP 	Leftimg: pos = array([-300.,    0.])
38.7346 	EXP 	Leftimg: image = u'frogs/ab13.jpg'
38.7346 	EXP 	Rightimg: pos = array([ 300.,    0.])
38.7346 	EXP 	Rightimg: image = u'frogs/ab53.jpg'
38.7346 	EXP 	Leftimg: autoDraw = True
38.7346 	EXP 	Rightimg: autoDraw = True
39.2175 	EXP 	Leftimg: autoDraw = False
39.2175 	EXP 	Rightimg: autoDraw = False
39.8525 	DATA 	Keypress: left
39.8537 	EXP 	New trial (rep=0, index=6): {'YLeftPos': 0, 'time_presentation': 0.5, 'XLeftPos': -300, 'XRightPos': 300, 'rightimg': u'frogs/ab59.jpg', 'YRightPos': 0, 'leftimg': u'frogs/ab19.jpg'}
39.9010 	EXP 	Leftimg: autoDraw = False
39.9010 	EXP 	Rightimg: autoDraw = False
39.9010 	EXP 	text: autoDraw = False
39.9010 	EXP 	Leftimg: pos = array([-300.,    0.])
39.9010 	EXP 	Leftimg: image = u'frogs/ab19.jpg'
39.9010 	EXP 	Rightimg: pos = array([ 300.,    0.])
39.9010 	EXP 	Rightimg: image = u'frogs/ab59.jpg'
39.9010 	EXP 	Leftimg: autoDraw = True
39.9010 	EXP 	Rightimg: autoDraw = True
40.3678 	EXP 	Leftimg: autoDraw = False
40.3678 	EXP 	Rightimg: autoDraw = False
41.0526 	DATA 	Keypress: right
41.0538 	EXP 	New trial (rep=0, index=7): {'YLeftPos': 0, 'time_presentation': 0.5, 'XLeftPos': -300, 'XRightPos': 300, 'rightimg': u'frogs/ab60.jpg', 'YRightPos': 0, 'leftimg': u'frogs/ab20.jpg'}
41.0665 	EXP 	Leftimg: autoDraw = False
41.0665 	EXP 	Rightimg: autoDraw = False
41.0665 	EXP 	text: autoDraw = False
41.0665 	EXP 	Leftimg: pos = array([-300.,    0.])
41.0665 	EXP 	Leftimg: image = u'frogs/ab20.jpg'
41.0665 	EXP 	Rightimg: pos = array([ 300.,    0.])
41.0665 	EXP 	Rightimg: image = u'frogs/ab60.jpg'
41.0665 	EXP 	Leftimg: autoDraw = True
41.0665 	EXP 	Rightimg: autoDraw = True
41.5677 	EXP 	Leftimg: autoDraw = False
41.5677 	EXP 	Rightimg: autoDraw = False
42.1860 	DATA 	Keypress: left
42.1871 	EXP 	New trial (rep=0, index=8): {'YLeftPos': 0, 'time_presentation': 0.5, 'XLeftPos': -300, 'XRightPos': 300, 'rightimg': u'frogs/ab58.jpg', 'YRightPos': 0, 'leftimg': u'frogs/ab18.jpg'}
42.3340 	EXP 	Leftimg: autoDraw = False
42.3340 	EXP 	Rightimg: autoDraw = False
42.3340 	EXP 	text: autoDraw = False
42.3340 	EXP 	Leftimg: pos = array([-300.,    0.])
42.3340 	EXP 	Leftimg: image = u'frogs/ab18.jpg'
42.3340 	EXP 	Rightimg: pos = array([ 300.,    0.])
42.3340 	EXP 	Rightimg: image = u'frogs/ab58.jpg'
42.3340 	EXP 	Leftimg: autoDraw = True
42.3340 	EXP 	Rightimg: autoDraw = True
42.7011 	EXP 	Leftimg: autoDraw = False
42.7011 	EXP 	Rightimg: autoDraw = False
43.4695 	DATA 	Keypress: right
43.4710 	EXP 	New trial (rep=0, index=9): {'YLeftPos': 0, 'time_presentation': 0.5, 'XLeftPos': -300, 'XRightPos': 300, 'rightimg': u'frogs/ab62.jpg', 'YRightPos': 0, 'leftimg': u'frogs/ab22.jpg'}
43.6352 	EXP 	Leftimg: autoDraw = False
43.6352 	EXP 	Rightimg: autoDraw = False
43.6352 	EXP 	text: autoDraw = False
43.6352 	EXP 	Leftimg: pos = array([-300.,    0.])
43.6352 	EXP 	Leftimg: image = u'frogs/ab22.jpg'
43.6352 	EXP 	Rightimg: pos = array([ 300.,    0.])
43.6352 	EXP 	Rightimg: image = u'frogs/ab62.jpg'
43.6352 	EXP 	Leftimg: autoDraw = True
43.6352 	EXP 	Rightimg: autoDraw = True
43.9843 	EXP 	Leftimg: autoDraw = False
43.9843 	EXP 	Rightimg: autoDraw = False
44.4862 	DATA 	Keypress: right
44.4873 	EXP 	New trial (rep=0, index=10): {'YLeftPos': 0, 'time_presentation': 0.5, 'XLeftPos': -300, 'XRightPos': 300, 'rightimg': u'frogs/ab56.jpg', 'YRightPos': 0, 'leftimg': u'frogs/ab16.jpg'}
44.7511 	EXP 	Leftimg: autoDraw = False
44.7511 	EXP 	Rightimg: autoDraw = False
44.7511 	EXP 	text: autoDraw = False
44.7511 	EXP 	Leftimg: pos = array([-300.,    0.])
44.7511 	EXP 	Leftimg: image = u'frogs/ab16.jpg'
44.7511 	EXP 	Rightimg: pos = array([ 300.,    0.])
44.7511 	EXP 	Rightimg: image = u'frogs/ab56.jpg'
44.7511 	EXP 	Leftimg: autoDraw = True
44.7511 	EXP 	Rightimg: autoDraw = True
45.0010 	EXP 	Leftimg: autoDraw = False
45.0010 	EXP 	Rightimg: autoDraw = False
45.8027 	DATA 	Keypress: right
45.8038 	EXP 	New trial (rep=0, index=11): {'YLeftPos': 0, 'time_presentation': 0.5, 'XLeftPos': -300, 'XRightPos': 300, 'rightimg': u'frogs/ab80.jpg', 'YRightPos': 0, 'leftimg': u'frogs/ab40.jpg'}
45.8348 	EXP 	Leftimg: autoDraw = False
45.8348 	EXP 	Rightimg: autoDraw = False
45.8348 	EXP 	text: autoDraw = False
45.8348 	EXP 	Leftimg: pos = array([-300.,    0.])
45.8348 	EXP 	Leftimg: image = u'frogs/ab40.jpg'
45.8348 	EXP 	Rightimg: pos = array([ 300.,    0.])
45.8348 	EXP 	Rightimg: image = u'frogs/ab80.jpg'
45.8348 	EXP 	Leftimg: autoDraw = True
45.8348 	EXP 	Rightimg: autoDraw = True
46.3176 	EXP 	Leftimg: autoDraw = False
46.3176 	EXP 	Rightimg: autoDraw = False
46.5695 	DATA 	Keypress: left
46.5706 	EXP 	New trial (rep=0, index=12): {'YLeftPos': 0, 'time_presentation': 0.5, 'XLeftPos': -300, 'XRightPos': 300, 'rightimg': u'frogs/ab55.jpg', 'YRightPos': 0, 'leftimg': u'frogs/ab15.jpg'}
46.6669 	EXP 	Leftimg: autoDraw = False
46.6669 	EXP 	Rightimg: autoDraw = False
46.6669 	EXP 	text: autoDraw = False
46.6669 	EXP 	Leftimg: pos = array([-300.,    0.])
46.6669 	EXP 	Leftimg: image = u'frogs/ab15.jpg'
46.6669 	EXP 	Rightimg: pos = array([ 300.,    0.])
46.6669 	EXP 	Rightimg: image = u'frogs/ab55.jpg'
46.6669 	EXP 	Leftimg: autoDraw = True
46.6669 	EXP 	Rightimg: autoDraw = True
47.0842 	EXP 	Leftimg: autoDraw = False
47.0842 	EXP 	Rightimg: autoDraw = False
48.0521 	DATA 	Keypress: right
48.0532 	EXP 	New trial (rep=0, index=13): {'YLeftPos': 0, 'time_presentation': 0.5, 'XLeftPos': -300, 'XRightPos': 300, 'rightimg': u'frogs/ab71.jpg', 'YRightPos': 0, 'leftimg': u'frogs/ab31.jpg'}
48.1333 	EXP 	Leftimg: autoDraw = False
48.1333 	EXP 	Rightimg: autoDraw = False
48.1333 	EXP 	text: autoDraw = False
48.1333 	EXP 	Leftimg: pos = array([-300.,    0.])
48.1333 	EXP 	Leftimg: image = u'frogs/ab31.jpg'
48.1333 	EXP 	Rightimg: pos = array([ 300.,    0.])
48.1333 	EXP 	Rightimg: image = u'frogs/ab71.jpg'
48.1333 	EXP 	Leftimg: autoDraw = True
48.1333 	EXP 	Rightimg: autoDraw = True
48.5675 	EXP 	Leftimg: autoDraw = False
48.5675 	EXP 	Rightimg: autoDraw = False
48.8689 	DATA 	Keypress: right
48.8700 	EXP 	New trial (rep=0, index=14): {'YLeftPos': 0, 'time_presentation': 0.5, 'XLeftPos': -300, 'XRightPos': 300, 'rightimg': u'frogs/ab74.jpg', 'YRightPos': 0, 'leftimg': u'frogs/ab34.jpg'}
48.9501 	EXP 	Leftimg: autoDraw = False
48.9501 	EXP 	Rightimg: autoDraw = False
48.9501 	EXP 	text: autoDraw = False
48.9501 	EXP 	Leftimg: pos = array([-300.,    0.])
48.9501 	EXP 	Leftimg: image = u'frogs/ab34.jpg'
48.9501 	EXP 	Rightimg: pos = array([ 300.,    0.])
48.9501 	EXP 	Rightimg: image = u'frogs/ab74.jpg'
48.9501 	EXP 	Leftimg: autoDraw = True
48.9501 	EXP 	Rightimg: autoDraw = True
49.3842 	EXP 	Leftimg: autoDraw = False
49.3842 	EXP 	Rightimg: autoDraw = False
49.8527 	DATA 	Keypress: right
49.8538 	EXP 	New trial (rep=0, index=15): {'YLeftPos': 0, 'time_presentation': 0.5, 'XLeftPos': -300, 'XRightPos': 300, 'rightimg': u'frogs/ab61.jpg', 'YRightPos': 0, 'leftimg': u'frogs/ab21.jpg'}
49.8836 	EXP 	Leftimg: autoDraw = False
49.8836 	EXP 	Rightimg: autoDraw = False
49.8836 	EXP 	text: autoDraw = False
49.8836 	EXP 	Leftimg: pos = array([-300.,    0.])
49.8836 	EXP 	Leftimg: image = u'frogs/ab21.jpg'
49.8836 	EXP 	Rightimg: pos = array([ 300.,    0.])
49.8836 	EXP 	Rightimg: image = u'frogs/ab61.jpg'
49.8836 	EXP 	Leftimg: autoDraw = True
49.8836 	EXP 	Rightimg: autoDraw = True
50.3677 	EXP 	Leftimg: autoDraw = False
50.3677 	EXP 	Rightimg: autoDraw = False
51.2358 	DATA 	Keypress: right
51.2370 	EXP 	New trial (rep=0, index=16): {'YLeftPos': 0, 'time_presentation': 0.5, 'XLeftPos': -300, 'XRightPos': 300, 'rightimg': u'frogs/ab45.jpg', 'YRightPos': 0, 'leftimg': u'frogs/ab5.jpg'}
51.2683 	EXP 	Leftimg: autoDraw = False
51.2683 	EXP 	Rightimg: autoDraw = False
51.2683 	EXP 	text: autoDraw = False
51.2683 	EXP 	Leftimg: pos = array([-300.,    0.])
51.2683 	EXP 	Leftimg: image = u'frogs/ab5.jpg'
51.2683 	EXP 	Rightimg: pos = array([ 300.,    0.])
51.2683 	EXP 	Rightimg: image = u'frogs/ab45.jpg'
51.2683 	EXP 	Leftimg: autoDraw = True
51.2683 	EXP 	Rightimg: autoDraw = True
51.7508 	EXP 	Leftimg: autoDraw = False
51.7508 	EXP 	Rightimg: autoDraw = False
52.1021 	DATA 	Keypress: left
52.1030 	EXP 	New trial (rep=0, index=17): {'YLeftPos': 0, 'time_presentation': 0.5, 'XLeftPos': -300, 'XRightPos': 300, 'rightimg': u'frogs/ab63.jpg', 'YRightPos': 0, 'leftimg': u'frogs/ab23.jpg'}
52.1334 	EXP 	Leftimg: autoDraw = False
52.1334 	EXP 	Rightimg: autoDraw = False
52.1334 	EXP 	text: autoDraw = False
52.1334 	EXP 	Leftimg: pos = array([-300.,    0.])
52.1334 	EXP 	Leftimg: image = u'frogs/ab23.jpg'
52.1334 	EXP 	Rightimg: pos = array([ 300.,    0.])
52.1334 	EXP 	Rightimg: image = u'frogs/ab63.jpg'
52.1334 	EXP 	Leftimg: autoDraw = True
52.1334 	EXP 	Rightimg: autoDraw = True
52.6175 	EXP 	Leftimg: autoDraw = False
52.6175 	EXP 	Rightimg: autoDraw = False
52.9517 	DATA 	Keypress: left
52.9528 	EXP 	New trial (rep=0, index=18): {'YLeftPos': 0, 'time_presentation': 0.5, 'XLeftPos': -300, 'XRightPos': 300, 'rightimg': u'frogs/ab47.jpg', 'YRightPos': 0, 'leftimg': u'frogs/ab7.jpg'}
53.3011 	EXP 	Leftimg: autoDraw = False
53.3011 	EXP 	Rightimg: autoDraw = False
53.3011 	EXP 	text: autoDraw = False
53.3011 	EXP 	Leftimg: pos = array([-300.,    0.])
53.3011 	EXP 	Leftimg: image = u'frogs/ab7.jpg'
53.3011 	EXP 	Rightimg: pos = array([ 300.,    0.])
53.3011 	EXP 	Rightimg: image = u'frogs/ab47.jpg'
53.3011 	EXP 	Leftimg: autoDraw = True
53.3011 	EXP 	Rightimg: autoDraw = True
53.4673 	EXP 	Leftimg: autoDraw = False
53.4673 	EXP 	Rightimg: autoDraw = False
54.7359 	DATA 	Keypress: left
54.7371 	EXP 	New trial (rep=0, index=19): {'YLeftPos': 0, 'time_presentation': 0.5, 'XLeftPos': -300, 'XRightPos': 300, 'rightimg': u'frogs/ab49.jpg', 'YRightPos': 0, 'leftimg': u'frogs/ab9.jpg'}
54.9511 	EXP 	Leftimg: autoDraw = False
54.9511 	EXP 	Rightimg: autoDraw = False
54.9511 	EXP 	text: autoDraw = False
54.9511 	EXP 	Leftimg: pos = array([-300.,    0.])
54.9511 	EXP 	Leftimg: image = u'frogs/ab9.jpg'
54.9511 	EXP 	Rightimg: pos = array([ 300.,    0.])
54.9511 	EXP 	Rightimg: image = u'frogs/ab49.jpg'
54.9511 	EXP 	Leftimg: autoDraw = True
54.9511 	EXP 	Rightimg: autoDraw = True
55.2508 	EXP 	Leftimg: autoDraw = False
55.2508 	EXP 	Rightimg: autoDraw = False
55.8852 	DATA 	Keypress: right
55.8863 	EXP 	New trial (rep=0, index=20): {'YLeftPos': 0, 'time_presentation': 0.5, 'XLeftPos': -300, 'XRightPos': 300, 'rightimg': u'frogs/ab65.jpg', 'YRightPos': 0, 'leftimg': u'frogs/ab25.jpg'}
55.9510 	EXP 	Leftimg: autoDraw = False
55.9510 	EXP 	Rightimg: autoDraw = False
55.9510 	EXP 	text: autoDraw = False
55.9510 	EXP 	Leftimg: pos = array([-300.,    0.])
55.9510 	EXP 	Leftimg: image = u'frogs/ab25.jpg'
55.9510 	EXP 	Rightimg: pos = array([ 300.,    0.])
55.9510 	EXP 	Rightimg: image = u'frogs/ab65.jpg'
55.9510 	EXP 	Leftimg: autoDraw = True
55.9510 	EXP 	Rightimg: autoDraw = True
56.4008 	EXP 	Leftimg: autoDraw = False
56.4008 	EXP 	Rightimg: autoDraw = False
57.2354 	DATA 	Keypress: right
57.2364 	EXP 	New trial (rep=0, index=21): {'YLeftPos': 0, 'time_presentation': 0.5, 'XLeftPos': -300, 'XRightPos': 300, 'rightimg': u'frogs/ab57.jpg', 'YRightPos': 0, 'leftimg': u'frogs/ab17.jpg'}
57.3342 	EXP 	Leftimg: autoDraw = False
57.3342 	EXP 	Rightimg: autoDraw = False
57.3342 	EXP 	text: autoDraw = False
57.3342 	EXP 	Leftimg: pos = array([-300.,    0.])
57.3342 	EXP 	Leftimg: image = u'frogs/ab17.jpg'
57.3342 	EXP 	Rightimg: pos = array([ 300.,    0.])
57.3342 	EXP 	Rightimg: image = u'frogs/ab57.jpg'
57.3342 	EXP 	Leftimg: autoDraw = True
57.3342 	EXP 	Rightimg: autoDraw = True
57.7507 	EXP 	Leftimg: autoDraw = False
57.7507 	EXP 	Rightimg: autoDraw = False
58.9359 	DATA 	Keypress: right
58.9370 	EXP 	New trial (rep=0, index=22): {'YLeftPos': 0, 'time_presentation': 0.5, 'XLeftPos': -300, 'XRightPos': 300, 'rightimg': u'frogs/ab50.jpg', 'YRightPos': 0, 'leftimg': u'frogs/ab10.jpg'}
59.0006 	EXP 	Leftimg: autoDraw = False
59.0006 	EXP 	Rightimg: autoDraw = False
59.0006 	EXP 	text: autoDraw = False
59.0006 	EXP 	Leftimg: pos = array([-300.,    0.])
59.0006 	EXP 	Leftimg: image = u'frogs/ab10.jpg'
59.0006 	EXP 	Rightimg: pos = array([ 300.,    0.])
59.0006 	EXP 	Rightimg: image = u'frogs/ab50.jpg'
59.0006 	EXP 	Leftimg: autoDraw = True
59.0006 	EXP 	Rightimg: autoDraw = True
59.4507 	EXP 	Leftimg: autoDraw = False
59.4507 	EXP 	Rightimg: autoDraw = False
60.0190 	DATA 	Keypress: left
60.0201 	EXP 	New trial (rep=0, index=23): {'YLeftPos': 0, 'time_presentation': 0.5, 'XLeftPos': -300, 'XRightPos': 300, 'rightimg': u'frogs/ab73.jpg', 'YRightPos': 0, 'leftimg': u'frogs/ab33.jpg'}
60.1176 	EXP 	Leftimg: autoDraw = False
60.1176 	EXP 	Rightimg: autoDraw = False
60.1176 	EXP 	text: autoDraw = False
60.1176 	EXP 	Leftimg: pos = array([-300.,    0.])
60.1176 	EXP 	Leftimg: image = u'frogs/ab33.jpg'
60.1176 	EXP 	Rightimg: pos = array([ 300.,    0.])
60.1176 	EXP 	Rightimg: image = u'frogs/ab73.jpg'
60.1176 	EXP 	Leftimg: autoDraw = True
60.1176 	EXP 	Rightimg: autoDraw = True
60.5342 	EXP 	Leftimg: autoDraw = False
60.5342 	EXP 	Rightimg: autoDraw = False
61.0857 	DATA 	Keypress: left
61.0868 	EXP 	New trial (rep=0, index=24): {'YLeftPos': 0, 'time_presentation': 0.5, 'XLeftPos': -300, 'XRightPos': 300, 'rightimg': u'frogs/ab79.jpg', 'YRightPos': 0, 'leftimg': u'frogs/ab39.jpg'}
61.1168 	EXP 	Leftimg: autoDraw = False
61.1168 	EXP 	Rightimg: autoDraw = False
61.1168 	EXP 	text: autoDraw = False
61.1168 	EXP 	Leftimg: pos = array([-300.,    0.])
61.1168 	EXP 	Leftimg: image = u'frogs/ab39.jpg'
61.1168 	EXP 	Rightimg: pos = array([ 300.,    0.])
61.1168 	EXP 	Rightimg: image = u'frogs/ab79.jpg'
61.1168 	EXP 	Leftimg: autoDraw = True
61.1168 	EXP 	Rightimg: autoDraw = True
61.6007 	EXP 	Leftimg: autoDraw = False
61.6007 	EXP 	Rightimg: autoDraw = False
61.9191 	DATA 	Keypress: left
61.9202 	EXP 	New trial (rep=0, index=25): {'YLeftPos': 0, 'time_presentation': 0.5, 'XLeftPos': -300, 'XRightPos': 300, 'rightimg': u'frogs/ab66.jpg', 'YRightPos': 0, 'leftimg': u'frogs/ab26.jpg'}
61.9331 	EXP 	Leftimg: autoDraw = False
61.9331 	EXP 	Rightimg: autoDraw = False
61.9331 	EXP 	text: autoDraw = False
61.9331 	EXP 	Leftimg: pos = array([-300.,    0.])
61.9331 	EXP 	Leftimg: image = u'frogs/ab26.jpg'
61.9331 	EXP 	Rightimg: pos = array([ 300.,    0.])
61.9331 	EXP 	Rightimg: image = u'frogs/ab66.jpg'
61.9331 	EXP 	Leftimg: autoDraw = True
61.9331 	EXP 	Rightimg: autoDraw = True
62.4339 	EXP 	Leftimg: autoDraw = False
62.4339 	EXP 	Rightimg: autoDraw = False
62.7687 	DATA 	Keypress: left
62.7698 	EXP 	New trial (rep=0, index=26): {'YLeftPos': 0, 'time_presentation': 0.5, 'XLeftPos': -300, 'XRightPos': 300, 'rightimg': u'frogs/ab75.jpg', 'YRightPos': 0, 'leftimg': u'frogs/ab35.jpg'}
62.8001 	EXP 	Leftimg: autoDraw = False
62.8001 	EXP 	Rightimg: autoDraw = False
62.8001 	EXP 	text: autoDraw = False
62.8001 	EXP 	Leftimg: pos = array([-300.,    0.])
62.8001 	EXP 	Leftimg: image = u'frogs/ab35.jpg'
62.8001 	EXP 	Rightimg: pos = array([ 300.,    0.])
62.8001 	EXP 	Rightimg: image = u'frogs/ab75.jpg'
62.8001 	EXP 	Leftimg: autoDraw = True
62.8001 	EXP 	Rightimg: autoDraw = True
63.2838 	EXP 	Leftimg: autoDraw = False
63.2838 	EXP 	Rightimg: autoDraw = False
64.0023 	DATA 	Keypress: left
64.0035 	EXP 	New trial (rep=0, index=27): {'YLeftPos': 0, 'time_presentation': 0.5, 'XLeftPos': -300, 'XRightPos': 300, 'rightimg': u'frogs/ab76.jpg', 'YRightPos': 0, 'leftimg': u'frogs/ab36.jpg'}
64.0509 	EXP 	Leftimg: autoDraw = False
64.0509 	EXP 	Rightimg: autoDraw = False
64.0509 	EXP 	text: autoDraw = False
64.0509 	EXP 	Leftimg: pos = array([-300.,    0.])
64.0509 	EXP 	Leftimg: image = u'frogs/ab36.jpg'
64.0509 	EXP 	Rightimg: pos = array([ 300.,    0.])
64.0509 	EXP 	Rightimg: image = u'frogs/ab76.jpg'
64.0509 	EXP 	Leftimg: autoDraw = True
64.0509 	EXP 	Rightimg: autoDraw = True
64.5173 	EXP 	Leftimg: autoDraw = False
64.5173 	EXP 	Rightimg: autoDraw = False
65.1523 	DATA 	Keypress: left
65.1534 	EXP 	New trial (rep=0, index=28): {'YLeftPos': 0, 'time_presentation': 0.5, 'XLeftPos': -300, 'XRightPos': 300, 'rightimg': u'frogs/ab51.jpg', 'YRightPos': 0, 'leftimg': u'frogs/ab11.jpg'}
65.2164 	EXP 	Leftimg: autoDraw = False
65.2164 	EXP 	Rightimg: autoDraw = False
65.2164 	EXP 	text: autoDraw = False
65.2164 	EXP 	Leftimg: pos = array([-300.,    0.])
65.2164 	EXP 	Leftimg: image = u'frogs/ab11.jpg'
65.2164 	EXP 	Rightimg: pos = array([ 300.,    0.])
65.2164 	EXP 	Rightimg: image = u'frogs/ab51.jpg'
65.2164 	EXP 	Leftimg: autoDraw = True
65.2164 	EXP 	Rightimg: autoDraw = True
65.6673 	EXP 	Leftimg: autoDraw = False
65.6673 	EXP 	Rightimg: autoDraw = False
66.1850 	DATA 	Keypress: left
66.1861 	EXP 	New trial (rep=0, index=29): {'YLeftPos': 0, 'time_presentation': 0.5, 'XLeftPos': -300, 'XRightPos': 300, 'rightimg': u'frogs/ab52.jpg', 'YRightPos': 0, 'leftimg': u'frogs/ab12.jpg'}
66.1996 	EXP 	Leftimg: autoDraw = False
66.1996 	EXP 	Rightimg: autoDraw = False
66.1996 	EXP 	text: autoDraw = False
66.1996 	EXP 	Leftimg: pos = array([-300.,    0.])
66.1996 	EXP 	Leftimg: image = u'frogs/ab12.jpg'
66.1996 	EXP 	Rightimg: pos = array([ 300.,    0.])
66.1996 	EXP 	Rightimg: image = u'frogs/ab52.jpg'
66.1996 	EXP 	Leftimg: autoDraw = True
66.1996 	EXP 	Rightimg: autoDraw = True
66.7006 	EXP 	Leftimg: autoDraw = False
66.7006 	EXP 	Rightimg: autoDraw = False
67.1523 	DATA 	Keypress: left
67.1534 	EXP 	New trial (rep=0, index=30): {'YLeftPos': 0, 'time_presentation': 0.5, 'XLeftPos': -300, 'XRightPos': 300, 'rightimg': u'frogs/ab64.jpg', 'YRightPos': 0, 'leftimg': u'frogs/ab24.jpg'}
67.1670 	EXP 	Leftimg: autoDraw = False
67.1670 	EXP 	Rightimg: autoDraw = False
67.1670 	EXP 	text: autoDraw = False
67.1670 	EXP 	Leftimg: pos = array([-300.,    0.])
67.1670 	EXP 	Leftimg: image = u'frogs/ab24.jpg'
67.1670 	EXP 	Rightimg: pos = array([ 300.,    0.])
67.1670 	EXP 	Rightimg: image = u'frogs/ab64.jpg'
67.1670 	EXP 	Leftimg: autoDraw = True
67.1670 	EXP 	Rightimg: autoDraw = True
67.6673 	EXP 	Leftimg: autoDraw = False
67.6673 	EXP 	Rightimg: autoDraw = False
68.2855 	DATA 	Keypress: left
68.2865 	EXP 	New trial (rep=0, index=31): {'YLeftPos': 0, 'time_presentation': 0.5, 'XLeftPos': -300, 'XRightPos': 300, 'rightimg': u'frogs/ab77.jpg', 'YRightPos': 0, 'leftimg': u'frogs/ab37.jpg'}
68.3334 	EXP 	Leftimg: autoDraw = False
68.3334 	EXP 	Rightimg: autoDraw = False
68.3334 	EXP 	text: autoDraw = False
68.3334 	EXP 	Leftimg: pos = array([-300.,    0.])
68.3334 	EXP 	Leftimg: image = u'frogs/ab37.jpg'
68.3334 	EXP 	Rightimg: pos = array([ 300.,    0.])
68.3334 	EXP 	Rightimg: image = u'frogs/ab77.jpg'
68.3334 	EXP 	Leftimg: autoDraw = True
68.3334 	EXP 	Rightimg: autoDraw = True
68.8006 	EXP 	Leftimg: autoDraw = False
68.8006 	EXP 	Rightimg: autoDraw = False
69.5856 	DATA 	Keypress: left
69.5867 	EXP 	New trial (rep=0, index=32): {'YLeftPos': 0, 'time_presentation': 0.5, 'XLeftPos': -300, 'XRightPos': 300, 'rightimg': u'frogs/ab48.jpg', 'YRightPos': 0, 'leftimg': u'frogs/ab8.jpg'}
69.6338 	EXP 	Leftimg: autoDraw = False
69.6338 	EXP 	Rightimg: autoDraw = False
69.6338 	EXP 	text: autoDraw = False
69.6338 	EXP 	Leftimg: pos = array([-300.,    0.])
69.6338 	EXP 	Leftimg: image = u'frogs/ab8.jpg'
69.6338 	EXP 	Rightimg: pos = array([ 300.,    0.])
69.6338 	EXP 	Rightimg: image = u'frogs/ab48.jpg'
69.6338 	EXP 	Leftimg: autoDraw = True
69.6338 	EXP 	Rightimg: autoDraw = True
70.1005 	EXP 	Leftimg: autoDraw = False
70.1005 	EXP 	Rightimg: autoDraw = False
71.0513 	DATA 	Keypress: right
71.0523 	EXP 	New trial (rep=0, index=33): {'YLeftPos': 0, 'time_presentation': 0.5, 'XLeftPos': -300, 'XRightPos': 300, 'rightimg': u'frogs/ab41.jpg', 'YRightPos': 0, 'leftimg': u'frogs/ab1.jpg'}
71.0669 	EXP 	Leftimg: autoDraw = False
71.0669 	EXP 	Rightimg: autoDraw = False
71.0669 	EXP 	text: autoDraw = False
71.0669 	EXP 	Leftimg: pos = array([-300.,    0.])
71.0669 	EXP 	Leftimg: image = u'frogs/ab1.jpg'
71.0669 	EXP 	Rightimg: pos = array([ 300.,    0.])
71.0669 	EXP 	Rightimg: image = u'frogs/ab41.jpg'
71.0669 	EXP 	Leftimg: autoDraw = True
71.0669 	EXP 	Rightimg: autoDraw = True
71.5665 	EXP 	Leftimg: autoDraw = False
71.5665 	EXP 	Rightimg: autoDraw = False
72.0188 	DATA 	Keypress: right
72.0198 	EXP 	New trial (rep=0, index=34): {'YLeftPos': 0, 'time_presentation': 0.5, 'XLeftPos': -300, 'XRightPos': 300, 'rightimg': u'frogs/ab42.jpg', 'YRightPos': 0, 'leftimg': u'frogs/ab2.jpg'}
72.3337 	EXP 	Leftimg: autoDraw = False
72.3337 	EXP 	Rightimg: autoDraw = False
72.3337 	EXP 	text: autoDraw = False
72.3337 	EXP 	Leftimg: pos = array([-300.,    0.])
72.3337 	EXP 	Leftimg: image = u'frogs/ab2.jpg'
72.3337 	EXP 	Rightimg: pos = array([ 300.,    0.])
72.3337 	EXP 	Rightimg: image = u'frogs/ab42.jpg'
72.3337 	EXP 	Leftimg: autoDraw = True
72.3337 	EXP 	Rightimg: autoDraw = True
72.5338 	EXP 	Leftimg: autoDraw = False
72.5338 	EXP 	Rightimg: autoDraw = False
73.0184 	DATA 	Keypress: left
73.0195 	EXP 	New trial (rep=0, index=35): {'YLeftPos': 0, 'time_presentation': 0.5, 'XLeftPos': -300, 'XRightPos': 300, 'rightimg': u'frogs/ab44.jpg', 'YRightPos': 0, 'leftimg': u'frogs/ab4.jpg'}
73.0508 	EXP 	Leftimg: autoDraw = False
73.0508 	EXP 	Rightimg: autoDraw = False
73.0508 	EXP 	text: autoDraw = False
73.0508 	EXP 	Leftimg: pos = array([-300.,    0.])
73.0508 	EXP 	Leftimg: image = u'frogs/ab4.jpg'
73.0508 	EXP 	Rightimg: pos = array([ 300.,    0.])
73.0508 	EXP 	Rightimg: image = u'frogs/ab44.jpg'
73.0508 	EXP 	Leftimg: autoDraw = True
73.0508 	EXP 	Rightimg: autoDraw = True
73.5338 	EXP 	Leftimg: autoDraw = False
73.5338 	EXP 	Rightimg: autoDraw = False
74.3696 	DATA 	Keypress: right
74.3708 	EXP 	New trial (rep=0, index=36): {'YLeftPos': 0, 'time_presentation': 0.5, 'XLeftPos': -300, 'XRightPos': 300, 'rightimg': u'4.jpg', 'YRightPos': 0, 'leftimg': u'2.jpg'}
74.4000 	EXP 	Leftimg: autoDraw = False
74.4000 	EXP 	Rightimg: autoDraw = False
74.4000 	EXP 	text: autoDraw = False
74.4000 	EXP 	Leftimg: pos = array([-300.,    0.])
74.4000 	EXP 	Leftimg: image = u'2.jpg'
74.4000 	EXP 	Rightimg: pos = array([ 300.,    0.])
74.4000 	EXP 	Rightimg: image = u'4.jpg'
74.4000 	EXP 	Leftimg: autoDraw = True
74.4000 	EXP 	Rightimg: autoDraw = True
74.8835 	EXP 	Leftimg: autoDraw = False
74.8835 	EXP 	Rightimg: autoDraw = False
75.7689 	DATA 	Keypress: right
75.7700 	EXP 	New trial (rep=0, index=37): {'YLeftPos': 0, 'time_presentation': 0.5, 'XLeftPos': -300, 'XRightPos': 300, 'rightimg': u'frogs/ab67.jpg', 'YRightPos': 0, 'leftimg': u'frogs/ab27.jpg'}
75.8171 	EXP 	Leftimg: autoDraw = False
75.8171 	EXP 	Rightimg: autoDraw = False
75.8171 	EXP 	text: autoDraw = False
75.8171 	EXP 	Leftimg: pos = array([-300.,    0.])
75.8171 	EXP 	Leftimg: image = u'frogs/ab27.jpg'
75.8171 	EXP 	Rightimg: pos = array([ 300.,    0.])
75.8171 	EXP 	Rightimg: image = u'frogs/ab67.jpg'
75.8171 	EXP 	Leftimg: autoDraw = True
75.8171 	EXP 	Rightimg: autoDraw = True
76.2838 	EXP 	Leftimg: autoDraw = False
76.2838 	EXP 	Rightimg: autoDraw = False
76.9688 	DATA 	Keypress: right
76.9699 	EXP 	New trial (rep=0, index=38): {'YLeftPos': 0, 'time_presentation': 0.5, 'XLeftPos': -300, 'XRightPos': 300, 'rightimg': u'3.jpg', 'YRightPos': 0, 'leftimg': u'1.jpg'}
77.0170 	EXP 	Leftimg: autoDraw = False
77.0170 	EXP 	Rightimg: autoDraw = False
77.0170 	EXP 	text: autoDraw = False
77.0170 	EXP 	Leftimg: pos = array([-300.,    0.])
77.0170 	EXP 	Leftimg: image = u'1.jpg'
77.0170 	EXP 	Rightimg: pos = array([ 300.,    0.])
77.0170 	EXP 	Rightimg: image = u'3.jpg'
77.0170 	EXP 	Leftimg: autoDraw = True
77.0170 	EXP 	Rightimg: autoDraw = True
77.4838 	EXP 	Leftimg: autoDraw = False
77.4838 	EXP 	Rightimg: autoDraw = False
78.9696 	DATA 	Keypress: left
78.9712 	EXP 	New trial (rep=0, index=39): {'YLeftPos': 0, 'time_presentation': 0.5, 'XLeftPos': -300, 'XRightPos': 300, 'rightimg': u'1.jpg', 'YRightPos': 0, 'leftimg': u'3.jpg'}
79.0174 	EXP 	Leftimg: autoDraw = False
79.0174 	EXP 	Rightimg: autoDraw = False
79.0174 	EXP 	text: autoDraw = False
79.0174 	EXP 	Leftimg: pos = array([-300.,    0.])
79.0174 	EXP 	Leftimg: image = u'3.jpg'
79.0174 	EXP 	Rightimg: pos = array([ 300.,    0.])
79.0174 	EXP 	Rightimg: image = u'1.jpg'
79.0174 	EXP 	Leftimg: autoDraw = True
79.0174 	EXP 	Rightimg: autoDraw = True
79.4837 	EXP 	Leftimg: autoDraw = False
79.4837 	EXP 	Rightimg: autoDraw = False
79.7362 	DATA 	Keypress: right
79.7517 	EXP 	New trial (rep=0, index=40): {'YLeftPos': 0, 'time_presentation': 0.5, 'XLeftPos': -300, 'XRightPos': 300, 'rightimg': u'frogs/ab46.jpg', 'YRightPos': 0, 'leftimg': u'frogs/ab6.jpg'}
79.8340 	EXP 	Leftimg: autoDraw = False
79.8340 	EXP 	Rightimg: autoDraw = False
79.8340 	EXP 	text: autoDraw = False
79.8340 	EXP 	Leftimg: pos = array([-300.,    0.])
79.8340 	EXP 	Leftimg: image = u'frogs/ab6.jpg'
79.8340 	EXP 	Rightimg: pos = array([ 300.,    0.])
79.8340 	EXP 	Rightimg: image = u'frogs/ab46.jpg'
79.8340 	EXP 	Leftimg: autoDraw = True
79.8340 	EXP 	Rightimg: autoDraw = True
80.2671 	EXP 	Leftimg: autoDraw = False
80.2671 	EXP 	Rightimg: autoDraw = False
81.5523 	DATA 	Keypress: right
81.5535 	EXP 	New trial (rep=0, index=41): {'YLeftPos': 0, 'time_presentation': 0.5, 'XLeftPos': -300, 'XRightPos': 300, 'rightimg': u'2.jpg', 'YRightPos': 0, 'leftimg': u'4.jpg'}
81.5838 	EXP 	Leftimg: autoDraw = False
81.5838 	EXP 	Rightimg: autoDraw = False
81.5838 	EXP 	text: autoDraw = False
81.5838 	EXP 	Leftimg: pos = array([-300.,    0.])
81.5838 	EXP 	Leftimg: image = u'4.jpg'
81.5838 	EXP 	Rightimg: pos = array([ 300.,    0.])
81.5838 	EXP 	Rightimg: image = u'2.jpg'
81.5838 	EXP 	Leftimg: autoDraw = True
81.5838 	EXP 	Rightimg: autoDraw = True
82.0669 	EXP 	Leftimg: autoDraw = False
82.0669 	EXP 	Rightimg: autoDraw = False
82.3843 	DATA 	Keypress: left
82.3853 	EXP 	New trial (rep=0, index=42): {'YLeftPos': 0, 'time_presentation': 0.5, 'XLeftPos': -300, 'XRightPos': 300, 'rightimg': u'frogs/ab69.jpg', 'YRightPos': 0, 'leftimg': u'frogs/ab29.jpg'}
82.4171 	EXP 	Leftimg: autoDraw = False
82.4171 	EXP 	Rightimg: autoDraw = False
82.4171 	EXP 	text: autoDraw = False
82.4171 	EXP 	Leftimg: pos = array([-300.,    0.])
82.4171 	EXP 	Leftimg: image = u'frogs/ab29.jpg'
82.4171 	EXP 	Rightimg: pos = array([ 300.,    0.])
82.4171 	EXP 	Rightimg: image = u'frogs/ab69.jpg'
82.4171 	EXP 	Leftimg: autoDraw = True
82.4171 	EXP 	Rightimg: autoDraw = True
82.9002 	EXP 	Leftimg: autoDraw = False
82.9002 	EXP 	Rightimg: autoDraw = False
83.3189 	DATA 	Keypress: left
83.3201 	EXP 	New trial (rep=0, index=43): {'YLeftPos': 0, 'time_presentation': 0.5, 'XLeftPos': -300, 'XRightPos': 300, 'rightimg': u'frogs/ab54.jpg', 'YRightPos': 0, 'leftimg': u'frogs/ab14.jpg'}
83.3496 	EXP 	Leftimg: autoDraw = False
83.3496 	EXP 	Rightimg: autoDraw = False
83.3496 	EXP 	text: autoDraw = False
83.3496 	EXP 	Leftimg: pos = array([-300.,    0.])
83.3496 	EXP 	Leftimg: image = u'frogs/ab14.jpg'
83.3496 	EXP 	Rightimg: pos = array([ 300.,    0.])
83.3496 	EXP 	Rightimg: image = u'frogs/ab54.jpg'
83.3496 	EXP 	Leftimg: autoDraw = True
83.3496 	EXP 	Rightimg: autoDraw = True
83.8337 	EXP 	Leftimg: autoDraw = False
83.8337 	EXP 	Rightimg: autoDraw = False
84.5351 	DATA 	Keypress: right
84.5975 	EXP 	window1: blendMode = 'avg'
84.6171 	EXP 	Leftimg: autoDraw = False
84.6171 	EXP 	Rightimg: autoDraw = False
84.6171 	EXP 	text: autoDraw = False
84.6171 	EXP 	text_3: autoDraw = True
84.6180 	EXP 	window1: blendMode = 'avg'
84.6348 	EXP 	window1: blendMode = 'avg'
84.6515 	EXP 	window1: blendMode = 'avg'
84.6684 	EXP 	window1: blendMode = 'avg'
84.6848 	EXP 	window1: blendMode = 'avg'
84.7013 	EXP 	window1: blendMode = 'avg'
84.7181 	EXP 	window1: blendMode = 'avg'
84.7348 	EXP 	window1: blendMode = 'avg'
84.7515 	EXP 	window1: blendMode = 'avg'
84.7681 	EXP 	window1: blendMode = 'avg'
84.7848 	EXP 	window1: blendMode = 'avg'
84.8013 	EXP 	window1: blendMode = 'avg'
84.8181 	EXP 	window1: blendMode = 'avg'
84.8348 	EXP 	window1: blendMode = 'avg'
84.8513 	EXP 	window1: blendMode = 'avg'
84.8681 	EXP 	window1: blendMode = 'avg'
84.8848 	EXP 	window1: blendMode = 'avg'
84.9015 	EXP 	window1: blendMode = 'avg'
84.9181 	EXP 	window1: blendMode = 'avg'
84.9347 	EXP 	window1: blendMode = 'avg'
84.9515 	EXP 	window1: blendMode = 'avg'
84.9681 	EXP 	window1: blendMode = 'avg'
84.9847 	EXP 	window1: blendMode = 'avg'
85.0014 	EXP 	window1: blendMode = 'avg'
85.0181 	EXP 	window1: blendMode = 'avg'
85.0347 	EXP 	window1: blendMode = 'avg'
85.0513 	EXP 	window1: blendMode = 'avg'
85.0681 	EXP 	window1: blendMode = 'avg'
85.0848 	EXP 	window1: blendMode = 'avg'
85.1016 	EXP 	window1: blendMode = 'avg'
85.1180 	EXP 	window1: blendMode = 'avg'
85.1347 	EXP 	window1: blendMode = 'avg'
85.1514 	EXP 	window1: blendMode = 'avg'
85.1680 	EXP 	window1: blendMode = 'avg'
85.1840 	EXP 	window1: blendMode = 'avg'
85.2010 	EXP 	window1: blendMode = 'avg'
85.2179 	EXP 	window1: blendMode = 'avg'
85.2347 	EXP 	window1: blendMode = 'avg'
85.2514 	EXP 	window1: blendMode = 'avg'
85.2681 	EXP 	window1: blendMode = 'avg'
85.2847 	EXP 	window1: blendMode = 'avg'
85.3014 	EXP 	window1: blendMode = 'avg'
85.3181 	EXP 	window1: blendMode = 'avg'
85.3346 	EXP 	window1: blendMode = 'avg'
85.3515 	EXP 	window1: blendMode = 'avg'
85.3681 	EXP 	window1: blendMode = 'avg'
85.3847 	EXP 	window1: blendMode = 'avg'
85.4015 	EXP 	window1: blendMode = 'avg'
85.4180 	EXP 	window1: blendMode = 'avg'
85.4348 	EXP 	window1: blendMode = 'avg'
85.4513 	EXP 	window1: blendMode = 'avg'
85.4681 	EXP 	window1: blendMode = 'avg'
85.4848 	EXP 	window1: blendMode = 'avg'
85.5016 	EXP 	window1: blendMode = 'avg'
85.5182 	EXP 	window1: blendMode = 'avg'
85.5342 	EXP 	window1: blendMode = 'avg'
85.5511 	EXP 	window1: blendMode = 'avg'
85.5679 	EXP 	window1: blendMode = 'avg'
85.5844 	EXP 	window1: blendMode = 'avg'
85.6007 	EXP 	window1: blendMode = 'avg'
85.6174 	EXP 	window1: blendMode = 'avg'
85.6341 	EXP 	window1: blendMode = 'avg'
85.6513 	EXP 	window1: blendMode = 'avg'
85.6686 	EXP 	window1: blendMode = 'avg'
85.6846 	EXP 	window1: blendMode = 'avg'
85.7013 	EXP 	window1: blendMode = 'avg'
85.7171 	EXP 	window1: blendMode = 'avg'
85.7339 	EXP 	window1: blendMode = 'avg'
85.7505 	EXP 	window1: blendMode = 'avg'
85.7674 	EXP 	window1: blendMode = 'avg'
85.7842 	EXP 	window1: blendMode = 'avg'
85.8007 	EXP 	window1: blendMode = 'avg'
85.8181 	EXP 	window1: blendMode = 'avg'
85.8347 	EXP 	window1: blendMode = 'avg'
85.8515 	EXP 	window1: blendMode = 'avg'
85.8680 	EXP 	window1: blendMode = 'avg'
85.8839 	EXP 	window1: blendMode = 'avg'
85.9015 	EXP 	window1: blendMode = 'avg'
85.9180 	EXP 	window1: blendMode = 'avg'
85.9348 	EXP 	window1: blendMode = 'avg'
85.9514 	EXP 	window1: blendMode = 'avg'
85.9682 	EXP 	window1: blendMode = 'avg'
85.9848 	EXP 	window1: blendMode = 'avg'
86.0014 	EXP 	window1: blendMode = 'avg'
86.0181 	EXP 	window1: blendMode = 'avg'
86.0347 	EXP 	window1: blendMode = 'avg'
86.0514 	EXP 	window1: blendMode = 'avg'
86.0680 	EXP 	window1: blendMode = 'avg'
86.0843 	EXP 	window1: blendMode = 'avg'
86.1013 	EXP 	window1: blendMode = 'avg'
86.1181 	EXP 	window1: blendMode = 'avg'
86.1348 	EXP 	window1: blendMode = 'avg'
86.1513 	EXP 	window1: blendMode = 'avg'
86.1680 	EXP 	window1: blendMode = 'avg'
86.1848 	EXP 	window1: blendMode = 'avg'
86.2014 	EXP 	window1: blendMode = 'avg'
86.2177 	EXP 	window1: blendMode = 'avg'
86.2345 	EXP 	window1: blendMode = 'avg'
86.2513 	EXP 	window1: blendMode = 'avg'
86.2681 	EXP 	window1: blendMode = 'avg'
86.2848 	EXP 	window1: blendMode = 'avg'
86.3013 	EXP 	window1: blendMode = 'avg'
86.3181 	EXP 	window1: blendMode = 'avg'
86.3348 	EXP 	window1: blendMode = 'avg'
86.3506 	EXP 	window1: blendMode = 'avg'
86.3681 	EXP 	window1: blendMode = 'avg'
86.3848 	EXP 	window1: blendMode = 'avg'
86.4011 	EXP 	window1: blendMode = 'avg'
86.4184 	EXP 	window1: blendMode = 'avg'
86.4346 	EXP 	window1: blendMode = 'avg'
86.4514 	EXP 	window1: blendMode = 'avg'
86.4680 	EXP 	window1: blendMode = 'avg'
86.4848 	EXP 	window1: blendMode = 'avg'
86.5014 	EXP 	window1: blendMode = 'avg'
86.5181 	EXP 	window1: blendMode = 'avg'
86.5347 	EXP 	window1: blendMode = 'avg'
86.5515 	EXP 	window1: blendMode = 'avg'
86.5681 	EXP 	window1: blendMode = 'avg'
86.5843 	EXP 	window1: blendMode = 'avg'
86.6004 	EXP 	window1: blendMode = 'avg'
86.6182 	EXP 	window1: blendMode = 'avg'
86.6349 	EXP 	window1: blendMode = 'avg'
86.6514 	EXP 	window1: blendMode = 'avg'
86.6682 	EXP 	window1: blendMode = 'avg'
86.6847 	EXP 	window1: blendMode = 'avg'
86.7017 	EXP 	window1: blendMode = 'avg'
86.7166 	EXP 	window1: blendMode = 'avg'
86.7337 	EXP 	window1: blendMode = 'avg'
86.7507 	EXP 	window1: blendMode = 'avg'
86.7681 	EXP 	window1: blendMode = 'avg'
86.7850 	EXP 	window1: blendMode = 'avg'
86.8016 	EXP 	window1: blendMode = 'avg'
86.8170 	EXP 	window1: blendMode = 'avg'
86.8348 	EXP 	window1: blendMode = 'avg'
86.8514 	EXP 	window1: blendMode = 'avg'
86.8682 	EXP 	window1: blendMode = 'avg'
86.8848 	EXP 	window1: blendMode = 'avg'
86.9015 	EXP 	window1: blendMode = 'avg'
86.9180 	EXP 	window1: blendMode = 'avg'
86.9348 	EXP 	window1: blendMode = 'avg'
86.9513 	EXP 	window1: blendMode = 'avg'
86.9681 	EXP 	window1: blendMode = 'avg'
86.9848 	EXP 	window1: blendMode = 'avg'
87.0014 	EXP 	window1: blendMode = 'avg'
87.0181 	EXP 	window1: blendMode = 'avg'
87.0347 	EXP 	window1: blendMode = 'avg'
87.0515 	EXP 	window1: blendMode = 'avg'
87.0682 	EXP 	window1: blendMode = 'avg'
87.0848 	EXP 	window1: blendMode = 'avg'
87.1015 	EXP 	window1: blendMode = 'avg'
87.1181 	EXP 	window1: blendMode = 'avg'
87.1348 	EXP 	window1: blendMode = 'avg'
87.1514 	EXP 	window1: blendMode = 'avg'
87.1677 	EXP 	window1: blendMode = 'avg'
87.1842 	EXP 	window1: blendMode = 'avg'
87.2013 	EXP 	window1: blendMode = 'avg'
87.2179 	EXP 	window1: blendMode = 'avg'
87.2346 	EXP 	window1: blendMode = 'avg'
87.2515 	EXP 	window1: blendMode = 'avg'
87.2682 	EXP 	window1: blendMode = 'avg'
87.2847 	EXP 	window1: blendMode = 'avg'
87.3014 	EXP 	window1: blendMode = 'avg'
87.3181 	EXP 	window1: blendMode = 'avg'
87.3350 	EXP 	window1: blendMode = 'avg'
87.3518 	EXP 	window1: blendMode = 'avg'
87.3678 	EXP 	window1: blendMode = 'avg'
87.3846 	EXP 	window1: blendMode = 'avg'
87.4015 	EXP 	window1: blendMode = 'avg'
87.4180 	EXP 	window1: blendMode = 'avg'
87.4348 	EXP 	window1: blendMode = 'avg'
87.4513 	EXP 	window1: blendMode = 'avg'
87.4682 	EXP 	window1: blendMode = 'avg'
87.4847 	EXP 	window1: blendMode = 'avg'
87.5003 	EXP 	window1: blendMode = 'avg'
87.5179 	EXP 	window1: blendMode = 'avg'
87.5343 	EXP 	window1: blendMode = 'avg'
87.5512 	EXP 	window1: blendMode = 'avg'
87.5682 	EXP 	window1: blendMode = 'avg'
87.5842 	EXP 	window1: blendMode = 'avg'
87.6013 	EXP 	window1: blendMode = 'avg'
87.6181 	EXP 	window1: blendMode = 'avg'
87.6346 	EXP 	window1: blendMode = 'avg'
87.6514 	EXP 	window1: blendMode = 'avg'
87.6681 	EXP 	window1: blendMode = 'avg'
87.6845 	EXP 	window1: blendMode = 'avg'
87.7013 	EXP 	window1: blendMode = 'avg'
87.7181 	EXP 	window1: blendMode = 'avg'
87.7347 	EXP 	window1: blendMode = 'avg'
87.7514 	EXP 	window1: blendMode = 'avg'
87.7682 	EXP 	window1: blendMode = 'avg'
87.7847 	EXP 	window1: blendMode = 'avg'
87.8015 	EXP 	window1: blendMode = 'avg'
87.8181 	EXP 	window1: blendMode = 'avg'
87.8352 	EXP 	window1: blendMode = 'avg'
87.8513 	EXP 	window1: blendMode = 'avg'
87.8680 	EXP 	window1: blendMode = 'avg'
87.8848 	EXP 	window1: blendMode = 'avg'
87.9008 	EXP 	window1: blendMode = 'avg'
87.9179 	EXP 	window1: blendMode = 'avg'
87.9346 	EXP 	window1: blendMode = 'avg'
87.9515 	EXP 	window1: blendMode = 'avg'
87.9681 	EXP 	window1: blendMode = 'avg'
87.9846 	EXP 	window1: blendMode = 'avg'
88.0004 	EXP 	window1: blendMode = 'avg'
88.0180 	EXP 	window1: blendMode = 'avg'
88.0348 	EXP 	window1: blendMode = 'avg'
88.0503 	EXP 	window1: blendMode = 'avg'
88.0671 	EXP 	window1: blendMode = 'avg'
88.0832 	EXP 	window1: blendMode = 'avg'
88.1008 	EXP 	window1: blendMode = 'avg'
88.1179 	EXP 	window1: blendMode = 'avg'
88.1349 	EXP 	window1: blendMode = 'avg'
88.1515 	EXP 	window1: blendMode = 'avg'
88.1685 	EXP 	window1: blendMode = 'avg'
88.1845 	EXP 	window1: blendMode = 'avg'
88.2012 	EXP 	window1: blendMode = 'avg'
88.2180 	EXP 	window1: blendMode = 'avg'
88.2347 	EXP 	window1: blendMode = 'avg'
88.2514 	EXP 	window1: blendMode = 'avg'
88.2680 	EXP 	window1: blendMode = 'avg'
88.2846 	EXP 	window1: blendMode = 'avg'
88.3014 	EXP 	window1: blendMode = 'avg'
88.3181 	EXP 	window1: blendMode = 'avg'
88.3347 	EXP 	window1: blendMode = 'avg'
88.3515 	EXP 	window1: blendMode = 'avg'
88.3679 	EXP 	window1: blendMode = 'avg'
88.3845 	EXP 	window1: blendMode = 'avg'
88.4013 	EXP 	window1: blendMode = 'avg'
88.4181 	EXP 	window1: blendMode = 'avg'
88.4344 	EXP 	window1: blendMode = 'avg'
88.4512 	EXP 	window1: blendMode = 'avg'
88.4677 	EXP 	window1: blendMode = 'avg'
88.4839 	EXP 	window1: blendMode = 'avg'
88.5009 	EXP 	window1: blendMode = 'avg'
88.5179 	EXP 	window1: blendMode = 'avg'
88.5346 	EXP 	window1: blendMode = 'avg'
88.5514 	EXP 	window1: blendMode = 'avg'
88.5680 	EXP 	window1: blendMode = 'avg'
88.5853 	EXP 	window1: blendMode = 'avg'
88.6009 	EXP 	window1: blendMode = 'avg'
88.6179 	EXP 	window1: blendMode = 'avg'
88.6347 	EXP 	window1: blendMode = 'avg'
88.6514 	EXP 	window1: blendMode = 'avg'
88.6680 	EXP 	window1: blendMode = 'avg'
88.6845 	EXP 	window1: blendMode = 'avg'
88.7012 	EXP 	window1: blendMode = 'avg'
88.7181 	EXP 	window1: blendMode = 'avg'
88.7347 	EXP 	window1: blendMode = 'avg'
88.7512 	EXP 	window1: blendMode = 'avg'
88.7687 	EXP 	window1: blendMode = 'avg'
88.7848 	EXP 	window1: blendMode = 'avg'
88.8018 	EXP 	window1: blendMode = 'avg'
88.8178 	EXP 	window1: blendMode = 'avg'
88.8347 	EXP 	window1: blendMode = 'avg'
88.8515 	EXP 	window1: blendMode = 'avg'
88.8681 	EXP 	window1: blendMode = 'avg'
88.8846 	EXP 	window1: blendMode = 'avg'
88.9008 	EXP 	window1: blendMode = 'avg'
88.9179 	EXP 	window1: blendMode = 'avg'
88.9346 	EXP 	window1: blendMode = 'avg'
88.9513 	EXP 	window1: blendMode = 'avg'
88.9681 	EXP 	window1: blendMode = 'avg'
88.9846 	EXP 	window1: blendMode = 'avg'
89.0013 	EXP 	window1: blendMode = 'avg'
89.0181 	EXP 	window1: blendMode = 'avg'
89.0347 	EXP 	window1: blendMode = 'avg'
89.0514 	EXP 	window1: blendMode = 'avg'
89.0680 	EXP 	window1: blendMode = 'avg'
89.0842 	EXP 	window1: blendMode = 'avg'
89.1010 	EXP 	window1: blendMode = 'avg'
89.1179 	EXP 	window1: blendMode = 'avg'
89.1346 	EXP 	window1: blendMode = 'avg'
89.1513 	EXP 	window1: blendMode = 'avg'
89.1681 	EXP 	window1: blendMode = 'avg'
89.1847 	EXP 	window1: blendMode = 'avg'
89.2015 	EXP 	window1: blendMode = 'avg'
89.2181 	EXP 	window1: blendMode = 'avg'
89.2348 	EXP 	window1: blendMode = 'avg'
89.2513 	EXP 	window1: blendMode = 'avg'
89.2682 	EXP 	window1: blendMode = 'avg'
89.2847 	EXP 	window1: blendMode = 'avg'
89.3015 	EXP 	window1: blendMode = 'avg'
89.3182 	EXP 	window1: blendMode = 'avg'
89.3347 	EXP 	window1: blendMode = 'avg'
89.3503 	EXP 	window1: blendMode = 'avg'
89.3682 	EXP 	window1: blendMode = 'avg'
89.3847 	EXP 	window1: blendMode = 'avg'
89.4012 	EXP 	window1: blendMode = 'avg'
89.4180 	EXP 	window1: blendMode = 'avg'
89.4349 	EXP 	window1: blendMode = 'avg'
89.4510 	EXP 	window1: blendMode = 'avg'
89.4678 	EXP 	window1: blendMode = 'avg'
89.4847 	EXP 	window1: blendMode = 'avg'
89.5008 	EXP 	window1: blendMode = 'avg'
89.5178 	EXP 	window1: blendMode = 'avg'
89.5346 	EXP 	window1: blendMode = 'avg'
89.5514 	EXP 	window1: blendMode = 'avg'
89.5680 	EXP 	window1: blendMode = 'avg'
89.5848 	EXP 	window1: blendMode = 'avg'
89.6015 	EXP 	window1: blendMode = 'avg'
89.6181 	EXP 	window1: blendMode = 'avg'
89.6347 	EXP 	window1: blendMode = 'avg'
89.6514 	EXP 	window1: blendMode = 'avg'
89.6680 	EXP 	window1: blendMode = 'avg'
89.6847 	EXP 	window1: blendMode = 'avg'
89.7014 	EXP 	window1: blendMode = 'avg'
89.7183 	EXP 	window1: blendMode = 'avg'
89.7346 	EXP 	window1: blendMode = 'avg'
89.7514 	EXP 	window1: blendMode = 'avg'
89.7680 	EXP 	window1: blendMode = 'avg'
89.7846 	EXP 	window1: blendMode = 'avg'
89.8014 	EXP 	window1: blendMode = 'avg'
89.8181 	EXP 	window1: blendMode = 'avg'
89.8346 	EXP 	window1: blendMode = 'avg'
89.8514 	EXP 	window1: blendMode = 'avg'
89.8680 	EXP 	window1: blendMode = 'avg'
89.8848 	EXP 	window1: blendMode = 'avg'
89.9014 	EXP 	window1: blendMode = 'avg'
89.9180 	EXP 	window1: blendMode = 'avg'
89.9348 	EXP 	window1: blendMode = 'avg'
89.9514 	EXP 	window1: blendMode = 'avg'
89.9681 	EXP 	window1: blendMode = 'avg'
89.9846 	EXP 	window1: blendMode = 'avg'
90.0015 	EXP 	window1: blendMode = 'avg'
90.0180 	EXP 	window1: blendMode = 'avg'
90.0348 	EXP 	window1: blendMode = 'avg'
90.0513 	EXP 	window1: blendMode = 'avg'
90.0681 	EXP 	window1: blendMode = 'avg'
90.0847 	EXP 	window1: blendMode = 'avg'
90.1017 	EXP 	window1: blendMode = 'avg'
90.1178 	EXP 	window1: blendMode = 'avg'
90.1346 	EXP 	window1: blendMode = 'avg'
90.1513 	EXP 	window1: blendMode = 'avg'
90.1680 	EXP 	window1: blendMode = 'avg'
90.1847 	EXP 	window1: blendMode = 'avg'
90.2015 	EXP 	window1: blendMode = 'avg'
90.2180 	EXP 	window1: blendMode = 'avg'
90.2348 	EXP 	window1: blendMode = 'avg'
90.2513 	EXP 	window1: blendMode = 'avg'
90.2681 	EXP 	window1: blendMode = 'avg'
90.2847 	EXP 	window1: blendMode = 'avg'
90.3014 	EXP 	window1: blendMode = 'avg'
90.3180 	EXP 	window1: blendMode = 'avg'
90.3343 	EXP 	window1: blendMode = 'avg'
90.3512 	EXP 	window1: blendMode = 'avg'
90.3679 	EXP 	window1: blendMode = 'avg'
90.3846 	EXP 	window1: blendMode = 'avg'
90.4014 	EXP 	window1: blendMode = 'avg'
90.4181 	EXP 	window1: blendMode = 'avg'
90.4346 	EXP 	window1: blendMode = 'avg'
90.4513 	EXP 	window1: blendMode = 'avg'
90.4681 	EXP 	window1: blendMode = 'avg'
90.4846 	EXP 	window1: blendMode = 'avg'
90.5018 	EXP 	window1: blendMode = 'avg'
90.5179 	EXP 	window1: blendMode = 'avg'
90.5347 	EXP 	window1: blendMode = 'avg'
90.5515 	EXP 	window1: blendMode = 'avg'
90.5679 	EXP 	window1: blendMode = 'avg'
90.5836 	EXP 	window1: blendMode = 'avg'
90.6014 	EXP 	window1: blendMode = 'avg'
90.6179 	EXP 	window1: blendMode = 'avg'
90.6348 	EXP 	window1: blendMode = 'avg'
90.6513 	EXP 	window1: blendMode = 'avg'
90.6681 	EXP 	window1: blendMode = 'avg'
90.6848 	EXP 	window1: blendMode = 'avg'
90.7015 	EXP 	window1: blendMode = 'avg'
90.7180 	EXP 	window1: blendMode = 'avg'
90.7348 	EXP 	window1: blendMode = 'avg'
90.7504 	EXP 	window1: blendMode = 'avg'
90.7672 	EXP 	window1: blendMode = 'avg'
90.7837 	EXP 	window1: blendMode = 'avg'
90.8013 	EXP 	window1: blendMode = 'avg'
90.8180 	EXP 	window1: blendMode = 'avg'
90.8347 	EXP 	window1: blendMode = 'avg'
90.8514 	EXP 	window1: blendMode = 'avg'
90.8680 	EXP 	window1: blendMode = 'avg'
90.8841 	EXP 	window1: blendMode = 'avg'
90.9012 	EXP 	window1: blendMode = 'avg'
90.9179 	EXP 	window1: blendMode = 'avg'
90.9348 	EXP 	window1: blendMode = 'avg'
90.9513 	EXP 	window1: blendMode = 'avg'
90.9682 	EXP 	window1: blendMode = 'avg'
90.9847 	EXP 	window1: blendMode = 'avg'
91.0015 	EXP 	window1: blendMode = 'avg'
91.0175 	EXP 	window1: blendMode = 'avg'
91.0346 	EXP 	window1: blendMode = 'avg'
91.0514 	EXP 	window1: blendMode = 'avg'
91.0680 	EXP 	window1: blendMode = 'avg'
91.0847 	EXP 	window1: blendMode = 'avg'
91.1018 	EXP 	window1: blendMode = 'avg'
91.1175 	EXP 	window1: blendMode = 'avg'
91.1345 	EXP 	window1: blendMode = 'avg'
91.1513 	EXP 	window1: blendMode = 'avg'
91.1681 	EXP 	window1: blendMode = 'avg'
91.1846 	EXP 	window1: blendMode = 'avg'
91.2013 	EXP 	window1: blendMode = 'avg'
91.2181 	EXP 	window1: blendMode = 'avg'
91.2346 	EXP 	window1: blendMode = 'avg'
91.2514 	EXP 	window1: blendMode = 'avg'
91.2667 	EXP 	window1: blendMode = 'avg'
91.2845 	EXP 	window1: blendMode = 'avg'
91.3014 	EXP 	window1: blendMode = 'avg'
91.3180 	EXP 	window1: blendMode = 'avg'
91.3348 	EXP 	window1: blendMode = 'avg'
91.3514 	EXP 	window1: blendMode = 'avg'
91.3679 	EXP 	window1: blendMode = 'avg'
91.3846 	EXP 	window1: blendMode = 'avg'
91.4014 	EXP 	window1: blendMode = 'avg'
91.4179 	EXP 	window1: blendMode = 'avg'
91.4345 	EXP 	window1: blendMode = 'avg'
91.4512 	EXP 	window1: blendMode = 'avg'
91.4679 	EXP 	window1: blendMode = 'avg'
91.4847 	EXP 	window1: blendMode = 'avg'
91.5015 	EXP 	window1: blendMode = 'avg'
91.5182 	EXP 	window1: blendMode = 'avg'
91.5347 	EXP 	window1: blendMode = 'avg'
91.5514 	EXP 	window1: blendMode = 'avg'
91.5682 	EXP 	window1: blendMode = 'avg'
91.5846 	EXP 	window1: blendMode = 'avg'
91.6014 	EXP 	window1: blendMode = 'avg'
91.6180 	EXP 	window1: blendMode = 'avg'
91.6358 	DATA 	Keypress: escape
91.7430 	EXP 	window1: mouseVisible = True
