9.1858 	EXP 	Created window1 = Window(allowGUI=False, allowStencil=False, autoLog=True, bitsMode=UNKNOWN, blendMode='avg', color=array([ 0.,  0.,  0.]), colorSpace='rgb', fullscr=UNKNOWN, gamma=None, lms=UNKNOWN, monitor=<psychopy.monitors.calibTools.Monitor object at 0x113edc410>, multiSample=False, name='window1', numSamples=2, pos=[0, 0], screen=0, size=array([1440,  900]), stereo=False, units=u'norm', useFBO=True, useRetina=False, viewOri=0.0, viewPos=None, viewScale=None, waitBlanking=True, winType='pyglet')
9.1859 	EXP 	window1: recordFrameIntervals = False
9.3560 	EXP 	window1: recordFrameIntervals = True
9.5398 	EXP 	window1: recordFrameIntervals = False
9.6250 	EXP 	Created text_2 = TextStim(alignHoriz='center', alignVert='center', antialias=True, autoLog=True, bold=False, color='white', colorSpace='named', contrast=1.0, depth=0.0, flipHoriz=False, flipVert=False, font='Arial', fontFiles=[], height=0.1, italic=False, name='text_2', opacity=1.0, ori=0, pos=array([ 0.,  0.]), rgb=array([ 255.,  255.,  255.]), text=unicode(...), units=u'norm', win=Window(...), wrapWidth=1)
9.6266 	EXP 	Created Leftimg = ImageStim(autoLog=True, color=array([ 1.,  1.,  1.]), colorSpace='rgb', contrast=1.0, depth=0.0, flipHoriz=False, flipVert=False, image='sin', interpolate=True, mask=None, maskParams=None, name='Leftimg', opacity=1.0, ori=0.0, pos=array([ 0.,  0.]), size=array([ 400.,  400.]), texRes=128, units='pix', win=Window(...))
9.6277 	EXP 	Created Rightimg = ImageStim(autoLog=True, color=array([ 1.,  1.,  1.]), colorSpace='rgb', contrast=1.0, depth=-1.0, flipHoriz=False, flipVert=False, image='sin', interpolate=True, mask=None, maskParams=None, name='Rightimg', opacity=1.0, ori=0.0, pos=array([ 0.,  0.]), size=array([ 400.,  400.]), texRes=128, units='pix', win=Window(...))
9.6377 	EXP 	Created text = TextStim(alignHoriz='center', alignVert='center', antialias=True, autoLog=True, bold=False, color='white', colorSpace='named', contrast=1.0, depth=-4.0, flipHoriz=False, flipVert=False, font='Arial', fontFiles=[], height=0.05, italic=False, name='text', opacity=1.0, ori=0, pos=array([ 0.,  0.]), rgb=array([ 255.,  255.,  255.]), text=u'to proceed press the space bar.', units=u'norm', win=Window(...), wrapWidth=1)
9.6469 	EXP 	Created text_3 = TextStim(alignHoriz='center', alignVert='center', antialias=True, autoLog=True, bold=False, color='white', colorSpace='named', contrast=1.0, depth=0.0, flipHoriz=False, flipVert=False, font='Arial', fontFiles=[], height=0.1, italic=False, name='text_3', opacity=1.0, ori=0, pos=array([ 0.,  0.]), rgb=array([ 255.,  255.,  255.]), text=unicode(...), units=u'norm', win=Window(...), wrapWidth=1)
9.6516 	EXP 	window1: blendMode = 'avg'
9.6689 	EXP 	text_2: autoDraw = True
9.6721 	EXP 	window1: blendMode = 'avg'
9.6862 	EXP 	window1: blendMode = 'avg'
9.7030 	EXP 	window1: blendMode = 'avg'
9.7186 	EXP 	window1: blendMode = 'avg'
9.7359 	EXP 	window1: blendMode = 'avg'
9.7535 	EXP 	window1: blendMode = 'avg'
9.7693 	EXP 	window1: blendMode = 'avg'
9.7850 	EXP 	window1: blendMode = 'avg'
9.8026 	EXP 	window1: blendMode = 'avg'
9.8194 	EXP 	window1: blendMode = 'avg'
9.8362 	EXP 	window1: blendMode = 'avg'
9.8529 	EXP 	window1: blendMode = 'avg'
9.8695 	EXP 	window1: blendMode = 'avg'
9.8862 	EXP 	window1: blendMode = 'avg'
9.9027 	EXP 	window1: blendMode = 'avg'
9.9193 	EXP 	window1: blendMode = 'avg'
9.9361 	EXP 	window1: blendMode = 'avg'
9.9529 	EXP 	window1: blendMode = 'avg'
9.9693 	EXP 	window1: blendMode = 'avg'
9.9861 	EXP 	window1: blendMode = 'avg'
10.0027 	EXP 	window1: blendMode = 'avg'
10.0195 	EXP 	window1: blendMode = 'avg'
10.0361 	EXP 	window1: blendMode = 'avg'
10.0526 	EXP 	window1: blendMode = 'avg'
10.0694 	EXP 	window1: blendMode = 'avg'
10.0860 	EXP 	window1: blendMode = 'avg'
10.1026 	EXP 	window1: blendMode = 'avg'
10.1194 	EXP 	window1: blendMode = 'avg'
10.1362 	EXP 	window1: blendMode = 'avg'
10.1529 	EXP 	window1: blendMode = 'avg'
10.1693 	EXP 	window1: blendMode = 'avg'
10.1861 	EXP 	window1: blendMode = 'avg'
10.2022 	EXP 	window1: blendMode = 'avg'
10.2193 	EXP 	window1: blendMode = 'avg'
10.2359 	EXP 	window1: blendMode = 'avg'
10.2525 	EXP 	window1: blendMode = 'avg'
10.2691 	EXP 	window1: blendMode = 'avg'
10.2857 	EXP 	window1: blendMode = 'avg'
10.3022 	EXP 	window1: blendMode = 'avg'
10.3187 	EXP 	window1: blendMode = 'avg'
10.3360 	EXP 	window1: blendMode = 'avg'
10.3529 	EXP 	window1: blendMode = 'avg'
10.3685 	EXP 	window1: blendMode = 'avg'
10.3862 	EXP 	window1: blendMode = 'avg'
10.4027 	EXP 	window1: blendMode = 'avg'
10.4195 	EXP 	window1: blendMode = 'avg'
10.4360 	EXP 	window1: blendMode = 'avg'
10.4528 	EXP 	window1: blendMode = 'avg'
10.4695 	EXP 	window1: blendMode = 'avg'
10.4860 	EXP 	window1: blendMode = 'avg'
10.5028 	EXP 	window1: blendMode = 'avg'
10.5194 	EXP 	window1: blendMode = 'avg'
10.5360 	EXP 	window1: blendMode = 'avg'
10.5528 	EXP 	window1: blendMode = 'avg'
10.5700 	EXP 	window1: blendMode = 'avg'
10.5859 	EXP 	window1: blendMode = 'avg'
10.6026 	EXP 	window1: blendMode = 'avg'
10.6194 	EXP 	window1: blendMode = 'avg'
10.6362 	EXP 	window1: blendMode = 'avg'
10.6527 	EXP 	window1: blendMode = 'avg'
10.6693 	EXP 	window1: blendMode = 'avg'
10.6859 	EXP 	window1: blendMode = 'avg'
10.7025 	EXP 	window1: blendMode = 'avg'
10.7192 	EXP 	window1: blendMode = 'avg'
10.7358 	EXP 	window1: blendMode = 'avg'
10.7523 	EXP 	window1: blendMode = 'avg'
10.7688 	EXP 	window1: blendMode = 'avg'
10.7861 	EXP 	window1: blendMode = 'avg'
10.8028 	EXP 	window1: blendMode = 'avg'
10.8195 	EXP 	window1: blendMode = 'avg'
10.8364 	EXP 	window1: blendMode = 'avg'
10.8527 	EXP 	window1: blendMode = 'avg'
10.8692 	EXP 	window1: blendMode = 'avg'
10.8873 	EXP 	window1: blendMode = 'avg'
10.9041 	EXP 	window1: blendMode = 'avg'
10.9207 	EXP 	window1: blendMode = 'avg'
10.9374 	EXP 	window1: blendMode = 'avg'
10.9542 	EXP 	window1: blendMode = 'avg'
10.9708 	EXP 	window1: blendMode = 'avg'
10.9875 	EXP 	window1: blendMode = 'avg'
11.0040 	EXP 	window1: blendMode = 'avg'
11.0208 	EXP 	window1: blendMode = 'avg'
11.0375 	EXP 	window1: blendMode = 'avg'
11.0542 	EXP 	window1: blendMode = 'avg'
11.0707 	EXP 	window1: blendMode = 'avg'
11.0875 	EXP 	window1: blendMode = 'avg'
11.1040 	EXP 	window1: blendMode = 'avg'
11.1209 	EXP 	window1: blendMode = 'avg'
11.1375 	EXP 	window1: blendMode = 'avg'
11.1542 	EXP 	window1: blendMode = 'avg'
11.1707 	EXP 	window1: blendMode = 'avg'
11.1875 	EXP 	window1: blendMode = 'avg'
11.2040 	EXP 	window1: blendMode = 'avg'
11.2207 	EXP 	window1: blendMode = 'avg'
11.2374 	EXP 	window1: blendMode = 'avg'
11.2538 	EXP 	window1: blendMode = 'avg'
11.2706 	EXP 	window1: blendMode = 'avg'
11.2875 	EXP 	window1: blendMode = 'avg'
11.3042 	EXP 	window1: blendMode = 'avg'
11.3207 	EXP 	window1: blendMode = 'avg'
11.3374 	EXP 	window1: blendMode = 'avg'
11.3542 	EXP 	window1: blendMode = 'avg'
11.3708 	EXP 	window1: blendMode = 'avg'
11.3874 	EXP 	window1: blendMode = 'avg'
11.4041 	EXP 	window1: blendMode = 'avg'
11.4208 	EXP 	window1: blendMode = 'avg'
11.4375 	EXP 	window1: blendMode = 'avg'
11.4541 	EXP 	window1: blendMode = 'avg'
11.4709 	EXP 	window1: blendMode = 'avg'
11.4876 	EXP 	window1: blendMode = 'avg'
11.5041 	EXP 	window1: blendMode = 'avg'
11.5208 	EXP 	window1: blendMode = 'avg'
11.5375 	EXP 	window1: blendMode = 'avg'
11.5540 	EXP 	window1: blendMode = 'avg'
11.5709 	EXP 	window1: blendMode = 'avg'
11.5874 	EXP 	window1: blendMode = 'avg'
11.6041 	EXP 	window1: blendMode = 'avg'
11.6208 	EXP 	window1: blendMode = 'avg'
11.6374 	EXP 	window1: blendMode = 'avg'
11.6542 	EXP 	window1: blendMode = 'avg'
11.6707 	EXP 	window1: blendMode = 'avg'
11.6874 	EXP 	window1: blendMode = 'avg'
11.7041 	EXP 	window1: blendMode = 'avg'
11.7207 	EXP 	window1: blendMode = 'avg'
11.7374 	EXP 	window1: blendMode = 'avg'
11.7541 	EXP 	window1: blendMode = 'avg'
11.7707 	EXP 	window1: blendMode = 'avg'
11.7875 	EXP 	window1: blendMode = 'avg'
11.8040 	EXP 	window1: blendMode = 'avg'
11.8208 	EXP 	window1: blendMode = 'avg'
11.8375 	EXP 	window1: blendMode = 'avg'
11.8541 	EXP 	window1: blendMode = 'avg'
11.8708 	EXP 	window1: blendMode = 'avg'
11.8874 	EXP 	window1: blendMode = 'avg'
11.9042 	EXP 	window1: blendMode = 'avg'
11.9207 	EXP 	window1: blendMode = 'avg'
11.9374 	EXP 	window1: blendMode = 'avg'
11.9541 	EXP 	window1: blendMode = 'avg'
11.9709 	EXP 	window1: blendMode = 'avg'
11.9874 	EXP 	window1: blendMode = 'avg'
12.0041 	EXP 	window1: blendMode = 'avg'
12.0208 	EXP 	window1: blendMode = 'avg'
12.0374 	EXP 	window1: blendMode = 'avg'
12.0540 	EXP 	window1: blendMode = 'avg'
12.0700 	EXP 	window1: blendMode = 'avg'
12.0864 	EXP 	window1: blendMode = 'avg'
12.1034 	EXP 	window1: blendMode = 'avg'
12.1206 	EXP 	window1: blendMode = 'avg'
12.1374 	EXP 	window1: blendMode = 'avg'
12.1541 	EXP 	window1: blendMode = 'avg'
12.1706 	EXP 	window1: blendMode = 'avg'
12.1871 	EXP 	window1: blendMode = 'avg'
12.2038 	EXP 	window1: blendMode = 'avg'
12.2204 	EXP 	window1: blendMode = 'avg'
12.2373 	EXP 	window1: blendMode = 'avg'
12.2541 	EXP 	window1: blendMode = 'avg'
12.2706 	EXP 	window1: blendMode = 'avg'
12.2872 	EXP 	window1: blendMode = 'avg'
12.3040 	EXP 	window1: blendMode = 'avg'
12.3207 	EXP 	window1: blendMode = 'avg'
12.3375 	EXP 	window1: blendMode = 'avg'
12.3535 	EXP 	window1: blendMode = 'avg'
12.3706 	EXP 	window1: blendMode = 'avg'
12.3875 	EXP 	window1: blendMode = 'avg'
12.4042 	EXP 	window1: blendMode = 'avg'
12.4207 	EXP 	window1: blendMode = 'avg'
12.4375 	EXP 	window1: blendMode = 'avg'
12.4540 	EXP 	window1: blendMode = 'avg'
12.4700 	EXP 	window1: blendMode = 'avg'
12.4875 	EXP 	window1: blendMode = 'avg'
12.5040 	EXP 	window1: blendMode = 'avg'
12.5207 	EXP 	window1: blendMode = 'avg'
12.5374 	EXP 	window1: blendMode = 'avg'
12.5541 	EXP 	window1: blendMode = 'avg'
12.5707 	EXP 	window1: blendMode = 'avg'
12.5874 	EXP 	window1: blendMode = 'avg'
12.6040 	EXP 	window1: blendMode = 'avg'
12.6207 	EXP 	window1: blendMode = 'avg'
12.6375 	EXP 	window1: blendMode = 'avg'
12.6541 	EXP 	window1: blendMode = 'avg'
12.6715 	EXP 	window1: blendMode = 'avg'
12.6873 	EXP 	window1: blendMode = 'avg'
12.7039 	EXP 	window1: blendMode = 'avg'
12.7207 	EXP 	window1: blendMode = 'avg'
12.7373 	EXP 	window1: blendMode = 'avg'
12.7540 	EXP 	window1: blendMode = 'avg'
12.7708 	EXP 	window1: blendMode = 'avg'
12.7874 	EXP 	window1: blendMode = 'avg'
12.8041 	EXP 	window1: blendMode = 'avg'
12.8208 	EXP 	window1: blendMode = 'avg'
12.8374 	EXP 	window1: blendMode = 'avg'
12.8540 	EXP 	window1: blendMode = 'avg'
12.8708 	EXP 	window1: blendMode = 'avg'
12.8875 	EXP 	window1: blendMode = 'avg'
12.9035 	EXP 	window1: blendMode = 'avg'
12.9201 	EXP 	window1: blendMode = 'avg'
12.9375 	EXP 	window1: blendMode = 'avg'
12.9542 	EXP 	window1: blendMode = 'avg'
12.9707 	EXP 	window1: blendMode = 'avg'
12.9874 	EXP 	window1: blendMode = 'avg'
13.0047 	EXP 	window1: blendMode = 'avg'
13.0207 	EXP 	window1: blendMode = 'avg'
13.0377 	EXP 	window1: blendMode = 'avg'
13.0539 	EXP 	window1: blendMode = 'avg'
13.0707 	EXP 	window1: blendMode = 'avg'
13.0875 	EXP 	window1: blendMode = 'avg'
13.1040 	EXP 	window1: blendMode = 'avg'
13.1207 	EXP 	window1: blendMode = 'avg'
13.1374 	EXP 	window1: blendMode = 'avg'
13.1541 	EXP 	window1: blendMode = 'avg'
13.1707 	EXP 	window1: blendMode = 'avg'
13.1875 	EXP 	window1: blendMode = 'avg'
13.2041 	EXP 	window1: blendMode = 'avg'
13.2207 	EXP 	window1: blendMode = 'avg'
13.2373 	EXP 	window1: blendMode = 'avg'
13.2540 	EXP 	window1: blendMode = 'avg'
13.2708 	EXP 	window1: blendMode = 'avg'
13.2873 	EXP 	window1: blendMode = 'avg'
13.3040 	EXP 	window1: blendMode = 'avg'
13.3207 	EXP 	window1: blendMode = 'avg'
13.3374 	EXP 	window1: blendMode = 'avg'
13.3541 	EXP 	window1: blendMode = 'avg'
13.3707 	EXP 	window1: blendMode = 'avg'
13.3874 	EXP 	window1: blendMode = 'avg'
13.4042 	EXP 	window1: blendMode = 'avg'
13.4216 	EXP 	window1: blendMode = 'avg'
13.4373 	EXP 	window1: blendMode = 'avg'
13.4539 	EXP 	window1: blendMode = 'avg'
13.4708 	EXP 	window1: blendMode = 'avg'
13.4874 	EXP 	window1: blendMode = 'avg'
13.5041 	EXP 	window1: blendMode = 'avg'
13.5210 	EXP 	window1: blendMode = 'avg'
13.5371 	EXP 	window1: blendMode = 'avg'
13.5540 	EXP 	window1: blendMode = 'avg'
13.5717 	EXP 	window1: blendMode = 'avg'
13.5874 	EXP 	window1: blendMode = 'avg'
13.6041 	EXP 	window1: blendMode = 'avg'
13.6208 	EXP 	window1: blendMode = 'avg'
13.6375 	EXP 	window1: blendMode = 'avg'
13.6540 	EXP 	window1: blendMode = 'avg'
13.6708 	EXP 	window1: blendMode = 'avg'
13.6873 	EXP 	window1: blendMode = 'avg'
13.7040 	EXP 	window1: blendMode = 'avg'
13.7207 	EXP 	window1: blendMode = 'avg'
13.7374 	EXP 	window1: blendMode = 'avg'
13.7541 	EXP 	window1: blendMode = 'avg'
13.7706 	EXP 	window1: blendMode = 'avg'
13.7875 	EXP 	window1: blendMode = 'avg'
13.8030 	EXP 	window1: blendMode = 'avg'
13.8201 	EXP 	window1: blendMode = 'avg'
13.8373 	EXP 	window1: blendMode = 'avg'
13.8540 	EXP 	window1: blendMode = 'avg'
13.8707 	EXP 	window1: blendMode = 'avg'
13.8874 	EXP 	window1: blendMode = 'avg'
13.9040 	EXP 	window1: blendMode = 'avg'
13.9207 	EXP 	window1: blendMode = 'avg'
13.9374 	EXP 	window1: blendMode = 'avg'
13.9540 	EXP 	window1: blendMode = 'avg'
13.9706 	EXP 	window1: blendMode = 'avg'
13.9875 	EXP 	window1: blendMode = 'avg'
14.0041 	EXP 	window1: blendMode = 'avg'
14.0207 	EXP 	window1: blendMode = 'avg'
14.0375 	EXP 	window1: blendMode = 'avg'
14.0540 	EXP 	window1: blendMode = 'avg'
14.0708 	EXP 	window1: blendMode = 'avg'
14.0869 	EXP 	window1: blendMode = 'avg'
14.1039 	EXP 	window1: blendMode = 'avg'
14.1208 	EXP 	window1: blendMode = 'avg'
14.1375 	EXP 	window1: blendMode = 'avg'
14.1541 	EXP 	window1: blendMode = 'avg'
14.1708 	EXP 	window1: blendMode = 'avg'
14.1875 	EXP 	window1: blendMode = 'avg'
14.2040 	EXP 	window1: blendMode = 'avg'
14.2208 	EXP 	window1: blendMode = 'avg'
14.2373 	EXP 	window1: blendMode = 'avg'
14.2540 	EXP 	window1: blendMode = 'avg'
14.2706 	EXP 	window1: blendMode = 'avg'
14.2874 	EXP 	window1: blendMode = 'avg'
14.3041 	EXP 	window1: blendMode = 'avg'
14.3208 	EXP 	window1: blendMode = 'avg'
14.3373 	EXP 	window1: blendMode = 'avg'
14.3541 	EXP 	window1: blendMode = 'avg'
14.3699 	EXP 	window1: blendMode = 'avg'
14.3868 	EXP 	window1: blendMode = 'avg'
14.4040 	EXP 	window1: blendMode = 'avg'
14.4207 	EXP 	window1: blendMode = 'avg'
14.4374 	EXP 	window1: blendMode = 'avg'
14.4541 	EXP 	window1: blendMode = 'avg'
14.4707 	EXP 	window1: blendMode = 'avg'
14.4874 	EXP 	window1: blendMode = 'avg'
14.5040 	EXP 	window1: blendMode = 'avg'
14.5207 	EXP 	window1: blendMode = 'avg'
14.5375 	EXP 	window1: blendMode = 'avg'
14.5540 	EXP 	window1: blendMode = 'avg'
14.5708 	EXP 	window1: blendMode = 'avg'
14.5874 	EXP 	window1: blendMode = 'avg'
14.6041 	EXP 	window1: blendMode = 'avg'
14.6234 	DATA 	Keypress: space
14.6338 	EXP 	Imported Book.xlsx as conditions, 44 conditions, 7 params
14.6343 	EXP 	Created sequence: random, trialTypes=44, nReps=1, seed=None
14.6347 	EXP 	New trial (rep=0, index=0): {'YLeftPos': 0, 'time_presentation': 0.5, 'XLeftPos': -300, 'XRightPos': 300, 'rightimg': u'frogs/ab73.jpg', 'YRightPos': 0, 'leftimg': u'frogs/ab33.jpg'}
14.7858 	EXP 	text_2: autoDraw = False
14.7858 	EXP 	Leftimg: pos = array([-300.,    0.])
14.7858 	EXP 	Leftimg: image = u'frogs/ab33.jpg'
14.7858 	EXP 	Rightimg: pos = array([ 300.,    0.])
14.7858 	EXP 	Rightimg: image = u'frogs/ab73.jpg'
14.7858 	EXP 	Leftimg: autoDraw = True
14.7858 	EXP 	Rightimg: autoDraw = True
15.1530 	EXP 	Leftimg: autoDraw = False
15.1530 	EXP 	Rightimg: autoDraw = False
15.4553 	DATA 	Keypress: right
15.4565 	EXP 	New trial (rep=0, index=1): {'YLeftPos': 0, 'time_presentation': 0.5, 'XLeftPos': -300, 'XRightPos': 300, 'rightimg': u'frogs/ab68.jpg', 'YRightPos': 0, 'leftimg': u'frogs/ab28.jpg'}
15.4824 	DATA 	Keypress: up
15.5032 	EXP 	Leftimg: autoDraw = False
15.5032 	EXP 	Rightimg: autoDraw = False
15.5032 	EXP 	text: autoDraw = False
15.5032 	EXP 	Leftimg: pos = array([-300.,    0.])
15.5032 	EXP 	Leftimg: image = u'frogs/ab28.jpg'
15.5032 	EXP 	Rightimg: pos = array([ 300.,    0.])
15.5032 	EXP 	Rightimg: image = u'frogs/ab68.jpg'
15.5032 	EXP 	Leftimg: autoDraw = True
15.5032 	EXP 	Rightimg: autoDraw = True
15.9685 	EXP 	Leftimg: autoDraw = False
15.9685 	EXP 	Rightimg: autoDraw = False
16.0535 	DATA 	Keypress: roption
17.8383 	DATA 	Keypress: space
17.8396 	EXP 	New trial (rep=0, index=2): {'YLeftPos': 0, 'time_presentation': 0.5, 'XLeftPos': -300, 'XRightPos': 300, 'rightimg': u'frogs/ab59.jpg', 'YRightPos': 0, 'leftimg': u'frogs/ab19.jpg'}
17.8860 	EXP 	Leftimg: autoDraw = False
17.8860 	EXP 	Rightimg: autoDraw = False
17.8860 	EXP 	text: autoDraw = False
17.8860 	EXP 	Leftimg: pos = array([-300.,    0.])
17.8860 	EXP 	Leftimg: image = u'frogs/ab19.jpg'
17.8860 	EXP 	Rightimg: pos = array([ 300.,    0.])
17.8860 	EXP 	Rightimg: image = u'frogs/ab59.jpg'
17.8860 	EXP 	Leftimg: autoDraw = True
17.8860 	EXP 	Rightimg: autoDraw = True
18.3530 	EXP 	Leftimg: autoDraw = False
18.3530 	EXP 	Rightimg: autoDraw = False
18.3879 	DATA 	Keypress: right
18.3890 	EXP 	New trial (rep=0, index=3): {'YLeftPos': 0, 'time_presentation': 0.5, 'XLeftPos': -300, 'XRightPos': 300, 'rightimg': u'frogs/ab70.jpg', 'YRightPos': 0, 'leftimg': u'frogs/ab30.jpg'}
18.4199 	EXP 	Leftimg: autoDraw = False
18.4199 	EXP 	Rightimg: autoDraw = False
18.4199 	EXP 	text: autoDraw = False
18.4199 	EXP 	Leftimg: pos = array([-300.,    0.])
18.4199 	EXP 	Leftimg: image = u'frogs/ab30.jpg'
18.4199 	EXP 	Rightimg: pos = array([ 300.,    0.])
18.4199 	EXP 	Rightimg: image = u'frogs/ab70.jpg'
18.4199 	EXP 	Leftimg: autoDraw = True
18.4199 	EXP 	Rightimg: autoDraw = True
18.9026 	EXP 	Leftimg: autoDraw = False
18.9026 	EXP 	Rightimg: autoDraw = False
19.0891 	DATA 	Keypress: left
19.1043 	EXP 	New trial (rep=0, index=4): {'YLeftPos': 0, 'time_presentation': 0.5, 'XLeftPos': -300, 'XRightPos': 300, 'rightimg': u'frogs/ab57.jpg', 'YRightPos': 0, 'leftimg': u'frogs/ab17.jpg'}
19.2027 	EXP 	Leftimg: autoDraw = False
19.2027 	EXP 	Rightimg: autoDraw = False
19.2027 	EXP 	text: autoDraw = False
19.2027 	EXP 	Leftimg: pos = array([-300.,    0.])
19.2027 	EXP 	Leftimg: image = u'frogs/ab17.jpg'
19.2027 	EXP 	Rightimg: pos = array([ 300.,    0.])
19.2027 	EXP 	Rightimg: image = u'frogs/ab57.jpg'
19.2027 	EXP 	Leftimg: autoDraw = True
19.2027 	EXP 	Rightimg: autoDraw = True
19.6196 	EXP 	Leftimg: autoDraw = False
19.6196 	EXP 	Rightimg: autoDraw = False
19.7871 	DATA 	Keypress: right
19.7883 	EXP 	New trial (rep=0, index=5): {'YLeftPos': 0, 'time_presentation': 0.5, 'XLeftPos': -300, 'XRightPos': 300, 'rightimg': u'frogs/ab72.jpg', 'YRightPos': 0, 'leftimg': u'frogs/ab32.jpg'}
19.8185 	EXP 	Leftimg: autoDraw = False
19.8185 	EXP 	Rightimg: autoDraw = False
19.8185 	EXP 	text: autoDraw = False
19.8185 	EXP 	Leftimg: pos = array([-300.,    0.])
19.8185 	EXP 	Leftimg: image = u'frogs/ab32.jpg'
19.8185 	EXP 	Rightimg: pos = array([ 300.,    0.])
19.8185 	EXP 	Rightimg: image = u'frogs/ab72.jpg'
19.8185 	EXP 	Leftimg: autoDraw = True
19.8185 	EXP 	Rightimg: autoDraw = True
20.3029 	EXP 	Leftimg: autoDraw = False
20.3029 	EXP 	Rightimg: autoDraw = False
20.4210 	DATA 	Keypress: left
20.4222 	EXP 	New trial (rep=0, index=6): {'YLeftPos': 0, 'time_presentation': 0.5, 'XLeftPos': -300, 'XRightPos': 300, 'rightimg': u'frogs/ab69.jpg', 'YRightPos': 0, 'leftimg': u'frogs/ab29.jpg'}
20.4531 	EXP 	Leftimg: autoDraw = False
20.4531 	EXP 	Rightimg: autoDraw = False
20.4531 	EXP 	text: autoDraw = False
20.4531 	EXP 	Leftimg: pos = array([-300.,    0.])
20.4531 	EXP 	Leftimg: image = u'frogs/ab29.jpg'
20.4531 	EXP 	Rightimg: pos = array([ 300.,    0.])
20.4531 	EXP 	Rightimg: image = u'frogs/ab69.jpg'
20.4531 	EXP 	Leftimg: autoDraw = True
20.4531 	EXP 	Rightimg: autoDraw = True
20.9363 	EXP 	Leftimg: autoDraw = False
20.9363 	EXP 	Rightimg: autoDraw = False
22.0542 	DATA 	Keypress: space
22.0553 	EXP 	New trial (rep=0, index=7): {'YLeftPos': 0, 'time_presentation': 0.5, 'XLeftPos': -300, 'XRightPos': 300, 'rightimg': u'frogs/ab50.jpg', 'YRightPos': 0, 'leftimg': u'frogs/ab10.jpg'}
22.1024 	EXP 	Leftimg: autoDraw = False
22.1024 	EXP 	Rightimg: autoDraw = False
22.1024 	EXP 	text: autoDraw = False
22.1024 	EXP 	Leftimg: pos = array([-300.,    0.])
22.1024 	EXP 	Leftimg: image = u'frogs/ab10.jpg'
22.1024 	EXP 	Rightimg: pos = array([ 300.,    0.])
22.1024 	EXP 	Rightimg: image = u'frogs/ab50.jpg'
22.1024 	EXP 	Leftimg: autoDraw = True
22.1024 	EXP 	Rightimg: autoDraw = True
22.4877 	DATA 	Keypress: right
22.4891 	EXP 	New trial (rep=0, index=8): {'YLeftPos': 0, 'time_presentation': 0.5, 'XLeftPos': -300, 'XRightPos': 300, 'rightimg': u'frogs/ab45.jpg', 'YRightPos': 0, 'leftimg': u'frogs/ab5.jpg'}
22.5187 	EXP 	Leftimg: autoDraw = False
22.5187 	EXP 	Rightimg: autoDraw = False
22.5187 	EXP 	text: autoDraw = False
22.5187 	EXP 	Leftimg: pos = array([-300.,    0.])
22.5187 	EXP 	Leftimg: image = u'frogs/ab5.jpg'
22.5187 	EXP 	Rightimg: pos = array([ 300.,    0.])
22.5187 	EXP 	Rightimg: image = u'frogs/ab45.jpg'
22.5187 	EXP 	Leftimg: autoDraw = True
22.5187 	EXP 	Rightimg: autoDraw = True
23.0029 	EXP 	Leftimg: autoDraw = False
23.0029 	EXP 	Rightimg: autoDraw = False
23.1214 	DATA 	Keypress: left
23.1226 	EXP 	New trial (rep=0, index=9): {'YLeftPos': 0, 'time_presentation': 0.5, 'XLeftPos': -300, 'XRightPos': 300, 'rightimg': u'frogs/ab66.jpg', 'YRightPos': 0, 'leftimg': u'frogs/ab26.jpg'}
23.1360 	EXP 	Leftimg: autoDraw = False
23.1360 	EXP 	Rightimg: autoDraw = False
23.1360 	EXP 	text: autoDraw = False
23.1360 	EXP 	Leftimg: pos = array([-300.,    0.])
23.1360 	EXP 	Leftimg: image = u'frogs/ab26.jpg'
23.1360 	EXP 	Rightimg: pos = array([ 300.,    0.])
23.1360 	EXP 	Rightimg: image = u'frogs/ab66.jpg'
23.1360 	EXP 	Leftimg: autoDraw = True
23.1360 	EXP 	Rightimg: autoDraw = True
23.6362 	EXP 	Leftimg: autoDraw = False
23.6362 	EXP 	Rightimg: autoDraw = False
23.8874 	DATA 	Keypress: right
23.8886 	EXP 	New trial (rep=0, index=10): {'YLeftPos': 0, 'time_presentation': 0.5, 'XLeftPos': -300, 'XRightPos': 300, 'rightimg': u'frogs/ab47.jpg', 'YRightPos': 0, 'leftimg': u'frogs/ab7.jpg'}
24.2526 	EXP 	Leftimg: autoDraw = False
24.2526 	EXP 	Rightimg: autoDraw = False
24.2526 	EXP 	text: autoDraw = False
24.2526 	EXP 	Leftimg: pos = array([-300.,    0.])
24.2526 	EXP 	Leftimg: image = u'frogs/ab7.jpg'
24.2526 	EXP 	Rightimg: pos = array([ 300.,    0.])
24.2526 	EXP 	Rightimg: image = u'frogs/ab47.jpg'
24.2526 	EXP 	Leftimg: autoDraw = True
24.2526 	EXP 	Rightimg: autoDraw = True
24.4027 	EXP 	Leftimg: autoDraw = False
24.4027 	EXP 	Rightimg: autoDraw = False
24.7214 	DATA 	Keypress: left
24.7225 	EXP 	New trial (rep=0, index=11): {'YLeftPos': 0, 'time_presentation': 0.5, 'XLeftPos': -300, 'XRightPos': 300, 'rightimg': u'3.jpg', 'YRightPos': 0, 'leftimg': u'1.jpg'}
24.7858 	EXP 	Leftimg: autoDraw = False
24.7858 	EXP 	Rightimg: autoDraw = False
24.7858 	EXP 	text: autoDraw = False
24.7858 	EXP 	Leftimg: pos = array([-300.,    0.])
24.7858 	EXP 	Leftimg: image = u'1.jpg'
24.7858 	EXP 	Rightimg: pos = array([ 300.,    0.])
24.7858 	EXP 	Rightimg: image = u'3.jpg'
24.7858 	EXP 	Leftimg: autoDraw = True
24.7858 	EXP 	Rightimg: autoDraw = True
25.2363 	EXP 	Leftimg: autoDraw = False
25.2363 	EXP 	Rightimg: autoDraw = False
26.6226 	DATA 	Keypress: space
26.6373 	EXP 	New trial (rep=0, index=12): {'YLeftPos': 0, 'time_presentation': 0.5, 'XLeftPos': -300, 'XRightPos': 300, 'rightimg': u'frogs/ab44.jpg', 'YRightPos': 0, 'leftimg': u'frogs/ab4.jpg'}
26.6525 	EXP 	Leftimg: autoDraw = False
26.6525 	EXP 	Rightimg: autoDraw = False
26.6525 	EXP 	text: autoDraw = False
26.6525 	EXP 	Leftimg: pos = array([-300.,    0.])
26.6525 	EXP 	Leftimg: image = u'frogs/ab4.jpg'
26.6525 	EXP 	Rightimg: pos = array([ 300.,    0.])
26.6525 	EXP 	Rightimg: image = u'frogs/ab44.jpg'
26.6525 	EXP 	Leftimg: autoDraw = True
26.6525 	EXP 	Rightimg: autoDraw = True
27.1528 	EXP 	Leftimg: autoDraw = False
27.1528 	EXP 	Rightimg: autoDraw = False
27.3708 	DATA 	Keypress: left
27.3719 	EXP 	New trial (rep=0, index=13): {'YLeftPos': 0, 'time_presentation': 0.5, 'XLeftPos': -300, 'XRightPos': 300, 'rightimg': u'frogs/ab52.jpg', 'YRightPos': 0, 'leftimg': u'frogs/ab12.jpg'}
27.3860 	EXP 	Leftimg: autoDraw = False
27.3860 	EXP 	Rightimg: autoDraw = False
27.3860 	EXP 	text: autoDraw = False
27.3860 	EXP 	Leftimg: pos = array([-300.,    0.])
27.3860 	EXP 	Leftimg: image = u'frogs/ab12.jpg'
27.3860 	EXP 	Rightimg: pos = array([ 300.,    0.])
27.3860 	EXP 	Rightimg: image = u'frogs/ab52.jpg'
27.3860 	EXP 	Leftimg: autoDraw = True
27.3860 	EXP 	Rightimg: autoDraw = True
27.4367 	DATA 	Keypress: roption
27.8862 	EXP 	Leftimg: autoDraw = False
27.8862 	EXP 	Rightimg: autoDraw = False
29.3882 	DATA 	Keypress: space
29.3895 	EXP 	New trial (rep=0, index=14): {'YLeftPos': 0, 'time_presentation': 0.5, 'XLeftPos': -300, 'XRightPos': 300, 'rightimg': u'1.jpg', 'YRightPos': 0, 'leftimg': u'3.jpg'}
29.4357 	EXP 	Leftimg: autoDraw = False
29.4357 	EXP 	Rightimg: autoDraw = False
29.4357 	EXP 	text: autoDraw = False
29.4357 	EXP 	Leftimg: pos = array([-300.,    0.])
29.4357 	EXP 	Leftimg: image = u'3.jpg'
29.4357 	EXP 	Rightimg: pos = array([ 300.,    0.])
29.4357 	EXP 	Rightimg: image = u'1.jpg'
29.4357 	EXP 	Leftimg: autoDraw = True
29.4357 	EXP 	Rightimg: autoDraw = True
29.7212 	DATA 	Keypress: right
29.7222 	EXP 	New trial (rep=0, index=15): {'YLeftPos': 0, 'time_presentation': 0.5, 'XLeftPos': -300, 'XRightPos': 300, 'rightimg': u'frogs/ab65.jpg', 'YRightPos': 0, 'leftimg': u'frogs/ab25.jpg'}
29.7862 	EXP 	Leftimg: autoDraw = False
29.7862 	EXP 	Rightimg: autoDraw = False
29.7862 	EXP 	text: autoDraw = False
29.7862 	EXP 	Leftimg: pos = array([-300.,    0.])
29.7862 	EXP 	Leftimg: image = u'frogs/ab25.jpg'
29.7862 	EXP 	Rightimg: pos = array([ 300.,    0.])
29.7862 	EXP 	Rightimg: image = u'frogs/ab65.jpg'
29.7862 	EXP 	Leftimg: autoDraw = True
29.7862 	EXP 	Rightimg: autoDraw = True
30.2361 	EXP 	Leftimg: autoDraw = False
30.2361 	EXP 	Rightimg: autoDraw = False
31.2882 	DATA 	Keypress: space
31.2896 	EXP 	New trial (rep=0, index=16): {'YLeftPos': 0, 'time_presentation': 0.5, 'XLeftPos': -300, 'XRightPos': 300, 'rightimg': u'frogs/ab71.jpg', 'YRightPos': 0, 'leftimg': u'frogs/ab31.jpg'}
31.3854 	EXP 	Leftimg: autoDraw = False
31.3854 	EXP 	Rightimg: autoDraw = False
31.3854 	EXP 	text: autoDraw = False
31.3854 	EXP 	Leftimg: pos = array([-300.,    0.])
31.3854 	EXP 	Leftimg: image = u'frogs/ab31.jpg'
31.3854 	EXP 	Rightimg: pos = array([ 300.,    0.])
31.3854 	EXP 	Rightimg: image = u'frogs/ab71.jpg'
31.3854 	EXP 	Leftimg: autoDraw = True
31.3854 	EXP 	Rightimg: autoDraw = True
31.8028 	EXP 	Leftimg: autoDraw = False
31.8028 	EXP 	Rightimg: autoDraw = False
31.9043 	DATA 	Keypress: right
31.9054 	EXP 	New trial (rep=0, index=17): {'YLeftPos': 0, 'time_presentation': 0.5, 'XLeftPos': -300, 'XRightPos': 300, 'rightimg': u'frogs/ab46.jpg', 'YRightPos': 0, 'leftimg': u'frogs/ab6.jpg'}
31.9858 	EXP 	Leftimg: autoDraw = False
31.9858 	EXP 	Rightimg: autoDraw = False
31.9858 	EXP 	text: autoDraw = False
31.9858 	EXP 	Leftimg: pos = array([-300.,    0.])
31.9858 	EXP 	Leftimg: image = u'frogs/ab6.jpg'
31.9858 	EXP 	Rightimg: pos = array([ 300.,    0.])
31.9858 	EXP 	Rightimg: image = u'frogs/ab46.jpg'
31.9858 	EXP 	Leftimg: autoDraw = True
31.9858 	EXP 	Rightimg: autoDraw = True
32.4196 	EXP 	Leftimg: autoDraw = False
32.4196 	EXP 	Rightimg: autoDraw = False
32.7546 	DATA 	Keypress: left
32.7558 	EXP 	New trial (rep=0, index=18): {'YLeftPos': 0, 'time_presentation': 0.5, 'XLeftPos': -300, 'XRightPos': 300, 'rightimg': u'frogs/ab58.jpg', 'YRightPos': 0, 'leftimg': u'frogs/ab18.jpg'}
32.9020 	EXP 	Leftimg: autoDraw = False
32.9020 	EXP 	Rightimg: autoDraw = False
32.9020 	EXP 	text: autoDraw = False
32.9020 	EXP 	Leftimg: pos = array([-300.,    0.])
32.9020 	EXP 	Leftimg: image = u'frogs/ab18.jpg'
32.9020 	EXP 	Rightimg: pos = array([ 300.,    0.])
32.9020 	EXP 	Rightimg: image = u'frogs/ab58.jpg'
32.9020 	EXP 	Leftimg: autoDraw = True
32.9020 	EXP 	Rightimg: autoDraw = True
33.2694 	EXP 	Leftimg: autoDraw = False
33.2694 	EXP 	Rightimg: autoDraw = False
33.9545 	DATA 	Keypress: right
33.9557 	EXP 	New trial (rep=0, index=19): {'YLeftPos': 0, 'time_presentation': 0.5, 'XLeftPos': -300, 'XRightPos': 300, 'rightimg': u'frogs/ab54.jpg', 'YRightPos': 0, 'leftimg': u'frogs/ab14.jpg'}
34.0028 	EXP 	Leftimg: autoDraw = False
34.0028 	EXP 	Rightimg: autoDraw = False
34.0028 	EXP 	text: autoDraw = False
34.0028 	EXP 	Leftimg: pos = array([-300.,    0.])
34.0028 	EXP 	Leftimg: image = u'frogs/ab14.jpg'
34.0028 	EXP 	Rightimg: pos = array([ 300.,    0.])
34.0028 	EXP 	Rightimg: image = u'frogs/ab54.jpg'
34.0028 	EXP 	Leftimg: autoDraw = True
34.0028 	EXP 	Rightimg: autoDraw = True
34.0363 	DATA 	Keypress: rshift
34.4694 	EXP 	Leftimg: autoDraw = False
34.4694 	EXP 	Rightimg: autoDraw = False
34.6877 	DATA 	Keypress: left
34.6888 	EXP 	New trial (rep=0, index=20): {'YLeftPos': 0, 'time_presentation': 0.5, 'XLeftPos': -300, 'XRightPos': 300, 'rightimg': u'frogs/ab77.jpg', 'YRightPos': 0, 'leftimg': u'frogs/ab37.jpg'}
34.7363 	EXP 	Leftimg: autoDraw = False
34.7363 	EXP 	Rightimg: autoDraw = False
34.7363 	EXP 	text: autoDraw = False
34.7363 	EXP 	Leftimg: pos = array([-300.,    0.])
34.7363 	EXP 	Leftimg: image = u'frogs/ab37.jpg'
34.7363 	EXP 	Rightimg: pos = array([ 300.,    0.])
34.7363 	EXP 	Rightimg: image = u'frogs/ab77.jpg'
34.7363 	EXP 	Leftimg: autoDraw = True
34.7363 	EXP 	Rightimg: autoDraw = True
35.2026 	EXP 	Leftimg: autoDraw = False
35.2026 	EXP 	Rightimg: autoDraw = False
37.1221 	DATA 	Keypress: space
37.1234 	EXP 	New trial (rep=0, index=21): {'YLeftPos': 0, 'time_presentation': 0.5, 'XLeftPos': -300, 'XRightPos': 300, 'rightimg': u'frogs/ab49.jpg', 'YRightPos': 0, 'leftimg': u'frogs/ab9.jpg'}
37.3029 	EXP 	Leftimg: autoDraw = False
37.3029 	EXP 	Rightimg: autoDraw = False
37.3029 	EXP 	text: autoDraw = False
37.3029 	EXP 	Leftimg: pos = array([-300.,    0.])
37.3029 	EXP 	Leftimg: image = u'frogs/ab9.jpg'
37.3029 	EXP 	Rightimg: pos = array([ 300.,    0.])
37.3029 	EXP 	Rightimg: image = u'frogs/ab49.jpg'
37.3029 	EXP 	Leftimg: autoDraw = True
37.3029 	EXP 	Rightimg: autoDraw = True
37.6360 	EXP 	Leftimg: autoDraw = False
37.6360 	EXP 	Rightimg: autoDraw = False
37.7876 	DATA 	Keypress: right
37.7887 	EXP 	New trial (rep=0, index=22): {'YLeftPos': 0, 'time_presentation': 0.5, 'XLeftPos': -300, 'XRightPos': 300, 'rightimg': u'frogs/ab48.jpg', 'YRightPos': 0, 'leftimg': u'frogs/ab8.jpg'}
37.8523 	EXP 	Leftimg: autoDraw = False
37.8523 	EXP 	Rightimg: autoDraw = False
37.8523 	EXP 	text: autoDraw = False
37.8523 	EXP 	Leftimg: pos = array([-300.,    0.])
37.8523 	EXP 	Leftimg: image = u'frogs/ab8.jpg'
37.8523 	EXP 	Rightimg: pos = array([ 300.,    0.])
37.8523 	EXP 	Rightimg: image = u'frogs/ab48.jpg'
37.8523 	EXP 	Leftimg: autoDraw = True
37.8523 	EXP 	Rightimg: autoDraw = True
38.3027 	EXP 	Leftimg: autoDraw = False
38.3027 	EXP 	Rightimg: autoDraw = False
38.4718 	DATA 	Keypress: left
38.4733 	EXP 	New trial (rep=0, index=23): {'YLeftPos': 0, 'time_presentation': 0.5, 'XLeftPos': -300, 'XRightPos': 300, 'rightimg': u'frogs/ab42.jpg', 'YRightPos': 0, 'leftimg': u'frogs/ab2.jpg'}
38.8026 	EXP 	Leftimg: autoDraw = False
38.8026 	EXP 	Rightimg: autoDraw = False
38.8026 	EXP 	text: autoDraw = False
38.8026 	EXP 	Leftimg: pos = array([-300.,    0.])
38.8026 	EXP 	Leftimg: image = u'frogs/ab2.jpg'
38.8026 	EXP 	Rightimg: pos = array([ 300.,    0.])
38.8026 	EXP 	Rightimg: image = u'frogs/ab42.jpg'
38.8026 	EXP 	Leftimg: autoDraw = True
38.8026 	EXP 	Rightimg: autoDraw = True
38.9861 	EXP 	Leftimg: autoDraw = False
38.9861 	EXP 	Rightimg: autoDraw = False
39.4208 	DATA 	Keypress: right
39.4220 	EXP 	New trial (rep=0, index=24): {'YLeftPos': 0, 'time_presentation': 0.5, 'XLeftPos': -300, 'XRightPos': 300, 'rightimg': u'frogs/ab79.jpg', 'YRightPos': 0, 'leftimg': u'frogs/ab39.jpg'}
39.4694 	EXP 	Leftimg: autoDraw = False
39.4694 	EXP 	Rightimg: autoDraw = False
39.4694 	EXP 	text: autoDraw = False
39.4694 	EXP 	Leftimg: pos = array([-300.,    0.])
39.4694 	EXP 	Leftimg: image = u'frogs/ab39.jpg'
39.4694 	EXP 	Rightimg: pos = array([ 300.,    0.])
39.4694 	EXP 	Rightimg: image = u'frogs/ab79.jpg'
39.4694 	EXP 	Leftimg: autoDraw = True
39.4694 	EXP 	Rightimg: autoDraw = True
39.9360 	EXP 	Leftimg: autoDraw = False
39.9360 	EXP 	Rightimg: autoDraw = False
41.9371 	EXP 	window1: blendMode = 'avg'
41.9527 	EXP 	text: autoDraw = True
41.9536 	EXP 	window1: blendMode = 'avg'
41.9703 	EXP 	window1: blendMode = 'avg'
41.9869 	EXP 	window1: blendMode = 'avg'
42.0036 	EXP 	window1: blendMode = 'avg'
42.0204 	EXP 	window1: blendMode = 'avg'
42.0369 	EXP 	window1: blendMode = 'avg'
42.0539 	EXP 	window1: blendMode = 'avg'
42.0704 	EXP 	window1: blendMode = 'avg'
42.0870 	EXP 	window1: blendMode = 'avg'
42.1037 	EXP 	window1: blendMode = 'avg'
42.1204 	EXP 	window1: blendMode = 'avg'
42.1371 	EXP 	window1: blendMode = 'avg'
42.1530 	EXP 	window1: blendMode = 'avg'
42.1702 	EXP 	window1: blendMode = 'avg'
42.1869 	EXP 	window1: blendMode = 'avg'
42.2036 	EXP 	window1: blendMode = 'avg'
42.2203 	EXP 	window1: blendMode = 'avg'
42.2370 	EXP 	window1: blendMode = 'avg'
42.2537 	EXP 	window1: blendMode = 'avg'
42.2705 	EXP 	window1: blendMode = 'avg'
42.2871 	EXP 	window1: blendMode = 'avg'
42.3038 	EXP 	window1: blendMode = 'avg'
42.3203 	EXP 	window1: blendMode = 'avg'
42.3369 	EXP 	window1: blendMode = 'avg'
42.3536 	EXP 	window1: blendMode = 'avg'
42.3704 	EXP 	window1: blendMode = 'avg'
42.3872 	EXP 	window1: blendMode = 'avg'
42.4037 	EXP 	window1: blendMode = 'avg'
42.4204 	EXP 	window1: blendMode = 'avg'
42.4370 	EXP 	window1: blendMode = 'avg'
42.4538 	EXP 	window1: blendMode = 'avg'
42.4703 	EXP 	window1: blendMode = 'avg'
42.4870 	EXP 	window1: blendMode = 'avg'
42.5037 	EXP 	window1: blendMode = 'avg'
42.5203 	EXP 	window1: blendMode = 'avg'
42.5371 	EXP 	window1: blendMode = 'avg'
42.5536 	EXP 	window1: blendMode = 'avg'
42.5703 	EXP 	window1: blendMode = 'avg'
42.5871 	EXP 	window1: blendMode = 'avg'
42.6037 	EXP 	window1: blendMode = 'avg'
42.6203 	EXP 	window1: blendMode = 'avg'
42.6371 	EXP 	window1: blendMode = 'avg'
42.6536 	EXP 	window1: blendMode = 'avg'
42.6703 	EXP 	window1: blendMode = 'avg'
42.6871 	EXP 	window1: blendMode = 'avg'
42.7036 	EXP 	window1: blendMode = 'avg'
42.7204 	EXP 	window1: blendMode = 'avg'
42.7369 	EXP 	window1: blendMode = 'avg'
42.7537 	EXP 	window1: blendMode = 'avg'
42.7703 	EXP 	window1: blendMode = 'avg'
42.7870 	EXP 	window1: blendMode = 'avg'
42.8037 	EXP 	window1: blendMode = 'avg'
42.8202 	EXP 	window1: blendMode = 'avg'
42.8370 	EXP 	window1: blendMode = 'avg'
42.8537 	EXP 	window1: blendMode = 'avg'
42.8704 	EXP 	window1: blendMode = 'avg'
42.8871 	EXP 	window1: blendMode = 'avg'
42.9035 	EXP 	window1: blendMode = 'avg'
42.9203 	EXP 	window1: blendMode = 'avg'
42.9370 	EXP 	window1: blendMode = 'avg'
42.9537 	EXP 	window1: blendMode = 'avg'
42.9703 	EXP 	window1: blendMode = 'avg'
42.9870 	EXP 	window1: blendMode = 'avg'
43.0037 	EXP 	window1: blendMode = 'avg'
43.0203 	EXP 	window1: blendMode = 'avg'
43.0369 	EXP 	window1: blendMode = 'avg'
43.0537 	EXP 	window1: blendMode = 'avg'
43.0703 	EXP 	window1: blendMode = 'avg'
43.0870 	EXP 	window1: blendMode = 'avg'
43.1037 	EXP 	window1: blendMode = 'avg'
43.1203 	EXP 	window1: blendMode = 'avg'
43.1370 	EXP 	window1: blendMode = 'avg'
43.1537 	EXP 	window1: blendMode = 'avg'
43.1706 	EXP 	window1: blendMode = 'avg'
43.1875 	DATA 	Keypress: space
43.1886 	EXP 	New trial (rep=0, index=25): {'YLeftPos': 0, 'time_presentation': 0.5, 'XLeftPos': -300, 'XRightPos': 300, 'rightimg': u'frogs/ab63.jpg', 'YRightPos': 0, 'leftimg': u'frogs/ab23.jpg'}
43.2355 	EXP 	Leftimg: autoDraw = False
43.2355 	EXP 	Rightimg: autoDraw = False
43.2355 	EXP 	text: autoDraw = False
43.2355 	EXP 	Leftimg: pos = array([-300.,    0.])
43.2355 	EXP 	Leftimg: image = u'frogs/ab23.jpg'
43.2355 	EXP 	Rightimg: pos = array([ 300.,    0.])
43.2355 	EXP 	Rightimg: image = u'frogs/ab63.jpg'
43.2355 	EXP 	Leftimg: autoDraw = True
43.2355 	EXP 	Rightimg: autoDraw = True
43.7026 	EXP 	Leftimg: autoDraw = False
43.7026 	EXP 	Rightimg: autoDraw = False
44.0043 	DATA 	Keypress: left
44.0054 	EXP 	New trial (rep=0, index=26): {'YLeftPos': 0, 'time_presentation': 0.5, 'XLeftPos': -300, 'XRightPos': 300, 'rightimg': u'frogs/ab80.jpg', 'YRightPos': 0, 'leftimg': u'frogs/ab40.jpg'}
44.0360 	EXP 	Leftimg: autoDraw = False
44.0360 	EXP 	Rightimg: autoDraw = False
44.0360 	EXP 	text: autoDraw = False
44.0360 	EXP 	Leftimg: pos = array([-300.,    0.])
44.0360 	EXP 	Leftimg: image = u'frogs/ab40.jpg'
44.0360 	EXP 	Rightimg: pos = array([ 300.,    0.])
44.0360 	EXP 	Rightimg: image = u'frogs/ab80.jpg'
44.0360 	EXP 	Leftimg: autoDraw = True
44.0360 	EXP 	Rightimg: autoDraw = True
44.5191 	EXP 	Leftimg: autoDraw = False
44.5191 	EXP 	Rightimg: autoDraw = False
46.0711 	DATA 	Keypress: right
46.0720 	EXP 	New trial (rep=0, index=27): {'YLeftPos': 0, 'time_presentation': 0.5, 'XLeftPos': -300, 'XRightPos': 300, 'rightimg': u'frogs/ab60.jpg', 'YRightPos': 0, 'leftimg': u'frogs/ab20.jpg'}
46.0857 	EXP 	Leftimg: autoDraw = False
46.0857 	EXP 	Rightimg: autoDraw = False
46.0857 	EXP 	text: autoDraw = False
46.0857 	EXP 	Leftimg: pos = array([-300.,    0.])
46.0857 	EXP 	Leftimg: image = u'frogs/ab20.jpg'
46.0857 	EXP 	Rightimg: pos = array([ 300.,    0.])
46.0857 	EXP 	Rightimg: image = u'frogs/ab60.jpg'
46.0857 	EXP 	Leftimg: autoDraw = True
46.0857 	EXP 	Rightimg: autoDraw = True
46.5860 	EXP 	Leftimg: autoDraw = False
46.5860 	EXP 	Rightimg: autoDraw = False
48.5869 	EXP 	window1: blendMode = 'avg'
48.6027 	EXP 	text: autoDraw = True
48.6036 	EXP 	window1: blendMode = 'avg'
48.6202 	EXP 	window1: blendMode = 'avg'
48.6369 	EXP 	window1: blendMode = 'avg'
48.6541 	EXP 	window1: blendMode = 'avg'
48.6701 	EXP 	window1: blendMode = 'avg'
48.6869 	EXP 	window1: blendMode = 'avg'
48.7035 	EXP 	window1: blendMode = 'avg'
48.7203 	EXP 	window1: blendMode = 'avg'
48.7370 	EXP 	window1: blendMode = 'avg'
48.7535 	EXP 	window1: blendMode = 'avg'
48.7702 	EXP 	window1: blendMode = 'avg'
48.7870 	EXP 	window1: blendMode = 'avg'
48.8035 	EXP 	window1: blendMode = 'avg'
48.8203 	EXP 	window1: blendMode = 'avg'
48.8368 	EXP 	window1: blendMode = 'avg'
48.8536 	EXP 	window1: blendMode = 'avg'
48.8703 	EXP 	window1: blendMode = 'avg'
48.8868 	EXP 	window1: blendMode = 'avg'
48.9036 	EXP 	window1: blendMode = 'avg'
48.9203 	EXP 	window1: blendMode = 'avg'
48.9368 	EXP 	window1: blendMode = 'avg'
48.9536 	EXP 	window1: blendMode = 'avg'
48.9703 	EXP 	window1: blendMode = 'avg'
48.9870 	EXP 	window1: blendMode = 'avg'
49.0035 	EXP 	window1: blendMode = 'avg'
49.0203 	EXP 	window1: blendMode = 'avg'
49.0372 	EXP 	window1: blendMode = 'avg'
49.0534 	EXP 	window1: blendMode = 'avg'
49.0703 	EXP 	window1: blendMode = 'avg'
49.0869 	EXP 	window1: blendMode = 'avg'
49.1036 	EXP 	window1: blendMode = 'avg'
49.1202 	EXP 	window1: blendMode = 'avg'
49.1369 	EXP 	window1: blendMode = 'avg'
49.1536 	EXP 	window1: blendMode = 'avg'
49.1703 	EXP 	window1: blendMode = 'avg'
49.1871 	EXP 	window1: blendMode = 'avg'
49.2036 	EXP 	window1: blendMode = 'avg'
49.2203 	EXP 	window1: blendMode = 'avg'
49.2368 	EXP 	window1: blendMode = 'avg'
49.2536 	EXP 	window1: blendMode = 'avg'
49.2702 	EXP 	window1: blendMode = 'avg'
49.2869 	EXP 	window1: blendMode = 'avg'
49.3036 	EXP 	window1: blendMode = 'avg'
49.3202 	EXP 	window1: blendMode = 'avg'
49.3369 	EXP 	window1: blendMode = 'avg'
49.3536 	EXP 	window1: blendMode = 'avg'
49.3703 	EXP 	window1: blendMode = 'avg'
49.3870 	EXP 	window1: blendMode = 'avg'
49.4036 	EXP 	window1: blendMode = 'avg'
49.4203 	EXP 	window1: blendMode = 'avg'
49.4370 	EXP 	window1: blendMode = 'avg'
49.4537 	EXP 	window1: blendMode = 'avg'
49.4702 	EXP 	window1: blendMode = 'avg'
49.4869 	EXP 	window1: blendMode = 'avg'
49.5036 	EXP 	window1: blendMode = 'avg'
49.5202 	EXP 	window1: blendMode = 'avg'
49.5369 	EXP 	window1: blendMode = 'avg'
49.5536 	EXP 	window1: blendMode = 'avg'
49.5704 	EXP 	window1: blendMode = 'avg'
49.5872 	EXP 	window1: blendMode = 'avg'
49.6041 	DATA 	Keypress: space
49.6050 	EXP 	New trial (rep=0, index=28): {'YLeftPos': 0, 'time_presentation': 0.5, 'XLeftPos': -300, 'XRightPos': 300, 'rightimg': u'frogs/ab74.jpg', 'YRightPos': 0, 'leftimg': u'frogs/ab34.jpg'}
49.6854 	EXP 	Leftimg: autoDraw = False
49.6854 	EXP 	Rightimg: autoDraw = False
49.6854 	EXP 	text: autoDraw = False
49.6854 	EXP 	Leftimg: pos = array([-300.,    0.])
49.6854 	EXP 	Leftimg: image = u'frogs/ab34.jpg'
49.6854 	EXP 	Rightimg: pos = array([ 300.,    0.])
49.6854 	EXP 	Rightimg: image = u'frogs/ab74.jpg'
49.6854 	EXP 	Leftimg: autoDraw = True
49.6854 	EXP 	Rightimg: autoDraw = True
50.1192 	EXP 	Leftimg: autoDraw = False
50.1192 	EXP 	Rightimg: autoDraw = False
50.2374 	DATA 	Keypress: right
50.2385 	EXP 	New trial (rep=0, index=29): {'YLeftPos': 0, 'time_presentation': 0.5, 'XLeftPos': -300, 'XRightPos': 300, 'rightimg': u'4.jpg', 'YRightPos': 0, 'leftimg': u'2.jpg'}
50.2858 	EXP 	Leftimg: autoDraw = False
50.2858 	EXP 	Rightimg: autoDraw = False
50.2858 	EXP 	text: autoDraw = False
50.2858 	EXP 	Leftimg: pos = array([-300.,    0.])
50.2858 	EXP 	Leftimg: image = u'2.jpg'
50.2858 	EXP 	Rightimg: pos = array([ 300.,    0.])
50.2858 	EXP 	Rightimg: image = u'4.jpg'
50.2858 	EXP 	Leftimg: autoDraw = True
50.2858 	EXP 	Rightimg: autoDraw = True
50.7525 	EXP 	Leftimg: autoDraw = False
50.7525 	EXP 	Rightimg: autoDraw = False
51.0873 	DATA 	Keypress: left
51.0883 	EXP 	New trial (rep=0, index=30): {'YLeftPos': 0, 'time_presentation': 0.5, 'XLeftPos': -300, 'XRightPos': 300, 'rightimg': u'2.jpg', 'YRightPos': 0, 'leftimg': u'4.jpg'}
51.1186 	EXP 	Leftimg: autoDraw = False
51.1186 	EXP 	Rightimg: autoDraw = False
51.1186 	EXP 	text: autoDraw = False
51.1186 	EXP 	Leftimg: pos = array([-300.,    0.])
51.1186 	EXP 	Leftimg: image = u'4.jpg'
51.1186 	EXP 	Rightimg: pos = array([ 300.,    0.])
51.1186 	EXP 	Rightimg: image = u'2.jpg'
51.1186 	EXP 	Leftimg: autoDraw = True
51.1186 	EXP 	Rightimg: autoDraw = True
51.6026 	EXP 	Leftimg: autoDraw = False
51.6026 	EXP 	Rightimg: autoDraw = False
51.9542 	DATA 	Keypress: left
51.9553 	EXP 	New trial (rep=0, index=31): {'YLeftPos': 0, 'time_presentation': 0.5, 'XLeftPos': -300, 'XRightPos': 300, 'rightimg': u'frogs/ab56.jpg', 'YRightPos': 0, 'leftimg': u'frogs/ab16.jpg'}
52.2021 	EXP 	Leftimg: autoDraw = False
52.2021 	EXP 	Rightimg: autoDraw = False
52.2021 	EXP 	text: autoDraw = False
52.2021 	EXP 	Leftimg: pos = array([-300.,    0.])
52.2021 	EXP 	Leftimg: image = u'frogs/ab16.jpg'
52.2021 	EXP 	Rightimg: pos = array([ 300.,    0.])
52.2021 	EXP 	Rightimg: image = u'frogs/ab56.jpg'
52.2021 	EXP 	Leftimg: autoDraw = True
52.2021 	EXP 	Rightimg: autoDraw = True
52.4690 	EXP 	Leftimg: autoDraw = False
52.4690 	EXP 	Rightimg: autoDraw = False
54.4043 	DATA 	Keypress: space
54.4056 	EXP 	New trial (rep=0, index=32): {'YLeftPos': 0, 'time_presentation': 0.5, 'XLeftPos': -300, 'XRightPos': 300, 'rightimg': u'frogs/ab78.jpg', 'YRightPos': 0, 'leftimg': u'frogs/ab38.jpg'}
54.4526 	EXP 	Leftimg: autoDraw = False
54.4526 	EXP 	Rightimg: autoDraw = False
54.4526 	EXP 	text: autoDraw = False
54.4526 	EXP 	Leftimg: pos = array([-300.,    0.])
54.4526 	EXP 	Leftimg: image = u'frogs/ab38.jpg'
54.4526 	EXP 	Rightimg: pos = array([ 300.,    0.])
54.4526 	EXP 	Rightimg: image = u'frogs/ab78.jpg'
54.4526 	EXP 	Leftimg: autoDraw = True
54.4526 	EXP 	Rightimg: autoDraw = True
54.8035 	DATA 	Keypress: left
54.8044 	EXP 	New trial (rep=0, index=33): {'YLeftPos': 0, 'time_presentation': 0.5, 'XLeftPos': -300, 'XRightPos': 300, 'rightimg': u'frogs/ab62.jpg', 'YRightPos': 0, 'leftimg': u'frogs/ab22.jpg'}
54.9697 	EXP 	Leftimg: autoDraw = False
54.9697 	EXP 	Rightimg: autoDraw = False
54.9697 	EXP 	text: autoDraw = False
54.9697 	EXP 	Leftimg: pos = array([-300.,    0.])
54.9697 	EXP 	Leftimg: image = u'frogs/ab22.jpg'
54.9697 	EXP 	Rightimg: pos = array([ 300.,    0.])
54.9697 	EXP 	Rightimg: image = u'frogs/ab62.jpg'
54.9697 	EXP 	Leftimg: autoDraw = True
54.9697 	EXP 	Rightimg: autoDraw = True
55.3189 	EXP 	Leftimg: autoDraw = False
55.3189 	EXP 	Rightimg: autoDraw = False
55.5537 	DATA 	Keypress: left
55.5547 	EXP 	New trial (rep=0, index=34): {'YLeftPos': 0, 'time_presentation': 0.5, 'XLeftPos': -300, 'XRightPos': 300, 'rightimg': u'frogs/ab41.jpg', 'YRightPos': 0, 'leftimg': u'frogs/ab1.jpg'}
55.5857 	EXP 	Leftimg: autoDraw = False
55.5857 	EXP 	Rightimg: autoDraw = False
55.5857 	EXP 	text: autoDraw = False
55.5857 	EXP 	Leftimg: pos = array([-300.,    0.])
55.5857 	EXP 	Leftimg: image = u'frogs/ab1.jpg'
55.5857 	EXP 	Rightimg: pos = array([ 300.,    0.])
55.5857 	EXP 	Rightimg: image = u'frogs/ab41.jpg'
55.5857 	EXP 	Leftimg: autoDraw = True
55.5857 	EXP 	Rightimg: autoDraw = True
56.0377 	DATA 	Keypress: right
56.0386 	EXP 	New trial (rep=0, index=35): {'YLeftPos': 0, 'time_presentation': 0.5, 'XLeftPos': -300, 'XRightPos': 300, 'rightimg': u'frogs/ab43.jpg', 'YRightPos': 0, 'leftimg': u'frogs/ab3.jpg'}
56.1023 	EXP 	Leftimg: autoDraw = False
56.1023 	EXP 	Rightimg: autoDraw = False
56.1023 	EXP 	text: autoDraw = False
56.1023 	EXP 	Leftimg: pos = array([-300.,    0.])
56.1023 	EXP 	Leftimg: image = u'frogs/ab3.jpg'
56.1023 	EXP 	Rightimg: pos = array([ 300.,    0.])
56.1023 	EXP 	Rightimg: image = u'frogs/ab43.jpg'
56.1023 	EXP 	Leftimg: autoDraw = True
56.1023 	EXP 	Rightimg: autoDraw = True
56.5525 	EXP 	Leftimg: autoDraw = False
56.5525 	EXP 	Rightimg: autoDraw = False
56.6374 	DATA 	Keypress: left
56.6386 	EXP 	New trial (rep=0, index=36): {'YLeftPos': 0, 'time_presentation': 0.5, 'XLeftPos': -300, 'XRightPos': 300, 'rightimg': u'frogs/ab76.jpg', 'YRightPos': 0, 'leftimg': u'frogs/ab36.jpg'}
56.6858 	EXP 	Leftimg: autoDraw = False
56.6858 	EXP 	Rightimg: autoDraw = False
56.6858 	EXP 	text: autoDraw = False
56.6858 	EXP 	Leftimg: pos = array([-300.,    0.])
56.6858 	EXP 	Leftimg: image = u'frogs/ab36.jpg'
56.6858 	EXP 	Rightimg: pos = array([ 300.,    0.])
56.6858 	EXP 	Rightimg: image = u'frogs/ab76.jpg'
56.6858 	EXP 	Leftimg: autoDraw = True
56.6858 	EXP 	Rightimg: autoDraw = True
57.0377 	DATA 	Keypress: right
57.0387 	EXP 	New trial (rep=0, index=37): {'YLeftPos': 0, 'time_presentation': 0.5, 'XLeftPos': -300, 'XRightPos': 300, 'rightimg': u'frogs/ab64.jpg', 'YRightPos': 0, 'leftimg': u'frogs/ab24.jpg'}
57.0522 	EXP 	Leftimg: autoDraw = False
57.0522 	EXP 	Rightimg: autoDraw = False
57.0522 	EXP 	text: autoDraw = False
57.0522 	EXP 	Leftimg: pos = array([-300.,    0.])
57.0522 	EXP 	Leftimg: image = u'frogs/ab24.jpg'
57.0522 	EXP 	Rightimg: pos = array([ 300.,    0.])
57.0522 	EXP 	Rightimg: image = u'frogs/ab64.jpg'
57.0522 	EXP 	Leftimg: autoDraw = True
57.0522 	EXP 	Rightimg: autoDraw = True
57.3377 	DATA 	Keypress: left
57.3386 	EXP 	New trial (rep=0, index=38): {'YLeftPos': 0, 'time_presentation': 0.5, 'XLeftPos': -300, 'XRightPos': 300, 'rightimg': u'frogs/ab67.jpg', 'YRightPos': 0, 'leftimg': u'frogs/ab27.jpg'}
57.3860 	EXP 	Leftimg: autoDraw = False
57.3860 	EXP 	Rightimg: autoDraw = False
57.3860 	EXP 	text: autoDraw = False
57.3860 	EXP 	Leftimg: pos = array([-300.,    0.])
57.3860 	EXP 	Leftimg: image = u'frogs/ab27.jpg'
57.3860 	EXP 	Rightimg: pos = array([ 300.,    0.])
57.3860 	EXP 	Rightimg: image = u'frogs/ab67.jpg'
57.3860 	EXP 	Leftimg: autoDraw = True
57.3860 	EXP 	Rightimg: autoDraw = True
57.6875 	DATA 	Keypress: right
57.6884 	EXP 	New trial (rep=0, index=39): {'YLeftPos': 0, 'time_presentation': 0.5, 'XLeftPos': -300, 'XRightPos': 300, 'rightimg': u'frogs/ab51.jpg', 'YRightPos': 0, 'leftimg': u'frogs/ab11.jpg'}
57.7523 	EXP 	Leftimg: autoDraw = False
57.7523 	EXP 	Rightimg: autoDraw = False
57.7523 	EXP 	text: autoDraw = False
57.7523 	EXP 	Leftimg: pos = array([-300.,    0.])
57.7523 	EXP 	Leftimg: image = u'frogs/ab11.jpg'
57.7523 	EXP 	Rightimg: pos = array([ 300.,    0.])
57.7523 	EXP 	Rightimg: image = u'frogs/ab51.jpg'
57.7523 	EXP 	Leftimg: autoDraw = True
57.7523 	EXP 	Rightimg: autoDraw = True
58.2023 	EXP 	Leftimg: autoDraw = False
58.2023 	EXP 	Rightimg: autoDraw = False
59.6889 	DATA 	Keypress: space
59.6898 	EXP 	New trial (rep=0, index=40): {'YLeftPos': 0, 'time_presentation': 0.5, 'XLeftPos': -300, 'XRightPos': 300, 'rightimg': u'frogs/ab61.jpg', 'YRightPos': 0, 'leftimg': u'frogs/ab21.jpg'}
59.7192 	EXP 	Leftimg: autoDraw = False
59.7192 	EXP 	Rightimg: autoDraw = False
59.7192 	EXP 	text: autoDraw = False
59.7192 	EXP 	Leftimg: pos = array([-300.,    0.])
59.7192 	EXP 	Leftimg: image = u'frogs/ab21.jpg'
59.7192 	EXP 	Rightimg: pos = array([ 300.,    0.])
59.7192 	EXP 	Rightimg: image = u'frogs/ab61.jpg'
59.7192 	EXP 	Leftimg: autoDraw = True
59.7192 	EXP 	Rightimg: autoDraw = True
60.1041 	DATA 	Keypress: right
60.1051 	EXP 	New trial (rep=0, index=41): {'YLeftPos': 0, 'time_presentation': 0.5, 'XLeftPos': -300, 'XRightPos': 300, 'rightimg': u'frogs/ab55.jpg', 'YRightPos': 0, 'leftimg': u'frogs/ab15.jpg'}
60.1849 	EXP 	Leftimg: autoDraw = False
60.1849 	EXP 	Rightimg: autoDraw = False
60.1849 	EXP 	text: autoDraw = False
60.1849 	EXP 	Leftimg: pos = array([-300.,    0.])
60.1849 	EXP 	Leftimg: image = u'frogs/ab15.jpg'
60.1849 	EXP 	Rightimg: pos = array([ 300.,    0.])
60.1849 	EXP 	Rightimg: image = u'frogs/ab55.jpg'
60.1849 	EXP 	Leftimg: autoDraw = True
60.1849 	EXP 	Rightimg: autoDraw = True
60.5367 	DATA 	Keypress: right
60.5376 	EXP 	New trial (rep=0, index=42): {'YLeftPos': 0, 'time_presentation': 0.5, 'XLeftPos': -300, 'XRightPos': 300, 'rightimg': u'frogs/ab75.jpg', 'YRightPos': 0, 'leftimg': u'frogs/ab35.jpg'}
60.5690 	EXP 	Leftimg: autoDraw = False
60.5690 	EXP 	Rightimg: autoDraw = False
60.5690 	EXP 	text: autoDraw = False
60.5690 	EXP 	Leftimg: pos = array([-300.,    0.])
60.5690 	EXP 	Leftimg: image = u'frogs/ab35.jpg'
60.5690 	EXP 	Rightimg: pos = array([ 300.,    0.])
60.5690 	EXP 	Rightimg: image = u'frogs/ab75.jpg'
60.5690 	EXP 	Leftimg: autoDraw = True
60.5690 	EXP 	Rightimg: autoDraw = True
61.0526 	EXP 	Leftimg: autoDraw = False
61.0526 	EXP 	Rightimg: autoDraw = False
61.1875 	DATA 	Keypress: right
61.1887 	EXP 	New trial (rep=0, index=43): {'YLeftPos': 0, 'time_presentation': 0.5, 'XLeftPos': -300, 'XRightPos': 300, 'rightimg': u'frogs/ab53.jpg', 'YRightPos': 0, 'leftimg': u'frogs/ab13.jpg'}
61.2190 	EXP 	Leftimg: autoDraw = False
61.2190 	EXP 	Rightimg: autoDraw = False
61.2190 	EXP 	text: autoDraw = False
61.2190 	EXP 	Leftimg: pos = array([-300.,    0.])
61.2190 	EXP 	Leftimg: image = u'frogs/ab13.jpg'
61.2190 	EXP 	Rightimg: pos = array([ 300.,    0.])
61.2190 	EXP 	Rightimg: image = u'frogs/ab53.jpg'
61.2190 	EXP 	Leftimg: autoDraw = True
61.2190 	EXP 	Rightimg: autoDraw = True
61.7023 	EXP 	Leftimg: autoDraw = False
61.7023 	EXP 	Rightimg: autoDraw = False
61.7372 	DATA 	Keypress: left
61.8007 	EXP 	window1: blendMode = 'avg'
61.8193 	EXP 	Leftimg: autoDraw = False
61.8193 	EXP 	Rightimg: autoDraw = False
61.8193 	EXP 	text: autoDraw = False
61.8193 	EXP 	text_3: autoDraw = True
61.8202 	EXP 	window1: blendMode = 'avg'
61.8368 	EXP 	window1: blendMode = 'avg'
61.8540 	EXP 	window1: blendMode = 'avg'
61.8699 	EXP 	window1: blendMode = 'avg'
61.8867 	EXP 	window1: blendMode = 'avg'
61.9035 	EXP 	window1: blendMode = 'avg'
61.9200 	EXP 	window1: blendMode = 'avg'
61.9369 	EXP 	window1: blendMode = 'avg'
61.9534 	EXP 	window1: blendMode = 'avg'
61.9702 	EXP 	window1: blendMode = 'avg'
61.9867 	EXP 	window1: blendMode = 'avg'
62.0034 	EXP 	window1: blendMode = 'avg'
62.0202 	EXP 	window1: blendMode = 'avg'
62.0367 	EXP 	window1: blendMode = 'avg'
62.0535 	EXP 	window1: blendMode = 'avg'
62.0690 	EXP 	window1: blendMode = 'avg'
62.0868 	EXP 	window1: blendMode = 'avg'
62.1035 	EXP 	window1: blendMode = 'avg'
62.1200 	EXP 	window1: blendMode = 'avg'
62.1367 	EXP 	window1: blendMode = 'avg'
62.1535 	EXP 	window1: blendMode = 'avg'
62.1700 	EXP 	window1: blendMode = 'avg'
62.1867 	EXP 	window1: blendMode = 'avg'
62.2035 	EXP 	window1: blendMode = 'avg'
62.2200 	EXP 	window1: blendMode = 'avg'
62.2367 	EXP 	window1: blendMode = 'avg'
62.2535 	EXP 	window1: blendMode = 'avg'
62.2700 	EXP 	window1: blendMode = 'avg'
62.2868 	EXP 	window1: blendMode = 'avg'
62.3033 	EXP 	window1: blendMode = 'avg'
62.3199 	EXP 	window1: blendMode = 'avg'
62.3366 	EXP 	window1: blendMode = 'avg'
62.3533 	EXP 	window1: blendMode = 'avg'
62.3701 	EXP 	window1: blendMode = 'avg'
62.3867 	EXP 	window1: blendMode = 'avg'
62.4035 	EXP 	window1: blendMode = 'avg'
62.4201 	EXP 	window1: blendMode = 'avg'
62.4368 	EXP 	window1: blendMode = 'avg'
62.4533 	EXP 	window1: blendMode = 'avg'
62.4702 	EXP 	window1: blendMode = 'avg'
62.4867 	EXP 	window1: blendMode = 'avg'
62.5034 	EXP 	window1: blendMode = 'avg'
62.5200 	EXP 	window1: blendMode = 'avg'
62.5368 	EXP 	window1: blendMode = 'avg'
62.5534 	EXP 	window1: blendMode = 'avg'
62.5700 	EXP 	window1: blendMode = 'avg'
62.5868 	EXP 	window1: blendMode = 'avg'
62.6034 	EXP 	window1: blendMode = 'avg'
62.6201 	EXP 	window1: blendMode = 'avg'
62.6369 	EXP 	window1: blendMode = 'avg'
62.6528 	EXP 	window1: blendMode = 'avg'
62.6697 	DATA 	Keypress: space
62.6706 	EXP 	window1: blendMode = 'avg'
62.6867 	EXP 	window1: blendMode = 'avg'
62.7034 	EXP 	window1: blendMode = 'avg'
62.7201 	EXP 	window1: blendMode = 'avg'
62.7367 	EXP 	window1: blendMode = 'avg'
62.7533 	EXP 	window1: blendMode = 'avg'
62.7702 	EXP 	window1: blendMode = 'avg'
62.7865 	EXP 	window1: blendMode = 'avg'
62.8030 	EXP 	window1: blendMode = 'avg'
62.8202 	EXP 	window1: blendMode = 'avg'
62.8372 	EXP 	window1: blendMode = 'avg'
62.8536 	EXP 	window1: blendMode = 'avg'
62.8702 	EXP 	window1: blendMode = 'avg'
62.8868 	EXP 	window1: blendMode = 'avg'
62.9035 	EXP 	window1: blendMode = 'avg'
62.9192 	EXP 	window1: blendMode = 'avg'
62.9363 	EXP 	window1: blendMode = 'avg'
62.9530 	EXP 	window1: blendMode = 'avg'
62.9692 	EXP 	window1: blendMode = 'avg'
62.9861 	EXP 	window1: blendMode = 'avg'
63.0023 	EXP 	window1: blendMode = 'avg'
63.0194 	EXP 	window1: blendMode = 'avg'
63.0366 	EXP 	window1: blendMode = 'avg'
63.0534 	EXP 	window1: blendMode = 'avg'
63.0702 	EXP 	window1: blendMode = 'avg'
63.0867 	EXP 	window1: blendMode = 'avg'
63.1035 	EXP 	window1: blendMode = 'avg'
63.1201 	EXP 	window1: blendMode = 'avg'
63.1369 	EXP 	window1: blendMode = 'avg'
63.1520 	EXP 	window1: blendMode = 'avg'
63.1700 	EXP 	window1: blendMode = 'avg'
63.1867 	EXP 	window1: blendMode = 'avg'
63.2035 	EXP 	window1: blendMode = 'avg'
63.2200 	EXP 	window1: blendMode = 'avg'
63.2369 	EXP 	window1: blendMode = 'avg'
63.2534 	EXP 	window1: blendMode = 'avg'
63.2702 	EXP 	window1: blendMode = 'avg'
63.2858 	EXP 	window1: blendMode = 'avg'
63.3034 	EXP 	window1: blendMode = 'avg'
63.3201 	EXP 	window1: blendMode = 'avg'
63.3367 	EXP 	window1: blendMode = 'avg'
63.3535 	EXP 	window1: blendMode = 'avg'
63.3701 	EXP 	window1: blendMode = 'avg'
63.3868 	EXP 	window1: blendMode = 'avg'
63.4034 	EXP 	window1: blendMode = 'avg'
63.4202 	EXP 	window1: blendMode = 'avg'
63.4367 	EXP 	window1: blendMode = 'avg'
63.4533 	EXP 	window1: blendMode = 'avg'
63.4701 	EXP 	window1: blendMode = 'avg'
63.4870 	EXP 	window1: blendMode = 'avg'
63.5033 	EXP 	window1: blendMode = 'avg'
63.5202 	EXP 	window1: blendMode = 'avg'
63.5358 	EXP 	window1: blendMode = 'avg'
63.5535 	EXP 	window1: blendMode = 'avg'
63.5701 	EXP 	window1: blendMode = 'avg'
63.5867 	EXP 	window1: blendMode = 'avg'
63.6035 	EXP 	window1: blendMode = 'avg'
63.6201 	EXP 	window1: blendMode = 'avg'
63.6369 	EXP 	window1: blendMode = 'avg'
63.6535 	EXP 	window1: blendMode = 'avg'
63.6700 	EXP 	window1: blendMode = 'avg'
63.6868 	EXP 	window1: blendMode = 'avg'
63.7034 	EXP 	window1: blendMode = 'avg'
63.7202 	EXP 	window1: blendMode = 'avg'
63.7370 	EXP 	window1: blendMode = 'avg'
63.7533 	EXP 	window1: blendMode = 'avg'
63.7702 	EXP 	window1: blendMode = 'avg'
63.7862 	EXP 	window1: blendMode = 'avg'
63.8026 	EXP 	window1: blendMode = 'avg'
63.8200 	EXP 	window1: blendMode = 'avg'
63.8369 	EXP 	window1: blendMode = 'avg'
63.8534 	EXP 	window1: blendMode = 'avg'
63.8702 	EXP 	window1: blendMode = 'avg'
63.8867 	EXP 	window1: blendMode = 'avg'
63.9035 	EXP 	window1: blendMode = 'avg'
63.9205 	EXP 	window1: blendMode = 'avg'
63.9368 	EXP 	window1: blendMode = 'avg'
63.9526 	EXP 	window1: blendMode = 'avg'
63.9700 	EXP 	window1: blendMode = 'avg'
63.9862 	EXP 	window1: blendMode = 'avg'
64.0024 	EXP 	window1: blendMode = 'avg'
64.0199 	EXP 	window1: blendMode = 'avg'
64.0368 	EXP 	window1: blendMode = 'avg'
64.0534 	EXP 	window1: blendMode = 'avg'
64.0702 	EXP 	window1: blendMode = 'avg'
64.0864 	EXP 	window1: blendMode = 'avg'
64.1033 	EXP 	window1: blendMode = 'avg'
64.1200 	EXP 	window1: blendMode = 'avg'
64.1369 	EXP 	window1: blendMode = 'avg'
64.1534 	EXP 	window1: blendMode = 'avg'
64.1702 	EXP 	window1: blendMode = 'avg'
64.1860 	EXP 	window1: blendMode = 'avg'
64.2032 	EXP 	window1: blendMode = 'avg'
64.2200 	EXP 	window1: blendMode = 'avg'
64.2368 	EXP 	window1: blendMode = 'avg'
64.2534 	EXP 	window1: blendMode = 'avg'
64.2702 	EXP 	window1: blendMode = 'avg'
64.2867 	EXP 	window1: blendMode = 'avg'
64.3033 	EXP 	window1: blendMode = 'avg'
64.3199 	EXP 	window1: blendMode = 'avg'
64.3371 	EXP 	window1: blendMode = 'avg'
64.3534 	EXP 	window1: blendMode = 'avg'
64.3700 	EXP 	window1: blendMode = 'avg'
64.3868 	EXP 	window1: blendMode = 'avg'
64.4034 	EXP 	window1: blendMode = 'avg'
64.4200 	EXP 	window1: blendMode = 'avg'
64.4368 	EXP 	window1: blendMode = 'avg'
64.4535 	EXP 	window1: blendMode = 'avg'
64.4701 	EXP 	window1: blendMode = 'avg'
64.4868 	EXP 	window1: blendMode = 'avg'
64.5034 	EXP 	window1: blendMode = 'avg'
64.5202 	EXP 	window1: blendMode = 'avg'
64.5370 	EXP 	window1: blendMode = 'avg'
64.5532 	EXP 	window1: blendMode = 'avg'
64.5700 	EXP 	window1: blendMode = 'avg'
64.5869 	EXP 	window1: blendMode = 'avg'
64.6035 	EXP 	window1: blendMode = 'avg'
64.6203 	EXP 	window1: blendMode = 'avg'
64.6359 	EXP 	window1: blendMode = 'avg'
64.6527 	EXP 	window1: blendMode = 'avg'
64.6700 	EXP 	window1: blendMode = 'avg'
64.6868 	EXP 	window1: blendMode = 'avg'
64.7024 	EXP 	window1: blendMode = 'avg'
64.7201 	EXP 	window1: blendMode = 'avg'
64.7367 	EXP 	window1: blendMode = 'avg'
64.7535 	EXP 	window1: blendMode = 'avg'
64.7701 	EXP 	window1: blendMode = 'avg'
64.7866 	EXP 	window1: blendMode = 'avg'
64.8029 	EXP 	window1: blendMode = 'avg'
64.8199 	EXP 	window1: blendMode = 'avg'
64.8360 	EXP 	window1: blendMode = 'avg'
64.8534 	EXP 	window1: blendMode = 'avg'
64.8700 	EXP 	window1: blendMode = 'avg'
64.8868 	EXP 	window1: blendMode = 'avg'
64.9034 	EXP 	window1: blendMode = 'avg'
64.9201 	EXP 	window1: blendMode = 'avg'
64.9367 	EXP 	window1: blendMode = 'avg'
64.9535 	EXP 	window1: blendMode = 'avg'
64.9701 	EXP 	window1: blendMode = 'avg'
64.9868 	EXP 	window1: blendMode = 'avg'
65.0034 	EXP 	window1: blendMode = 'avg'
65.0203 	EXP 	window1: blendMode = 'avg'
65.0366 	EXP 	window1: blendMode = 'avg'
65.0533 	EXP 	window1: blendMode = 'avg'
65.0700 	EXP 	window1: blendMode = 'avg'
65.0856 	EXP 	window1: blendMode = 'avg'
65.1026 	EXP 	window1: blendMode = 'avg'
65.1200 	EXP 	window1: blendMode = 'avg'
65.1369 	EXP 	window1: blendMode = 'avg'
65.1534 	EXP 	window1: blendMode = 'avg'
65.1705 	EXP 	window1: blendMode = 'avg'
65.1865 	EXP 	window1: blendMode = 'avg'
65.2030 	EXP 	window1: blendMode = 'avg'
65.2199 	EXP 	window1: blendMode = 'avg'
65.2369 	EXP 	window1: blendMode = 'avg'
65.2534 	EXP 	window1: blendMode = 'avg'
65.2702 	EXP 	window1: blendMode = 'avg'
65.2867 	EXP 	window1: blendMode = 'avg'
65.3037 	EXP 	window1: blendMode = 'avg'
65.3199 	EXP 	window1: blendMode = 'avg'
65.3368 	EXP 	window1: blendMode = 'avg'
65.3534 	EXP 	window1: blendMode = 'avg'
65.3702 	EXP 	window1: blendMode = 'avg'
65.3868 	EXP 	window1: blendMode = 'avg'
65.4035 	EXP 	window1: blendMode = 'avg'
65.4200 	EXP 	window1: blendMode = 'avg'
65.4362 	EXP 	window1: blendMode = 'avg'
65.4532 	EXP 	window1: blendMode = 'avg'
65.4700 	EXP 	window1: blendMode = 'avg'
65.4868 	EXP 	window1: blendMode = 'avg'
65.5034 	EXP 	window1: blendMode = 'avg'
65.5201 	EXP 	window1: blendMode = 'avg'
65.5368 	EXP 	window1: blendMode = 'avg'
65.5533 	EXP 	window1: blendMode = 'avg'
65.5701 	EXP 	window1: blendMode = 'avg'
65.5867 	EXP 	window1: blendMode = 'avg'
65.6035 	EXP 	window1: blendMode = 'avg'
65.6200 	EXP 	window1: blendMode = 'avg'
65.6358 	EXP 	window1: blendMode = 'avg'
65.6526 	EXP 	window1: blendMode = 'avg'
65.6700 	EXP 	window1: blendMode = 'avg'
65.6864 	EXP 	window1: blendMode = 'avg'
65.7033 	EXP 	window1: blendMode = 'avg'
65.7201 	EXP 	window1: blendMode = 'avg'
65.7367 	EXP 	window1: blendMode = 'avg'
65.7536 	EXP 	window1: blendMode = 'avg'
65.7690 	EXP 	window1: blendMode = 'avg'
65.7860 	EXP 	window1: blendMode = 'avg'
65.8035 	EXP 	window1: blendMode = 'avg'
65.8193 	EXP 	window1: blendMode = 'avg'
65.8368 	EXP 	window1: blendMode = 'avg'
65.8535 	EXP 	window1: blendMode = 'avg'
65.8700 	EXP 	window1: blendMode = 'avg'
65.8868 	EXP 	window1: blendMode = 'avg'
65.9034 	EXP 	window1: blendMode = 'avg'
65.9193 	EXP 	window1: blendMode = 'avg'
65.9366 	EXP 	window1: blendMode = 'avg'
65.9535 	EXP 	window1: blendMode = 'avg'
65.9701 	EXP 	window1: blendMode = 'avg'
65.9867 	EXP 	window1: blendMode = 'avg'
66.0035 	EXP 	window1: blendMode = 'avg'
66.0200 	EXP 	window1: blendMode = 'avg'
66.0369 	EXP 	window1: blendMode = 'avg'
66.0525 	EXP 	window1: blendMode = 'avg'
66.0685 	EXP 	window1: blendMode = 'avg'
66.0866 	EXP 	window1: blendMode = 'avg'
66.1034 	EXP 	window1: blendMode = 'avg'
66.1199 	EXP 	window1: blendMode = 'avg'
66.1368 	EXP 	window1: blendMode = 'avg'
66.1534 	EXP 	window1: blendMode = 'avg'
66.1695 	EXP 	window1: blendMode = 'avg'
66.1866 	EXP 	window1: blendMode = 'avg'
66.2035 	EXP 	window1: blendMode = 'avg'
66.2201 	EXP 	window1: blendMode = 'avg'
66.2357 	EXP 	window1: blendMode = 'avg'
66.2535 	EXP 	window1: blendMode = 'avg'
66.2701 	EXP 	window1: blendMode = 'avg'
66.2867 	EXP 	window1: blendMode = 'avg'
66.3036 	EXP 	window1: blendMode = 'avg'
66.3199 	EXP 	window1: blendMode = 'avg'
66.3367 	EXP 	window1: blendMode = 'avg'
66.3535 	EXP 	window1: blendMode = 'avg'
66.3701 	EXP 	window1: blendMode = 'avg'
66.3868 	EXP 	window1: blendMode = 'avg'
66.4034 	EXP 	window1: blendMode = 'avg'
66.4202 	EXP 	window1: blendMode = 'avg'
66.4367 	EXP 	window1: blendMode = 'avg'
66.4534 	EXP 	window1: blendMode = 'avg'
66.4703 	EXP 	window1: blendMode = 'avg'
66.4869 	EXP 	window1: blendMode = 'avg'
66.5026 	EXP 	window1: blendMode = 'avg'
66.5202 	EXP 	window1: blendMode = 'avg'
66.5366 	EXP 	window1: blendMode = 'avg'
66.5533 	EXP 	window1: blendMode = 'avg'
66.5702 	EXP 	window1: blendMode = 'avg'
66.5867 	EXP 	window1: blendMode = 'avg'
66.6035 	EXP 	window1: blendMode = 'avg'
66.6200 	EXP 	window1: blendMode = 'avg'
66.6369 	EXP 	window1: blendMode = 'avg'
66.6535 	EXP 	window1: blendMode = 'avg'
66.6701 	EXP 	window1: blendMode = 'avg'
66.6868 	EXP 	window1: blendMode = 'avg'
66.7034 	EXP 	window1: blendMode = 'avg'
66.7201 	EXP 	window1: blendMode = 'avg'
66.7367 	EXP 	window1: blendMode = 'avg'
66.7534 	EXP 	window1: blendMode = 'avg'
66.7700 	EXP 	window1: blendMode = 'avg'
66.7868 	EXP 	window1: blendMode = 'avg'
66.8023 	EXP 	window1: blendMode = 'avg'
66.8201 	EXP 	window1: blendMode = 'avg'
66.8367 	EXP 	window1: blendMode = 'avg'
66.8534 	EXP 	window1: blendMode = 'avg'
66.8700 	EXP 	window1: blendMode = 'avg'
66.8868 	EXP 	window1: blendMode = 'avg'
66.9032 	EXP 	window1: blendMode = 'avg'
66.9201 	EXP 	window1: blendMode = 'avg'
66.9368 	EXP 	window1: blendMode = 'avg'
66.9533 	EXP 	window1: blendMode = 'avg'
66.9702 	EXP 	window1: blendMode = 'avg'
66.9867 	EXP 	window1: blendMode = 'avg'
67.0033 	EXP 	window1: blendMode = 'avg'
67.0201 	EXP 	window1: blendMode = 'avg'
67.0367 	EXP 	window1: blendMode = 'avg'
67.0533 	EXP 	window1: blendMode = 'avg'
67.0701 	EXP 	window1: blendMode = 'avg'
67.0867 	EXP 	window1: blendMode = 'avg'
67.1035 	EXP 	window1: blendMode = 'avg'
67.1200 	EXP 	window1: blendMode = 'avg'
67.1368 	EXP 	window1: blendMode = 'avg'
67.1534 	EXP 	window1: blendMode = 'avg'
67.1702 	EXP 	window1: blendMode = 'avg'
67.1867 	EXP 	window1: blendMode = 'avg'
67.2035 	EXP 	window1: blendMode = 'avg'
67.2201 	EXP 	window1: blendMode = 'avg'
67.2368 	EXP 	window1: blendMode = 'avg'
67.2533 	EXP 	window1: blendMode = 'avg'
67.2702 	EXP 	window1: blendMode = 'avg'
67.2867 	EXP 	window1: blendMode = 'avg'
67.3035 	EXP 	window1: blendMode = 'avg'
67.3201 	EXP 	window1: blendMode = 'avg'
67.3368 	EXP 	window1: blendMode = 'avg'
67.3534 	EXP 	window1: blendMode = 'avg'
67.3701 	EXP 	window1: blendMode = 'avg'
67.3867 	EXP 	window1: blendMode = 'avg'
67.4036 	EXP 	window1: blendMode = 'avg'
67.4203 	EXP 	window1: blendMode = 'avg'
67.4365 	EXP 	window1: blendMode = 'avg'
67.4534 	EXP 	window1: blendMode = 'avg'
67.4700 	EXP 	window1: blendMode = 'avg'
67.4868 	EXP 	window1: blendMode = 'avg'
67.5036 	EXP 	window1: blendMode = 'avg'
67.5201 	EXP 	window1: blendMode = 'avg'
67.5367 	EXP 	window1: blendMode = 'avg'
67.5523 	EXP 	window1: blendMode = 'avg'
67.5701 	EXP 	window1: blendMode = 'avg'
67.5868 	EXP 	window1: blendMode = 'avg'
67.6034 	EXP 	window1: blendMode = 'avg'
67.6201 	EXP 	window1: blendMode = 'avg'
67.6367 	EXP 	window1: blendMode = 'avg'
67.6534 	EXP 	window1: blendMode = 'avg'
67.6700 	EXP 	window1: blendMode = 'avg'
67.6868 	EXP 	window1: blendMode = 'avg'
67.7033 	EXP 	window1: blendMode = 'avg'
67.7201 	EXP 	window1: blendMode = 'avg'
67.7367 	EXP 	window1: blendMode = 'avg'
67.7531 	EXP 	window1: blendMode = 'avg'
67.7700 	EXP 	window1: blendMode = 'avg'
67.7868 	EXP 	window1: blendMode = 'avg'
67.8034 	EXP 	window1: blendMode = 'avg'
67.8201 	EXP 	window1: blendMode = 'avg'
67.8367 	EXP 	window1: blendMode = 'avg'
67.8535 	EXP 	window1: blendMode = 'avg'
67.8700 	EXP 	window1: blendMode = 'avg'
67.8868 	EXP 	window1: blendMode = 'avg'
67.9035 	EXP 	window1: blendMode = 'avg'
67.9201 	EXP 	window1: blendMode = 'avg'
67.9366 	EXP 	window1: blendMode = 'avg'
67.9532 	EXP 	window1: blendMode = 'avg'
67.9698 	EXP 	window1: blendMode = 'avg'
67.9867 	EXP 	window1: blendMode = 'avg'
68.0033 	EXP 	window1: blendMode = 'avg'
68.0200 	EXP 	window1: blendMode = 'avg'
68.0366 	EXP 	window1: blendMode = 'avg'
68.0532 	EXP 	window1: blendMode = 'avg'
68.0701 	EXP 	window1: blendMode = 'avg'
68.0866 	EXP 	window1: blendMode = 'avg'
68.1035 	EXP 	window1: blendMode = 'avg'
68.1200 	EXP 	window1: blendMode = 'avg'
68.1368 	EXP 	window1: blendMode = 'avg'
68.1534 	EXP 	window1: blendMode = 'avg'
68.1701 	EXP 	window1: blendMode = 'avg'
68.1867 	EXP 	window1: blendMode = 'avg'
68.2033 	EXP 	window1: blendMode = 'avg'
68.2200 	EXP 	window1: blendMode = 'avg'
68.2366 	EXP 	window1: blendMode = 'avg'
68.2539 	EXP 	window1: blendMode = 'avg'
68.2697 	EXP 	window1: blendMode = 'avg'
68.2866 	EXP 	window1: blendMode = 'avg'
68.3037 	EXP 	window1: blendMode = 'avg'
68.3199 	EXP 	window1: blendMode = 'avg'
68.3368 	EXP 	window1: blendMode = 'avg'
68.3533 	EXP 	window1: blendMode = 'avg'
68.3701 	EXP 	window1: blendMode = 'avg'
68.3867 	EXP 	window1: blendMode = 'avg'
68.4035 	EXP 	window1: blendMode = 'avg'
68.4200 	EXP 	window1: blendMode = 'avg'
68.4364 	EXP 	window1: blendMode = 'avg'
68.4532 	EXP 	window1: blendMode = 'avg'
68.4703 	EXP 	window1: blendMode = 'avg'
68.4863 	EXP 	window1: blendMode = 'avg'
68.5032 	EXP 	window1: blendMode = 'avg'
68.5200 	EXP 	window1: blendMode = 'avg'
68.5368 	EXP 	window1: blendMode = 'avg'
68.5534 	EXP 	window1: blendMode = 'avg'
68.5700 	EXP 	window1: blendMode = 'avg'
68.5868 	EXP 	window1: blendMode = 'avg'
68.6034 	EXP 	window1: blendMode = 'avg'
68.6201 	EXP 	window1: blendMode = 'avg'
68.6368 	EXP 	window1: blendMode = 'avg'
68.6539 	EXP 	window1: blendMode = 'avg'
68.6707 	EXP 	window1: blendMode = 'avg'
68.6859 	EXP 	window1: blendMode = 'avg'
68.7042 	DATA 	Keypress: escape
68.8056 	EXP 	window1: mouseVisible = True
