7.6535 	EXP 	Created window1 = Window(allowGUI=False, allowStencil=False, autoLog=True, bitsMode=UNKNOWN, blendMode='avg', color=array([ 0.,  0.,  0.]), colorSpace='rgb', fullscr=UNKNOWN, gamma=None, lms=UNKNOWN, monitor=<psychopy.monitors.calibTools.Monitor object at 0x113cc4410>, multiSample=False, name='window1', numSamples=2, pos=[0, 0], screen=0, size=array([1440,  900]), stereo=False, units=u'norm', useFBO=True, useRetina=False, viewOri=0.0, viewPos=None, viewScale=None, waitBlanking=True, winType='pyglet')
7.6536 	EXP 	window1: recordFrameIntervals = False
7.8193 	EXP 	window1: recordFrameIntervals = True
8.0030 	EXP 	window1: recordFrameIntervals = False
8.0882 	EXP 	Created text_2 = TextStim(alignHoriz='center', alignVert='center', antialias=True, autoLog=True, bold=False, color='white', colorSpace='named', contrast=1.0, depth=0.0, flipHoriz=False, flipVert=False, font='Arial', fontFiles=[], height=0.1, italic=False, name='text_2', opacity=1.0, ori=0, pos=array([ 0.,  0.]), rgb=array([ 255.,  255.,  255.]), text=unicode(...), units=u'norm', win=Window(...), wrapWidth=1)
8.0899 	EXP 	Created Leftimg = ImageStim(autoLog=True, color=array([ 1.,  1.,  1.]), colorSpace='rgb', contrast=1.0, depth=0.0, flipHoriz=False, flipVert=False, image='sin', interpolate=True, mask=None, maskParams=None, name='Leftimg', opacity=1.0, ori=0.0, pos=array([ 0.,  0.]), size=array([ 400.,  400.]), texRes=128, units='pix', win=Window(...))
8.0909 	EXP 	Created Rightimg = ImageStim(autoLog=True, color=array([ 1.,  1.,  1.]), colorSpace='rgb', contrast=1.0, depth=-1.0, flipHoriz=False, flipVert=False, image='sin', interpolate=True, mask=None, maskParams=None, name='Rightimg', opacity=1.0, ori=0.0, pos=array([ 0.,  0.]), size=array([ 400.,  400.]), texRes=128, units='pix', win=Window(...))
8.1037 	EXP 	Created text = TextStim(alignHoriz='center', alignVert='center', antialias=True, autoLog=True, bold=False, color='white', colorSpace='named', contrast=1.0, depth=-4.0, flipHoriz=False, flipVert=False, font='Arial', fontFiles=[], height=0.05, italic=False, name='text', opacity=1.0, ori=0, pos=array([ 0.,  0.]), rgb=array([ 255.,  255.,  255.]), text=u'to proceed press the space bar.', units=u'norm', win=Window(...), wrapWidth=1)
8.1132 	EXP 	Created text_3 = TextStim(alignHoriz='center', alignVert='center', antialias=True, autoLog=True, bold=False, color='white', colorSpace='named', contrast=1.0, depth=0.0, flipHoriz=False, flipVert=False, font='Arial', fontFiles=[], height=0.1, italic=False, name='text_3', opacity=1.0, ori=0, pos=array([ 0.,  0.]), rgb=array([ 255.,  255.,  255.]), text=unicode(...), units=u'norm', win=Window(...), wrapWidth=1)
8.1179 	EXP 	window1: blendMode = 'avg'
8.1281 	EXP 	text_2: autoDraw = True
8.1318 	EXP 	window1: blendMode = 'avg'
8.1459 	EXP 	window1: blendMode = 'avg'
8.1626 	EXP 	window1: blendMode = 'avg'
8.1793 	EXP 	window1: blendMode = 'avg'
8.1961 	EXP 	window1: blendMode = 'avg'
8.2130 	EXP 	window1: blendMode = 'avg'
8.2292 	EXP 	window1: blendMode = 'avg'
8.2459 	EXP 	window1: blendMode = 'avg'
8.2626 	EXP 	window1: blendMode = 'avg'
8.2793 	EXP 	window1: blendMode = 'avg'
8.2961 	EXP 	window1: blendMode = 'avg'
8.3126 	EXP 	window1: blendMode = 'avg'
8.3293 	EXP 	window1: blendMode = 'avg'
8.3461 	EXP 	window1: blendMode = 'avg'
8.3626 	EXP 	window1: blendMode = 'avg'
8.3794 	EXP 	window1: blendMode = 'avg'
8.3959 	EXP 	window1: blendMode = 'avg'
8.4126 	EXP 	window1: blendMode = 'avg'
8.4295 	EXP 	window1: blendMode = 'avg'
8.4460 	EXP 	window1: blendMode = 'avg'
8.4626 	EXP 	window1: blendMode = 'avg'
8.4793 	EXP 	window1: blendMode = 'avg'
8.4960 	EXP 	window1: blendMode = 'avg'
8.5127 	EXP 	window1: blendMode = 'avg'
8.5293 	EXP 	window1: blendMode = 'avg'
8.5461 	EXP 	window1: blendMode = 'avg'
8.5626 	EXP 	window1: blendMode = 'avg'
8.5794 	EXP 	window1: blendMode = 'avg'
8.5959 	EXP 	window1: blendMode = 'avg'
8.6126 	EXP 	window1: blendMode = 'avg'
8.6294 	EXP 	window1: blendMode = 'avg'
8.6459 	EXP 	window1: blendMode = 'avg'
8.6627 	EXP 	window1: blendMode = 'avg'
8.6794 	EXP 	window1: blendMode = 'avg'
8.6960 	EXP 	window1: blendMode = 'avg'
8.7126 	EXP 	window1: blendMode = 'avg'
8.7294 	EXP 	window1: blendMode = 'avg'
8.7458 	EXP 	window1: blendMode = 'avg'
8.7628 	EXP 	window1: blendMode = 'avg'
8.7795 	EXP 	window1: blendMode = 'avg'
8.7960 	EXP 	window1: blendMode = 'avg'
8.8127 	EXP 	window1: blendMode = 'avg'
8.8291 	EXP 	window1: blendMode = 'avg'
8.8459 	EXP 	window1: blendMode = 'avg'
8.8627 	EXP 	window1: blendMode = 'avg'
8.8793 	EXP 	window1: blendMode = 'avg'
8.8961 	EXP 	window1: blendMode = 'avg'
8.9126 	EXP 	window1: blendMode = 'avg'
8.9295 	EXP 	window1: blendMode = 'avg'
8.9461 	EXP 	window1: blendMode = 'avg'
8.9627 	EXP 	window1: blendMode = 'avg'
8.9794 	EXP 	window1: blendMode = 'avg'
8.9960 	EXP 	window1: blendMode = 'avg'
9.0127 	EXP 	window1: blendMode = 'avg'
9.0294 	EXP 	window1: blendMode = 'avg'
9.0460 	EXP 	window1: blendMode = 'avg'
9.0628 	EXP 	window1: blendMode = 'avg'
9.0790 	EXP 	window1: blendMode = 'avg'
9.0959 	EXP 	window1: blendMode = 'avg'
9.1125 	EXP 	window1: blendMode = 'avg'
9.1292 	EXP 	window1: blendMode = 'avg'
9.1460 	EXP 	window1: blendMode = 'avg'
9.1626 	EXP 	window1: blendMode = 'avg'
9.1793 	EXP 	window1: blendMode = 'avg'
9.1961 	EXP 	window1: blendMode = 'avg'
9.2126 	EXP 	window1: blendMode = 'avg'
9.2294 	EXP 	window1: blendMode = 'avg'
9.2455 	EXP 	window1: blendMode = 'avg'
9.2623 	EXP 	window1: blendMode = 'avg'
9.2792 	EXP 	window1: blendMode = 'avg'
9.2963 	EXP 	window1: blendMode = 'avg'
9.3125 	EXP 	window1: blendMode = 'avg'
9.3292 	EXP 	window1: blendMode = 'avg'
9.3461 	EXP 	window1: blendMode = 'avg'
9.3626 	EXP 	window1: blendMode = 'avg'
9.3794 	EXP 	window1: blendMode = 'avg'
9.3959 	EXP 	window1: blendMode = 'avg'
9.4126 	EXP 	window1: blendMode = 'avg'
9.4294 	EXP 	window1: blendMode = 'avg'
9.4459 	EXP 	window1: blendMode = 'avg'
9.4628 	EXP 	window1: blendMode = 'avg'
9.4794 	EXP 	window1: blendMode = 'avg'
9.4962 	EXP 	window1: blendMode = 'avg'
9.5125 	EXP 	window1: blendMode = 'avg'
9.5292 	EXP 	window1: blendMode = 'avg'
9.5458 	EXP 	window1: blendMode = 'avg'
9.5628 	EXP 	window1: blendMode = 'avg'
9.5793 	EXP 	window1: blendMode = 'avg'
9.5960 	EXP 	window1: blendMode = 'avg'
9.6127 	EXP 	window1: blendMode = 'avg'
9.6293 	EXP 	window1: blendMode = 'avg'
9.6460 	EXP 	window1: blendMode = 'avg'
9.6626 	EXP 	window1: blendMode = 'avg'
9.6793 	EXP 	window1: blendMode = 'avg'
9.6961 	EXP 	window1: blendMode = 'avg'
9.7126 	EXP 	window1: blendMode = 'avg'
9.7294 	EXP 	window1: blendMode = 'avg'
9.7460 	EXP 	window1: blendMode = 'avg'
9.7628 	EXP 	window1: blendMode = 'avg'
9.7793 	EXP 	window1: blendMode = 'avg'
9.7961 	EXP 	window1: blendMode = 'avg'
9.8129 	EXP 	window1: blendMode = 'avg'
9.8291 	EXP 	window1: blendMode = 'avg'
9.8460 	EXP 	window1: blendMode = 'avg'
9.8627 	EXP 	window1: blendMode = 'avg'
9.8792 	EXP 	window1: blendMode = 'avg'
9.8959 	EXP 	window1: blendMode = 'avg'
9.9127 	EXP 	window1: blendMode = 'avg'
9.9293 	EXP 	window1: blendMode = 'avg'
9.9460 	EXP 	window1: blendMode = 'avg'
9.9626 	EXP 	window1: blendMode = 'avg'
9.9794 	EXP 	window1: blendMode = 'avg'
9.9959 	EXP 	window1: blendMode = 'avg'
10.0126 	EXP 	window1: blendMode = 'avg'
10.0293 	EXP 	window1: blendMode = 'avg'
10.0459 	EXP 	window1: blendMode = 'avg'
10.0627 	EXP 	window1: blendMode = 'avg'
10.0794 	EXP 	window1: blendMode = 'avg'
10.0959 	EXP 	window1: blendMode = 'avg'
10.1127 	EXP 	window1: blendMode = 'avg'
10.1294 	EXP 	window1: blendMode = 'avg'
10.1459 	EXP 	window1: blendMode = 'avg'
10.1627 	EXP 	window1: blendMode = 'avg'
10.1793 	EXP 	window1: blendMode = 'avg'
10.1961 	EXP 	window1: blendMode = 'avg'
10.2129 	EXP 	window1: blendMode = 'avg'
10.2292 	EXP 	window1: blendMode = 'avg'
10.2461 	EXP 	window1: blendMode = 'avg'
10.2627 	EXP 	window1: blendMode = 'avg'
10.2794 	EXP 	window1: blendMode = 'avg'
10.2959 	EXP 	window1: blendMode = 'avg'
10.3126 	EXP 	window1: blendMode = 'avg'
10.3281 	EXP 	window1: blendMode = 'avg'
10.3459 	EXP 	window1: blendMode = 'avg'
10.3626 	EXP 	window1: blendMode = 'avg'
10.3793 	EXP 	window1: blendMode = 'avg'
10.3960 	EXP 	window1: blendMode = 'avg'
10.4126 	EXP 	window1: blendMode = 'avg'
10.4292 	EXP 	window1: blendMode = 'avg'
10.4461 	EXP 	window1: blendMode = 'avg'
10.4626 	EXP 	window1: blendMode = 'avg'
10.4794 	EXP 	window1: blendMode = 'avg'
10.4959 	EXP 	window1: blendMode = 'avg'
10.5126 	EXP 	window1: blendMode = 'avg'
10.5293 	EXP 	window1: blendMode = 'avg'
10.5460 	EXP 	window1: blendMode = 'avg'
10.5627 	EXP 	window1: blendMode = 'avg'
10.5794 	EXP 	window1: blendMode = 'avg'
10.5959 	EXP 	window1: blendMode = 'avg'
10.6126 	EXP 	window1: blendMode = 'avg'
10.6294 	EXP 	window1: blendMode = 'avg'
10.6461 	EXP 	window1: blendMode = 'avg'
10.6625 	EXP 	window1: blendMode = 'avg'
10.6793 	EXP 	window1: blendMode = 'avg'
10.6960 	EXP 	window1: blendMode = 'avg'
10.7125 	EXP 	window1: blendMode = 'avg'
10.7292 	EXP 	window1: blendMode = 'avg'
10.7461 	EXP 	window1: blendMode = 'avg'
10.7626 	EXP 	window1: blendMode = 'avg'
10.7794 	EXP 	window1: blendMode = 'avg'
10.7962 	EXP 	window1: blendMode = 'avg'
10.8125 	EXP 	window1: blendMode = 'avg'
10.8293 	EXP 	window1: blendMode = 'avg'
10.8461 	EXP 	window1: blendMode = 'avg'
10.8626 	EXP 	window1: blendMode = 'avg'
10.8794 	EXP 	window1: blendMode = 'avg'
10.8946 	EXP 	window1: blendMode = 'avg'
10.9117 	EXP 	window1: blendMode = 'avg'
10.9288 	EXP 	window1: blendMode = 'avg'
10.9460 	EXP 	window1: blendMode = 'avg'
10.9625 	EXP 	window1: blendMode = 'avg'
10.9792 	EXP 	window1: blendMode = 'avg'
10.9960 	EXP 	window1: blendMode = 'avg'
11.0127 	EXP 	window1: blendMode = 'avg'
11.0292 	EXP 	window1: blendMode = 'avg'
11.0460 	EXP 	window1: blendMode = 'avg'
11.0627 	EXP 	window1: blendMode = 'avg'
11.0793 	EXP 	window1: blendMode = 'avg'
11.0959 	EXP 	window1: blendMode = 'avg'
11.1125 	EXP 	window1: blendMode = 'avg'
11.1293 	EXP 	window1: blendMode = 'avg'
11.1460 	EXP 	window1: blendMode = 'avg'
11.1627 	EXP 	window1: blendMode = 'avg'
11.1792 	EXP 	window1: blendMode = 'avg'
11.1956 	EXP 	window1: blendMode = 'avg'
11.2125 	EXP 	window1: blendMode = 'avg'
11.2293 	EXP 	window1: blendMode = 'avg'
11.2460 	EXP 	window1: blendMode = 'avg'
11.2625 	EXP 	window1: blendMode = 'avg'
11.2794 	EXP 	window1: blendMode = 'avg'
11.2959 	EXP 	window1: blendMode = 'avg'
11.3126 	EXP 	window1: blendMode = 'avg'
11.3294 	EXP 	window1: blendMode = 'avg'
11.3459 	EXP 	window1: blendMode = 'avg'
11.3626 	EXP 	window1: blendMode = 'avg'
11.3793 	EXP 	window1: blendMode = 'avg'
11.3963 	EXP 	window1: blendMode = 'avg'
11.4123 	EXP 	window1: blendMode = 'avg'
11.4292 	EXP 	window1: blendMode = 'avg'
11.4459 	EXP 	window1: blendMode = 'avg'
11.4626 	EXP 	window1: blendMode = 'avg'
11.4793 	EXP 	window1: blendMode = 'avg'
11.4960 	EXP 	window1: blendMode = 'avg'
11.5126 	EXP 	window1: blendMode = 'avg'
11.5294 	EXP 	window1: blendMode = 'avg'
11.5460 	EXP 	window1: blendMode = 'avg'
11.5626 	EXP 	window1: blendMode = 'avg'
11.5794 	EXP 	window1: blendMode = 'avg'
11.5958 	EXP 	window1: blendMode = 'avg'
11.6126 	EXP 	window1: blendMode = 'avg'
11.6293 	EXP 	window1: blendMode = 'avg'
11.6460 	EXP 	window1: blendMode = 'avg'
11.6627 	EXP 	window1: blendMode = 'avg'
11.6790 	EXP 	window1: blendMode = 'avg'
11.6949 	EXP 	window1: blendMode = 'avg'
11.7127 	EXP 	window1: blendMode = 'avg'
11.7293 	EXP 	window1: blendMode = 'avg'
11.7460 	EXP 	window1: blendMode = 'avg'
11.7626 	EXP 	window1: blendMode = 'avg'
11.7788 	EXP 	window1: blendMode = 'avg'
11.7958 	EXP 	window1: blendMode = 'avg'
11.8126 	EXP 	window1: blendMode = 'avg'
11.8294 	EXP 	window1: blendMode = 'avg'
11.8459 	EXP 	window1: blendMode = 'avg'
11.8626 	EXP 	window1: blendMode = 'avg'
11.8791 	EXP 	window1: blendMode = 'avg'
11.8958 	EXP 	window1: blendMode = 'avg'
11.9127 	EXP 	window1: blendMode = 'avg'
11.9292 	EXP 	window1: blendMode = 'avg'
11.9460 	EXP 	window1: blendMode = 'avg'
11.9625 	EXP 	window1: blendMode = 'avg'
11.9792 	EXP 	window1: blendMode = 'avg'
11.9960 	EXP 	window1: blendMode = 'avg'
12.0127 	EXP 	window1: blendMode = 'avg'
12.0293 	EXP 	window1: blendMode = 'avg'
12.0460 	EXP 	window1: blendMode = 'avg'
12.0627 	EXP 	window1: blendMode = 'avg'
12.0797 	EXP 	window1: blendMode = 'avg'
12.0958 	EXP 	window1: blendMode = 'avg'
12.1127 	EXP 	window1: blendMode = 'avg'
12.1292 	EXP 	window1: blendMode = 'avg'
12.1459 	EXP 	window1: blendMode = 'avg'
12.1626 	EXP 	window1: blendMode = 'avg'
12.1793 	EXP 	window1: blendMode = 'avg'
12.1961 	EXP 	window1: blendMode = 'avg'
12.2127 	EXP 	window1: blendMode = 'avg'
12.2292 	EXP 	window1: blendMode = 'avg'
12.2460 	EXP 	window1: blendMode = 'avg'
12.2626 	EXP 	window1: blendMode = 'avg'
12.2792 	EXP 	window1: blendMode = 'avg'
12.2960 	EXP 	window1: blendMode = 'avg'
12.3127 	EXP 	window1: blendMode = 'avg'
12.3293 	EXP 	window1: blendMode = 'avg'
12.3460 	EXP 	window1: blendMode = 'avg'
12.3624 	EXP 	window1: blendMode = 'avg'
12.3791 	EXP 	window1: blendMode = 'avg'
12.3960 	EXP 	window1: blendMode = 'avg'
12.4127 	EXP 	window1: blendMode = 'avg'
12.4292 	EXP 	window1: blendMode = 'avg'
12.4460 	EXP 	window1: blendMode = 'avg'
12.4626 	EXP 	window1: blendMode = 'avg'
12.4793 	EXP 	window1: blendMode = 'avg'
12.4960 	EXP 	window1: blendMode = 'avg'
12.5126 	EXP 	window1: blendMode = 'avg'
12.5293 	EXP 	window1: blendMode = 'avg'
12.5460 	EXP 	window1: blendMode = 'avg'
12.5626 	EXP 	window1: blendMode = 'avg'
12.5794 	EXP 	window1: blendMode = 'avg'
12.5960 	EXP 	window1: blendMode = 'avg'
12.6123 	EXP 	window1: blendMode = 'avg'
12.6284 	EXP 	window1: blendMode = 'avg'
12.6461 	EXP 	window1: blendMode = 'avg'
12.6626 	EXP 	window1: blendMode = 'avg'
12.6793 	EXP 	window1: blendMode = 'avg'
12.6960 	EXP 	window1: blendMode = 'avg'
12.7126 	EXP 	window1: blendMode = 'avg'
12.7293 	EXP 	window1: blendMode = 'avg'
12.7459 	EXP 	window1: blendMode = 'avg'
12.7627 	EXP 	window1: blendMode = 'avg'
12.7788 	EXP 	window1: blendMode = 'avg'
12.7958 	EXP 	window1: blendMode = 'avg'
12.8127 	EXP 	window1: blendMode = 'avg'
12.8292 	EXP 	window1: blendMode = 'avg'
12.8463 	EXP 	window1: blendMode = 'avg'
12.8625 	EXP 	window1: blendMode = 'avg'
12.8792 	EXP 	window1: blendMode = 'avg'
12.8960 	EXP 	window1: blendMode = 'avg'
12.9120 	EXP 	window1: blendMode = 'avg'
12.9292 	EXP 	window1: blendMode = 'avg'
12.9460 	EXP 	window1: blendMode = 'avg'
12.9625 	EXP 	window1: blendMode = 'avg'
12.9793 	EXP 	window1: blendMode = 'avg'
12.9960 	EXP 	window1: blendMode = 'avg'
13.0126 	EXP 	window1: blendMode = 'avg'
13.0294 	EXP 	window1: blendMode = 'avg'
13.0455 	EXP 	window1: blendMode = 'avg'
13.0625 	EXP 	window1: blendMode = 'avg'
13.0790 	EXP 	window1: blendMode = 'avg'
13.0958 	EXP 	window1: blendMode = 'avg'
13.1125 	EXP 	window1: blendMode = 'avg'
13.1293 	EXP 	window1: blendMode = 'avg'
13.1459 	EXP 	window1: blendMode = 'avg'
13.1619 	EXP 	window1: blendMode = 'avg'
13.1791 	EXP 	window1: blendMode = 'avg'
13.1960 	EXP 	window1: blendMode = 'avg'
13.2127 	EXP 	window1: blendMode = 'avg'
13.2291 	EXP 	window1: blendMode = 'avg'
13.2460 	EXP 	window1: blendMode = 'avg'
13.2626 	EXP 	window1: blendMode = 'avg'
13.2793 	EXP 	window1: blendMode = 'avg'
13.2960 	EXP 	window1: blendMode = 'avg'
13.3126 	EXP 	window1: blendMode = 'avg'
13.3293 	EXP 	window1: blendMode = 'avg'
13.3459 	EXP 	window1: blendMode = 'avg'
13.3627 	EXP 	window1: blendMode = 'avg'
13.3782 	EXP 	window1: blendMode = 'avg'
13.3959 	EXP 	window1: blendMode = 'avg'
13.4127 	EXP 	window1: blendMode = 'avg'
13.4292 	EXP 	window1: blendMode = 'avg'
13.4459 	EXP 	window1: blendMode = 'avg'
13.4629 	EXP 	window1: blendMode = 'avg'
13.4791 	EXP 	window1: blendMode = 'avg'
13.4958 	EXP 	window1: blendMode = 'avg'
13.5127 	EXP 	window1: blendMode = 'avg'
13.5292 	EXP 	window1: blendMode = 'avg'
13.5460 	EXP 	window1: blendMode = 'avg'
13.5626 	EXP 	window1: blendMode = 'avg'
13.5794 	EXP 	window1: blendMode = 'avg'
13.5959 	EXP 	window1: blendMode = 'avg'
13.6127 	EXP 	window1: blendMode = 'avg'
13.6292 	EXP 	window1: blendMode = 'avg'
13.6460 	EXP 	window1: blendMode = 'avg'
13.6627 	EXP 	window1: blendMode = 'avg'
13.6800 	EXP 	window1: blendMode = 'avg'
13.6948 	EXP 	window1: blendMode = 'avg'
13.7124 	EXP 	window1: blendMode = 'avg'
13.7291 	EXP 	window1: blendMode = 'avg'
13.7459 	EXP 	window1: blendMode = 'avg'
13.7626 	EXP 	window1: blendMode = 'avg'
13.7792 	EXP 	window1: blendMode = 'avg'
13.7960 	EXP 	window1: blendMode = 'avg'
13.8120 	EXP 	window1: blendMode = 'avg'
13.8292 	EXP 	window1: blendMode = 'avg'
13.8459 	EXP 	window1: blendMode = 'avg'
13.8627 	EXP 	window1: blendMode = 'avg'
13.8792 	EXP 	window1: blendMode = 'avg'
13.8959 	EXP 	window1: blendMode = 'avg'
13.9125 	EXP 	window1: blendMode = 'avg'
13.9292 	EXP 	window1: blendMode = 'avg'
13.9459 	EXP 	window1: blendMode = 'avg'
13.9614 	EXP 	window1: blendMode = 'avg'
13.9786 	EXP 	window1: blendMode = 'avg'
13.9953 	EXP 	window1: blendMode = 'avg'
14.0127 	EXP 	window1: blendMode = 'avg'
14.0292 	EXP 	window1: blendMode = 'avg'
14.0459 	EXP 	window1: blendMode = 'avg'
14.0627 	EXP 	window1: blendMode = 'avg'
14.0788 	EXP 	window1: blendMode = 'avg'
14.0958 	EXP 	window1: blendMode = 'avg'
14.1118 	EXP 	window1: blendMode = 'avg'
14.1283 	EXP 	window1: blendMode = 'avg'
14.1453 	EXP 	window1: blendMode = 'avg'
14.1616 	EXP 	window1: blendMode = 'avg'
14.1778 	EXP 	window1: blendMode = 'avg'
14.1950 	EXP 	window1: blendMode = 'avg'
14.2117 	EXP 	window1: blendMode = 'avg'
14.2287 	EXP 	window1: blendMode = 'avg'
14.2450 	EXP 	window1: blendMode = 'avg'
14.2612 	EXP 	window1: blendMode = 'avg'
14.2784 	EXP 	window1: blendMode = 'avg'
14.2954 	EXP 	window1: blendMode = 'avg'
14.3115 	EXP 	window1: blendMode = 'avg'
14.3284 	EXP 	window1: blendMode = 'avg'
14.3459 	EXP 	window1: blendMode = 'avg'
14.3627 	EXP 	window1: blendMode = 'avg'
14.3785 	EXP 	window1: blendMode = 'avg'
14.3958 	EXP 	window1: blendMode = 'avg'
14.4127 	EXP 	window1: blendMode = 'avg'
14.4292 	EXP 	window1: blendMode = 'avg'
14.4460 	EXP 	window1: blendMode = 'avg'
14.4625 	EXP 	window1: blendMode = 'avg'
14.4793 	EXP 	window1: blendMode = 'avg'
14.4959 	EXP 	window1: blendMode = 'avg'
14.5121 	EXP 	window1: blendMode = 'avg'
14.5294 	EXP 	window1: blendMode = 'avg'
14.5460 	EXP 	window1: blendMode = 'avg'
14.5627 	EXP 	window1: blendMode = 'avg'
14.5792 	EXP 	window1: blendMode = 'avg'
14.5960 	EXP 	window1: blendMode = 'avg'
14.6124 	EXP 	window1: blendMode = 'avg'
14.6291 	EXP 	window1: blendMode = 'avg'
14.6460 	EXP 	window1: blendMode = 'avg'
14.6625 	EXP 	window1: blendMode = 'avg'
14.6793 	EXP 	window1: blendMode = 'avg'
14.6960 	EXP 	window1: blendMode = 'avg'
14.7125 	EXP 	window1: blendMode = 'avg'
14.7293 	EXP 	window1: blendMode = 'avg'
14.7459 	EXP 	window1: blendMode = 'avg'
14.7624 	EXP 	window1: blendMode = 'avg'
14.7793 	EXP 	window1: blendMode = 'avg'
14.7959 	EXP 	window1: blendMode = 'avg'
14.8126 	EXP 	window1: blendMode = 'avg'
14.8293 	EXP 	window1: blendMode = 'avg'
14.8459 	EXP 	window1: blendMode = 'avg'
14.8626 	EXP 	window1: blendMode = 'avg'
14.8793 	EXP 	window1: blendMode = 'avg'
14.8958 	EXP 	window1: blendMode = 'avg'
14.9123 	EXP 	window1: blendMode = 'avg'
14.9291 	EXP 	window1: blendMode = 'avg'
14.9459 	EXP 	window1: blendMode = 'avg'
14.9626 	EXP 	window1: blendMode = 'avg'
14.9792 	EXP 	window1: blendMode = 'avg'
14.9960 	EXP 	window1: blendMode = 'avg'
15.0125 	EXP 	window1: blendMode = 'avg'
15.0292 	EXP 	window1: blendMode = 'avg'
15.0460 	EXP 	window1: blendMode = 'avg'
15.0625 	EXP 	window1: blendMode = 'avg'
15.0791 	EXP 	window1: blendMode = 'avg'
15.0958 	EXP 	window1: blendMode = 'avg'
15.1127 	EXP 	window1: blendMode = 'avg'
15.1294 	EXP 	window1: blendMode = 'avg'
15.1456 	EXP 	window1: blendMode = 'avg'
15.1624 	EXP 	window1: blendMode = 'avg'
15.1792 	EXP 	window1: blendMode = 'avg'
15.1960 	EXP 	window1: blendMode = 'avg'
15.2126 	EXP 	window1: blendMode = 'avg'
15.2292 	EXP 	window1: blendMode = 'avg'
15.2460 	EXP 	window1: blendMode = 'avg'
15.2626 	EXP 	window1: blendMode = 'avg'
15.2793 	EXP 	window1: blendMode = 'avg'
15.2958 	EXP 	window1: blendMode = 'avg'
15.3125 	EXP 	window1: blendMode = 'avg'
15.3283 	EXP 	window1: blendMode = 'avg'
15.3460 	EXP 	window1: blendMode = 'avg'
15.3625 	EXP 	window1: blendMode = 'avg'
15.3792 	EXP 	window1: blendMode = 'avg'
15.3960 	EXP 	window1: blendMode = 'avg'
15.4125 	EXP 	window1: blendMode = 'avg'
15.4293 	EXP 	window1: blendMode = 'avg'
15.4459 	EXP 	window1: blendMode = 'avg'
15.4626 	EXP 	window1: blendMode = 'avg'
15.4793 	EXP 	window1: blendMode = 'avg'
15.4958 	EXP 	window1: blendMode = 'avg'
15.5125 	EXP 	window1: blendMode = 'avg'
15.5293 	EXP 	window1: blendMode = 'avg'
15.5459 	EXP 	window1: blendMode = 'avg'
15.5625 	EXP 	window1: blendMode = 'avg'
15.5793 	EXP 	window1: blendMode = 'avg'
15.5958 	EXP 	window1: blendMode = 'avg'
15.6127 	EXP 	window1: blendMode = 'avg'
15.6292 	EXP 	window1: blendMode = 'avg'
15.6460 	EXP 	window1: blendMode = 'avg'
15.6625 	EXP 	window1: blendMode = 'avg'
15.6793 	EXP 	window1: blendMode = 'avg'
15.6960 	EXP 	window1: blendMode = 'avg'
15.7127 	EXP 	window1: blendMode = 'avg'
15.7292 	EXP 	window1: blendMode = 'avg'
15.7460 	EXP 	window1: blendMode = 'avg'
15.7625 	EXP 	window1: blendMode = 'avg'
15.7793 	EXP 	window1: blendMode = 'avg'
15.7958 	EXP 	window1: blendMode = 'avg'
15.8130 	EXP 	window1: blendMode = 'avg'
15.8291 	EXP 	window1: blendMode = 'avg'
15.8458 	EXP 	window1: blendMode = 'avg'
15.8625 	EXP 	window1: blendMode = 'avg'
15.8792 	EXP 	window1: blendMode = 'avg'
15.8959 	EXP 	window1: blendMode = 'avg'
15.9126 	EXP 	window1: blendMode = 'avg'
15.9291 	EXP 	window1: blendMode = 'avg'
15.9460 	EXP 	window1: blendMode = 'avg'
15.9619 	EXP 	window1: blendMode = 'avg'
15.9796 	EXP 	window1: blendMode = 'avg'
15.9953 	EXP 	window1: blendMode = 'avg'
16.0124 	EXP 	window1: blendMode = 'avg'
16.0292 	EXP 	window1: blendMode = 'avg'
16.0460 	EXP 	window1: blendMode = 'avg'
16.0625 	EXP 	window1: blendMode = 'avg'
16.0791 	EXP 	window1: blendMode = 'avg'
16.0960 	EXP 	window1: blendMode = 'avg'
16.1125 	EXP 	window1: blendMode = 'avg'
16.1292 	EXP 	window1: blendMode = 'avg'
16.1460 	EXP 	window1: blendMode = 'avg'
16.1625 	EXP 	window1: blendMode = 'avg'
16.1792 	EXP 	window1: blendMode = 'avg'
16.1960 	EXP 	window1: blendMode = 'avg'
16.2125 	EXP 	window1: blendMode = 'avg'
16.2293 	EXP 	window1: blendMode = 'avg'
16.2458 	EXP 	window1: blendMode = 'avg'
16.2625 	EXP 	window1: blendMode = 'avg'
16.2793 	EXP 	window1: blendMode = 'avg'
16.2958 	EXP 	window1: blendMode = 'avg'
16.3126 	EXP 	window1: blendMode = 'avg'
16.3292 	EXP 	window1: blendMode = 'avg'
16.3459 	EXP 	window1: blendMode = 'avg'
16.3626 	EXP 	window1: blendMode = 'avg'
16.3792 	EXP 	window1: blendMode = 'avg'
16.3961 	EXP 	window1: blendMode = 'avg'
16.4127 	EXP 	window1: blendMode = 'avg'
16.4292 	EXP 	window1: blendMode = 'avg'
16.4460 	EXP 	window1: blendMode = 'avg'
16.4625 	EXP 	window1: blendMode = 'avg'
16.4793 	EXP 	window1: blendMode = 'avg'
16.4959 	EXP 	window1: blendMode = 'avg'
16.5126 	EXP 	window1: blendMode = 'avg'
16.5293 	EXP 	window1: blendMode = 'avg'
16.5460 	EXP 	window1: blendMode = 'avg'
16.5624 	EXP 	window1: blendMode = 'avg'
16.5793 	EXP 	window1: blendMode = 'avg'
16.5958 	EXP 	window1: blendMode = 'avg'
16.6126 	EXP 	window1: blendMode = 'avg'
16.6292 	EXP 	window1: blendMode = 'avg'
16.6460 	EXP 	window1: blendMode = 'avg'
16.6626 	EXP 	window1: blendMode = 'avg'
16.6788 	EXP 	window1: blendMode = 'avg'
16.6957 	EXP 	window1: blendMode = 'avg'
16.7124 	EXP 	window1: blendMode = 'avg'
16.7292 	EXP 	window1: blendMode = 'avg'
16.7459 	EXP 	window1: blendMode = 'avg'
16.7626 	EXP 	window1: blendMode = 'avg'
16.7792 	EXP 	window1: blendMode = 'avg'
16.7959 	EXP 	window1: blendMode = 'avg'
16.8127 	EXP 	window1: blendMode = 'avg'
16.8288 	EXP 	window1: blendMode = 'avg'
16.8458 	EXP 	window1: blendMode = 'avg'
16.8625 	EXP 	window1: blendMode = 'avg'
16.8793 	EXP 	window1: blendMode = 'avg'
16.8959 	EXP 	window1: blendMode = 'avg'
16.9126 	EXP 	window1: blendMode = 'avg'
16.9291 	EXP 	window1: blendMode = 'avg'
16.9460 	EXP 	window1: blendMode = 'avg'
16.9625 	EXP 	window1: blendMode = 'avg'
16.9793 	EXP 	window1: blendMode = 'avg'
16.9959 	EXP 	window1: blendMode = 'avg'
17.0126 	EXP 	window1: blendMode = 'avg'
17.0291 	EXP 	window1: blendMode = 'avg'
17.0459 	EXP 	window1: blendMode = 'avg'
17.0625 	EXP 	window1: blendMode = 'avg'
17.0782 	EXP 	window1: blendMode = 'avg'
17.0959 	EXP 	window1: blendMode = 'avg'
17.1129 	EXP 	window1: blendMode = 'avg'
17.1291 	EXP 	window1: blendMode = 'avg'
17.1460 	EXP 	window1: blendMode = 'avg'
17.1625 	EXP 	window1: blendMode = 'avg'
17.1793 	EXP 	window1: blendMode = 'avg'
17.1960 	EXP 	window1: blendMode = 'avg'
17.2125 	EXP 	window1: blendMode = 'avg'
17.2293 	EXP 	window1: blendMode = 'avg'
17.2459 	EXP 	window1: blendMode = 'avg'
17.2626 	EXP 	window1: blendMode = 'avg'
17.2792 	EXP 	window1: blendMode = 'avg'
17.2959 	EXP 	window1: blendMode = 'avg'
17.3126 	EXP 	window1: blendMode = 'avg'
17.3293 	EXP 	window1: blendMode = 'avg'
17.3459 	EXP 	window1: blendMode = 'avg'
17.3626 	EXP 	window1: blendMode = 'avg'
17.3792 	EXP 	window1: blendMode = 'avg'
17.3959 	EXP 	window1: blendMode = 'avg'
17.4126 	EXP 	window1: blendMode = 'avg'
17.4292 	EXP 	window1: blendMode = 'avg'
17.4459 	EXP 	window1: blendMode = 'avg'
17.4626 	EXP 	window1: blendMode = 'avg'
17.4793 	EXP 	window1: blendMode = 'avg'
17.4959 	EXP 	window1: blendMode = 'avg'
17.5127 	EXP 	window1: blendMode = 'avg'
17.5292 	EXP 	window1: blendMode = 'avg'
17.5460 	EXP 	window1: blendMode = 'avg'
17.5625 	EXP 	window1: blendMode = 'avg'
17.5792 	EXP 	window1: blendMode = 'avg'
17.5959 	EXP 	window1: blendMode = 'avg'
17.6124 	EXP 	window1: blendMode = 'avg'
17.6293 	EXP 	window1: blendMode = 'avg'
17.6459 	EXP 	window1: blendMode = 'avg'
17.6626 	EXP 	window1: blendMode = 'avg'
17.6794 	EXP 	window1: blendMode = 'avg'
17.6959 	EXP 	window1: blendMode = 'avg'
17.7126 	EXP 	window1: blendMode = 'avg'
17.7292 	EXP 	window1: blendMode = 'avg'
17.7458 	EXP 	window1: blendMode = 'avg'
17.7625 	EXP 	window1: blendMode = 'avg'
17.7793 	EXP 	window1: blendMode = 'avg'
17.7959 	EXP 	window1: blendMode = 'avg'
17.8126 	EXP 	window1: blendMode = 'avg'
17.8291 	EXP 	window1: blendMode = 'avg'
17.8459 	EXP 	window1: blendMode = 'avg'
17.8626 	EXP 	window1: blendMode = 'avg'
17.8793 	EXP 	window1: blendMode = 'avg'
17.8959 	EXP 	window1: blendMode = 'avg'
17.9126 	EXP 	window1: blendMode = 'avg'
17.9291 	EXP 	window1: blendMode = 'avg'
17.9459 	EXP 	window1: blendMode = 'avg'
17.9626 	EXP 	window1: blendMode = 'avg'
17.9792 	EXP 	window1: blendMode = 'avg'
17.9959 	EXP 	window1: blendMode = 'avg'
18.0125 	EXP 	window1: blendMode = 'avg'
18.0293 	EXP 	window1: blendMode = 'avg'
18.0458 	EXP 	window1: blendMode = 'avg'
18.0626 	EXP 	window1: blendMode = 'avg'
18.0792 	EXP 	window1: blendMode = 'avg'
18.0960 	EXP 	window1: blendMode = 'avg'
18.1125 	EXP 	window1: blendMode = 'avg'
18.1293 	EXP 	window1: blendMode = 'avg'
18.1460 	EXP 	window1: blendMode = 'avg'
18.1625 	EXP 	window1: blendMode = 'avg'
18.1792 	EXP 	window1: blendMode = 'avg'
18.1958 	EXP 	window1: blendMode = 'avg'
18.2126 	EXP 	window1: blendMode = 'avg'
18.2291 	EXP 	window1: blendMode = 'avg'
18.2459 	EXP 	window1: blendMode = 'avg'
18.2626 	EXP 	window1: blendMode = 'avg'
18.2792 	EXP 	window1: blendMode = 'avg'
18.2958 	EXP 	window1: blendMode = 'avg'
18.3126 	EXP 	window1: blendMode = 'avg'
18.3293 	EXP 	window1: blendMode = 'avg'
18.3459 	EXP 	window1: blendMode = 'avg'
18.3624 	EXP 	window1: blendMode = 'avg'
18.3793 	EXP 	window1: blendMode = 'avg'
18.3959 	EXP 	window1: blendMode = 'avg'
18.4126 	EXP 	window1: blendMode = 'avg'
18.4292 	EXP 	window1: blendMode = 'avg'
18.4460 	EXP 	window1: blendMode = 'avg'
18.4625 	EXP 	window1: blendMode = 'avg'
18.4792 	EXP 	window1: blendMode = 'avg'
18.4959 	EXP 	window1: blendMode = 'avg'
18.5125 	EXP 	window1: blendMode = 'avg'
18.5293 	EXP 	window1: blendMode = 'avg'
18.5458 	EXP 	window1: blendMode = 'avg'
18.5625 	EXP 	window1: blendMode = 'avg'
18.5793 	EXP 	window1: blendMode = 'avg'
18.5959 	EXP 	window1: blendMode = 'avg'
18.6126 	EXP 	window1: blendMode = 'avg'
18.6291 	EXP 	window1: blendMode = 'avg'
18.6459 	EXP 	window1: blendMode = 'avg'
18.6625 	EXP 	window1: blendMode = 'avg'
18.6793 	EXP 	window1: blendMode = 'avg'
18.6958 	EXP 	window1: blendMode = 'avg'
18.7126 	EXP 	window1: blendMode = 'avg'
18.7292 	EXP 	window1: blendMode = 'avg'
18.7460 	EXP 	window1: blendMode = 'avg'
18.7625 	EXP 	window1: blendMode = 'avg'
18.7792 	EXP 	window1: blendMode = 'avg'
18.7959 	EXP 	window1: blendMode = 'avg'
18.8127 	EXP 	window1: blendMode = 'avg'
18.8292 	EXP 	window1: blendMode = 'avg'
18.8459 	EXP 	window1: blendMode = 'avg'
18.8626 	EXP 	window1: blendMode = 'avg'
18.8792 	EXP 	window1: blendMode = 'avg'
18.8959 	EXP 	window1: blendMode = 'avg'
18.9126 	EXP 	window1: blendMode = 'avg'
18.9291 	EXP 	window1: blendMode = 'avg'
18.9459 	EXP 	window1: blendMode = 'avg'
18.9624 	EXP 	window1: blendMode = 'avg'
18.9792 	EXP 	window1: blendMode = 'avg'
18.9959 	EXP 	window1: blendMode = 'avg'
19.0125 	EXP 	window1: blendMode = 'avg'
19.0292 	EXP 	window1: blendMode = 'avg'
19.0457 	EXP 	window1: blendMode = 'avg'
19.0626 	EXP 	window1: blendMode = 'avg'
19.0792 	EXP 	window1: blendMode = 'avg'
19.0959 	EXP 	window1: blendMode = 'avg'
19.1125 	EXP 	window1: blendMode = 'avg'
19.1291 	EXP 	window1: blendMode = 'avg'
19.1459 	EXP 	window1: blendMode = 'avg'
19.1626 	EXP 	window1: blendMode = 'avg'
19.1793 	EXP 	window1: blendMode = 'avg'
19.1959 	EXP 	window1: blendMode = 'avg'
19.2126 	EXP 	window1: blendMode = 'avg'
19.2291 	EXP 	window1: blendMode = 'avg'
19.2459 	EXP 	window1: blendMode = 'avg'
19.2624 	EXP 	window1: blendMode = 'avg'
19.2792 	EXP 	window1: blendMode = 'avg'
19.2959 	EXP 	window1: blendMode = 'avg'
19.3126 	EXP 	window1: blendMode = 'avg'
19.3291 	EXP 	window1: blendMode = 'avg'
19.3458 	EXP 	window1: blendMode = 'avg'
19.3626 	EXP 	window1: blendMode = 'avg'
19.3791 	EXP 	window1: blendMode = 'avg'
19.3959 	EXP 	window1: blendMode = 'avg'
19.4125 	EXP 	window1: blendMode = 'avg'
19.4293 	EXP 	window1: blendMode = 'avg'
19.4458 	EXP 	window1: blendMode = 'avg'
19.4626 	EXP 	window1: blendMode = 'avg'
19.4793 	EXP 	window1: blendMode = 'avg'
19.4958 	EXP 	window1: blendMode = 'avg'
19.5125 	EXP 	window1: blendMode = 'avg'
19.5293 	EXP 	window1: blendMode = 'avg'
19.5458 	EXP 	window1: blendMode = 'avg'
19.5625 	EXP 	window1: blendMode = 'avg'
19.5793 	EXP 	window1: blendMode = 'avg'
19.5958 	EXP 	window1: blendMode = 'avg'
19.6126 	EXP 	window1: blendMode = 'avg'
19.6291 	EXP 	window1: blendMode = 'avg'
19.6459 	EXP 	window1: blendMode = 'avg'
19.6624 	EXP 	window1: blendMode = 'avg'
19.6793 	EXP 	window1: blendMode = 'avg'
19.6958 	EXP 	window1: blendMode = 'avg'
19.7126 	EXP 	window1: blendMode = 'avg'
19.7292 	EXP 	window1: blendMode = 'avg'
19.7459 	EXP 	window1: blendMode = 'avg'
19.7624 	EXP 	window1: blendMode = 'avg'
19.7793 	EXP 	window1: blendMode = 'avg'
19.7959 	EXP 	window1: blendMode = 'avg'
19.8128 	EXP 	window1: blendMode = 'avg'
19.8290 	EXP 	window1: blendMode = 'avg'
19.8459 	EXP 	window1: blendMode = 'avg'
19.8624 	EXP 	window1: blendMode = 'avg'
19.8791 	EXP 	window1: blendMode = 'avg'
19.8959 	EXP 	window1: blendMode = 'avg'
19.9124 	EXP 	window1: blendMode = 'avg'
19.9292 	EXP 	window1: blendMode = 'avg'
19.9459 	EXP 	window1: blendMode = 'avg'
19.9626 	EXP 	window1: blendMode = 'avg'
19.9792 	EXP 	window1: blendMode = 'avg'
19.9959 	EXP 	window1: blendMode = 'avg'
20.0126 	EXP 	window1: blendMode = 'avg'
20.0293 	EXP 	window1: blendMode = 'avg'
20.0458 	EXP 	window1: blendMode = 'avg'
20.0625 	EXP 	window1: blendMode = 'avg'
20.0794 	EXP 	window1: blendMode = 'avg'
20.0959 	EXP 	window1: blendMode = 'avg'
20.1125 	EXP 	window1: blendMode = 'avg'
20.1293 	EXP 	window1: blendMode = 'avg'
20.1458 	EXP 	window1: blendMode = 'avg'
20.1626 	EXP 	window1: blendMode = 'avg'
20.1791 	EXP 	window1: blendMode = 'avg'
20.1959 	EXP 	window1: blendMode = 'avg'
20.2124 	EXP 	window1: blendMode = 'avg'
20.2292 	EXP 	window1: blendMode = 'avg'
20.2459 	EXP 	window1: blendMode = 'avg'
20.2624 	EXP 	window1: blendMode = 'avg'
20.2793 	EXP 	window1: blendMode = 'avg'
20.2960 	EXP 	window1: blendMode = 'avg'
20.3115 	EXP 	window1: blendMode = 'avg'
20.3289 	EXP 	window1: blendMode = 'avg'
20.3457 	EXP 	window1: blendMode = 'avg'
20.3626 	EXP 	window1: blendMode = 'avg'
20.3791 	EXP 	window1: blendMode = 'avg'
20.3959 	EXP 	window1: blendMode = 'avg'
20.4124 	EXP 	window1: blendMode = 'avg'
20.4291 	EXP 	window1: blendMode = 'avg'
20.4458 	EXP 	window1: blendMode = 'avg'
20.4626 	EXP 	window1: blendMode = 'avg'
20.4791 	EXP 	window1: blendMode = 'avg'
20.4958 	EXP 	window1: blendMode = 'avg'
20.5126 	EXP 	window1: blendMode = 'avg'
20.5291 	EXP 	window1: blendMode = 'avg'
20.5459 	EXP 	window1: blendMode = 'avg'
20.5625 	EXP 	window1: blendMode = 'avg'
20.5792 	EXP 	window1: blendMode = 'avg'
20.5958 	EXP 	window1: blendMode = 'avg'
20.6125 	EXP 	window1: blendMode = 'avg'
20.6292 	EXP 	window1: blendMode = 'avg'
20.6458 	EXP 	window1: blendMode = 'avg'
20.6624 	EXP 	window1: blendMode = 'avg'
20.6793 	EXP 	window1: blendMode = 'avg'
20.6957 	EXP 	window1: blendMode = 'avg'
20.7125 	EXP 	window1: blendMode = 'avg'
20.7293 	EXP 	window1: blendMode = 'avg'
20.7458 	EXP 	window1: blendMode = 'avg'
20.7625 	EXP 	window1: blendMode = 'avg'
20.7792 	EXP 	window1: blendMode = 'avg'
20.7960 	EXP 	window1: blendMode = 'avg'
20.8125 	EXP 	window1: blendMode = 'avg'
20.8292 	EXP 	window1: blendMode = 'avg'
20.8458 	EXP 	window1: blendMode = 'avg'
20.8625 	EXP 	window1: blendMode = 'avg'
20.8793 	EXP 	window1: blendMode = 'avg'
20.8958 	EXP 	window1: blendMode = 'avg'
20.9126 	EXP 	window1: blendMode = 'avg'
20.9291 	EXP 	window1: blendMode = 'avg'
20.9458 	EXP 	window1: blendMode = 'avg'
20.9626 	EXP 	window1: blendMode = 'avg'
20.9791 	EXP 	window1: blendMode = 'avg'
20.9958 	EXP 	window1: blendMode = 'avg'
21.0126 	EXP 	window1: blendMode = 'avg'
21.0292 	EXP 	window1: blendMode = 'avg'
21.0457 	EXP 	window1: blendMode = 'avg'
21.0626 	EXP 	window1: blendMode = 'avg'
21.0791 	EXP 	window1: blendMode = 'avg'
21.0959 	EXP 	window1: blendMode = 'avg'
21.1124 	EXP 	window1: blendMode = 'avg'
21.1291 	EXP 	window1: blendMode = 'avg'
21.1458 	EXP 	window1: blendMode = 'avg'
21.1626 	EXP 	window1: blendMode = 'avg'
21.1792 	EXP 	window1: blendMode = 'avg'
21.1959 	EXP 	window1: blendMode = 'avg'
21.2126 	EXP 	window1: blendMode = 'avg'
21.2291 	EXP 	window1: blendMode = 'avg'
21.2458 	EXP 	window1: blendMode = 'avg'
21.2626 	EXP 	window1: blendMode = 'avg'
21.2791 	EXP 	window1: blendMode = 'avg'
21.2958 	EXP 	window1: blendMode = 'avg'
21.3126 	EXP 	window1: blendMode = 'avg'
21.3293 	EXP 	window1: blendMode = 'avg'
21.3458 	EXP 	window1: blendMode = 'avg'
21.3625 	EXP 	window1: blendMode = 'avg'
21.3792 	EXP 	window1: blendMode = 'avg'
21.3957 	EXP 	window1: blendMode = 'avg'
21.4125 	EXP 	window1: blendMode = 'avg'
21.4291 	EXP 	window1: blendMode = 'avg'
21.4458 	EXP 	window1: blendMode = 'avg'
21.4626 	EXP 	window1: blendMode = 'avg'
21.4793 	EXP 	window1: blendMode = 'avg'
21.4959 	EXP 	window1: blendMode = 'avg'
21.5125 	EXP 	window1: blendMode = 'avg'
21.5292 	EXP 	window1: blendMode = 'avg'
21.5457 	EXP 	window1: blendMode = 'avg'
21.5625 	EXP 	window1: blendMode = 'avg'
21.5793 	EXP 	window1: blendMode = 'avg'
21.5958 	EXP 	window1: blendMode = 'avg'
21.6126 	EXP 	window1: blendMode = 'avg'
21.6291 	EXP 	window1: blendMode = 'avg'
21.6458 	EXP 	window1: blendMode = 'avg'
21.6625 	EXP 	window1: blendMode = 'avg'
21.6791 	EXP 	window1: blendMode = 'avg'
21.6959 	EXP 	window1: blendMode = 'avg'
21.7124 	EXP 	window1: blendMode = 'avg'
21.7291 	EXP 	window1: blendMode = 'avg'
21.7460 	EXP 	window1: blendMode = 'avg'
21.7626 	EXP 	window1: blendMode = 'avg'
21.7791 	EXP 	window1: blendMode = 'avg'
21.7959 	EXP 	window1: blendMode = 'avg'
21.8125 	EXP 	window1: blendMode = 'avg'
21.8292 	EXP 	window1: blendMode = 'avg'
21.8458 	EXP 	window1: blendMode = 'avg'
21.8625 	EXP 	window1: blendMode = 'avg'
21.8791 	EXP 	window1: blendMode = 'avg'
21.8959 	EXP 	window1: blendMode = 'avg'
21.9124 	EXP 	window1: blendMode = 'avg'
21.9292 	EXP 	window1: blendMode = 'avg'
21.9459 	EXP 	window1: blendMode = 'avg'
21.9625 	EXP 	window1: blendMode = 'avg'
21.9792 	EXP 	window1: blendMode = 'avg'
21.9957 	EXP 	window1: blendMode = 'avg'
22.0126 	EXP 	window1: blendMode = 'avg'
22.0280 	EXP 	window1: blendMode = 'avg'
22.0459 	EXP 	window1: blendMode = 'avg'
22.0624 	EXP 	window1: blendMode = 'avg'
22.0792 	EXP 	window1: blendMode = 'avg'
22.0957 	EXP 	window1: blendMode = 'avg'
22.1126 	EXP 	window1: blendMode = 'avg'
22.1291 	EXP 	window1: blendMode = 'avg'
22.1482 	EXP 	window1: blendMode = 'avg'
22.1621 	EXP 	window1: blendMode = 'avg'
22.1788 	EXP 	window1: blendMode = 'avg'
22.1956 	EXP 	window1: blendMode = 'avg'
22.2126 	EXP 	window1: blendMode = 'avg'
22.2291 	EXP 	window1: blendMode = 'avg'
22.2460 	EXP 	window1: blendMode = 'avg'
22.2625 	EXP 	window1: blendMode = 'avg'
22.2792 	EXP 	window1: blendMode = 'avg'
22.2957 	EXP 	window1: blendMode = 'avg'
22.3125 	EXP 	window1: blendMode = 'avg'
22.3292 	EXP 	window1: blendMode = 'avg'
22.3457 	EXP 	window1: blendMode = 'avg'
22.3626 	EXP 	window1: blendMode = 'avg'
22.3792 	EXP 	window1: blendMode = 'avg'
22.3958 	EXP 	window1: blendMode = 'avg'
22.4126 	EXP 	window1: blendMode = 'avg'
22.4291 	EXP 	window1: blendMode = 'avg'
22.4459 	EXP 	window1: blendMode = 'avg'
22.4624 	EXP 	window1: blendMode = 'avg'
22.4793 	EXP 	window1: blendMode = 'avg'
22.4958 	EXP 	window1: blendMode = 'avg'
22.5126 	EXP 	window1: blendMode = 'avg'
22.5286 	EXP 	window1: blendMode = 'avg'
22.5450 	EXP 	window1: blendMode = 'avg'
22.5625 	EXP 	window1: blendMode = 'avg'
22.5792 	EXP 	window1: blendMode = 'avg'
22.5959 	EXP 	window1: blendMode = 'avg'
22.6124 	EXP 	window1: blendMode = 'avg'
22.6292 	EXP 	window1: blendMode = 'avg'
22.6457 	EXP 	window1: blendMode = 'avg'
22.6625 	EXP 	window1: blendMode = 'avg'
22.6791 	EXP 	window1: blendMode = 'avg'
22.6959 	EXP 	window1: blendMode = 'avg'
22.7124 	EXP 	window1: blendMode = 'avg'
22.7291 	EXP 	window1: blendMode = 'avg'
22.7459 	EXP 	window1: blendMode = 'avg'
22.7624 	EXP 	window1: blendMode = 'avg'
22.7792 	EXP 	window1: blendMode = 'avg'
22.7958 	EXP 	window1: blendMode = 'avg'
22.8126 	EXP 	window1: blendMode = 'avg'
22.8291 	EXP 	window1: blendMode = 'avg'
22.8459 	EXP 	window1: blendMode = 'avg'
22.8624 	EXP 	window1: blendMode = 'avg'
22.8791 	EXP 	window1: blendMode = 'avg'
22.8959 	EXP 	window1: blendMode = 'avg'
22.9124 	EXP 	window1: blendMode = 'avg'
22.9292 	EXP 	window1: blendMode = 'avg'
22.9457 	EXP 	window1: blendMode = 'avg'
22.9624 	EXP 	window1: blendMode = 'avg'
22.9792 	EXP 	window1: blendMode = 'avg'
22.9959 	EXP 	window1: blendMode = 'avg'
23.0124 	EXP 	window1: blendMode = 'avg'
23.0291 	EXP 	window1: blendMode = 'avg'
23.0458 	EXP 	window1: blendMode = 'avg'
23.0625 	EXP 	window1: blendMode = 'avg'
23.0792 	EXP 	window1: blendMode = 'avg'
23.0957 	EXP 	window1: blendMode = 'avg'
23.1126 	EXP 	window1: blendMode = 'avg'
23.1292 	EXP 	window1: blendMode = 'avg'
23.1459 	EXP 	window1: blendMode = 'avg'
23.1614 	EXP 	window1: blendMode = 'avg'
23.1792 	EXP 	window1: blendMode = 'avg'
23.1957 	EXP 	window1: blendMode = 'avg'
23.2126 	EXP 	window1: blendMode = 'avg'
23.2291 	EXP 	window1: blendMode = 'avg'
23.2458 	EXP 	window1: blendMode = 'avg'
23.2625 	EXP 	window1: blendMode = 'avg'
23.2791 	EXP 	window1: blendMode = 'avg'
23.2958 	EXP 	window1: blendMode = 'avg'
23.3124 	EXP 	window1: blendMode = 'avg'
23.3292 	EXP 	window1: blendMode = 'avg'
23.3458 	EXP 	window1: blendMode = 'avg'
23.3625 	EXP 	window1: blendMode = 'avg'
23.3790 	EXP 	window1: blendMode = 'avg'
23.3958 	EXP 	window1: blendMode = 'avg'
23.4125 	EXP 	window1: blendMode = 'avg'
23.4291 	EXP 	window1: blendMode = 'avg'
23.4459 	EXP 	window1: blendMode = 'avg'
23.4624 	EXP 	window1: blendMode = 'avg'
23.4792 	EXP 	window1: blendMode = 'avg'
23.4958 	EXP 	window1: blendMode = 'avg'
23.5125 	EXP 	window1: blendMode = 'avg'
23.5292 	EXP 	window1: blendMode = 'avg'
23.5460 	EXP 	window1: blendMode = 'avg'
23.5625 	EXP 	window1: blendMode = 'avg'
23.5792 	EXP 	window1: blendMode = 'avg'
23.5960 	EXP 	window1: blendMode = 'avg'
23.6126 	EXP 	window1: blendMode = 'avg'
23.6291 	EXP 	window1: blendMode = 'avg'
23.6459 	EXP 	window1: blendMode = 'avg'
23.6624 	EXP 	window1: blendMode = 'avg'
23.6791 	EXP 	window1: blendMode = 'avg'
23.6958 	EXP 	window1: blendMode = 'avg'
23.7125 	EXP 	window1: blendMode = 'avg'
23.7292 	EXP 	window1: blendMode = 'avg'
23.7459 	EXP 	window1: blendMode = 'avg'
23.7624 	EXP 	window1: blendMode = 'avg'
23.7792 	EXP 	window1: blendMode = 'avg'
23.7957 	EXP 	window1: blendMode = 'avg'
23.8125 	EXP 	window1: blendMode = 'avg'
23.8292 	EXP 	window1: blendMode = 'avg'
23.8457 	EXP 	window1: blendMode = 'avg'
23.8624 	EXP 	window1: blendMode = 'avg'
23.8791 	EXP 	window1: blendMode = 'avg'
23.8958 	EXP 	window1: blendMode = 'avg'
23.9125 	EXP 	window1: blendMode = 'avg'
23.9292 	EXP 	window1: blendMode = 'avg'
23.9457 	EXP 	window1: blendMode = 'avg'
23.9624 	EXP 	window1: blendMode = 'avg'
23.9792 	EXP 	window1: blendMode = 'avg'
23.9960 	EXP 	window1: blendMode = 'avg'
24.0125 	EXP 	window1: blendMode = 'avg'
24.0292 	EXP 	window1: blendMode = 'avg'
24.0457 	EXP 	window1: blendMode = 'avg'
24.0625 	EXP 	window1: blendMode = 'avg'
24.0792 	EXP 	window1: blendMode = 'avg'
24.0957 	EXP 	window1: blendMode = 'avg'
24.1124 	EXP 	window1: blendMode = 'avg'
24.1292 	EXP 	window1: blendMode = 'avg'
24.1457 	EXP 	window1: blendMode = 'avg'
24.1624 	EXP 	window1: blendMode = 'avg'
24.1792 	EXP 	window1: blendMode = 'avg'
24.1958 	EXP 	window1: blendMode = 'avg'
24.2125 	EXP 	window1: blendMode = 'avg'
24.2280 	EXP 	window1: blendMode = 'avg'
24.2458 	EXP 	window1: blendMode = 'avg'
24.2625 	EXP 	window1: blendMode = 'avg'
24.2790 	EXP 	window1: blendMode = 'avg'
24.2958 	EXP 	window1: blendMode = 'avg'
24.3125 	EXP 	window1: blendMode = 'avg'
24.3295 	EXP 	window1: blendMode = 'avg'
24.3456 	EXP 	window1: blendMode = 'avg'
24.3623 	EXP 	window1: blendMode = 'avg'
24.3790 	EXP 	window1: blendMode = 'avg'
24.3958 	EXP 	window1: blendMode = 'avg'
24.4125 	EXP 	window1: blendMode = 'avg'
24.4291 	EXP 	window1: blendMode = 'avg'
24.4459 	EXP 	window1: blendMode = 'avg'
24.4624 	EXP 	window1: blendMode = 'avg'
24.4792 	EXP 	window1: blendMode = 'avg'
24.4957 	EXP 	window1: blendMode = 'avg'
24.5114 	EXP 	window1: blendMode = 'avg'
24.5292 	EXP 	window1: blendMode = 'avg'
24.5459 	EXP 	window1: blendMode = 'avg'
24.5624 	EXP 	window1: blendMode = 'avg'
24.5791 	EXP 	window1: blendMode = 'avg'
24.5958 	EXP 	window1: blendMode = 'avg'
24.6125 	EXP 	window1: blendMode = 'avg'
24.6292 	EXP 	window1: blendMode = 'avg'
24.6457 	EXP 	window1: blendMode = 'avg'
24.6625 	EXP 	window1: blendMode = 'avg'
24.6791 	EXP 	window1: blendMode = 'avg'
24.6957 	EXP 	window1: blendMode = 'avg'
24.7125 	EXP 	window1: blendMode = 'avg'
24.7292 	EXP 	window1: blendMode = 'avg'
24.7457 	EXP 	window1: blendMode = 'avg'
24.7626 	EXP 	window1: blendMode = 'avg'
24.7792 	EXP 	window1: blendMode = 'avg'
24.7959 	EXP 	window1: blendMode = 'avg'
24.8124 	EXP 	window1: blendMode = 'avg'
24.8292 	EXP 	window1: blendMode = 'avg'
24.8458 	EXP 	window1: blendMode = 'avg'
24.8625 	EXP 	window1: blendMode = 'avg'
24.8791 	EXP 	window1: blendMode = 'avg'
24.8958 	EXP 	window1: blendMode = 'avg'
24.9124 	EXP 	window1: blendMode = 'avg'
24.9290 	EXP 	window1: blendMode = 'avg'
24.9458 	EXP 	window1: blendMode = 'avg'
24.9625 	EXP 	window1: blendMode = 'avg'
24.9791 	EXP 	window1: blendMode = 'avg'
24.9958 	EXP 	window1: blendMode = 'avg'
25.0124 	EXP 	window1: blendMode = 'avg'
25.0292 	EXP 	window1: blendMode = 'avg'
25.0457 	EXP 	window1: blendMode = 'avg'
25.0625 	EXP 	window1: blendMode = 'avg'
25.0791 	EXP 	window1: blendMode = 'avg'
25.0958 	EXP 	window1: blendMode = 'avg'
25.1125 	EXP 	window1: blendMode = 'avg'
25.1292 	EXP 	window1: blendMode = 'avg'
25.1458 	EXP 	window1: blendMode = 'avg'
25.1624 	EXP 	window1: blendMode = 'avg'
25.1791 	EXP 	window1: blendMode = 'avg'
25.1958 	EXP 	window1: blendMode = 'avg'
25.2123 	EXP 	window1: blendMode = 'avg'
25.2292 	EXP 	window1: blendMode = 'avg'
25.2457 	EXP 	window1: blendMode = 'avg'
25.2625 	EXP 	window1: blendMode = 'avg'
25.2791 	EXP 	window1: blendMode = 'avg'
25.2958 	EXP 	window1: blendMode = 'avg'
25.3123 	EXP 	window1: blendMode = 'avg'
25.3288 	EXP 	window1: blendMode = 'avg'
25.3458 	EXP 	window1: blendMode = 'avg'
25.3624 	EXP 	window1: blendMode = 'avg'
25.3792 	EXP 	window1: blendMode = 'avg'
25.3957 	EXP 	window1: blendMode = 'avg'
25.4114 	EXP 	window1: blendMode = 'avg'
25.4321 	DATA 	Keypress: space
25.4425 	EXP 	Imported Book.xlsx as conditions, 44 conditions, 7 params
25.4431 	EXP 	Created sequence: random, trialTypes=44, nReps=1, seed=None
25.4435 	EXP 	New trial (rep=0, index=0): {'YLeftPos': 0, 'time_presentation': 0.5, 'XLeftPos': -300, 'XRightPos': 300, 'rightimg': u'frogs/ab50.jpg', 'YRightPos': 0, 'leftimg': u'frogs/ab10.jpg'}
25.5440 	EXP 	text_2: autoDraw = False
25.5440 	EXP 	Leftimg: pos = array([-300.,    0.])
25.5440 	EXP 	Leftimg: image = u'frogs/ab10.jpg'
25.5440 	EXP 	Rightimg: pos = array([ 300.,    0.])
25.5440 	EXP 	Rightimg: image = u'frogs/ab50.jpg'
25.5440 	EXP 	Leftimg: autoDraw = True
25.5440 	EXP 	Rightimg: autoDraw = True
25.9616 	EXP 	Leftimg: autoDraw = False
25.9616 	EXP 	Rightimg: autoDraw = False
27.9458 	EXP 	window1: blendMode = 'avg'
27.9611 	EXP 	text: autoDraw = True
27.9620 	EXP 	window1: blendMode = 'avg'
27.9789 	EXP 	window1: blendMode = 'avg'
27.9952 	EXP 	window1: blendMode = 'avg'
28.0122 	EXP 	window1: blendMode = 'avg'
28.0290 	EXP 	window1: blendMode = 'avg'
28.0458 	EXP 	window1: blendMode = 'avg'
28.0625 	EXP 	window1: blendMode = 'avg'
28.0790 	EXP 	window1: blendMode = 'avg'
28.0957 	EXP 	window1: blendMode = 'avg'
28.1124 	EXP 	window1: blendMode = 'avg'
28.1290 	EXP 	window1: blendMode = 'avg'
28.1458 	EXP 	window1: blendMode = 'avg'
28.1625 	EXP 	window1: blendMode = 'avg'
28.1790 	EXP 	window1: blendMode = 'avg'
28.1956 	EXP 	window1: blendMode = 'avg'
28.2124 	EXP 	window1: blendMode = 'avg'
28.2291 	EXP 	window1: blendMode = 'avg'
28.2458 	EXP 	window1: blendMode = 'avg'
28.2624 	EXP 	window1: blendMode = 'avg'
28.2790 	EXP 	window1: blendMode = 'avg'
28.2958 	EXP 	window1: blendMode = 'avg'
28.3124 	EXP 	window1: blendMode = 'avg'
28.3291 	EXP 	window1: blendMode = 'avg'
28.3458 	EXP 	window1: blendMode = 'avg'
28.3625 	EXP 	window1: blendMode = 'avg'
28.3791 	EXP 	window1: blendMode = 'avg'
28.3957 	EXP 	window1: blendMode = 'avg'
28.4125 	EXP 	window1: blendMode = 'avg'
28.4292 	EXP 	window1: blendMode = 'avg'
28.4458 	EXP 	window1: blendMode = 'avg'
28.4627 	EXP 	window1: blendMode = 'avg'
28.4790 	EXP 	window1: blendMode = 'avg'
28.4958 	EXP 	window1: blendMode = 'avg'
28.5124 	EXP 	window1: blendMode = 'avg'
28.5292 	EXP 	window1: blendMode = 'avg'
28.5459 	EXP 	window1: blendMode = 'avg'
28.5625 	EXP 	window1: blendMode = 'avg'
28.5791 	EXP 	window1: blendMode = 'avg'
28.5958 	EXP 	window1: blendMode = 'avg'
28.6124 	EXP 	window1: blendMode = 'avg'
28.6291 	EXP 	window1: blendMode = 'avg'
28.6457 	EXP 	window1: blendMode = 'avg'
28.6624 	EXP 	window1: blendMode = 'avg'
28.6790 	EXP 	window1: blendMode = 'avg'
28.6957 	EXP 	window1: blendMode = 'avg'
28.7125 	EXP 	window1: blendMode = 'avg'
28.7290 	EXP 	window1: blendMode = 'avg'
28.7458 	EXP 	window1: blendMode = 'avg'
28.7623 	EXP 	window1: blendMode = 'avg'
28.7790 	EXP 	window1: blendMode = 'avg'
28.7958 	EXP 	window1: blendMode = 'avg'
28.8125 	EXP 	window1: blendMode = 'avg'
28.8291 	EXP 	window1: blendMode = 'avg'
28.8458 	EXP 	window1: blendMode = 'avg'
28.8623 	EXP 	window1: blendMode = 'avg'
28.8790 	EXP 	window1: blendMode = 'avg'
28.8958 	EXP 	window1: blendMode = 'avg'
28.9122 	EXP 	window1: blendMode = 'avg'
28.9284 	EXP 	window1: blendMode = 'avg'
28.9451 	EXP 	window1: blendMode = 'avg'
28.9619 	EXP 	window1: blendMode = 'avg'
28.9786 	EXP 	window1: blendMode = 'avg'
28.9956 	EXP 	window1: blendMode = 'avg'
29.0123 	EXP 	window1: blendMode = 'avg'
29.0293 	EXP 	window1: blendMode = 'avg'
29.0455 	EXP 	window1: blendMode = 'avg'
29.0633 	DATA 	Keypress: left
29.0639 	EXP 	window1: blendMode = 'avg'
29.0789 	EXP 	window1: blendMode = 'avg'
29.0956 	EXP 	window1: blendMode = 'avg'
29.1123 	EXP 	window1: blendMode = 'avg'
29.1291 	EXP 	window1: blendMode = 'avg'
29.1456 	EXP 	window1: blendMode = 'avg'
29.1624 	EXP 	window1: blendMode = 'avg'
29.1791 	EXP 	window1: blendMode = 'avg'
29.1958 	EXP 	window1: blendMode = 'avg'
29.2123 	EXP 	window1: blendMode = 'avg'
29.2290 	EXP 	window1: blendMode = 'avg'
29.2458 	EXP 	window1: blendMode = 'avg'
29.2623 	EXP 	window1: blendMode = 'avg'
29.2791 	EXP 	window1: blendMode = 'avg'
29.2957 	EXP 	window1: blendMode = 'avg'
29.3124 	EXP 	window1: blendMode = 'avg'
29.3290 	EXP 	window1: blendMode = 'avg'
29.3459 	EXP 	window1: blendMode = 'avg'
29.3624 	EXP 	window1: blendMode = 'avg'
29.3791 	EXP 	window1: blendMode = 'avg'
29.3957 	EXP 	window1: blendMode = 'avg'
29.4124 	EXP 	window1: blendMode = 'avg'
29.4290 	EXP 	window1: blendMode = 'avg'
29.4458 	EXP 	window1: blendMode = 'avg'
29.4623 	EXP 	window1: blendMode = 'avg'
29.4790 	EXP 	window1: blendMode = 'avg'
29.4957 	EXP 	window1: blendMode = 'avg'
29.5123 	EXP 	window1: blendMode = 'avg'
29.5291 	EXP 	window1: blendMode = 'avg'
29.5456 	EXP 	window1: blendMode = 'avg'
29.5624 	EXP 	window1: blendMode = 'avg'
29.5791 	EXP 	window1: blendMode = 'avg'
29.5957 	EXP 	window1: blendMode = 'avg'
29.6124 	EXP 	window1: blendMode = 'avg'
29.6290 	EXP 	window1: blendMode = 'avg'
29.6457 	EXP 	window1: blendMode = 'avg'
29.6624 	EXP 	window1: blendMode = 'avg'
29.6791 	EXP 	window1: blendMode = 'avg'
29.6957 	EXP 	window1: blendMode = 'avg'
29.7133 	DATA 	Keypress: space
29.7144 	EXP 	New trial (rep=0, index=1): {'YLeftPos': 0, 'time_presentation': 0.5, 'XLeftPos': -300, 'XRightPos': 300, 'rightimg': u'frogs/ab49.jpg', 'YRightPos': 0, 'leftimg': u'frogs/ab9.jpg'}
29.9109 	EXP 	Leftimg: autoDraw = False
29.9109 	EXP 	Rightimg: autoDraw = False
29.9109 	EXP 	text: autoDraw = False
29.9109 	EXP 	Leftimg: pos = array([-300.,    0.])
29.9109 	EXP 	Leftimg: image = u'frogs/ab9.jpg'
29.9109 	EXP 	Rightimg: pos = array([ 300.,    0.])
29.9109 	EXP 	Rightimg: image = u'frogs/ab49.jpg'
29.9109 	EXP 	Leftimg: autoDraw = True
29.9109 	EXP 	Rightimg: autoDraw = True
30.2283 	EXP 	Leftimg: autoDraw = False
30.2283 	EXP 	Rightimg: autoDraw = False
30.2634 	DATA 	Keypress: left
30.2797 	EXP 	New trial (rep=0, index=2): {'YLeftPos': 0, 'time_presentation': 0.5, 'XLeftPos': -300, 'XRightPos': 300, 'rightimg': u'frogs/ab76.jpg', 'YRightPos': 0, 'leftimg': u'frogs/ab36.jpg'}
30.3280 	EXP 	Leftimg: autoDraw = False
30.3280 	EXP 	Rightimg: autoDraw = False
30.3280 	EXP 	text: autoDraw = False
30.3280 	EXP 	Leftimg: pos = array([-300.,    0.])
30.3280 	EXP 	Leftimg: image = u'frogs/ab36.jpg'
30.3280 	EXP 	Rightimg: pos = array([ 300.,    0.])
30.3280 	EXP 	Rightimg: image = u'frogs/ab76.jpg'
30.3280 	EXP 	Leftimg: autoDraw = True
30.3280 	EXP 	Rightimg: autoDraw = True
30.7946 	EXP 	Leftimg: autoDraw = False
30.7946 	EXP 	Rightimg: autoDraw = False
31.2463 	DATA 	Keypress: left
31.2474 	EXP 	New trial (rep=0, index=3): {'YLeftPos': 0, 'time_presentation': 0.5, 'XLeftPos': -300, 'XRightPos': 300, 'rightimg': u'frogs/ab75.jpg', 'YRightPos': 0, 'leftimg': u'frogs/ab35.jpg'}
31.2770 	EXP 	Leftimg: autoDraw = False
31.2770 	EXP 	Rightimg: autoDraw = False
31.2770 	EXP 	text: autoDraw = False
31.2770 	EXP 	Leftimg: pos = array([-300.,    0.])
31.2770 	EXP 	Leftimg: image = u'frogs/ab35.jpg'
31.2770 	EXP 	Rightimg: pos = array([ 300.,    0.])
31.2770 	EXP 	Rightimg: image = u'frogs/ab75.jpg'
31.2770 	EXP 	Leftimg: autoDraw = True
31.2770 	EXP 	Rightimg: autoDraw = True
31.7613 	EXP 	Leftimg: autoDraw = False
31.7613 	EXP 	Rightimg: autoDraw = False
31.8301 	DATA 	Keypress: right
31.8313 	EXP 	New trial (rep=0, index=4): {'YLeftPos': 0, 'time_presentation': 0.5, 'XLeftPos': -300, 'XRightPos': 300, 'rightimg': u'1.jpg', 'YRightPos': 0, 'leftimg': u'3.jpg'}
31.8780 	EXP 	Leftimg: autoDraw = False
31.8780 	EXP 	Rightimg: autoDraw = False
31.8780 	EXP 	text: autoDraw = False
31.8780 	EXP 	Leftimg: pos = array([-300.,    0.])
31.8780 	EXP 	Leftimg: image = u'3.jpg'
31.8780 	EXP 	Rightimg: pos = array([ 300.,    0.])
31.8780 	EXP 	Rightimg: image = u'1.jpg'
31.8780 	EXP 	Leftimg: autoDraw = True
31.8780 	EXP 	Rightimg: autoDraw = True
32.3446 	EXP 	Leftimg: autoDraw = False
32.3446 	EXP 	Rightimg: autoDraw = False
32.4962 	DATA 	Keypress: left
32.4972 	EXP 	New trial (rep=0, index=5): {'YLeftPos': 0, 'time_presentation': 0.5, 'XLeftPos': -300, 'XRightPos': 300, 'rightimg': u'frogs/ab65.jpg', 'YRightPos': 0, 'leftimg': u'frogs/ab25.jpg'}
32.5605 	EXP 	Leftimg: autoDraw = False
32.5605 	EXP 	Rightimg: autoDraw = False
32.5605 	EXP 	text: autoDraw = False
32.5605 	EXP 	Leftimg: pos = array([-300.,    0.])
32.5605 	EXP 	Leftimg: image = u'frogs/ab25.jpg'
32.5605 	EXP 	Rightimg: pos = array([ 300.,    0.])
32.5605 	EXP 	Rightimg: image = u'frogs/ab65.jpg'
32.5605 	EXP 	Leftimg: autoDraw = True
32.5605 	EXP 	Rightimg: autoDraw = True
33.0113 	EXP 	Leftimg: autoDraw = False
33.0113 	EXP 	Rightimg: autoDraw = False
33.1298 	DATA 	Keypress: right
33.1313 	EXP 	New trial (rep=0, index=6): {'YLeftPos': 0, 'time_presentation': 0.5, 'XLeftPos': -300, 'XRightPos': 300, 'rightimg': u'frogs/ab80.jpg', 'YRightPos': 0, 'leftimg': u'frogs/ab40.jpg'}
33.1615 	EXP 	Leftimg: autoDraw = False
33.1615 	EXP 	Rightimg: autoDraw = False
33.1615 	EXP 	text: autoDraw = False
33.1615 	EXP 	Leftimg: pos = array([-300.,    0.])
33.1615 	EXP 	Leftimg: image = u'frogs/ab40.jpg'
33.1615 	EXP 	Rightimg: pos = array([ 300.,    0.])
33.1615 	EXP 	Rightimg: image = u'frogs/ab80.jpg'
33.1615 	EXP 	Leftimg: autoDraw = True
33.1615 	EXP 	Rightimg: autoDraw = True
33.6446 	EXP 	Leftimg: autoDraw = False
33.6446 	EXP 	Rightimg: autoDraw = False
33.7620 	DATA 	Keypress: left
33.7630 	EXP 	New trial (rep=0, index=7): {'YLeftPos': 0, 'time_presentation': 0.5, 'XLeftPos': -300, 'XRightPos': 300, 'rightimg': u'frogs/ab72.jpg', 'YRightPos': 0, 'leftimg': u'frogs/ab32.jpg'}
33.7946 	EXP 	Leftimg: autoDraw = False
33.7946 	EXP 	Rightimg: autoDraw = False
33.7946 	EXP 	text: autoDraw = False
33.7946 	EXP 	Leftimg: pos = array([-300.,    0.])
33.7946 	EXP 	Leftimg: image = u'frogs/ab32.jpg'
33.7946 	EXP 	Rightimg: pos = array([ 300.,    0.])
33.7946 	EXP 	Rightimg: image = u'frogs/ab72.jpg'
33.7946 	EXP 	Leftimg: autoDraw = True
33.7946 	EXP 	Rightimg: autoDraw = True
34.2781 	EXP 	Leftimg: autoDraw = False
34.2781 	EXP 	Rightimg: autoDraw = False
34.3131 	DATA 	Keypress: right
34.3143 	EXP 	New trial (rep=0, index=8): {'YLeftPos': 0, 'time_presentation': 0.5, 'XLeftPos': -300, 'XRightPos': 300, 'rightimg': u'frogs/ab52.jpg', 'YRightPos': 0, 'leftimg': u'frogs/ab12.jpg'}
34.3277 	EXP 	Leftimg: autoDraw = False
34.3277 	EXP 	Rightimg: autoDraw = False
34.3277 	EXP 	text: autoDraw = False
34.3277 	EXP 	Leftimg: pos = array([-300.,    0.])
34.3277 	EXP 	Leftimg: image = u'frogs/ab12.jpg'
34.3277 	EXP 	Rightimg: pos = array([ 300.,    0.])
34.3277 	EXP 	Rightimg: image = u'frogs/ab52.jpg'
34.3277 	EXP 	Leftimg: autoDraw = True
34.3277 	EXP 	Rightimg: autoDraw = True
34.7798 	DATA 	Keypress: left
34.7807 	EXP 	New trial (rep=0, index=9): {'YLeftPos': 0, 'time_presentation': 0.5, 'XLeftPos': -300, 'XRightPos': 300, 'rightimg': u'frogs/ab54.jpg', 'YRightPos': 0, 'leftimg': u'frogs/ab14.jpg'}
34.8110 	EXP 	Leftimg: autoDraw = False
34.8110 	EXP 	Rightimg: autoDraw = False
34.8110 	EXP 	text: autoDraw = False
34.8110 	EXP 	Leftimg: pos = array([-300.,    0.])
34.8110 	EXP 	Leftimg: image = u'frogs/ab14.jpg'
34.8110 	EXP 	Rightimg: pos = array([ 300.,    0.])
34.8110 	EXP 	Rightimg: image = u'frogs/ab54.jpg'
34.8110 	EXP 	Leftimg: autoDraw = True
34.8110 	EXP 	Rightimg: autoDraw = True
35.2946 	EXP 	Leftimg: autoDraw = False
35.2946 	EXP 	Rightimg: autoDraw = False
35.3132 	DATA 	Keypress: right
35.3143 	EXP 	New trial (rep=0, index=10): {'YLeftPos': 0, 'time_presentation': 0.5, 'XLeftPos': -300, 'XRightPos': 300, 'rightimg': u'frogs/ab45.jpg', 'YRightPos': 0, 'leftimg': u'frogs/ab5.jpg'}
35.3270 	EXP 	Leftimg: autoDraw = False
35.3270 	EXP 	Rightimg: autoDraw = False
35.3270 	EXP 	text: autoDraw = False
35.3270 	EXP 	Leftimg: pos = array([-300.,    0.])
35.3270 	EXP 	Leftimg: image = u'frogs/ab5.jpg'
35.3270 	EXP 	Rightimg: pos = array([ 300.,    0.])
35.3270 	EXP 	Rightimg: image = u'frogs/ab45.jpg'
35.3270 	EXP 	Leftimg: autoDraw = True
35.3270 	EXP 	Rightimg: autoDraw = True
35.8279 	EXP 	Leftimg: autoDraw = False
35.8279 	EXP 	Rightimg: autoDraw = False
35.8465 	DATA 	Keypress: left
35.8475 	EXP 	New trial (rep=0, index=11): {'YLeftPos': 0, 'time_presentation': 0.5, 'XLeftPos': -300, 'XRightPos': 300, 'rightimg': u'frogs/ab43.jpg', 'YRightPos': 0, 'leftimg': u'frogs/ab3.jpg'}
35.9107 	EXP 	Leftimg: autoDraw = False
35.9107 	EXP 	Rightimg: autoDraw = False
35.9107 	EXP 	text: autoDraw = False
35.9107 	EXP 	Leftimg: pos = array([-300.,    0.])
35.9107 	EXP 	Leftimg: image = u'frogs/ab3.jpg'
35.9107 	EXP 	Rightimg: pos = array([ 300.,    0.])
35.9107 	EXP 	Rightimg: image = u'frogs/ab43.jpg'
35.9107 	EXP 	Leftimg: autoDraw = True
35.9107 	EXP 	Rightimg: autoDraw = True
36.3287 	DATA 	Keypress: right
36.3297 	EXP 	New trial (rep=0, index=12): {'YLeftPos': 0, 'time_presentation': 0.5, 'XLeftPos': -300, 'XRightPos': 300, 'rightimg': u'frogs/ab57.jpg', 'YRightPos': 0, 'leftimg': u'frogs/ab17.jpg'}
36.4281 	EXP 	Leftimg: autoDraw = False
36.4281 	EXP 	Rightimg: autoDraw = False
36.4281 	EXP 	text: autoDraw = False
36.4281 	EXP 	Leftimg: pos = array([-300.,    0.])
36.4281 	EXP 	Leftimg: image = u'frogs/ab17.jpg'
36.4281 	EXP 	Rightimg: pos = array([ 300.,    0.])
36.4281 	EXP 	Rightimg: image = u'frogs/ab57.jpg'
36.4281 	EXP 	Leftimg: autoDraw = True
36.4281 	EXP 	Rightimg: autoDraw = True
36.8446 	EXP 	Leftimg: autoDraw = False
36.8446 	EXP 	Rightimg: autoDraw = False
36.8960 	DATA 	Keypress: left
36.8971 	EXP 	New trial (rep=0, index=13): {'YLeftPos': 0, 'time_presentation': 0.5, 'XLeftPos': -300, 'XRightPos': 300, 'rightimg': u'frogs/ab61.jpg', 'YRightPos': 0, 'leftimg': u'frogs/ab21.jpg'}
36.9269 	EXP 	Leftimg: autoDraw = False
36.9269 	EXP 	Rightimg: autoDraw = False
36.9269 	EXP 	text: autoDraw = False
36.9269 	EXP 	Leftimg: pos = array([-300.,    0.])
36.9269 	EXP 	Leftimg: image = u'frogs/ab21.jpg'
36.9269 	EXP 	Rightimg: pos = array([ 300.,    0.])
36.9269 	EXP 	Rightimg: image = u'frogs/ab61.jpg'
36.9269 	EXP 	Leftimg: autoDraw = True
36.9269 	EXP 	Rightimg: autoDraw = True
37.4112 	EXP 	Leftimg: autoDraw = False
37.4112 	EXP 	Rightimg: autoDraw = False
37.4296 	DATA 	Keypress: right
37.4308 	EXP 	New trial (rep=0, index=14): {'YLeftPos': 0, 'time_presentation': 0.5, 'XLeftPos': -300, 'XRightPos': 300, 'rightimg': u'frogs/ab67.jpg', 'YRightPos': 0, 'leftimg': u'frogs/ab27.jpg'}
37.4778 	EXP 	Leftimg: autoDraw = False
37.4778 	EXP 	Rightimg: autoDraw = False
37.4778 	EXP 	text: autoDraw = False
37.4778 	EXP 	Leftimg: pos = array([-300.,    0.])
37.4778 	EXP 	Leftimg: image = u'frogs/ab27.jpg'
37.4778 	EXP 	Rightimg: pos = array([ 300.,    0.])
37.4778 	EXP 	Rightimg: image = u'frogs/ab67.jpg'
37.4778 	EXP 	Leftimg: autoDraw = True
37.4778 	EXP 	Rightimg: autoDraw = True
37.9295 	DATA 	Keypress: left
37.9304 	EXP 	New trial (rep=0, index=15): {'YLeftPos': 0, 'time_presentation': 0.5, 'XLeftPos': -300, 'XRightPos': 300, 'rightimg': u'frogs/ab79.jpg', 'YRightPos': 0, 'leftimg': u'frogs/ab39.jpg'}
37.9608 	EXP 	Leftimg: autoDraw = False
37.9608 	EXP 	Rightimg: autoDraw = False
37.9608 	EXP 	Leftimg: autoDraw = False
37.9608 	EXP 	Rightimg: autoDraw = False
37.9608 	EXP 	text: autoDraw = False
37.9608 	EXP 	Leftimg: pos = array([-300.,    0.])
37.9608 	EXP 	Leftimg: image = u'frogs/ab39.jpg'
37.9608 	EXP 	Rightimg: pos = array([ 300.,    0.])
37.9608 	EXP 	Rightimg: image = u'frogs/ab79.jpg'
37.9608 	EXP 	Leftimg: autoDraw = True
37.9608 	EXP 	Rightimg: autoDraw = True
38.4131 	DATA 	Keypress: right
38.4141 	EXP 	New trial (rep=0, index=16): {'YLeftPos': 0, 'time_presentation': 0.5, 'XLeftPos': -300, 'XRightPos': 300, 'rightimg': u'frogs/ab42.jpg', 'YRightPos': 0, 'leftimg': u'frogs/ab2.jpg'}
38.7442 	EXP 	Leftimg: autoDraw = False
38.7442 	EXP 	Rightimg: autoDraw = False
38.7442 	EXP 	text: autoDraw = False
38.7442 	EXP 	Leftimg: pos = array([-300.,    0.])
38.7442 	EXP 	Leftimg: image = u'frogs/ab2.jpg'
38.7442 	EXP 	Rightimg: pos = array([ 300.,    0.])
38.7442 	EXP 	Rightimg: image = u'frogs/ab42.jpg'
38.7442 	EXP 	Leftimg: autoDraw = True
38.7442 	EXP 	Rightimg: autoDraw = True
38.9279 	EXP 	Leftimg: autoDraw = False
38.9279 	EXP 	Rightimg: autoDraw = False
39.1958 	DATA 	Keypress: left
39.1969 	EXP 	New trial (rep=0, index=17): {'YLeftPos': 0, 'time_presentation': 0.5, 'XLeftPos': -300, 'XRightPos': 300, 'rightimg': u'frogs/ab48.jpg', 'YRightPos': 0, 'leftimg': u'frogs/ab8.jpg'}
39.2607 	EXP 	Leftimg: autoDraw = False
39.2607 	EXP 	Rightimg: autoDraw = False
39.2607 	EXP 	text: autoDraw = False
39.2607 	EXP 	Leftimg: pos = array([-300.,    0.])
39.2607 	EXP 	Leftimg: image = u'frogs/ab8.jpg'
39.2607 	EXP 	Rightimg: pos = array([ 300.,    0.])
39.2607 	EXP 	Rightimg: image = u'frogs/ab48.jpg'
39.2607 	EXP 	Leftimg: autoDraw = True
39.2607 	EXP 	Rightimg: autoDraw = True
39.7112 	EXP 	Leftimg: autoDraw = False
39.7112 	EXP 	Rightimg: autoDraw = False
39.8786 	DATA 	Keypress: right
39.8797 	EXP 	New trial (rep=0, index=18): {'YLeftPos': 0, 'time_presentation': 0.5, 'XLeftPos': -300, 'XRightPos': 300, 'rightimg': u'frogs/ab47.jpg', 'YRightPos': 0, 'leftimg': u'frogs/ab7.jpg'}
40.2278 	EXP 	Leftimg: autoDraw = False
40.2278 	EXP 	Rightimg: autoDraw = False
40.2278 	EXP 	text: autoDraw = False
40.2278 	EXP 	Leftimg: pos = array([-300.,    0.])
40.2278 	EXP 	Leftimg: image = u'frogs/ab7.jpg'
40.2278 	EXP 	Rightimg: pos = array([ 300.,    0.])
40.2278 	EXP 	Rightimg: image = u'frogs/ab47.jpg'
40.2278 	EXP 	Leftimg: autoDraw = True
40.2278 	EXP 	Rightimg: autoDraw = True
40.3945 	EXP 	Leftimg: autoDraw = False
40.3945 	EXP 	Rightimg: autoDraw = False
40.4471 	DATA 	Keypress: left
40.4625 	EXP 	New trial (rep=0, index=19): {'YLeftPos': 0, 'time_presentation': 0.5, 'XLeftPos': -300, 'XRightPos': 300, 'rightimg': u'frogs/ab51.jpg', 'YRightPos': 0, 'leftimg': u'frogs/ab11.jpg'}
40.5442 	EXP 	Leftimg: autoDraw = False
40.5442 	EXP 	Rightimg: autoDraw = False
40.5442 	EXP 	text: autoDraw = False
40.5442 	EXP 	Leftimg: pos = array([-300.,    0.])
40.5442 	EXP 	Leftimg: image = u'frogs/ab11.jpg'
40.5442 	EXP 	Rightimg: pos = array([ 300.,    0.])
40.5442 	EXP 	Rightimg: image = u'frogs/ab51.jpg'
40.5442 	EXP 	Leftimg: autoDraw = True
40.5442 	EXP 	Rightimg: autoDraw = True
40.9129 	DATA 	Keypress: right
40.9139 	EXP 	New trial (rep=0, index=20): {'YLeftPos': 0, 'time_presentation': 0.5, 'XLeftPos': -300, 'XRightPos': 300, 'rightimg': u'frogs/ab64.jpg', 'YRightPos': 0, 'leftimg': u'frogs/ab24.jpg'}
40.9445 	EXP 	Leftimg: autoDraw = False
40.9445 	EXP 	Rightimg: autoDraw = False
40.9445 	EXP 	text: autoDraw = False
40.9445 	EXP 	Leftimg: pos = array([-300.,    0.])
40.9445 	EXP 	Leftimg: image = u'frogs/ab24.jpg'
40.9445 	EXP 	Rightimg: pos = array([ 300.,    0.])
40.9445 	EXP 	Rightimg: image = u'frogs/ab64.jpg'
40.9445 	EXP 	Leftimg: autoDraw = True
40.9445 	EXP 	Rightimg: autoDraw = True
41.3628 	DATA 	Keypress: left
41.3638 	EXP 	New trial (rep=0, index=21): {'YLeftPos': 0, 'time_presentation': 0.5, 'XLeftPos': -300, 'XRightPos': 300, 'rightimg': u'frogs/ab53.jpg', 'YRightPos': 0, 'leftimg': u'frogs/ab13.jpg'}
41.3943 	EXP 	Leftimg: autoDraw = False
41.3943 	EXP 	Rightimg: autoDraw = False
41.3943 	EXP 	text: autoDraw = False
41.3943 	EXP 	Leftimg: pos = array([-300.,    0.])
41.3943 	EXP 	Leftimg: image = u'frogs/ab13.jpg'
41.3943 	EXP 	Rightimg: pos = array([ 300.,    0.])
41.3943 	EXP 	Rightimg: image = u'frogs/ab53.jpg'
41.3943 	EXP 	Leftimg: autoDraw = True
41.3943 	EXP 	Rightimg: autoDraw = True
41.7961 	DATA 	Keypress: right
41.7970 	EXP 	New trial (rep=0, index=22): {'YLeftPos': 0, 'time_presentation': 0.5, 'XLeftPos': -300, 'XRightPos': 300, 'rightimg': u'frogs/ab60.jpg', 'YRightPos': 0, 'leftimg': u'frogs/ab20.jpg'}
41.8106 	EXP 	Leftimg: autoDraw = False
41.8106 	EXP 	Rightimg: autoDraw = False
41.8106 	EXP 	text: autoDraw = False
41.8106 	EXP 	Leftimg: pos = array([-300.,    0.])
41.8106 	EXP 	Leftimg: image = u'frogs/ab20.jpg'
41.8106 	EXP 	Rightimg: pos = array([ 300.,    0.])
41.8106 	EXP 	Rightimg: image = u'frogs/ab60.jpg'
41.8106 	EXP 	Leftimg: autoDraw = True
41.8106 	EXP 	Rightimg: autoDraw = True
42.2129 	DATA 	Keypress: left
42.2138 	EXP 	New trial (rep=0, index=23): {'YLeftPos': 0, 'time_presentation': 0.5, 'XLeftPos': -300, 'XRightPos': 300, 'rightimg': u'frogs/ab73.jpg', 'YRightPos': 0, 'leftimg': u'frogs/ab33.jpg'}
42.3111 	EXP 	Leftimg: autoDraw = False
42.3111 	EXP 	Rightimg: autoDraw = False
42.3111 	EXP 	text: autoDraw = False
42.3111 	EXP 	Leftimg: pos = array([-300.,    0.])
42.3111 	EXP 	Leftimg: image = u'frogs/ab33.jpg'
42.3111 	EXP 	Rightimg: pos = array([ 300.,    0.])
42.3111 	EXP 	Rightimg: image = u'frogs/ab73.jpg'
42.3111 	EXP 	Leftimg: autoDraw = True
42.3111 	EXP 	Rightimg: autoDraw = True
42.7281 	EXP 	Leftimg: autoDraw = False
42.7281 	EXP 	Rightimg: autoDraw = False
42.7298 	DATA 	Keypress: right
42.7311 	EXP 	New trial (rep=0, index=24): {'YLeftPos': 0, 'time_presentation': 0.5, 'XLeftPos': -300, 'XRightPos': 300, 'rightimg': u'frogs/ab56.jpg', 'YRightPos': 0, 'leftimg': u'frogs/ab16.jpg'}
42.9631 	EXP 	Leftimg: autoDraw = False
42.9631 	EXP 	Rightimg: autoDraw = False
42.9631 	EXP 	text: autoDraw = False
42.9631 	EXP 	Leftimg: pos = array([-300.,    0.])
42.9631 	EXP 	Leftimg: image = u'frogs/ab16.jpg'
42.9631 	EXP 	Rightimg: pos = array([ 300.,    0.])
42.9631 	EXP 	Rightimg: image = u'frogs/ab56.jpg'
42.9631 	EXP 	Leftimg: autoDraw = True
42.9631 	EXP 	Rightimg: autoDraw = True
43.1453 	DATA 	Keypress: left
43.1463 	EXP 	New trial (rep=0, index=25): {'YLeftPos': 0, 'time_presentation': 0.5, 'XLeftPos': -300, 'XRightPos': 300, 'rightimg': u'2.jpg', 'YRightPos': 0, 'leftimg': u'4.jpg'}
43.1945 	EXP 	Leftimg: autoDraw = False
43.1945 	EXP 	Rightimg: autoDraw = False
43.1945 	EXP 	text: autoDraw = False
43.1945 	EXP 	Leftimg: pos = array([-300.,    0.])
43.1945 	EXP 	Leftimg: image = u'4.jpg'
43.1945 	EXP 	Rightimg: pos = array([ 300.,    0.])
43.1945 	EXP 	Rightimg: image = u'2.jpg'
43.1945 	EXP 	Leftimg: autoDraw = True
43.1945 	EXP 	Rightimg: autoDraw = True
43.6614 	EXP 	Leftimg: autoDraw = False
43.6614 	EXP 	Rightimg: autoDraw = False
43.6631 	DATA 	Keypress: right
43.6644 	EXP 	New trial (rep=0, index=26): {'YLeftPos': 0, 'time_presentation': 0.5, 'XLeftPos': -300, 'XRightPos': 300, 'rightimg': u'frogs/ab62.jpg', 'YRightPos': 0, 'leftimg': u'frogs/ab22.jpg'}
43.8440 	EXP 	Leftimg: autoDraw = False
43.8440 	EXP 	Rightimg: autoDraw = False
43.8440 	EXP 	text: autoDraw = False
43.8440 	EXP 	Leftimg: pos = array([-300.,    0.])
43.8440 	EXP 	Leftimg: image = u'frogs/ab22.jpg'
43.8440 	EXP 	Rightimg: pos = array([ 300.,    0.])
43.8440 	EXP 	Rightimg: image = u'frogs/ab62.jpg'
43.8440 	EXP 	Leftimg: autoDraw = True
43.8440 	EXP 	Rightimg: autoDraw = True
44.1778 	EXP 	Leftimg: autoDraw = False
44.1778 	EXP 	Rightimg: autoDraw = False
44.3628 	DATA 	Keypress: right
44.3639 	EXP 	New trial (rep=0, index=27): {'YLeftPos': 0, 'time_presentation': 0.5, 'XLeftPos': -300, 'XRightPos': 300, 'rightimg': u'frogs/ab58.jpg', 'YRightPos': 0, 'leftimg': u'frogs/ab18.jpg'}
44.5279 	EXP 	Leftimg: autoDraw = False
44.5279 	EXP 	Rightimg: autoDraw = False
44.5279 	EXP 	text: autoDraw = False
44.5279 	EXP 	Leftimg: pos = array([-300.,    0.])
44.5279 	EXP 	Leftimg: image = u'frogs/ab18.jpg'
44.5279 	EXP 	Rightimg: pos = array([ 300.,    0.])
44.5279 	EXP 	Rightimg: image = u'frogs/ab58.jpg'
44.5279 	EXP 	Leftimg: autoDraw = True
44.5279 	EXP 	Rightimg: autoDraw = True
44.8462 	DATA 	Keypress: left
44.8472 	EXP 	New trial (rep=0, index=28): {'YLeftPos': 0, 'time_presentation': 0.5, 'XLeftPos': -300, 'XRightPos': 300, 'rightimg': u'frogs/ab46.jpg', 'YRightPos': 0, 'leftimg': u'frogs/ab6.jpg'}
44.9281 	EXP 	Leftimg: autoDraw = False
44.9281 	EXP 	Rightimg: autoDraw = False
44.9281 	EXP 	text: autoDraw = False
44.9281 	EXP 	Leftimg: pos = array([-300.,    0.])
44.9281 	EXP 	Leftimg: image = u'frogs/ab6.jpg'
44.9281 	EXP 	Rightimg: pos = array([ 300.,    0.])
44.9281 	EXP 	Rightimg: image = u'frogs/ab46.jpg'
44.9281 	EXP 	Leftimg: autoDraw = True
44.9281 	EXP 	Rightimg: autoDraw = True
45.3613 	EXP 	Leftimg: autoDraw = False
45.3613 	EXP 	Rightimg: autoDraw = False
45.3794 	DATA 	Keypress: left
45.3805 	EXP 	New trial (rep=0, index=29): {'YLeftPos': 0, 'time_presentation': 0.5, 'XLeftPos': -300, 'XRightPos': 300, 'rightimg': u'frogs/ab59.jpg', 'YRightPos': 0, 'leftimg': u'frogs/ab19.jpg'}
45.4275 	EXP 	Leftimg: autoDraw = False
45.4275 	EXP 	Rightimg: autoDraw = False
45.4275 	EXP 	text: autoDraw = False
45.4275 	EXP 	Leftimg: pos = array([-300.,    0.])
45.4275 	EXP 	Leftimg: image = u'frogs/ab19.jpg'
45.4275 	EXP 	Rightimg: pos = array([ 300.,    0.])
45.4275 	EXP 	Rightimg: image = u'frogs/ab59.jpg'
45.4275 	EXP 	Leftimg: autoDraw = True
45.4275 	EXP 	Rightimg: autoDraw = True
45.8461 	DATA 	Keypress: right
45.8471 	EXP 	New trial (rep=0, index=30): {'YLeftPos': 0, 'time_presentation': 0.5, 'XLeftPos': -300, 'XRightPos': 300, 'rightimg': u'frogs/ab71.jpg', 'YRightPos': 0, 'leftimg': u'frogs/ab31.jpg'}
45.9268 	EXP 	Leftimg: autoDraw = False
45.9268 	EXP 	Rightimg: autoDraw = False
45.9268 	EXP 	text: autoDraw = False
45.9268 	EXP 	Leftimg: pos = array([-300.,    0.])
45.9268 	EXP 	Leftimg: image = u'frogs/ab31.jpg'
45.9268 	EXP 	Rightimg: pos = array([ 300.,    0.])
45.9268 	EXP 	Rightimg: image = u'frogs/ab71.jpg'
45.9268 	EXP 	Leftimg: autoDraw = True
45.9268 	EXP 	Rightimg: autoDraw = True
46.3609 	EXP 	Leftimg: autoDraw = False
46.3609 	EXP 	Rightimg: autoDraw = False
46.3795 	DATA 	Keypress: left
46.3806 	EXP 	New trial (rep=0, index=31): {'YLeftPos': 0, 'time_presentation': 0.5, 'XLeftPos': -300, 'XRightPos': 300, 'rightimg': u'frogs/ab70.jpg', 'YRightPos': 0, 'leftimg': u'frogs/ab30.jpg'}
46.3940 	EXP 	Leftimg: autoDraw = False
46.3940 	EXP 	Rightimg: autoDraw = False
46.3940 	EXP 	text: autoDraw = False
46.3940 	EXP 	Leftimg: pos = array([-300.,    0.])
46.3940 	EXP 	Leftimg: image = u'frogs/ab30.jpg'
46.3940 	EXP 	Rightimg: pos = array([ 300.,    0.])
46.3940 	EXP 	Rightimg: image = u'frogs/ab70.jpg'
46.3940 	EXP 	Leftimg: autoDraw = True
46.3940 	EXP 	Rightimg: autoDraw = True
46.8942 	EXP 	Leftimg: autoDraw = False
46.8942 	EXP 	Rightimg: autoDraw = False
47.1132 	DATA 	Keypress: left
47.1143 	EXP 	New trial (rep=0, index=32): {'YLeftPos': 0, 'time_presentation': 0.5, 'XLeftPos': -300, 'XRightPos': 300, 'rightimg': u'frogs/ab78.jpg', 'YRightPos': 0, 'leftimg': u'frogs/ab38.jpg'}
47.1444 	EXP 	Leftimg: autoDraw = False
47.1444 	EXP 	Rightimg: autoDraw = False
47.1444 	EXP 	text: autoDraw = False
47.1444 	EXP 	Leftimg: pos = array([-300.,    0.])
47.1444 	EXP 	Leftimg: image = u'frogs/ab38.jpg'
47.1444 	EXP 	Rightimg: pos = array([ 300.,    0.])
47.1444 	EXP 	Rightimg: image = u'frogs/ab78.jpg'
47.1444 	EXP 	Leftimg: autoDraw = True
47.1444 	EXP 	Rightimg: autoDraw = True
47.4129 	DATA 	Keypress: right
47.4139 	EXP 	New trial (rep=0, index=33): {'YLeftPos': 0, 'time_presentation': 0.5, 'XLeftPos': -300, 'XRightPos': 300, 'rightimg': u'frogs/ab74.jpg', 'YRightPos': 0, 'leftimg': u'frogs/ab34.jpg'}
47.4945 	EXP 	Leftimg: autoDraw = False
47.4945 	EXP 	Rightimg: autoDraw = False
47.4945 	EXP 	text: autoDraw = False
47.4945 	EXP 	Leftimg: pos = array([-300.,    0.])
47.4945 	EXP 	Leftimg: image = u'frogs/ab34.jpg'
47.4945 	EXP 	Rightimg: pos = array([ 300.,    0.])
47.4945 	EXP 	Rightimg: image = u'frogs/ab74.jpg'
47.4945 	EXP 	Leftimg: autoDraw = True
47.4945 	EXP 	Rightimg: autoDraw = True
47.8628 	DATA 	Keypress: left
47.8637 	EXP 	New trial (rep=0, index=34): {'YLeftPos': 0, 'time_presentation': 0.5, 'XLeftPos': -300, 'XRightPos': 300, 'rightimg': u'frogs/ab41.jpg', 'YRightPos': 0, 'leftimg': u'frogs/ab1.jpg'}
47.8946 	EXP 	Leftimg: autoDraw = False
47.8946 	EXP 	Rightimg: autoDraw = False
47.8946 	EXP 	text: autoDraw = False
47.8946 	EXP 	Leftimg: pos = array([-300.,    0.])
47.8946 	EXP 	Leftimg: image = u'frogs/ab1.jpg'
47.8946 	EXP 	Rightimg: pos = array([ 300.,    0.])
47.8946 	EXP 	Rightimg: image = u'frogs/ab41.jpg'
47.8946 	EXP 	Leftimg: autoDraw = True
47.8946 	EXP 	Rightimg: autoDraw = True
48.3297 	DATA 	Keypress: right
48.3307 	EXP 	New trial (rep=0, index=35): {'YLeftPos': 0, 'time_presentation': 0.5, 'XLeftPos': -300, 'XRightPos': 300, 'rightimg': u'3.jpg', 'YRightPos': 0, 'leftimg': u'1.jpg'}
48.3778 	EXP 	Leftimg: autoDraw = False
48.3778 	EXP 	Rightimg: autoDraw = False
48.3778 	EXP 	text: autoDraw = False
48.3778 	EXP 	Leftimg: pos = array([-300.,    0.])
48.3778 	EXP 	Leftimg: image = u'1.jpg'
48.3778 	EXP 	Rightimg: pos = array([ 300.,    0.])
48.3778 	EXP 	Rightimg: image = u'3.jpg'
48.3778 	EXP 	Leftimg: autoDraw = True
48.3778 	EXP 	Rightimg: autoDraw = True
48.8444 	EXP 	Leftimg: autoDraw = False
48.8444 	EXP 	Rightimg: autoDraw = False
48.8796 	DATA 	Keypress: right
48.8808 	EXP 	New trial (rep=0, index=36): {'YLeftPos': 0, 'time_presentation': 0.5, 'XLeftPos': -300, 'XRightPos': 300, 'rightimg': u'frogs/ab63.jpg', 'YRightPos': 0, 'leftimg': u'frogs/ab23.jpg'}
48.9275 	EXP 	Leftimg: autoDraw = False
48.9275 	EXP 	Rightimg: autoDraw = False
48.9275 	EXP 	text: autoDraw = False
48.9275 	EXP 	Leftimg: pos = array([-300.,    0.])
48.9275 	EXP 	Leftimg: image = u'frogs/ab23.jpg'
48.9275 	EXP 	Rightimg: pos = array([ 300.,    0.])
48.9275 	EXP 	Rightimg: image = u'frogs/ab63.jpg'
48.9275 	EXP 	Leftimg: autoDraw = True
48.9275 	EXP 	Rightimg: autoDraw = True
49.3795 	DATA 	Keypress: left
49.3804 	EXP 	New trial (rep=0, index=37): {'YLeftPos': 0, 'time_presentation': 0.5, 'XLeftPos': -300, 'XRightPos': 300, 'rightimg': u'frogs/ab69.jpg', 'YRightPos': 0, 'leftimg': u'frogs/ab29.jpg'}
49.4113 	EXP 	Leftimg: autoDraw = False
49.4113 	EXP 	Rightimg: autoDraw = False
49.4113 	EXP 	Leftimg: autoDraw = False
49.4113 	EXP 	Rightimg: autoDraw = False
49.4113 	EXP 	text: autoDraw = False
49.4113 	EXP 	Leftimg: pos = array([-300.,    0.])
49.4113 	EXP 	Leftimg: image = u'frogs/ab29.jpg'
49.4113 	EXP 	Rightimg: pos = array([ 300.,    0.])
49.4113 	EXP 	Rightimg: image = u'frogs/ab69.jpg'
49.4113 	EXP 	Leftimg: autoDraw = True
49.4113 	EXP 	Rightimg: autoDraw = True
49.8946 	EXP 	Leftimg: autoDraw = False
49.8946 	EXP 	Rightimg: autoDraw = False
49.9297 	DATA 	Keypress: left
49.9308 	EXP 	New trial (rep=0, index=38): {'YLeftPos': 0, 'time_presentation': 0.5, 'XLeftPos': -300, 'XRightPos': 300, 'rightimg': u'4.jpg', 'YRightPos': 0, 'leftimg': u'2.jpg'}
49.9601 	EXP 	Leftimg: autoDraw = False
49.9601 	EXP 	Rightimg: autoDraw = False
49.9601 	EXP 	text: autoDraw = False
49.9601 	EXP 	Leftimg: pos = array([-300.,    0.])
49.9601 	EXP 	Leftimg: image = u'2.jpg'
49.9601 	EXP 	Rightimg: pos = array([ 300.,    0.])
49.9601 	EXP 	Rightimg: image = u'4.jpg'
49.9601 	EXP 	Leftimg: autoDraw = True
49.9601 	EXP 	Rightimg: autoDraw = True
50.2960 	DATA 	Keypress: right
50.2970 	EXP 	New trial (rep=0, index=39): {'YLeftPos': 0, 'time_presentation': 0.5, 'XLeftPos': -300, 'XRightPos': 300, 'rightimg': u'frogs/ab44.jpg', 'YRightPos': 0, 'leftimg': u'frogs/ab4.jpg'}
50.3106 	EXP 	Leftimg: autoDraw = False
50.3106 	EXP 	Rightimg: autoDraw = False
50.3106 	EXP 	text: autoDraw = False
50.3106 	EXP 	Leftimg: pos = array([-300.,    0.])
50.3106 	EXP 	Leftimg: image = u'frogs/ab4.jpg'
50.3106 	EXP 	Rightimg: pos = array([ 300.,    0.])
50.3106 	EXP 	Rightimg: image = u'frogs/ab44.jpg'
50.3106 	EXP 	Leftimg: autoDraw = True
50.3106 	EXP 	Rightimg: autoDraw = True
50.8110 	EXP 	Leftimg: autoDraw = False
50.8110 	EXP 	Rightimg: autoDraw = False
50.9451 	DATA 	Keypress: left
50.9461 	EXP 	New trial (rep=0, index=40): {'YLeftPos': 0, 'time_presentation': 0.5, 'XLeftPos': -300, 'XRightPos': 300, 'rightimg': u'frogs/ab68.jpg', 'YRightPos': 0, 'leftimg': u'frogs/ab28.jpg'}
50.9781 	EXP 	Leftimg: autoDraw = False
50.9781 	EXP 	Rightimg: autoDraw = False
50.9781 	EXP 	text: autoDraw = False
50.9781 	EXP 	Leftimg: pos = array([-300.,    0.])
50.9781 	EXP 	Leftimg: image = u'frogs/ab28.jpg'
50.9781 	EXP 	Rightimg: pos = array([ 300.,    0.])
50.9781 	EXP 	Rightimg: image = u'frogs/ab68.jpg'
50.9781 	EXP 	Leftimg: autoDraw = True
50.9781 	EXP 	Rightimg: autoDraw = True
51.4131 	DATA 	Keypress: right
51.4288 	EXP 	New trial (rep=0, index=41): {'YLeftPos': 0, 'time_presentation': 0.5, 'XLeftPos': -300, 'XRightPos': 300, 'rightimg': u'frogs/ab77.jpg', 'YRightPos': 0, 'leftimg': u'frogs/ab37.jpg'}
51.4774 	EXP 	Leftimg: autoDraw = False
51.4774 	EXP 	Rightimg: autoDraw = False
51.4774 	EXP 	text: autoDraw = False
51.4774 	EXP 	Leftimg: pos = array([-300.,    0.])
51.4774 	EXP 	Leftimg: image = u'frogs/ab37.jpg'
51.4774 	EXP 	Rightimg: pos = array([ 300.,    0.])
51.4774 	EXP 	Rightimg: image = u'frogs/ab77.jpg'
51.4774 	EXP 	Leftimg: autoDraw = True
51.4774 	EXP 	Rightimg: autoDraw = True
51.9128 	DATA 	Keypress: left
51.9138 	EXP 	New trial (rep=0, index=42): {'YLeftPos': 0, 'time_presentation': 0.5, 'XLeftPos': -300, 'XRightPos': 300, 'rightimg': u'frogs/ab66.jpg', 'YRightPos': 0, 'leftimg': u'frogs/ab26.jpg'}
51.9268 	EXP 	Leftimg: autoDraw = False
51.9268 	EXP 	Rightimg: autoDraw = False
51.9268 	EXP 	text: autoDraw = False
51.9268 	EXP 	Leftimg: pos = array([-300.,    0.])
51.9268 	EXP 	Leftimg: image = u'frogs/ab26.jpg'
51.9268 	EXP 	Rightimg: pos = array([ 300.,    0.])
51.9268 	EXP 	Rightimg: image = u'frogs/ab66.jpg'
51.9268 	EXP 	Leftimg: autoDraw = True
51.9268 	EXP 	Rightimg: autoDraw = True
52.3790 	DATA 	Keypress: right
52.3799 	EXP 	New trial (rep=0, index=43): {'YLeftPos': 0, 'time_presentation': 0.5, 'XLeftPos': -300, 'XRightPos': 300, 'rightimg': u'frogs/ab55.jpg', 'YRightPos': 0, 'leftimg': u'frogs/ab15.jpg'}
52.4602 	EXP 	Leftimg: autoDraw = False
52.4602 	EXP 	Rightimg: autoDraw = False
52.4602 	EXP 	text: autoDraw = False
52.4602 	EXP 	Leftimg: pos = array([-300.,    0.])
52.4602 	EXP 	Leftimg: image = u'frogs/ab15.jpg'
52.4602 	EXP 	Rightimg: pos = array([ 300.,    0.])
52.4602 	EXP 	Rightimg: image = u'frogs/ab55.jpg'
52.4602 	EXP 	Leftimg: autoDraw = True
52.4602 	EXP 	Rightimg: autoDraw = True
52.8463 	DATA 	Keypress: left
52.9098 	EXP 	window1: blendMode = 'avg'
52.9273 	EXP 	Leftimg: autoDraw = False
52.9273 	EXP 	Rightimg: autoDraw = False
52.9273 	EXP 	text: autoDraw = False
52.9273 	EXP 	text_3: autoDraw = True
52.9283 	EXP 	window1: blendMode = 'avg'
52.9454 	EXP 	window1: blendMode = 'avg'
52.9621 	EXP 	window1: blendMode = 'avg'
52.9787 	EXP 	window1: blendMode = 'avg'
52.9959 	EXP 	window1: blendMode = 'avg'
53.0120 	EXP 	window1: blendMode = 'avg'
53.0285 	EXP 	window1: blendMode = 'avg'
53.0455 	EXP 	window1: blendMode = 'avg'
53.0620 	EXP 	window1: blendMode = 'avg'
53.0785 	EXP 	window1: blendMode = 'avg'
53.0952 	EXP 	window1: blendMode = 'avg'
53.1122 	EXP 	window1: blendMode = 'avg'
53.1289 	EXP 	window1: blendMode = 'avg'
53.1454 	EXP 	window1: blendMode = 'avg'
53.1621 	EXP 	window1: blendMode = 'avg'
53.1784 	EXP 	window1: blendMode = 'avg'
53.1953 	EXP 	window1: blendMode = 'avg'
53.2120 	EXP 	window1: blendMode = 'avg'
53.2287 	EXP 	window1: blendMode = 'avg'
53.2453 	EXP 	window1: blendMode = 'avg'
53.2620 	EXP 	window1: blendMode = 'avg'
53.2787 	EXP 	window1: blendMode = 'avg'
53.2954 	DATA 	Keypress: right
53.2961 	EXP 	window1: blendMode = 'avg'
53.3119 	EXP 	window1: blendMode = 'avg'
53.3287 	EXP 	window1: blendMode = 'avg'
53.3455 	EXP 	window1: blendMode = 'avg'
53.3622 	EXP 	window1: blendMode = 'avg'
53.3788 	EXP 	window1: blendMode = 'avg'
53.3954 	EXP 	window1: blendMode = 'avg'
53.4121 	EXP 	window1: blendMode = 'avg'
53.4295 	EXP 	window1: blendMode = 'avg'
53.4453 	EXP 	window1: blendMode = 'avg'
53.4620 	EXP 	window1: blendMode = 'avg'
53.4788 	EXP 	window1: blendMode = 'avg'
53.4953 	EXP 	window1: blendMode = 'avg'
53.5121 	EXP 	window1: blendMode = 'avg'
53.5287 	EXP 	window1: blendMode = 'avg'
53.5455 	EXP 	window1: blendMode = 'avg'
53.5620 	EXP 	window1: blendMode = 'avg'
53.5787 	EXP 	window1: blendMode = 'avg'
53.5955 	EXP 	window1: blendMode = 'avg'
53.6120 	EXP 	window1: blendMode = 'avg'
53.6288 	EXP 	window1: blendMode = 'avg'
53.6455 	EXP 	window1: blendMode = 'avg'
53.6621 	EXP 	window1: blendMode = 'avg'
53.6776 	EXP 	window1: blendMode = 'avg'
53.6953 	EXP 	window1: blendMode = 'avg'
53.7122 	EXP 	window1: blendMode = 'avg'
53.7286 	EXP 	window1: blendMode = 'avg'
53.7456 	EXP 	window1: blendMode = 'avg'
53.7621 	EXP 	window1: blendMode = 'avg'
53.7788 	EXP 	window1: blendMode = 'avg'
53.7953 	EXP 	window1: blendMode = 'avg'
53.8122 	EXP 	window1: blendMode = 'avg'
53.8286 	EXP 	window1: blendMode = 'avg'
53.8455 	EXP 	window1: blendMode = 'avg'
53.8620 	EXP 	window1: blendMode = 'avg'
53.8787 	EXP 	window1: blendMode = 'avg'
53.8949 	EXP 	window1: blendMode = 'avg'
53.9110 	EXP 	window1: blendMode = 'avg'
53.9293 	EXP 	window1: blendMode = 'avg'
53.9448 	EXP 	window1: blendMode = 'avg'
53.9619 	EXP 	window1: blendMode = 'avg'
53.9788 	EXP 	window1: blendMode = 'avg'
53.9954 	EXP 	window1: blendMode = 'avg'
54.0122 	EXP 	window1: blendMode = 'avg'
54.0281 	EXP 	window1: blendMode = 'avg'
54.0444 	EXP 	window1: blendMode = 'avg'
54.0621 	EXP 	window1: blendMode = 'avg'
54.0774 	EXP 	window1: blendMode = 'avg'
54.0943 	EXP 	window1: blendMode = 'avg'
54.1113 	EXP 	window1: blendMode = 'avg'
54.1288 	EXP 	window1: blendMode = 'avg'
54.1455 	EXP 	window1: blendMode = 'avg'
54.1620 	EXP 	window1: blendMode = 'avg'
54.1789 	EXP 	window1: blendMode = 'avg'
54.1954 	EXP 	window1: blendMode = 'avg'
54.2122 	EXP 	window1: blendMode = 'avg'
54.2288 	EXP 	window1: blendMode = 'avg'
54.2455 	EXP 	window1: blendMode = 'avg'
54.2620 	EXP 	window1: blendMode = 'avg'
54.2788 	EXP 	window1: blendMode = 'avg'
54.2955 	EXP 	window1: blendMode = 'avg'
54.3121 	EXP 	window1: blendMode = 'avg'
54.3288 	EXP 	window1: blendMode = 'avg'
54.3453 	EXP 	window1: blendMode = 'avg'
54.3621 	EXP 	window1: blendMode = 'avg'
54.3789 	EXP 	window1: blendMode = 'avg'
54.3956 	EXP 	window1: blendMode = 'avg'
54.4117 	EXP 	window1: blendMode = 'avg'
54.4286 	EXP 	window1: blendMode = 'avg'
54.4454 	EXP 	window1: blendMode = 'avg'
54.4622 	EXP 	window1: blendMode = 'avg'
54.4787 	EXP 	window1: blendMode = 'avg'
54.4955 	EXP 	window1: blendMode = 'avg'
54.5121 	EXP 	window1: blendMode = 'avg'
54.5285 	EXP 	window1: blendMode = 'avg'
54.5452 	EXP 	window1: blendMode = 'avg'
54.5622 	EXP 	window1: blendMode = 'avg'
54.5788 	EXP 	window1: blendMode = 'avg'
54.5955 	EXP 	window1: blendMode = 'avg'
54.6120 	EXP 	window1: blendMode = 'avg'
54.6288 	EXP 	window1: blendMode = 'avg'
54.6454 	EXP 	window1: blendMode = 'avg'
54.6621 	EXP 	window1: blendMode = 'avg'
54.6788 	EXP 	window1: blendMode = 'avg'
54.6955 	EXP 	window1: blendMode = 'avg'
54.7121 	EXP 	window1: blendMode = 'avg'
54.7288 	EXP 	window1: blendMode = 'avg'
54.7454 	EXP 	window1: blendMode = 'avg'
54.7621 	EXP 	window1: blendMode = 'avg'
54.7773 	EXP 	window1: blendMode = 'avg'
54.7954 	EXP 	window1: blendMode = 'avg'
54.8122 	EXP 	window1: blendMode = 'avg'
54.8287 	EXP 	window1: blendMode = 'avg'
54.8457 	EXP 	window1: blendMode = 'avg'
54.8620 	EXP 	window1: blendMode = 'avg'
54.8788 	EXP 	window1: blendMode = 'avg'
54.8945 	EXP 	window1: blendMode = 'avg'
54.9112 	EXP 	window1: blendMode = 'avg'
54.9282 	EXP 	window1: blendMode = 'avg'
54.9453 	EXP 	window1: blendMode = 'avg'
54.9621 	EXP 	window1: blendMode = 'avg'
54.9788 	EXP 	window1: blendMode = 'avg'
54.9954 	EXP 	window1: blendMode = 'avg'
55.0122 	EXP 	window1: blendMode = 'avg'
55.0276 	EXP 	window1: blendMode = 'avg'
55.0446 	EXP 	window1: blendMode = 'avg'
55.0623 	EXP 	window1: blendMode = 'avg'
55.0789 	EXP 	window1: blendMode = 'avg'
55.0954 	EXP 	window1: blendMode = 'avg'
55.1122 	EXP 	window1: blendMode = 'avg'
55.1288 	EXP 	window1: blendMode = 'avg'
55.1455 	EXP 	window1: blendMode = 'avg'
55.1620 	EXP 	window1: blendMode = 'avg'
55.1789 	EXP 	window1: blendMode = 'avg'
55.1954 	EXP 	window1: blendMode = 'avg'
55.2121 	EXP 	window1: blendMode = 'avg'
55.2288 	EXP 	window1: blendMode = 'avg'
55.2454 	EXP 	window1: blendMode = 'avg'
55.2622 	EXP 	window1: blendMode = 'avg'
55.2787 	EXP 	window1: blendMode = 'avg'
55.2955 	EXP 	window1: blendMode = 'avg'
55.3121 	EXP 	window1: blendMode = 'avg'
55.3288 	EXP 	window1: blendMode = 'avg'
55.3457 	EXP 	window1: blendMode = 'avg'
55.3614 	EXP 	window1: blendMode = 'avg'
55.3786 	EXP 	window1: blendMode = 'avg'
55.3955 	EXP 	window1: blendMode = 'avg'
55.4121 	EXP 	window1: blendMode = 'avg'
55.4288 	EXP 	window1: blendMode = 'avg'
55.4454 	EXP 	window1: blendMode = 'avg'
55.4616 	EXP 	window1: blendMode = 'avg'
55.4786 	EXP 	window1: blendMode = 'avg'
55.4954 	EXP 	window1: blendMode = 'avg'
55.5122 	EXP 	window1: blendMode = 'avg'
55.5287 	EXP 	window1: blendMode = 'avg'
55.5453 	EXP 	window1: blendMode = 'avg'
55.5619 	EXP 	window1: blendMode = 'avg'
55.5782 	EXP 	window1: blendMode = 'avg'
55.5952 	EXP 	window1: blendMode = 'avg'
55.6119 	EXP 	window1: blendMode = 'avg'
55.6287 	EXP 	window1: blendMode = 'avg'
55.6455 	EXP 	window1: blendMode = 'avg'
55.6622 	EXP 	window1: blendMode = 'avg'
55.6788 	EXP 	window1: blendMode = 'avg'
55.6954 	EXP 	window1: blendMode = 'avg'
55.7121 	EXP 	window1: blendMode = 'avg'
55.7287 	EXP 	window1: blendMode = 'avg'
55.7455 	EXP 	window1: blendMode = 'avg'
55.7620 	EXP 	window1: blendMode = 'avg'
55.7788 	EXP 	window1: blendMode = 'avg'
55.7954 	EXP 	window1: blendMode = 'avg'
55.8122 	EXP 	window1: blendMode = 'avg'
55.8287 	EXP 	window1: blendMode = 'avg'
55.8444 	EXP 	window1: blendMode = 'avg'
55.8623 	EXP 	window1: blendMode = 'avg'
55.8786 	EXP 	window1: blendMode = 'avg'
55.8949 	EXP 	window1: blendMode = 'avg'
55.9111 	EXP 	window1: blendMode = 'avg'
55.9284 	EXP 	window1: blendMode = 'avg'
55.9453 	EXP 	window1: blendMode = 'avg'
55.9620 	EXP 	window1: blendMode = 'avg'
55.9788 	EXP 	window1: blendMode = 'avg'
55.9954 	EXP 	window1: blendMode = 'avg'
56.0122 	EXP 	window1: blendMode = 'avg'
56.0287 	EXP 	window1: blendMode = 'avg'
56.0455 	EXP 	window1: blendMode = 'avg'
56.0621 	EXP 	window1: blendMode = 'avg'
56.0788 	EXP 	window1: blendMode = 'avg'
56.0954 	EXP 	window1: blendMode = 'avg'
56.1121 	EXP 	window1: blendMode = 'avg'
56.1287 	EXP 	window1: blendMode = 'avg'
56.1455 	EXP 	window1: blendMode = 'avg'
56.1618 	EXP 	window1: blendMode = 'avg'
56.1788 	EXP 	window1: blendMode = 'avg'
56.1954 	EXP 	window1: blendMode = 'avg'
56.2121 	EXP 	window1: blendMode = 'avg'
56.2288 	EXP 	window1: blendMode = 'avg'
56.2455 	EXP 	window1: blendMode = 'avg'
56.2621 	EXP 	window1: blendMode = 'avg'
56.2788 	EXP 	window1: blendMode = 'avg'
56.2948 	EXP 	window1: blendMode = 'avg'
56.3111 	EXP 	window1: blendMode = 'avg'
56.3288 	EXP 	window1: blendMode = 'avg'
56.3454 	EXP 	window1: blendMode = 'avg'
56.3621 	EXP 	window1: blendMode = 'avg'
56.3790 	EXP 	window1: blendMode = 'avg'
56.3955 	EXP 	window1: blendMode = 'avg'
56.4121 	EXP 	window1: blendMode = 'avg'
56.4286 	EXP 	window1: blendMode = 'avg'
56.4454 	EXP 	window1: blendMode = 'avg'
56.4621 	EXP 	window1: blendMode = 'avg'
56.4787 	EXP 	window1: blendMode = 'avg'
56.4955 	EXP 	window1: blendMode = 'avg'
56.5120 	EXP 	window1: blendMode = 'avg'
56.5287 	EXP 	window1: blendMode = 'avg'
56.5455 	EXP 	window1: blendMode = 'avg'
56.5621 	EXP 	window1: blendMode = 'avg'
56.5788 	EXP 	window1: blendMode = 'avg'
56.5954 	EXP 	window1: blendMode = 'avg'
56.6117 	EXP 	window1: blendMode = 'avg'
56.6286 	EXP 	window1: blendMode = 'avg'
56.6453 	EXP 	window1: blendMode = 'avg'
56.6604 	EXP 	window1: blendMode = 'avg'
56.6770 	EXP 	window1: blendMode = 'avg'
56.6942 	EXP 	window1: blendMode = 'avg'
56.7121 	EXP 	window1: blendMode = 'avg'
56.7287 	EXP 	window1: blendMode = 'avg'
56.7455 	EXP 	window1: blendMode = 'avg'
56.7621 	EXP 	window1: blendMode = 'avg'
56.7787 	EXP 	window1: blendMode = 'avg'
56.7955 	EXP 	window1: blendMode = 'avg'
56.8120 	EXP 	window1: blendMode = 'avg'
56.8284 	EXP 	window1: blendMode = 'avg'
56.8452 	EXP 	window1: blendMode = 'avg'
56.8619 	EXP 	window1: blendMode = 'avg'
56.8787 	EXP 	window1: blendMode = 'avg'
56.8955 	EXP 	window1: blendMode = 'avg'
56.9120 	EXP 	window1: blendMode = 'avg'
56.9288 	EXP 	window1: blendMode = 'avg'
56.9454 	EXP 	window1: blendMode = 'avg'
56.9621 	EXP 	window1: blendMode = 'avg'
56.9788 	EXP 	window1: blendMode = 'avg'
56.9954 	EXP 	window1: blendMode = 'avg'
57.0120 	EXP 	window1: blendMode = 'avg'
57.0283 	EXP 	window1: blendMode = 'avg'
57.0448 	EXP 	window1: blendMode = 'avg'
57.0619 	EXP 	window1: blendMode = 'avg'
57.0788 	EXP 	window1: blendMode = 'avg'
57.0954 	EXP 	window1: blendMode = 'avg'
57.1127 	EXP 	window1: blendMode = 'avg'
57.1288 	EXP 	window1: blendMode = 'avg'
57.1453 	EXP 	window1: blendMode = 'avg'
57.1621 	EXP 	window1: blendMode = 'avg'
57.1786 	EXP 	window1: blendMode = 'avg'
57.1956 	EXP 	window1: blendMode = 'avg'
57.2122 	EXP 	window1: blendMode = 'avg'
57.2284 	EXP 	window1: blendMode = 'avg'
57.2451 	EXP 	window1: blendMode = 'avg'
57.2619 	EXP 	window1: blendMode = 'avg'
57.2788 	EXP 	window1: blendMode = 'avg'
57.2953 	EXP 	window1: blendMode = 'avg'
57.3120 	EXP 	window1: blendMode = 'avg'
57.3288 	EXP 	window1: blendMode = 'avg'
57.3445 	EXP 	window1: blendMode = 'avg'
57.3622 	EXP 	window1: blendMode = 'avg'
57.3792 	EXP 	window1: blendMode = 'avg'
57.3953 	EXP 	window1: blendMode = 'avg'
57.4120 	EXP 	window1: blendMode = 'avg'
57.4288 	EXP 	window1: blendMode = 'avg'
57.4453 	EXP 	window1: blendMode = 'avg'
57.4621 	EXP 	window1: blendMode = 'avg'
57.4787 	EXP 	window1: blendMode = 'avg'
57.4954 	EXP 	window1: blendMode = 'avg'
57.5121 	EXP 	window1: blendMode = 'avg'
57.5286 	EXP 	window1: blendMode = 'avg'
57.5452 	EXP 	window1: blendMode = 'avg'
57.5617 	EXP 	window1: blendMode = 'avg'
57.5786 	EXP 	window1: blendMode = 'avg'
57.5953 	EXP 	window1: blendMode = 'avg'
57.6113 	EXP 	window1: blendMode = 'avg'
57.6287 	EXP 	window1: blendMode = 'avg'
57.6455 	EXP 	window1: blendMode = 'avg'
57.6621 	EXP 	window1: blendMode = 'avg'
57.6787 	EXP 	window1: blendMode = 'avg'
57.6951 	EXP 	window1: blendMode = 'avg'
57.7119 	EXP 	window1: blendMode = 'avg'
57.7288 	EXP 	window1: blendMode = 'avg'
57.7454 	EXP 	window1: blendMode = 'avg'
57.7621 	EXP 	window1: blendMode = 'avg'
57.7786 	EXP 	window1: blendMode = 'avg'
57.7954 	EXP 	window1: blendMode = 'avg'
57.8120 	EXP 	window1: blendMode = 'avg'
57.8287 	EXP 	window1: blendMode = 'avg'
57.8454 	EXP 	window1: blendMode = 'avg'
57.8620 	EXP 	window1: blendMode = 'avg'
57.8786 	EXP 	window1: blendMode = 'avg'
57.8955 	EXP 	window1: blendMode = 'avg'
57.9120 	EXP 	window1: blendMode = 'avg'
57.9285 	EXP 	window1: blendMode = 'avg'
57.9454 	EXP 	window1: blendMode = 'avg'
57.9621 	EXP 	window1: blendMode = 'avg'
57.9788 	EXP 	window1: blendMode = 'avg'
57.9953 	EXP 	window1: blendMode = 'avg'
58.0122 	EXP 	window1: blendMode = 'avg'
58.0282 	EXP 	window1: blendMode = 'avg'
58.0450 	EXP 	window1: blendMode = 'avg'
58.0618 	EXP 	window1: blendMode = 'avg'
58.0780 	EXP 	window1: blendMode = 'avg'
58.0952 	EXP 	window1: blendMode = 'avg'
58.1121 	EXP 	window1: blendMode = 'avg'
58.1287 	EXP 	window1: blendMode = 'avg'
58.1455 	EXP 	window1: blendMode = 'avg'
58.1620 	EXP 	window1: blendMode = 'avg'
58.1788 	EXP 	window1: blendMode = 'avg'
58.1954 	EXP 	window1: blendMode = 'avg'
58.2122 	EXP 	window1: blendMode = 'avg'
58.2288 	EXP 	window1: blendMode = 'avg'
58.2456 	EXP 	window1: blendMode = 'avg'
58.2620 	DATA 	Keypress: escape
58.3747 	EXP 	window1: mouseVisible = True
