11.9387 	EXP 	Created window1 = Window(allowGUI=False, allowStencil=False, autoLog=True, bitsMode=UNKNOWN, blendMode='avg', color=array([ 0.,  0.,  0.]), colorSpace='rgb', fullscr=UNKNOWN, gamma=None, lms=UNKNOWN, monitor=<psychopy.monitors.calibTools.Monitor object at 0x113d5c410>, multiSample=False, name='window1', numSamples=2, pos=[0, 0], screen=0, size=array([1440,  900]), stereo=False, units=u'norm', useFBO=True, useRetina=False, viewOri=0.0, viewPos=None, viewScale=None, waitBlanking=True, winType='pyglet')
11.9388 	EXP 	window1: recordFrameIntervals = False
12.1049 	EXP 	window1: recordFrameIntervals = True
12.2882 	EXP 	window1: recordFrameIntervals = False
12.4131 	EXP 	Created text_2 = TextStim(alignHoriz='center', alignVert='center', antialias=True, autoLog=True, bold=False, color='white', colorSpace='named', contrast=1.0, depth=0.0, flipHoriz=False, flipVert=False, font='Arial', fontFiles=[], height=0.1, italic=False, name='text_2', opacity=1.0, ori=0, pos=array([ 0.,  0.]), rgb=array([ 255.,  255.,  255.]), text=unicode(...), units=u'norm', win=Window(...), wrapWidth=1)
12.4153 	EXP 	Created Leftimg = ImageStim(autoLog=True, color=array([ 1.,  1.,  1.]), colorSpace='rgb', contrast=1.0, depth=0.0, flipHoriz=False, flipVert=False, image='sin', interpolate=True, mask=None, maskParams=None, name='Leftimg', opacity=1.0, ori=0.0, pos=array([ 0.,  0.]), size=array([ 400.,  400.]), texRes=128, units='pix', win=Window(...))
12.4169 	EXP 	Created Rightimg = ImageStim(autoLog=True, color=array([ 1.,  1.,  1.]), colorSpace='rgb', contrast=1.0, depth=-1.0, flipHoriz=False, flipVert=False, image='sin', interpolate=True, mask=None, maskParams=None, name='Rightimg', opacity=1.0, ori=0.0, pos=array([ 0.,  0.]), size=array([ 400.,  400.]), texRes=128, units='pix', win=Window(...))
12.4301 	EXP 	Created text = TextStim(alignHoriz='center', alignVert='center', antialias=True, autoLog=True, bold=False, color='white', colorSpace='named', contrast=1.0, depth=-4.0, flipHoriz=False, flipVert=False, font='Arial', fontFiles=[], height=0.05, italic=False, name='text', opacity=1.0, ori=0, pos=array([ 0.,  0.]), rgb=array([ 255.,  255.,  255.]), text=u'to proceed press the space bar.', units=u'norm', win=Window(...), wrapWidth=1)
12.4396 	EXP 	Created text_3 = TextStim(alignHoriz='center', alignVert='center', antialias=True, autoLog=True, bold=False, color='white', colorSpace='named', contrast=1.0, depth=0.0, flipHoriz=False, flipVert=False, font='Arial', fontFiles=[], height=0.1, italic=False, name='text_3', opacity=1.0, ori=0, pos=array([ 0.,  0.]), rgb=array([ 255.,  255.,  255.]), text=unicode(...), units=u'norm', win=Window(...), wrapWidth=1)
12.4442 	EXP 	window1: blendMode = 'avg'
12.4544 	EXP 	text_2: autoDraw = True
12.4580 	EXP 	window1: blendMode = 'avg'
12.4722 	EXP 	window1: blendMode = 'avg'
12.4883 	EXP 	window1: blendMode = 'avg'
12.5055 	EXP 	window1: blendMode = 'avg'
12.5223 	EXP 	window1: blendMode = 'avg'
12.5394 	EXP 	window1: blendMode = 'avg'
12.5555 	EXP 	window1: blendMode = 'avg'
12.5724 	EXP 	window1: blendMode = 'avg'
12.5890 	EXP 	window1: blendMode = 'avg'
12.6058 	EXP 	window1: blendMode = 'avg'
12.6224 	EXP 	window1: blendMode = 'avg'
12.6390 	EXP 	window1: blendMode = 'avg'
12.6558 	EXP 	window1: blendMode = 'avg'
12.6723 	EXP 	window1: blendMode = 'avg'
12.6891 	EXP 	window1: blendMode = 'avg'
12.7057 	EXP 	window1: blendMode = 'avg'
12.7224 	EXP 	window1: blendMode = 'avg'
12.7389 	EXP 	window1: blendMode = 'avg'
12.7556 	EXP 	window1: blendMode = 'avg'
12.7724 	EXP 	window1: blendMode = 'avg'
12.7891 	EXP 	window1: blendMode = 'avg'
12.8056 	EXP 	window1: blendMode = 'avg'
12.8222 	EXP 	window1: blendMode = 'avg'
12.8391 	EXP 	window1: blendMode = 'avg'
12.8557 	EXP 	window1: blendMode = 'avg'
12.8724 	EXP 	window1: blendMode = 'avg'
12.8887 	EXP 	window1: blendMode = 'avg'
12.9056 	EXP 	window1: blendMode = 'avg'
12.9224 	EXP 	window1: blendMode = 'avg'
12.9391 	EXP 	window1: blendMode = 'avg'
12.9557 	EXP 	window1: blendMode = 'avg'
12.9724 	EXP 	window1: blendMode = 'avg'
12.9890 	EXP 	window1: blendMode = 'avg'
13.0057 	EXP 	window1: blendMode = 'avg'
13.0223 	EXP 	window1: blendMode = 'avg'
13.0391 	EXP 	window1: blendMode = 'avg'
13.0557 	EXP 	window1: blendMode = 'avg'
13.0723 	EXP 	window1: blendMode = 'avg'
13.0890 	EXP 	window1: blendMode = 'avg'
13.1058 	EXP 	window1: blendMode = 'avg'
13.1223 	EXP 	window1: blendMode = 'avg'
13.1391 	EXP 	window1: blendMode = 'avg'
13.1556 	EXP 	window1: blendMode = 'avg'
13.1724 	EXP 	window1: blendMode = 'avg'
13.1889 	EXP 	window1: blendMode = 'avg'
13.2056 	EXP 	window1: blendMode = 'avg'
13.2223 	EXP 	window1: blendMode = 'avg'
13.2391 	EXP 	window1: blendMode = 'avg'
13.2557 	EXP 	window1: blendMode = 'avg'
13.2724 	EXP 	window1: blendMode = 'avg'
13.2888 	EXP 	window1: blendMode = 'avg'
13.3056 	EXP 	window1: blendMode = 'avg'
13.3224 	EXP 	window1: blendMode = 'avg'
13.3379 	EXP 	window1: blendMode = 'avg'
13.3558 	EXP 	window1: blendMode = 'avg'
13.3723 	EXP 	window1: blendMode = 'avg'
13.3891 	EXP 	window1: blendMode = 'avg'
13.4057 	EXP 	window1: blendMode = 'avg'
13.4224 	EXP 	window1: blendMode = 'avg'
13.4390 	EXP 	window1: blendMode = 'avg'
13.4558 	EXP 	window1: blendMode = 'avg'
13.4723 	EXP 	window1: blendMode = 'avg'
13.4891 	EXP 	window1: blendMode = 'avg'
13.5057 	EXP 	window1: blendMode = 'avg'
13.5224 	EXP 	window1: blendMode = 'avg'
13.5392 	EXP 	window1: blendMode = 'avg'
13.5555 	EXP 	window1: blendMode = 'avg'
13.5724 	EXP 	window1: blendMode = 'avg'
13.5890 	EXP 	window1: blendMode = 'avg'
13.6056 	EXP 	window1: blendMode = 'avg'
13.6223 	EXP 	window1: blendMode = 'avg'
13.6393 	EXP 	window1: blendMode = 'avg'
13.6549 	EXP 	window1: blendMode = 'avg'
13.6711 	EXP 	window1: blendMode = 'avg'
13.6878 	EXP 	window1: blendMode = 'avg'
13.7050 	EXP 	window1: blendMode = 'avg'
13.7219 	EXP 	window1: blendMode = 'avg'
13.7382 	EXP 	window1: blendMode = 'avg'
13.7550 	EXP 	window1: blendMode = 'avg'
13.7715 	EXP 	window1: blendMode = 'avg'
13.7888 	EXP 	window1: blendMode = 'avg'
13.8051 	EXP 	window1: blendMode = 'avg'
13.8220 	EXP 	window1: blendMode = 'avg'
13.8388 	EXP 	window1: blendMode = 'avg'
13.8556 	EXP 	window1: blendMode = 'avg'
13.8719 	EXP 	window1: blendMode = 'avg'
13.8891 	EXP 	window1: blendMode = 'avg'
13.9057 	EXP 	window1: blendMode = 'avg'
13.9214 	EXP 	window1: blendMode = 'avg'
13.9390 	EXP 	window1: blendMode = 'avg'
13.9557 	EXP 	window1: blendMode = 'avg'
13.9723 	EXP 	window1: blendMode = 'avg'
13.9891 	EXP 	window1: blendMode = 'avg'
14.0056 	EXP 	window1: blendMode = 'avg'
14.0224 	EXP 	window1: blendMode = 'avg'
14.0381 	EXP 	window1: blendMode = 'avg'
14.0549 	EXP 	window1: blendMode = 'avg'
14.0722 	EXP 	window1: blendMode = 'avg'
14.0889 	EXP 	window1: blendMode = 'avg'
14.1056 	EXP 	window1: blendMode = 'avg'
14.1224 	EXP 	window1: blendMode = 'avg'
14.1390 	EXP 	window1: blendMode = 'avg'
14.1558 	EXP 	window1: blendMode = 'avg'
14.1724 	EXP 	window1: blendMode = 'avg'
14.1890 	EXP 	window1: blendMode = 'avg'
14.2056 	EXP 	window1: blendMode = 'avg'
14.2225 	EXP 	window1: blendMode = 'avg'
14.2390 	EXP 	window1: blendMode = 'avg'
14.2556 	EXP 	window1: blendMode = 'avg'
14.2725 	EXP 	window1: blendMode = 'avg'
14.2892 	EXP 	window1: blendMode = 'avg'
14.3055 	EXP 	window1: blendMode = 'avg'
14.3221 	EXP 	window1: blendMode = 'avg'
14.3377 	EXP 	window1: blendMode = 'avg'
14.3556 	EXP 	window1: blendMode = 'avg'
14.3724 	EXP 	window1: blendMode = 'avg'
14.3880 	EXP 	window1: blendMode = 'avg'
14.4043 	EXP 	window1: blendMode = 'avg'
14.4216 	EXP 	window1: blendMode = 'avg'
14.4375 	EXP 	window1: blendMode = 'avg'
14.4550 	EXP 	window1: blendMode = 'avg'
14.4713 	EXP 	window1: blendMode = 'avg'
14.4891 	EXP 	window1: blendMode = 'avg'
14.5057 	EXP 	window1: blendMode = 'avg'
14.5223 	EXP 	window1: blendMode = 'avg'
14.5383 	EXP 	window1: blendMode = 'avg'
14.5555 	EXP 	window1: blendMode = 'avg'
14.5713 	EXP 	window1: blendMode = 'avg'
14.5890 	EXP 	window1: blendMode = 'avg'
14.6055 	EXP 	window1: blendMode = 'avg'
14.6223 	EXP 	window1: blendMode = 'avg'
14.6390 	EXP 	window1: blendMode = 'avg'
14.6548 	EXP 	window1: blendMode = 'avg'
14.6724 	EXP 	window1: blendMode = 'avg'
14.6888 	EXP 	window1: blendMode = 'avg'
14.7055 	EXP 	window1: blendMode = 'avg'
14.7222 	EXP 	window1: blendMode = 'avg'
14.7391 	EXP 	window1: blendMode = 'avg'
14.7558 	EXP 	window1: blendMode = 'avg'
14.7716 	EXP 	window1: blendMode = 'avg'
14.7888 	EXP 	window1: blendMode = 'avg'
14.8056 	EXP 	window1: blendMode = 'avg'
14.8226 	EXP 	window1: blendMode = 'avg'
14.8388 	EXP 	window1: blendMode = 'avg'
14.8560 	EXP 	window1: blendMode = 'avg'
14.8718 	EXP 	window1: blendMode = 'avg'
14.8881 	EXP 	window1: blendMode = 'avg'
14.9050 	EXP 	window1: blendMode = 'avg'
14.9218 	EXP 	window1: blendMode = 'avg'
14.9390 	EXP 	window1: blendMode = 'avg'
14.9556 	EXP 	window1: blendMode = 'avg'
14.9724 	EXP 	window1: blendMode = 'avg'
14.9887 	EXP 	window1: blendMode = 'avg'
15.0057 	EXP 	window1: blendMode = 'avg'
15.0224 	EXP 	window1: blendMode = 'avg'
15.0390 	EXP 	window1: blendMode = 'avg'
15.0557 	EXP 	window1: blendMode = 'avg'
15.0718 	EXP 	window1: blendMode = 'avg'
15.0888 	EXP 	window1: blendMode = 'avg'
15.1054 	EXP 	window1: blendMode = 'avg'
15.1213 	EXP 	window1: blendMode = 'avg'
15.1390 	EXP 	window1: blendMode = 'avg'
15.1555 	EXP 	window1: blendMode = 'avg'
15.1723 	EXP 	window1: blendMode = 'avg'
15.1893 	EXP 	window1: blendMode = 'avg'
15.2046 	EXP 	window1: blendMode = 'avg'
15.2222 	EXP 	window1: blendMode = 'avg'
15.2390 	EXP 	window1: blendMode = 'avg'
15.2556 	EXP 	window1: blendMode = 'avg'
15.2726 	EXP 	window1: blendMode = 'avg'
15.2880 	EXP 	window1: blendMode = 'avg'
15.3050 	EXP 	window1: blendMode = 'avg'
15.3224 	EXP 	window1: blendMode = 'avg'
15.3390 	EXP 	window1: blendMode = 'avg'
15.3553 	EXP 	window1: blendMode = 'avg'
15.3723 	EXP 	window1: blendMode = 'avg'
15.3877 	EXP 	window1: blendMode = 'avg'
15.4057 	EXP 	window1: blendMode = 'avg'
15.4224 	EXP 	window1: blendMode = 'avg'
15.4389 	EXP 	window1: blendMode = 'avg'
15.4553 	EXP 	window1: blendMode = 'avg'
15.4716 	EXP 	window1: blendMode = 'avg'
15.4888 	EXP 	window1: blendMode = 'avg'
15.5056 	EXP 	window1: blendMode = 'avg'
15.5230 	EXP 	window1: blendMode = 'avg'
15.5382 	EXP 	window1: blendMode = 'avg'
15.5557 	EXP 	window1: blendMode = 'avg'
15.5722 	EXP 	window1: blendMode = 'avg'
15.5884 	EXP 	window1: blendMode = 'avg'
15.6049 	EXP 	window1: blendMode = 'avg'
15.6213 	EXP 	window1: blendMode = 'avg'
15.6390 	EXP 	window1: blendMode = 'avg'
15.6547 	EXP 	window1: blendMode = 'avg'
15.6723 	EXP 	window1: blendMode = 'avg'
15.6891 	EXP 	window1: blendMode = 'avg'
15.7056 	EXP 	window1: blendMode = 'avg'
15.7226 	EXP 	window1: blendMode = 'avg'
15.7386 	EXP 	window1: blendMode = 'avg'
15.7555 	EXP 	window1: blendMode = 'avg'
15.7725 	EXP 	window1: blendMode = 'avg'
15.7882 	EXP 	window1: blendMode = 'avg'
15.8057 	EXP 	window1: blendMode = 'avg'
15.8224 	EXP 	window1: blendMode = 'avg'
15.8390 	EXP 	window1: blendMode = 'avg'
15.8558 	EXP 	window1: blendMode = 'avg'
15.8724 	EXP 	window1: blendMode = 'avg'
15.8892 	EXP 	window1: blendMode = 'avg'
15.9059 	EXP 	window1: blendMode = 'avg'
15.9219 	EXP 	window1: blendMode = 'avg'
15.9390 	EXP 	window1: blendMode = 'avg'
15.9557 	EXP 	window1: blendMode = 'avg'
15.9723 	EXP 	window1: blendMode = 'avg'
15.9887 	EXP 	window1: blendMode = 'avg'
16.0050 	EXP 	window1: blendMode = 'avg'
16.0215 	EXP 	window1: blendMode = 'avg'
16.0380 	EXP 	window1: blendMode = 'avg'
16.0556 	EXP 	window1: blendMode = 'avg'
16.0723 	EXP 	window1: blendMode = 'avg'
16.0890 	EXP 	window1: blendMode = 'avg'
16.1056 	EXP 	window1: blendMode = 'avg'
16.1220 	EXP 	window1: blendMode = 'avg'
16.1390 	EXP 	window1: blendMode = 'avg'
16.1556 	EXP 	window1: blendMode = 'avg'
16.1726 	EXP 	window1: blendMode = 'avg'
16.1884 	EXP 	window1: blendMode = 'avg'
16.2055 	EXP 	window1: blendMode = 'avg'
16.2220 	EXP 	window1: blendMode = 'avg'
16.2392 	EXP 	window1: blendMode = 'avg'
16.2556 	EXP 	window1: blendMode = 'avg'
16.2714 	EXP 	window1: blendMode = 'avg'
16.2900 	EXP 	window1: blendMode = 'avg'
16.3048 	EXP 	window1: blendMode = 'avg'
16.3215 	EXP 	window1: blendMode = 'avg'
16.3391 	EXP 	window1: blendMode = 'avg'
16.3558 	EXP 	window1: blendMode = 'avg'
16.3723 	EXP 	window1: blendMode = 'avg'
16.3889 	EXP 	window1: blendMode = 'avg'
16.4054 	EXP 	window1: blendMode = 'avg'
16.4216 	EXP 	window1: blendMode = 'avg'
16.4390 	EXP 	window1: blendMode = 'avg'
16.4553 	EXP 	window1: blendMode = 'avg'
16.4722 	EXP 	window1: blendMode = 'avg'
16.4889 	EXP 	window1: blendMode = 'avg'
16.5049 	EXP 	window1: blendMode = 'avg'
16.5220 	EXP 	window1: blendMode = 'avg'
16.5387 	EXP 	window1: blendMode = 'avg'
16.5554 	EXP 	window1: blendMode = 'avg'
16.5722 	EXP 	window1: blendMode = 'avg'
16.5881 	EXP 	window1: blendMode = 'avg'
16.6057 	EXP 	window1: blendMode = 'avg'
16.6223 	EXP 	window1: blendMode = 'avg'
16.6383 	EXP 	window1: blendMode = 'avg'
16.6555 	EXP 	window1: blendMode = 'avg'
16.6723 	EXP 	window1: blendMode = 'avg'
16.6888 	EXP 	window1: blendMode = 'avg'
16.7057 	EXP 	window1: blendMode = 'avg'
16.7222 	EXP 	window1: blendMode = 'avg'
16.7390 	EXP 	window1: blendMode = 'avg'
16.7557 	EXP 	window1: blendMode = 'avg'
16.7723 	EXP 	window1: blendMode = 'avg'
16.7888 	EXP 	window1: blendMode = 'avg'
16.8044 	EXP 	window1: blendMode = 'avg'
16.8222 	EXP 	window1: blendMode = 'avg'
16.8390 	EXP 	window1: blendMode = 'avg'
16.8554 	EXP 	window1: blendMode = 'avg'
16.8724 	EXP 	window1: blendMode = 'avg'
16.8889 	EXP 	window1: blendMode = 'avg'
16.9058 	EXP 	window1: blendMode = 'avg'
16.9224 	EXP 	window1: blendMode = 'avg'
16.9388 	EXP 	window1: blendMode = 'avg'
16.9546 	EXP 	window1: blendMode = 'avg'
16.9723 	EXP 	window1: blendMode = 'avg'
16.9889 	EXP 	window1: blendMode = 'avg'
17.0057 	EXP 	window1: blendMode = 'avg'
17.0222 	EXP 	window1: blendMode = 'avg'
17.0381 	EXP 	window1: blendMode = 'avg'
17.0541 	EXP 	window1: blendMode = 'avg'
17.0722 	EXP 	window1: blendMode = 'avg'
17.0884 	EXP 	window1: blendMode = 'avg'
17.1048 	EXP 	window1: blendMode = 'avg'
17.1224 	EXP 	window1: blendMode = 'avg'
17.1389 	EXP 	window1: blendMode = 'avg'
17.1557 	EXP 	window1: blendMode = 'avg'
17.1706 	EXP 	window1: blendMode = 'avg'
17.1887 	EXP 	window1: blendMode = 'avg'
17.2057 	EXP 	window1: blendMode = 'avg'
17.2223 	EXP 	window1: blendMode = 'avg'
17.2386 	EXP 	window1: blendMode = 'avg'
17.2551 	EXP 	window1: blendMode = 'avg'
17.2722 	EXP 	window1: blendMode = 'avg'
17.2889 	EXP 	window1: blendMode = 'avg'
17.3057 	EXP 	window1: blendMode = 'avg'
17.3221 	EXP 	window1: blendMode = 'avg'
17.3388 	EXP 	window1: blendMode = 'avg'
17.3551 	EXP 	window1: blendMode = 'avg'
17.3721 	EXP 	window1: blendMode = 'avg'
17.3893 	EXP 	window1: blendMode = 'avg'
17.4055 	EXP 	window1: blendMode = 'avg'
17.4221 	EXP 	window1: blendMode = 'avg'
17.4383 	EXP 	window1: blendMode = 'avg'
17.4555 	EXP 	window1: blendMode = 'avg'
17.4723 	EXP 	window1: blendMode = 'avg'
17.4883 	EXP 	window1: blendMode = 'avg'
17.5055 	EXP 	window1: blendMode = 'avg'
17.5224 	EXP 	window1: blendMode = 'avg'
17.5389 	EXP 	window1: blendMode = 'avg'
17.5548 	EXP 	window1: blendMode = 'avg'
17.5724 	EXP 	window1: blendMode = 'avg'
17.5878 	EXP 	window1: blendMode = 'avg'
17.6056 	EXP 	window1: blendMode = 'avg'
17.6221 	EXP 	window1: blendMode = 'avg'
17.6390 	EXP 	window1: blendMode = 'avg'
17.6556 	EXP 	window1: blendMode = 'avg'
17.6724 	EXP 	window1: blendMode = 'avg'
17.6882 	EXP 	window1: blendMode = 'avg'
17.7058 	EXP 	window1: blendMode = 'avg'
17.7211 	EXP 	window1: blendMode = 'avg'
17.7388 	EXP 	window1: blendMode = 'avg'
17.7556 	EXP 	window1: blendMode = 'avg'
17.7724 	EXP 	window1: blendMode = 'avg'
17.7885 	EXP 	window1: blendMode = 'avg'
17.8056 	EXP 	window1: blendMode = 'avg'
17.8224 	EXP 	window1: blendMode = 'avg'
17.8392 	EXP 	window1: blendMode = 'avg'
17.8555 	EXP 	window1: blendMode = 'avg'
17.8725 	EXP 	window1: blendMode = 'avg'
17.8879 	EXP 	window1: blendMode = 'avg'
17.9052 	EXP 	window1: blendMode = 'avg'
17.9224 	EXP 	window1: blendMode = 'avg'
17.9389 	EXP 	window1: blendMode = 'avg'
17.9556 	EXP 	window1: blendMode = 'avg'
17.9723 	EXP 	window1: blendMode = 'avg'
17.9883 	EXP 	window1: blendMode = 'avg'
18.0050 	EXP 	window1: blendMode = 'avg'
18.0222 	EXP 	window1: blendMode = 'avg'
18.0389 	EXP 	window1: blendMode = 'avg'
18.0567 	EXP 	window1: blendMode = 'avg'
18.0719 	EXP 	window1: blendMode = 'avg'
18.0888 	EXP 	window1: blendMode = 'avg'
18.1057 	EXP 	window1: blendMode = 'avg'
18.1222 	EXP 	window1: blendMode = 'avg'
18.1390 	EXP 	window1: blendMode = 'avg'
18.1550 	EXP 	window1: blendMode = 'avg'
18.1717 	EXP 	window1: blendMode = 'avg'
18.1888 	EXP 	window1: blendMode = 'avg'
18.2056 	EXP 	window1: blendMode = 'avg'
18.2223 	EXP 	window1: blendMode = 'avg'
18.2389 	EXP 	window1: blendMode = 'avg'
18.2558 	EXP 	window1: blendMode = 'avg'
18.2725 	EXP 	window1: blendMode = 'avg'
18.2887 	EXP 	window1: blendMode = 'avg'
18.3057 	EXP 	window1: blendMode = 'avg'
18.3212 	EXP 	window1: blendMode = 'avg'
18.3390 	EXP 	window1: blendMode = 'avg'
18.3556 	EXP 	window1: blendMode = 'avg'
18.3723 	EXP 	window1: blendMode = 'avg'
18.3889 	EXP 	window1: blendMode = 'avg'
18.4052 	EXP 	window1: blendMode = 'avg'
18.4220 	EXP 	window1: blendMode = 'avg'
18.4383 	EXP 	window1: blendMode = 'avg'
18.4548 	EXP 	window1: blendMode = 'avg'
18.4711 	EXP 	window1: blendMode = 'avg'
18.4883 	EXP 	window1: blendMode = 'avg'
18.5055 	EXP 	window1: blendMode = 'avg'
18.5222 	EXP 	window1: blendMode = 'avg'
18.5390 	EXP 	window1: blendMode = 'avg'
18.5554 	EXP 	window1: blendMode = 'avg'
18.5721 	EXP 	window1: blendMode = 'avg'
18.5888 	EXP 	window1: blendMode = 'avg'
18.6051 	EXP 	window1: blendMode = 'avg'
18.6222 	EXP 	window1: blendMode = 'avg'
18.6390 	EXP 	window1: blendMode = 'avg'
18.6556 	EXP 	window1: blendMode = 'avg'
18.6720 	EXP 	window1: blendMode = 'avg'
18.6884 	EXP 	window1: blendMode = 'avg'
18.7055 	EXP 	window1: blendMode = 'avg'
18.7219 	EXP 	window1: blendMode = 'avg'
18.7388 	EXP 	window1: blendMode = 'avg'
18.7547 	EXP 	window1: blendMode = 'avg'
18.7716 	EXP 	window1: blendMode = 'avg'
18.7890 	EXP 	window1: blendMode = 'avg'
18.8056 	EXP 	window1: blendMode = 'avg'
18.8224 	EXP 	window1: blendMode = 'avg'
18.8391 	EXP 	window1: blendMode = 'avg'
18.8556 	EXP 	window1: blendMode = 'avg'
18.8723 	EXP 	window1: blendMode = 'avg'
18.8890 	EXP 	window1: blendMode = 'avg'
18.9065 	EXP 	window1: blendMode = 'avg'
18.9222 	EXP 	window1: blendMode = 'avg'
18.9390 	EXP 	window1: blendMode = 'avg'
18.9556 	EXP 	window1: blendMode = 'avg'
18.9716 	EXP 	window1: blendMode = 'avg'
18.9888 	EXP 	window1: blendMode = 'avg'
19.0054 	EXP 	window1: blendMode = 'avg'
19.0223 	EXP 	window1: blendMode = 'avg'
19.0390 	EXP 	window1: blendMode = 'avg'
19.0555 	EXP 	window1: blendMode = 'avg'
19.0721 	EXP 	window1: blendMode = 'avg'
19.0879 	EXP 	window1: blendMode = 'avg'
19.1056 	EXP 	window1: blendMode = 'avg'
19.1222 	EXP 	window1: blendMode = 'avg'
19.1389 	EXP 	window1: blendMode = 'avg'
19.1556 	EXP 	window1: blendMode = 'avg'
19.1718 	EXP 	window1: blendMode = 'avg'
19.1880 	EXP 	window1: blendMode = 'avg'
19.2055 	EXP 	window1: blendMode = 'avg'
19.2223 	EXP 	window1: blendMode = 'avg'
19.2389 	EXP 	window1: blendMode = 'avg'
19.2553 	EXP 	window1: blendMode = 'avg'
19.2723 	EXP 	window1: blendMode = 'avg'
19.2890 	EXP 	window1: blendMode = 'avg'
19.3056 	EXP 	window1: blendMode = 'avg'
19.3223 	EXP 	window1: blendMode = 'avg'
19.3389 	EXP 	window1: blendMode = 'avg'
19.3552 	EXP 	window1: blendMode = 'avg'
19.3721 	EXP 	window1: blendMode = 'avg'
19.3889 	EXP 	window1: blendMode = 'avg'
19.4057 	EXP 	window1: blendMode = 'avg'
19.4214 	EXP 	window1: blendMode = 'avg'
19.4384 	EXP 	window1: blendMode = 'avg'
19.4549 	EXP 	window1: blendMode = 'avg'
19.4712 	EXP 	window1: blendMode = 'avg'
19.4887 	EXP 	window1: blendMode = 'avg'
19.5051 	EXP 	window1: blendMode = 'avg'
19.5215 	EXP 	window1: blendMode = 'avg'
19.5380 	EXP 	window1: blendMode = 'avg'
19.5552 	EXP 	window1: blendMode = 'avg'
19.5715 	EXP 	window1: blendMode = 'avg'
19.5877 	EXP 	window1: blendMode = 'avg'
19.6045 	EXP 	window1: blendMode = 'avg'
19.6211 	EXP 	window1: blendMode = 'avg'
19.6381 	EXP 	window1: blendMode = 'avg'
19.6543 	EXP 	window1: blendMode = 'avg'
19.6715 	EXP 	window1: blendMode = 'avg'
19.6883 	EXP 	window1: blendMode = 'avg'
19.7047 	EXP 	window1: blendMode = 'avg'
19.7215 	EXP 	window1: blendMode = 'avg'
19.7383 	EXP 	window1: blendMode = 'avg'
19.7546 	EXP 	window1: blendMode = 'avg'
19.7713 	EXP 	window1: blendMode = 'avg'
19.7881 	EXP 	window1: blendMode = 'avg'
19.8043 	EXP 	window1: blendMode = 'avg'
19.8213 	EXP 	window1: blendMode = 'avg'
19.8382 	EXP 	window1: blendMode = 'avg'
19.8544 	EXP 	window1: blendMode = 'avg'
19.8717 	EXP 	window1: blendMode = 'avg'
19.8879 	EXP 	window1: blendMode = 'avg'
19.9048 	EXP 	window1: blendMode = 'avg'
19.9217 	EXP 	window1: blendMode = 'avg'
19.9380 	EXP 	window1: blendMode = 'avg'
19.9548 	EXP 	window1: blendMode = 'avg'
19.9716 	EXP 	window1: blendMode = 'avg'
19.9875 	EXP 	window1: blendMode = 'avg'
20.0048 	EXP 	window1: blendMode = 'avg'
20.0213 	EXP 	window1: blendMode = 'avg'
20.0383 	EXP 	window1: blendMode = 'avg'
20.0546 	EXP 	window1: blendMode = 'avg'
20.0709 	EXP 	window1: blendMode = 'avg'
20.0880 	EXP 	window1: blendMode = 'avg'
20.1048 	EXP 	window1: blendMode = 'avg'
20.1209 	EXP 	window1: blendMode = 'avg'
20.1378 	EXP 	window1: blendMode = 'avg'
20.1546 	EXP 	window1: blendMode = 'avg'
20.1706 	EXP 	window1: blendMode = 'avg'
20.1876 	EXP 	window1: blendMode = 'avg'
20.2046 	EXP 	window1: blendMode = 'avg'
20.2215 	EXP 	window1: blendMode = 'avg'
20.2378 	EXP 	window1: blendMode = 'avg'
20.2546 	EXP 	window1: blendMode = 'avg'
20.2714 	EXP 	window1: blendMode = 'avg'
20.2875 	EXP 	window1: blendMode = 'avg'
20.3044 	EXP 	window1: blendMode = 'avg'
20.3214 	EXP 	window1: blendMode = 'avg'
20.3383 	EXP 	window1: blendMode = 'avg'
20.3550 	EXP 	window1: blendMode = 'avg'
20.3710 	EXP 	window1: blendMode = 'avg'
20.3874 	EXP 	window1: blendMode = 'avg'
20.4044 	EXP 	window1: blendMode = 'avg'
20.4208 	EXP 	window1: blendMode = 'avg'
20.4379 	EXP 	window1: blendMode = 'avg'
20.4548 	EXP 	window1: blendMode = 'avg'
20.4715 	EXP 	window1: blendMode = 'avg'
20.4876 	EXP 	window1: blendMode = 'avg'
20.5047 	EXP 	window1: blendMode = 'avg'
20.5207 	EXP 	window1: blendMode = 'avg'
20.5382 	EXP 	window1: blendMode = 'avg'
20.5547 	EXP 	window1: blendMode = 'avg'
20.5706 	EXP 	window1: blendMode = 'avg'
20.5874 	EXP 	window1: blendMode = 'avg'
20.6044 	EXP 	window1: blendMode = 'avg'
20.6218 	EXP 	window1: blendMode = 'avg'
20.6386 	EXP 	window1: blendMode = 'avg'
20.6549 	EXP 	window1: blendMode = 'avg'
20.6712 	EXP 	window1: blendMode = 'avg'
20.6882 	EXP 	window1: blendMode = 'avg'
20.7055 	EXP 	window1: blendMode = 'avg'
20.7223 	EXP 	window1: blendMode = 'avg'
20.7385 	EXP 	window1: blendMode = 'avg'
20.7554 	EXP 	window1: blendMode = 'avg'
20.7722 	EXP 	window1: blendMode = 'avg'
20.7890 	EXP 	window1: blendMode = 'avg'
20.8060 	EXP 	window1: blendMode = 'avg'
20.8222 	EXP 	window1: blendMode = 'avg'
20.8390 	EXP 	window1: blendMode = 'avg'
20.8556 	EXP 	window1: blendMode = 'avg'
20.8723 	EXP 	window1: blendMode = 'avg'
20.8891 	EXP 	window1: blendMode = 'avg'
20.9057 	EXP 	window1: blendMode = 'avg'
20.9223 	EXP 	window1: blendMode = 'avg'
20.9375 	EXP 	window1: blendMode = 'avg'
20.9547 	EXP 	window1: blendMode = 'avg'
20.9721 	EXP 	window1: blendMode = 'avg'
20.9890 	EXP 	window1: blendMode = 'avg'
21.0056 	EXP 	window1: blendMode = 'avg'
21.0223 	EXP 	window1: blendMode = 'avg'
21.0389 	EXP 	window1: blendMode = 'avg'
21.0556 	EXP 	window1: blendMode = 'avg'
21.0712 	EXP 	window1: blendMode = 'avg'
21.0887 	EXP 	window1: blendMode = 'avg'
21.1056 	EXP 	window1: blendMode = 'avg'
21.1225 	EXP 	window1: blendMode = 'avg'
21.1380 	EXP 	window1: blendMode = 'avg'
21.1543 	EXP 	window1: blendMode = 'avg'
21.1713 	EXP 	window1: blendMode = 'avg'
21.1891 	EXP 	window1: blendMode = 'avg'
21.2055 	EXP 	window1: blendMode = 'avg'
21.2223 	EXP 	window1: blendMode = 'avg'
21.2380 	EXP 	window1: blendMode = 'avg'
21.2542 	EXP 	window1: blendMode = 'avg'
21.2719 	EXP 	window1: blendMode = 'avg'
21.2890 	EXP 	window1: blendMode = 'avg'
21.3056 	EXP 	window1: blendMode = 'avg'
21.3226 	EXP 	window1: blendMode = 'avg'
21.3388 	EXP 	window1: blendMode = 'avg'
21.3556 	EXP 	window1: blendMode = 'avg'
21.3709 	EXP 	window1: blendMode = 'avg'
21.3885 	EXP 	window1: blendMode = 'avg'
21.4054 	EXP 	window1: blendMode = 'avg'
21.4222 	EXP 	window1: blendMode = 'avg'
21.4389 	EXP 	window1: blendMode = 'avg'
21.4556 	EXP 	window1: blendMode = 'avg'
21.4718 	EXP 	window1: blendMode = 'avg'
21.4881 	EXP 	window1: blendMode = 'avg'
21.5050 	EXP 	window1: blendMode = 'avg'
21.5217 	EXP 	window1: blendMode = 'avg'
21.5381 	EXP 	window1: blendMode = 'avg'
21.5546 	EXP 	window1: blendMode = 'avg'
21.5717 	EXP 	window1: blendMode = 'avg'
21.5882 	EXP 	window1: blendMode = 'avg'
21.6047 	EXP 	window1: blendMode = 'avg'
21.6212 	EXP 	window1: blendMode = 'avg'
21.6377 	EXP 	window1: blendMode = 'avg'
21.6550 	EXP 	window1: blendMode = 'avg'
21.6712 	EXP 	window1: blendMode = 'avg'
21.6883 	EXP 	window1: blendMode = 'avg'
21.7047 	EXP 	window1: blendMode = 'avg'
21.7206 	EXP 	window1: blendMode = 'avg'
21.7378 	EXP 	window1: blendMode = 'avg'
21.7546 	EXP 	window1: blendMode = 'avg'
21.7707 	EXP 	window1: blendMode = 'avg'
21.7879 	EXP 	window1: blendMode = 'avg'
21.8041 	EXP 	window1: blendMode = 'avg'
21.8210 	EXP 	window1: blendMode = 'avg'
21.8382 	EXP 	window1: blendMode = 'avg'
21.8546 	EXP 	window1: blendMode = 'avg'
21.8714 	EXP 	window1: blendMode = 'avg'
21.8882 	EXP 	window1: blendMode = 'avg'
21.9039 	EXP 	window1: blendMode = 'avg'
21.9213 	EXP 	window1: blendMode = 'avg'
21.9382 	EXP 	window1: blendMode = 'avg'
21.9547 	EXP 	window1: blendMode = 'avg'
21.9714 	EXP 	window1: blendMode = 'avg'
21.9879 	EXP 	window1: blendMode = 'avg'
22.0046 	EXP 	window1: blendMode = 'avg'
22.0206 	EXP 	window1: blendMode = 'avg'
22.0374 	EXP 	window1: blendMode = 'avg'
22.0543 	EXP 	window1: blendMode = 'avg'
22.0711 	EXP 	window1: blendMode = 'avg'
22.0881 	EXP 	window1: blendMode = 'avg'
22.1040 	EXP 	window1: blendMode = 'avg'
22.1211 	EXP 	window1: blendMode = 'avg'
22.1374 	EXP 	window1: blendMode = 'avg'
22.1544 	EXP 	window1: blendMode = 'avg'
22.1712 	EXP 	window1: blendMode = 'avg'
22.1880 	EXP 	window1: blendMode = 'avg'
22.2036 	EXP 	window1: blendMode = 'avg'
22.2216 	EXP 	window1: blendMode = 'avg'
22.2378 	EXP 	window1: blendMode = 'avg'
22.2545 	EXP 	window1: blendMode = 'avg'
22.2715 	EXP 	window1: blendMode = 'avg'
22.2875 	EXP 	window1: blendMode = 'avg'
22.3043 	EXP 	window1: blendMode = 'avg'
22.3212 	EXP 	window1: blendMode = 'avg'
22.3378 	EXP 	window1: blendMode = 'avg'
22.3547 	EXP 	window1: blendMode = 'avg'
22.3711 	EXP 	window1: blendMode = 'avg'
22.3877 	EXP 	window1: blendMode = 'avg'
22.4045 	EXP 	window1: blendMode = 'avg'
22.4220 	EXP 	window1: blendMode = 'avg'
22.4386 	EXP 	window1: blendMode = 'avg'
22.4554 	EXP 	window1: blendMode = 'avg'
22.4722 	EXP 	window1: blendMode = 'avg'
22.4891 	EXP 	window1: blendMode = 'avg'
22.5059 	EXP 	window1: blendMode = 'avg'
22.5221 	EXP 	window1: blendMode = 'avg'
22.5395 	EXP 	window1: blendMode = 'avg'
22.5560 	EXP 	window1: blendMode = 'avg'
22.5720 	EXP 	window1: blendMode = 'avg'
22.5889 	EXP 	window1: blendMode = 'avg'
22.6059 	EXP 	window1: blendMode = 'avg'
22.6224 	EXP 	window1: blendMode = 'avg'
22.6384 	EXP 	window1: blendMode = 'avg'
22.6556 	EXP 	window1: blendMode = 'avg'
22.6722 	EXP 	window1: blendMode = 'avg'
22.6888 	EXP 	window1: blendMode = 'avg'
22.7056 	EXP 	window1: blendMode = 'avg'
22.7220 	EXP 	window1: blendMode = 'avg'
22.7388 	EXP 	window1: blendMode = 'avg'
22.7556 	EXP 	window1: blendMode = 'avg'
22.7723 	EXP 	window1: blendMode = 'avg'
22.7883 	EXP 	window1: blendMode = 'avg'
22.8054 	EXP 	window1: blendMode = 'avg'
22.8221 	EXP 	window1: blendMode = 'avg'
22.8388 	EXP 	window1: blendMode = 'avg'
22.8556 	EXP 	window1: blendMode = 'avg'
22.8722 	EXP 	window1: blendMode = 'avg'
22.8888 	EXP 	window1: blendMode = 'avg'
22.9058 	EXP 	window1: blendMode = 'avg'
22.9220 	EXP 	window1: blendMode = 'avg'
22.9387 	EXP 	window1: blendMode = 'avg'
22.9555 	EXP 	window1: blendMode = 'avg'
22.9722 	EXP 	window1: blendMode = 'avg'
22.9881 	EXP 	window1: blendMode = 'avg'
23.0055 	EXP 	window1: blendMode = 'avg'
23.0223 	EXP 	window1: blendMode = 'avg'
23.0389 	EXP 	window1: blendMode = 'avg'
23.0556 	EXP 	window1: blendMode = 'avg'
23.0723 	EXP 	window1: blendMode = 'avg'
23.0889 	EXP 	window1: blendMode = 'avg'
23.1065 	EXP 	window1: blendMode = 'avg'
23.1224 	EXP 	window1: blendMode = 'avg'
23.1386 	EXP 	window1: blendMode = 'avg'
23.1553 	EXP 	window1: blendMode = 'avg'
23.1725 	EXP 	window1: blendMode = 'avg'
23.1883 	EXP 	window1: blendMode = 'avg'
23.2056 	EXP 	window1: blendMode = 'avg'
23.2222 	EXP 	window1: blendMode = 'avg'
23.2392 	EXP 	window1: blendMode = 'avg'
23.2558 	EXP 	window1: blendMode = 'avg'
23.2722 	EXP 	window1: blendMode = 'avg'
23.2892 	EXP 	window1: blendMode = 'avg'
23.3056 	EXP 	window1: blendMode = 'avg'
23.3223 	EXP 	window1: blendMode = 'avg'
23.3392 	EXP 	window1: blendMode = 'avg'
23.3560 	EXP 	window1: blendMode = 'avg'
23.3722 	EXP 	window1: blendMode = 'avg'
23.3885 	EXP 	window1: blendMode = 'avg'
23.4054 	EXP 	window1: blendMode = 'avg'
23.4223 	EXP 	window1: blendMode = 'avg'
23.4389 	EXP 	window1: blendMode = 'avg'
23.4555 	EXP 	window1: blendMode = 'avg'
23.4723 	EXP 	window1: blendMode = 'avg'
23.4889 	EXP 	window1: blendMode = 'avg'
23.5055 	EXP 	window1: blendMode = 'avg'
23.5223 	EXP 	window1: blendMode = 'avg'
23.5391 	EXP 	window1: blendMode = 'avg'
23.5545 	EXP 	window1: blendMode = 'avg'
23.5723 	EXP 	window1: blendMode = 'avg'
23.5888 	EXP 	window1: blendMode = 'avg'
23.6046 	EXP 	window1: blendMode = 'avg'
23.6224 	EXP 	window1: blendMode = 'avg'
23.6384 	EXP 	window1: blendMode = 'avg'
23.6554 	EXP 	window1: blendMode = 'avg'
23.6722 	EXP 	window1: blendMode = 'avg'
23.6889 	EXP 	window1: blendMode = 'avg'
23.7055 	EXP 	window1: blendMode = 'avg'
23.7225 	EXP 	window1: blendMode = 'avg'
23.7385 	EXP 	window1: blendMode = 'avg'
23.7554 	EXP 	window1: blendMode = 'avg'
23.7723 	EXP 	window1: blendMode = 'avg'
23.7888 	EXP 	window1: blendMode = 'avg'
23.8056 	EXP 	window1: blendMode = 'avg'
23.8222 	EXP 	window1: blendMode = 'avg'
23.8387 	EXP 	window1: blendMode = 'avg'
23.8555 	EXP 	window1: blendMode = 'avg'
23.8722 	EXP 	window1: blendMode = 'avg'
23.8886 	EXP 	window1: blendMode = 'avg'
23.9057 	EXP 	window1: blendMode = 'avg'
23.9214 	EXP 	window1: blendMode = 'avg'
23.9391 	EXP 	window1: blendMode = 'avg'
23.9555 	EXP 	window1: blendMode = 'avg'
23.9723 	EXP 	window1: blendMode = 'avg'
23.9889 	EXP 	window1: blendMode = 'avg'
24.0056 	EXP 	window1: blendMode = 'avg'
24.0222 	EXP 	window1: blendMode = 'avg'
24.0392 	EXP 	window1: blendMode = 'avg'
24.0554 	EXP 	window1: blendMode = 'avg'
24.0722 	EXP 	window1: blendMode = 'avg'
24.0888 	EXP 	window1: blendMode = 'avg'
24.1055 	EXP 	window1: blendMode = 'avg'
24.1218 	EXP 	window1: blendMode = 'avg'
24.1387 	EXP 	window1: blendMode = 'avg'
24.1555 	EXP 	window1: blendMode = 'avg'
24.1722 	EXP 	window1: blendMode = 'avg'
24.1888 	EXP 	window1: blendMode = 'avg'
24.2056 	EXP 	window1: blendMode = 'avg'
24.2221 	EXP 	window1: blendMode = 'avg'
24.2390 	EXP 	window1: blendMode = 'avg'
24.2555 	EXP 	window1: blendMode = 'avg'
24.2723 	EXP 	window1: blendMode = 'avg'
24.2890 	EXP 	window1: blendMode = 'avg'
24.3046 	EXP 	window1: blendMode = 'avg'
24.3222 	EXP 	window1: blendMode = 'avg'
24.3387 	EXP 	window1: blendMode = 'avg'
24.3556 	EXP 	window1: blendMode = 'avg'
24.3722 	EXP 	window1: blendMode = 'avg'
24.3888 	EXP 	window1: blendMode = 'avg'
24.4055 	EXP 	window1: blendMode = 'avg'
24.4220 	EXP 	window1: blendMode = 'avg'
24.4389 	EXP 	window1: blendMode = 'avg'
24.4556 	EXP 	window1: blendMode = 'avg'
24.4724 	EXP 	window1: blendMode = 'avg'
24.4889 	EXP 	window1: blendMode = 'avg'
24.5051 	EXP 	window1: blendMode = 'avg'
24.5218 	EXP 	window1: blendMode = 'avg'
24.5387 	EXP 	window1: blendMode = 'avg'
24.5555 	EXP 	window1: blendMode = 'avg'
24.5722 	EXP 	window1: blendMode = 'avg'
24.5888 	EXP 	window1: blendMode = 'avg'
24.6056 	EXP 	window1: blendMode = 'avg'
24.6222 	EXP 	window1: blendMode = 'avg'
24.6389 	EXP 	window1: blendMode = 'avg'
24.6555 	EXP 	window1: blendMode = 'avg'
24.6722 	EXP 	window1: blendMode = 'avg'
24.6888 	EXP 	window1: blendMode = 'avg'
24.7056 	EXP 	window1: blendMode = 'avg'
24.7221 	EXP 	window1: blendMode = 'avg'
24.7389 	EXP 	window1: blendMode = 'avg'
24.7555 	EXP 	window1: blendMode = 'avg'
24.7723 	EXP 	window1: blendMode = 'avg'
24.7878 	EXP 	window1: blendMode = 'avg'
24.8056 	EXP 	window1: blendMode = 'avg'
24.8222 	EXP 	window1: blendMode = 'avg'
24.8390 	EXP 	window1: blendMode = 'avg'
24.8555 	EXP 	window1: blendMode = 'avg'
24.8723 	EXP 	window1: blendMode = 'avg'
24.8888 	EXP 	window1: blendMode = 'avg'
24.9056 	EXP 	window1: blendMode = 'avg'
24.9220 	EXP 	window1: blendMode = 'avg'
24.9388 	EXP 	window1: blendMode = 'avg'
24.9549 	EXP 	window1: blendMode = 'avg'
24.9720 	EXP 	window1: blendMode = 'avg'
24.9883 	EXP 	window1: blendMode = 'avg'
25.0051 	EXP 	window1: blendMode = 'avg'
25.0220 	EXP 	window1: blendMode = 'avg'
25.0388 	EXP 	window1: blendMode = 'avg'
25.0556 	EXP 	window1: blendMode = 'avg'
25.0721 	EXP 	window1: blendMode = 'avg'
25.0889 	EXP 	window1: blendMode = 'avg'
25.1054 	EXP 	window1: blendMode = 'avg'
25.1222 	EXP 	window1: blendMode = 'avg'
25.1388 	EXP 	window1: blendMode = 'avg'
25.1555 	EXP 	window1: blendMode = 'avg'
25.1721 	EXP 	window1: blendMode = 'avg'
25.1888 	EXP 	window1: blendMode = 'avg'
25.2055 	EXP 	window1: blendMode = 'avg'
25.2221 	EXP 	window1: blendMode = 'avg'
25.2388 	EXP 	window1: blendMode = 'avg'
25.2556 	EXP 	window1: blendMode = 'avg'
25.2721 	EXP 	window1: blendMode = 'avg'
25.2889 	EXP 	window1: blendMode = 'avg'
25.3054 	EXP 	window1: blendMode = 'avg'
25.3221 	EXP 	window1: blendMode = 'avg'
25.3387 	EXP 	window1: blendMode = 'avg'
25.3555 	EXP 	window1: blendMode = 'avg'
25.3719 	EXP 	window1: blendMode = 'avg'
25.3887 	EXP 	window1: blendMode = 'avg'
25.4055 	EXP 	window1: blendMode = 'avg'
25.4222 	EXP 	window1: blendMode = 'avg'
25.4388 	EXP 	window1: blendMode = 'avg'
25.4556 	EXP 	window1: blendMode = 'avg'
25.4724 	EXP 	window1: blendMode = 'avg'
25.4887 	EXP 	window1: blendMode = 'avg'
25.5056 	EXP 	window1: blendMode = 'avg'
25.5222 	EXP 	window1: blendMode = 'avg'
25.5389 	EXP 	window1: blendMode = 'avg'
25.5554 	EXP 	window1: blendMode = 'avg'
25.5712 	EXP 	window1: blendMode = 'avg'
25.5888 	EXP 	window1: blendMode = 'avg'
25.6056 	EXP 	window1: blendMode = 'avg'
25.6217 	EXP 	window1: blendMode = 'avg'
25.6385 	EXP 	window1: blendMode = 'avg'
25.6556 	EXP 	window1: blendMode = 'avg'
25.6722 	EXP 	window1: blendMode = 'avg'
25.6889 	EXP 	window1: blendMode = 'avg'
25.7055 	EXP 	window1: blendMode = 'avg'
25.7222 	EXP 	window1: blendMode = 'avg'
25.7389 	EXP 	window1: blendMode = 'avg'
25.7555 	EXP 	window1: blendMode = 'avg'
25.7722 	EXP 	window1: blendMode = 'avg'
25.7890 	EXP 	window1: blendMode = 'avg'
25.8055 	EXP 	window1: blendMode = 'avg'
25.8220 	EXP 	window1: blendMode = 'avg'
25.8389 	EXP 	window1: blendMode = 'avg'
25.8553 	EXP 	window1: blendMode = 'avg'
25.8724 	EXP 	window1: blendMode = 'avg'
25.8887 	EXP 	window1: blendMode = 'avg'
25.9055 	EXP 	window1: blendMode = 'avg'
25.9221 	EXP 	window1: blendMode = 'avg'
25.9388 	EXP 	window1: blendMode = 'avg'
25.9555 	EXP 	window1: blendMode = 'avg'
25.9722 	EXP 	window1: blendMode = 'avg'
25.9888 	EXP 	window1: blendMode = 'avg'
26.0056 	EXP 	window1: blendMode = 'avg'
26.0221 	EXP 	window1: blendMode = 'avg'
26.0389 	EXP 	window1: blendMode = 'avg'
26.0555 	EXP 	window1: blendMode = 'avg'
26.0723 	EXP 	window1: blendMode = 'avg'
26.0888 	EXP 	window1: blendMode = 'avg'
26.1058 	EXP 	window1: blendMode = 'avg'
26.1220 	EXP 	window1: blendMode = 'avg'
26.1390 	EXP 	window1: blendMode = 'avg'
26.1554 	EXP 	window1: blendMode = 'avg'
26.1722 	EXP 	window1: blendMode = 'avg'
26.1888 	EXP 	window1: blendMode = 'avg'
26.2055 	EXP 	window1: blendMode = 'avg'
26.2221 	EXP 	window1: blendMode = 'avg'
26.2387 	EXP 	window1: blendMode = 'avg'
26.2556 	EXP 	window1: blendMode = 'avg'
26.2721 	EXP 	window1: blendMode = 'avg'
26.2887 	EXP 	window1: blendMode = 'avg'
26.3043 	EXP 	window1: blendMode = 'avg'
26.3216 	EXP 	window1: blendMode = 'avg'
26.3381 	EXP 	window1: blendMode = 'avg'
26.3545 	EXP 	window1: blendMode = 'avg'
26.3739 	EXP 	window1: blendMode = 'avg'
26.3883 	EXP 	window1: blendMode = 'avg'
26.4048 	EXP 	window1: blendMode = 'avg'
26.4216 	EXP 	window1: blendMode = 'avg'
26.4383 	EXP 	window1: blendMode = 'avg'
26.4546 	EXP 	window1: blendMode = 'avg'
26.4714 	EXP 	window1: blendMode = 'avg'
26.4878 	EXP 	window1: blendMode = 'avg'
26.5046 	EXP 	window1: blendMode = 'avg'
26.5205 	EXP 	window1: blendMode = 'avg'
26.5378 	EXP 	window1: blendMode = 'avg'
26.5549 	EXP 	window1: blendMode = 'avg'
26.5713 	EXP 	window1: blendMode = 'avg'
26.5873 	EXP 	window1: blendMode = 'avg'
26.6045 	EXP 	window1: blendMode = 'avg'
26.6216 	EXP 	window1: blendMode = 'avg'
26.6373 	EXP 	window1: blendMode = 'avg'
26.6546 	EXP 	window1: blendMode = 'avg'
26.6705 	EXP 	window1: blendMode = 'avg'
26.6878 	EXP 	window1: blendMode = 'avg'
26.7041 	EXP 	window1: blendMode = 'avg'
26.7212 	EXP 	window1: blendMode = 'avg'
26.7380 	EXP 	window1: blendMode = 'avg'
26.7540 	EXP 	window1: blendMode = 'avg'
26.7709 	EXP 	window1: blendMode = 'avg'
26.7879 	EXP 	window1: blendMode = 'avg'
26.8043 	EXP 	window1: blendMode = 'avg'
26.8213 	EXP 	window1: blendMode = 'avg'
26.8382 	EXP 	window1: blendMode = 'avg'
26.8545 	EXP 	window1: blendMode = 'avg'
26.8713 	EXP 	window1: blendMode = 'avg'
26.8872 	EXP 	window1: blendMode = 'avg'
26.9044 	EXP 	window1: blendMode = 'avg'
26.9210 	EXP 	window1: blendMode = 'avg'
26.9376 	EXP 	window1: blendMode = 'avg'
26.9545 	EXP 	window1: blendMode = 'avg'
26.9707 	EXP 	window1: blendMode = 'avg'
26.9908 	DATA 	Keypress: space
27.0048 	EXP 	Imported Book.xlsx as conditions, 44 conditions, 7 params
27.0056 	EXP 	Created sequence: random, trialTypes=44, nReps=1, seed=None
27.0062 	EXP 	New trial (rep=0, index=0): {'YLeftPos': 0, 'time_presentation': 0.5, 'XLeftPos': -300, 'XRightPos': 300, 'rightimg': u'frogs/ab60.jpg', 'YRightPos': 0, 'leftimg': u'frogs/ab20.jpg'}
27.1205 	EXP 	text_2: autoDraw = False
27.1205 	EXP 	Leftimg: pos = array([-300.,    0.])
27.1205 	EXP 	Leftimg: image = u'frogs/ab20.jpg'
27.1205 	EXP 	Rightimg: pos = array([ 300.,    0.])
27.1205 	EXP 	Rightimg: image = u'frogs/ab60.jpg'
27.1205 	EXP 	Leftimg: autoDraw = True
27.1205 	EXP 	Rightimg: autoDraw = True
27.5211 	EXP 	Leftimg: autoDraw = False
27.5211 	EXP 	Rightimg: autoDraw = False
28.5565 	DATA 	Keypress: right
28.5579 	EXP 	New trial (rep=0, index=1): {'YLeftPos': 0, 'time_presentation': 0.5, 'XLeftPos': -300, 'XRightPos': 300, 'rightimg': u'frogs/ab69.jpg', 'YRightPos': 0, 'leftimg': u'frogs/ab29.jpg'}
28.5870 	EXP 	Leftimg: autoDraw = False
28.5870 	EXP 	Rightimg: autoDraw = False
28.5870 	EXP 	text: autoDraw = False
28.5870 	EXP 	Leftimg: pos = array([-300.,    0.])
28.5870 	EXP 	Leftimg: image = u'frogs/ab29.jpg'
28.5870 	EXP 	Rightimg: pos = array([ 300.,    0.])
28.5870 	EXP 	Rightimg: image = u'frogs/ab69.jpg'
28.5870 	EXP 	Leftimg: autoDraw = True
28.5870 	EXP 	Rightimg: autoDraw = True
29.0711 	EXP 	Leftimg: autoDraw = False
29.0711 	EXP 	Rightimg: autoDraw = False
30.1899 	DATA 	Keypress: left
30.1911 	EXP 	New trial (rep=0, index=2): {'YLeftPos': 0, 'time_presentation': 0.5, 'XLeftPos': -300, 'XRightPos': 300, 'rightimg': u'frogs/ab63.jpg', 'YRightPos': 0, 'leftimg': u'frogs/ab23.jpg'}
30.2376 	EXP 	Leftimg: autoDraw = False
30.2376 	EXP 	Rightimg: autoDraw = False
30.2376 	EXP 	text: autoDraw = False
30.2376 	EXP 	Leftimg: pos = array([-300.,    0.])
30.2376 	EXP 	Leftimg: image = u'frogs/ab23.jpg'
30.2376 	EXP 	Rightimg: pos = array([ 300.,    0.])
30.2376 	EXP 	Rightimg: image = u'frogs/ab63.jpg'
30.2376 	EXP 	Leftimg: autoDraw = True
30.2376 	EXP 	Rightimg: autoDraw = True
30.7047 	EXP 	Leftimg: autoDraw = False
30.7047 	EXP 	Rightimg: autoDraw = False
31.1727 	DATA 	Keypress: left
31.1739 	EXP 	New trial (rep=0, index=3): {'YLeftPos': 0, 'time_presentation': 0.5, 'XLeftPos': -300, 'XRightPos': 300, 'rightimg': u'1.jpg', 'YRightPos': 0, 'leftimg': u'3.jpg'}
31.2213 	EXP 	Leftimg: autoDraw = False
31.2213 	EXP 	Rightimg: autoDraw = False
31.2213 	EXP 	text: autoDraw = False
31.2213 	EXP 	Leftimg: pos = array([-300.,    0.])
31.2213 	EXP 	Leftimg: image = u'3.jpg'
31.2213 	EXP 	Rightimg: pos = array([ 300.,    0.])
31.2213 	EXP 	Rightimg: image = u'1.jpg'
31.2213 	EXP 	Leftimg: autoDraw = True
31.2213 	EXP 	Rightimg: autoDraw = True
31.6877 	EXP 	Leftimg: autoDraw = False
31.6877 	EXP 	Rightimg: autoDraw = False
32.6892 	DATA 	Keypress: left
32.6904 	EXP 	New trial (rep=0, index=4): {'YLeftPos': 0, 'time_presentation': 0.5, 'XLeftPos': -300, 'XRightPos': 300, 'rightimg': u'frogs/ab57.jpg', 'YRightPos': 0, 'leftimg': u'frogs/ab17.jpg'}
32.7877 	EXP 	Leftimg: autoDraw = False
32.7877 	EXP 	Rightimg: autoDraw = False
32.7877 	EXP 	text: autoDraw = False
32.7877 	EXP 	Leftimg: pos = array([-300.,    0.])
32.7877 	EXP 	Leftimg: image = u'frogs/ab17.jpg'
32.7877 	EXP 	Rightimg: pos = array([ 300.,    0.])
32.7877 	EXP 	Rightimg: image = u'frogs/ab57.jpg'
32.7877 	EXP 	Leftimg: autoDraw = True
32.7877 	EXP 	Rightimg: autoDraw = True
33.2043 	EXP 	Leftimg: autoDraw = False
33.2043 	EXP 	Rightimg: autoDraw = False
34.1245 	DATA 	Keypress: right
34.1388 	EXP 	New trial (rep=0, index=5): {'YLeftPos': 0, 'time_presentation': 0.5, 'XLeftPos': -300, 'XRightPos': 300, 'rightimg': u'frogs/ab43.jpg', 'YRightPos': 0, 'leftimg': u'frogs/ab3.jpg'}
34.2037 	EXP 	Leftimg: autoDraw = False
34.2037 	EXP 	Rightimg: autoDraw = False
34.2037 	EXP 	text: autoDraw = False
34.2037 	EXP 	Leftimg: pos = array([-300.,    0.])
34.2037 	EXP 	Leftimg: image = u'frogs/ab3.jpg'
34.2037 	EXP 	Rightimg: pos = array([ 300.,    0.])
34.2037 	EXP 	Rightimg: image = u'frogs/ab43.jpg'
34.2037 	EXP 	Leftimg: autoDraw = True
34.2037 	EXP 	Rightimg: autoDraw = True
34.6543 	EXP 	Leftimg: autoDraw = False
34.6543 	EXP 	Rightimg: autoDraw = False
35.4392 	DATA 	Keypress: left
35.4402 	EXP 	New trial (rep=0, index=6): {'YLeftPos': 0, 'time_presentation': 0.5, 'XLeftPos': -300, 'XRightPos': 300, 'rightimg': u'2.jpg', 'YRightPos': 0, 'leftimg': u'4.jpg'}
35.4870 	EXP 	Leftimg: autoDraw = False
35.4870 	EXP 	Rightimg: autoDraw = False
35.4870 	EXP 	text: autoDraw = False
35.4870 	EXP 	Leftimg: pos = array([-300.,    0.])
35.4870 	EXP 	Leftimg: image = u'4.jpg'
35.4870 	EXP 	Rightimg: pos = array([ 300.,    0.])
35.4870 	EXP 	Rightimg: image = u'2.jpg'
35.4870 	EXP 	Leftimg: autoDraw = True
35.4870 	EXP 	Rightimg: autoDraw = True
35.9544 	EXP 	Leftimg: autoDraw = False
35.9544 	EXP 	Rightimg: autoDraw = False
36.3724 	DATA 	Keypress: left
36.3734 	EXP 	New trial (rep=0, index=7): {'YLeftPos': 0, 'time_presentation': 0.5, 'XLeftPos': -300, 'XRightPos': 300, 'rightimg': u'frogs/ab58.jpg', 'YRightPos': 0, 'leftimg': u'frogs/ab18.jpg'}
36.5207 	EXP 	Leftimg: autoDraw = False
36.5207 	EXP 	Rightimg: autoDraw = False
36.5207 	EXP 	text: autoDraw = False
36.5207 	EXP 	Leftimg: pos = array([-300.,    0.])
36.5207 	EXP 	Leftimg: image = u'frogs/ab18.jpg'
36.5207 	EXP 	Rightimg: pos = array([ 300.,    0.])
36.5207 	EXP 	Rightimg: image = u'frogs/ab58.jpg'
36.5207 	EXP 	Leftimg: autoDraw = True
36.5207 	EXP 	Rightimg: autoDraw = True
36.8877 	EXP 	Leftimg: autoDraw = False
36.8877 	EXP 	Rightimg: autoDraw = False
37.5560 	DATA 	Keypress: left
37.5572 	EXP 	New trial (rep=0, index=8): {'YLeftPos': 0, 'time_presentation': 0.5, 'XLeftPos': -300, 'XRightPos': 300, 'rightimg': u'frogs/ab68.jpg', 'YRightPos': 0, 'leftimg': u'frogs/ab28.jpg'}
37.6043 	EXP 	Leftimg: autoDraw = False
37.6043 	EXP 	Rightimg: autoDraw = False
37.6043 	EXP 	text: autoDraw = False
37.6043 	EXP 	Leftimg: pos = array([-300.,    0.])
37.6043 	EXP 	Leftimg: image = u'frogs/ab28.jpg'
37.6043 	EXP 	Rightimg: pos = array([ 300.,    0.])
37.6043 	EXP 	Rightimg: image = u'frogs/ab68.jpg'
37.6043 	EXP 	Leftimg: autoDraw = True
37.6043 	EXP 	Rightimg: autoDraw = True
38.0710 	EXP 	Leftimg: autoDraw = False
38.0710 	EXP 	Rightimg: autoDraw = False
38.9569 	DATA 	Keypress: right
38.9581 	EXP 	New trial (rep=0, index=9): {'YLeftPos': 0, 'time_presentation': 0.5, 'XLeftPos': -300, 'XRightPos': 300, 'rightimg': u'frogs/ab51.jpg', 'YRightPos': 0, 'leftimg': u'frogs/ab11.jpg'}
39.0374 	EXP 	Leftimg: autoDraw = False
39.0374 	EXP 	Rightimg: autoDraw = False
39.0374 	EXP 	text: autoDraw = False
39.0374 	EXP 	Leftimg: pos = array([-300.,    0.])
39.0374 	EXP 	Leftimg: image = u'frogs/ab11.jpg'
39.0374 	EXP 	Rightimg: pos = array([ 300.,    0.])
39.0374 	EXP 	Rightimg: image = u'frogs/ab51.jpg'
39.0374 	EXP 	Leftimg: autoDraw = True
39.0374 	EXP 	Rightimg: autoDraw = True
39.4710 	EXP 	Leftimg: autoDraw = False
39.4710 	EXP 	Rightimg: autoDraw = False
39.9726 	DATA 	Keypress: right
39.9736 	EXP 	New trial (rep=0, index=10): {'YLeftPos': 0, 'time_presentation': 0.5, 'XLeftPos': -300, 'XRightPos': 300, 'rightimg': u'frogs/ab76.jpg', 'YRightPos': 0, 'leftimg': u'frogs/ab36.jpg'}
40.0208 	EXP 	Leftimg: autoDraw = False
40.0208 	EXP 	Rightimg: autoDraw = False
40.0208 	EXP 	text: autoDraw = False
40.0208 	EXP 	Leftimg: pos = array([-300.,    0.])
40.0208 	EXP 	Leftimg: image = u'frogs/ab36.jpg'
40.0208 	EXP 	Rightimg: pos = array([ 300.,    0.])
40.0208 	EXP 	Rightimg: image = u'frogs/ab76.jpg'
40.0208 	EXP 	Leftimg: autoDraw = True
40.0208 	EXP 	Rightimg: autoDraw = True
40.4875 	EXP 	Leftimg: autoDraw = False
40.4875 	EXP 	Rightimg: autoDraw = False
41.0050 	DATA 	Keypress: left
41.0062 	EXP 	New trial (rep=0, index=11): {'YLeftPos': 0, 'time_presentation': 0.5, 'XLeftPos': -300, 'XRightPos': 300, 'rightimg': u'frogs/ab56.jpg', 'YRightPos': 0, 'leftimg': u'frogs/ab16.jpg'}
41.2870 	EXP 	Leftimg: autoDraw = False
41.2870 	EXP 	Rightimg: autoDraw = False
41.2870 	EXP 	text: autoDraw = False
41.2870 	EXP 	Leftimg: pos = array([-300.,    0.])
41.2870 	EXP 	Leftimg: image = u'frogs/ab16.jpg'
41.2870 	EXP 	Rightimg: pos = array([ 300.,    0.])
41.2870 	EXP 	Rightimg: image = u'frogs/ab56.jpg'
41.2870 	EXP 	Leftimg: autoDraw = True
41.2870 	EXP 	Rightimg: autoDraw = True
41.5209 	EXP 	Leftimg: autoDraw = False
41.5209 	EXP 	Rightimg: autoDraw = False
42.3392 	DATA 	Keypress: right
42.3404 	EXP 	New trial (rep=0, index=12): {'YLeftPos': 0, 'time_presentation': 0.5, 'XLeftPos': -300, 'XRightPos': 300, 'rightimg': u'frogs/ab80.jpg', 'YRightPos': 0, 'leftimg': u'frogs/ab40.jpg'}
42.3699 	EXP 	Leftimg: autoDraw = False
42.3699 	EXP 	Rightimg: autoDraw = False
42.3699 	EXP 	text: autoDraw = False
42.3699 	EXP 	Leftimg: pos = array([-300.,    0.])
42.3699 	EXP 	Leftimg: image = u'frogs/ab40.jpg'
42.3699 	EXP 	Rightimg: pos = array([ 300.,    0.])
42.3699 	EXP 	Rightimg: image = u'frogs/ab80.jpg'
42.3699 	EXP 	Leftimg: autoDraw = True
42.3699 	EXP 	Rightimg: autoDraw = True
42.8541 	EXP 	Leftimg: autoDraw = False
42.8541 	EXP 	Rightimg: autoDraw = False
43.3061 	DATA 	Keypress: left
43.3073 	EXP 	New trial (rep=0, index=13): {'YLeftPos': 0, 'time_presentation': 0.5, 'XLeftPos': -300, 'XRightPos': 300, 'rightimg': u'frogs/ab41.jpg', 'YRightPos': 0, 'leftimg': u'frogs/ab1.jpg'}
43.3207 	EXP 	Leftimg: autoDraw = False
43.3207 	EXP 	Rightimg: autoDraw = False
43.3207 	EXP 	text: autoDraw = False
43.3207 	EXP 	Leftimg: pos = array([-300.,    0.])
43.3207 	EXP 	Leftimg: image = u'frogs/ab1.jpg'
43.3207 	EXP 	Rightimg: pos = array([ 300.,    0.])
43.3207 	EXP 	Rightimg: image = u'frogs/ab41.jpg'
43.3207 	EXP 	Leftimg: autoDraw = True
43.3207 	EXP 	Rightimg: autoDraw = True
43.8209 	EXP 	Leftimg: autoDraw = False
43.8209 	EXP 	Rightimg: autoDraw = False
44.2233 	DATA 	Keypress: right
44.2251 	EXP 	New trial (rep=0, index=14): {'YLeftPos': 0, 'time_presentation': 0.5, 'XLeftPos': -300, 'XRightPos': 300, 'rightimg': u'frogs/ab42.jpg', 'YRightPos': 0, 'leftimg': u'frogs/ab2.jpg'}
44.5553 	EXP 	Leftimg: autoDraw = False
44.5553 	EXP 	Rightimg: autoDraw = False
44.5553 	EXP 	text: autoDraw = False
44.5553 	EXP 	Leftimg: pos = array([-300.,    0.])
44.5553 	EXP 	Leftimg: image = u'frogs/ab2.jpg'
44.5553 	EXP 	Rightimg: pos = array([ 300.,    0.])
44.5553 	EXP 	Rightimg: image = u'frogs/ab42.jpg'
44.5553 	EXP 	Leftimg: autoDraw = True
44.5553 	EXP 	Rightimg: autoDraw = True
44.7375 	EXP 	Leftimg: autoDraw = False
44.7375 	EXP 	Rightimg: autoDraw = False
45.1058 	DATA 	Keypress: right
45.1069 	EXP 	New trial (rep=0, index=15): {'YLeftPos': 0, 'time_presentation': 0.5, 'XLeftPos': -300, 'XRightPos': 300, 'rightimg': u'frogs/ab74.jpg', 'YRightPos': 0, 'leftimg': u'frogs/ab34.jpg'}
45.2036 	EXP 	Leftimg: autoDraw = False
45.2036 	EXP 	Rightimg: autoDraw = False
45.2036 	EXP 	text: autoDraw = False
45.2036 	EXP 	Leftimg: pos = array([-300.,    0.])
45.2036 	EXP 	Leftimg: image = u'frogs/ab34.jpg'
45.2036 	EXP 	Rightimg: pos = array([ 300.,    0.])
45.2036 	EXP 	Rightimg: image = u'frogs/ab74.jpg'
45.2036 	EXP 	Leftimg: autoDraw = True
45.2036 	EXP 	Rightimg: autoDraw = True
45.6201 	EXP 	Leftimg: autoDraw = False
45.6201 	EXP 	Rightimg: autoDraw = False
46.2891 	DATA 	Keypress: left
46.2902 	EXP 	New trial (rep=0, index=16): {'YLeftPos': 0, 'time_presentation': 0.5, 'XLeftPos': -300, 'XRightPos': 300, 'rightimg': u'frogs/ab55.jpg', 'YRightPos': 0, 'leftimg': u'frogs/ab15.jpg'}
46.3707 	EXP 	Leftimg: autoDraw = False
46.3707 	EXP 	Rightimg: autoDraw = False
46.3707 	EXP 	text: autoDraw = False
46.3707 	EXP 	Leftimg: pos = array([-300.,    0.])
46.3707 	EXP 	Leftimg: image = u'frogs/ab15.jpg'
46.3707 	EXP 	Rightimg: pos = array([ 300.,    0.])
46.3707 	EXP 	Rightimg: image = u'frogs/ab55.jpg'
46.3707 	EXP 	Leftimg: autoDraw = True
46.3707 	EXP 	Rightimg: autoDraw = True
46.8042 	EXP 	Leftimg: autoDraw = False
46.8042 	EXP 	Rightimg: autoDraw = False
47.0893 	DATA 	Keypress: right
47.0904 	EXP 	New trial (rep=0, index=17): {'YLeftPos': 0, 'time_presentation': 0.5, 'XLeftPos': -300, 'XRightPos': 300, 'rightimg': u'frogs/ab77.jpg', 'YRightPos': 0, 'leftimg': u'frogs/ab37.jpg'}
47.1539 	EXP 	Leftimg: autoDraw = False
47.1539 	EXP 	Rightimg: autoDraw = False
47.1539 	EXP 	text: autoDraw = False
47.1539 	EXP 	Leftimg: pos = array([-300.,    0.])
47.1539 	EXP 	Leftimg: image = u'frogs/ab37.jpg'
47.1539 	EXP 	Rightimg: pos = array([ 300.,    0.])
47.1539 	EXP 	Rightimg: image = u'frogs/ab77.jpg'
47.1539 	EXP 	Leftimg: autoDraw = True
47.1539 	EXP 	Rightimg: autoDraw = True
47.6042 	EXP 	Leftimg: autoDraw = False
47.6042 	EXP 	Rightimg: autoDraw = False
48.0561 	DATA 	Keypress: right
48.0573 	EXP 	New trial (rep=0, index=18): {'YLeftPos': 0, 'time_presentation': 0.5, 'XLeftPos': -300, 'XRightPos': 300, 'rightimg': u'frogs/ab71.jpg', 'YRightPos': 0, 'leftimg': u'frogs/ab31.jpg'}
48.1372 	EXP 	Leftimg: autoDraw = False
48.1372 	EXP 	Rightimg: autoDraw = False
48.1372 	EXP 	text: autoDraw = False
48.1372 	EXP 	Leftimg: pos = array([-300.,    0.])
48.1372 	EXP 	Leftimg: image = u'frogs/ab31.jpg'
48.1372 	EXP 	Rightimg: pos = array([ 300.,    0.])
48.1372 	EXP 	Rightimg: image = u'frogs/ab71.jpg'
48.1372 	EXP 	Leftimg: autoDraw = True
48.1372 	EXP 	Rightimg: autoDraw = True
48.5708 	EXP 	Leftimg: autoDraw = False
48.5708 	EXP 	Rightimg: autoDraw = False
48.8239 	DATA 	Keypress: left
48.8388 	EXP 	New trial (rep=0, index=19): {'YLeftPos': 0, 'time_presentation': 0.5, 'XLeftPos': -300, 'XRightPos': 300, 'rightimg': u'frogs/ab48.jpg', 'YRightPos': 0, 'leftimg': u'frogs/ab8.jpg'}
48.8866 	EXP 	Leftimg: autoDraw = False
48.8866 	EXP 	Rightimg: autoDraw = False
48.8866 	EXP 	text: autoDraw = False
48.8866 	EXP 	Leftimg: pos = array([-300.,    0.])
48.8866 	EXP 	Leftimg: image = u'frogs/ab8.jpg'
48.8866 	EXP 	Rightimg: pos = array([ 300.,    0.])
48.8866 	EXP 	Rightimg: image = u'frogs/ab48.jpg'
48.8866 	EXP 	Leftimg: autoDraw = True
48.8866 	EXP 	Rightimg: autoDraw = True
49.3542 	EXP 	Leftimg: autoDraw = False
49.3542 	EXP 	Rightimg: autoDraw = False
49.4718 	DATA 	Keypress: left
49.4729 	EXP 	New trial (rep=0, index=20): {'YLeftPos': 0, 'time_presentation': 0.5, 'XLeftPos': -300, 'XRightPos': 300, 'rightimg': u'frogs/ab79.jpg', 'YRightPos': 0, 'leftimg': u'frogs/ab39.jpg'}
49.5032 	EXP 	Leftimg: autoDraw = False
49.5032 	EXP 	Rightimg: autoDraw = False
49.5032 	EXP 	text: autoDraw = False
49.5032 	EXP 	Leftimg: pos = array([-300.,    0.])
49.5032 	EXP 	Leftimg: image = u'frogs/ab39.jpg'
49.5032 	EXP 	Rightimg: pos = array([ 300.,    0.])
49.5032 	EXP 	Rightimg: image = u'frogs/ab79.jpg'
49.5032 	EXP 	Leftimg: autoDraw = True
49.5032 	EXP 	Rightimg: autoDraw = True
49.9054 	DATA 	Keypress: right
49.9063 	EXP 	New trial (rep=0, index=21): {'YLeftPos': 0, 'time_presentation': 0.5, 'XLeftPos': -300, 'XRightPos': 300, 'rightimg': u'frogs/ab62.jpg', 'YRightPos': 0, 'leftimg': u'frogs/ab22.jpg'}
50.1034 	EXP 	Leftimg: autoDraw = False
50.1034 	EXP 	Rightimg: autoDraw = False
50.1034 	EXP 	text: autoDraw = False
50.1034 	EXP 	Leftimg: pos = array([-300.,    0.])
50.1034 	EXP 	Leftimg: image = u'frogs/ab22.jpg'
50.1034 	EXP 	Rightimg: pos = array([ 300.,    0.])
50.1034 	EXP 	Rightimg: image = u'frogs/ab62.jpg'
50.1034 	EXP 	Leftimg: autoDraw = True
50.1034 	EXP 	Rightimg: autoDraw = True
50.4205 	EXP 	Leftimg: autoDraw = False
50.4205 	EXP 	Rightimg: autoDraw = False
50.4725 	DATA 	Keypress: left
50.4737 	EXP 	New trial (rep=0, index=22): {'YLeftPos': 0, 'time_presentation': 0.5, 'XLeftPos': -300, 'XRightPos': 300, 'rightimg': u'frogs/ab66.jpg', 'YRightPos': 0, 'leftimg': u'frogs/ab26.jpg'}
50.5037 	EXP 	Leftimg: autoDraw = False
50.5037 	EXP 	Rightimg: autoDraw = False
50.5037 	EXP 	text: autoDraw = False
50.5037 	EXP 	Leftimg: pos = array([-300.,    0.])
50.5037 	EXP 	Leftimg: image = u'frogs/ab26.jpg'
50.5037 	EXP 	Rightimg: pos = array([ 300.,    0.])
50.5037 	EXP 	Rightimg: image = u'frogs/ab66.jpg'
50.5037 	EXP 	Leftimg: autoDraw = True
50.5037 	EXP 	Rightimg: autoDraw = True
50.8560 	DATA 	Keypress: right
50.8570 	EXP 	New trial (rep=0, index=23): {'YLeftPos': 0, 'time_presentation': 0.5, 'XLeftPos': -300, 'XRightPos': 300, 'rightimg': u'frogs/ab61.jpg', 'YRightPos': 0, 'leftimg': u'frogs/ab21.jpg'}
50.8876 	EXP 	Leftimg: autoDraw = False
50.8876 	EXP 	Rightimg: autoDraw = False
50.8876 	EXP 	text: autoDraw = False
50.8876 	EXP 	Leftimg: pos = array([-300.,    0.])
50.8876 	EXP 	Leftimg: image = u'frogs/ab21.jpg'
50.8876 	EXP 	Rightimg: pos = array([ 300.,    0.])
50.8876 	EXP 	Rightimg: image = u'frogs/ab61.jpg'
50.8876 	EXP 	Leftimg: autoDraw = True
50.8876 	EXP 	Rightimg: autoDraw = True
51.2060 	DATA 	Keypress: left
51.2069 	EXP 	New trial (rep=0, index=24): {'YLeftPos': 0, 'time_presentation': 0.5, 'XLeftPos': -300, 'XRightPos': 300, 'rightimg': u'frogs/ab49.jpg', 'YRightPos': 0, 'leftimg': u'frogs/ab9.jpg'}
51.4047 	EXP 	Leftimg: autoDraw = False
51.4047 	EXP 	Rightimg: autoDraw = False
51.4047 	EXP 	text: autoDraw = False
51.4047 	EXP 	Leftimg: pos = array([-300.,    0.])
51.4047 	EXP 	Leftimg: image = u'frogs/ab9.jpg'
51.4047 	EXP 	Rightimg: pos = array([ 300.,    0.])
51.4047 	EXP 	Rightimg: image = u'frogs/ab49.jpg'
51.4047 	EXP 	Leftimg: autoDraw = True
51.4047 	EXP 	Rightimg: autoDraw = True
51.6558 	DATA 	Keypress: right
51.6568 	EXP 	New trial (rep=0, index=25): {'YLeftPos': 0, 'time_presentation': 0.5, 'XLeftPos': -300, 'XRightPos': 300, 'rightimg': u'frogs/ab44.jpg', 'YRightPos': 0, 'leftimg': u'frogs/ab4.jpg'}
51.6875 	EXP 	Leftimg: autoDraw = False
51.6875 	EXP 	Rightimg: autoDraw = False
51.6875 	EXP 	text: autoDraw = False
51.6875 	EXP 	Leftimg: pos = array([-300.,    0.])
51.6875 	EXP 	Leftimg: image = u'frogs/ab4.jpg'
51.6875 	EXP 	Rightimg: pos = array([ 300.,    0.])
51.6875 	EXP 	Rightimg: image = u'frogs/ab44.jpg'
51.6875 	EXP 	Leftimg: autoDraw = True
51.6875 	EXP 	Rightimg: autoDraw = True
52.0060 	DATA 	Keypress: left
52.0069 	EXP 	New trial (rep=0, index=26): {'YLeftPos': 0, 'time_presentation': 0.5, 'XLeftPos': -300, 'XRightPos': 300, 'rightimg': u'3.jpg', 'YRightPos': 0, 'leftimg': u'1.jpg'}
52.0535 	EXP 	Leftimg: autoDraw = False
52.0535 	EXP 	Rightimg: autoDraw = False
52.0535 	EXP 	text: autoDraw = False
52.0535 	EXP 	Leftimg: pos = array([-300.,    0.])
52.0535 	EXP 	Leftimg: image = u'1.jpg'
52.0535 	EXP 	Rightimg: pos = array([ 300.,    0.])
52.0535 	EXP 	Rightimg: image = u'3.jpg'
52.0535 	EXP 	Leftimg: autoDraw = True
52.0535 	EXP 	Rightimg: autoDraw = True
52.3391 	DATA 	Keypress: right
52.3401 	EXP 	New trial (rep=0, index=27): {'YLeftPos': 0, 'time_presentation': 0.5, 'XLeftPos': -300, 'XRightPos': 300, 'rightimg': u'frogs/ab78.jpg', 'YRightPos': 0, 'leftimg': u'frogs/ab38.jpg'}
52.3708 	EXP 	Leftimg: autoDraw = False
52.3708 	EXP 	Rightimg: autoDraw = False
52.3708 	EXP 	text: autoDraw = False
52.3708 	EXP 	Leftimg: pos = array([-300.,    0.])
52.3708 	EXP 	Leftimg: image = u'frogs/ab38.jpg'
52.3708 	EXP 	Rightimg: pos = array([ 300.,    0.])
52.3708 	EXP 	Rightimg: image = u'frogs/ab78.jpg'
52.3708 	EXP 	Leftimg: autoDraw = True
52.3708 	EXP 	Rightimg: autoDraw = True
52.8223 	DATA 	Keypress: left
52.8233 	EXP 	New trial (rep=0, index=28): {'YLeftPos': 0, 'time_presentation': 0.5, 'XLeftPos': -300, 'XRightPos': 300, 'rightimg': u'frogs/ab45.jpg', 'YRightPos': 0, 'leftimg': u'frogs/ab5.jpg'}
52.8542 	EXP 	Leftimg: autoDraw = False
52.8542 	EXP 	Rightimg: autoDraw = False
52.8542 	EXP 	text: autoDraw = False
52.8542 	EXP 	Leftimg: pos = array([-300.,    0.])
52.8542 	EXP 	Leftimg: image = u'frogs/ab5.jpg'
52.8542 	EXP 	Rightimg: pos = array([ 300.,    0.])
52.8542 	EXP 	Rightimg: image = u'frogs/ab45.jpg'
52.8542 	EXP 	Leftimg: autoDraw = True
52.8542 	EXP 	Rightimg: autoDraw = True
53.1557 	DATA 	Keypress: left
53.1567 	EXP 	New trial (rep=0, index=29): {'YLeftPos': 0, 'time_presentation': 0.5, 'XLeftPos': -300, 'XRightPos': 300, 'rightimg': u'frogs/ab59.jpg', 'YRightPos': 0, 'leftimg': u'frogs/ab19.jpg'}
53.2034 	EXP 	Leftimg: autoDraw = False
53.2034 	EXP 	Rightimg: autoDraw = False
53.2034 	EXP 	text: autoDraw = False
53.2034 	EXP 	Leftimg: pos = array([-300.,    0.])
53.2034 	EXP 	Leftimg: image = u'frogs/ab19.jpg'
53.2034 	EXP 	Rightimg: pos = array([ 300.,    0.])
53.2034 	EXP 	Rightimg: image = u'frogs/ab59.jpg'
53.2034 	EXP 	Leftimg: autoDraw = True
53.2034 	EXP 	Rightimg: autoDraw = True
53.4224 	DATA 	Keypress: right
53.4234 	EXP 	New trial (rep=0, index=30): {'YLeftPos': 0, 'time_presentation': 0.5, 'XLeftPos': -300, 'XRightPos': 300, 'rightimg': u'frogs/ab52.jpg', 'YRightPos': 0, 'leftimg': u'frogs/ab12.jpg'}
53.4536 	EXP 	Leftimg: autoDraw = False
53.4536 	EXP 	Rightimg: autoDraw = False
53.4536 	EXP 	text: autoDraw = False
53.4536 	EXP 	Leftimg: pos = array([-300.,    0.])
53.4536 	EXP 	Leftimg: image = u'frogs/ab12.jpg'
53.4536 	EXP 	Rightimg: pos = array([ 300.,    0.])
53.4536 	EXP 	Rightimg: image = u'frogs/ab52.jpg'
53.4536 	EXP 	Leftimg: autoDraw = True
53.4536 	EXP 	Rightimg: autoDraw = True
53.7214 	DATA 	Keypress: right
53.7223 	EXP 	New trial (rep=0, index=31): {'YLeftPos': 0, 'time_presentation': 0.5, 'XLeftPos': -300, 'XRightPos': 300, 'rightimg': u'frogs/ab70.jpg', 'YRightPos': 0, 'leftimg': u'frogs/ab30.jpg'}
53.7371 	EXP 	Leftimg: autoDraw = False
53.7371 	EXP 	Rightimg: autoDraw = False
53.7371 	EXP 	text: autoDraw = False
53.7371 	EXP 	Leftimg: pos = array([-300.,    0.])
53.7371 	EXP 	Leftimg: image = u'frogs/ab30.jpg'
53.7371 	EXP 	Rightimg: pos = array([ 300.,    0.])
53.7371 	EXP 	Rightimg: image = u'frogs/ab70.jpg'
53.7371 	EXP 	Leftimg: autoDraw = True
53.7371 	EXP 	Rightimg: autoDraw = True
54.0722 	DATA 	Keypress: left
54.0731 	EXP 	New trial (rep=0, index=32): {'YLeftPos': 0, 'time_presentation': 0.5, 'XLeftPos': -300, 'XRightPos': 300, 'rightimg': u'frogs/ab64.jpg', 'YRightPos': 0, 'leftimg': u'frogs/ab24.jpg'}
54.1043 	EXP 	Leftimg: autoDraw = False
54.1043 	EXP 	Rightimg: autoDraw = False
54.1043 	EXP 	text: autoDraw = False
54.1043 	EXP 	Leftimg: pos = array([-300.,    0.])
54.1043 	EXP 	Leftimg: image = u'frogs/ab24.jpg'
54.1043 	EXP 	Rightimg: pos = array([ 300.,    0.])
54.1043 	EXP 	Rightimg: image = u'frogs/ab64.jpg'
54.1043 	EXP 	Leftimg: autoDraw = True
54.1043 	EXP 	Rightimg: autoDraw = True
54.3055 	DATA 	Keypress: left
54.3063 	EXP 	New trial (rep=0, index=33): {'YLeftPos': 0, 'time_presentation': 0.5, 'XLeftPos': -300, 'XRightPos': 300, 'rightimg': u'frogs/ab46.jpg', 'YRightPos': 0, 'leftimg': u'frogs/ab6.jpg'}
54.3868 	EXP 	Leftimg: autoDraw = False
54.3868 	EXP 	Rightimg: autoDraw = False
54.3868 	EXP 	text: autoDraw = False
54.3868 	EXP 	Leftimg: pos = array([-300.,    0.])
54.3868 	EXP 	Leftimg: image = u'frogs/ab6.jpg'
54.3868 	EXP 	Rightimg: pos = array([ 300.,    0.])
54.3868 	EXP 	Rightimg: image = u'frogs/ab46.jpg'
54.3868 	EXP 	Leftimg: autoDraw = True
54.3868 	EXP 	Rightimg: autoDraw = True
54.6224 	DATA 	Keypress: right
54.6234 	EXP 	New trial (rep=0, index=34): {'YLeftPos': 0, 'time_presentation': 0.5, 'XLeftPos': -300, 'XRightPos': 300, 'rightimg': u'frogs/ab67.jpg', 'YRightPos': 0, 'leftimg': u'frogs/ab27.jpg'}
54.6703 	EXP 	Leftimg: autoDraw = False
54.6703 	EXP 	Rightimg: autoDraw = False
54.6703 	EXP 	text: autoDraw = False
54.6703 	EXP 	Leftimg: pos = array([-300.,    0.])
54.6703 	EXP 	Leftimg: image = u'frogs/ab27.jpg'
54.6703 	EXP 	Rightimg: pos = array([ 300.,    0.])
54.6703 	EXP 	Rightimg: image = u'frogs/ab67.jpg'
54.6703 	EXP 	Leftimg: autoDraw = True
54.6703 	EXP 	Rightimg: autoDraw = True
54.9554 	DATA 	Keypress: left
54.9562 	EXP 	New trial (rep=0, index=35): {'YLeftPos': 0, 'time_presentation': 0.5, 'XLeftPos': -300, 'XRightPos': 300, 'rightimg': u'frogs/ab54.jpg', 'YRightPos': 0, 'leftimg': u'frogs/ab14.jpg'}
55.0040 	EXP 	Leftimg: autoDraw = False
55.0040 	EXP 	Rightimg: autoDraw = False
55.0040 	EXP 	text: autoDraw = False
55.0040 	EXP 	Leftimg: pos = array([-300.,    0.])
55.0040 	EXP 	Leftimg: image = u'frogs/ab14.jpg'
55.0040 	EXP 	Rightimg: pos = array([ 300.,    0.])
55.0040 	EXP 	Rightimg: image = u'frogs/ab54.jpg'
55.0040 	EXP 	Leftimg: autoDraw = True
55.0040 	EXP 	Rightimg: autoDraw = True
55.2224 	DATA 	Keypress: right
55.2234 	EXP 	New trial (rep=0, index=36): {'YLeftPos': 0, 'time_presentation': 0.5, 'XLeftPos': -300, 'XRightPos': 300, 'rightimg': u'frogs/ab53.jpg', 'YRightPos': 0, 'leftimg': u'frogs/ab13.jpg'}
55.2540 	EXP 	Leftimg: autoDraw = False
55.2540 	EXP 	Rightimg: autoDraw = False
55.2540 	EXP 	text: autoDraw = False
55.2540 	EXP 	Leftimg: pos = array([-300.,    0.])
55.2540 	EXP 	Leftimg: image = u'frogs/ab13.jpg'
55.2540 	EXP 	Rightimg: pos = array([ 300.,    0.])
55.2540 	EXP 	Rightimg: image = u'frogs/ab53.jpg'
55.2540 	EXP 	Leftimg: autoDraw = True
55.2540 	EXP 	Rightimg: autoDraw = True
55.4724 	DATA 	Keypress: left
55.4734 	EXP 	New trial (rep=0, index=37): {'YLeftPos': 0, 'time_presentation': 0.5, 'XLeftPos': -300, 'XRightPos': 300, 'rightimg': u'frogs/ab75.jpg', 'YRightPos': 0, 'leftimg': u'frogs/ab35.jpg'}
55.5039 	EXP 	Leftimg: autoDraw = False
55.5039 	EXP 	Rightimg: autoDraw = False
55.5039 	EXP 	text: autoDraw = False
55.5039 	EXP 	Leftimg: pos = array([-300.,    0.])
55.5039 	EXP 	Leftimg: image = u'frogs/ab35.jpg'
55.5039 	EXP 	Rightimg: pos = array([ 300.,    0.])
55.5039 	EXP 	Rightimg: image = u'frogs/ab75.jpg'
55.5039 	EXP 	Leftimg: autoDraw = True
55.5039 	EXP 	Rightimg: autoDraw = True
55.7055 	DATA 	Keypress: right
55.7064 	EXP 	New trial (rep=0, index=38): {'YLeftPos': 0, 'time_presentation': 0.5, 'XLeftPos': -300, 'XRightPos': 300, 'rightimg': u'frogs/ab65.jpg', 'YRightPos': 0, 'leftimg': u'frogs/ab25.jpg'}
55.7705 	EXP 	Leftimg: autoDraw = False
55.7705 	EXP 	Rightimg: autoDraw = False
55.7705 	EXP 	text: autoDraw = False
55.7705 	EXP 	Leftimg: pos = array([-300.,    0.])
55.7705 	EXP 	Leftimg: image = u'frogs/ab25.jpg'
55.7705 	EXP 	Rightimg: pos = array([ 300.,    0.])
55.7705 	EXP 	Rightimg: image = u'frogs/ab65.jpg'
55.7705 	EXP 	Leftimg: autoDraw = True
55.7705 	EXP 	Rightimg: autoDraw = True
55.8902 	DATA 	Keypress: left
55.9052 	EXP 	New trial (rep=0, index=39): {'YLeftPos': 0, 'time_presentation': 0.5, 'XLeftPos': -300, 'XRightPos': 300, 'rightimg': u'frogs/ab47.jpg', 'YRightPos': 0, 'leftimg': u'frogs/ab7.jpg'}
56.2402 	DATA 	Keypress: left
56.2410 	DATA 	Keypress: right
56.2708 	EXP 	Leftimg: autoDraw = False
56.2708 	EXP 	Rightimg: autoDraw = False
56.2708 	EXP 	text: autoDraw = False
56.2708 	EXP 	Leftimg: pos = array([-300.,    0.])
56.2708 	EXP 	Leftimg: image = u'frogs/ab7.jpg'
56.2708 	EXP 	Rightimg: pos = array([ 300.,    0.])
56.2708 	EXP 	Rightimg: image = u'frogs/ab47.jpg'
56.2708 	EXP 	Leftimg: autoDraw = True
56.2708 	EXP 	Rightimg: autoDraw = True
56.3902 	DATA 	Keypress: right
56.4053 	EXP 	New trial (rep=0, index=40): {'YLeftPos': 0, 'time_presentation': 0.5, 'XLeftPos': -300, 'XRightPos': 300, 'rightimg': u'frogs/ab50.jpg', 'YRightPos': 0, 'leftimg': u'frogs/ab10.jpg'}
56.4877 	EXP 	Leftimg: autoDraw = False
56.4877 	EXP 	Rightimg: autoDraw = False
56.4877 	EXP 	Leftimg: autoDraw = False
56.4877 	EXP 	Rightimg: autoDraw = False
56.4877 	EXP 	text: autoDraw = False
56.4877 	EXP 	Leftimg: pos = array([-300.,    0.])
56.4877 	EXP 	Leftimg: image = u'frogs/ab10.jpg'
56.4877 	EXP 	Rightimg: pos = array([ 300.,    0.])
56.4877 	EXP 	Rightimg: image = u'frogs/ab50.jpg'
56.4877 	EXP 	Leftimg: autoDraw = True
56.4877 	EXP 	Rightimg: autoDraw = True
56.9207 	EXP 	Leftimg: autoDraw = False
56.9207 	EXP 	Rightimg: autoDraw = False
57.4724 	DATA 	Keypress: right
57.4736 	EXP 	New trial (rep=0, index=41): {'YLeftPos': 0, 'time_presentation': 0.5, 'XLeftPos': -300, 'XRightPos': 300, 'rightimg': u'frogs/ab73.jpg', 'YRightPos': 0, 'leftimg': u'frogs/ab33.jpg'}
57.5700 	EXP 	Leftimg: autoDraw = False
57.5700 	EXP 	Rightimg: autoDraw = False
57.5700 	EXP 	text: autoDraw = False
57.5700 	EXP 	Leftimg: pos = array([-300.,    0.])
57.5700 	EXP 	Leftimg: image = u'frogs/ab33.jpg'
57.5700 	EXP 	Rightimg: pos = array([ 300.,    0.])
57.5700 	EXP 	Rightimg: image = u'frogs/ab73.jpg'
57.5700 	EXP 	Leftimg: autoDraw = True
57.5700 	EXP 	Rightimg: autoDraw = True
57.9875 	EXP 	Leftimg: autoDraw = False
57.9875 	EXP 	Rightimg: autoDraw = False
58.2558 	DATA 	Keypress: left
58.2569 	EXP 	New trial (rep=0, index=42): {'YLeftPos': 0, 'time_presentation': 0.5, 'XLeftPos': -300, 'XRightPos': 300, 'rightimg': u'frogs/ab72.jpg', 'YRightPos': 0, 'leftimg': u'frogs/ab32.jpg'}
58.3041 	EXP 	Leftimg: autoDraw = False
58.3041 	EXP 	Rightimg: autoDraw = False
58.3041 	EXP 	text: autoDraw = False
58.3041 	EXP 	Leftimg: pos = array([-300.,    0.])
58.3041 	EXP 	Leftimg: image = u'frogs/ab32.jpg'
58.3041 	EXP 	Rightimg: pos = array([ 300.,    0.])
58.3041 	EXP 	Rightimg: image = u'frogs/ab72.jpg'
58.3041 	EXP 	Leftimg: autoDraw = True
58.3041 	EXP 	Rightimg: autoDraw = True
58.7707 	EXP 	Leftimg: autoDraw = False
58.7707 	EXP 	Rightimg: autoDraw = False
59.0720 	DATA 	Keypress: left
59.0730 	EXP 	New trial (rep=0, index=43): {'YLeftPos': 0, 'time_presentation': 0.5, 'XLeftPos': -300, 'XRightPos': 300, 'rightimg': u'4.jpg', 'YRightPos': 0, 'leftimg': u'2.jpg'}
59.1036 	EXP 	Leftimg: autoDraw = False
59.1036 	EXP 	Rightimg: autoDraw = False
59.1036 	EXP 	text: autoDraw = False
59.1036 	EXP 	Leftimg: pos = array([-300.,    0.])
59.1036 	EXP 	Leftimg: image = u'2.jpg'
59.1036 	EXP 	Rightimg: pos = array([ 300.,    0.])
59.1036 	EXP 	Rightimg: image = u'4.jpg'
59.1036 	EXP 	Leftimg: autoDraw = True
59.1036 	EXP 	Rightimg: autoDraw = True
59.5873 	EXP 	Leftimg: autoDraw = False
59.5873 	EXP 	Rightimg: autoDraw = False
60.4566 	DATA 	Keypress: right
60.5220 	EXP 	window1: blendMode = 'avg'
60.5375 	EXP 	Leftimg: autoDraw = False
60.5375 	EXP 	Rightimg: autoDraw = False
60.5375 	EXP 	text: autoDraw = False
60.5375 	EXP 	text_3: autoDraw = True
60.5385 	EXP 	window1: blendMode = 'avg'
60.5550 	EXP 	window1: blendMode = 'avg'
60.5726 	EXP 	window1: blendMode = 'avg'
60.5884 	EXP 	window1: blendMode = 'avg'
60.6045 	EXP 	window1: blendMode = 'avg'
60.6217 	EXP 	window1: blendMode = 'avg'
60.6383 	EXP 	window1: blendMode = 'avg'
60.6550 	EXP 	window1: blendMode = 'avg'
60.6717 	EXP 	window1: blendMode = 'avg'
60.6884 	EXP 	window1: blendMode = 'avg'
60.7049 	EXP 	window1: blendMode = 'avg'
60.7217 	EXP 	window1: blendMode = 'avg'
60.7383 	EXP 	window1: blendMode = 'avg'
60.7550 	EXP 	window1: blendMode = 'avg'
60.7716 	EXP 	window1: blendMode = 'avg'
60.7883 	EXP 	window1: blendMode = 'avg'
60.8055 	EXP 	window1: blendMode = 'avg'
60.8215 	EXP 	window1: blendMode = 'avg'
60.8383 	EXP 	window1: blendMode = 'avg'
60.8551 	EXP 	window1: blendMode = 'avg'
60.8716 	EXP 	window1: blendMode = 'avg'
60.8886 	EXP 	window1: blendMode = 'avg'
60.9049 	EXP 	window1: blendMode = 'avg'
60.9217 	EXP 	window1: blendMode = 'avg'
60.9382 	EXP 	window1: blendMode = 'avg'
60.9549 	EXP 	window1: blendMode = 'avg'
60.9717 	EXP 	window1: blendMode = 'avg'
60.9882 	EXP 	window1: blendMode = 'avg'
61.0049 	EXP 	window1: blendMode = 'avg'
61.0217 	EXP 	window1: blendMode = 'avg'
61.0382 	EXP 	window1: blendMode = 'avg'
61.0549 	EXP 	window1: blendMode = 'avg'
61.0717 	EXP 	window1: blendMode = 'avg'
61.0872 	EXP 	window1: blendMode = 'avg'
61.1041 	EXP 	window1: blendMode = 'avg'
61.1216 	EXP 	window1: blendMode = 'avg'
61.1386 	EXP 	window1: blendMode = 'avg'
61.1555 	EXP 	window1: blendMode = 'avg'
61.1723 	EXP 	window1: blendMode = 'avg'
61.1884 	EXP 	window1: blendMode = 'avg'
61.2051 	EXP 	window1: blendMode = 'avg'
61.2213 	EXP 	window1: blendMode = 'avg'
61.2386 	EXP 	window1: blendMode = 'avg'
61.2552 	EXP 	window1: blendMode = 'avg'
61.2717 	EXP 	window1: blendMode = 'avg'
61.2886 	EXP 	window1: blendMode = 'avg'
61.3048 	EXP 	window1: blendMode = 'avg'
61.3215 	EXP 	window1: blendMode = 'avg'
61.3386 	EXP 	window1: blendMode = 'avg'
61.3555 	EXP 	window1: blendMode = 'avg'
61.3717 	EXP 	window1: blendMode = 'avg'
61.3886 	EXP 	window1: blendMode = 'avg'
61.4059 	EXP 	window1: blendMode = 'avg'
61.4222 	EXP 	window1: blendMode = 'avg'
61.4387 	EXP 	window1: blendMode = 'avg'
61.4547 	EXP 	window1: blendMode = 'avg'
61.4721 	EXP 	window1: blendMode = 'avg'
61.4876 	EXP 	window1: blendMode = 'avg'
61.5047 	EXP 	window1: blendMode = 'avg'
61.5216 	EXP 	window1: blendMode = 'avg'
61.5378 	EXP 	window1: blendMode = 'avg'
61.5547 	EXP 	window1: blendMode = 'avg'
61.5715 	EXP 	window1: blendMode = 'avg'
61.5890 	EXP 	window1: blendMode = 'avg'
61.6054 	EXP 	window1: blendMode = 'avg'
61.6211 	EXP 	window1: blendMode = 'avg'
61.6382 	EXP 	window1: blendMode = 'avg'
61.6550 	EXP 	window1: blendMode = 'avg'
61.6718 	EXP 	window1: blendMode = 'avg'
61.6883 	EXP 	window1: blendMode = 'avg'
61.7051 	EXP 	window1: blendMode = 'avg'
61.7216 	EXP 	window1: blendMode = 'avg'
61.7384 	EXP 	window1: blendMode = 'avg'
61.7551 	EXP 	window1: blendMode = 'avg'
61.7718 	EXP 	window1: blendMode = 'avg'
61.7883 	EXP 	window1: blendMode = 'avg'
61.8051 	EXP 	window1: blendMode = 'avg'
61.8219 	EXP 	window1: blendMode = 'avg'
61.8382 	EXP 	window1: blendMode = 'avg'
61.8551 	EXP 	window1: blendMode = 'avg'
61.8717 	EXP 	window1: blendMode = 'avg'
61.8876 	EXP 	window1: blendMode = 'avg'
61.9049 	EXP 	window1: blendMode = 'avg'
61.9218 	EXP 	window1: blendMode = 'avg'
61.9383 	EXP 	window1: blendMode = 'avg'
61.9551 	EXP 	window1: blendMode = 'avg'
61.9717 	EXP 	window1: blendMode = 'avg'
61.9884 	EXP 	window1: blendMode = 'avg'
62.0050 	EXP 	window1: blendMode = 'avg'
62.0209 	EXP 	window1: blendMode = 'avg'
62.0385 	EXP 	window1: blendMode = 'avg'
62.0551 	EXP 	window1: blendMode = 'avg'
62.0721 	EXP 	window1: blendMode = 'avg'
62.0882 	EXP 	window1: blendMode = 'avg'
62.1042 	EXP 	window1: blendMode = 'avg'
62.1217 	EXP 	window1: blendMode = 'avg'
62.1385 	EXP 	window1: blendMode = 'avg'
62.1550 	EXP 	window1: blendMode = 'avg'
62.1717 	EXP 	window1: blendMode = 'avg'
62.1883 	EXP 	window1: blendMode = 'avg'
62.2051 	EXP 	window1: blendMode = 'avg'
62.2211 	EXP 	window1: blendMode = 'avg'
62.2372 	EXP 	window1: blendMode = 'avg'
62.2551 	EXP 	window1: blendMode = 'avg'
62.2711 	EXP 	window1: blendMode = 'avg'
62.2873 	EXP 	window1: blendMode = 'avg'
62.3043 	EXP 	window1: blendMode = 'avg'
62.3207 	EXP 	window1: blendMode = 'avg'
62.3384 	EXP 	window1: blendMode = 'avg'
62.3550 	EXP 	window1: blendMode = 'avg'
62.3717 	EXP 	window1: blendMode = 'avg'
62.3872 	EXP 	window1: blendMode = 'avg'
62.4050 	EXP 	window1: blendMode = 'avg'
62.4217 	EXP 	window1: blendMode = 'avg'
62.4383 	EXP 	window1: blendMode = 'avg'
62.4551 	EXP 	window1: blendMode = 'avg'
62.4717 	EXP 	window1: blendMode = 'avg'
62.4876 	EXP 	window1: blendMode = 'avg'
62.5036 	EXP 	window1: blendMode = 'avg'
62.5218 	EXP 	window1: blendMode = 'avg'
62.5384 	EXP 	window1: blendMode = 'avg'
62.5549 	EXP 	window1: blendMode = 'avg'
62.5717 	EXP 	window1: blendMode = 'avg'
62.5883 	EXP 	window1: blendMode = 'avg'
62.6051 	EXP 	window1: blendMode = 'avg'
62.6216 	EXP 	window1: blendMode = 'avg'
62.6382 	EXP 	window1: blendMode = 'avg'
62.6551 	EXP 	window1: blendMode = 'avg'
62.6717 	EXP 	window1: blendMode = 'avg'
62.6883 	EXP 	window1: blendMode = 'avg'
62.7051 	EXP 	window1: blendMode = 'avg'
62.7216 	EXP 	window1: blendMode = 'avg'
62.7384 	EXP 	window1: blendMode = 'avg'
62.7550 	EXP 	window1: blendMode = 'avg'
62.7705 	EXP 	window1: blendMode = 'avg'
62.7883 	EXP 	window1: blendMode = 'avg'
62.8050 	EXP 	window1: blendMode = 'avg'
62.8217 	EXP 	window1: blendMode = 'avg'
62.8384 	EXP 	window1: blendMode = 'avg'
62.8549 	EXP 	window1: blendMode = 'avg'
62.8718 	EXP 	window1: blendMode = 'avg'
62.8883 	EXP 	window1: blendMode = 'avg'
62.9050 	EXP 	window1: blendMode = 'avg'
62.9217 	EXP 	window1: blendMode = 'avg'
62.9383 	EXP 	window1: blendMode = 'avg'
62.9551 	EXP 	window1: blendMode = 'avg'
62.9716 	EXP 	window1: blendMode = 'avg'
62.9884 	EXP 	window1: blendMode = 'avg'
63.0050 	EXP 	window1: blendMode = 'avg'
63.0217 	EXP 	window1: blendMode = 'avg'
63.0384 	EXP 	window1: blendMode = 'avg'
63.0549 	EXP 	window1: blendMode = 'avg'
63.0717 	EXP 	window1: blendMode = 'avg'
63.0881 	EXP 	window1: blendMode = 'avg'
63.1052 	EXP 	window1: blendMode = 'avg'
63.1218 	EXP 	window1: blendMode = 'avg'
63.1383 	EXP 	window1: blendMode = 'avg'
63.1546 	EXP 	window1: blendMode = 'avg'
63.1715 	EXP 	window1: blendMode = 'avg'
63.1884 	EXP 	window1: blendMode = 'avg'
63.2049 	EXP 	window1: blendMode = 'avg'
63.2216 	EXP 	window1: blendMode = 'avg'
63.2384 	EXP 	window1: blendMode = 'avg'
63.2550 	EXP 	window1: blendMode = 'avg'
63.2718 	EXP 	window1: blendMode = 'avg'
63.2883 	EXP 	window1: blendMode = 'avg'
63.3052 	EXP 	window1: blendMode = 'avg'
63.3218 	EXP 	window1: blendMode = 'avg'
63.3383 	EXP 	window1: blendMode = 'avg'
63.3552 	EXP 	window1: blendMode = 'avg'
63.3715 	EXP 	window1: blendMode = 'avg'
63.3881 	EXP 	window1: blendMode = 'avg'
63.4048 	EXP 	window1: blendMode = 'avg'
63.4215 	EXP 	window1: blendMode = 'avg'
63.4383 	EXP 	window1: blendMode = 'avg'
63.4551 	EXP 	window1: blendMode = 'avg'
63.4720 	EXP 	window1: blendMode = 'avg'
63.4876 	EXP 	window1: blendMode = 'avg'
63.5044 	EXP 	window1: blendMode = 'avg'
63.5217 	EXP 	window1: blendMode = 'avg'
63.5380 	EXP 	window1: blendMode = 'avg'
63.5548 	EXP 	window1: blendMode = 'avg'
63.5716 	EXP 	window1: blendMode = 'avg'
63.5883 	EXP 	window1: blendMode = 'avg'
63.6046 	EXP 	window1: blendMode = 'avg'
63.6215 	EXP 	window1: blendMode = 'avg'
63.6384 	EXP 	window1: blendMode = 'avg'
63.6549 	EXP 	window1: blendMode = 'avg'
63.6717 	EXP 	window1: blendMode = 'avg'
63.6883 	EXP 	window1: blendMode = 'avg'
63.7050 	EXP 	window1: blendMode = 'avg'
63.7216 	EXP 	window1: blendMode = 'avg'
63.7383 	EXP 	window1: blendMode = 'avg'
63.7550 	EXP 	window1: blendMode = 'avg'
63.7716 	EXP 	window1: blendMode = 'avg'
63.7875 	EXP 	window1: blendMode = 'avg'
63.8045 	EXP 	window1: blendMode = 'avg'
63.8215 	EXP 	window1: blendMode = 'avg'
63.8386 	EXP 	window1: blendMode = 'avg'
63.8549 	EXP 	window1: blendMode = 'avg'
63.8717 	EXP 	window1: blendMode = 'avg'
63.8884 	EXP 	window1: blendMode = 'avg'
63.9050 	EXP 	window1: blendMode = 'avg'
63.9217 	EXP 	window1: blendMode = 'avg'
63.9383 	EXP 	window1: blendMode = 'avg'
63.9550 	EXP 	window1: blendMode = 'avg'
63.9716 	EXP 	window1: blendMode = 'avg'
63.9873 	EXP 	window1: blendMode = 'avg'
64.0048 	EXP 	window1: blendMode = 'avg'
64.0215 	EXP 	window1: blendMode = 'avg'
64.0383 	EXP 	window1: blendMode = 'avg'
64.0550 	EXP 	window1: blendMode = 'avg'
64.0718 	EXP 	window1: blendMode = 'avg'
64.0874 	EXP 	window1: blendMode = 'avg'
64.1049 	EXP 	window1: blendMode = 'avg'
64.1217 	EXP 	window1: blendMode = 'avg'
64.1383 	EXP 	window1: blendMode = 'avg'
64.1551 	EXP 	window1: blendMode = 'avg'
64.1719 	EXP 	window1: blendMode = 'avg'
64.1881 	EXP 	window1: blendMode = 'avg'
64.2050 	EXP 	window1: blendMode = 'avg'
64.2217 	EXP 	window1: blendMode = 'avg'
64.2380 	EXP 	window1: blendMode = 'avg'
64.2543 	EXP 	window1: blendMode = 'avg'
64.2709 	EXP 	window1: blendMode = 'avg'
64.2884 	EXP 	window1: blendMode = 'avg'
64.3043 	EXP 	window1: blendMode = 'avg'
64.3215 	EXP 	window1: blendMode = 'avg'
64.3385 	EXP 	window1: blendMode = 'avg'
64.3551 	EXP 	window1: blendMode = 'avg'
64.3717 	EXP 	window1: blendMode = 'avg'
64.3882 	EXP 	window1: blendMode = 'avg'
64.4049 	EXP 	window1: blendMode = 'avg'
64.4217 	EXP 	window1: blendMode = 'avg'
64.4383 	EXP 	window1: blendMode = 'avg'
64.4550 	EXP 	window1: blendMode = 'avg'
64.4716 	EXP 	window1: blendMode = 'avg'
64.4883 	EXP 	window1: blendMode = 'avg'
64.5049 	EXP 	window1: blendMode = 'avg'
64.5214 	EXP 	window1: blendMode = 'avg'
64.5383 	EXP 	window1: blendMode = 'avg'
64.5549 	EXP 	window1: blendMode = 'avg'
64.5717 	EXP 	window1: blendMode = 'avg'
64.5883 	EXP 	window1: blendMode = 'avg'
64.6051 	EXP 	window1: blendMode = 'avg'
64.6216 	EXP 	window1: blendMode = 'avg'
64.6384 	EXP 	window1: blendMode = 'avg'
64.6550 	EXP 	window1: blendMode = 'avg'
64.6717 	EXP 	window1: blendMode = 'avg'
64.6883 	EXP 	window1: blendMode = 'avg'
64.7050 	EXP 	window1: blendMode = 'avg'
64.7219 	EXP 	window1: blendMode = 'avg'
64.7382 	EXP 	window1: blendMode = 'avg'
64.7549 	EXP 	window1: blendMode = 'avg'
64.7717 	EXP 	window1: blendMode = 'avg'
64.7881 	EXP 	window1: blendMode = 'avg'
64.8051 	EXP 	window1: blendMode = 'avg'
64.8219 	EXP 	window1: blendMode = 'avg'
64.8381 	EXP 	window1: blendMode = 'avg'
64.8551 	EXP 	window1: blendMode = 'avg'
64.8717 	EXP 	window1: blendMode = 'avg'
64.8882 	EXP 	window1: blendMode = 'avg'
64.9052 	EXP 	window1: blendMode = 'avg'
64.9217 	EXP 	window1: blendMode = 'avg'
64.9383 	EXP 	window1: blendMode = 'avg'
64.9551 	EXP 	window1: blendMode = 'avg'
64.9718 	EXP 	window1: blendMode = 'avg'
64.9883 	EXP 	window1: blendMode = 'avg'
65.0049 	EXP 	window1: blendMode = 'avg'
65.0217 	EXP 	window1: blendMode = 'avg'
65.0383 	EXP 	window1: blendMode = 'avg'
65.0550 	EXP 	window1: blendMode = 'avg'
65.0716 	EXP 	window1: blendMode = 'avg'
65.0890 	EXP 	window1: blendMode = 'avg'
65.1048 	EXP 	window1: blendMode = 'avg'
65.1217 	EXP 	window1: blendMode = 'avg'
65.1382 	EXP 	window1: blendMode = 'avg'
65.1542 	EXP 	window1: blendMode = 'avg'
65.1717 	EXP 	window1: blendMode = 'avg'
65.1883 	EXP 	window1: blendMode = 'avg'
65.2047 	EXP 	window1: blendMode = 'avg'
65.2216 	EXP 	window1: blendMode = 'avg'
65.2384 	EXP 	window1: blendMode = 'avg'
65.2549 	EXP 	window1: blendMode = 'avg'
65.2717 	EXP 	window1: blendMode = 'avg'
65.2882 	EXP 	window1: blendMode = 'avg'
65.3051 	EXP 	window1: blendMode = 'avg'
65.3216 	EXP 	window1: blendMode = 'avg'
65.3384 	EXP 	window1: blendMode = 'avg'
65.3550 	EXP 	window1: blendMode = 'avg'
65.3717 	EXP 	window1: blendMode = 'avg'
65.3882 	EXP 	window1: blendMode = 'avg'
65.4051 	EXP 	window1: blendMode = 'avg'
65.4216 	EXP 	window1: blendMode = 'avg'
65.4385 	EXP 	window1: blendMode = 'avg'
65.4547 	EXP 	window1: blendMode = 'avg'
65.4715 	EXP 	window1: blendMode = 'avg'
65.4882 	EXP 	window1: blendMode = 'avg'
65.5048 	EXP 	window1: blendMode = 'avg'
65.5216 	EXP 	window1: blendMode = 'avg'
65.5384 	EXP 	window1: blendMode = 'avg'
65.5548 	EXP 	window1: blendMode = 'avg'
65.5717 	EXP 	window1: blendMode = 'avg'
65.5883 	EXP 	window1: blendMode = 'avg'
65.6046 	EXP 	window1: blendMode = 'avg'
65.6215 	EXP 	window1: blendMode = 'avg'
65.6384 	EXP 	window1: blendMode = 'avg'
65.6549 	EXP 	window1: blendMode = 'avg'
65.6718 	DATA 	Keypress: escape
65.7774 	EXP 	window1: mouseVisible = True
