11.4485 	EXP 	Created window1 = Window(allowGUI=False, allowStencil=False, autoLog=True, bitsMode=UNKNOWN, blendMode='avg', color=array([ 0.,  0.,  0.]), colorSpace='rgb', fullscr=UNKNOWN, gamma=None, lms=UNKNOWN, monitor=<psychopy.monitors.calibTools.Monitor object at 0x113edb410>, multiSample=False, name='window1', numSamples=2, pos=[0, 0], screen=0, size=array([1440,  900]), stereo=False, units=u'norm', useFBO=True, useRetina=False, viewOri=0.0, viewPos=None, viewScale=None, waitBlanking=True, winType='pyglet')
11.4486 	EXP 	window1: recordFrameIntervals = False
11.6145 	EXP 	window1: recordFrameIntervals = True
11.7980 	EXP 	window1: recordFrameIntervals = False
11.8828 	EXP 	Created text_2 = TextStim(alignHoriz='center', alignVert='center', antialias=True, autoLog=True, bold=False, color='white', colorSpace='named', contrast=1.0, depth=0.0, flipHoriz=False, flipVert=False, font='Arial', fontFiles=[], height=0.1, italic=False, name='text_2', opacity=1.0, ori=0, pos=array([ 0.,  0.]), rgb=array([ 255.,  255.,  255.]), text=unicode(...), units=u'norm', win=Window(...), wrapWidth=1)
11.8844 	EXP 	Created Leftimg = ImageStim(autoLog=True, color=array([ 1.,  1.,  1.]), colorSpace='rgb', contrast=1.0, depth=0.0, flipHoriz=False, flipVert=False, image='sin', interpolate=True, mask=None, maskParams=None, name='Leftimg', opacity=1.0, ori=0.0, pos=array([ 0.,  0.]), size=array([ 400.,  400.]), texRes=128, units='pix', win=Window(...))
11.8855 	EXP 	Created Rightimg = ImageStim(autoLog=True, color=array([ 1.,  1.,  1.]), colorSpace='rgb', contrast=1.0, depth=-1.0, flipHoriz=False, flipVert=False, image='sin', interpolate=True, mask=None, maskParams=None, name='Rightimg', opacity=1.0, ori=0.0, pos=array([ 0.,  0.]), size=array([ 400.,  400.]), texRes=128, units='pix', win=Window(...))
11.8954 	EXP 	Created text = TextStim(alignHoriz='center', alignVert='center', antialias=True, autoLog=True, bold=False, color='white', colorSpace='named', contrast=1.0, depth=-4.0, flipHoriz=False, flipVert=False, font='Arial', fontFiles=[], height=0.05, italic=False, name='text', opacity=1.0, ori=0, pos=array([ 0.,  0.]), rgb=array([ 255.,  255.,  255.]), text=u'to proceed press the space bar.', units=u'norm', win=Window(...), wrapWidth=1)
11.9050 	EXP 	Created text_3 = TextStim(alignHoriz='center', alignVert='center', antialias=True, autoLog=True, bold=False, color='white', colorSpace='named', contrast=1.0, depth=0.0, flipHoriz=False, flipVert=False, font='Arial', fontFiles=[], height=0.1, italic=False, name='text_3', opacity=1.0, ori=0, pos=array([ 0.,  0.]), rgb=array([ 255.,  255.,  255.]), text=unicode(...), units=u'norm', win=Window(...), wrapWidth=1)
11.9097 	EXP 	window1: blendMode = 'avg'
11.9307 	EXP 	text_2: autoDraw = True
11.9344 	EXP 	window1: blendMode = 'avg'
11.9485 	EXP 	window1: blendMode = 'avg'
11.9656 	EXP 	window1: blendMode = 'avg'
11.9819 	EXP 	window1: blendMode = 'avg'
11.9987 	EXP 	window1: blendMode = 'avg'
12.0156 	EXP 	window1: blendMode = 'avg'
12.0320 	EXP 	window1: blendMode = 'avg'
12.0486 	EXP 	window1: blendMode = 'avg'
12.0653 	EXP 	window1: blendMode = 'avg'
12.0819 	EXP 	window1: blendMode = 'avg'
12.0984 	EXP 	window1: blendMode = 'avg'
12.1156 	EXP 	window1: blendMode = 'avg'
12.1320 	EXP 	window1: blendMode = 'avg'
12.1482 	EXP 	window1: blendMode = 'avg'
12.1654 	EXP 	window1: blendMode = 'avg'
12.1819 	EXP 	window1: blendMode = 'avg'
12.1975 	EXP 	window1: blendMode = 'avg'
12.2156 	EXP 	window1: blendMode = 'avg'
12.2320 	EXP 	window1: blendMode = 'avg'
12.2486 	EXP 	window1: blendMode = 'avg'
12.2653 	EXP 	window1: blendMode = 'avg'
12.2819 	EXP 	window1: blendMode = 'avg'
12.2984 	EXP 	window1: blendMode = 'avg'
12.3155 	EXP 	window1: blendMode = 'avg'
12.3320 	EXP 	window1: blendMode = 'avg'
12.3486 	EXP 	window1: blendMode = 'avg'
12.3651 	EXP 	window1: blendMode = 'avg'
12.3822 	EXP 	window1: blendMode = 'avg'
12.3986 	EXP 	window1: blendMode = 'avg'
12.4153 	EXP 	window1: blendMode = 'avg'
12.4317 	EXP 	window1: blendMode = 'avg'
12.4487 	EXP 	window1: blendMode = 'avg'
12.4653 	EXP 	window1: blendMode = 'avg'
12.4819 	EXP 	window1: blendMode = 'avg'
12.4987 	EXP 	window1: blendMode = 'avg'
12.5152 	EXP 	window1: blendMode = 'avg'
12.5318 	EXP 	window1: blendMode = 'avg'
12.5486 	EXP 	window1: blendMode = 'avg'
12.5653 	EXP 	window1: blendMode = 'avg'
12.5819 	EXP 	window1: blendMode = 'avg'
12.5984 	EXP 	window1: blendMode = 'avg'
12.6156 	EXP 	window1: blendMode = 'avg'
12.6320 	EXP 	window1: blendMode = 'avg'
12.6486 	EXP 	window1: blendMode = 'avg'
12.6653 	EXP 	window1: blendMode = 'avg'
12.6814 	EXP 	window1: blendMode = 'avg'
12.6988 	EXP 	window1: blendMode = 'avg'
12.7153 	EXP 	window1: blendMode = 'avg'
12.7320 	EXP 	window1: blendMode = 'avg'
12.7486 	EXP 	window1: blendMode = 'avg'
12.7651 	EXP 	window1: blendMode = 'avg'
12.7826 	EXP 	window1: blendMode = 'avg'
12.7989 	EXP 	window1: blendMode = 'avg'
12.8152 	EXP 	window1: blendMode = 'avg'
12.8320 	EXP 	window1: blendMode = 'avg'
12.8486 	EXP 	window1: blendMode = 'avg'
12.8653 	EXP 	window1: blendMode = 'avg'
12.8813 	EXP 	window1: blendMode = 'avg'
12.8986 	EXP 	window1: blendMode = 'avg'
12.9153 	EXP 	window1: blendMode = 'avg'
12.9322 	EXP 	window1: blendMode = 'avg'
12.9486 	EXP 	window1: blendMode = 'avg'
12.9653 	EXP 	window1: blendMode = 'avg'
12.9819 	EXP 	window1: blendMode = 'avg'
12.9987 	EXP 	window1: blendMode = 'avg'
13.0152 	EXP 	window1: blendMode = 'avg'
13.0318 	EXP 	window1: blendMode = 'avg'
13.0486 	EXP 	window1: blendMode = 'avg'
13.0649 	EXP 	window1: blendMode = 'avg'
13.0823 	EXP 	window1: blendMode = 'avg'
13.0986 	EXP 	window1: blendMode = 'avg'
13.1153 	EXP 	window1: blendMode = 'avg'
13.1320 	EXP 	window1: blendMode = 'avg'
13.1486 	EXP 	window1: blendMode = 'avg'
13.1652 	EXP 	window1: blendMode = 'avg'
13.1819 	EXP 	window1: blendMode = 'avg'
13.1983 	EXP 	window1: blendMode = 'avg'
13.2154 	EXP 	window1: blendMode = 'avg'
13.2318 	EXP 	window1: blendMode = 'avg'
13.2486 	EXP 	window1: blendMode = 'avg'
13.2653 	EXP 	window1: blendMode = 'avg'
13.2819 	EXP 	window1: blendMode = 'avg'
13.2985 	EXP 	window1: blendMode = 'avg'
13.3153 	EXP 	window1: blendMode = 'avg'
13.3319 	EXP 	window1: blendMode = 'avg'
13.3486 	EXP 	window1: blendMode = 'avg'
13.3650 	EXP 	window1: blendMode = 'avg'
13.3821 	EXP 	window1: blendMode = 'avg'
13.3987 	EXP 	window1: blendMode = 'avg'
13.4152 	EXP 	window1: blendMode = 'avg'
13.4317 	EXP 	window1: blendMode = 'avg'
13.4488 	EXP 	window1: blendMode = 'avg'
13.4653 	EXP 	window1: blendMode = 'avg'
13.4819 	EXP 	window1: blendMode = 'avg'
13.4984 	EXP 	window1: blendMode = 'avg'
13.5155 	EXP 	window1: blendMode = 'avg'
13.5320 	EXP 	window1: blendMode = 'avg'
13.5486 	EXP 	window1: blendMode = 'avg'
13.5651 	EXP 	window1: blendMode = 'avg'
13.5819 	EXP 	window1: blendMode = 'avg'
13.5987 	EXP 	window1: blendMode = 'avg'
13.6152 	EXP 	window1: blendMode = 'avg'
13.6320 	EXP 	window1: blendMode = 'avg'
13.6486 	EXP 	window1: blendMode = 'avg'
13.6650 	EXP 	window1: blendMode = 'avg'
13.6821 	EXP 	window1: blendMode = 'avg'
13.6985 	EXP 	window1: blendMode = 'avg'
13.7152 	EXP 	window1: blendMode = 'avg'
13.7320 	EXP 	window1: blendMode = 'avg'
13.7486 	EXP 	window1: blendMode = 'avg'
13.7651 	EXP 	window1: blendMode = 'avg'
13.7822 	EXP 	window1: blendMode = 'avg'
13.7986 	EXP 	window1: blendMode = 'avg'
13.8157 	EXP 	window1: blendMode = 'avg'
13.8322 	EXP 	window1: blendMode = 'avg'
13.8486 	EXP 	window1: blendMode = 'avg'
13.8653 	EXP 	window1: blendMode = 'avg'
13.8820 	EXP 	window1: blendMode = 'avg'
13.8984 	EXP 	window1: blendMode = 'avg'
13.9155 	EXP 	window1: blendMode = 'avg'
13.9319 	EXP 	window1: blendMode = 'avg'
13.9488 	EXP 	window1: blendMode = 'avg'
13.9653 	EXP 	window1: blendMode = 'avg'
13.9819 	EXP 	window1: blendMode = 'avg'
13.9984 	EXP 	window1: blendMode = 'avg'
14.0156 	EXP 	window1: blendMode = 'avg'
14.0320 	EXP 	window1: blendMode = 'avg'
14.0479 	EXP 	window1: blendMode = 'avg'
14.0654 	EXP 	window1: blendMode = 'avg'
14.0819 	EXP 	window1: blendMode = 'avg'
14.0984 	EXP 	window1: blendMode = 'avg'
14.1155 	EXP 	window1: blendMode = 'avg'
14.1322 	EXP 	window1: blendMode = 'avg'
14.1486 	EXP 	window1: blendMode = 'avg'
14.1653 	EXP 	window1: blendMode = 'avg'
14.1819 	EXP 	window1: blendMode = 'avg'
14.1986 	EXP 	window1: blendMode = 'avg'
14.2153 	EXP 	window1: blendMode = 'avg'
14.2320 	EXP 	window1: blendMode = 'avg'
14.2486 	EXP 	window1: blendMode = 'avg'
14.2651 	EXP 	window1: blendMode = 'avg'
14.2819 	EXP 	window1: blendMode = 'avg'
14.2986 	EXP 	window1: blendMode = 'avg'
14.3152 	EXP 	window1: blendMode = 'avg'
14.3320 	EXP 	window1: blendMode = 'avg'
14.3486 	EXP 	window1: blendMode = 'avg'
14.3648 	EXP 	window1: blendMode = 'avg'
14.3816 	EXP 	window1: blendMode = 'avg'
14.3973 	EXP 	window1: blendMode = 'avg'
14.4147 	EXP 	window1: blendMode = 'avg'
14.4312 	EXP 	window1: blendMode = 'avg'
14.4478 	EXP 	window1: blendMode = 'avg'
14.4642 	EXP 	window1: blendMode = 'avg'
14.4815 	EXP 	window1: blendMode = 'avg'
14.4980 	EXP 	window1: blendMode = 'avg'
14.5153 	EXP 	window1: blendMode = 'avg'
14.5320 	EXP 	window1: blendMode = 'avg'
14.5486 	EXP 	window1: blendMode = 'avg'
14.5649 	EXP 	window1: blendMode = 'avg'
14.5821 	EXP 	window1: blendMode = 'avg'
14.5986 	EXP 	window1: blendMode = 'avg'
14.6153 	EXP 	window1: blendMode = 'avg'
14.6317 	EXP 	window1: blendMode = 'avg'
14.6472 	EXP 	window1: blendMode = 'avg'
14.6655 	EXP 	window1: blendMode = 'avg'
14.6819 	EXP 	window1: blendMode = 'avg'
14.6986 	EXP 	window1: blendMode = 'avg'
14.7152 	EXP 	window1: blendMode = 'avg'
14.7320 	EXP 	window1: blendMode = 'avg'
14.7486 	EXP 	window1: blendMode = 'avg'
14.7653 	EXP 	window1: blendMode = 'avg'
14.7819 	EXP 	window1: blendMode = 'avg'
14.7984 	EXP 	window1: blendMode = 'avg'
14.8155 	EXP 	window1: blendMode = 'avg'
14.8320 	EXP 	window1: blendMode = 'avg'
14.8486 	EXP 	window1: blendMode = 'avg'
14.8651 	EXP 	window1: blendMode = 'avg'
14.8822 	EXP 	window1: blendMode = 'avg'
14.8986 	EXP 	window1: blendMode = 'avg'
14.9152 	EXP 	window1: blendMode = 'avg'
14.9317 	EXP 	window1: blendMode = 'avg'
14.9488 	EXP 	window1: blendMode = 'avg'
14.9652 	EXP 	window1: blendMode = 'avg'
14.9819 	EXP 	window1: blendMode = 'avg'
14.9987 	EXP 	window1: blendMode = 'avg'
15.0153 	EXP 	window1: blendMode = 'avg'
15.0317 	EXP 	window1: blendMode = 'avg'
15.0488 	EXP 	window1: blendMode = 'avg'
15.0651 	EXP 	window1: blendMode = 'avg'
15.0822 	EXP 	window1: blendMode = 'avg'
15.0986 	EXP 	window1: blendMode = 'avg'
15.1152 	EXP 	window1: blendMode = 'avg'
15.1316 	EXP 	window1: blendMode = 'avg'
15.1488 	EXP 	window1: blendMode = 'avg'
15.1653 	EXP 	window1: blendMode = 'avg'
15.1821 	EXP 	window1: blendMode = 'avg'
15.1987 	EXP 	window1: blendMode = 'avg'
15.2152 	EXP 	window1: blendMode = 'avg'
15.2317 	EXP 	window1: blendMode = 'avg'
15.2488 	EXP 	window1: blendMode = 'avg'
15.2654 	EXP 	window1: blendMode = 'avg'
15.2819 	EXP 	window1: blendMode = 'avg'
15.2986 	EXP 	window1: blendMode = 'avg'
15.3152 	EXP 	window1: blendMode = 'avg'
15.3317 	EXP 	window1: blendMode = 'avg'
15.3488 	EXP 	window1: blendMode = 'avg'
15.3652 	EXP 	window1: blendMode = 'avg'
15.3819 	EXP 	window1: blendMode = 'avg'
15.3983 	EXP 	window1: blendMode = 'avg'
15.4155 	EXP 	window1: blendMode = 'avg'
15.4316 	EXP 	window1: blendMode = 'avg'
15.4483 	EXP 	window1: blendMode = 'avg'
15.4654 	EXP 	window1: blendMode = 'avg'
15.4819 	EXP 	window1: blendMode = 'avg'
15.4984 	EXP 	window1: blendMode = 'avg'
15.5152 	EXP 	window1: blendMode = 'avg'
15.5317 	EXP 	window1: blendMode = 'avg'
15.5487 	EXP 	window1: blendMode = 'avg'
15.5653 	EXP 	window1: blendMode = 'avg'
15.5815 	EXP 	window1: blendMode = 'avg'
15.5989 	EXP 	window1: blendMode = 'avg'
15.6153 	EXP 	window1: blendMode = 'avg'
15.6319 	EXP 	window1: blendMode = 'avg'
15.6485 	EXP 	window1: blendMode = 'avg'
15.6654 	EXP 	window1: blendMode = 'avg'
15.6819 	EXP 	window1: blendMode = 'avg'
15.6987 	EXP 	window1: blendMode = 'avg'
15.7152 	EXP 	window1: blendMode = 'avg'
15.7318 	EXP 	window1: blendMode = 'avg'
15.7486 	EXP 	window1: blendMode = 'avg'
15.7653 	EXP 	window1: blendMode = 'avg'
15.7819 	EXP 	window1: blendMode = 'avg'
15.7986 	EXP 	window1: blendMode = 'avg'
15.8152 	EXP 	window1: blendMode = 'avg'
15.8317 	EXP 	window1: blendMode = 'avg'
15.8488 	EXP 	window1: blendMode = 'avg'
15.8645 	EXP 	window1: blendMode = 'avg'
15.8825 	EXP 	window1: blendMode = 'avg'
15.8984 	EXP 	window1: blendMode = 'avg'
15.9152 	EXP 	window1: blendMode = 'avg'
15.9317 	EXP 	window1: blendMode = 'avg'
15.9488 	EXP 	window1: blendMode = 'avg'
15.9653 	EXP 	window1: blendMode = 'avg'
15.9819 	EXP 	window1: blendMode = 'avg'
15.9983 	EXP 	window1: blendMode = 'avg'
16.0154 	EXP 	window1: blendMode = 'avg'
16.0319 	EXP 	window1: blendMode = 'avg'
16.0481 	EXP 	window1: blendMode = 'avg'
16.0652 	EXP 	window1: blendMode = 'avg'
16.0819 	EXP 	window1: blendMode = 'avg'
16.0986 	EXP 	window1: blendMode = 'avg'
16.1152 	EXP 	window1: blendMode = 'avg'
16.1319 	EXP 	window1: blendMode = 'avg'
16.1486 	EXP 	window1: blendMode = 'avg'
16.1652 	EXP 	window1: blendMode = 'avg'
16.1819 	EXP 	window1: blendMode = 'avg'
16.1986 	EXP 	window1: blendMode = 'avg'
16.2152 	EXP 	window1: blendMode = 'avg'
16.2319 	EXP 	window1: blendMode = 'avg'
16.2485 	EXP 	window1: blendMode = 'avg'
16.2652 	EXP 	window1: blendMode = 'avg'
16.2819 	EXP 	window1: blendMode = 'avg'
16.2980 	EXP 	window1: blendMode = 'avg'
16.3152 	EXP 	window1: blendMode = 'avg'
16.3319 	EXP 	window1: blendMode = 'avg'
16.3486 	EXP 	window1: blendMode = 'avg'
16.3651 	EXP 	window1: blendMode = 'avg'
16.3819 	EXP 	window1: blendMode = 'avg'
16.3986 	EXP 	window1: blendMode = 'avg'
16.4153 	EXP 	window1: blendMode = 'avg'
16.4320 	EXP 	window1: blendMode = 'avg'
16.4486 	EXP 	window1: blendMode = 'avg'
16.4653 	EXP 	window1: blendMode = 'avg'
16.4815 	EXP 	window1: blendMode = 'avg'
16.4987 	EXP 	window1: blendMode = 'avg'
16.5152 	EXP 	window1: blendMode = 'avg'
16.5319 	EXP 	window1: blendMode = 'avg'
16.5485 	EXP 	window1: blendMode = 'avg'
16.5650 	EXP 	window1: blendMode = 'avg'
16.5821 	EXP 	window1: blendMode = 'avg'
16.5985 	EXP 	window1: blendMode = 'avg'
16.6152 	EXP 	window1: blendMode = 'avg'
16.6317 	EXP 	window1: blendMode = 'avg'
16.6488 	EXP 	window1: blendMode = 'avg'
16.6652 	EXP 	window1: blendMode = 'avg'
16.6818 	EXP 	window1: blendMode = 'avg'
16.6986 	EXP 	window1: blendMode = 'avg'
16.7150 	EXP 	window1: blendMode = 'avg'
16.7314 	EXP 	window1: blendMode = 'avg'
16.7489 	EXP 	window1: blendMode = 'avg'
16.7652 	EXP 	window1: blendMode = 'avg'
16.7819 	EXP 	window1: blendMode = 'avg'
16.7986 	EXP 	window1: blendMode = 'avg'
16.8152 	EXP 	window1: blendMode = 'avg'
16.8319 	EXP 	window1: blendMode = 'avg'
16.8485 	EXP 	window1: blendMode = 'avg'
16.8650 	EXP 	window1: blendMode = 'avg'
16.8821 	EXP 	window1: blendMode = 'avg'
16.8978 	EXP 	window1: blendMode = 'avg'
16.9143 	EXP 	window1: blendMode = 'avg'
16.9310 	EXP 	window1: blendMode = 'avg'
16.9485 	EXP 	window1: blendMode = 'avg'
16.9653 	EXP 	window1: blendMode = 'avg'
16.9819 	EXP 	window1: blendMode = 'avg'
16.9986 	EXP 	window1: blendMode = 'avg'
17.0152 	EXP 	window1: blendMode = 'avg'
17.0320 	EXP 	window1: blendMode = 'avg'
17.0485 	EXP 	window1: blendMode = 'avg'
17.0651 	EXP 	window1: blendMode = 'avg'
17.0819 	EXP 	window1: blendMode = 'avg'
17.0986 	EXP 	window1: blendMode = 'avg'
17.1152 	EXP 	window1: blendMode = 'avg'
17.1318 	EXP 	window1: blendMode = 'avg'
17.1485 	EXP 	window1: blendMode = 'avg'
17.1649 	EXP 	window1: blendMode = 'avg'
17.1814 	EXP 	window1: blendMode = 'avg'
17.1980 	EXP 	window1: blendMode = 'avg'
17.2146 	EXP 	window1: blendMode = 'avg'
17.2320 	EXP 	window1: blendMode = 'avg'
17.2486 	EXP 	window1: blendMode = 'avg'
17.2653 	EXP 	window1: blendMode = 'avg'
17.2819 	EXP 	window1: blendMode = 'avg'
17.2983 	EXP 	window1: blendMode = 'avg'
17.3152 	EXP 	window1: blendMode = 'avg'
17.3316 	EXP 	window1: blendMode = 'avg'
17.3488 	EXP 	window1: blendMode = 'avg'
17.3652 	EXP 	window1: blendMode = 'avg'
17.3819 	EXP 	window1: blendMode = 'avg'
17.3986 	EXP 	window1: blendMode = 'avg'
17.4152 	EXP 	window1: blendMode = 'avg'
17.4320 	EXP 	window1: blendMode = 'avg'
17.4480 	EXP 	window1: blendMode = 'avg'
17.4656 	EXP 	window1: blendMode = 'avg'
17.4821 	EXP 	window1: blendMode = 'avg'
17.4986 	EXP 	window1: blendMode = 'avg'
17.5150 	EXP 	window1: blendMode = 'avg'
17.5322 	EXP 	window1: blendMode = 'avg'
17.5486 	EXP 	window1: blendMode = 'avg'
17.5649 	EXP 	window1: blendMode = 'avg'
17.5806 	EXP 	window1: blendMode = 'avg'
17.5973 	EXP 	window1: blendMode = 'avg'
17.6142 	EXP 	window1: blendMode = 'avg'
17.6308 	EXP 	window1: blendMode = 'avg'
17.6478 	EXP 	window1: blendMode = 'avg'
17.6646 	EXP 	window1: blendMode = 'avg'
17.6812 	EXP 	window1: blendMode = 'avg'
17.6980 	EXP 	window1: blendMode = 'avg'
17.7146 	EXP 	window1: blendMode = 'avg'
17.7312 	EXP 	window1: blendMode = 'avg'
17.7478 	EXP 	window1: blendMode = 'avg'
17.7643 	EXP 	window1: blendMode = 'avg'
17.7809 	EXP 	window1: blendMode = 'avg'
17.7986 	EXP 	window1: blendMode = 'avg'
17.8152 	EXP 	window1: blendMode = 'avg'
17.8317 	EXP 	window1: blendMode = 'avg'
17.8479 	EXP 	window1: blendMode = 'avg'
17.8647 	EXP 	window1: blendMode = 'avg'
17.8821 	EXP 	window1: blendMode = 'avg'
17.8986 	EXP 	window1: blendMode = 'avg'
17.9152 	EXP 	window1: blendMode = 'avg'
17.9315 	EXP 	window1: blendMode = 'avg'
17.9488 	EXP 	window1: blendMode = 'avg'
17.9653 	EXP 	window1: blendMode = 'avg'
17.9818 	EXP 	window1: blendMode = 'avg'
17.9981 	EXP 	window1: blendMode = 'avg'
18.0155 	EXP 	window1: blendMode = 'avg'
18.0319 	EXP 	window1: blendMode = 'avg'
18.0485 	EXP 	window1: blendMode = 'avg'
18.0653 	EXP 	window1: blendMode = 'avg'
18.0819 	EXP 	window1: blendMode = 'avg'
18.0985 	EXP 	window1: blendMode = 'avg'
18.1150 	EXP 	window1: blendMode = 'avg'
18.1319 	EXP 	window1: blendMode = 'avg'
18.1485 	EXP 	window1: blendMode = 'avg'
18.1650 	EXP 	window1: blendMode = 'avg'
18.1821 	EXP 	window1: blendMode = 'avg'
18.1986 	EXP 	window1: blendMode = 'avg'
18.2152 	EXP 	window1: blendMode = 'avg'
18.2315 	EXP 	window1: blendMode = 'avg'
18.2487 	EXP 	window1: blendMode = 'avg'
18.2655 	EXP 	window1: blendMode = 'avg'
18.2818 	EXP 	window1: blendMode = 'avg'
18.2985 	EXP 	window1: blendMode = 'avg'
18.3152 	EXP 	window1: blendMode = 'avg'
18.3316 	EXP 	window1: blendMode = 'avg'
18.3487 	EXP 	window1: blendMode = 'avg'
18.3650 	EXP 	window1: blendMode = 'avg'
18.3822 	EXP 	window1: blendMode = 'avg'
18.3986 	EXP 	window1: blendMode = 'avg'
18.4152 	EXP 	window1: blendMode = 'avg'
18.4315 	EXP 	window1: blendMode = 'avg'
18.4488 	EXP 	window1: blendMode = 'avg'
18.4653 	EXP 	window1: blendMode = 'avg'
18.4818 	EXP 	window1: blendMode = 'avg'
18.4981 	EXP 	window1: blendMode = 'avg'
18.5155 	EXP 	window1: blendMode = 'avg'
18.5319 	EXP 	window1: blendMode = 'avg'
18.5487 	EXP 	window1: blendMode = 'avg'
18.5652 	EXP 	window1: blendMode = 'avg'
18.5818 	EXP 	window1: blendMode = 'avg'
18.5983 	EXP 	window1: blendMode = 'avg'
18.6155 	EXP 	window1: blendMode = 'avg'
18.6319 	EXP 	window1: blendMode = 'avg'
18.6485 	EXP 	window1: blendMode = 'avg'
18.6652 	EXP 	window1: blendMode = 'avg'
18.6820 	EXP 	window1: blendMode = 'avg'
18.6986 	EXP 	window1: blendMode = 'avg'
18.7152 	EXP 	window1: blendMode = 'avg'
18.7317 	EXP 	window1: blendMode = 'avg'
18.7485 	EXP 	window1: blendMode = 'avg'
18.7652 	EXP 	window1: blendMode = 'avg'
18.7819 	EXP 	window1: blendMode = 'avg'
18.7983 	EXP 	window1: blendMode = 'avg'
18.8154 	EXP 	window1: blendMode = 'avg'
18.8320 	EXP 	window1: blendMode = 'avg'
18.8485 	EXP 	window1: blendMode = 'avg'
18.8652 	EXP 	window1: blendMode = 'avg'
18.8819 	EXP 	window1: blendMode = 'avg'
18.8986 	EXP 	window1: blendMode = 'avg'
18.9153 	EXP 	window1: blendMode = 'avg'
18.9317 	EXP 	window1: blendMode = 'avg'
18.9485 	EXP 	window1: blendMode = 'avg'
18.9652 	EXP 	window1: blendMode = 'avg'
18.9818 	EXP 	window1: blendMode = 'avg'
18.9982 	EXP 	window1: blendMode = 'avg'
19.0153 	EXP 	window1: blendMode = 'avg'
19.0320 	EXP 	window1: blendMode = 'avg'
19.0485 	EXP 	window1: blendMode = 'avg'
19.0653 	EXP 	window1: blendMode = 'avg'
19.0819 	EXP 	window1: blendMode = 'avg'
19.0983 	EXP 	window1: blendMode = 'avg'
19.1155 	EXP 	window1: blendMode = 'avg'
19.1319 	EXP 	window1: blendMode = 'avg'
19.1485 	EXP 	window1: blendMode = 'avg'
19.1649 	EXP 	window1: blendMode = 'avg'
19.1821 	EXP 	window1: blendMode = 'avg'
19.1986 	EXP 	window1: blendMode = 'avg'
19.2152 	EXP 	window1: blendMode = 'avg'
19.2318 	EXP 	window1: blendMode = 'avg'
19.2485 	EXP 	window1: blendMode = 'avg'
19.2649 	EXP 	window1: blendMode = 'avg'
19.2821 	EXP 	window1: blendMode = 'avg'
19.2986 	EXP 	window1: blendMode = 'avg'
19.3156 	EXP 	window1: blendMode = 'avg'
19.3321 	EXP 	window1: blendMode = 'avg'
19.3485 	EXP 	window1: blendMode = 'avg'
19.3648 	EXP 	window1: blendMode = 'avg'
19.3820 	EXP 	window1: blendMode = 'avg'
19.3988 	EXP 	window1: blendMode = 'avg'
19.4152 	EXP 	window1: blendMode = 'avg'
19.4319 	EXP 	window1: blendMode = 'avg'
19.4485 	EXP 	window1: blendMode = 'avg'
19.4652 	EXP 	window1: blendMode = 'avg'
19.4818 	EXP 	window1: blendMode = 'avg'
19.4984 	EXP 	window1: blendMode = 'avg'
19.5152 	EXP 	window1: blendMode = 'avg'
19.5315 	EXP 	window1: blendMode = 'avg'
19.5488 	EXP 	window1: blendMode = 'avg'
19.5652 	EXP 	window1: blendMode = 'avg'
19.5819 	EXP 	window1: blendMode = 'avg'
19.5986 	EXP 	window1: blendMode = 'avg'
19.6152 	EXP 	window1: blendMode = 'avg'
19.6317 	EXP 	window1: blendMode = 'avg'
19.6488 	EXP 	window1: blendMode = 'avg'
19.6652 	EXP 	window1: blendMode = 'avg'
19.6819 	EXP 	window1: blendMode = 'avg'
19.6984 	EXP 	window1: blendMode = 'avg'
19.7146 	EXP 	window1: blendMode = 'avg'
19.7321 	EXP 	window1: blendMode = 'avg'
19.7485 	EXP 	window1: blendMode = 'avg'
19.7652 	EXP 	window1: blendMode = 'avg'
19.7819 	EXP 	window1: blendMode = 'avg'
19.7985 	EXP 	window1: blendMode = 'avg'
19.8150 	EXP 	window1: blendMode = 'avg'
19.8309 	EXP 	window1: blendMode = 'avg'
19.8485 	EXP 	window1: blendMode = 'avg'
19.8652 	EXP 	window1: blendMode = 'avg'
19.8819 	EXP 	window1: blendMode = 'avg'
19.8985 	EXP 	window1: blendMode = 'avg'
19.9152 	EXP 	window1: blendMode = 'avg'
19.9319 	EXP 	window1: blendMode = 'avg'
19.9485 	EXP 	window1: blendMode = 'avg'
19.9651 	EXP 	window1: blendMode = 'avg'
19.9818 	EXP 	window1: blendMode = 'avg'
19.9986 	EXP 	window1: blendMode = 'avg'
20.0152 	EXP 	window1: blendMode = 'avg'
20.0319 	EXP 	window1: blendMode = 'avg'
20.0485 	EXP 	window1: blendMode = 'avg'
20.0652 	EXP 	window1: blendMode = 'avg'
20.0819 	EXP 	window1: blendMode = 'avg'
20.0984 	EXP 	window1: blendMode = 'avg'
20.1152 	EXP 	window1: blendMode = 'avg'
20.1319 	EXP 	window1: blendMode = 'avg'
20.1485 	EXP 	window1: blendMode = 'avg'
20.1655 	EXP 	window1: blendMode = 'avg'
20.1822 	EXP 	window1: blendMode = 'avg'
20.1986 	EXP 	window1: blendMode = 'avg'
20.2152 	EXP 	window1: blendMode = 'avg'
20.2319 	EXP 	window1: blendMode = 'avg'
20.2485 	EXP 	window1: blendMode = 'avg'
20.2653 	EXP 	window1: blendMode = 'avg'
20.2818 	EXP 	window1: blendMode = 'avg'
20.2985 	EXP 	window1: blendMode = 'avg'
20.3152 	EXP 	window1: blendMode = 'avg'
20.3320 	EXP 	window1: blendMode = 'avg'
20.3485 	EXP 	window1: blendMode = 'avg'
20.3651 	EXP 	window1: blendMode = 'avg'
20.3818 	EXP 	window1: blendMode = 'avg'
20.3986 	EXP 	window1: blendMode = 'avg'
20.4152 	EXP 	window1: blendMode = 'avg'
20.4317 	EXP 	window1: blendMode = 'avg'
20.4485 	EXP 	window1: blendMode = 'avg'
20.4652 	EXP 	window1: blendMode = 'avg'
20.4819 	EXP 	window1: blendMode = 'avg'
20.4983 	EXP 	window1: blendMode = 'avg'
20.5153 	EXP 	window1: blendMode = 'avg'
20.5318 	EXP 	window1: blendMode = 'avg'
20.5485 	EXP 	window1: blendMode = 'avg'
20.5650 	EXP 	window1: blendMode = 'avg'
20.5821 	EXP 	window1: blendMode = 'avg'
20.5986 	EXP 	window1: blendMode = 'avg'
20.6147 	EXP 	window1: blendMode = 'avg'
20.6320 	EXP 	window1: blendMode = 'avg'
20.6485 	EXP 	window1: blendMode = 'avg'
20.6652 	EXP 	window1: blendMode = 'avg'
20.6818 	EXP 	window1: blendMode = 'avg'
20.6982 	EXP 	window1: blendMode = 'avg'
20.7153 	EXP 	window1: blendMode = 'avg'
20.7318 	EXP 	window1: blendMode = 'avg'
20.7485 	EXP 	window1: blendMode = 'avg'
20.7655 	EXP 	window1: blendMode = 'avg'
20.7819 	EXP 	window1: blendMode = 'avg'
20.7983 	EXP 	window1: blendMode = 'avg'
20.8155 	EXP 	window1: blendMode = 'avg'
20.8319 	EXP 	window1: blendMode = 'avg'
20.8485 	EXP 	window1: blendMode = 'avg'
20.8649 	EXP 	window1: blendMode = 'avg'
20.8821 	EXP 	window1: blendMode = 'avg'
20.8985 	EXP 	window1: blendMode = 'avg'
20.9152 	EXP 	window1: blendMode = 'avg'
20.9317 	EXP 	window1: blendMode = 'avg'
20.9485 	EXP 	window1: blendMode = 'avg'
20.9652 	EXP 	window1: blendMode = 'avg'
20.9818 	EXP 	window1: blendMode = 'avg'
20.9983 	EXP 	window1: blendMode = 'avg'
21.0154 	EXP 	window1: blendMode = 'avg'
21.0319 	EXP 	window1: blendMode = 'avg'
21.0485 	EXP 	window1: blendMode = 'avg'
21.0650 	EXP 	window1: blendMode = 'avg'
21.0821 	EXP 	window1: blendMode = 'avg'
21.0985 	EXP 	window1: blendMode = 'avg'
21.1152 	EXP 	window1: blendMode = 'avg'
21.1316 	EXP 	window1: blendMode = 'avg'
21.1485 	EXP 	window1: blendMode = 'avg'
21.1652 	EXP 	window1: blendMode = 'avg'
21.1818 	EXP 	window1: blendMode = 'avg'
21.1983 	EXP 	window1: blendMode = 'avg'
21.2154 	EXP 	window1: blendMode = 'avg'
21.2318 	EXP 	window1: blendMode = 'avg'
21.2484 	EXP 	window1: blendMode = 'avg'
21.2649 	EXP 	window1: blendMode = 'avg'
21.2821 	EXP 	window1: blendMode = 'avg'
21.2985 	EXP 	window1: blendMode = 'avg'
21.3152 	EXP 	window1: blendMode = 'avg'
21.3317 	EXP 	window1: blendMode = 'avg'
21.3485 	EXP 	window1: blendMode = 'avg'
21.3652 	EXP 	window1: blendMode = 'avg'
21.3818 	EXP 	window1: blendMode = 'avg'
21.3983 	EXP 	window1: blendMode = 'avg'
21.4152 	EXP 	window1: blendMode = 'avg'
21.4318 	EXP 	window1: blendMode = 'avg'
21.4483 	EXP 	window1: blendMode = 'avg'
21.4653 	EXP 	window1: blendMode = 'avg'
21.4819 	EXP 	window1: blendMode = 'avg'
21.4984 	EXP 	window1: blendMode = 'avg'
21.5151 	EXP 	window1: blendMode = 'avg'
21.5315 	EXP 	window1: blendMode = 'avg'
21.5487 	EXP 	window1: blendMode = 'avg'
21.5652 	EXP 	window1: blendMode = 'avg'
21.5818 	EXP 	window1: blendMode = 'avg'
21.5983 	EXP 	window1: blendMode = 'avg'
21.6154 	EXP 	window1: blendMode = 'avg'
21.6319 	EXP 	window1: blendMode = 'avg'
21.6485 	EXP 	window1: blendMode = 'avg'
21.6651 	EXP 	window1: blendMode = 'avg'
21.6818 	EXP 	window1: blendMode = 'avg'
21.6983 	EXP 	window1: blendMode = 'avg'
21.7154 	EXP 	window1: blendMode = 'avg'
21.7318 	EXP 	window1: blendMode = 'avg'
21.7485 	EXP 	window1: blendMode = 'avg'
21.7650 	EXP 	window1: blendMode = 'avg'
21.7818 	EXP 	window1: blendMode = 'avg'
21.7986 	EXP 	window1: blendMode = 'avg'
21.8151 	EXP 	window1: blendMode = 'avg'
21.8319 	EXP 	window1: blendMode = 'avg'
21.8485 	EXP 	window1: blendMode = 'avg'
21.8650 	EXP 	window1: blendMode = 'avg'
21.8821 	EXP 	window1: blendMode = 'avg'
21.8986 	EXP 	window1: blendMode = 'avg'
21.9152 	EXP 	window1: blendMode = 'avg'
21.9316 	EXP 	window1: blendMode = 'avg'
21.9485 	EXP 	window1: blendMode = 'avg'
21.9652 	EXP 	window1: blendMode = 'avg'
21.9818 	EXP 	window1: blendMode = 'avg'
21.9982 	EXP 	window1: blendMode = 'avg'
22.0153 	EXP 	window1: blendMode = 'avg'
22.0318 	EXP 	window1: blendMode = 'avg'
22.0485 	EXP 	window1: blendMode = 'avg'
22.0650 	EXP 	window1: blendMode = 'avg'
22.0818 	EXP 	window1: blendMode = 'avg'
22.0981 	EXP 	window1: blendMode = 'avg'
22.1152 	EXP 	window1: blendMode = 'avg'
22.1318 	EXP 	window1: blendMode = 'avg'
22.1484 	EXP 	window1: blendMode = 'avg'
22.1649 	EXP 	window1: blendMode = 'avg'
22.1820 	EXP 	window1: blendMode = 'avg'
22.1985 	EXP 	window1: blendMode = 'avg'
22.2151 	EXP 	window1: blendMode = 'avg'
22.2316 	EXP 	window1: blendMode = 'avg'
22.2490 	EXP 	window1: blendMode = 'avg'
22.2654 	EXP 	window1: blendMode = 'avg'
22.2818 	EXP 	window1: blendMode = 'avg'
22.2985 	EXP 	window1: blendMode = 'avg'
22.3152 	EXP 	window1: blendMode = 'avg'
22.3323 	EXP 	window1: blendMode = 'avg'
22.3486 	EXP 	window1: blendMode = 'avg'
22.3651 	EXP 	window1: blendMode = 'avg'
22.3818 	EXP 	window1: blendMode = 'avg'
22.3982 	EXP 	window1: blendMode = 'avg'
22.4154 	EXP 	window1: blendMode = 'avg'
22.4318 	EXP 	window1: blendMode = 'avg'
22.4485 	EXP 	window1: blendMode = 'avg'
22.4654 	EXP 	window1: blendMode = 'avg'
22.4820 	EXP 	window1: blendMode = 'avg'
22.4987 	EXP 	window1: blendMode = 'avg'
22.5151 	EXP 	window1: blendMode = 'avg'
22.5318 	EXP 	window1: blendMode = 'avg'
22.5485 	EXP 	window1: blendMode = 'avg'
22.5649 	EXP 	window1: blendMode = 'avg'
22.5820 	EXP 	window1: blendMode = 'avg'
22.5985 	EXP 	window1: blendMode = 'avg'
22.6151 	EXP 	window1: blendMode = 'avg'
22.6318 	EXP 	window1: blendMode = 'avg'
22.6485 	EXP 	window1: blendMode = 'avg'
22.6652 	EXP 	window1: blendMode = 'avg'
22.6819 	EXP 	window1: blendMode = 'avg'
22.6983 	EXP 	window1: blendMode = 'avg'
22.7151 	EXP 	window1: blendMode = 'avg'
22.7314 	EXP 	window1: blendMode = 'avg'
22.7482 	EXP 	window1: blendMode = 'avg'
22.7654 	EXP 	window1: blendMode = 'avg'
22.7818 	EXP 	window1: blendMode = 'avg'
22.7986 	EXP 	window1: blendMode = 'avg'
22.8151 	EXP 	window1: blendMode = 'avg'
22.8316 	EXP 	window1: blendMode = 'avg'
22.8487 	EXP 	window1: blendMode = 'avg'
22.8652 	EXP 	window1: blendMode = 'avg'
22.8818 	EXP 	window1: blendMode = 'avg'
22.8985 	EXP 	window1: blendMode = 'avg'
22.9152 	EXP 	window1: blendMode = 'avg'
22.9316 	EXP 	window1: blendMode = 'avg'
22.9487 	EXP 	window1: blendMode = 'avg'
22.9652 	EXP 	window1: blendMode = 'avg'
22.9818 	EXP 	window1: blendMode = 'avg'
23.0009 	DATA 	Keypress: space
23.0109 	EXP 	Imported Book.xlsx as conditions, 44 conditions, 7 params
23.0115 	EXP 	Created sequence: random, trialTypes=44, nReps=1, seed=None
23.0118 	EXP 	New trial (rep=0, index=0): {'YLeftPos': 0, 'time_presentation': 0.5, 'XLeftPos': -300, 'XRightPos': 300, 'rightimg': u'frogs/ab44.jpg', 'YRightPos': 0, 'leftimg': u'frogs/ab4.jpg'}
23.0808 	EXP 	text_2: autoDraw = False
23.0808 	EXP 	Leftimg: pos = array([-300.,    0.])
23.0808 	EXP 	Leftimg: image = u'frogs/ab4.jpg'
23.0808 	EXP 	Rightimg: pos = array([ 300.,    0.])
23.0808 	EXP 	Rightimg: image = u'frogs/ab44.jpg'
23.0808 	EXP 	Leftimg: autoDraw = True
23.0808 	EXP 	Rightimg: autoDraw = True
23.5310 	EXP 	Leftimg: autoDraw = False
23.5310 	EXP 	Rightimg: autoDraw = False
25.5159 	EXP 	window1: blendMode = 'avg'
25.5309 	EXP 	text: autoDraw = True
25.5318 	EXP 	window1: blendMode = 'avg'
25.5485 	EXP 	window1: blendMode = 'avg'
25.5649 	EXP 	window1: blendMode = 'avg'
25.5820 	EXP 	window1: blendMode = 'avg'
25.5985 	EXP 	window1: blendMode = 'avg'
25.6151 	EXP 	window1: blendMode = 'avg'
25.6316 	EXP 	window1: blendMode = 'avg'
25.6485 	EXP 	window1: blendMode = 'avg'
25.6652 	EXP 	window1: blendMode = 'avg'
25.6818 	EXP 	window1: blendMode = 'avg'
25.6985 	EXP 	window1: blendMode = 'avg'
25.7151 	EXP 	window1: blendMode = 'avg'
25.7316 	EXP 	window1: blendMode = 'avg'
25.7485 	EXP 	window1: blendMode = 'avg'
25.7649 	EXP 	window1: blendMode = 'avg'
25.7821 	EXP 	window1: blendMode = 'avg'
25.7985 	EXP 	window1: blendMode = 'avg'
25.8151 	EXP 	window1: blendMode = 'avg'
25.8319 	EXP 	window1: blendMode = 'avg'
25.8485 	EXP 	window1: blendMode = 'avg'
25.8649 	EXP 	window1: blendMode = 'avg'
25.8821 	EXP 	window1: blendMode = 'avg'
25.8985 	EXP 	window1: blendMode = 'avg'
25.9151 	EXP 	window1: blendMode = 'avg'
25.9315 	EXP 	window1: blendMode = 'avg'
25.9517 	EXP 	window1: blendMode = 'avg'
25.9652 	EXP 	window1: blendMode = 'avg'
25.9818 	EXP 	window1: blendMode = 'avg'
25.9983 	EXP 	window1: blendMode = 'avg'
26.0151 	EXP 	window1: blendMode = 'avg'
26.0315 	EXP 	window1: blendMode = 'avg'
26.0486 	EXP 	window1: blendMode = 'avg'
26.0651 	EXP 	window1: blendMode = 'avg'
26.0818 	EXP 	window1: blendMode = 'avg'
26.0985 	EXP 	window1: blendMode = 'avg'
26.1150 	EXP 	window1: blendMode = 'avg'
26.1318 	EXP 	window1: blendMode = 'avg'
26.1484 	EXP 	window1: blendMode = 'avg'
26.1649 	EXP 	window1: blendMode = 'avg'
26.1818 	EXP 	window1: blendMode = 'avg'
26.1985 	EXP 	window1: blendMode = 'avg'
26.2151 	EXP 	window1: blendMode = 'avg'
26.2319 	EXP 	window1: blendMode = 'avg'
26.2484 	EXP 	window1: blendMode = 'avg'
26.2651 	EXP 	window1: blendMode = 'avg'
26.2817 	EXP 	window1: blendMode = 'avg'
26.2985 	EXP 	window1: blendMode = 'avg'
26.3152 	EXP 	window1: blendMode = 'avg'
26.3318 	EXP 	window1: blendMode = 'avg'
26.3484 	EXP 	window1: blendMode = 'avg'
26.3649 	EXP 	window1: blendMode = 'avg'
26.3817 	EXP 	window1: blendMode = 'avg'
26.3980 	EXP 	window1: blendMode = 'avg'
26.4154 	EXP 	window1: blendMode = 'avg'
26.4318 	EXP 	window1: blendMode = 'avg'
26.4485 	EXP 	window1: blendMode = 'avg'
26.4648 	EXP 	window1: blendMode = 'avg'
26.4820 	EXP 	window1: blendMode = 'avg'
26.4985 	EXP 	window1: blendMode = 'avg'
26.5151 	EXP 	window1: blendMode = 'avg'
26.5316 	EXP 	window1: blendMode = 'avg'
26.5487 	EXP 	window1: blendMode = 'avg'
26.5651 	EXP 	window1: blendMode = 'avg'
26.5817 	EXP 	window1: blendMode = 'avg'
26.5985 	EXP 	window1: blendMode = 'avg'
26.6151 	EXP 	window1: blendMode = 'avg'
26.6318 	EXP 	window1: blendMode = 'avg'
26.6485 	EXP 	window1: blendMode = 'avg'
26.6649 	EXP 	window1: blendMode = 'avg'
26.6820 	EXP 	window1: blendMode = 'avg'
26.6984 	EXP 	window1: blendMode = 'avg'
26.7150 	EXP 	window1: blendMode = 'avg'
26.7318 	EXP 	window1: blendMode = 'avg'
26.7484 	EXP 	window1: blendMode = 'avg'
26.7643 	EXP 	window1: blendMode = 'avg'
26.7817 	EXP 	window1: blendMode = 'avg'
26.7984 	EXP 	window1: blendMode = 'avg'
26.8151 	EXP 	window1: blendMode = 'avg'
26.8315 	EXP 	window1: blendMode = 'avg'
26.8487 	EXP 	window1: blendMode = 'avg'
26.8651 	EXP 	window1: blendMode = 'avg'
26.8818 	EXP 	window1: blendMode = 'avg'
26.8987 	EXP 	window1: blendMode = 'avg'
26.9151 	EXP 	window1: blendMode = 'avg'
26.9321 	EXP 	window1: blendMode = 'avg'
26.9488 	EXP 	window1: blendMode = 'avg'
26.9648 	EXP 	window1: blendMode = 'avg'
26.9815 	EXP 	window1: blendMode = 'avg'
26.9984 	EXP 	window1: blendMode = 'avg'
27.0151 	EXP 	window1: blendMode = 'avg'
27.0315 	EXP 	window1: blendMode = 'avg'
27.0486 	EXP 	window1: blendMode = 'avg'
27.0651 	EXP 	window1: blendMode = 'avg'
27.0817 	EXP 	window1: blendMode = 'avg'
27.0984 	EXP 	window1: blendMode = 'avg'
27.1151 	EXP 	window1: blendMode = 'avg'
27.1318 	EXP 	window1: blendMode = 'avg'
27.1484 	EXP 	window1: blendMode = 'avg'
27.1649 	EXP 	window1: blendMode = 'avg'
27.1820 	EXP 	window1: blendMode = 'avg'
27.1984 	EXP 	window1: blendMode = 'avg'
27.2156 	EXP 	window1: blendMode = 'avg'
27.2319 	EXP 	window1: blendMode = 'avg'
27.2484 	EXP 	window1: blendMode = 'avg'
27.2646 	EXP 	window1: blendMode = 'avg'
27.2819 	EXP 	window1: blendMode = 'avg'
27.2984 	EXP 	window1: blendMode = 'avg'
27.3151 	EXP 	window1: blendMode = 'avg'
27.3315 	EXP 	window1: blendMode = 'avg'
27.3487 	EXP 	window1: blendMode = 'avg'
27.3651 	EXP 	window1: blendMode = 'avg'
27.3817 	EXP 	window1: blendMode = 'avg'
27.3982 	EXP 	window1: blendMode = 'avg'
27.4154 	EXP 	window1: blendMode = 'avg'
27.4318 	EXP 	window1: blendMode = 'avg'
27.4484 	EXP 	window1: blendMode = 'avg'
27.4649 	EXP 	window1: blendMode = 'avg'
27.4820 	EXP 	window1: blendMode = 'avg'
27.4984 	EXP 	window1: blendMode = 'avg'
27.5150 	EXP 	window1: blendMode = 'avg'
27.5315 	EXP 	window1: blendMode = 'avg'
27.5487 	EXP 	window1: blendMode = 'avg'
27.5651 	EXP 	window1: blendMode = 'avg'
27.5818 	EXP 	window1: blendMode = 'avg'
27.5984 	EXP 	window1: blendMode = 'avg'
27.6151 	EXP 	window1: blendMode = 'avg'
27.6318 	EXP 	window1: blendMode = 'avg'
27.6490 	EXP 	window1: blendMode = 'avg'
27.6654 	EXP 	window1: blendMode = 'avg'
27.6817 	EXP 	window1: blendMode = 'avg'
27.6985 	EXP 	window1: blendMode = 'avg'
27.7151 	EXP 	window1: blendMode = 'avg'
27.7318 	EXP 	window1: blendMode = 'avg'
27.7485 	EXP 	window1: blendMode = 'avg'
27.7645 	EXP 	window1: blendMode = 'avg'
27.7820 	EXP 	window1: blendMode = 'avg'
27.7984 	EXP 	window1: blendMode = 'avg'
27.8151 	EXP 	window1: blendMode = 'avg'
27.8315 	EXP 	window1: blendMode = 'avg'
27.8486 	EXP 	window1: blendMode = 'avg'
27.8644 	EXP 	window1: blendMode = 'avg'
27.8814 	EXP 	window1: blendMode = 'avg'
27.9007 	DATA 	Keypress: space
27.9023 	EXP 	New trial (rep=0, index=1): {'YLeftPos': 0, 'time_presentation': 0.5, 'XLeftPos': -300, 'XRightPos': 300, 'rightimg': u'frogs/ab50.jpg', 'YRightPos': 0, 'leftimg': u'frogs/ab10.jpg'}
27.9637 	EXP 	Leftimg: autoDraw = False
27.9637 	EXP 	Rightimg: autoDraw = False
27.9637 	EXP 	text: autoDraw = False
27.9637 	EXP 	Leftimg: pos = array([-300.,    0.])
27.9637 	EXP 	Leftimg: image = u'frogs/ab10.jpg'
27.9637 	EXP 	Rightimg: pos = array([ 300.,    0.])
27.9637 	EXP 	Rightimg: image = u'frogs/ab50.jpg'
27.9637 	EXP 	Leftimg: autoDraw = True
27.9637 	EXP 	Rightimg: autoDraw = True
28.3830 	DATA 	Keypress: right
28.3840 	EXP 	New trial (rep=0, index=2): {'YLeftPos': 0, 'time_presentation': 0.5, 'XLeftPos': -300, 'XRightPos': 300, 'rightimg': u'frogs/ab69.jpg', 'YRightPos': 0, 'leftimg': u'frogs/ab29.jpg'}
28.4139 	EXP 	Leftimg: autoDraw = False
28.4139 	EXP 	Rightimg: autoDraw = False
28.4139 	EXP 	text: autoDraw = False
28.4139 	EXP 	Leftimg: pos = array([-300.,    0.])
28.4139 	EXP 	Leftimg: image = u'frogs/ab29.jpg'
28.4139 	EXP 	Rightimg: pos = array([ 300.,    0.])
28.4139 	EXP 	Rightimg: image = u'frogs/ab69.jpg'
28.4139 	EXP 	Leftimg: autoDraw = True
28.4139 	EXP 	Rightimg: autoDraw = True
28.8978 	EXP 	Leftimg: autoDraw = False
28.8978 	EXP 	Rightimg: autoDraw = False
28.9819 	DATA 	Keypress: right
28.9830 	EXP 	New trial (rep=0, index=3): {'YLeftPos': 0, 'time_presentation': 0.5, 'XLeftPos': -300, 'XRightPos': 300, 'rightimg': u'frogs/ab49.jpg', 'YRightPos': 0, 'leftimg': u'frogs/ab9.jpg'}
29.1807 	EXP 	Leftimg: autoDraw = False
29.1807 	EXP 	Rightimg: autoDraw = False
29.1807 	EXP 	text: autoDraw = False
29.1807 	EXP 	Leftimg: pos = array([-300.,    0.])
29.1807 	EXP 	Leftimg: image = u'frogs/ab9.jpg'
29.1807 	EXP 	Rightimg: pos = array([ 300.,    0.])
29.1807 	EXP 	Rightimg: image = u'frogs/ab49.jpg'
29.1807 	EXP 	Leftimg: autoDraw = True
29.1807 	EXP 	Rightimg: autoDraw = True
29.4977 	EXP 	Leftimg: autoDraw = False
29.4977 	EXP 	Rightimg: autoDraw = False
30.8160 	DATA 	Keypress: right
30.8173 	EXP 	New trial (rep=0, index=4): {'YLeftPos': 0, 'time_presentation': 0.5, 'XLeftPos': -300, 'XRightPos': 300, 'rightimg': u'frogs/ab72.jpg', 'YRightPos': 0, 'leftimg': u'frogs/ab32.jpg'}
30.8641 	EXP 	Leftimg: autoDraw = False
30.8641 	EXP 	Rightimg: autoDraw = False
30.8641 	EXP 	text: autoDraw = False
30.8641 	EXP 	Leftimg: pos = array([-300.,    0.])
30.8641 	EXP 	Leftimg: image = u'frogs/ab32.jpg'
30.8641 	EXP 	Rightimg: pos = array([ 300.,    0.])
30.8641 	EXP 	Rightimg: image = u'frogs/ab72.jpg'
30.8641 	EXP 	Leftimg: autoDraw = True
30.8641 	EXP 	Rightimg: autoDraw = True
31.3308 	EXP 	Leftimg: autoDraw = False
31.3308 	EXP 	Rightimg: autoDraw = False
31.5995 	DATA 	Keypress: right
31.6007 	EXP 	New trial (rep=0, index=5): {'YLeftPos': 0, 'time_presentation': 0.5, 'XLeftPos': -300, 'XRightPos': 300, 'rightimg': u'frogs/ab59.jpg', 'YRightPos': 0, 'leftimg': u'frogs/ab19.jpg'}
31.6470 	EXP 	Leftimg: autoDraw = False
31.6470 	EXP 	Rightimg: autoDraw = False
31.6470 	EXP 	text: autoDraw = False
31.6470 	EXP 	Leftimg: pos = array([-300.,    0.])
31.6470 	EXP 	Leftimg: image = u'frogs/ab19.jpg'
31.6470 	EXP 	Rightimg: pos = array([ 300.,    0.])
31.6470 	EXP 	Rightimg: image = u'frogs/ab59.jpg'
31.6470 	EXP 	Leftimg: autoDraw = True
31.6470 	EXP 	Rightimg: autoDraw = True
32.1143 	EXP 	Leftimg: autoDraw = False
32.1143 	EXP 	Rightimg: autoDraw = False
32.3171 	DATA 	Keypress: left
32.3321 	EXP 	New trial (rep=0, index=6): {'YLeftPos': 0, 'time_presentation': 0.5, 'XLeftPos': -300, 'XRightPos': 300, 'rightimg': u'frogs/ab77.jpg', 'YRightPos': 0, 'leftimg': u'frogs/ab37.jpg'}
32.3800 	EXP 	Leftimg: autoDraw = False
32.3800 	EXP 	Rightimg: autoDraw = False
32.3800 	EXP 	text: autoDraw = False
32.3800 	EXP 	Leftimg: pos = array([-300.,    0.])
32.3800 	EXP 	Leftimg: image = u'frogs/ab37.jpg'
32.3800 	EXP 	Rightimg: pos = array([ 300.,    0.])
32.3800 	EXP 	Rightimg: image = u'frogs/ab77.jpg'
32.3800 	EXP 	Leftimg: autoDraw = True
32.3800 	EXP 	Rightimg: autoDraw = True
32.8476 	EXP 	Leftimg: autoDraw = False
32.8476 	EXP 	Rightimg: autoDraw = False
33.3990 	DATA 	Keypress: left
33.4002 	EXP 	New trial (rep=0, index=7): {'YLeftPos': 0, 'time_presentation': 0.5, 'XLeftPos': -300, 'XRightPos': 300, 'rightimg': u'frogs/ab63.jpg', 'YRightPos': 0, 'leftimg': u'frogs/ab23.jpg'}
33.4478 	EXP 	Leftimg: autoDraw = False
33.4478 	EXP 	Rightimg: autoDraw = False
33.4478 	EXP 	text: autoDraw = False
33.4478 	EXP 	Leftimg: pos = array([-300.,    0.])
33.4478 	EXP 	Leftimg: image = u'frogs/ab23.jpg'
33.4478 	EXP 	Rightimg: pos = array([ 300.,    0.])
33.4478 	EXP 	Rightimg: image = u'frogs/ab63.jpg'
33.4478 	EXP 	Leftimg: autoDraw = True
33.4478 	EXP 	Rightimg: autoDraw = True
33.9141 	EXP 	Leftimg: autoDraw = False
33.9141 	EXP 	Rightimg: autoDraw = False
34.3661 	DATA 	Keypress: left
34.3673 	EXP 	New trial (rep=0, index=8): {'YLeftPos': 0, 'time_presentation': 0.5, 'XLeftPos': -300, 'XRightPos': 300, 'rightimg': u'1.jpg', 'YRightPos': 0, 'leftimg': u'3.jpg'}
34.4139 	EXP 	Leftimg: autoDraw = False
34.4139 	EXP 	Rightimg: autoDraw = False
34.4139 	EXP 	text: autoDraw = False
34.4139 	EXP 	Leftimg: pos = array([-300.,    0.])
34.4139 	EXP 	Leftimg: image = u'3.jpg'
34.4139 	EXP 	Rightimg: pos = array([ 300.,    0.])
34.4139 	EXP 	Rightimg: image = u'1.jpg'
34.4139 	EXP 	Leftimg: autoDraw = True
34.4139 	EXP 	Rightimg: autoDraw = True
34.8810 	EXP 	Leftimg: autoDraw = False
34.8810 	EXP 	Rightimg: autoDraw = False
35.4824 	DATA 	Keypress: right
35.4835 	EXP 	New trial (rep=0, index=9): {'YLeftPos': 0, 'time_presentation': 0.5, 'XLeftPos': -300, 'XRightPos': 300, 'rightimg': u'frogs/ab43.jpg', 'YRightPos': 0, 'leftimg': u'frogs/ab3.jpg'}
35.5474 	EXP 	Leftimg: autoDraw = False
35.5474 	EXP 	Rightimg: autoDraw = False
35.5474 	EXP 	text: autoDraw = False
35.5474 	EXP 	Leftimg: pos = array([-300.,    0.])
35.5474 	EXP 	Leftimg: image = u'frogs/ab3.jpg'
35.5474 	EXP 	Rightimg: pos = array([ 300.,    0.])
35.5474 	EXP 	Rightimg: image = u'frogs/ab43.jpg'
35.5474 	EXP 	Leftimg: autoDraw = True
35.5474 	EXP 	Rightimg: autoDraw = True
35.9976 	EXP 	Leftimg: autoDraw = False
35.9976 	EXP 	Rightimg: autoDraw = False
36.8825 	DATA 	Keypress: right
36.8838 	EXP 	New trial (rep=0, index=10): {'YLeftPos': 0, 'time_presentation': 0.5, 'XLeftPos': -300, 'XRightPos': 300, 'rightimg': u'2.jpg', 'YRightPos': 0, 'leftimg': u'4.jpg'}
36.9309 	EXP 	Leftimg: autoDraw = False
36.9309 	EXP 	Rightimg: autoDraw = False
36.9309 	EXP 	text: autoDraw = False
36.9309 	EXP 	Leftimg: pos = array([-300.,    0.])
36.9309 	EXP 	Leftimg: image = u'4.jpg'
36.9309 	EXP 	Rightimg: pos = array([ 300.,    0.])
36.9309 	EXP 	Rightimg: image = u'2.jpg'
36.9309 	EXP 	Leftimg: autoDraw = True
36.9309 	EXP 	Rightimg: autoDraw = True
37.3974 	EXP 	Leftimg: autoDraw = False
37.3974 	EXP 	Rightimg: autoDraw = False
37.8313 	DATA 	Keypress: right
37.8325 	EXP 	New trial (rep=0, index=11): {'YLeftPos': 0, 'time_presentation': 0.5, 'XLeftPos': -300, 'XRightPos': 300, 'rightimg': u'frogs/ab48.jpg', 'YRightPos': 0, 'leftimg': u'frogs/ab8.jpg'}
37.8798 	EXP 	Leftimg: autoDraw = False
37.8798 	EXP 	Rightimg: autoDraw = False
37.8798 	EXP 	text: autoDraw = False
37.8798 	EXP 	Leftimg: pos = array([-300.,    0.])
37.8798 	EXP 	Leftimg: image = u'frogs/ab8.jpg'
37.8798 	EXP 	Rightimg: pos = array([ 300.,    0.])
37.8798 	EXP 	Rightimg: image = u'frogs/ab48.jpg'
37.8798 	EXP 	Leftimg: autoDraw = True
37.8798 	EXP 	Rightimg: autoDraw = True
38.3477 	EXP 	Leftimg: autoDraw = False
38.3477 	EXP 	Rightimg: autoDraw = False
38.8653 	DATA 	Keypress: right
38.8662 	EXP 	New trial (rep=0, index=12): {'YLeftPos': 0, 'time_presentation': 0.5, 'XLeftPos': -300, 'XRightPos': 300, 'rightimg': u'frogs/ab54.jpg', 'YRightPos': 0, 'leftimg': u'frogs/ab14.jpg'}
38.9134 	EXP 	Leftimg: autoDraw = False
38.9134 	EXP 	Rightimg: autoDraw = False
38.9134 	EXP 	text: autoDraw = False
38.9134 	EXP 	Leftimg: pos = array([-300.,    0.])
38.9134 	EXP 	Leftimg: image = u'frogs/ab14.jpg'
38.9134 	EXP 	Rightimg: pos = array([ 300.,    0.])
38.9134 	EXP 	Rightimg: image = u'frogs/ab54.jpg'
38.9134 	EXP 	Leftimg: autoDraw = True
38.9134 	EXP 	Rightimg: autoDraw = True
39.3806 	EXP 	Leftimg: autoDraw = False
39.3806 	EXP 	Rightimg: autoDraw = False
40.4319 	DATA 	Keypress: left
40.4330 	EXP 	New trial (rep=0, index=13): {'YLeftPos': 0, 'time_presentation': 0.5, 'XLeftPos': -300, 'XRightPos': 300, 'rightimg': u'3.jpg', 'YRightPos': 0, 'leftimg': u'1.jpg'}
40.4803 	EXP 	Leftimg: autoDraw = False
40.4803 	EXP 	Rightimg: autoDraw = False
40.4803 	EXP 	text: autoDraw = False
40.4803 	EXP 	Leftimg: pos = array([-300.,    0.])
40.4803 	EXP 	Leftimg: image = u'1.jpg'
40.4803 	EXP 	Rightimg: pos = array([ 300.,    0.])
40.4803 	EXP 	Rightimg: image = u'3.jpg'
40.4803 	EXP 	Leftimg: autoDraw = True
40.4803 	EXP 	Rightimg: autoDraw = True
40.9475 	EXP 	Leftimg: autoDraw = False
40.9475 	EXP 	Rightimg: autoDraw = False
42.0483 	DATA 	Keypress: left
42.0494 	EXP 	New trial (rep=0, index=14): {'YLeftPos': 0, 'time_presentation': 0.5, 'XLeftPos': -300, 'XRightPos': 300, 'rightimg': u'frogs/ab52.jpg', 'YRightPos': 0, 'leftimg': u'frogs/ab12.jpg'}
42.0638 	EXP 	Leftimg: autoDraw = False
42.0638 	EXP 	Rightimg: autoDraw = False
42.0638 	EXP 	text: autoDraw = False
42.0638 	EXP 	Leftimg: pos = array([-300.,    0.])
42.0638 	EXP 	Leftimg: image = u'frogs/ab12.jpg'
42.0638 	EXP 	Rightimg: pos = array([ 300.,    0.])
42.0638 	EXP 	Rightimg: image = u'frogs/ab52.jpg'
42.0638 	EXP 	Leftimg: autoDraw = True
42.0638 	EXP 	Rightimg: autoDraw = True
42.5640 	EXP 	Leftimg: autoDraw = False
42.5640 	EXP 	Rightimg: autoDraw = False
43.2991 	DATA 	Keypress: right
43.3002 	EXP 	New trial (rep=0, index=15): {'YLeftPos': 0, 'time_presentation': 0.5, 'XLeftPos': -300, 'XRightPos': 300, 'rightimg': u'frogs/ab46.jpg', 'YRightPos': 0, 'leftimg': u'frogs/ab6.jpg'}
43.3810 	EXP 	Leftimg: autoDraw = False
43.3810 	EXP 	Rightimg: autoDraw = False
43.3810 	EXP 	text: autoDraw = False
43.3810 	EXP 	Leftimg: pos = array([-300.,    0.])
43.3810 	EXP 	Leftimg: image = u'frogs/ab6.jpg'
43.3810 	EXP 	Rightimg: pos = array([ 300.,    0.])
43.3810 	EXP 	Rightimg: image = u'frogs/ab46.jpg'
43.3810 	EXP 	Leftimg: autoDraw = True
43.3810 	EXP 	Rightimg: autoDraw = True
43.8140 	EXP 	Leftimg: autoDraw = False
43.8140 	EXP 	Rightimg: autoDraw = False
44.3823 	DATA 	Keypress: left
44.3835 	EXP 	New trial (rep=0, index=16): {'YLeftPos': 0, 'time_presentation': 0.5, 'XLeftPos': -300, 'XRightPos': 300, 'rightimg': u'frogs/ab56.jpg', 'YRightPos': 0, 'leftimg': u'frogs/ab16.jpg'}
44.6467 	EXP 	Leftimg: autoDraw = False
44.6467 	EXP 	Rightimg: autoDraw = False
44.6467 	EXP 	text: autoDraw = False
44.6467 	EXP 	Leftimg: pos = array([-300.,    0.])
44.6467 	EXP 	Leftimg: image = u'frogs/ab16.jpg'
44.6467 	EXP 	Rightimg: pos = array([ 300.,    0.])
44.6467 	EXP 	Rightimg: image = u'frogs/ab56.jpg'
44.6467 	EXP 	Leftimg: autoDraw = True
44.6467 	EXP 	Rightimg: autoDraw = True
44.8975 	EXP 	Leftimg: autoDraw = False
44.8975 	EXP 	Rightimg: autoDraw = False
45.5994 	DATA 	Keypress: right
45.6006 	EXP 	New trial (rep=0, index=17): {'YLeftPos': 0, 'time_presentation': 0.5, 'XLeftPos': -300, 'XRightPos': 300, 'rightimg': u'frogs/ab66.jpg', 'YRightPos': 0, 'leftimg': u'frogs/ab26.jpg'}
45.6298 	EXP 	Leftimg: autoDraw = False
45.6298 	EXP 	Rightimg: autoDraw = False
45.6298 	EXP 	text: autoDraw = False
45.6298 	EXP 	Leftimg: pos = array([-300.,    0.])
45.6298 	EXP 	Leftimg: image = u'frogs/ab26.jpg'
45.6298 	EXP 	Rightimg: pos = array([ 300.,    0.])
45.6298 	EXP 	Rightimg: image = u'frogs/ab66.jpg'
45.6298 	EXP 	Leftimg: autoDraw = True
45.6298 	EXP 	Rightimg: autoDraw = True
46.1141 	EXP 	Leftimg: autoDraw = False
46.1141 	EXP 	Rightimg: autoDraw = False
47.6977 	DATA 	Keypress: left
47.6985 	EXP 	New trial (rep=0, index=18): {'YLeftPos': 0, 'time_presentation': 0.5, 'XLeftPos': -300, 'XRightPos': 300, 'rightimg': u'4.jpg', 'YRightPos': 0, 'leftimg': u'2.jpg'}
47.7300 	EXP 	Leftimg: autoDraw = False
47.7300 	EXP 	Rightimg: autoDraw = False
47.7300 	EXP 	text: autoDraw = False
47.7300 	EXP 	Leftimg: pos = array([-300.,    0.])
47.7300 	EXP 	Leftimg: image = u'2.jpg'
47.7300 	EXP 	Rightimg: pos = array([ 300.,    0.])
47.7300 	EXP 	Rightimg: image = u'4.jpg'
47.7300 	EXP 	Leftimg: autoDraw = True
47.7300 	EXP 	Rightimg: autoDraw = True
48.2141 	EXP 	Leftimg: autoDraw = False
48.2141 	EXP 	Rightimg: autoDraw = False
48.6157 	DATA 	Keypress: left
48.6168 	EXP 	New trial (rep=0, index=19): {'YLeftPos': 0, 'time_presentation': 0.5, 'XLeftPos': -300, 'XRightPos': 300, 'rightimg': u'frogs/ab62.jpg', 'YRightPos': 0, 'leftimg': u'frogs/ab22.jpg'}
48.7969 	EXP 	Leftimg: autoDraw = False
48.7969 	EXP 	Rightimg: autoDraw = False
48.7969 	EXP 	text: autoDraw = False
48.7969 	EXP 	Leftimg: pos = array([-300.,    0.])
48.7969 	EXP 	Leftimg: image = u'frogs/ab22.jpg'
48.7969 	EXP 	Rightimg: pos = array([ 300.,    0.])
48.7969 	EXP 	Rightimg: image = u'frogs/ab62.jpg'
48.7969 	EXP 	Leftimg: autoDraw = True
48.7969 	EXP 	Rightimg: autoDraw = True
49.1306 	EXP 	Leftimg: autoDraw = False
49.1306 	EXP 	Rightimg: autoDraw = False
49.6677 	DATA 	Keypress: right
49.6814 	EXP 	New trial (rep=0, index=20): {'YLeftPos': 0, 'time_presentation': 0.5, 'XLeftPos': -300, 'XRightPos': 300, 'rightimg': u'frogs/ab42.jpg', 'YRightPos': 0, 'leftimg': u'frogs/ab2.jpg'}
50.0135 	EXP 	Leftimg: autoDraw = False
50.0135 	EXP 	Rightimg: autoDraw = False
50.0135 	EXP 	text: autoDraw = False
50.0135 	EXP 	Leftimg: pos = array([-300.,    0.])
50.0135 	EXP 	Leftimg: image = u'frogs/ab2.jpg'
50.0135 	EXP 	Rightimg: pos = array([ 300.,    0.])
50.0135 	EXP 	Rightimg: image = u'frogs/ab42.jpg'
50.0135 	EXP 	Leftimg: autoDraw = True
50.0135 	EXP 	Rightimg: autoDraw = True
50.1975 	EXP 	Leftimg: autoDraw = False
50.1975 	EXP 	Rightimg: autoDraw = False
51.0823 	DATA 	Keypress: right
51.0835 	EXP 	New trial (rep=0, index=21): {'YLeftPos': 0, 'time_presentation': 0.5, 'XLeftPos': -300, 'XRightPos': 300, 'rightimg': u'frogs/ab64.jpg', 'YRightPos': 0, 'leftimg': u'frogs/ab24.jpg'}
51.1137 	EXP 	Leftimg: autoDraw = False
51.1137 	EXP 	Rightimg: autoDraw = False
51.1137 	EXP 	text: autoDraw = False
51.1137 	EXP 	Leftimg: pos = array([-300.,    0.])
51.1137 	EXP 	Leftimg: image = u'frogs/ab24.jpg'
51.1137 	EXP 	Rightimg: pos = array([ 300.,    0.])
51.1137 	EXP 	Rightimg: image = u'frogs/ab64.jpg'
51.1137 	EXP 	Leftimg: autoDraw = True
51.1137 	EXP 	Rightimg: autoDraw = True
51.5972 	EXP 	Leftimg: autoDraw = False
51.5972 	EXP 	Rightimg: autoDraw = False
52.0145 	DATA 	Keypress: left
52.0157 	EXP 	New trial (rep=0, index=22): {'YLeftPos': 0, 'time_presentation': 0.5, 'XLeftPos': -300, 'XRightPos': 300, 'rightimg': u'frogs/ab76.jpg', 'YRightPos': 0, 'leftimg': u'frogs/ab36.jpg'}
52.0642 	EXP 	Leftimg: autoDraw = False
52.0642 	EXP 	Rightimg: autoDraw = False
52.0642 	EXP 	text: autoDraw = False
52.0642 	EXP 	Leftimg: pos = array([-300.,    0.])
52.0642 	EXP 	Leftimg: image = u'frogs/ab36.jpg'
52.0642 	EXP 	Rightimg: pos = array([ 300.,    0.])
52.0642 	EXP 	Rightimg: image = u'frogs/ab76.jpg'
52.0642 	EXP 	Leftimg: autoDraw = True
52.0642 	EXP 	Rightimg: autoDraw = True
52.5309 	EXP 	Leftimg: autoDraw = False
52.5309 	EXP 	Rightimg: autoDraw = False
53.1983 	DATA 	Keypress: left
53.1992 	EXP 	New trial (rep=0, index=23): {'YLeftPos': 0, 'time_presentation': 0.5, 'XLeftPos': -300, 'XRightPos': 300, 'rightimg': u'frogs/ab74.jpg', 'YRightPos': 0, 'leftimg': u'frogs/ab34.jpg'}
53.2800 	EXP 	Leftimg: autoDraw = False
53.2800 	EXP 	Rightimg: autoDraw = False
53.2800 	EXP 	text: autoDraw = False
53.2800 	EXP 	Leftimg: pos = array([-300.,    0.])
53.2800 	EXP 	Leftimg: image = u'frogs/ab34.jpg'
53.2800 	EXP 	Rightimg: pos = array([ 300.,    0.])
53.2800 	EXP 	Rightimg: image = u'frogs/ab74.jpg'
53.2800 	EXP 	Leftimg: autoDraw = True
53.2800 	EXP 	Rightimg: autoDraw = True
53.7141 	EXP 	Leftimg: autoDraw = False
53.7141 	EXP 	Rightimg: autoDraw = False
54.0994 	DATA 	Keypress: left
54.1153 	EXP 	New trial (rep=0, index=24): {'YLeftPos': 0, 'time_presentation': 0.5, 'XLeftPos': -300, 'XRightPos': 300, 'rightimg': u'frogs/ab79.jpg', 'YRightPos': 0, 'leftimg': u'frogs/ab39.jpg'}
54.1641 	EXP 	Leftimg: autoDraw = False
54.1641 	EXP 	Rightimg: autoDraw = False
54.1641 	EXP 	text: autoDraw = False
54.1641 	EXP 	Leftimg: pos = array([-300.,    0.])
54.1641 	EXP 	Leftimg: image = u'frogs/ab39.jpg'
54.1641 	EXP 	Rightimg: pos = array([ 300.,    0.])
54.1641 	EXP 	Rightimg: image = u'frogs/ab79.jpg'
54.1641 	EXP 	Leftimg: autoDraw = True
54.1641 	EXP 	Rightimg: autoDraw = True
54.6307 	EXP 	Leftimg: autoDraw = False
54.6307 	EXP 	Rightimg: autoDraw = False
54.9986 	DATA 	Keypress: left
54.9998 	EXP 	New trial (rep=0, index=25): {'YLeftPos': 0, 'time_presentation': 0.5, 'XLeftPos': -300, 'XRightPos': 300, 'rightimg': u'frogs/ab51.jpg', 'YRightPos': 0, 'leftimg': u'frogs/ab11.jpg'}
55.0637 	EXP 	Leftimg: autoDraw = False
55.0637 	EXP 	Rightimg: autoDraw = False
55.0637 	EXP 	text: autoDraw = False
55.0637 	EXP 	Leftimg: pos = array([-300.,    0.])
55.0637 	EXP 	Leftimg: image = u'frogs/ab11.jpg'
55.0637 	EXP 	Rightimg: pos = array([ 300.,    0.])
55.0637 	EXP 	Rightimg: image = u'frogs/ab51.jpg'
55.0637 	EXP 	Leftimg: autoDraw = True
55.0637 	EXP 	Rightimg: autoDraw = True
55.5141 	EXP 	Leftimg: autoDraw = False
55.5141 	EXP 	Rightimg: autoDraw = False
56.1488 	DATA 	Keypress: right
56.1500 	EXP 	New trial (rep=0, index=26): {'YLeftPos': 0, 'time_presentation': 0.5, 'XLeftPos': -300, 'XRightPos': 300, 'rightimg': u'frogs/ab53.jpg', 'YRightPos': 0, 'leftimg': u'frogs/ab13.jpg'}
56.1799 	EXP 	Leftimg: autoDraw = False
56.1799 	EXP 	Rightimg: autoDraw = False
56.1799 	EXP 	text: autoDraw = False
56.1799 	EXP 	Leftimg: pos = array([-300.,    0.])
56.1799 	EXP 	Leftimg: image = u'frogs/ab13.jpg'
56.1799 	EXP 	Rightimg: pos = array([ 300.,    0.])
56.1799 	EXP 	Rightimg: image = u'frogs/ab53.jpg'
56.1799 	EXP 	Leftimg: autoDraw = True
56.1799 	EXP 	Rightimg: autoDraw = True
56.6639 	EXP 	Leftimg: autoDraw = False
56.6639 	EXP 	Rightimg: autoDraw = False
57.4322 	DATA 	Keypress: left
57.4334 	EXP 	New trial (rep=0, index=27): {'YLeftPos': 0, 'time_presentation': 0.5, 'XLeftPos': -300, 'XRightPos': 300, 'rightimg': u'frogs/ab45.jpg', 'YRightPos': 0, 'leftimg': u'frogs/ab5.jpg'}
57.4470 	EXP 	Leftimg: autoDraw = False
57.4470 	EXP 	Rightimg: autoDraw = False
57.4470 	EXP 	text: autoDraw = False
57.4470 	EXP 	Leftimg: pos = array([-300.,    0.])
57.4470 	EXP 	Leftimg: image = u'frogs/ab5.jpg'
57.4470 	EXP 	Rightimg: pos = array([ 300.,    0.])
57.4470 	EXP 	Rightimg: image = u'frogs/ab45.jpg'
57.4470 	EXP 	Leftimg: autoDraw = True
57.4470 	EXP 	Rightimg: autoDraw = True
57.9473 	EXP 	Leftimg: autoDraw = False
57.9473 	EXP 	Rightimg: autoDraw = False
58.4656 	DATA 	Keypress: left
58.4667 	EXP 	New trial (rep=0, index=28): {'YLeftPos': 0, 'time_presentation': 0.5, 'XLeftPos': -300, 'XRightPos': 300, 'rightimg': u'frogs/ab75.jpg', 'YRightPos': 0, 'leftimg': u'frogs/ab35.jpg'}
58.4970 	EXP 	Leftimg: autoDraw = False
58.4970 	EXP 	Rightimg: autoDraw = False
58.4970 	EXP 	text: autoDraw = False
58.4970 	EXP 	Leftimg: pos = array([-300.,    0.])
58.4970 	EXP 	Leftimg: image = u'frogs/ab35.jpg'
58.4970 	EXP 	Rightimg: pos = array([ 300.,    0.])
58.4970 	EXP 	Rightimg: image = u'frogs/ab75.jpg'
58.4970 	EXP 	Leftimg: autoDraw = True
58.4970 	EXP 	Rightimg: autoDraw = True
58.9796 	EXP 	Leftimg: autoDraw = False
58.9796 	EXP 	Rightimg: autoDraw = False
59.4156 	DATA 	Keypress: left
59.4168 	EXP 	New trial (rep=0, index=29): {'YLeftPos': 0, 'time_presentation': 0.5, 'XLeftPos': -300, 'XRightPos': 300, 'rightimg': u'frogs/ab58.jpg', 'YRightPos': 0, 'leftimg': u'frogs/ab18.jpg'}
59.5628 	EXP 	Leftimg: autoDraw = False
59.5628 	EXP 	Rightimg: autoDraw = False
59.5628 	EXP 	text: autoDraw = False
59.5628 	EXP 	Leftimg: pos = array([-300.,    0.])
59.5628 	EXP 	Leftimg: image = u'frogs/ab18.jpg'
59.5628 	EXP 	Rightimg: pos = array([ 300.,    0.])
59.5628 	EXP 	Rightimg: image = u'frogs/ab58.jpg'
59.5628 	EXP 	Leftimg: autoDraw = True
59.5628 	EXP 	Rightimg: autoDraw = True
59.9308 	EXP 	Leftimg: autoDraw = False
59.9308 	EXP 	Rightimg: autoDraw = False
60.6995 	DATA 	Keypress: left
60.7008 	EXP 	New trial (rep=0, index=30): {'YLeftPos': 0, 'time_presentation': 0.5, 'XLeftPos': -300, 'XRightPos': 300, 'rightimg': u'frogs/ab60.jpg', 'YRightPos': 0, 'leftimg': u'frogs/ab20.jpg'}
60.7308 	EXP 	Leftimg: autoDraw = False
60.7308 	EXP 	Rightimg: autoDraw = False
60.7308 	EXP 	text: autoDraw = False
60.7308 	EXP 	Leftimg: pos = array([-300.,    0.])
60.7308 	EXP 	Leftimg: image = u'frogs/ab20.jpg'
60.7308 	EXP 	Rightimg: pos = array([ 300.,    0.])
60.7308 	EXP 	Rightimg: image = u'frogs/ab60.jpg'
60.7308 	EXP 	Leftimg: autoDraw = True
60.7308 	EXP 	Rightimg: autoDraw = True
61.2140 	EXP 	Leftimg: autoDraw = False
61.2140 	EXP 	Rightimg: autoDraw = False
61.5986 	DATA 	Keypress: left
61.5998 	EXP 	New trial (rep=0, index=31): {'YLeftPos': 0, 'time_presentation': 0.5, 'XLeftPos': -300, 'XRightPos': 300, 'rightimg': u'frogs/ab57.jpg', 'YRightPos': 0, 'leftimg': u'frogs/ab17.jpg'}
61.6964 	EXP 	Leftimg: autoDraw = False
61.6964 	EXP 	Rightimg: autoDraw = False
61.6964 	EXP 	text: autoDraw = False
61.6964 	EXP 	Leftimg: pos = array([-300.,    0.])
61.6964 	EXP 	Leftimg: image = u'frogs/ab17.jpg'
61.6964 	EXP 	Rightimg: pos = array([ 300.,    0.])
61.6964 	EXP 	Rightimg: image = u'frogs/ab57.jpg'
61.6964 	EXP 	Leftimg: autoDraw = True
61.6964 	EXP 	Rightimg: autoDraw = True
62.1140 	EXP 	Leftimg: autoDraw = False
62.1140 	EXP 	Rightimg: autoDraw = False
62.6984 	DATA 	Keypress: left
62.6996 	EXP 	New trial (rep=0, index=32): {'YLeftPos': 0, 'time_presentation': 0.5, 'XLeftPos': -300, 'XRightPos': 300, 'rightimg': u'frogs/ab68.jpg', 'YRightPos': 0, 'leftimg': u'frogs/ab28.jpg'}
62.7466 	EXP 	Leftimg: autoDraw = False
62.7466 	EXP 	Rightimg: autoDraw = False
62.7466 	EXP 	text: autoDraw = False
62.7466 	EXP 	Leftimg: pos = array([-300.,    0.])
62.7466 	EXP 	Leftimg: image = u'frogs/ab28.jpg'
62.7466 	EXP 	Rightimg: pos = array([ 300.,    0.])
62.7466 	EXP 	Rightimg: image = u'frogs/ab68.jpg'
62.7466 	EXP 	Leftimg: autoDraw = True
62.7466 	EXP 	Rightimg: autoDraw = True
63.2139 	EXP 	Leftimg: autoDraw = False
63.2139 	EXP 	Rightimg: autoDraw = False
63.4987 	DATA 	Keypress: right
63.4998 	EXP 	New trial (rep=0, index=33): {'YLeftPos': 0, 'time_presentation': 0.5, 'XLeftPos': -300, 'XRightPos': 300, 'rightimg': u'frogs/ab47.jpg', 'YRightPos': 0, 'leftimg': u'frogs/ab7.jpg'}
63.8844 	EXP 	Leftimg: autoDraw = False
63.8844 	EXP 	Rightimg: autoDraw = False
63.8844 	EXP 	text: autoDraw = False
63.8844 	EXP 	Leftimg: pos = array([-300.,    0.])
63.8844 	EXP 	Leftimg: image = u'frogs/ab7.jpg'
63.8844 	EXP 	Rightimg: pos = array([ 300.,    0.])
63.8844 	EXP 	Rightimg: image = u'frogs/ab47.jpg'
63.8844 	EXP 	Leftimg: autoDraw = True
63.8844 	EXP 	Rightimg: autoDraw = True
64.0139 	EXP 	Leftimg: autoDraw = False
64.0139 	EXP 	Rightimg: autoDraw = False
64.3987 	DATA 	Keypress: left
64.3998 	EXP 	New trial (rep=0, index=34): {'YLeftPos': 0, 'time_presentation': 0.5, 'XLeftPos': -300, 'XRightPos': 300, 'rightimg': u'frogs/ab67.jpg', 'YRightPos': 0, 'leftimg': u'frogs/ab27.jpg'}
64.4638 	EXP 	Leftimg: autoDraw = False
64.4638 	EXP 	Rightimg: autoDraw = False
64.4638 	EXP 	text: autoDraw = False
64.4638 	EXP 	Leftimg: pos = array([-300.,    0.])
64.4638 	EXP 	Leftimg: image = u'frogs/ab27.jpg'
64.4638 	EXP 	Rightimg: pos = array([ 300.,    0.])
64.4638 	EXP 	Rightimg: image = u'frogs/ab67.jpg'
64.4638 	EXP 	Leftimg: autoDraw = True
64.4638 	EXP 	Rightimg: autoDraw = True
64.9139 	EXP 	Leftimg: autoDraw = False
64.9139 	EXP 	Rightimg: autoDraw = False
65.2655 	DATA 	Keypress: left
65.2666 	EXP 	New trial (rep=0, index=35): {'YLeftPos': 0, 'time_presentation': 0.5, 'XLeftPos': -300, 'XRightPos': 300, 'rightimg': u'frogs/ab61.jpg', 'YRightPos': 0, 'leftimg': u'frogs/ab21.jpg'}
65.3137 	EXP 	Leftimg: autoDraw = False
65.3137 	EXP 	Rightimg: autoDraw = False
65.3137 	EXP 	text: autoDraw = False
65.3137 	EXP 	Leftimg: pos = array([-300.,    0.])
65.3137 	EXP 	Leftimg: image = u'frogs/ab21.jpg'
65.3137 	EXP 	Rightimg: pos = array([ 300.,    0.])
65.3137 	EXP 	Rightimg: image = u'frogs/ab61.jpg'
65.3137 	EXP 	Leftimg: autoDraw = True
65.3137 	EXP 	Rightimg: autoDraw = True
65.7805 	EXP 	Leftimg: autoDraw = False
65.7805 	EXP 	Rightimg: autoDraw = False
66.5169 	DATA 	Keypress: right
66.5318 	EXP 	New trial (rep=0, index=36): {'YLeftPos': 0, 'time_presentation': 0.5, 'XLeftPos': -300, 'XRightPos': 300, 'rightimg': u'frogs/ab55.jpg', 'YRightPos': 0, 'leftimg': u'frogs/ab15.jpg'}
66.6470 	EXP 	Leftimg: autoDraw = False
66.6470 	EXP 	Rightimg: autoDraw = False
66.6470 	EXP 	text: autoDraw = False
66.6470 	EXP 	Leftimg: pos = array([-300.,    0.])
66.6470 	EXP 	Leftimg: image = u'frogs/ab15.jpg'
66.6470 	EXP 	Rightimg: pos = array([ 300.,    0.])
66.6470 	EXP 	Rightimg: image = u'frogs/ab55.jpg'
66.6470 	EXP 	Leftimg: autoDraw = True
66.6470 	EXP 	Rightimg: autoDraw = True
67.0470 	EXP 	Leftimg: autoDraw = False
67.0470 	EXP 	Rightimg: autoDraw = False
67.4808 	DATA 	Keypress: left
67.4819 	EXP 	New trial (rep=0, index=37): {'YLeftPos': 0, 'time_presentation': 0.5, 'XLeftPos': -300, 'XRightPos': 300, 'rightimg': u'frogs/ab65.jpg', 'YRightPos': 0, 'leftimg': u'frogs/ab25.jpg'}
67.5630 	EXP 	Leftimg: autoDraw = False
67.5630 	EXP 	Rightimg: autoDraw = False
67.5630 	EXP 	text: autoDraw = False
67.5630 	EXP 	Leftimg: pos = array([-300.,    0.])
67.5630 	EXP 	Leftimg: image = u'frogs/ab25.jpg'
67.5630 	EXP 	Rightimg: pos = array([ 300.,    0.])
67.5630 	EXP 	Rightimg: image = u'frogs/ab65.jpg'
67.5630 	EXP 	Leftimg: autoDraw = True
67.5630 	EXP 	Rightimg: autoDraw = True
67.9971 	EXP 	Leftimg: autoDraw = False
67.9971 	EXP 	Rightimg: autoDraw = False
68.5655 	DATA 	Keypress: right
68.5667 	EXP 	New trial (rep=0, index=38): {'YLeftPos': 0, 'time_presentation': 0.5, 'XLeftPos': -300, 'XRightPos': 300, 'rightimg': u'frogs/ab41.jpg', 'YRightPos': 0, 'leftimg': u'frogs/ab1.jpg'}
68.5971 	EXP 	Leftimg: autoDraw = False
68.5971 	EXP 	Rightimg: autoDraw = False
68.5971 	EXP 	text: autoDraw = False
68.5971 	EXP 	Leftimg: pos = array([-300.,    0.])
68.5971 	EXP 	Leftimg: image = u'frogs/ab1.jpg'
68.5971 	EXP 	Rightimg: pos = array([ 300.,    0.])
68.5971 	EXP 	Rightimg: image = u'frogs/ab41.jpg'
68.5971 	EXP 	Leftimg: autoDraw = True
68.5971 	EXP 	Rightimg: autoDraw = True
69.0805 	EXP 	Leftimg: autoDraw = False
69.0805 	EXP 	Rightimg: autoDraw = False
69.4986 	DATA 	Keypress: right
69.4997 	EXP 	New trial (rep=0, index=39): {'YLeftPos': 0, 'time_presentation': 0.5, 'XLeftPos': -300, 'XRightPos': 300, 'rightimg': u'frogs/ab78.jpg', 'YRightPos': 0, 'leftimg': u'frogs/ab38.jpg'}
69.5297 	EXP 	Leftimg: autoDraw = False
69.5297 	EXP 	Rightimg: autoDraw = False
69.5297 	EXP 	text: autoDraw = False
69.5297 	EXP 	Leftimg: pos = array([-300.,    0.])
69.5297 	EXP 	Leftimg: image = u'frogs/ab38.jpg'
69.5297 	EXP 	Rightimg: pos = array([ 300.,    0.])
69.5297 	EXP 	Rightimg: image = u'frogs/ab78.jpg'
69.5297 	EXP 	Leftimg: autoDraw = True
69.5297 	EXP 	Rightimg: autoDraw = True
70.0136 	EXP 	Leftimg: autoDraw = False
70.0136 	EXP 	Rightimg: autoDraw = False
70.3644 	DATA 	Keypress: left
70.3655 	EXP 	New trial (rep=0, index=40): {'YLeftPos': 0, 'time_presentation': 0.5, 'XLeftPos': -300, 'XRightPos': 300, 'rightimg': u'frogs/ab71.jpg', 'YRightPos': 0, 'leftimg': u'frogs/ab31.jpg'}
70.4630 	EXP 	Leftimg: autoDraw = False
70.4630 	EXP 	Rightimg: autoDraw = False
70.4630 	EXP 	text: autoDraw = False
70.4630 	EXP 	Leftimg: pos = array([-300.,    0.])
70.4630 	EXP 	Leftimg: image = u'frogs/ab31.jpg'
70.4630 	EXP 	Rightimg: pos = array([ 300.,    0.])
70.4630 	EXP 	Rightimg: image = u'frogs/ab71.jpg'
70.4630 	EXP 	Leftimg: autoDraw = True
70.4630 	EXP 	Rightimg: autoDraw = True
70.8804 	EXP 	Leftimg: autoDraw = False
70.8804 	EXP 	Rightimg: autoDraw = False
71.4155 	DATA 	Keypress: right
71.4165 	EXP 	New trial (rep=0, index=41): {'YLeftPos': 0, 'time_presentation': 0.5, 'XLeftPos': -300, 'XRightPos': 300, 'rightimg': u'frogs/ab80.jpg', 'YRightPos': 0, 'leftimg': u'frogs/ab40.jpg'}
71.4471 	EXP 	Leftimg: autoDraw = False
71.4471 	EXP 	Rightimg: autoDraw = False
71.4471 	EXP 	text: autoDraw = False
71.4471 	EXP 	Leftimg: pos = array([-300.,    0.])
71.4471 	EXP 	Leftimg: image = u'frogs/ab40.jpg'
71.4471 	EXP 	Rightimg: pos = array([ 300.,    0.])
71.4471 	EXP 	Rightimg: image = u'frogs/ab80.jpg'
71.4471 	EXP 	Leftimg: autoDraw = True
71.4471 	EXP 	Rightimg: autoDraw = True
71.9303 	EXP 	Leftimg: autoDraw = False
71.9303 	EXP 	Rightimg: autoDraw = False
72.2653 	DATA 	Keypress: right
72.2664 	EXP 	New trial (rep=0, index=42): {'YLeftPos': 0, 'time_presentation': 0.5, 'XLeftPos': -300, 'XRightPos': 300, 'rightimg': u'frogs/ab70.jpg', 'YRightPos': 0, 'leftimg': u'frogs/ab30.jpg'}
72.2969 	EXP 	Leftimg: autoDraw = False
72.2969 	EXP 	Rightimg: autoDraw = False
72.2969 	EXP 	text: autoDraw = False
72.2969 	EXP 	Leftimg: pos = array([-300.,    0.])
72.2969 	EXP 	Leftimg: image = u'frogs/ab30.jpg'
72.2969 	EXP 	Rightimg: pos = array([ 300.,    0.])
72.2969 	EXP 	Rightimg: image = u'frogs/ab70.jpg'
72.2969 	EXP 	Leftimg: autoDraw = True
72.2969 	EXP 	Rightimg: autoDraw = True
72.7804 	EXP 	Leftimg: autoDraw = False
72.7804 	EXP 	Rightimg: autoDraw = False
73.2334 	DATA 	Keypress: left
73.2482 	EXP 	New trial (rep=0, index=43): {'YLeftPos': 0, 'time_presentation': 0.5, 'XLeftPos': -300, 'XRightPos': 300, 'rightimg': u'frogs/ab73.jpg', 'YRightPos': 0, 'leftimg': u'frogs/ab33.jpg'}
73.3630 	EXP 	Leftimg: autoDraw = False
73.3630 	EXP 	Rightimg: autoDraw = False
73.3630 	EXP 	text: autoDraw = False
73.3630 	EXP 	Leftimg: pos = array([-300.,    0.])
73.3630 	EXP 	Leftimg: image = u'frogs/ab33.jpg'
73.3630 	EXP 	Rightimg: pos = array([ 300.,    0.])
73.3630 	EXP 	Rightimg: image = u'frogs/ab73.jpg'
73.3630 	EXP 	Leftimg: autoDraw = True
73.3630 	EXP 	Rightimg: autoDraw = True
73.7636 	EXP 	Leftimg: autoDraw = False
73.7636 	EXP 	Rightimg: autoDraw = False
74.0655 	DATA 	Keypress: left
74.1423 	EXP 	window1: blendMode = 'avg'
74.1463 	EXP 	Leftimg: autoDraw = False
74.1463 	EXP 	Rightimg: autoDraw = False
74.1463 	EXP 	text: autoDraw = False
74.1463 	EXP 	text_3: autoDraw = True
74.1471 	EXP 	window1: blendMode = 'avg'
74.1650 	EXP 	window1: blendMode = 'avg'
74.1814 	EXP 	window1: blendMode = 'avg'
74.1978 	EXP 	window1: blendMode = 'avg'
74.2145 	EXP 	window1: blendMode = 'avg'
74.2311 	EXP 	window1: blendMode = 'avg'
74.2476 	EXP 	window1: blendMode = 'avg'
74.2647 	EXP 	window1: blendMode = 'avg'
74.2811 	EXP 	window1: blendMode = 'avg'
74.2978 	EXP 	window1: blendMode = 'avg'
74.3143 	EXP 	window1: blendMode = 'avg'
74.3311 	EXP 	window1: blendMode = 'avg'
74.3478 	EXP 	window1: blendMode = 'avg'
74.3644 	EXP 	window1: blendMode = 'avg'
74.3809 	EXP 	window1: blendMode = 'avg'
74.3980 	EXP 	window1: blendMode = 'avg'
74.4145 	EXP 	window1: blendMode = 'avg'
74.4305 	EXP 	window1: blendMode = 'avg'
74.4479 	EXP 	window1: blendMode = 'avg'
74.4645 	EXP 	window1: blendMode = 'avg'
74.4812 	EXP 	window1: blendMode = 'avg'
74.4978 	EXP 	window1: blendMode = 'avg'
74.5145 	EXP 	window1: blendMode = 'avg'
74.5311 	EXP 	window1: blendMode = 'avg'
74.5476 	EXP 	window1: blendMode = 'avg'
74.5647 	EXP 	window1: blendMode = 'avg'
74.5812 	EXP 	window1: blendMode = 'avg'
74.5978 	EXP 	window1: blendMode = 'avg'
74.6143 	EXP 	window1: blendMode = 'avg'
74.6311 	EXP 	window1: blendMode = 'avg'
74.6477 	EXP 	window1: blendMode = 'avg'
74.6644 	EXP 	window1: blendMode = 'avg'
74.6812 	EXP 	window1: blendMode = 'avg'
74.6978 	EXP 	window1: blendMode = 'avg'
74.7142 	EXP 	window1: blendMode = 'avg'
74.7314 	EXP 	window1: blendMode = 'avg'
74.7479 	EXP 	window1: blendMode = 'avg'
74.7644 	EXP 	window1: blendMode = 'avg'
74.7809 	EXP 	window1: blendMode = 'avg'
74.7980 	EXP 	window1: blendMode = 'avg'
74.8145 	EXP 	window1: blendMode = 'avg'
74.8311 	EXP 	window1: blendMode = 'avg'
74.8476 	EXP 	window1: blendMode = 'avg'
74.8647 	EXP 	window1: blendMode = 'avg'
74.8812 	EXP 	window1: blendMode = 'avg'
74.8977 	EXP 	window1: blendMode = 'avg'
74.9143 	EXP 	window1: blendMode = 'avg'
74.9307 	EXP 	window1: blendMode = 'avg'
74.9471 	EXP 	window1: blendMode = 'avg'
74.9644 	EXP 	window1: blendMode = 'avg'
74.9810 	EXP 	window1: blendMode = 'avg'
74.9978 	EXP 	window1: blendMode = 'avg'
75.0145 	EXP 	window1: blendMode = 'avg'
75.0312 	EXP 	window1: blendMode = 'avg'
75.0478 	EXP 	window1: blendMode = 'avg'
75.0639 	EXP 	window1: blendMode = 'avg'
75.0813 	EXP 	window1: blendMode = 'avg'
75.0978 	EXP 	window1: blendMode = 'avg'
75.1145 	EXP 	window1: blendMode = 'avg'
75.1321 	EXP 	window1: blendMode = 'avg'
75.1478 	EXP 	window1: blendMode = 'avg'
75.1645 	EXP 	window1: blendMode = 'avg'
75.1812 	EXP 	window1: blendMode = 'avg'
75.1974 	EXP 	window1: blendMode = 'avg'
75.2147 	EXP 	window1: blendMode = 'avg'
75.2312 	EXP 	window1: blendMode = 'avg'
75.2479 	EXP 	window1: blendMode = 'avg'
75.2645 	EXP 	window1: blendMode = 'avg'
75.2810 	EXP 	window1: blendMode = 'avg'
75.2978 	EXP 	window1: blendMode = 'avg'
75.3145 	EXP 	window1: blendMode = 'avg'
75.3311 	EXP 	window1: blendMode = 'avg'
75.3476 	EXP 	window1: blendMode = 'avg'
75.3644 	EXP 	window1: blendMode = 'avg'
75.3812 	EXP 	window1: blendMode = 'avg'
75.3978 	EXP 	window1: blendMode = 'avg'
75.4143 	EXP 	window1: blendMode = 'avg'
75.4309 	EXP 	window1: blendMode = 'avg'
75.4481 	EXP 	window1: blendMode = 'avg'
75.4647 	EXP 	window1: blendMode = 'avg'
75.4812 	EXP 	window1: blendMode = 'avg'
75.4978 	EXP 	window1: blendMode = 'avg'
75.5143 	EXP 	window1: blendMode = 'avg'
75.5311 	EXP 	window1: blendMode = 'avg'
75.5477 	EXP 	window1: blendMode = 'avg'
75.5645 	EXP 	window1: blendMode = 'avg'
75.5811 	EXP 	window1: blendMode = 'avg'
75.5978 	EXP 	window1: blendMode = 'avg'
75.6143 	EXP 	window1: blendMode = 'avg'
75.6311 	EXP 	window1: blendMode = 'avg'
75.6478 	EXP 	window1: blendMode = 'avg'
75.6645 	EXP 	window1: blendMode = 'avg'
75.6811 	EXP 	window1: blendMode = 'avg'
75.6972 	EXP 	window1: blendMode = 'avg'
75.7148 	EXP 	window1: blendMode = 'avg'
75.7311 	EXP 	window1: blendMode = 'avg'
75.7478 	EXP 	window1: blendMode = 'avg'
75.7645 	EXP 	window1: blendMode = 'avg'
75.7810 	EXP 	window1: blendMode = 'avg'
75.7980 	EXP 	window1: blendMode = 'avg'
75.8145 	EXP 	window1: blendMode = 'avg'
75.8311 	EXP 	window1: blendMode = 'avg'
75.8477 	EXP 	window1: blendMode = 'avg'
75.8645 	EXP 	window1: blendMode = 'avg'
75.8809 	EXP 	window1: blendMode = 'avg'
75.8980 	EXP 	window1: blendMode = 'avg'
75.9145 	EXP 	window1: blendMode = 'avg'
75.9311 	EXP 	window1: blendMode = 'avg'
75.9477 	EXP 	window1: blendMode = 'avg'
75.9638 	EXP 	window1: blendMode = 'avg'
75.9805 	EXP 	window1: blendMode = 'avg'
75.9968 	EXP 	window1: blendMode = 'avg'
76.0134 	EXP 	window1: blendMode = 'avg'
76.0307 	EXP 	window1: blendMode = 'avg'
76.0472 	EXP 	window1: blendMode = 'avg'
76.0633 	EXP 	window1: blendMode = 'avg'
76.0814 	EXP 	window1: blendMode = 'avg'
76.0978 	EXP 	window1: blendMode = 'avg'
76.1145 	EXP 	window1: blendMode = 'avg'
76.1312 	EXP 	window1: blendMode = 'avg'
76.1478 	EXP 	window1: blendMode = 'avg'
76.1644 	DATA 	Keypress: escape
76.2929 	EXP 	window1: mouseVisible = True
