7.2982 	EXP 	Created window1 = Window(allowGUI=False, allowStencil=False, autoLog=True, bitsMode=UNKNOWN, blendMode='avg', color=array([ 0.,  0.,  0.]), colorSpace='rgb', fullscr=UNKNOWN, gamma=None, lms=UNKNOWN, monitor=<psychopy.monitors.calibTools.Monitor object at 0x113e9c410>, multiSample=False, name='window1', numSamples=2, pos=[0, 0], screen=0, size=array([1440,  900]), stereo=False, units=u'norm', useFBO=True, useRetina=False, viewOri=0.0, viewPos=None, viewScale=None, waitBlanking=True, winType='pyglet')
7.2983 	EXP 	window1: recordFrameIntervals = False
7.4652 	EXP 	window1: recordFrameIntervals = True
7.6486 	EXP 	window1: recordFrameIntervals = False
7.7339 	EXP 	Created text_2 = TextStim(alignHoriz='center', alignVert='center', antialias=True, autoLog=True, bold=False, color='white', colorSpace='named', contrast=1.0, depth=0.0, flipHoriz=False, flipVert=False, font='Arial', fontFiles=[], height=0.1, italic=False, name='text_2', opacity=1.0, ori=0, pos=array([ 0.,  0.]), rgb=array([ 255.,  255.,  255.]), text=unicode(...), units=u'norm', win=Window(...), wrapWidth=1)
7.7356 	EXP 	Created Leftimg = ImageStim(autoLog=True, color=array([ 1.,  1.,  1.]), colorSpace='rgb', contrast=1.0, depth=0.0, flipHoriz=False, flipVert=False, image='sin', interpolate=True, mask=None, maskParams=None, name='Leftimg', opacity=1.0, ori=0.0, pos=array([ 0.,  0.]), size=array([ 400.,  400.]), texRes=128, units='pix', win=Window(...))
7.7367 	EXP 	Created Rightimg = ImageStim(autoLog=True, color=array([ 1.,  1.,  1.]), colorSpace='rgb', contrast=1.0, depth=-1.0, flipHoriz=False, flipVert=False, image='sin', interpolate=True, mask=None, maskParams=None, name='Rightimg', opacity=1.0, ori=0.0, pos=array([ 0.,  0.]), size=array([ 400.,  400.]), texRes=128, units='pix', win=Window(...))
7.7464 	EXP 	Created text = TextStim(alignHoriz='center', alignVert='center', antialias=True, autoLog=True, bold=False, color='white', colorSpace='named', contrast=1.0, depth=-4.0, flipHoriz=False, flipVert=False, font='Arial', fontFiles=[], height=0.05, italic=False, name='text', opacity=1.0, ori=0, pos=array([ 0.,  0.]), rgb=array([ 255.,  255.,  255.]), text=u'to proceed press the space bar.', units=u'norm', win=Window(...), wrapWidth=1)
7.7575 	EXP 	Created text_3 = TextStim(alignHoriz='center', alignVert='center', antialias=True, autoLog=True, bold=False, color='white', colorSpace='named', contrast=1.0, depth=0.0, flipHoriz=False, flipVert=False, font='Arial', fontFiles=[], height=0.1, italic=False, name='text_3', opacity=1.0, ori=0, pos=array([ 0.,  0.]), rgb=array([ 255.,  255.,  255.]), text=unicode(...), units=u'norm', win=Window(...), wrapWidth=1)
7.7635 	EXP 	window1: blendMode = 'avg'
7.7816 	EXP 	text_2: autoDraw = True
7.7852 	EXP 	window1: blendMode = 'avg'
7.7994 	EXP 	window1: blendMode = 'avg'
7.8159 	EXP 	window1: blendMode = 'avg'
7.8326 	EXP 	window1: blendMode = 'avg'
7.8491 	EXP 	window1: blendMode = 'avg'
7.8662 	EXP 	window1: blendMode = 'avg'
7.8823 	EXP 	window1: blendMode = 'avg'
7.8991 	EXP 	window1: blendMode = 'avg'
7.9153 	EXP 	window1: blendMode = 'avg'
7.9327 	EXP 	window1: blendMode = 'avg'
7.9493 	EXP 	window1: blendMode = 'avg'
7.9658 	EXP 	window1: blendMode = 'avg'
7.9825 	EXP 	window1: blendMode = 'avg'
7.9995 	EXP 	window1: blendMode = 'avg'
8.0158 	EXP 	window1: blendMode = 'avg'
8.0325 	EXP 	window1: blendMode = 'avg'
8.0491 	EXP 	window1: blendMode = 'avg'
8.0659 	EXP 	window1: blendMode = 'avg'
8.0826 	EXP 	window1: blendMode = 'avg'
8.0993 	EXP 	window1: blendMode = 'avg'
8.1161 	EXP 	window1: blendMode = 'avg'
8.1326 	EXP 	window1: blendMode = 'avg'
8.1493 	EXP 	window1: blendMode = 'avg'
8.1652 	EXP 	window1: blendMode = 'avg'
8.1826 	EXP 	window1: blendMode = 'avg'
8.1992 	EXP 	window1: blendMode = 'avg'
8.2159 	EXP 	window1: blendMode = 'avg'
8.2326 	EXP 	window1: blendMode = 'avg'
8.2490 	EXP 	window1: blendMode = 'avg'
8.2659 	EXP 	window1: blendMode = 'avg'
8.2820 	EXP 	window1: blendMode = 'avg'
8.2993 	EXP 	window1: blendMode = 'avg'
8.3159 	EXP 	window1: blendMode = 'avg'
8.3325 	EXP 	window1: blendMode = 'avg'
8.3490 	EXP 	window1: blendMode = 'avg'
8.3659 	EXP 	window1: blendMode = 'avg'
8.3826 	EXP 	window1: blendMode = 'avg'
8.3992 	EXP 	window1: blendMode = 'avg'
8.4156 	EXP 	window1: blendMode = 'avg'
8.4327 	EXP 	window1: blendMode = 'avg'
8.4492 	EXP 	window1: blendMode = 'avg'
8.4652 	EXP 	window1: blendMode = 'avg'
8.4829 	EXP 	window1: blendMode = 'avg'
8.4987 	EXP 	window1: blendMode = 'avg'
8.5162 	EXP 	window1: blendMode = 'avg'
8.5326 	EXP 	window1: blendMode = 'avg'
8.5494 	EXP 	window1: blendMode = 'avg'
8.5659 	EXP 	window1: blendMode = 'avg'
8.5827 	EXP 	window1: blendMode = 'avg'
8.5992 	EXP 	window1: blendMode = 'avg'
8.6159 	EXP 	window1: blendMode = 'avg'
8.6326 	EXP 	window1: blendMode = 'avg'
8.6482 	EXP 	window1: blendMode = 'avg'
8.6661 	EXP 	window1: blendMode = 'avg'
8.6828 	EXP 	window1: blendMode = 'avg'
8.6992 	EXP 	window1: blendMode = 'avg'
8.7156 	EXP 	window1: blendMode = 'avg'
8.7321 	EXP 	window1: blendMode = 'avg'
8.7488 	EXP 	window1: blendMode = 'avg'
8.7661 	EXP 	window1: blendMode = 'avg'
8.7826 	EXP 	window1: blendMode = 'avg'
8.7992 	EXP 	window1: blendMode = 'avg'
8.8161 	EXP 	window1: blendMode = 'avg'
8.8314 	EXP 	window1: blendMode = 'avg'
8.8495 	EXP 	window1: blendMode = 'avg'
8.8659 	EXP 	window1: blendMode = 'avg'
8.8826 	EXP 	window1: blendMode = 'avg'
8.8988 	EXP 	window1: blendMode = 'avg'
8.9146 	EXP 	window1: blendMode = 'avg'
8.9326 	EXP 	window1: blendMode = 'avg'
8.9492 	EXP 	window1: blendMode = 'avg'
8.9659 	EXP 	window1: blendMode = 'avg'
8.9824 	EXP 	window1: blendMode = 'avg'
8.9993 	EXP 	window1: blendMode = 'avg'
9.0155 	EXP 	window1: blendMode = 'avg'
9.0327 	EXP 	window1: blendMode = 'avg'
9.0493 	EXP 	window1: blendMode = 'avg'
9.0659 	EXP 	window1: blendMode = 'avg'
9.0823 	EXP 	window1: blendMode = 'avg'
9.0994 	EXP 	window1: blendMode = 'avg'
9.1159 	EXP 	window1: blendMode = 'avg'
9.1326 	EXP 	window1: blendMode = 'avg'
9.1492 	EXP 	window1: blendMode = 'avg'
9.1659 	EXP 	window1: blendMode = 'avg'
9.1824 	EXP 	window1: blendMode = 'avg'
9.1992 	EXP 	window1: blendMode = 'avg'
9.2160 	EXP 	window1: blendMode = 'avg'
9.2325 	EXP 	window1: blendMode = 'avg'
9.2493 	EXP 	window1: blendMode = 'avg'
9.2659 	EXP 	window1: blendMode = 'avg'
9.2824 	EXP 	window1: blendMode = 'avg'
9.2988 	EXP 	window1: blendMode = 'avg'
9.3161 	EXP 	window1: blendMode = 'avg'
9.3326 	EXP 	window1: blendMode = 'avg'
9.3492 	EXP 	window1: blendMode = 'avg'
9.3659 	EXP 	window1: blendMode = 'avg'
9.3824 	EXP 	window1: blendMode = 'avg'
9.3992 	EXP 	window1: blendMode = 'avg'
9.4156 	EXP 	window1: blendMode = 'avg'
9.4312 	EXP 	window1: blendMode = 'avg'
9.4493 	EXP 	window1: blendMode = 'avg'
9.4659 	EXP 	window1: blendMode = 'avg'
9.4825 	EXP 	window1: blendMode = 'avg'
9.4992 	EXP 	window1: blendMode = 'avg'
9.5159 	EXP 	window1: blendMode = 'avg'
9.5319 	EXP 	window1: blendMode = 'avg'
9.5494 	EXP 	window1: blendMode = 'avg'
9.5659 	EXP 	window1: blendMode = 'avg'
9.5827 	EXP 	window1: blendMode = 'avg'
9.5992 	EXP 	window1: blendMode = 'avg'
9.6160 	EXP 	window1: blendMode = 'avg'
9.6326 	EXP 	window1: blendMode = 'avg'
9.6492 	EXP 	window1: blendMode = 'avg'
9.6660 	EXP 	window1: blendMode = 'avg'
9.6826 	EXP 	window1: blendMode = 'avg'
9.6988 	EXP 	window1: blendMode = 'avg'
9.7160 	EXP 	window1: blendMode = 'avg'
9.7316 	EXP 	window1: blendMode = 'avg'
9.7492 	EXP 	window1: blendMode = 'avg'
9.7658 	EXP 	window1: blendMode = 'avg'
9.7824 	EXP 	window1: blendMode = 'avg'
9.7991 	EXP 	window1: blendMode = 'avg'
9.8153 	EXP 	window1: blendMode = 'avg'
9.8327 	EXP 	window1: blendMode = 'avg'
9.8493 	EXP 	window1: blendMode = 'avg'
9.8651 	EXP 	window1: blendMode = 'avg'
9.8818 	EXP 	window1: blendMode = 'avg'
9.8985 	EXP 	window1: blendMode = 'avg'
9.9149 	EXP 	window1: blendMode = 'avg'
9.9326 	EXP 	window1: blendMode = 'avg'
9.9492 	EXP 	window1: blendMode = 'avg'
9.9659 	EXP 	window1: blendMode = 'avg'
9.9824 	EXP 	window1: blendMode = 'avg'
9.9989 	EXP 	window1: blendMode = 'avg'
10.0160 	EXP 	window1: blendMode = 'avg'
10.0325 	EXP 	window1: blendMode = 'avg'
10.0492 	EXP 	window1: blendMode = 'avg'
10.0653 	EXP 	window1: blendMode = 'avg'
10.0828 	EXP 	window1: blendMode = 'avg'
10.0991 	EXP 	window1: blendMode = 'avg'
10.1161 	EXP 	window1: blendMode = 'avg'
10.1322 	EXP 	window1: blendMode = 'avg'
10.1497 	EXP 	window1: blendMode = 'avg'
10.1662 	EXP 	window1: blendMode = 'avg'
10.1828 	EXP 	window1: blendMode = 'avg'
10.1992 	EXP 	window1: blendMode = 'avg'
10.2156 	EXP 	window1: blendMode = 'avg'
10.2323 	EXP 	window1: blendMode = 'avg'
10.2492 	EXP 	window1: blendMode = 'avg'
10.2658 	EXP 	window1: blendMode = 'avg'
10.2825 	EXP 	window1: blendMode = 'avg'
10.2993 	EXP 	window1: blendMode = 'avg'
10.3159 	EXP 	window1: blendMode = 'avg'
10.3324 	EXP 	window1: blendMode = 'avg'
10.3483 	EXP 	window1: blendMode = 'avg'
10.3658 	EXP 	window1: blendMode = 'avg'
10.3824 	EXP 	window1: blendMode = 'avg'
10.3987 	EXP 	window1: blendMode = 'avg'
10.4159 	EXP 	window1: blendMode = 'avg'
10.4326 	EXP 	window1: blendMode = 'avg'
10.4492 	EXP 	window1: blendMode = 'avg'
10.4659 	EXP 	window1: blendMode = 'avg'
10.4817 	EXP 	window1: blendMode = 'avg'
10.4992 	EXP 	window1: blendMode = 'avg'
10.5160 	EXP 	window1: blendMode = 'avg'
10.5324 	EXP 	window1: blendMode = 'avg'
10.5492 	EXP 	window1: blendMode = 'avg'
10.5659 	EXP 	window1: blendMode = 'avg'
10.5820 	EXP 	window1: blendMode = 'avg'
10.5995 	EXP 	window1: blendMode = 'avg'
10.6159 	EXP 	window1: blendMode = 'avg'
10.6326 	EXP 	window1: blendMode = 'avg'
10.6492 	EXP 	window1: blendMode = 'avg'
10.6661 	EXP 	window1: blendMode = 'avg'
10.6825 	EXP 	window1: blendMode = 'avg'
10.6992 	EXP 	window1: blendMode = 'avg'
10.7159 	EXP 	window1: blendMode = 'avg'
10.7324 	EXP 	window1: blendMode = 'avg'
10.7479 	EXP 	window1: blendMode = 'avg'
10.7660 	EXP 	window1: blendMode = 'avg'
10.7825 	EXP 	window1: blendMode = 'avg'
10.7992 	EXP 	window1: blendMode = 'avg'
10.8157 	EXP 	window1: blendMode = 'avg'
10.8326 	EXP 	window1: blendMode = 'avg'
10.8492 	EXP 	window1: blendMode = 'avg'
10.8656 	EXP 	window1: blendMode = 'avg'
10.8820 	EXP 	window1: blendMode = 'avg'
10.8994 	EXP 	window1: blendMode = 'avg'
10.9155 	EXP 	window1: blendMode = 'avg'
10.9324 	EXP 	window1: blendMode = 'avg'
10.9488 	EXP 	window1: blendMode = 'avg'
10.9654 	EXP 	window1: blendMode = 'avg'
10.9820 	EXP 	window1: blendMode = 'avg'
10.9989 	EXP 	window1: blendMode = 'avg'
11.0161 	EXP 	window1: blendMode = 'avg'
11.0326 	EXP 	window1: blendMode = 'avg'
11.0492 	EXP 	window1: blendMode = 'avg'
11.0659 	EXP 	window1: blendMode = 'avg'
11.0820 	EXP 	window1: blendMode = 'avg'
11.0996 	EXP 	window1: blendMode = 'avg'
11.1161 	EXP 	window1: blendMode = 'avg'
11.1325 	EXP 	window1: blendMode = 'avg'
11.1496 	EXP 	window1: blendMode = 'avg'
11.1663 	EXP 	window1: blendMode = 'avg'
11.1828 	EXP 	window1: blendMode = 'avg'
11.1993 	EXP 	window1: blendMode = 'avg'
11.2159 	EXP 	window1: blendMode = 'avg'
11.2325 	EXP 	window1: blendMode = 'avg'
11.2492 	EXP 	window1: blendMode = 'avg'
11.2656 	EXP 	window1: blendMode = 'avg'
11.2825 	EXP 	window1: blendMode = 'avg'
11.2988 	EXP 	window1: blendMode = 'avg'
11.3162 	EXP 	window1: blendMode = 'avg'
11.3324 	EXP 	window1: blendMode = 'avg'
11.3495 	EXP 	window1: blendMode = 'avg'
11.3659 	EXP 	window1: blendMode = 'avg'
11.3826 	EXP 	window1: blendMode = 'avg'
11.3983 	EXP 	window1: blendMode = 'avg'
11.4159 	EXP 	window1: blendMode = 'avg'
11.4325 	EXP 	window1: blendMode = 'avg'
11.4492 	EXP 	window1: blendMode = 'avg'
11.4657 	EXP 	window1: blendMode = 'avg'
11.4825 	EXP 	window1: blendMode = 'avg'
11.4989 	EXP 	window1: blendMode = 'avg'
11.5153 	EXP 	window1: blendMode = 'avg'
11.5325 	EXP 	window1: blendMode = 'avg'
11.5492 	EXP 	window1: blendMode = 'avg'
11.5659 	EXP 	window1: blendMode = 'avg'
11.5825 	EXP 	window1: blendMode = 'avg'
11.5990 	EXP 	window1: blendMode = 'avg'
11.6159 	EXP 	window1: blendMode = 'avg'
11.6318 	EXP 	window1: blendMode = 'avg'
11.6492 	EXP 	window1: blendMode = 'avg'
11.6659 	EXP 	window1: blendMode = 'avg'
11.6826 	EXP 	window1: blendMode = 'avg'
11.6985 	EXP 	window1: blendMode = 'avg'
11.7159 	EXP 	window1: blendMode = 'avg'
11.7326 	EXP 	window1: blendMode = 'avg'
11.7492 	EXP 	window1: blendMode = 'avg'
11.7659 	EXP 	window1: blendMode = 'avg'
11.7825 	EXP 	window1: blendMode = 'avg'
11.7990 	EXP 	window1: blendMode = 'avg'
11.8154 	EXP 	window1: blendMode = 'avg'
11.8318 	EXP 	window1: blendMode = 'avg'
11.8485 	EXP 	window1: blendMode = 'avg'
11.8655 	EXP 	window1: blendMode = 'avg'
11.8823 	EXP 	window1: blendMode = 'avg'
11.8982 	EXP 	window1: blendMode = 'avg'
11.9151 	EXP 	window1: blendMode = 'avg'
11.9320 	EXP 	window1: blendMode = 'avg'
11.9489 	EXP 	window1: blendMode = 'avg'
11.9661 	EXP 	window1: blendMode = 'avg'
11.9825 	EXP 	window1: blendMode = 'avg'
11.9993 	EXP 	window1: blendMode = 'avg'
12.0155 	EXP 	window1: blendMode = 'avg'
12.0327 	EXP 	window1: blendMode = 'avg'
12.0491 	EXP 	window1: blendMode = 'avg'
12.0659 	EXP 	window1: blendMode = 'avg'
12.0827 	EXP 	window1: blendMode = 'avg'
12.0987 	EXP 	window1: blendMode = 'avg'
12.1160 	EXP 	window1: blendMode = 'avg'
12.1324 	EXP 	window1: blendMode = 'avg'
12.1493 	EXP 	window1: blendMode = 'avg'
12.1660 	EXP 	window1: blendMode = 'avg'
12.1821 	EXP 	window1: blendMode = 'avg'
12.1992 	EXP 	window1: blendMode = 'avg'
12.2149 	EXP 	window1: blendMode = 'avg'
12.2316 	EXP 	window1: blendMode = 'avg'
12.2483 	EXP 	window1: blendMode = 'avg'
12.2652 	EXP 	window1: blendMode = 'avg'
12.2820 	EXP 	window1: blendMode = 'avg'
12.2984 	EXP 	window1: blendMode = 'avg'
12.3147 	EXP 	window1: blendMode = 'avg'
12.3313 	EXP 	window1: blendMode = 'avg'
12.3484 	EXP 	window1: blendMode = 'avg'
12.3652 	EXP 	window1: blendMode = 'avg'
12.3820 	EXP 	window1: blendMode = 'avg'
12.3985 	EXP 	window1: blendMode = 'avg'
12.4146 	EXP 	window1: blendMode = 'avg'
12.4313 	EXP 	window1: blendMode = 'avg'
12.4490 	EXP 	window1: blendMode = 'avg'
12.4648 	EXP 	window1: blendMode = 'avg'
12.4823 	EXP 	window1: blendMode = 'avg'
12.4991 	EXP 	window1: blendMode = 'avg'
12.5159 	EXP 	window1: blendMode = 'avg'
12.5319 	EXP 	window1: blendMode = 'avg'
12.5487 	EXP 	window1: blendMode = 'avg'
12.5653 	EXP 	window1: blendMode = 'avg'
12.5821 	EXP 	window1: blendMode = 'avg'
12.5984 	EXP 	window1: blendMode = 'avg'
12.6152 	EXP 	window1: blendMode = 'avg'
12.6324 	EXP 	window1: blendMode = 'avg'
12.6484 	EXP 	window1: blendMode = 'avg'
12.6652 	EXP 	window1: blendMode = 'avg'
12.6820 	EXP 	window1: blendMode = 'avg'
12.6985 	EXP 	window1: blendMode = 'avg'
12.7156 	EXP 	window1: blendMode = 'avg'
12.7318 	EXP 	window1: blendMode = 'avg'
12.7488 	EXP 	window1: blendMode = 'avg'
12.7651 	EXP 	window1: blendMode = 'avg'
12.7825 	EXP 	window1: blendMode = 'avg'
12.7984 	EXP 	window1: blendMode = 'avg'
12.8154 	EXP 	window1: blendMode = 'avg'
12.8316 	EXP 	window1: blendMode = 'avg'
12.8486 	EXP 	window1: blendMode = 'avg'
12.8659 	EXP 	window1: blendMode = 'avg'
12.8825 	EXP 	window1: blendMode = 'avg'
12.8989 	EXP 	window1: blendMode = 'avg'
12.9160 	EXP 	window1: blendMode = 'avg'
12.9325 	EXP 	window1: blendMode = 'avg'
12.9490 	EXP 	window1: blendMode = 'avg'
12.9657 	EXP 	window1: blendMode = 'avg'
12.9825 	EXP 	window1: blendMode = 'avg'
12.9992 	EXP 	window1: blendMode = 'avg'
13.0159 	EXP 	window1: blendMode = 'avg'
13.0325 	EXP 	window1: blendMode = 'avg'
13.0492 	EXP 	window1: blendMode = 'avg'
13.0656 	EXP 	window1: blendMode = 'avg'
13.0825 	EXP 	window1: blendMode = 'avg'
13.0992 	EXP 	window1: blendMode = 'avg'
13.1159 	EXP 	window1: blendMode = 'avg'
13.1326 	EXP 	window1: blendMode = 'avg'
13.1491 	EXP 	window1: blendMode = 'avg'
13.1658 	EXP 	window1: blendMode = 'avg'
13.1825 	EXP 	window1: blendMode = 'avg'
13.1989 	EXP 	window1: blendMode = 'avg'
13.2148 	EXP 	window1: blendMode = 'avg'
13.2321 	EXP 	window1: blendMode = 'avg'
13.2489 	EXP 	window1: blendMode = 'avg'
13.2660 	EXP 	window1: blendMode = 'avg'
13.2825 	EXP 	window1: blendMode = 'avg'
13.2992 	EXP 	window1: blendMode = 'avg'
13.3158 	EXP 	window1: blendMode = 'avg'
13.3326 	EXP 	window1: blendMode = 'avg'
13.3492 	EXP 	window1: blendMode = 'avg'
13.3656 	EXP 	window1: blendMode = 'avg'
13.3825 	EXP 	window1: blendMode = 'avg'
13.3992 	EXP 	window1: blendMode = 'avg'
13.4158 	EXP 	window1: blendMode = 'avg'
13.4323 	EXP 	window1: blendMode = 'avg'
13.4493 	EXP 	window1: blendMode = 'avg'
13.4658 	EXP 	window1: blendMode = 'avg'
13.4825 	EXP 	window1: blendMode = 'avg'
13.4990 	EXP 	window1: blendMode = 'avg'
13.5159 	EXP 	window1: blendMode = 'avg'
13.5325 	EXP 	window1: blendMode = 'avg'
13.5493 	EXP 	window1: blendMode = 'avg'
13.5658 	EXP 	window1: blendMode = 'avg'
13.5825 	EXP 	window1: blendMode = 'avg'
13.5990 	EXP 	window1: blendMode = 'avg'
13.6154 	EXP 	window1: blendMode = 'avg'
13.6328 	EXP 	window1: blendMode = 'avg'
13.6491 	EXP 	window1: blendMode = 'avg'
13.6659 	EXP 	window1: blendMode = 'avg'
13.6826 	EXP 	window1: blendMode = 'avg'
13.6990 	EXP 	window1: blendMode = 'avg'
13.7148 	EXP 	window1: blendMode = 'avg'
13.7322 	EXP 	window1: blendMode = 'avg'
13.7493 	EXP 	window1: blendMode = 'avg'
13.7659 	EXP 	window1: blendMode = 'avg'
13.7826 	EXP 	window1: blendMode = 'avg'
13.7990 	EXP 	window1: blendMode = 'avg'
13.8159 	EXP 	window1: blendMode = 'avg'
13.8323 	EXP 	window1: blendMode = 'avg'
13.8493 	EXP 	window1: blendMode = 'avg'
13.8658 	EXP 	window1: blendMode = 'avg'
13.8827 	EXP 	window1: blendMode = 'avg'
13.8994 	EXP 	window1: blendMode = 'avg'
13.9159 	EXP 	window1: blendMode = 'avg'
13.9325 	EXP 	window1: blendMode = 'avg'
13.9492 	EXP 	window1: blendMode = 'avg'
13.9656 	EXP 	window1: blendMode = 'avg'
13.9825 	EXP 	window1: blendMode = 'avg'
13.9992 	EXP 	window1: blendMode = 'avg'
14.0155 	EXP 	window1: blendMode = 'avg'
14.0327 	EXP 	window1: blendMode = 'avg'
14.0492 	EXP 	window1: blendMode = 'avg'
14.0659 	EXP 	window1: blendMode = 'avg'
14.0825 	EXP 	window1: blendMode = 'avg'
14.0990 	EXP 	window1: blendMode = 'avg'
14.1158 	EXP 	window1: blendMode = 'avg'
14.1325 	EXP 	window1: blendMode = 'avg'
14.1492 	EXP 	window1: blendMode = 'avg'
14.1656 	EXP 	window1: blendMode = 'avg'
14.1825 	EXP 	window1: blendMode = 'avg'
14.1992 	EXP 	window1: blendMode = 'avg'
14.2158 	EXP 	window1: blendMode = 'avg'
14.2323 	EXP 	window1: blendMode = 'avg'
14.2489 	EXP 	window1: blendMode = 'avg'
14.2661 	EXP 	window1: blendMode = 'avg'
14.2825 	EXP 	window1: blendMode = 'avg'
14.2992 	EXP 	window1: blendMode = 'avg'
14.3158 	EXP 	window1: blendMode = 'avg'
14.3323 	EXP 	window1: blendMode = 'avg'
14.3492 	EXP 	window1: blendMode = 'avg'
14.3658 	EXP 	window1: blendMode = 'avg'
14.3825 	EXP 	window1: blendMode = 'avg'
14.3990 	EXP 	window1: blendMode = 'avg'
14.4157 	EXP 	window1: blendMode = 'avg'
14.4322 	EXP 	window1: blendMode = 'avg'
14.4492 	EXP 	window1: blendMode = 'avg'
14.4658 	EXP 	window1: blendMode = 'avg'
14.4825 	EXP 	window1: blendMode = 'avg'
14.4991 	EXP 	window1: blendMode = 'avg'
14.5158 	EXP 	window1: blendMode = 'avg'
14.5322 	EXP 	window1: blendMode = 'avg'
14.5503 	EXP 	window1: blendMode = 'avg'
14.5659 	EXP 	window1: blendMode = 'avg'
14.5825 	EXP 	window1: blendMode = 'avg'
14.5992 	EXP 	window1: blendMode = 'avg'
14.6158 	EXP 	window1: blendMode = 'avg'
14.6323 	EXP 	window1: blendMode = 'avg'
14.6491 	EXP 	window1: blendMode = 'avg'
14.6657 	EXP 	window1: blendMode = 'avg'
14.6825 	EXP 	window1: blendMode = 'avg'
14.6992 	EXP 	window1: blendMode = 'avg'
14.7158 	EXP 	window1: blendMode = 'avg'
14.7324 	EXP 	window1: blendMode = 'avg'
14.7492 	EXP 	window1: blendMode = 'avg'
14.7656 	EXP 	window1: blendMode = 'avg'
14.7825 	EXP 	window1: blendMode = 'avg'
14.7992 	EXP 	window1: blendMode = 'avg'
14.8156 	EXP 	window1: blendMode = 'avg'
14.8323 	EXP 	window1: blendMode = 'avg'
14.8492 	EXP 	window1: blendMode = 'avg'
14.8658 	EXP 	window1: blendMode = 'avg'
14.8825 	EXP 	window1: blendMode = 'avg'
14.8990 	EXP 	window1: blendMode = 'avg'
14.9150 	EXP 	window1: blendMode = 'avg'
14.9325 	EXP 	window1: blendMode = 'avg'
14.9491 	EXP 	window1: blendMode = 'avg'
14.9657 	EXP 	window1: blendMode = 'avg'
14.9825 	EXP 	window1: blendMode = 'avg'
14.9988 	EXP 	window1: blendMode = 'avg'
15.0160 	EXP 	window1: blendMode = 'avg'
15.0325 	EXP 	window1: blendMode = 'avg'
15.0492 	EXP 	window1: blendMode = 'avg'
15.0654 	EXP 	window1: blendMode = 'avg'
15.0827 	EXP 	window1: blendMode = 'avg'
15.0991 	EXP 	window1: blendMode = 'avg'
15.1158 	EXP 	window1: blendMode = 'avg'
15.1325 	EXP 	window1: blendMode = 'avg'
15.1492 	EXP 	window1: blendMode = 'avg'
15.1657 	EXP 	window1: blendMode = 'avg'
15.1825 	EXP 	window1: blendMode = 'avg'
15.1992 	EXP 	window1: blendMode = 'avg'
15.2156 	EXP 	window1: blendMode = 'avg'
15.2323 	EXP 	window1: blendMode = 'avg'
15.2491 	EXP 	window1: blendMode = 'avg'
15.2654 	EXP 	window1: blendMode = 'avg'
15.2826 	EXP 	window1: blendMode = 'avg'
15.2992 	EXP 	window1: blendMode = 'avg'
15.3158 	EXP 	window1: blendMode = 'avg'
15.3324 	EXP 	window1: blendMode = 'avg'
15.3491 	EXP 	window1: blendMode = 'avg'
15.3659 	EXP 	window1: blendMode = 'avg'
15.3825 	EXP 	window1: blendMode = 'avg'
15.3990 	EXP 	window1: blendMode = 'avg'
15.4158 	EXP 	window1: blendMode = 'avg'
15.4322 	EXP 	window1: blendMode = 'avg'
15.4494 	EXP 	window1: blendMode = 'avg'
15.4657 	EXP 	window1: blendMode = 'avg'
15.4824 	EXP 	window1: blendMode = 'avg'
15.4992 	EXP 	window1: blendMode = 'avg'
15.5158 	EXP 	window1: blendMode = 'avg'
15.5323 	EXP 	window1: blendMode = 'avg'
15.5492 	EXP 	window1: blendMode = 'avg'
15.5657 	EXP 	window1: blendMode = 'avg'
15.5825 	EXP 	window1: blendMode = 'avg'
15.5992 	EXP 	window1: blendMode = 'avg'
15.6155 	EXP 	window1: blendMode = 'avg'
15.6324 	EXP 	window1: blendMode = 'avg'
15.6492 	EXP 	window1: blendMode = 'avg'
15.6654 	EXP 	window1: blendMode = 'avg'
15.6826 	EXP 	window1: blendMode = 'avg'
15.6991 	EXP 	window1: blendMode = 'avg'
15.7158 	EXP 	window1: blendMode = 'avg'
15.7323 	EXP 	window1: blendMode = 'avg'
15.7491 	EXP 	window1: blendMode = 'avg'
15.7658 	EXP 	window1: blendMode = 'avg'
15.7825 	EXP 	window1: blendMode = 'avg'
15.7989 	EXP 	window1: blendMode = 'avg'
15.8157 	EXP 	window1: blendMode = 'avg'
15.8320 	EXP 	window1: blendMode = 'avg'
15.8494 	EXP 	window1: blendMode = 'avg'
15.8658 	EXP 	window1: blendMode = 'avg'
15.8825 	EXP 	window1: blendMode = 'avg'
15.8990 	EXP 	window1: blendMode = 'avg'
15.9158 	EXP 	window1: blendMode = 'avg'
15.9325 	EXP 	window1: blendMode = 'avg'
15.9491 	EXP 	window1: blendMode = 'avg'
15.9658 	EXP 	window1: blendMode = 'avg'
15.9825 	EXP 	window1: blendMode = 'avg'
15.9992 	EXP 	window1: blendMode = 'avg'
16.0156 	EXP 	window1: blendMode = 'avg'
16.0324 	EXP 	window1: blendMode = 'avg'
16.0492 	EXP 	window1: blendMode = 'avg'
16.0659 	EXP 	window1: blendMode = 'avg'
16.0825 	EXP 	window1: blendMode = 'avg'
16.0990 	EXP 	window1: blendMode = 'avg'
16.1159 	EXP 	window1: blendMode = 'avg'
16.1322 	EXP 	window1: blendMode = 'avg'
16.1494 	EXP 	window1: blendMode = 'avg'
16.1658 	EXP 	window1: blendMode = 'avg'
16.1825 	EXP 	window1: blendMode = 'avg'
16.1990 	EXP 	window1: blendMode = 'avg'
16.2158 	EXP 	window1: blendMode = 'avg'
16.2322 	EXP 	window1: blendMode = 'avg'
16.2491 	EXP 	window1: blendMode = 'avg'
16.2658 	EXP 	window1: blendMode = 'avg'
16.2825 	EXP 	window1: blendMode = 'avg'
16.2989 	EXP 	window1: blendMode = 'avg'
16.3158 	EXP 	window1: blendMode = 'avg'
16.3327 	EXP 	window1: blendMode = 'avg'
16.3492 	EXP 	window1: blendMode = 'avg'
16.3658 	EXP 	window1: blendMode = 'avg'
16.3825 	EXP 	window1: blendMode = 'avg'
16.3989 	EXP 	window1: blendMode = 'avg'
16.4155 	EXP 	window1: blendMode = 'avg'
16.4327 	EXP 	window1: blendMode = 'avg'
16.4491 	EXP 	window1: blendMode = 'avg'
16.4662 	EXP 	window1: blendMode = 'avg'
16.4826 	EXP 	window1: blendMode = 'avg'
16.4986 	EXP 	window1: blendMode = 'avg'
16.5153 	EXP 	window1: blendMode = 'avg'
16.5320 	EXP 	window1: blendMode = 'avg'
16.5488 	EXP 	window1: blendMode = 'avg'
16.5650 	EXP 	window1: blendMode = 'avg'
16.5818 	EXP 	window1: blendMode = 'avg'
16.5983 	EXP 	window1: blendMode = 'avg'
16.6150 	EXP 	window1: blendMode = 'avg'
16.6318 	EXP 	window1: blendMode = 'avg'
16.6485 	EXP 	window1: blendMode = 'avg'
16.6650 	EXP 	window1: blendMode = 'avg'
16.6825 	EXP 	window1: blendMode = 'avg'
16.6988 	EXP 	window1: blendMode = 'avg'
16.7160 	EXP 	window1: blendMode = 'avg'
16.7319 	EXP 	window1: blendMode = 'avg'
16.7492 	EXP 	window1: blendMode = 'avg'
16.7658 	EXP 	window1: blendMode = 'avg'
16.7825 	EXP 	window1: blendMode = 'avg'
16.7988 	EXP 	window1: blendMode = 'avg'
16.8164 	EXP 	window1: blendMode = 'avg'
16.8326 	EXP 	window1: blendMode = 'avg'
16.8491 	EXP 	window1: blendMode = 'avg'
16.8652 	EXP 	window1: blendMode = 'avg'
16.8818 	EXP 	window1: blendMode = 'avg'
16.8992 	EXP 	window1: blendMode = 'avg'
16.9158 	EXP 	window1: blendMode = 'avg'
16.9325 	EXP 	window1: blendMode = 'avg'
16.9489 	EXP 	window1: blendMode = 'avg'
16.9659 	EXP 	window1: blendMode = 'avg'
16.9827 	EXP 	window1: blendMode = 'avg'
16.9991 	EXP 	window1: blendMode = 'avg'
17.0158 	EXP 	window1: blendMode = 'avg'
17.0325 	EXP 	window1: blendMode = 'avg'
17.0491 	EXP 	window1: blendMode = 'avg'
17.0658 	EXP 	window1: blendMode = 'avg'
17.0820 	EXP 	window1: blendMode = 'avg'
17.0994 	EXP 	window1: blendMode = 'avg'
17.1156 	EXP 	window1: blendMode = 'avg'
17.1325 	EXP 	window1: blendMode = 'avg'
17.1491 	EXP 	window1: blendMode = 'avg'
17.1657 	EXP 	window1: blendMode = 'avg'
17.1825 	EXP 	window1: blendMode = 'avg'
17.1988 	EXP 	window1: blendMode = 'avg'
17.2160 	EXP 	window1: blendMode = 'avg'
17.2323 	EXP 	window1: blendMode = 'avg'
17.2491 	EXP 	window1: blendMode = 'avg'
17.2659 	EXP 	window1: blendMode = 'avg'
17.2826 	EXP 	window1: blendMode = 'avg'
17.2990 	EXP 	window1: blendMode = 'avg'
17.3157 	EXP 	window1: blendMode = 'avg'
17.3321 	EXP 	window1: blendMode = 'avg'
17.3494 	EXP 	window1: blendMode = 'avg'
17.3658 	EXP 	window1: blendMode = 'avg'
17.3822 	EXP 	window1: blendMode = 'avg'
17.3982 	EXP 	window1: blendMode = 'avg'
17.4158 	EXP 	window1: blendMode = 'avg'
17.4325 	EXP 	window1: blendMode = 'avg'
17.4493 	EXP 	window1: blendMode = 'avg'
17.4653 	EXP 	window1: blendMode = 'avg'
17.4818 	EXP 	window1: blendMode = 'avg'
17.4976 	EXP 	window1: blendMode = 'avg'
17.5151 	EXP 	window1: blendMode = 'avg'
17.5315 	EXP 	window1: blendMode = 'avg'
17.5493 	EXP 	window1: blendMode = 'avg'
17.5657 	EXP 	window1: blendMode = 'avg'
17.5824 	EXP 	window1: blendMode = 'avg'
17.5986 	EXP 	window1: blendMode = 'avg'
17.6160 	EXP 	window1: blendMode = 'avg'
17.6324 	EXP 	window1: blendMode = 'avg'
17.6491 	EXP 	window1: blendMode = 'avg'
17.6656 	EXP 	window1: blendMode = 'avg'
17.6825 	EXP 	window1: blendMode = 'avg'
17.6991 	EXP 	window1: blendMode = 'avg'
17.7158 	EXP 	window1: blendMode = 'avg'
17.7324 	EXP 	window1: blendMode = 'avg'
17.7491 	EXP 	window1: blendMode = 'avg'
17.7654 	EXP 	window1: blendMode = 'avg'
17.7826 	EXP 	window1: blendMode = 'avg'
17.7989 	EXP 	window1: blendMode = 'avg'
17.8158 	EXP 	window1: blendMode = 'avg'
17.8322 	EXP 	window1: blendMode = 'avg'
17.8491 	EXP 	window1: blendMode = 'avg'
17.8658 	EXP 	window1: blendMode = 'avg'
17.8824 	EXP 	window1: blendMode = 'avg'
17.8989 	EXP 	window1: blendMode = 'avg'
17.9158 	EXP 	window1: blendMode = 'avg'
17.9322 	EXP 	window1: blendMode = 'avg'
17.9493 	EXP 	window1: blendMode = 'avg'
17.9660 	EXP 	window1: blendMode = 'avg'
17.9824 	EXP 	window1: blendMode = 'avg'
17.9986 	EXP 	window1: blendMode = 'avg'
18.0160 	EXP 	window1: blendMode = 'avg'
18.0325 	EXP 	window1: blendMode = 'avg'
18.0487 	EXP 	window1: blendMode = 'avg'
18.0661 	EXP 	window1: blendMode = 'avg'
18.0827 	EXP 	window1: blendMode = 'avg'
18.0991 	EXP 	window1: blendMode = 'avg'
18.1151 	EXP 	window1: blendMode = 'avg'
18.1321 	EXP 	window1: blendMode = 'avg'
18.1488 	EXP 	window1: blendMode = 'avg'
18.1659 	EXP 	window1: blendMode = 'avg'
18.1824 	EXP 	window1: blendMode = 'avg'
18.1991 	EXP 	window1: blendMode = 'avg'
18.2158 	EXP 	window1: blendMode = 'avg'
18.2325 	EXP 	window1: blendMode = 'avg'
18.2492 	EXP 	window1: blendMode = 'avg'
18.2658 	EXP 	window1: blendMode = 'avg'
18.2825 	EXP 	window1: blendMode = 'avg'
18.2991 	EXP 	window1: blendMode = 'avg'
18.3156 	EXP 	window1: blendMode = 'avg'
18.3323 	EXP 	window1: blendMode = 'avg'
18.3491 	EXP 	window1: blendMode = 'avg'
18.3658 	EXP 	window1: blendMode = 'avg'
18.3820 	EXP 	window1: blendMode = 'avg'
18.3985 	EXP 	window1: blendMode = 'avg'
18.4151 	EXP 	window1: blendMode = 'avg'
18.4320 	EXP 	window1: blendMode = 'avg'
18.4481 	EXP 	window1: blendMode = 'avg'
18.4658 	EXP 	window1: blendMode = 'avg'
18.4827 	EXP 	window1: blendMode = 'avg'
18.4990 	EXP 	window1: blendMode = 'avg'
18.5152 	EXP 	window1: blendMode = 'avg'
18.5314 	EXP 	window1: blendMode = 'avg'
18.5488 	EXP 	window1: blendMode = 'avg'
18.5653 	EXP 	window1: blendMode = 'avg'
18.5825 	EXP 	window1: blendMode = 'avg'
18.5991 	EXP 	window1: blendMode = 'avg'
18.6155 	EXP 	window1: blendMode = 'avg'
18.6327 	EXP 	window1: blendMode = 'avg'
18.6485 	EXP 	window1: blendMode = 'avg'
18.6665 	EXP 	window1: blendMode = 'avg'
18.6816 	EXP 	window1: blendMode = 'avg'
18.6991 	EXP 	window1: blendMode = 'avg'
18.7158 	EXP 	window1: blendMode = 'avg'
18.7322 	EXP 	window1: blendMode = 'avg'
18.7492 	EXP 	window1: blendMode = 'avg'
18.7658 	EXP 	window1: blendMode = 'avg'
18.7824 	EXP 	window1: blendMode = 'avg'
18.7988 	EXP 	window1: blendMode = 'avg'
18.8161 	EXP 	window1: blendMode = 'avg'
18.8325 	EXP 	window1: blendMode = 'avg'
18.8491 	EXP 	window1: blendMode = 'avg'
18.8655 	EXP 	window1: blendMode = 'avg'
18.8825 	EXP 	window1: blendMode = 'avg'
18.8994 	EXP 	window1: blendMode = 'avg'
18.9157 	EXP 	window1: blendMode = 'avg'
18.9323 	EXP 	window1: blendMode = 'avg'
18.9492 	EXP 	window1: blendMode = 'avg'
18.9656 	EXP 	window1: blendMode = 'avg'
18.9824 	EXP 	window1: blendMode = 'avg'
18.9991 	EXP 	window1: blendMode = 'avg'
19.0158 	EXP 	window1: blendMode = 'avg'
19.0324 	EXP 	window1: blendMode = 'avg'
19.0483 	EXP 	window1: blendMode = 'avg'
19.0654 	EXP 	window1: blendMode = 'avg'
19.0824 	EXP 	window1: blendMode = 'avg'
19.0985 	EXP 	window1: blendMode = 'avg'
19.1157 	EXP 	window1: blendMode = 'avg'
19.1325 	EXP 	window1: blendMode = 'avg'
19.1491 	EXP 	window1: blendMode = 'avg'
19.1656 	EXP 	window1: blendMode = 'avg'
19.1818 	EXP 	window1: blendMode = 'avg'
19.1993 	EXP 	window1: blendMode = 'avg'
19.2156 	EXP 	window1: blendMode = 'avg'
19.2322 	EXP 	window1: blendMode = 'avg'
19.2494 	EXP 	window1: blendMode = 'avg'
19.2662 	EXP 	window1: blendMode = 'avg'
19.2827 	EXP 	window1: blendMode = 'avg'
19.2988 	EXP 	window1: blendMode = 'avg'
19.3151 	EXP 	window1: blendMode = 'avg'
19.3326 	EXP 	window1: blendMode = 'avg'
19.3492 	EXP 	window1: blendMode = 'avg'
19.3652 	EXP 	window1: blendMode = 'avg'
19.3818 	EXP 	window1: blendMode = 'avg'
19.3989 	EXP 	window1: blendMode = 'avg'
19.4160 	EXP 	window1: blendMode = 'avg'
19.4335 	EXP 	window1: blendMode = 'avg'
19.4496 	EXP 	window1: blendMode = 'avg'
19.4660 	EXP 	window1: blendMode = 'avg'
19.4820 	EXP 	window1: blendMode = 'avg'
19.4980 	EXP 	window1: blendMode = 'avg'
19.5160 	EXP 	window1: blendMode = 'avg'
19.5325 	EXP 	window1: blendMode = 'avg'
19.5491 	EXP 	window1: blendMode = 'avg'
19.5650 	EXP 	window1: blendMode = 'avg'
19.5825 	EXP 	window1: blendMode = 'avg'
19.5992 	EXP 	window1: blendMode = 'avg'
19.6154 	EXP 	window1: blendMode = 'avg'
19.6325 	EXP 	window1: blendMode = 'avg'
19.6491 	EXP 	window1: blendMode = 'avg'
19.6659 	EXP 	window1: blendMode = 'avg'
19.6824 	EXP 	window1: blendMode = 'avg'
19.6985 	EXP 	window1: blendMode = 'avg'
19.7158 	EXP 	window1: blendMode = 'avg'
19.7321 	EXP 	window1: blendMode = 'avg'
19.7494 	EXP 	window1: blendMode = 'avg'
19.7657 	EXP 	window1: blendMode = 'avg'
19.7825 	EXP 	window1: blendMode = 'avg'
19.7991 	EXP 	window1: blendMode = 'avg'
19.8158 	EXP 	window1: blendMode = 'avg'
19.8325 	EXP 	window1: blendMode = 'avg'
19.8490 	EXP 	window1: blendMode = 'avg'
19.8658 	EXP 	window1: blendMode = 'avg'
19.8815 	EXP 	window1: blendMode = 'avg'
19.8991 	EXP 	window1: blendMode = 'avg'
19.9158 	EXP 	window1: blendMode = 'avg'
19.9324 	EXP 	window1: blendMode = 'avg'
19.9494 	EXP 	window1: blendMode = 'avg'
19.9653 	EXP 	window1: blendMode = 'avg'
19.9820 	EXP 	window1: blendMode = 'avg'
19.9992 	EXP 	window1: blendMode = 'avg'
20.0153 	EXP 	window1: blendMode = 'avg'
20.0327 	EXP 	window1: blendMode = 'avg'
20.0491 	EXP 	window1: blendMode = 'avg'
20.0656 	EXP 	window1: blendMode = 'avg'
20.0819 	EXP 	window1: blendMode = 'avg'
20.0991 	EXP 	window1: blendMode = 'avg'
20.1156 	EXP 	window1: blendMode = 'avg'
20.1320 	EXP 	window1: blendMode = 'avg'
20.1489 	EXP 	window1: blendMode = 'avg'
20.1660 	EXP 	window1: blendMode = 'avg'
20.1824 	EXP 	window1: blendMode = 'avg'
20.1991 	EXP 	window1: blendMode = 'avg'
20.2155 	EXP 	window1: blendMode = 'avg'
20.2327 	EXP 	window1: blendMode = 'avg'
20.2491 	EXP 	window1: blendMode = 'avg'
20.2658 	EXP 	window1: blendMode = 'avg'
20.2827 	EXP 	window1: blendMode = 'avg'
20.2991 	EXP 	window1: blendMode = 'avg'
20.3151 	EXP 	window1: blendMode = 'avg'
20.3324 	EXP 	window1: blendMode = 'avg'
20.3494 	EXP 	window1: blendMode = 'avg'
20.3656 	EXP 	window1: blendMode = 'avg'
20.3824 	EXP 	window1: blendMode = 'avg'
20.3991 	EXP 	window1: blendMode = 'avg'
20.4158 	EXP 	window1: blendMode = 'avg'
20.4324 	EXP 	window1: blendMode = 'avg'
20.4491 	EXP 	window1: blendMode = 'avg'
20.4657 	EXP 	window1: blendMode = 'avg'
20.4820 	EXP 	window1: blendMode = 'avg'
20.4993 	EXP 	window1: blendMode = 'avg'
20.5156 	EXP 	window1: blendMode = 'avg'
20.5324 	EXP 	window1: blendMode = 'avg'
20.5487 	EXP 	window1: blendMode = 'avg'
20.5659 	EXP 	window1: blendMode = 'avg'
20.5824 	EXP 	window1: blendMode = 'avg'
20.5991 	EXP 	window1: blendMode = 'avg'
20.6149 	EXP 	window1: blendMode = 'avg'
20.6324 	EXP 	window1: blendMode = 'avg'
20.6490 	EXP 	window1: blendMode = 'avg'
20.6656 	EXP 	window1: blendMode = 'avg'
20.6824 	EXP 	window1: blendMode = 'avg'
20.6991 	EXP 	window1: blendMode = 'avg'
20.7157 	EXP 	window1: blendMode = 'avg'
20.7324 	EXP 	window1: blendMode = 'avg'
20.7484 	EXP 	window1: blendMode = 'avg'
20.7657 	EXP 	window1: blendMode = 'avg'
20.7824 	EXP 	window1: blendMode = 'avg'
20.7991 	EXP 	window1: blendMode = 'avg'
20.8149 	EXP 	window1: blendMode = 'avg'
20.8319 	EXP 	window1: blendMode = 'avg'
20.8492 	EXP 	window1: blendMode = 'avg'
20.8657 	EXP 	window1: blendMode = 'avg'
20.8824 	EXP 	window1: blendMode = 'avg'
20.8989 	EXP 	window1: blendMode = 'avg'
20.9160 	EXP 	window1: blendMode = 'avg'
20.9324 	EXP 	window1: blendMode = 'avg'
20.9491 	EXP 	window1: blendMode = 'avg'
20.9656 	EXP 	window1: blendMode = 'avg'
20.9822 	EXP 	window1: blendMode = 'avg'
20.9987 	EXP 	window1: blendMode = 'avg'
21.0160 	EXP 	window1: blendMode = 'avg'
21.0321 	EXP 	window1: blendMode = 'avg'
21.0493 	EXP 	window1: blendMode = 'avg'
21.0652 	EXP 	window1: blendMode = 'avg'
21.0823 	EXP 	window1: blendMode = 'avg'
21.0991 	EXP 	window1: blendMode = 'avg'
21.1158 	EXP 	window1: blendMode = 'avg'
21.1323 	EXP 	window1: blendMode = 'avg'
21.1478 	EXP 	window1: blendMode = 'avg'
21.1657 	EXP 	window1: blendMode = 'avg'
21.1824 	EXP 	window1: blendMode = 'avg'
21.1985 	EXP 	window1: blendMode = 'avg'
21.2155 	EXP 	window1: blendMode = 'avg'
21.2327 	EXP 	window1: blendMode = 'avg'
21.2491 	EXP 	window1: blendMode = 'avg'
21.2654 	EXP 	window1: blendMode = 'avg'
21.2826 	EXP 	window1: blendMode = 'avg'
21.2990 	EXP 	window1: blendMode = 'avg'
21.3157 	EXP 	window1: blendMode = 'avg'
21.3322 	EXP 	window1: blendMode = 'avg'
21.3491 	EXP 	window1: blendMode = 'avg'
21.3659 	EXP 	window1: blendMode = 'avg'
21.3824 	EXP 	window1: blendMode = 'avg'
21.3981 	EXP 	window1: blendMode = 'avg'
21.4158 	EXP 	window1: blendMode = 'avg'
21.4324 	EXP 	window1: blendMode = 'avg'
21.4536 	DATA 	Keypress: space
21.4545 	EXP 	window1: blendMode = 'avg'
21.4741 	EXP 	Imported Book.xlsx as conditions, 44 conditions, 7 params
21.4746 	EXP 	Created sequence: random, trialTypes=44, nReps=1, seed=None
21.4750 	EXP 	New trial (rep=0, index=0): {'YLeftPos': 0, 'time_presentation': 0.5, 'XLeftPos': -300, 'XRightPos': 300, 'rightimg': u'frogs/ab61.jpg', 'YRightPos': 0, 'leftimg': u'frogs/ab21.jpg'}
21.5810 	EXP 	text_2: autoDraw = False
21.5810 	EXP 	Leftimg: pos = array([-300.,    0.])
21.5810 	EXP 	Leftimg: image = u'frogs/ab21.jpg'
21.5810 	EXP 	Rightimg: pos = array([ 300.,    0.])
21.5810 	EXP 	Rightimg: image = u'frogs/ab61.jpg'
21.5810 	EXP 	Leftimg: autoDraw = True
21.5810 	EXP 	Rightimg: autoDraw = True
21.9818 	EXP 	Leftimg: autoDraw = False
21.9818 	EXP 	Rightimg: autoDraw = False
23.9832 	EXP 	window1: blendMode = 'avg'
23.9982 	EXP 	text: autoDraw = True
23.9991 	EXP 	window1: blendMode = 'avg'
24.0160 	EXP 	window1: blendMode = 'avg'
24.0325 	EXP 	window1: blendMode = 'avg'
24.0489 	EXP 	window1: blendMode = 'avg'
24.0656 	EXP 	window1: blendMode = 'avg'
24.0825 	EXP 	window1: blendMode = 'avg'
24.0992 	EXP 	window1: blendMode = 'avg'
24.1156 	EXP 	window1: blendMode = 'avg'
24.1316 	EXP 	window1: blendMode = 'avg'
24.1480 	EXP 	window1: blendMode = 'avg'
24.1645 	EXP 	window1: blendMode = 'avg'
24.1821 	EXP 	window1: blendMode = 'avg'
24.1979 	EXP 	window1: blendMode = 'avg'
24.2150 	EXP 	window1: blendMode = 'avg'
24.2319 	EXP 	window1: blendMode = 'avg'
24.2489 	EXP 	window1: blendMode = 'avg'
24.2649 	EXP 	window1: blendMode = 'avg'
24.2819 	EXP 	window1: blendMode = 'avg'
24.2986 	EXP 	window1: blendMode = 'avg'
24.3151 	EXP 	window1: blendMode = 'avg'
24.3318 	EXP 	window1: blendMode = 'avg'
24.3487 	EXP 	window1: blendMode = 'avg'
24.3642 	EXP 	window1: blendMode = 'avg'
24.3820 	EXP 	window1: blendMode = 'avg'
24.3987 	EXP 	window1: blendMode = 'avg'
24.4152 	EXP 	window1: blendMode = 'avg'
24.4318 	EXP 	window1: blendMode = 'avg'
24.4483 	EXP 	window1: blendMode = 'avg'
24.4651 	EXP 	window1: blendMode = 'avg'
24.4818 	EXP 	window1: blendMode = 'avg'
24.4979 	EXP 	window1: blendMode = 'avg'
24.5151 	EXP 	window1: blendMode = 'avg'
24.5313 	EXP 	window1: blendMode = 'avg'
24.5483 	EXP 	window1: blendMode = 'avg'
24.5643 	EXP 	window1: blendMode = 'avg'
24.5820 	EXP 	window1: blendMode = 'avg'
24.5977 	EXP 	window1: blendMode = 'avg'
24.6150 	EXP 	window1: blendMode = 'avg'
24.6318 	EXP 	window1: blendMode = 'avg'
24.6485 	EXP 	window1: blendMode = 'avg'
24.6654 	EXP 	window1: blendMode = 'avg'
24.6821 	EXP 	window1: blendMode = 'avg'
24.6977 	EXP 	window1: blendMode = 'avg'
24.7146 	EXP 	window1: blendMode = 'avg'
24.7311 	EXP 	window1: blendMode = 'avg'
24.7476 	EXP 	window1: blendMode = 'avg'
24.7654 	EXP 	window1: blendMode = 'avg'
24.7814 	EXP 	window1: blendMode = 'avg'
24.7982 	EXP 	window1: blendMode = 'avg'
24.8148 	EXP 	window1: blendMode = 'avg'
24.8339 	DATA 	Keypress: right
24.8346 	EXP 	window1: blendMode = 'avg'
24.8483 	EXP 	window1: blendMode = 'avg'
24.8645 	EXP 	window1: blendMode = 'avg'
24.8816 	EXP 	window1: blendMode = 'avg'
24.8984 	EXP 	window1: blendMode = 'avg'
24.9151 	EXP 	window1: blendMode = 'avg'
24.9318 	EXP 	window1: blendMode = 'avg'
24.9488 	EXP 	window1: blendMode = 'avg'
24.9645 	EXP 	window1: blendMode = 'avg'
24.9817 	EXP 	window1: blendMode = 'avg'
24.9984 	EXP 	window1: blendMode = 'avg'
25.0151 	EXP 	window1: blendMode = 'avg'
25.0315 	EXP 	window1: blendMode = 'avg'
25.0483 	EXP 	window1: blendMode = 'avg'
25.0649 	EXP 	window1: blendMode = 'avg'
25.0816 	EXP 	window1: blendMode = 'avg'
25.0979 	EXP 	window1: blendMode = 'avg'
25.1141 	EXP 	window1: blendMode = 'avg'
25.1317 	EXP 	window1: blendMode = 'avg'
25.1481 	EXP 	window1: blendMode = 'avg'
25.1646 	EXP 	window1: blendMode = 'avg'
25.1809 	EXP 	window1: blendMode = 'avg'
25.1982 	EXP 	window1: blendMode = 'avg'
25.2142 	EXP 	window1: blendMode = 'avg'
25.2314 	EXP 	window1: blendMode = 'avg'
25.2475 	EXP 	window1: blendMode = 'avg'
25.2649 	EXP 	window1: blendMode = 'avg'
25.2824 	EXP 	window1: blendMode = 'avg'
25.2990 	EXP 	window1: blendMode = 'avg'
25.3158 	EXP 	window1: blendMode = 'avg'
25.3321 	EXP 	window1: blendMode = 'avg'
25.3490 	EXP 	window1: blendMode = 'avg'
25.3653 	EXP 	window1: blendMode = 'avg'
25.3822 	EXP 	window1: blendMode = 'avg'
25.3992 	EXP 	window1: blendMode = 'avg'
25.4158 	EXP 	window1: blendMode = 'avg'
25.4335 	DATA 	Keypress: space
25.4346 	EXP 	New trial (rep=0, index=1): {'YLeftPos': 0, 'time_presentation': 0.5, 'XLeftPos': -300, 'XRightPos': 300, 'rightimg': u'frogs/ab69.jpg', 'YRightPos': 0, 'leftimg': u'frogs/ab29.jpg'}
25.4639 	EXP 	Leftimg: autoDraw = False
25.4639 	EXP 	Rightimg: autoDraw = False
25.4639 	EXP 	text: autoDraw = False
25.4639 	EXP 	Leftimg: pos = array([-300.,    0.])
25.4639 	EXP 	Leftimg: image = u'frogs/ab29.jpg'
25.4639 	EXP 	Rightimg: pos = array([ 300.,    0.])
25.4639 	EXP 	Rightimg: image = u'frogs/ab69.jpg'
25.4639 	EXP 	Leftimg: autoDraw = True
25.4639 	EXP 	Rightimg: autoDraw = True
25.9472 	EXP 	Leftimg: autoDraw = False
25.9472 	EXP 	Rightimg: autoDraw = False
27.0153 	DATA 	Keypress: right
27.0161 	EXP 	New trial (rep=0, index=2): {'YLeftPos': 0, 'time_presentation': 0.5, 'XLeftPos': -300, 'XRightPos': 300, 'rightimg': u'frogs/ab54.jpg', 'YRightPos': 0, 'leftimg': u'frogs/ab14.jpg'}
27.0476 	EXP 	Leftimg: autoDraw = False
27.0476 	EXP 	Rightimg: autoDraw = False
27.0476 	EXP 	text: autoDraw = False
27.0476 	EXP 	Leftimg: pos = array([-300.,    0.])
27.0476 	EXP 	Leftimg: image = u'frogs/ab14.jpg'
27.0476 	EXP 	Rightimg: pos = array([ 300.,    0.])
27.0476 	EXP 	Rightimg: image = u'frogs/ab54.jpg'
27.0476 	EXP 	Leftimg: autoDraw = True
27.0476 	EXP 	Rightimg: autoDraw = True
27.5307 	EXP 	Leftimg: autoDraw = False
27.5307 	EXP 	Rightimg: autoDraw = False
27.9490 	DATA 	Keypress: left
27.9504 	EXP 	New trial (rep=0, index=3): {'YLeftPos': 0, 'time_presentation': 0.5, 'XLeftPos': -300, 'XRightPos': 300, 'rightimg': u'frogs/ab66.jpg', 'YRightPos': 0, 'leftimg': u'frogs/ab26.jpg'}
27.9816 	EXP 	Leftimg: autoDraw = False
27.9816 	EXP 	Rightimg: autoDraw = False
27.9816 	EXP 	text: autoDraw = False
27.9816 	EXP 	Leftimg: pos = array([-300.,    0.])
27.9816 	EXP 	Leftimg: image = u'frogs/ab26.jpg'
27.9816 	EXP 	Rightimg: pos = array([ 300.,    0.])
27.9816 	EXP 	Rightimg: image = u'frogs/ab66.jpg'
27.9816 	EXP 	Leftimg: autoDraw = True
27.9816 	EXP 	Rightimg: autoDraw = True
28.4645 	EXP 	Leftimg: autoDraw = False
28.4645 	EXP 	Rightimg: autoDraw = False
28.8483 	DATA 	Keypress: left
28.8490 	EXP 	New trial (rep=0, index=4): {'YLeftPos': 0, 'time_presentation': 0.5, 'XLeftPos': -300, 'XRightPos': 300, 'rightimg': u'frogs/ab55.jpg', 'YRightPos': 0, 'leftimg': u'frogs/ab15.jpg'}
28.9304 	EXP 	Leftimg: autoDraw = False
28.9304 	EXP 	Rightimg: autoDraw = False
28.9304 	EXP 	text: autoDraw = False
28.9304 	EXP 	Leftimg: pos = array([-300.,    0.])
28.9304 	EXP 	Leftimg: image = u'frogs/ab15.jpg'
28.9304 	EXP 	Rightimg: pos = array([ 300.,    0.])
28.9304 	EXP 	Rightimg: image = u'frogs/ab55.jpg'
28.9304 	EXP 	Leftimg: autoDraw = True
28.9304 	EXP 	Rightimg: autoDraw = True
29.3650 	EXP 	Leftimg: autoDraw = False
29.3650 	EXP 	Rightimg: autoDraw = False
29.7660 	DATA 	Keypress: right
29.7671 	EXP 	New trial (rep=0, index=5): {'YLeftPos': 0, 'time_presentation': 0.5, 'XLeftPos': -300, 'XRightPos': 300, 'rightimg': u'frogs/ab78.jpg', 'YRightPos': 0, 'leftimg': u'frogs/ab38.jpg'}
29.7977 	EXP 	Leftimg: autoDraw = False
29.7977 	EXP 	Rightimg: autoDraw = False
29.7977 	EXP 	text: autoDraw = False
29.7977 	EXP 	Leftimg: pos = array([-300.,    0.])
29.7977 	EXP 	Leftimg: image = u'frogs/ab38.jpg'
29.7977 	EXP 	Rightimg: pos = array([ 300.,    0.])
29.7977 	EXP 	Rightimg: image = u'frogs/ab78.jpg'
29.7977 	EXP 	Leftimg: autoDraw = True
29.7977 	EXP 	Rightimg: autoDraw = True
30.2816 	EXP 	Leftimg: autoDraw = False
30.2816 	EXP 	Rightimg: autoDraw = False
30.7672 	DATA 	Keypress: left
30.7827 	EXP 	New trial (rep=0, index=6): {'YLeftPos': 0, 'time_presentation': 0.5, 'XLeftPos': -300, 'XRightPos': 300, 'rightimg': u'frogs/ab75.jpg', 'YRightPos': 0, 'leftimg': u'frogs/ab35.jpg'}
30.8143 	EXP 	Leftimg: autoDraw = False
30.8143 	EXP 	Rightimg: autoDraw = False
30.8143 	EXP 	text: autoDraw = False
30.8143 	EXP 	Leftimg: pos = array([-300.,    0.])
30.8143 	EXP 	Leftimg: image = u'frogs/ab35.jpg'
30.8143 	EXP 	Rightimg: pos = array([ 300.,    0.])
30.8143 	EXP 	Rightimg: image = u'frogs/ab75.jpg'
30.8143 	EXP 	Leftimg: autoDraw = True
30.8143 	EXP 	Rightimg: autoDraw = True
31.2974 	EXP 	Leftimg: autoDraw = False
31.2974 	EXP 	Rightimg: autoDraw = False
32.0828 	DATA 	Keypress: left
32.0840 	EXP 	New trial (rep=0, index=7): {'YLeftPos': 0, 'time_presentation': 0.5, 'XLeftPos': -300, 'XRightPos': 300, 'rightimg': u'frogs/ab47.jpg', 'YRightPos': 0, 'leftimg': u'frogs/ab7.jpg'}
32.4478 	EXP 	Leftimg: autoDraw = False
32.4478 	EXP 	Rightimg: autoDraw = False
32.4478 	EXP 	text: autoDraw = False
32.4478 	EXP 	Leftimg: pos = array([-300.,    0.])
32.4478 	EXP 	Leftimg: image = u'frogs/ab7.jpg'
32.4478 	EXP 	Rightimg: pos = array([ 300.,    0.])
32.4478 	EXP 	Rightimg: image = u'frogs/ab47.jpg'
32.4478 	EXP 	Leftimg: autoDraw = True
32.4478 	EXP 	Rightimg: autoDraw = True
32.5983 	EXP 	Leftimg: autoDraw = False
32.5983 	EXP 	Rightimg: autoDraw = False
33.6820 	DATA 	Keypress: right
33.6828 	EXP 	New trial (rep=0, index=8): {'YLeftPos': 0, 'time_presentation': 0.5, 'XLeftPos': -300, 'XRightPos': 300, 'rightimg': u'4.jpg', 'YRightPos': 0, 'leftimg': u'2.jpg'}
33.7314 	EXP 	Leftimg: autoDraw = False
33.7314 	EXP 	Rightimg: autoDraw = False
33.7314 	EXP 	text: autoDraw = False
33.7314 	EXP 	Leftimg: pos = array([-300.,    0.])
33.7314 	EXP 	Leftimg: image = u'2.jpg'
33.7314 	EXP 	Rightimg: pos = array([ 300.,    0.])
33.7314 	EXP 	Rightimg: image = u'4.jpg'
33.7314 	EXP 	Leftimg: autoDraw = True
33.7314 	EXP 	Rightimg: autoDraw = True
34.1982 	EXP 	Leftimg: autoDraw = False
34.1982 	EXP 	Rightimg: autoDraw = False
34.8657 	DATA 	Keypress: right
34.8668 	EXP 	New trial (rep=0, index=9): {'YLeftPos': 0, 'time_presentation': 0.5, 'XLeftPos': -300, 'XRightPos': 300, 'rightimg': u'frogs/ab80.jpg', 'YRightPos': 0, 'leftimg': u'frogs/ab40.jpg'}
34.8974 	EXP 	Leftimg: autoDraw = False
34.8974 	EXP 	Rightimg: autoDraw = False
34.8974 	EXP 	text: autoDraw = False
34.8974 	EXP 	Leftimg: pos = array([-300.,    0.])
34.8974 	EXP 	Leftimg: image = u'frogs/ab40.jpg'
34.8974 	EXP 	Rightimg: pos = array([ 300.,    0.])
34.8974 	EXP 	Rightimg: image = u'frogs/ab80.jpg'
34.8974 	EXP 	Leftimg: autoDraw = True
34.8974 	EXP 	Rightimg: autoDraw = True
35.3815 	EXP 	Leftimg: autoDraw = False
35.3815 	EXP 	Rightimg: autoDraw = False
35.9997 	DATA 	Keypress: right
36.0008 	EXP 	New trial (rep=0, index=10): {'YLeftPos': 0, 'time_presentation': 0.5, 'XLeftPos': -300, 'XRightPos': 300, 'rightimg': u'frogs/ab74.jpg', 'YRightPos': 0, 'leftimg': u'frogs/ab34.jpg'}
36.0980 	EXP 	Leftimg: autoDraw = False
36.0980 	EXP 	Rightimg: autoDraw = False
36.0980 	EXP 	text: autoDraw = False
36.0980 	EXP 	Leftimg: pos = array([-300.,    0.])
36.0980 	EXP 	Leftimg: image = u'frogs/ab34.jpg'
36.0980 	EXP 	Rightimg: pos = array([ 300.,    0.])
36.0980 	EXP 	Rightimg: image = u'frogs/ab74.jpg'
36.0980 	EXP 	Leftimg: autoDraw = True
36.0980 	EXP 	Rightimg: autoDraw = True
36.5149 	EXP 	Leftimg: autoDraw = False
36.5149 	EXP 	Rightimg: autoDraw = False
37.2165 	DATA 	Keypress: left
37.2176 	EXP 	New trial (rep=0, index=11): {'YLeftPos': 0, 'time_presentation': 0.5, 'XLeftPos': -300, 'XRightPos': 300, 'rightimg': u'frogs/ab49.jpg', 'YRightPos': 0, 'leftimg': u'frogs/ab9.jpg'}
37.4144 	EXP 	Leftimg: autoDraw = False
37.4144 	EXP 	Rightimg: autoDraw = False
37.4144 	EXP 	text: autoDraw = False
37.4144 	EXP 	Leftimg: pos = array([-300.,    0.])
37.4144 	EXP 	Leftimg: image = u'frogs/ab9.jpg'
37.4144 	EXP 	Rightimg: pos = array([ 300.,    0.])
37.4144 	EXP 	Rightimg: image = u'frogs/ab49.jpg'
37.4144 	EXP 	Leftimg: autoDraw = True
37.4144 	EXP 	Rightimg: autoDraw = True
37.7315 	EXP 	Leftimg: autoDraw = False
37.7315 	EXP 	Rightimg: autoDraw = False
38.9848 	DATA 	Keypress: left
38.9996 	EXP 	New trial (rep=0, index=12): {'YLeftPos': 0, 'time_presentation': 0.5, 'XLeftPos': -300, 'XRightPos': 300, 'rightimg': u'frogs/ab46.jpg', 'YRightPos': 0, 'leftimg': u'frogs/ab6.jpg'}
39.0810 	EXP 	Leftimg: autoDraw = False
39.0810 	EXP 	Rightimg: autoDraw = False
39.0810 	EXP 	text: autoDraw = False
39.0810 	EXP 	Leftimg: pos = array([-300.,    0.])
39.0810 	EXP 	Leftimg: image = u'frogs/ab6.jpg'
39.0810 	EXP 	Rightimg: pos = array([ 300.,    0.])
39.0810 	EXP 	Rightimg: image = u'frogs/ab46.jpg'
39.0810 	EXP 	Leftimg: autoDraw = True
39.0810 	EXP 	Rightimg: autoDraw = True
39.5147 	EXP 	Leftimg: autoDraw = False
39.5147 	EXP 	Rightimg: autoDraw = False
39.9329 	DATA 	Keypress: right
39.9340 	EXP 	New trial (rep=0, index=13): {'YLeftPos': 0, 'time_presentation': 0.5, 'XLeftPos': -300, 'XRightPos': 300, 'rightimg': u'frogs/ab73.jpg', 'YRightPos': 0, 'leftimg': u'frogs/ab33.jpg'}
40.0308 	EXP 	Leftimg: autoDraw = False
40.0308 	EXP 	Rightimg: autoDraw = False
40.0308 	EXP 	text: autoDraw = False
40.0308 	EXP 	Leftimg: pos = array([-300.,    0.])
40.0308 	EXP 	Leftimg: image = u'frogs/ab33.jpg'
40.0308 	EXP 	Rightimg: pos = array([ 300.,    0.])
40.0308 	EXP 	Rightimg: image = u'frogs/ab73.jpg'
40.0308 	EXP 	Leftimg: autoDraw = True
40.0308 	EXP 	Rightimg: autoDraw = True
40.4476 	EXP 	Leftimg: autoDraw = False
40.4476 	EXP 	Rightimg: autoDraw = False
41.4162 	DATA 	Keypress: right
41.4173 	EXP 	New trial (rep=0, index=14): {'YLeftPos': 0, 'time_presentation': 0.5, 'XLeftPos': -300, 'XRightPos': 300, 'rightimg': u'frogs/ab48.jpg', 'YRightPos': 0, 'leftimg': u'frogs/ab8.jpg'}
41.4646 	EXP 	Leftimg: autoDraw = False
41.4646 	EXP 	Rightimg: autoDraw = False
41.4646 	EXP 	text: autoDraw = False
41.4646 	EXP 	Leftimg: pos = array([-300.,    0.])
41.4646 	EXP 	Leftimg: image = u'frogs/ab8.jpg'
41.4646 	EXP 	Rightimg: pos = array([ 300.,    0.])
41.4646 	EXP 	Rightimg: image = u'frogs/ab48.jpg'
41.4646 	EXP 	Leftimg: autoDraw = True
41.4646 	EXP 	Rightimg: autoDraw = True
41.9307 	EXP 	Leftimg: autoDraw = False
41.9307 	EXP 	Rightimg: autoDraw = False
42.7663 	DATA 	Keypress: left
42.7674 	EXP 	New trial (rep=0, index=15): {'YLeftPos': 0, 'time_presentation': 0.5, 'XLeftPos': -300, 'XRightPos': 300, 'rightimg': u'frogs/ab52.jpg', 'YRightPos': 0, 'leftimg': u'frogs/ab12.jpg'}
42.7813 	EXP 	Leftimg: autoDraw = False
42.7813 	EXP 	Rightimg: autoDraw = False
42.7813 	EXP 	text: autoDraw = False
42.7813 	EXP 	Leftimg: pos = array([-300.,    0.])
42.7813 	EXP 	Leftimg: image = u'frogs/ab12.jpg'
42.7813 	EXP 	Rightimg: pos = array([ 300.,    0.])
42.7813 	EXP 	Rightimg: image = u'frogs/ab52.jpg'
42.7813 	EXP 	Leftimg: autoDraw = True
42.7813 	EXP 	Rightimg: autoDraw = True
43.2815 	EXP 	Leftimg: autoDraw = False
43.2815 	EXP 	Rightimg: autoDraw = False
43.3999 	DATA 	Keypress: right
43.4010 	EXP 	New trial (rep=0, index=16): {'YLeftPos': 0, 'time_presentation': 0.5, 'XLeftPos': -300, 'XRightPos': 300, 'rightimg': u'frogs/ab44.jpg', 'YRightPos': 0, 'leftimg': u'frogs/ab4.jpg'}
43.4139 	EXP 	Leftimg: autoDraw = False
43.4139 	EXP 	Rightimg: autoDraw = False
43.4139 	EXP 	text: autoDraw = False
43.4139 	EXP 	Leftimg: pos = array([-300.,    0.])
43.4139 	EXP 	Leftimg: image = u'frogs/ab4.jpg'
43.4139 	EXP 	Rightimg: pos = array([ 300.,    0.])
43.4139 	EXP 	Rightimg: image = u'frogs/ab44.jpg'
43.4139 	EXP 	Leftimg: autoDraw = True
43.4139 	EXP 	Rightimg: autoDraw = True
43.9148 	EXP 	Leftimg: autoDraw = False
43.9148 	EXP 	Rightimg: autoDraw = False
44.4320 	DATA 	Keypress: left
44.4331 	EXP 	New trial (rep=0, index=17): {'YLeftPos': 0, 'time_presentation': 0.5, 'XLeftPos': -300, 'XRightPos': 300, 'rightimg': u'frogs/ab42.jpg', 'YRightPos': 0, 'leftimg': u'frogs/ab2.jpg'}
44.7506 	EXP 	Leftimg: autoDraw = False
44.7506 	EXP 	Rightimg: autoDraw = False
44.7506 	EXP 	text: autoDraw = False
44.7506 	EXP 	Leftimg: pos = array([-300.,    0.])
44.7506 	EXP 	Leftimg: image = u'frogs/ab2.jpg'
44.7506 	EXP 	Rightimg: pos = array([ 300.,    0.])
44.7506 	EXP 	Rightimg: image = u'frogs/ab42.jpg'
44.7506 	EXP 	Leftimg: autoDraw = True
44.7506 	EXP 	Rightimg: autoDraw = True
44.9481 	EXP 	Leftimg: autoDraw = False
44.9481 	EXP 	Rightimg: autoDraw = False
45.7666 	DATA 	Keypress: right
45.7677 	EXP 	New trial (rep=0, index=18): {'YLeftPos': 0, 'time_presentation': 0.5, 'XLeftPos': -300, 'XRightPos': 300, 'rightimg': u'frogs/ab60.jpg', 'YRightPos': 0, 'leftimg': u'frogs/ab20.jpg'}
45.7975 	EXP 	Leftimg: autoDraw = False
45.7975 	EXP 	Rightimg: autoDraw = False
45.7975 	EXP 	text: autoDraw = False
45.7975 	EXP 	Leftimg: pos = array([-300.,    0.])
45.7975 	EXP 	Leftimg: image = u'frogs/ab20.jpg'
45.7975 	EXP 	Rightimg: pos = array([ 300.,    0.])
45.7975 	EXP 	Rightimg: image = u'frogs/ab60.jpg'
45.7975 	EXP 	Leftimg: autoDraw = True
45.7975 	EXP 	Rightimg: autoDraw = True
46.2814 	EXP 	Leftimg: autoDraw = False
46.2814 	EXP 	Rightimg: autoDraw = False
46.7997 	DATA 	Keypress: right
46.8008 	EXP 	New trial (rep=0, index=19): {'YLeftPos': 0, 'time_presentation': 0.5, 'XLeftPos': -300, 'XRightPos': 300, 'rightimg': u'frogs/ab64.jpg', 'YRightPos': 0, 'leftimg': u'frogs/ab24.jpg'}
46.8138 	EXP 	Leftimg: autoDraw = False
46.8138 	EXP 	Rightimg: autoDraw = False
46.8138 	EXP 	text: autoDraw = False
46.8138 	EXP 	Leftimg: pos = array([-300.,    0.])
46.8138 	EXP 	Leftimg: image = u'frogs/ab24.jpg'
46.8138 	EXP 	Rightimg: pos = array([ 300.,    0.])
46.8138 	EXP 	Rightimg: image = u'frogs/ab64.jpg'
46.8138 	EXP 	Leftimg: autoDraw = True
46.8138 	EXP 	Rightimg: autoDraw = True
47.3145 	EXP 	Leftimg: autoDraw = False
47.3145 	EXP 	Rightimg: autoDraw = False
47.4332 	DATA 	Keypress: right
47.4344 	EXP 	New trial (rep=0, index=20): {'YLeftPos': 0, 'time_presentation': 0.5, 'XLeftPos': -300, 'XRightPos': 300, 'rightimg': u'frogs/ab53.jpg', 'YRightPos': 0, 'leftimg': u'frogs/ab13.jpg'}
47.4647 	EXP 	Leftimg: autoDraw = False
47.4647 	EXP 	Rightimg: autoDraw = False
47.4647 	EXP 	text: autoDraw = False
47.4647 	EXP 	Leftimg: pos = array([-300.,    0.])
47.4647 	EXP 	Leftimg: image = u'frogs/ab13.jpg'
47.4647 	EXP 	Rightimg: pos = array([ 300.,    0.])
47.4647 	EXP 	Rightimg: image = u'frogs/ab53.jpg'
47.4647 	EXP 	Leftimg: autoDraw = True
47.4647 	EXP 	Rightimg: autoDraw = True
47.9478 	EXP 	Leftimg: autoDraw = False
47.9478 	EXP 	Rightimg: autoDraw = False
48.2156 	DATA 	Keypress: right
48.2167 	EXP 	New trial (rep=0, index=21): {'YLeftPos': 0, 'time_presentation': 0.5, 'XLeftPos': -300, 'XRightPos': 300, 'rightimg': u'frogs/ab45.jpg', 'YRightPos': 0, 'leftimg': u'frogs/ab5.jpg'}
48.2308 	EXP 	Leftimg: autoDraw = False
48.2308 	EXP 	Rightimg: autoDraw = False
48.2308 	EXP 	text: autoDraw = False
48.2308 	EXP 	Leftimg: pos = array([-300.,    0.])
48.2308 	EXP 	Leftimg: image = u'frogs/ab5.jpg'
48.2308 	EXP 	Rightimg: pos = array([ 300.,    0.])
48.2308 	EXP 	Rightimg: image = u'frogs/ab45.jpg'
48.2308 	EXP 	Leftimg: autoDraw = True
48.2308 	EXP 	Rightimg: autoDraw = True
48.7314 	EXP 	Leftimg: autoDraw = False
48.7314 	EXP 	Rightimg: autoDraw = False
48.9162 	DATA 	Keypress: right
48.9173 	EXP 	New trial (rep=0, index=22): {'YLeftPos': 0, 'time_presentation': 0.5, 'XLeftPos': -300, 'XRightPos': 300, 'rightimg': u'frogs/ab77.jpg', 'YRightPos': 0, 'leftimg': u'frogs/ab37.jpg'}
48.9637 	EXP 	Leftimg: autoDraw = False
48.9637 	EXP 	Rightimg: autoDraw = False
48.9637 	EXP 	text: autoDraw = False
48.9637 	EXP 	Leftimg: pos = array([-300.,    0.])
48.9637 	EXP 	Leftimg: image = u'frogs/ab37.jpg'
48.9637 	EXP 	Rightimg: pos = array([ 300.,    0.])
48.9637 	EXP 	Rightimg: image = u'frogs/ab77.jpg'
48.9637 	EXP 	Leftimg: autoDraw = True
48.9637 	EXP 	Rightimg: autoDraw = True
49.4314 	EXP 	Leftimg: autoDraw = False
49.4314 	EXP 	Rightimg: autoDraw = False
50.0822 	DATA 	Keypress: left
50.0834 	EXP 	New trial (rep=0, index=23): {'YLeftPos': 0, 'time_presentation': 0.5, 'XLeftPos': -300, 'XRightPos': 300, 'rightimg': u'frogs/ab71.jpg', 'YRightPos': 0, 'leftimg': u'frogs/ab31.jpg'}
50.1807 	EXP 	Leftimg: autoDraw = False
50.1807 	EXP 	Rightimg: autoDraw = False
50.1807 	EXP 	text: autoDraw = False
50.1807 	EXP 	Leftimg: pos = array([-300.,    0.])
50.1807 	EXP 	Leftimg: image = u'frogs/ab31.jpg'
50.1807 	EXP 	Rightimg: pos = array([ 300.,    0.])
50.1807 	EXP 	Rightimg: image = u'frogs/ab71.jpg'
50.1807 	EXP 	Leftimg: autoDraw = True
50.1807 	EXP 	Rightimg: autoDraw = True
50.5980 	EXP 	Leftimg: autoDraw = False
50.5980 	EXP 	Rightimg: autoDraw = False
51.7826 	DATA 	Keypress: right
51.7836 	EXP 	New trial (rep=0, index=24): {'YLeftPos': 0, 'time_presentation': 0.5, 'XLeftPos': -300, 'XRightPos': 300, 'rightimg': u'frogs/ab43.jpg', 'YRightPos': 0, 'leftimg': u'frogs/ab3.jpg'}
51.8469 	EXP 	Leftimg: autoDraw = False
51.8469 	EXP 	Rightimg: autoDraw = False
51.8469 	EXP 	text: autoDraw = False
51.8469 	EXP 	Leftimg: pos = array([-300.,    0.])
51.8469 	EXP 	Leftimg: image = u'frogs/ab3.jpg'
51.8469 	EXP 	Rightimg: pos = array([ 300.,    0.])
51.8469 	EXP 	Rightimg: image = u'frogs/ab43.jpg'
51.8469 	EXP 	Leftimg: autoDraw = True
51.8469 	EXP 	Rightimg: autoDraw = True
52.2977 	EXP 	Leftimg: autoDraw = False
52.2977 	EXP 	Rightimg: autoDraw = False
52.3494 	DATA 	Keypress: right
52.3505 	EXP 	New trial (rep=0, index=25): {'YLeftPos': 0, 'time_presentation': 0.5, 'XLeftPos': -300, 'XRightPos': 300, 'rightimg': u'3.jpg', 'YRightPos': 0, 'leftimg': u'1.jpg'}
52.3978 	EXP 	Leftimg: autoDraw = False
52.3978 	EXP 	Rightimg: autoDraw = False
52.3978 	EXP 	text: autoDraw = False
52.3978 	EXP 	Leftimg: pos = array([-300.,    0.])
52.3978 	EXP 	Leftimg: image = u'1.jpg'
52.3978 	EXP 	Rightimg: pos = array([ 300.,    0.])
52.3978 	EXP 	Rightimg: image = u'3.jpg'
52.3978 	EXP 	Leftimg: autoDraw = True
52.3978 	EXP 	Rightimg: autoDraw = True
52.8643 	EXP 	Leftimg: autoDraw = False
52.8643 	EXP 	Rightimg: autoDraw = False
53.0328 	DATA 	Keypress: right
53.0340 	EXP 	New trial (rep=0, index=26): {'YLeftPos': 0, 'time_presentation': 0.5, 'XLeftPos': -300, 'XRightPos': 300, 'rightimg': u'2.jpg', 'YRightPos': 0, 'leftimg': u'4.jpg'}
53.0636 	EXP 	Leftimg: autoDraw = False
53.0636 	EXP 	Rightimg: autoDraw = False
53.0636 	EXP 	text: autoDraw = False
53.0636 	EXP 	Leftimg: pos = array([-300.,    0.])
53.0636 	EXP 	Leftimg: image = u'4.jpg'
53.0636 	EXP 	Rightimg: pos = array([ 300.,    0.])
53.0636 	EXP 	Rightimg: image = u'2.jpg'
53.0636 	EXP 	Leftimg: autoDraw = True
53.0636 	EXP 	Rightimg: autoDraw = True
53.5479 	EXP 	Leftimg: autoDraw = False
53.5479 	EXP 	Rightimg: autoDraw = False
53.9329 	DATA 	Keypress: left
53.9341 	EXP 	New trial (rep=0, index=27): {'YLeftPos': 0, 'time_presentation': 0.5, 'XLeftPos': -300, 'XRightPos': 300, 'rightimg': u'frogs/ab72.jpg', 'YRightPos': 0, 'leftimg': u'frogs/ab32.jpg'}
53.9812 	EXP 	Leftimg: autoDraw = False
53.9812 	EXP 	Rightimg: autoDraw = False
53.9812 	EXP 	text: autoDraw = False
53.9812 	EXP 	Leftimg: pos = array([-300.,    0.])
53.9812 	EXP 	Leftimg: image = u'frogs/ab32.jpg'
53.9812 	EXP 	Rightimg: pos = array([ 300.,    0.])
53.9812 	EXP 	Rightimg: image = u'frogs/ab72.jpg'
53.9812 	EXP 	Leftimg: autoDraw = True
53.9812 	EXP 	Rightimg: autoDraw = True
54.4477 	EXP 	Leftimg: autoDraw = False
54.4477 	EXP 	Rightimg: autoDraw = False
54.8158 	DATA 	Keypress: right
54.8170 	EXP 	New trial (rep=0, index=28): {'YLeftPos': 0, 'time_presentation': 0.5, 'XLeftPos': -300, 'XRightPos': 300, 'rightimg': u'frogs/ab67.jpg', 'YRightPos': 0, 'leftimg': u'frogs/ab27.jpg'}
54.8644 	EXP 	Leftimg: autoDraw = False
54.8644 	EXP 	Rightimg: autoDraw = False
54.8644 	EXP 	text: autoDraw = False
54.8644 	EXP 	Leftimg: pos = array([-300.,    0.])
54.8644 	EXP 	Leftimg: image = u'frogs/ab27.jpg'
54.8644 	EXP 	Rightimg: pos = array([ 300.,    0.])
54.8644 	EXP 	Rightimg: image = u'frogs/ab67.jpg'
54.8644 	EXP 	Leftimg: autoDraw = True
54.8644 	EXP 	Rightimg: autoDraw = True
55.3312 	EXP 	Leftimg: autoDraw = False
55.3312 	EXP 	Rightimg: autoDraw = False
55.4494 	DATA 	Keypress: left
55.4505 	EXP 	New trial (rep=0, index=29): {'YLeftPos': 0, 'time_presentation': 0.5, 'XLeftPos': -300, 'XRightPos': 300, 'rightimg': u'frogs/ab76.jpg', 'YRightPos': 0, 'leftimg': u'frogs/ab36.jpg'}
55.4980 	EXP 	Leftimg: autoDraw = False
55.4980 	EXP 	Rightimg: autoDraw = False
55.4980 	EXP 	text: autoDraw = False
55.4980 	EXP 	Leftimg: pos = array([-300.,    0.])
55.4980 	EXP 	Leftimg: image = u'frogs/ab36.jpg'
55.4980 	EXP 	Rightimg: pos = array([ 300.,    0.])
55.4980 	EXP 	Rightimg: image = u'frogs/ab76.jpg'
55.4980 	EXP 	Leftimg: autoDraw = True
55.4980 	EXP 	Rightimg: autoDraw = True
55.9632 	EXP 	Leftimg: autoDraw = False
55.9632 	EXP 	Rightimg: autoDraw = False
56.0829 	DATA 	Keypress: left
56.0840 	EXP 	New trial (rep=0, index=30): {'YLeftPos': 0, 'time_presentation': 0.5, 'XLeftPos': -300, 'XRightPos': 300, 'rightimg': u'frogs/ab51.jpg', 'YRightPos': 0, 'leftimg': u'frogs/ab11.jpg'}
56.1475 	EXP 	Leftimg: autoDraw = False
56.1475 	EXP 	Rightimg: autoDraw = False
56.1475 	EXP 	text: autoDraw = False
56.1475 	EXP 	Leftimg: pos = array([-300.,    0.])
56.1475 	EXP 	Leftimg: image = u'frogs/ab11.jpg'
56.1475 	EXP 	Rightimg: pos = array([ 300.,    0.])
56.1475 	EXP 	Rightimg: image = u'frogs/ab51.jpg'
56.1475 	EXP 	Leftimg: autoDraw = True
56.1475 	EXP 	Rightimg: autoDraw = True
56.5978 	EXP 	Leftimg: autoDraw = False
56.5978 	EXP 	Rightimg: autoDraw = False
56.7997 	DATA 	Keypress: right
56.8008 	EXP 	New trial (rep=0, index=31): {'YLeftPos': 0, 'time_presentation': 0.5, 'XLeftPos': -300, 'XRightPos': 300, 'rightimg': u'frogs/ab41.jpg', 'YRightPos': 0, 'leftimg': u'frogs/ab1.jpg'}
56.8324 	EXP 	Leftimg: autoDraw = False
56.8324 	EXP 	Rightimg: autoDraw = False
56.8324 	EXP 	text: autoDraw = False
56.8324 	EXP 	Leftimg: pos = array([-300.,    0.])
56.8324 	EXP 	Leftimg: image = u'frogs/ab1.jpg'
56.8324 	EXP 	Rightimg: pos = array([ 300.,    0.])
56.8324 	EXP 	Rightimg: image = u'frogs/ab41.jpg'
56.8324 	EXP 	Leftimg: autoDraw = True
56.8324 	EXP 	Rightimg: autoDraw = True
57.2836 	DATA 	Keypress: left
57.2987 	EXP 	New trial (rep=0, index=32): {'YLeftPos': 0, 'time_presentation': 0.5, 'XLeftPos': -300, 'XRightPos': 300, 'rightimg': u'frogs/ab59.jpg', 'YRightPos': 0, 'leftimg': u'frogs/ab19.jpg'}
57.3478 	EXP 	Leftimg: autoDraw = False
57.3478 	EXP 	Rightimg: autoDraw = False
57.3478 	EXP 	Leftimg: autoDraw = False
57.3478 	EXP 	Rightimg: autoDraw = False
57.3478 	EXP 	text: autoDraw = False
57.3478 	EXP 	Leftimg: pos = array([-300.,    0.])
57.3478 	EXP 	Leftimg: image = u'frogs/ab19.jpg'
57.3478 	EXP 	Rightimg: pos = array([ 300.,    0.])
57.3478 	EXP 	Rightimg: image = u'frogs/ab59.jpg'
57.3478 	EXP 	Leftimg: autoDraw = True
57.3478 	EXP 	Rightimg: autoDraw = True
57.8133 	EXP 	Leftimg: autoDraw = False
57.8133 	EXP 	Rightimg: autoDraw = False
58.0329 	DATA 	Keypress: right
58.0340 	EXP 	New trial (rep=0, index=33): {'YLeftPos': 0, 'time_presentation': 0.5, 'XLeftPos': -300, 'XRightPos': 300, 'rightimg': u'1.jpg', 'YRightPos': 0, 'leftimg': u'3.jpg'}
58.0810 	EXP 	Leftimg: autoDraw = False
58.0810 	EXP 	Rightimg: autoDraw = False
58.0810 	EXP 	text: autoDraw = False
58.0810 	EXP 	Leftimg: pos = array([-300.,    0.])
58.0810 	EXP 	Leftimg: image = u'3.jpg'
58.0810 	EXP 	Rightimg: pos = array([ 300.,    0.])
58.0810 	EXP 	Rightimg: image = u'1.jpg'
58.0810 	EXP 	Leftimg: autoDraw = True
58.0810 	EXP 	Rightimg: autoDraw = True
58.5476 	EXP 	Leftimg: autoDraw = False
58.5476 	EXP 	Rightimg: autoDraw = False
58.9660 	DATA 	Keypress: right
58.9672 	EXP 	New trial (rep=0, index=34): {'YLeftPos': 0, 'time_presentation': 0.5, 'XLeftPos': -300, 'XRightPos': 300, 'rightimg': u'frogs/ab56.jpg', 'YRightPos': 0, 'leftimg': u'frogs/ab16.jpg'}
59.2150 	EXP 	Leftimg: autoDraw = False
59.2150 	EXP 	Rightimg: autoDraw = False
59.2150 	EXP 	text: autoDraw = False
59.2150 	EXP 	Leftimg: pos = array([-300.,    0.])
59.2150 	EXP 	Leftimg: image = u'frogs/ab16.jpg'
59.2150 	EXP 	Rightimg: pos = array([ 300.,    0.])
59.2150 	EXP 	Rightimg: image = u'frogs/ab56.jpg'
59.2150 	EXP 	Leftimg: autoDraw = True
59.2150 	EXP 	Rightimg: autoDraw = True
59.4811 	EXP 	Leftimg: autoDraw = False
59.4811 	EXP 	Rightimg: autoDraw = False
59.9656 	DATA 	Keypress: right
59.9666 	EXP 	New trial (rep=0, index=35): {'YLeftPos': 0, 'time_presentation': 0.5, 'XLeftPos': -300, 'XRightPos': 300, 'rightimg': u'frogs/ab79.jpg', 'YRightPos': 0, 'leftimg': u'frogs/ab39.jpg'}
60.0144 	EXP 	Leftimg: autoDraw = False
60.0144 	EXP 	Rightimg: autoDraw = False
60.0144 	EXP 	text: autoDraw = False
60.0144 	EXP 	Leftimg: pos = array([-300.,    0.])
60.0144 	EXP 	Leftimg: image = u'frogs/ab39.jpg'
60.0144 	EXP 	Rightimg: pos = array([ 300.,    0.])
60.0144 	EXP 	Rightimg: image = u'frogs/ab79.jpg'
60.0144 	EXP 	Leftimg: autoDraw = True
60.0144 	EXP 	Rightimg: autoDraw = True
60.4811 	EXP 	Leftimg: autoDraw = False
60.4811 	EXP 	Rightimg: autoDraw = False
60.7329 	DATA 	Keypress: right
60.7340 	EXP 	New trial (rep=0, index=36): {'YLeftPos': 0, 'time_presentation': 0.5, 'XLeftPos': -300, 'XRightPos': 300, 'rightimg': u'frogs/ab68.jpg', 'YRightPos': 0, 'leftimg': u'frogs/ab28.jpg'}
60.7645 	EXP 	Leftimg: autoDraw = False
60.7645 	EXP 	Rightimg: autoDraw = False
60.7645 	EXP 	text: autoDraw = False
60.7645 	EXP 	Leftimg: pos = array([-300.,    0.])
60.7645 	EXP 	Leftimg: image = u'frogs/ab28.jpg'
60.7645 	EXP 	Rightimg: pos = array([ 300.,    0.])
60.7645 	EXP 	Rightimg: image = u'frogs/ab68.jpg'
60.7645 	EXP 	Leftimg: autoDraw = True
60.7645 	EXP 	Rightimg: autoDraw = True
61.2479 	EXP 	Leftimg: autoDraw = False
61.2479 	EXP 	Rightimg: autoDraw = False
61.2984 	DATA 	Keypress: left
61.2995 	EXP 	New trial (rep=0, index=37): {'YLeftPos': 0, 'time_presentation': 0.5, 'XLeftPos': -300, 'XRightPos': 300, 'rightimg': u'frogs/ab63.jpg', 'YRightPos': 0, 'leftimg': u'frogs/ab23.jpg'}
61.3474 	EXP 	Leftimg: autoDraw = False
61.3474 	EXP 	Rightimg: autoDraw = False
61.3474 	EXP 	text: autoDraw = False
61.3474 	EXP 	Leftimg: pos = array([-300.,    0.])
61.3474 	EXP 	Leftimg: image = u'frogs/ab23.jpg'
61.3474 	EXP 	Rightimg: pos = array([ 300.,    0.])
61.3474 	EXP 	Rightimg: image = u'frogs/ab63.jpg'
61.3474 	EXP 	Leftimg: autoDraw = True
61.3474 	EXP 	Rightimg: autoDraw = True
61.8144 	EXP 	Leftimg: autoDraw = False
61.8144 	EXP 	Rightimg: autoDraw = False
61.8483 	DATA 	Keypress: right
61.8494 	EXP 	New trial (rep=0, index=38): {'YLeftPos': 0, 'time_presentation': 0.5, 'XLeftPos': -300, 'XRightPos': 300, 'rightimg': u'frogs/ab65.jpg', 'YRightPos': 0, 'leftimg': u'frogs/ab25.jpg'}
61.9141 	EXP 	Leftimg: autoDraw = False
61.9141 	EXP 	Rightimg: autoDraw = False
61.9141 	EXP 	text: autoDraw = False
61.9141 	EXP 	Leftimg: pos = array([-300.,    0.])
61.9141 	EXP 	Leftimg: image = u'frogs/ab25.jpg'
61.9141 	EXP 	Rightimg: pos = array([ 300.,    0.])
61.9141 	EXP 	Rightimg: image = u'frogs/ab65.jpg'
61.9141 	EXP 	Leftimg: autoDraw = True
61.9141 	EXP 	Rightimg: autoDraw = True
62.3645 	EXP 	Leftimg: autoDraw = False
62.3645 	EXP 	Rightimg: autoDraw = False
62.6656 	DATA 	Keypress: left
62.6668 	EXP 	New trial (rep=0, index=39): {'YLeftPos': 0, 'time_presentation': 0.5, 'XLeftPos': -300, 'XRightPos': 300, 'rightimg': u'frogs/ab58.jpg', 'YRightPos': 0, 'leftimg': u'frogs/ab18.jpg'}
62.8136 	EXP 	Leftimg: autoDraw = False
62.8136 	EXP 	Rightimg: autoDraw = False
62.8136 	EXP 	text: autoDraw = False
62.8136 	EXP 	Leftimg: pos = array([-300.,    0.])
62.8136 	EXP 	Leftimg: image = u'frogs/ab18.jpg'
62.8136 	EXP 	Rightimg: pos = array([ 300.,    0.])
62.8136 	EXP 	Rightimg: image = u'frogs/ab58.jpg'
62.8136 	EXP 	Leftimg: autoDraw = True
62.8136 	EXP 	Rightimg: autoDraw = True
63.1811 	EXP 	Leftimg: autoDraw = False
63.1811 	EXP 	Rightimg: autoDraw = False
63.2657 	DATA 	Keypress: right
63.2668 	EXP 	New trial (rep=0, index=40): {'YLeftPos': 0, 'time_presentation': 0.5, 'XLeftPos': -300, 'XRightPos': 300, 'rightimg': u'frogs/ab57.jpg', 'YRightPos': 0, 'leftimg': u'frogs/ab17.jpg'}
63.3645 	EXP 	Leftimg: autoDraw = False
63.3645 	EXP 	Rightimg: autoDraw = False
63.3645 	EXP 	text: autoDraw = False
63.3645 	EXP 	Leftimg: pos = array([-300.,    0.])
63.3645 	EXP 	Leftimg: image = u'frogs/ab17.jpg'
63.3645 	EXP 	Rightimg: pos = array([ 300.,    0.])
63.3645 	EXP 	Rightimg: image = u'frogs/ab57.jpg'
63.3645 	EXP 	Leftimg: autoDraw = True
63.3645 	EXP 	Rightimg: autoDraw = True
63.7811 	EXP 	Leftimg: autoDraw = False
63.7811 	EXP 	Rightimg: autoDraw = False
63.8162 	DATA 	Keypress: left
63.8173 	EXP 	New trial (rep=0, index=41): {'YLeftPos': 0, 'time_presentation': 0.5, 'XLeftPos': -300, 'XRightPos': 300, 'rightimg': u'frogs/ab62.jpg', 'YRightPos': 0, 'leftimg': u'frogs/ab22.jpg'}
63.9804 	EXP 	Leftimg: autoDraw = False
63.9804 	EXP 	Rightimg: autoDraw = False
63.9804 	EXP 	text: autoDraw = False
63.9804 	EXP 	Leftimg: pos = array([-300.,    0.])
63.9804 	EXP 	Leftimg: image = u'frogs/ab22.jpg'
63.9804 	EXP 	Rightimg: pos = array([ 300.,    0.])
63.9804 	EXP 	Rightimg: image = u'frogs/ab62.jpg'
63.9804 	EXP 	Leftimg: autoDraw = True
63.9804 	EXP 	Rightimg: autoDraw = True
64.3311 	EXP 	Leftimg: autoDraw = False
64.3311 	EXP 	Rightimg: autoDraw = False
64.5153 	DATA 	Keypress: left
64.5164 	EXP 	New trial (rep=0, index=42): {'YLeftPos': 0, 'time_presentation': 0.5, 'XLeftPos': -300, 'XRightPos': 300, 'rightimg': u'frogs/ab70.jpg', 'YRightPos': 0, 'leftimg': u'frogs/ab30.jpg'}
64.5472 	EXP 	Leftimg: autoDraw = False
64.5472 	EXP 	Rightimg: autoDraw = False
64.5472 	EXP 	text: autoDraw = False
64.5472 	EXP 	Leftimg: pos = array([-300.,    0.])
64.5472 	EXP 	Leftimg: image = u'frogs/ab30.jpg'
64.5472 	EXP 	Rightimg: pos = array([ 300.,    0.])
64.5472 	EXP 	Rightimg: image = u'frogs/ab70.jpg'
64.5472 	EXP 	Leftimg: autoDraw = True
64.5472 	EXP 	Rightimg: autoDraw = True
65.0309 	EXP 	Leftimg: autoDraw = False
65.0309 	EXP 	Rightimg: autoDraw = False
65.1820 	DATA 	Keypress: right
65.1829 	EXP 	New trial (rep=0, index=43): {'YLeftPos': 0, 'time_presentation': 0.5, 'XLeftPos': -300, 'XRightPos': 300, 'rightimg': u'frogs/ab50.jpg', 'YRightPos': 0, 'leftimg': u'frogs/ab10.jpg'}
65.2298 	EXP 	Leftimg: autoDraw = False
65.2298 	EXP 	Rightimg: autoDraw = False
65.2298 	EXP 	text: autoDraw = False
65.2298 	EXP 	Leftimg: pos = array([-300.,    0.])
65.2298 	EXP 	Leftimg: image = u'frogs/ab10.jpg'
65.2298 	EXP 	Rightimg: pos = array([ 300.,    0.])
65.2298 	EXP 	Rightimg: image = u'frogs/ab50.jpg'
65.2298 	EXP 	Leftimg: autoDraw = True
65.2298 	EXP 	Rightimg: autoDraw = True
65.6975 	EXP 	Leftimg: autoDraw = False
65.6975 	EXP 	Rightimg: autoDraw = False
65.6992 	DATA 	Keypress: left
65.7625 	EXP 	window1: blendMode = 'avg'
65.7807 	EXP 	Leftimg: autoDraw = False
65.7807 	EXP 	Rightimg: autoDraw = False
65.7807 	EXP 	text: autoDraw = False
65.7807 	EXP 	text_3: autoDraw = True
65.7816 	EXP 	window1: blendMode = 'avg'
65.7984 	EXP 	window1: blendMode = 'avg'
65.8151 	EXP 	window1: blendMode = 'avg'
65.8315 	EXP 	window1: blendMode = 'avg'
65.8486 	EXP 	window1: blendMode = 'avg'
65.8651 	EXP 	window1: blendMode = 'avg'
65.8825 	EXP 	window1: blendMode = 'avg'
65.8987 	EXP 	window1: blendMode = 'avg'
65.9151 	EXP 	window1: blendMode = 'avg'
65.9318 	EXP 	window1: blendMode = 'avg'
65.9484 	EXP 	window1: blendMode = 'avg'
65.9649 	EXP 	window1: blendMode = 'avg'
65.9820 	EXP 	window1: blendMode = 'avg'
65.9984 	EXP 	window1: blendMode = 'avg'
66.0151 	EXP 	window1: blendMode = 'avg'
66.0315 	EXP 	window1: blendMode = 'avg'
66.0486 	EXP 	window1: blendMode = 'avg'
66.0651 	EXP 	window1: blendMode = 'avg'
66.0817 	EXP 	window1: blendMode = 'avg'
66.0986 	EXP 	window1: blendMode = 'avg'
66.1151 	EXP 	window1: blendMode = 'avg'
66.1317 	EXP 	window1: blendMode = 'avg'
66.1484 	EXP 	window1: blendMode = 'avg'
66.1648 	EXP 	window1: blendMode = 'avg'
66.1823 	EXP 	window1: blendMode = 'avg'
66.1987 	EXP 	window1: blendMode = 'avg'
66.2151 	EXP 	window1: blendMode = 'avg'
66.2316 	EXP 	window1: blendMode = 'avg'
66.2479 	EXP 	window1: blendMode = 'avg'
66.2650 	EXP 	window1: blendMode = 'avg'
66.2823 	EXP 	window1: blendMode = 'avg'
66.2979 	EXP 	window1: blendMode = 'avg'
66.3154 	EXP 	window1: blendMode = 'avg'
66.3318 	EXP 	window1: blendMode = 'avg'
66.3495 	DATA 	Keypress: left
66.3502 	EXP 	window1: blendMode = 'avg'
66.3650 	EXP 	window1: blendMode = 'avg'
66.3818 	EXP 	window1: blendMode = 'avg'
66.3985 	EXP 	window1: blendMode = 'avg'
66.4152 	EXP 	window1: blendMode = 'avg'
66.4316 	EXP 	window1: blendMode = 'avg'
66.4490 	EXP 	window1: blendMode = 'avg'
66.4652 	EXP 	window1: blendMode = 'avg'
66.4818 	EXP 	window1: blendMode = 'avg'
66.4985 	EXP 	window1: blendMode = 'avg'
66.5153 	EXP 	window1: blendMode = 'avg'
66.5321 	EXP 	window1: blendMode = 'avg'
66.5486 	EXP 	window1: blendMode = 'avg'
66.5651 	EXP 	window1: blendMode = 'avg'
66.5818 	EXP 	window1: blendMode = 'avg'
66.5985 	EXP 	window1: blendMode = 'avg'
66.6151 	EXP 	window1: blendMode = 'avg'
66.6317 	EXP 	window1: blendMode = 'avg'
66.6484 	EXP 	window1: blendMode = 'avg'
66.6643 	EXP 	window1: blendMode = 'avg'
66.6821 	EXP 	window1: blendMode = 'avg'
66.6985 	EXP 	window1: blendMode = 'avg'
66.7151 	EXP 	window1: blendMode = 'avg'
66.7316 	EXP 	window1: blendMode = 'avg'
66.7483 	EXP 	window1: blendMode = 'avg'
66.7649 	EXP 	window1: blendMode = 'avg'
66.7820 	EXP 	window1: blendMode = 'avg'
66.7985 	EXP 	window1: blendMode = 'avg'
66.8156 	EXP 	window1: blendMode = 'avg'
66.8321 	EXP 	window1: blendMode = 'avg'
66.8485 	EXP 	window1: blendMode = 'avg'
66.8651 	EXP 	window1: blendMode = 'avg'
66.8818 	EXP 	window1: blendMode = 'avg'
66.8983 	EXP 	window1: blendMode = 'avg'
66.9152 	EXP 	window1: blendMode = 'avg'
66.9318 	EXP 	window1: blendMode = 'avg'
66.9484 	EXP 	window1: blendMode = 'avg'
66.9649 	EXP 	window1: blendMode = 'avg'
66.9818 	EXP 	window1: blendMode = 'avg'
66.9985 	EXP 	window1: blendMode = 'avg'
67.0151 	EXP 	window1: blendMode = 'avg'
67.0316 	EXP 	window1: blendMode = 'avg'
67.0484 	EXP 	window1: blendMode = 'avg'
67.0651 	EXP 	window1: blendMode = 'avg'
67.0818 	EXP 	window1: blendMode = 'avg'
67.0983 	EXP 	window1: blendMode = 'avg'
67.1151 	EXP 	window1: blendMode = 'avg'
67.1318 	EXP 	window1: blendMode = 'avg'
67.1484 	EXP 	window1: blendMode = 'avg'
67.1649 	EXP 	window1: blendMode = 'avg'
67.1813 	EXP 	window1: blendMode = 'avg'
67.1986 	EXP 	window1: blendMode = 'avg'
67.2151 	EXP 	window1: blendMode = 'avg'
67.2317 	EXP 	window1: blendMode = 'avg'
67.2484 	EXP 	window1: blendMode = 'avg'
67.2646 	EXP 	window1: blendMode = 'avg'
67.2814 	EXP 	window1: blendMode = 'avg'
67.2987 	EXP 	window1: blendMode = 'avg'
67.3151 	EXP 	window1: blendMode = 'avg'
67.3318 	EXP 	window1: blendMode = 'avg'
67.3485 	EXP 	window1: blendMode = 'avg'
67.3652 	EXP 	window1: blendMode = 'avg'
67.3812 	EXP 	window1: blendMode = 'avg'
67.3977 	EXP 	window1: blendMode = 'avg'
67.4141 	EXP 	window1: blendMode = 'avg'
67.4305 	EXP 	window1: blendMode = 'avg'
67.4479 	EXP 	window1: blendMode = 'avg'
67.4645 	EXP 	window1: blendMode = 'avg'
67.4816 	EXP 	window1: blendMode = 'avg'
67.4985 	EXP 	window1: blendMode = 'avg'
67.5155 	EXP 	window1: blendMode = 'avg'
67.5314 	EXP 	window1: blendMode = 'avg'
67.5480 	EXP 	window1: blendMode = 'avg'
67.5641 	EXP 	window1: blendMode = 'avg'
67.5810 	EXP 	window1: blendMode = 'avg'
67.5984 	EXP 	window1: blendMode = 'avg'
67.6149 	EXP 	window1: blendMode = 'avg'
67.6317 	EXP 	window1: blendMode = 'avg'
67.6474 	EXP 	window1: blendMode = 'avg'
67.6651 	EXP 	window1: blendMode = 'avg'
67.6818 	EXP 	window1: blendMode = 'avg'
67.6983 	EXP 	window1: blendMode = 'avg'
67.7155 	EXP 	window1: blendMode = 'avg'
67.7316 	EXP 	window1: blendMode = 'avg'
67.7486 	EXP 	window1: blendMode = 'avg'
67.7651 	EXP 	window1: blendMode = 'avg'
67.7818 	EXP 	window1: blendMode = 'avg'
67.7983 	EXP 	window1: blendMode = 'avg'
67.8151 	EXP 	window1: blendMode = 'avg'
67.8321 	EXP 	window1: blendMode = 'avg'
67.8476 	EXP 	window1: blendMode = 'avg'
67.8652 	EXP 	window1: blendMode = 'avg'
67.8818 	EXP 	window1: blendMode = 'avg'
67.8985 	EXP 	window1: blendMode = 'avg'
67.9151 	EXP 	window1: blendMode = 'avg'
67.9311 	EXP 	window1: blendMode = 'avg'
67.9486 	EXP 	window1: blendMode = 'avg'
67.9653 	EXP 	window1: blendMode = 'avg'
67.9818 	EXP 	window1: blendMode = 'avg'
67.9984 	EXP 	window1: blendMode = 'avg'
68.0152 	EXP 	window1: blendMode = 'avg'
68.0317 	EXP 	window1: blendMode = 'avg'
68.0485 	EXP 	window1: blendMode = 'avg'
68.0651 	EXP 	window1: blendMode = 'avg'
68.0818 	EXP 	window1: blendMode = 'avg'
68.0983 	EXP 	window1: blendMode = 'avg'
68.1152 	EXP 	window1: blendMode = 'avg'
68.1318 	EXP 	window1: blendMode = 'avg'
68.1484 	EXP 	window1: blendMode = 'avg'
68.1650 	EXP 	window1: blendMode = 'avg'
68.1818 	EXP 	window1: blendMode = 'avg'
68.1986 	EXP 	window1: blendMode = 'avg'
68.2151 	EXP 	window1: blendMode = 'avg'
68.2318 	EXP 	window1: blendMode = 'avg'
68.2485 	EXP 	window1: blendMode = 'avg'
68.2649 	EXP 	window1: blendMode = 'avg'
68.2818 	EXP 	window1: blendMode = 'avg'
68.2984 	EXP 	window1: blendMode = 'avg'
68.3151 	EXP 	window1: blendMode = 'avg'
68.3316 	EXP 	window1: blendMode = 'avg'
68.3484 	EXP 	window1: blendMode = 'avg'
68.3654 	EXP 	window1: blendMode = 'avg'
68.3820 	EXP 	window1: blendMode = 'avg'
68.3985 	EXP 	window1: blendMode = 'avg'
68.4151 	EXP 	window1: blendMode = 'avg'
68.4316 	EXP 	window1: blendMode = 'avg'
68.4484 	EXP 	window1: blendMode = 'avg'
68.4651 	EXP 	window1: blendMode = 'avg'
68.4818 	EXP 	window1: blendMode = 'avg'
68.4983 	EXP 	window1: blendMode = 'avg'
68.5151 	EXP 	window1: blendMode = 'avg'
68.5318 	EXP 	window1: blendMode = 'avg'
68.5484 	EXP 	window1: blendMode = 'avg'
68.5649 	EXP 	window1: blendMode = 'avg'
68.5818 	EXP 	window1: blendMode = 'avg'
68.5985 	EXP 	window1: blendMode = 'avg'
68.6151 	EXP 	window1: blendMode = 'avg'
68.6316 	EXP 	window1: blendMode = 'avg'
68.6484 	EXP 	window1: blendMode = 'avg'
68.6649 	EXP 	window1: blendMode = 'avg'
68.6807 	EXP 	window1: blendMode = 'avg'
68.6985 	EXP 	window1: blendMode = 'avg'
68.7151 	EXP 	window1: blendMode = 'avg'
68.7318 	EXP 	window1: blendMode = 'avg'
68.7485 	EXP 	window1: blendMode = 'avg'
68.7648 	EXP 	window1: blendMode = 'avg'
68.7820 	EXP 	window1: blendMode = 'avg'
68.7982 	EXP 	window1: blendMode = 'avg'
68.8151 	EXP 	window1: blendMode = 'avg'
68.8318 	EXP 	window1: blendMode = 'avg'
68.8484 	EXP 	window1: blendMode = 'avg'
68.8649 	EXP 	window1: blendMode = 'avg'
68.8811 	EXP 	window1: blendMode = 'avg'
68.8985 	EXP 	window1: blendMode = 'avg'
68.9151 	EXP 	window1: blendMode = 'avg'
68.9317 	EXP 	window1: blendMode = 'avg'
68.9484 	EXP 	window1: blendMode = 'avg'
68.9643 	EXP 	window1: blendMode = 'avg'
68.9820 	EXP 	window1: blendMode = 'avg'
68.9984 	EXP 	window1: blendMode = 'avg'
69.0151 	EXP 	window1: blendMode = 'avg'
69.0320 	EXP 	window1: blendMode = 'avg'
69.0488 	EXP 	window1: blendMode = 'avg'
69.0652 	EXP 	window1: blendMode = 'avg'
69.0818 	EXP 	window1: blendMode = 'avg'
69.0983 	EXP 	window1: blendMode = 'avg'
69.1151 	EXP 	window1: blendMode = 'avg'
69.1315 	EXP 	window1: blendMode = 'avg'
69.1487 	EXP 	window1: blendMode = 'avg'
69.1648 	EXP 	window1: blendMode = 'avg'
69.1809 	EXP 	window1: blendMode = 'avg'
69.1984 	EXP 	window1: blendMode = 'avg'
69.2152 	EXP 	window1: blendMode = 'avg'
69.2313 	EXP 	window1: blendMode = 'avg'
69.2481 	EXP 	window1: blendMode = 'avg'
69.2653 	EXP 	window1: blendMode = 'avg'
69.2818 	EXP 	window1: blendMode = 'avg'
69.2987 	DATA 	Keypress: escape
69.4011 	EXP 	window1: mouseVisible = True
