6.8321 	EXP 	Created window1 = Window(allowGUI=False, allowStencil=False, autoLog=True, bitsMode=UNKNOWN, blendMode='avg', color=array([ 0.,  0.,  0.]), colorSpace='rgb', fullscr=UNKNOWN, gamma=None, lms=UNKNOWN, monitor=<psychopy.monitors.calibTools.Monitor object at 0x113e5d410>, multiSample=False, name='window1', numSamples=2, pos=[0, 0], screen=0, size=array([1440,  900]), stereo=False, units=u'norm', useFBO=True, useRetina=False, viewOri=0.0, viewPos=None, viewScale=None, waitBlanking=True, winType='pyglet')
6.8322 	EXP 	window1: recordFrameIntervals = False
6.9983 	EXP 	window1: recordFrameIntervals = True
7.1818 	EXP 	window1: recordFrameIntervals = False
7.2672 	EXP 	Created text_2 = TextStim(alignHoriz='center', alignVert='center', antialias=True, autoLog=True, bold=False, color='white', colorSpace='named', contrast=1.0, depth=0.0, flipHoriz=False, flipVert=False, font='Arial', fontFiles=[], height=0.1, italic=False, name='text_2', opacity=1.0, ori=0, pos=array([ 0.,  0.]), rgb=array([ 255.,  255.,  255.]), text=unicode(...), units=u'norm', win=Window(...), wrapWidth=1)
7.2689 	EXP 	Created Leftimg = ImageStim(autoLog=True, color=array([ 1.,  1.,  1.]), colorSpace='rgb', contrast=1.0, depth=0.0, flipHoriz=False, flipVert=False, image='sin', interpolate=True, mask=None, maskParams=None, name='Leftimg', opacity=1.0, ori=0.0, pos=array([ 0.,  0.]), size=array([ 400.,  400.]), texRes=128, units='pix', win=Window(...))
7.2699 	EXP 	Created Rightimg = ImageStim(autoLog=True, color=array([ 1.,  1.,  1.]), colorSpace='rgb', contrast=1.0, depth=-1.0, flipHoriz=False, flipVert=False, image='sin', interpolate=True, mask=None, maskParams=None, name='Rightimg', opacity=1.0, ori=0.0, pos=array([ 0.,  0.]), size=array([ 400.,  400.]), texRes=128, units='pix', win=Window(...))
7.2796 	EXP 	Created text = TextStim(alignHoriz='center', alignVert='center', antialias=True, autoLog=True, bold=False, color='white', colorSpace='named', contrast=1.0, depth=-4.0, flipHoriz=False, flipVert=False, font='Arial', fontFiles=[], height=0.05, italic=False, name='text', opacity=1.0, ori=0, pos=array([ 0.,  0.]), rgb=array([ 255.,  255.,  255.]), text=u'to proceed press the space bar.', units=u'norm', win=Window(...), wrapWidth=1)
7.2894 	EXP 	Created text_3 = TextStim(alignHoriz='center', alignVert='center', antialias=True, autoLog=True, bold=False, color='white', colorSpace='named', contrast=1.0, depth=0.0, flipHoriz=False, flipVert=False, font='Arial', fontFiles=[], height=0.1, italic=False, name='text_3', opacity=1.0, ori=0, pos=array([ 0.,  0.]), rgb=array([ 255.,  255.,  255.]), text=unicode(...), units=u'norm', win=Window(...), wrapWidth=1)
7.2940 	EXP 	window1: blendMode = 'avg'
7.3139 	EXP 	text_2: autoDraw = True
7.3176 	EXP 	window1: blendMode = 'avg'
7.3322 	EXP 	window1: blendMode = 'avg'
7.3489 	EXP 	window1: blendMode = 'avg'
7.3656 	EXP 	window1: blendMode = 'avg'
7.3820 	EXP 	window1: blendMode = 'avg'
7.3991 	EXP 	window1: blendMode = 'avg'
7.4155 	EXP 	window1: blendMode = 'avg'
7.4322 	EXP 	window1: blendMode = 'avg'
7.4487 	EXP 	window1: blendMode = 'avg'
7.4656 	EXP 	window1: blendMode = 'avg'
7.4822 	EXP 	window1: blendMode = 'avg'
7.4988 	EXP 	window1: blendMode = 'avg'
7.5155 	EXP 	window1: blendMode = 'avg'
7.5322 	EXP 	window1: blendMode = 'avg'
7.5486 	EXP 	window1: blendMode = 'avg'
7.5661 	EXP 	window1: blendMode = 'avg'
7.5823 	EXP 	window1: blendMode = 'avg'
7.5989 	EXP 	window1: blendMode = 'avg'
7.6155 	EXP 	window1: blendMode = 'avg'
7.6321 	EXP 	window1: blendMode = 'avg'
7.6487 	EXP 	window1: blendMode = 'avg'
7.6654 	EXP 	window1: blendMode = 'avg'
7.6818 	EXP 	window1: blendMode = 'avg'
7.6990 	EXP 	window1: blendMode = 'avg'
7.7155 	EXP 	window1: blendMode = 'avg'
7.7321 	EXP 	window1: blendMode = 'avg'
7.7486 	EXP 	window1: blendMode = 'avg'
7.7655 	EXP 	window1: blendMode = 'avg'
7.7822 	EXP 	window1: blendMode = 'avg'
7.7988 	EXP 	window1: blendMode = 'avg'
7.8154 	EXP 	window1: blendMode = 'avg'
7.8322 	EXP 	window1: blendMode = 'avg'
7.8489 	EXP 	window1: blendMode = 'avg'
7.8652 	EXP 	window1: blendMode = 'avg'
7.8824 	EXP 	window1: blendMode = 'avg'
7.8988 	EXP 	window1: blendMode = 'avg'
7.9156 	EXP 	window1: blendMode = 'avg'
7.9322 	EXP 	window1: blendMode = 'avg'
7.9487 	EXP 	window1: blendMode = 'avg'
7.9655 	EXP 	window1: blendMode = 'avg'
7.9820 	EXP 	window1: blendMode = 'avg'
7.9989 	EXP 	window1: blendMode = 'avg'
8.0155 	EXP 	window1: blendMode = 'avg'
8.0323 	EXP 	window1: blendMode = 'avg'
8.0487 	EXP 	window1: blendMode = 'avg'
8.0655 	EXP 	window1: blendMode = 'avg'
8.0821 	EXP 	window1: blendMode = 'avg'
8.0989 	EXP 	window1: blendMode = 'avg'
8.1155 	EXP 	window1: blendMode = 'avg'
8.1322 	EXP 	window1: blendMode = 'avg'
8.1482 	EXP 	window1: blendMode = 'avg'
8.1657 	EXP 	window1: blendMode = 'avg'
8.1821 	EXP 	window1: blendMode = 'avg'
8.1988 	EXP 	window1: blendMode = 'avg'
8.2154 	EXP 	window1: blendMode = 'avg'
8.2322 	EXP 	window1: blendMode = 'avg'
8.2485 	EXP 	window1: blendMode = 'avg'
8.2657 	EXP 	window1: blendMode = 'avg'
8.2822 	EXP 	window1: blendMode = 'avg'
8.2988 	EXP 	window1: blendMode = 'avg'
8.3154 	EXP 	window1: blendMode = 'avg'
8.3322 	EXP 	window1: blendMode = 'avg'
8.3488 	EXP 	window1: blendMode = 'avg'
8.3655 	EXP 	window1: blendMode = 'avg'
8.3820 	EXP 	window1: blendMode = 'avg'
8.3988 	EXP 	window1: blendMode = 'avg'
8.4156 	EXP 	window1: blendMode = 'avg'
8.4322 	EXP 	window1: blendMode = 'avg'
8.4484 	EXP 	window1: blendMode = 'avg'
8.4646 	EXP 	window1: blendMode = 'avg'
8.4813 	EXP 	window1: blendMode = 'avg'
8.4988 	EXP 	window1: blendMode = 'avg'
8.5155 	EXP 	window1: blendMode = 'avg'
8.5322 	EXP 	window1: blendMode = 'avg'
8.5489 	EXP 	window1: blendMode = 'avg'
8.5654 	EXP 	window1: blendMode = 'avg'
8.5822 	EXP 	window1: blendMode = 'avg'
8.5988 	EXP 	window1: blendMode = 'avg'
8.6154 	EXP 	window1: blendMode = 'avg'
8.6322 	EXP 	window1: blendMode = 'avg'
8.6486 	EXP 	window1: blendMode = 'avg'
8.6655 	EXP 	window1: blendMode = 'avg'
8.6822 	EXP 	window1: blendMode = 'avg'
8.6988 	EXP 	window1: blendMode = 'avg'
8.7154 	EXP 	window1: blendMode = 'avg'
8.7322 	EXP 	window1: blendMode = 'avg'
8.7485 	EXP 	window1: blendMode = 'avg'
8.7656 	EXP 	window1: blendMode = 'avg'
8.7822 	EXP 	window1: blendMode = 'avg'
8.7989 	EXP 	window1: blendMode = 'avg'
8.8155 	EXP 	window1: blendMode = 'avg'
8.8321 	EXP 	window1: blendMode = 'avg'
8.8489 	EXP 	window1: blendMode = 'avg'
8.8655 	EXP 	window1: blendMode = 'avg'
8.8821 	EXP 	window1: blendMode = 'avg'
8.8988 	EXP 	window1: blendMode = 'avg'
8.9151 	EXP 	window1: blendMode = 'avg'
8.9323 	EXP 	window1: blendMode = 'avg'
8.9488 	EXP 	window1: blendMode = 'avg'
8.9654 	EXP 	window1: blendMode = 'avg'
8.9820 	EXP 	window1: blendMode = 'avg'
8.9988 	EXP 	window1: blendMode = 'avg'
9.0155 	EXP 	window1: blendMode = 'avg'
9.0322 	EXP 	window1: blendMode = 'avg'
9.0488 	EXP 	window1: blendMode = 'avg'
9.0655 	EXP 	window1: blendMode = 'avg'
9.0820 	EXP 	window1: blendMode = 'avg'
9.0989 	EXP 	window1: blendMode = 'avg'
9.1155 	EXP 	window1: blendMode = 'avg'
9.1322 	EXP 	window1: blendMode = 'avg'
9.1487 	EXP 	window1: blendMode = 'avg'
9.1655 	EXP 	window1: blendMode = 'avg'
9.1822 	EXP 	window1: blendMode = 'avg'
9.1989 	EXP 	window1: blendMode = 'avg'
9.2155 	EXP 	window1: blendMode = 'avg'
9.2322 	EXP 	window1: blendMode = 'avg'
9.2486 	EXP 	window1: blendMode = 'avg'
9.2655 	EXP 	window1: blendMode = 'avg'
9.2821 	EXP 	window1: blendMode = 'avg'
9.2988 	EXP 	window1: blendMode = 'avg'
9.3155 	EXP 	window1: blendMode = 'avg'
9.3322 	EXP 	window1: blendMode = 'avg'
9.3486 	EXP 	window1: blendMode = 'avg'
9.3655 	EXP 	window1: blendMode = 'avg'
9.3822 	EXP 	window1: blendMode = 'avg'
9.3988 	EXP 	window1: blendMode = 'avg'
9.4153 	EXP 	window1: blendMode = 'avg'
9.4322 	EXP 	window1: blendMode = 'avg'
9.4486 	EXP 	window1: blendMode = 'avg'
9.4655 	EXP 	window1: blendMode = 'avg'
9.4822 	EXP 	window1: blendMode = 'avg'
9.4979 	EXP 	window1: blendMode = 'avg'
9.5145 	EXP 	window1: blendMode = 'avg'
9.5315 	EXP 	window1: blendMode = 'avg'
9.5482 	EXP 	window1: blendMode = 'avg'
9.5646 	EXP 	window1: blendMode = 'avg'
9.5815 	EXP 	window1: blendMode = 'avg'
9.5981 	EXP 	window1: blendMode = 'avg'
9.6145 	EXP 	window1: blendMode = 'avg'
9.6310 	EXP 	window1: blendMode = 'avg'
9.6477 	EXP 	window1: blendMode = 'avg'
9.6656 	EXP 	window1: blendMode = 'avg'
9.6822 	EXP 	window1: blendMode = 'avg'
9.6988 	EXP 	window1: blendMode = 'avg'
9.7153 	EXP 	window1: blendMode = 'avg'
9.7321 	EXP 	window1: blendMode = 'avg'
9.7488 	EXP 	window1: blendMode = 'avg'
9.7652 	EXP 	window1: blendMode = 'avg'
9.7824 	EXP 	window1: blendMode = 'avg'
9.7986 	EXP 	window1: blendMode = 'avg'
9.8155 	EXP 	window1: blendMode = 'avg'
9.8321 	EXP 	window1: blendMode = 'avg'
9.8486 	EXP 	window1: blendMode = 'avg'
9.8660 	EXP 	window1: blendMode = 'avg'
9.8824 	EXP 	window1: blendMode = 'avg'
9.8988 	EXP 	window1: blendMode = 'avg'
9.9155 	EXP 	window1: blendMode = 'avg'
9.9321 	EXP 	window1: blendMode = 'avg'
9.9488 	EXP 	window1: blendMode = 'avg'
9.9655 	EXP 	window1: blendMode = 'avg'
9.9820 	EXP 	window1: blendMode = 'avg'
9.9990 	EXP 	window1: blendMode = 'avg'
10.0155 	EXP 	window1: blendMode = 'avg'
10.0321 	EXP 	window1: blendMode = 'avg'
10.0488 	EXP 	window1: blendMode = 'avg'
10.0655 	EXP 	window1: blendMode = 'avg'
10.0822 	EXP 	window1: blendMode = 'avg'
10.0989 	EXP 	window1: blendMode = 'avg'
10.1154 	EXP 	window1: blendMode = 'avg'
10.1322 	EXP 	window1: blendMode = 'avg'
10.1485 	EXP 	window1: blendMode = 'avg'
10.1657 	EXP 	window1: blendMode = 'avg'
10.1822 	EXP 	window1: blendMode = 'avg'
10.1988 	EXP 	window1: blendMode = 'avg'
10.2153 	EXP 	window1: blendMode = 'avg'
10.2320 	EXP 	window1: blendMode = 'avg'
10.2485 	EXP 	window1: blendMode = 'avg'
10.2656 	EXP 	window1: blendMode = 'avg'
10.2821 	EXP 	window1: blendMode = 'avg'
10.2988 	EXP 	window1: blendMode = 'avg'
10.3152 	EXP 	window1: blendMode = 'avg'
10.3312 	EXP 	window1: blendMode = 'avg'
10.3488 	EXP 	window1: blendMode = 'avg'
10.3657 	EXP 	window1: blendMode = 'avg'
10.3822 	EXP 	window1: blendMode = 'avg'
10.3988 	EXP 	window1: blendMode = 'avg'
10.4153 	EXP 	window1: blendMode = 'avg'
10.4321 	EXP 	window1: blendMode = 'avg'
10.4486 	EXP 	window1: blendMode = 'avg'
10.4658 	EXP 	window1: blendMode = 'avg'
10.4821 	EXP 	window1: blendMode = 'avg'
10.4989 	EXP 	window1: blendMode = 'avg'
10.5156 	EXP 	window1: blendMode = 'avg'
10.5321 	EXP 	window1: blendMode = 'avg'
10.5488 	EXP 	window1: blendMode = 'avg'
10.5655 	EXP 	window1: blendMode = 'avg'
10.5820 	EXP 	window1: blendMode = 'avg'
10.5979 	EXP 	window1: blendMode = 'avg'
10.6146 	EXP 	window1: blendMode = 'avg'
10.6322 	EXP 	window1: blendMode = 'avg'
10.6488 	EXP 	window1: blendMode = 'avg'
10.6654 	EXP 	window1: blendMode = 'avg'
10.6821 	EXP 	window1: blendMode = 'avg'
10.6988 	EXP 	window1: blendMode = 'avg'
10.7153 	EXP 	window1: blendMode = 'avg'
10.7321 	EXP 	window1: blendMode = 'avg'
10.7488 	EXP 	window1: blendMode = 'avg'
10.7655 	EXP 	window1: blendMode = 'avg'
10.7819 	EXP 	window1: blendMode = 'avg'
10.7987 	EXP 	window1: blendMode = 'avg'
10.8151 	EXP 	window1: blendMode = 'avg'
10.8322 	EXP 	window1: blendMode = 'avg'
10.8488 	EXP 	window1: blendMode = 'avg'
10.8655 	EXP 	window1: blendMode = 'avg'
10.8822 	EXP 	window1: blendMode = 'avg'
10.8991 	EXP 	window1: blendMode = 'avg'
10.9159 	EXP 	window1: blendMode = 'avg'
10.9315 	EXP 	window1: blendMode = 'avg'
10.9483 	EXP 	window1: blendMode = 'avg'
10.9658 	EXP 	window1: blendMode = 'avg'
10.9824 	EXP 	window1: blendMode = 'avg'
10.9989 	EXP 	window1: blendMode = 'avg'
11.0155 	EXP 	window1: blendMode = 'avg'
11.0321 	EXP 	window1: blendMode = 'avg'
11.0486 	EXP 	window1: blendMode = 'avg'
11.0655 	EXP 	window1: blendMode = 'avg'
11.0809 	EXP 	window1: blendMode = 'avg'
11.0989 	EXP 	window1: blendMode = 'avg'
11.1154 	EXP 	window1: blendMode = 'avg'
11.1321 	EXP 	window1: blendMode = 'avg'
11.1489 	EXP 	window1: blendMode = 'avg'
11.1654 	EXP 	window1: blendMode = 'avg'
11.1816 	EXP 	window1: blendMode = 'avg'
11.1993 	EXP 	window1: blendMode = 'avg'
11.2154 	EXP 	window1: blendMode = 'avg'
11.2321 	EXP 	window1: blendMode = 'avg'
11.2488 	EXP 	window1: blendMode = 'avg'
11.2655 	EXP 	window1: blendMode = 'avg'
11.2823 	EXP 	window1: blendMode = 'avg'
11.2988 	EXP 	window1: blendMode = 'avg'
11.3155 	EXP 	window1: blendMode = 'avg'
11.3321 	EXP 	window1: blendMode = 'avg'
11.3486 	EXP 	window1: blendMode = 'avg'
11.3655 	EXP 	window1: blendMode = 'avg'
11.3821 	EXP 	window1: blendMode = 'avg'
11.3988 	EXP 	window1: blendMode = 'avg'
11.4152 	EXP 	window1: blendMode = 'avg'
11.4315 	EXP 	window1: blendMode = 'avg'
11.4482 	EXP 	window1: blendMode = 'avg'
11.4654 	EXP 	window1: blendMode = 'avg'
11.4821 	EXP 	window1: blendMode = 'avg'
11.4989 	EXP 	window1: blendMode = 'avg'
11.5155 	EXP 	window1: blendMode = 'avg'
11.5321 	EXP 	window1: blendMode = 'avg'
11.5487 	EXP 	window1: blendMode = 'avg'
11.5655 	EXP 	window1: blendMode = 'avg'
11.5818 	EXP 	window1: blendMode = 'avg'
11.5990 	EXP 	window1: blendMode = 'avg'
11.6155 	EXP 	window1: blendMode = 'avg'
11.6321 	EXP 	window1: blendMode = 'avg'
11.6486 	EXP 	window1: blendMode = 'avg'
11.6654 	EXP 	window1: blendMode = 'avg'
11.6821 	EXP 	window1: blendMode = 'avg'
11.6988 	EXP 	window1: blendMode = 'avg'
11.7155 	EXP 	window1: blendMode = 'avg'
11.7321 	EXP 	window1: blendMode = 'avg'
11.7488 	EXP 	window1: blendMode = 'avg'
11.7654 	EXP 	window1: blendMode = 'avg'
11.7819 	EXP 	window1: blendMode = 'avg'
11.7988 	EXP 	window1: blendMode = 'avg'
11.8156 	EXP 	window1: blendMode = 'avg'
11.8321 	EXP 	window1: blendMode = 'avg'
11.8486 	EXP 	window1: blendMode = 'avg'
11.8655 	EXP 	window1: blendMode = 'avg'
11.8822 	EXP 	window1: blendMode = 'avg'
11.8988 	EXP 	window1: blendMode = 'avg'
11.9154 	EXP 	window1: blendMode = 'avg'
11.9321 	EXP 	window1: blendMode = 'avg'
11.9490 	EXP 	window1: blendMode = 'avg'
11.9652 	EXP 	window1: blendMode = 'avg'
11.9807 	EXP 	window1: blendMode = 'avg'
11.9990 	EXP 	window1: blendMode = 'avg'
12.0155 	EXP 	window1: blendMode = 'avg'
12.0322 	EXP 	window1: blendMode = 'avg'
12.0486 	EXP 	window1: blendMode = 'avg'
12.0651 	EXP 	window1: blendMode = 'avg'
12.0824 	EXP 	window1: blendMode = 'avg'
12.0988 	EXP 	window1: blendMode = 'avg'
12.1155 	EXP 	window1: blendMode = 'avg'
12.1321 	EXP 	window1: blendMode = 'avg'
12.1487 	EXP 	window1: blendMode = 'avg'
12.1655 	EXP 	window1: blendMode = 'avg'
12.1821 	EXP 	window1: blendMode = 'avg'
12.1988 	EXP 	window1: blendMode = 'avg'
12.2155 	EXP 	window1: blendMode = 'avg'
12.2321 	EXP 	window1: blendMode = 'avg'
12.2484 	EXP 	window1: blendMode = 'avg'
12.2658 	EXP 	window1: blendMode = 'avg'
12.2815 	EXP 	window1: blendMode = 'avg'
12.2982 	EXP 	window1: blendMode = 'avg'
12.3155 	EXP 	window1: blendMode = 'avg'
12.3321 	EXP 	window1: blendMode = 'avg'
12.3488 	EXP 	window1: blendMode = 'avg'
12.3655 	EXP 	window1: blendMode = 'avg'
12.3821 	EXP 	window1: blendMode = 'avg'
12.3988 	EXP 	window1: blendMode = 'avg'
12.4154 	EXP 	window1: blendMode = 'avg'
12.4321 	EXP 	window1: blendMode = 'avg'
12.4485 	EXP 	window1: blendMode = 'avg'
12.4654 	EXP 	window1: blendMode = 'avg'
12.4819 	EXP 	window1: blendMode = 'avg'
12.4987 	EXP 	window1: blendMode = 'avg'
12.5148 	EXP 	window1: blendMode = 'avg'
12.5310 	EXP 	window1: blendMode = 'avg'
12.5481 	EXP 	window1: blendMode = 'avg'
12.5645 	EXP 	window1: blendMode = 'avg'
12.5814 	EXP 	window1: blendMode = 'avg'
12.5979 	EXP 	window1: blendMode = 'avg'
12.6147 	EXP 	window1: blendMode = 'avg'
12.6312 	EXP 	window1: blendMode = 'avg'
12.6479 	EXP 	window1: blendMode = 'avg'
12.6648 	EXP 	window1: blendMode = 'avg'
12.6812 	EXP 	window1: blendMode = 'avg'
12.6980 	EXP 	window1: blendMode = 'avg'
12.7152 	EXP 	window1: blendMode = 'avg'
12.7318 	EXP 	window1: blendMode = 'avg'
12.7487 	EXP 	window1: blendMode = 'avg'
12.7654 	EXP 	window1: blendMode = 'avg'
12.7822 	EXP 	window1: blendMode = 'avg'
12.7988 	EXP 	window1: blendMode = 'avg'
12.8153 	EXP 	window1: blendMode = 'avg'
12.8321 	EXP 	window1: blendMode = 'avg'
12.8485 	EXP 	window1: blendMode = 'avg'
12.8656 	EXP 	window1: blendMode = 'avg'
12.8821 	EXP 	window1: blendMode = 'avg'
12.8988 	EXP 	window1: blendMode = 'avg'
12.9153 	EXP 	window1: blendMode = 'avg'
12.9321 	EXP 	window1: blendMode = 'avg'
12.9488 	EXP 	window1: blendMode = 'avg'
12.9654 	EXP 	window1: blendMode = 'avg'
12.9820 	EXP 	window1: blendMode = 'avg'
12.9988 	EXP 	window1: blendMode = 'avg'
13.0151 	EXP 	window1: blendMode = 'avg'
13.0323 	EXP 	window1: blendMode = 'avg'
13.0488 	EXP 	window1: blendMode = 'avg'
13.0654 	EXP 	window1: blendMode = 'avg'
13.0819 	EXP 	window1: blendMode = 'avg'
13.0988 	EXP 	window1: blendMode = 'avg'
13.1155 	EXP 	window1: blendMode = 'avg'
13.1321 	EXP 	window1: blendMode = 'avg'
13.1483 	EXP 	window1: blendMode = 'avg'
13.1657 	EXP 	window1: blendMode = 'avg'
13.1821 	EXP 	window1: blendMode = 'avg'
13.1988 	EXP 	window1: blendMode = 'avg'
13.2154 	EXP 	window1: blendMode = 'avg'
13.2321 	EXP 	window1: blendMode = 'avg'
13.2488 	EXP 	window1: blendMode = 'avg'
13.2654 	EXP 	window1: blendMode = 'avg'
13.2819 	EXP 	window1: blendMode = 'avg'
13.2987 	EXP 	window1: blendMode = 'avg'
13.3155 	EXP 	window1: blendMode = 'avg'
13.3321 	EXP 	window1: blendMode = 'avg'
13.3486 	EXP 	window1: blendMode = 'avg'
13.3654 	EXP 	window1: blendMode = 'avg'
13.3821 	EXP 	window1: blendMode = 'avg'
13.3988 	EXP 	window1: blendMode = 'avg'
13.4145 	EXP 	window1: blendMode = 'avg'
13.4321 	EXP 	window1: blendMode = 'avg'
13.4488 	EXP 	window1: blendMode = 'avg'
13.4653 	EXP 	window1: blendMode = 'avg'
13.4821 	EXP 	window1: blendMode = 'avg'
13.4987 	EXP 	window1: blendMode = 'avg'
13.5157 	EXP 	window1: blendMode = 'avg'
13.5321 	EXP 	window1: blendMode = 'avg'
13.5486 	EXP 	window1: blendMode = 'avg'
13.5654 	EXP 	window1: blendMode = 'avg'
13.5821 	EXP 	window1: blendMode = 'avg'
13.5988 	EXP 	window1: blendMode = 'avg'
13.6153 	EXP 	window1: blendMode = 'avg'
13.6318 	EXP 	window1: blendMode = 'avg'
13.6485 	EXP 	window1: blendMode = 'avg'
13.6653 	EXP 	window1: blendMode = 'avg'
13.6820 	EXP 	window1: blendMode = 'avg'
13.6983 	EXP 	window1: blendMode = 'avg'
13.7157 	EXP 	window1: blendMode = 'avg'
13.7321 	EXP 	window1: blendMode = 'avg'
13.7488 	EXP 	window1: blendMode = 'avg'
13.7654 	EXP 	window1: blendMode = 'avg'
13.7819 	EXP 	window1: blendMode = 'avg'
13.7988 	EXP 	window1: blendMode = 'avg'
13.8155 	EXP 	window1: blendMode = 'avg'
13.8321 	EXP 	window1: blendMode = 'avg'
13.8486 	EXP 	window1: blendMode = 'avg'
13.8654 	EXP 	window1: blendMode = 'avg'
13.8821 	EXP 	window1: blendMode = 'avg'
13.8988 	EXP 	window1: blendMode = 'avg'
13.9144 	EXP 	window1: blendMode = 'avg'
13.9327 	EXP 	window1: blendMode = 'avg'
13.9490 	EXP 	window1: blendMode = 'avg'
13.9654 	EXP 	window1: blendMode = 'avg'
13.9823 	EXP 	window1: blendMode = 'avg'
13.9987 	EXP 	window1: blendMode = 'avg'
14.0155 	EXP 	window1: blendMode = 'avg'
14.0321 	EXP 	window1: blendMode = 'avg'
14.0489 	EXP 	window1: blendMode = 'avg'
14.0646 	EXP 	window1: blendMode = 'avg'
14.0821 	EXP 	window1: blendMode = 'avg'
14.0987 	EXP 	window1: blendMode = 'avg'
14.1152 	EXP 	window1: blendMode = 'avg'
14.1320 	EXP 	window1: blendMode = 'avg'
14.1488 	EXP 	window1: blendMode = 'avg'
14.1654 	EXP 	window1: blendMode = 'avg'
14.1819 	EXP 	window1: blendMode = 'avg'
14.1987 	EXP 	window1: blendMode = 'avg'
14.2154 	EXP 	window1: blendMode = 'avg'
14.2320 	EXP 	window1: blendMode = 'avg'
14.2488 	EXP 	window1: blendMode = 'avg'
14.2654 	EXP 	window1: blendMode = 'avg'
14.2819 	EXP 	window1: blendMode = 'avg'
14.2987 	EXP 	window1: blendMode = 'avg'
14.3154 	EXP 	window1: blendMode = 'avg'
14.3322 	EXP 	window1: blendMode = 'avg'
14.3493 	EXP 	window1: blendMode = 'avg'
14.3659 	EXP 	window1: blendMode = 'avg'
14.3823 	EXP 	window1: blendMode = 'avg'
14.3988 	EXP 	window1: blendMode = 'avg'
14.4154 	EXP 	window1: blendMode = 'avg'
14.4319 	EXP 	window1: blendMode = 'avg'
14.4488 	EXP 	window1: blendMode = 'avg'
14.4654 	EXP 	window1: blendMode = 'avg'
14.4821 	EXP 	window1: blendMode = 'avg'
14.4988 	EXP 	window1: blendMode = 'avg'
14.5154 	EXP 	window1: blendMode = 'avg'
14.5320 	EXP 	window1: blendMode = 'avg'
14.5486 	EXP 	window1: blendMode = 'avg'
14.5654 	EXP 	window1: blendMode = 'avg'
14.5821 	EXP 	window1: blendMode = 'avg'
14.5987 	EXP 	window1: blendMode = 'avg'
14.6153 	EXP 	window1: blendMode = 'avg'
14.6321 	EXP 	window1: blendMode = 'avg'
14.6488 	EXP 	window1: blendMode = 'avg'
14.6654 	EXP 	window1: blendMode = 'avg'
14.6818 	EXP 	window1: blendMode = 'avg'
14.6986 	EXP 	window1: blendMode = 'avg'
14.7154 	EXP 	window1: blendMode = 'avg'
14.7320 	EXP 	window1: blendMode = 'avg'
14.7487 	EXP 	window1: blendMode = 'avg'
14.7654 	EXP 	window1: blendMode = 'avg'
14.7818 	EXP 	window1: blendMode = 'avg'
14.7987 	EXP 	window1: blendMode = 'avg'
14.8153 	EXP 	window1: blendMode = 'avg'
14.8320 	EXP 	window1: blendMode = 'avg'
14.8484 	EXP 	window1: blendMode = 'avg'
14.8656 	EXP 	window1: blendMode = 'avg'
14.8824 	EXP 	window1: blendMode = 'avg'
14.8987 	EXP 	window1: blendMode = 'avg'
14.9154 	EXP 	window1: blendMode = 'avg'
14.9321 	EXP 	window1: blendMode = 'avg'
14.9486 	EXP 	window1: blendMode = 'avg'
14.9654 	EXP 	window1: blendMode = 'avg'
14.9821 	EXP 	window1: blendMode = 'avg'
14.9987 	EXP 	window1: blendMode = 'avg'
15.0151 	EXP 	window1: blendMode = 'avg'
15.0323 	EXP 	window1: blendMode = 'avg'
15.0488 	EXP 	window1: blendMode = 'avg'
15.0653 	EXP 	window1: blendMode = 'avg'
15.0821 	EXP 	window1: blendMode = 'avg'
15.0987 	EXP 	window1: blendMode = 'avg'
15.1151 	EXP 	window1: blendMode = 'avg'
15.1322 	EXP 	window1: blendMode = 'avg'
15.1487 	EXP 	window1: blendMode = 'avg'
15.1653 	EXP 	window1: blendMode = 'avg'
15.1819 	EXP 	window1: blendMode = 'avg'
15.1987 	EXP 	window1: blendMode = 'avg'
15.2154 	EXP 	window1: blendMode = 'avg'
15.2320 	EXP 	window1: blendMode = 'avg'
15.2486 	EXP 	window1: blendMode = 'avg'
15.2654 	EXP 	window1: blendMode = 'avg'
15.2821 	EXP 	window1: blendMode = 'avg'
15.2987 	EXP 	window1: blendMode = 'avg'
15.3152 	EXP 	window1: blendMode = 'avg'
15.3320 	EXP 	window1: blendMode = 'avg'
15.3487 	EXP 	window1: blendMode = 'avg'
15.3654 	EXP 	window1: blendMode = 'avg'
15.3819 	EXP 	window1: blendMode = 'avg'
15.3987 	EXP 	window1: blendMode = 'avg'
15.4154 	EXP 	window1: blendMode = 'avg'
15.4320 	EXP 	window1: blendMode = 'avg'
15.4485 	EXP 	window1: blendMode = 'avg'
15.4654 	EXP 	window1: blendMode = 'avg'
15.4820 	EXP 	window1: blendMode = 'avg'
15.4987 	EXP 	window1: blendMode = 'avg'
15.5152 	EXP 	window1: blendMode = 'avg'
15.5320 	EXP 	window1: blendMode = 'avg'
15.5488 	EXP 	window1: blendMode = 'avg'
15.5653 	EXP 	window1: blendMode = 'avg'
15.5821 	EXP 	window1: blendMode = 'avg'
15.5988 	EXP 	window1: blendMode = 'avg'
15.6145 	EXP 	window1: blendMode = 'avg'
15.6320 	EXP 	window1: blendMode = 'avg'
15.6487 	EXP 	window1: blendMode = 'avg'
15.6654 	EXP 	window1: blendMode = 'avg'
15.6821 	EXP 	window1: blendMode = 'avg'
15.6987 	EXP 	window1: blendMode = 'avg'
15.7152 	EXP 	window1: blendMode = 'avg'
15.7318 	EXP 	window1: blendMode = 'avg'
15.7490 	EXP 	window1: blendMode = 'avg'
15.7654 	EXP 	window1: blendMode = 'avg'
15.7821 	EXP 	window1: blendMode = 'avg'
15.7987 	EXP 	window1: blendMode = 'avg'
15.8154 	EXP 	window1: blendMode = 'avg'
15.8320 	EXP 	window1: blendMode = 'avg'
15.8485 	EXP 	window1: blendMode = 'avg'
15.8654 	EXP 	window1: blendMode = 'avg'
15.8826 	EXP 	window1: blendMode = 'avg'
15.8989 	EXP 	window1: blendMode = 'avg'
15.9154 	EXP 	window1: blendMode = 'avg'
15.9320 	EXP 	window1: blendMode = 'avg'
15.9487 	EXP 	window1: blendMode = 'avg'
15.9653 	EXP 	window1: blendMode = 'avg'
15.9821 	EXP 	window1: blendMode = 'avg'
15.9987 	EXP 	window1: blendMode = 'avg'
16.0151 	EXP 	window1: blendMode = 'avg'
16.0322 	EXP 	window1: blendMode = 'avg'
16.0488 	EXP 	window1: blendMode = 'avg'
16.0653 	EXP 	window1: blendMode = 'avg'
16.0820 	EXP 	window1: blendMode = 'avg'
16.0987 	EXP 	window1: blendMode = 'avg'
16.1150 	EXP 	window1: blendMode = 'avg'
16.1322 	EXP 	window1: blendMode = 'avg'
16.1488 	EXP 	window1: blendMode = 'avg'
16.1654 	EXP 	window1: blendMode = 'avg'
16.1821 	EXP 	window1: blendMode = 'avg'
16.1987 	EXP 	window1: blendMode = 'avg'
16.2155 	EXP 	window1: blendMode = 'avg'
16.2320 	EXP 	window1: blendMode = 'avg'
16.2485 	EXP 	window1: blendMode = 'avg'
16.2654 	EXP 	window1: blendMode = 'avg'
16.2821 	EXP 	window1: blendMode = 'avg'
16.2987 	EXP 	window1: blendMode = 'avg'
16.3154 	EXP 	window1: blendMode = 'avg'
16.3313 	EXP 	window1: blendMode = 'avg'
16.3487 	EXP 	window1: blendMode = 'avg'
16.3653 	EXP 	window1: blendMode = 'avg'
16.3820 	EXP 	window1: blendMode = 'avg'
16.3987 	EXP 	window1: blendMode = 'avg'
16.4152 	EXP 	window1: blendMode = 'avg'
16.4320 	EXP 	window1: blendMode = 'avg'
16.4487 	EXP 	window1: blendMode = 'avg'
16.4654 	EXP 	window1: blendMode = 'avg'
16.4821 	EXP 	window1: blendMode = 'avg'
16.4987 	EXP 	window1: blendMode = 'avg'
16.5152 	EXP 	window1: blendMode = 'avg'
16.5320 	EXP 	window1: blendMode = 'avg'
16.5483 	EXP 	window1: blendMode = 'avg'
16.5656 	EXP 	window1: blendMode = 'avg'
16.5821 	EXP 	window1: blendMode = 'avg'
16.5988 	EXP 	window1: blendMode = 'avg'
16.6154 	EXP 	window1: blendMode = 'avg'
16.6321 	EXP 	window1: blendMode = 'avg'
16.6487 	EXP 	window1: blendMode = 'avg'
16.6653 	EXP 	window1: blendMode = 'avg'
16.6818 	EXP 	window1: blendMode = 'avg'
16.6987 	EXP 	window1: blendMode = 'avg'
16.7154 	EXP 	window1: blendMode = 'avg'
16.7320 	EXP 	window1: blendMode = 'avg'
16.7485 	EXP 	window1: blendMode = 'avg'
16.7654 	EXP 	window1: blendMode = 'avg'
16.7820 	EXP 	window1: blendMode = 'avg'
16.7987 	EXP 	window1: blendMode = 'avg'
16.8152 	EXP 	window1: blendMode = 'avg'
16.8320 	EXP 	window1: blendMode = 'avg'
16.8488 	EXP 	window1: blendMode = 'avg'
16.8653 	EXP 	window1: blendMode = 'avg'
16.8818 	EXP 	window1: blendMode = 'avg'
16.8989 	EXP 	window1: blendMode = 'avg'
16.9154 	EXP 	window1: blendMode = 'avg'
16.9320 	EXP 	window1: blendMode = 'avg'
16.9485 	EXP 	window1: blendMode = 'avg'
16.9653 	EXP 	window1: blendMode = 'avg'
16.9820 	EXP 	window1: blendMode = 'avg'
16.9987 	EXP 	window1: blendMode = 'avg'
17.0155 	EXP 	window1: blendMode = 'avg'
17.0313 	EXP 	window1: blendMode = 'avg'
17.0486 	EXP 	window1: blendMode = 'avg'
17.0654 	EXP 	window1: blendMode = 'avg'
17.0820 	EXP 	window1: blendMode = 'avg'
17.0987 	EXP 	window1: blendMode = 'avg'
17.1151 	EXP 	window1: blendMode = 'avg'
17.1320 	EXP 	window1: blendMode = 'avg'
17.1487 	EXP 	window1: blendMode = 'avg'
17.1653 	EXP 	window1: blendMode = 'avg'
17.1818 	EXP 	window1: blendMode = 'avg'
17.1987 	EXP 	window1: blendMode = 'avg'
17.2153 	EXP 	window1: blendMode = 'avg'
17.2320 	EXP 	window1: blendMode = 'avg'
17.2485 	EXP 	window1: blendMode = 'avg'
17.2653 	EXP 	window1: blendMode = 'avg'
17.2821 	EXP 	window1: blendMode = 'avg'
17.2987 	EXP 	window1: blendMode = 'avg'
17.3151 	EXP 	window1: blendMode = 'avg'
17.3323 	EXP 	window1: blendMode = 'avg'
17.3487 	EXP 	window1: blendMode = 'avg'
17.3653 	EXP 	window1: blendMode = 'avg'
17.3820 	EXP 	window1: blendMode = 'avg'
17.3987 	EXP 	window1: blendMode = 'avg'
17.4151 	EXP 	window1: blendMode = 'avg'
17.4322 	EXP 	window1: blendMode = 'avg'
17.4488 	EXP 	window1: blendMode = 'avg'
17.4654 	EXP 	window1: blendMode = 'avg'
17.4818 	EXP 	window1: blendMode = 'avg'
17.4990 	EXP 	window1: blendMode = 'avg'
17.5154 	EXP 	window1: blendMode = 'avg'
17.5320 	EXP 	window1: blendMode = 'avg'
17.5487 	EXP 	window1: blendMode = 'avg'
17.5653 	EXP 	window1: blendMode = 'avg'
17.5817 	EXP 	window1: blendMode = 'avg'
17.5991 	EXP 	window1: blendMode = 'avg'
17.6154 	EXP 	window1: blendMode = 'avg'
17.6320 	EXP 	window1: blendMode = 'avg'
17.6484 	EXP 	window1: blendMode = 'avg'
17.6655 	EXP 	window1: blendMode = 'avg'
17.6821 	EXP 	window1: blendMode = 'avg'
17.6986 	EXP 	window1: blendMode = 'avg'
17.7156 	EXP 	window1: blendMode = 'avg'
17.7318 	EXP 	window1: blendMode = 'avg'
17.7490 	EXP 	window1: blendMode = 'avg'
17.7654 	EXP 	window1: blendMode = 'avg'
17.7821 	EXP 	window1: blendMode = 'avg'
17.7988 	EXP 	window1: blendMode = 'avg'
17.8151 	EXP 	window1: blendMode = 'avg'
17.8322 	EXP 	window1: blendMode = 'avg'
17.8487 	EXP 	window1: blendMode = 'avg'
17.8653 	EXP 	window1: blendMode = 'avg'
17.8818 	EXP 	window1: blendMode = 'avg'
17.8989 	EXP 	window1: blendMode = 'avg'
17.9154 	EXP 	window1: blendMode = 'avg'
17.9320 	EXP 	window1: blendMode = 'avg'
17.9484 	EXP 	window1: blendMode = 'avg'
17.9656 	EXP 	window1: blendMode = 'avg'
17.9819 	EXP 	window1: blendMode = 'avg'
17.9987 	EXP 	window1: blendMode = 'avg'
18.0151 	EXP 	window1: blendMode = 'avg'
18.0323 	EXP 	window1: blendMode = 'avg'
18.0487 	EXP 	window1: blendMode = 'avg'
18.0653 	EXP 	window1: blendMode = 'avg'
18.0821 	EXP 	window1: blendMode = 'avg'
18.0987 	EXP 	window1: blendMode = 'avg'
18.1152 	EXP 	window1: blendMode = 'avg'
18.1320 	EXP 	window1: blendMode = 'avg'
18.1480 	EXP 	window1: blendMode = 'avg'
18.1654 	EXP 	window1: blendMode = 'avg'
18.1820 	EXP 	window1: blendMode = 'avg'
18.1986 	EXP 	window1: blendMode = 'avg'
18.2153 	EXP 	window1: blendMode = 'avg'
18.2319 	EXP 	window1: blendMode = 'avg'
18.2484 	EXP 	window1: blendMode = 'avg'
18.2653 	EXP 	window1: blendMode = 'avg'
18.2821 	EXP 	window1: blendMode = 'avg'
18.2986 	EXP 	window1: blendMode = 'avg'
18.3151 	EXP 	window1: blendMode = 'avg'
18.3322 	EXP 	window1: blendMode = 'avg'
18.3490 	EXP 	window1: blendMode = 'avg'
18.3654 	EXP 	window1: blendMode = 'avg'
18.3819 	EXP 	window1: blendMode = 'avg'
18.3987 	EXP 	window1: blendMode = 'avg'
18.4154 	EXP 	window1: blendMode = 'avg'
18.4320 	EXP 	window1: blendMode = 'avg'
18.4486 	EXP 	window1: blendMode = 'avg'
18.4650 	EXP 	window1: blendMode = 'avg'
18.4823 	EXP 	window1: blendMode = 'avg'
18.4987 	EXP 	window1: blendMode = 'avg'
18.5153 	EXP 	window1: blendMode = 'avg'
18.5320 	EXP 	window1: blendMode = 'avg'
18.5485 	EXP 	window1: blendMode = 'avg'
18.5656 	EXP 	window1: blendMode = 'avg'
18.5820 	EXP 	window1: blendMode = 'avg'
18.5987 	EXP 	window1: blendMode = 'avg'
18.6151 	EXP 	window1: blendMode = 'avg'
18.6322 	EXP 	window1: blendMode = 'avg'
18.6487 	EXP 	window1: blendMode = 'avg'
18.6653 	EXP 	window1: blendMode = 'avg'
18.6818 	EXP 	window1: blendMode = 'avg'
18.6989 	EXP 	window1: blendMode = 'avg'
18.7154 	EXP 	window1: blendMode = 'avg'
18.7320 	EXP 	window1: blendMode = 'avg'
18.7485 	EXP 	window1: blendMode = 'avg'
18.7657 	EXP 	window1: blendMode = 'avg'
18.7823 	EXP 	window1: blendMode = 'avg'
18.7989 	EXP 	window1: blendMode = 'avg'
18.8150 	EXP 	window1: blendMode = 'avg'
18.8322 	EXP 	window1: blendMode = 'avg'
18.8487 	EXP 	window1: blendMode = 'avg'
18.8653 	EXP 	window1: blendMode = 'avg'
18.8821 	EXP 	window1: blendMode = 'avg'
18.8987 	EXP 	window1: blendMode = 'avg'
18.9152 	EXP 	window1: blendMode = 'avg'
18.9320 	EXP 	window1: blendMode = 'avg'
18.9487 	EXP 	window1: blendMode = 'avg'
18.9653 	EXP 	window1: blendMode = 'avg'
18.9818 	EXP 	window1: blendMode = 'avg'
18.9989 	EXP 	window1: blendMode = 'avg'
19.0154 	EXP 	window1: blendMode = 'avg'
19.0320 	EXP 	window1: blendMode = 'avg'
19.0487 	EXP 	window1: blendMode = 'avg'
19.0653 	EXP 	window1: blendMode = 'avg'
19.0818 	EXP 	window1: blendMode = 'avg'
19.0989 	EXP 	window1: blendMode = 'avg'
19.1154 	EXP 	window1: blendMode = 'avg'
19.1320 	EXP 	window1: blendMode = 'avg'
19.1485 	EXP 	window1: blendMode = 'avg'
19.1653 	EXP 	window1: blendMode = 'avg'
19.1820 	EXP 	window1: blendMode = 'avg'
19.1988 	EXP 	window1: blendMode = 'avg'
19.2154 	EXP 	window1: blendMode = 'avg'
19.2319 	EXP 	window1: blendMode = 'avg'
19.2487 	EXP 	window1: blendMode = 'avg'
19.2653 	EXP 	window1: blendMode = 'avg'
19.2820 	EXP 	window1: blendMode = 'avg'
19.2986 	EXP 	window1: blendMode = 'avg'
19.3151 	EXP 	window1: blendMode = 'avg'
19.3323 	EXP 	window1: blendMode = 'avg'
19.3487 	EXP 	window1: blendMode = 'avg'
19.3654 	EXP 	window1: blendMode = 'avg'
19.3820 	EXP 	window1: blendMode = 'avg'
19.3987 	EXP 	window1: blendMode = 'avg'
19.4154 	EXP 	window1: blendMode = 'avg'
19.4320 	EXP 	window1: blendMode = 'avg'
19.4485 	EXP 	window1: blendMode = 'avg'
19.4656 	EXP 	window1: blendMode = 'avg'
19.4820 	EXP 	window1: blendMode = 'avg'
19.4987 	EXP 	window1: blendMode = 'avg'
19.5153 	EXP 	window1: blendMode = 'avg'
19.5320 	EXP 	window1: blendMode = 'avg'
19.5484 	EXP 	window1: blendMode = 'avg'
19.5655 	EXP 	window1: blendMode = 'avg'
19.5819 	EXP 	window1: blendMode = 'avg'
19.5987 	EXP 	window1: blendMode = 'avg'
19.6152 	EXP 	window1: blendMode = 'avg'
19.6320 	EXP 	window1: blendMode = 'avg'
19.6486 	EXP 	window1: blendMode = 'avg'
19.6653 	EXP 	window1: blendMode = 'avg'
19.6817 	EXP 	window1: blendMode = 'avg'
19.6989 	EXP 	window1: blendMode = 'avg'
19.7153 	EXP 	window1: blendMode = 'avg'
19.7320 	EXP 	window1: blendMode = 'avg'
19.7484 	EXP 	window1: blendMode = 'avg'
19.7656 	EXP 	window1: blendMode = 'avg'
19.7820 	EXP 	window1: blendMode = 'avg'
19.7986 	EXP 	window1: blendMode = 'avg'
19.8151 	EXP 	window1: blendMode = 'avg'
19.8323 	EXP 	window1: blendMode = 'avg'
19.8487 	EXP 	window1: blendMode = 'avg'
19.8653 	EXP 	window1: blendMode = 'avg'
19.8820 	EXP 	window1: blendMode = 'avg'
19.8987 	EXP 	window1: blendMode = 'avg'
19.9151 	EXP 	window1: blendMode = 'avg'
19.9323 	EXP 	window1: blendMode = 'avg'
19.9487 	EXP 	window1: blendMode = 'avg'
19.9653 	EXP 	window1: blendMode = 'avg'
19.9817 	EXP 	window1: blendMode = 'avg'
19.9988 	EXP 	window1: blendMode = 'avg'
20.0153 	EXP 	window1: blendMode = 'avg'
20.0319 	EXP 	window1: blendMode = 'avg'
20.0484 	EXP 	window1: blendMode = 'avg'
20.0655 	EXP 	window1: blendMode = 'avg'
20.0820 	EXP 	window1: blendMode = 'avg'
20.0986 	EXP 	window1: blendMode = 'avg'
20.1153 	EXP 	window1: blendMode = 'avg'
20.1320 	EXP 	window1: blendMode = 'avg'
20.1484 	EXP 	window1: blendMode = 'avg'
20.1655 	EXP 	window1: blendMode = 'avg'
20.1820 	EXP 	window1: blendMode = 'avg'
20.1983 	EXP 	window1: blendMode = 'avg'
20.2155 	EXP 	window1: blendMode = 'avg'
20.2320 	EXP 	window1: blendMode = 'avg'
20.2487 	EXP 	window1: blendMode = 'avg'
20.2653 	EXP 	window1: blendMode = 'avg'
20.2817 	EXP 	window1: blendMode = 'avg'
20.2989 	EXP 	window1: blendMode = 'avg'
20.3153 	EXP 	window1: blendMode = 'avg'
20.3320 	EXP 	window1: blendMode = 'avg'
20.3485 	EXP 	window1: blendMode = 'avg'
20.3656 	EXP 	window1: blendMode = 'avg'
20.3820 	EXP 	window1: blendMode = 'avg'
20.3987 	EXP 	window1: blendMode = 'avg'
20.4151 	EXP 	window1: blendMode = 'avg'
20.4322 	EXP 	window1: blendMode = 'avg'
20.4486 	EXP 	window1: blendMode = 'avg'
20.4653 	EXP 	window1: blendMode = 'avg'
20.4818 	EXP 	window1: blendMode = 'avg'
20.4989 	EXP 	window1: blendMode = 'avg'
20.5154 	EXP 	window1: blendMode = 'avg'
20.5320 	EXP 	window1: blendMode = 'avg'
20.5485 	EXP 	window1: blendMode = 'avg'
20.5656 	EXP 	window1: blendMode = 'avg'
20.5820 	EXP 	window1: blendMode = 'avg'
20.5987 	EXP 	window1: blendMode = 'avg'
20.6151 	EXP 	window1: blendMode = 'avg'
20.6322 	EXP 	window1: blendMode = 'avg'
20.6487 	EXP 	window1: blendMode = 'avg'
20.6653 	EXP 	window1: blendMode = 'avg'
20.6820 	EXP 	window1: blendMode = 'avg'
20.6987 	EXP 	window1: blendMode = 'avg'
20.7153 	EXP 	window1: blendMode = 'avg'
20.7319 	EXP 	window1: blendMode = 'avg'
20.7487 	EXP 	window1: blendMode = 'avg'
20.7653 	EXP 	window1: blendMode = 'avg'
20.7818 	EXP 	window1: blendMode = 'avg'
20.7986 	EXP 	window1: blendMode = 'avg'
20.8153 	EXP 	window1: blendMode = 'avg'
20.8320 	EXP 	window1: blendMode = 'avg'
20.8487 	EXP 	window1: blendMode = 'avg'
20.8653 	EXP 	window1: blendMode = 'avg'
20.8818 	EXP 	window1: blendMode = 'avg'
20.8986 	EXP 	window1: blendMode = 'avg'
20.9153 	EXP 	window1: blendMode = 'avg'
20.9320 	EXP 	window1: blendMode = 'avg'
20.9485 	EXP 	window1: blendMode = 'avg'
20.9653 	EXP 	window1: blendMode = 'avg'
20.9817 	EXP 	window1: blendMode = 'avg'
20.9988 	EXP 	window1: blendMode = 'avg'
21.0154 	EXP 	window1: blendMode = 'avg'
21.0320 	EXP 	window1: blendMode = 'avg'
21.0484 	EXP 	window1: blendMode = 'avg'
21.0656 	EXP 	window1: blendMode = 'avg'
21.0819 	EXP 	window1: blendMode = 'avg'
21.0989 	EXP 	window1: blendMode = 'avg'
21.1153 	EXP 	window1: blendMode = 'avg'
21.1320 	EXP 	window1: blendMode = 'avg'
21.1484 	EXP 	window1: blendMode = 'avg'
21.1656 	EXP 	window1: blendMode = 'avg'
21.1820 	EXP 	window1: blendMode = 'avg'
21.1987 	EXP 	window1: blendMode = 'avg'
21.2153 	EXP 	window1: blendMode = 'avg'
21.2319 	EXP 	window1: blendMode = 'avg'
21.2487 	EXP 	window1: blendMode = 'avg'
21.2653 	EXP 	window1: blendMode = 'avg'
21.2818 	EXP 	window1: blendMode = 'avg'
21.2987 	EXP 	window1: blendMode = 'avg'
21.3185 	EXP 	window1: blendMode = 'avg'
21.3315 	EXP 	window1: blendMode = 'avg'
21.3488 	EXP 	window1: blendMode = 'avg'
21.3653 	EXP 	window1: blendMode = 'avg'
21.3820 	EXP 	window1: blendMode = 'avg'
21.3986 	EXP 	window1: blendMode = 'avg'
21.4153 	EXP 	window1: blendMode = 'avg'
21.4320 	EXP 	window1: blendMode = 'avg'
21.4487 	EXP 	window1: blendMode = 'avg'
21.4653 	EXP 	window1: blendMode = 'avg'
21.4820 	EXP 	window1: blendMode = 'avg'
21.4987 	EXP 	window1: blendMode = 'avg'
21.5154 	EXP 	window1: blendMode = 'avg'
21.5320 	EXP 	window1: blendMode = 'avg'
21.5484 	EXP 	window1: blendMode = 'avg'
21.5654 	EXP 	window1: blendMode = 'avg'
21.5820 	EXP 	window1: blendMode = 'avg'
21.5986 	EXP 	window1: blendMode = 'avg'
21.6151 	EXP 	window1: blendMode = 'avg'
21.6322 	EXP 	window1: blendMode = 'avg'
21.6486 	EXP 	window1: blendMode = 'avg'
21.6652 	EXP 	window1: blendMode = 'avg'
21.6817 	EXP 	window1: blendMode = 'avg'
21.6988 	EXP 	window1: blendMode = 'avg'
21.7153 	EXP 	window1: blendMode = 'avg'
21.7319 	EXP 	window1: blendMode = 'avg'
21.7486 	EXP 	window1: blendMode = 'avg'
21.7653 	EXP 	window1: blendMode = 'avg'
21.7817 	EXP 	window1: blendMode = 'avg'
21.7988 	EXP 	window1: blendMode = 'avg'
21.8153 	EXP 	window1: blendMode = 'avg'
21.8320 	EXP 	window1: blendMode = 'avg'
21.8481 	EXP 	window1: blendMode = 'avg'
21.8655 	EXP 	window1: blendMode = 'avg'
21.8819 	EXP 	window1: blendMode = 'avg'
21.8986 	EXP 	window1: blendMode = 'avg'
21.9149 	EXP 	window1: blendMode = 'avg'
21.9321 	EXP 	window1: blendMode = 'avg'
21.9486 	EXP 	window1: blendMode = 'avg'
21.9653 	EXP 	window1: blendMode = 'avg'
21.9815 	EXP 	window1: blendMode = 'avg'
21.9988 	EXP 	window1: blendMode = 'avg'
22.0153 	EXP 	window1: blendMode = 'avg'
22.0320 	EXP 	window1: blendMode = 'avg'
22.0483 	EXP 	window1: blendMode = 'avg'
22.0655 	EXP 	window1: blendMode = 'avg'
22.0820 	EXP 	window1: blendMode = 'avg'
22.0981 	EXP 	window1: blendMode = 'avg'
22.1156 	EXP 	window1: blendMode = 'avg'
22.1319 	EXP 	window1: blendMode = 'avg'
22.1486 	EXP 	window1: blendMode = 'avg'
22.1653 	EXP 	window1: blendMode = 'avg'
22.1817 	EXP 	window1: blendMode = 'avg'
22.1988 	EXP 	window1: blendMode = 'avg'
22.2153 	EXP 	window1: blendMode = 'avg'
22.2319 	EXP 	window1: blendMode = 'avg'
22.2485 	EXP 	window1: blendMode = 'avg'
22.2656 	EXP 	window1: blendMode = 'avg'
22.2819 	EXP 	window1: blendMode = 'avg'
22.2986 	EXP 	window1: blendMode = 'avg'
22.3149 	EXP 	window1: blendMode = 'avg'
22.3322 	EXP 	window1: blendMode = 'avg'
22.3487 	EXP 	window1: blendMode = 'avg'
22.3653 	EXP 	window1: blendMode = 'avg'
22.3817 	EXP 	window1: blendMode = 'avg'
22.3989 	EXP 	window1: blendMode = 'avg'
22.4152 	EXP 	window1: blendMode = 'avg'
22.4319 	EXP 	window1: blendMode = 'avg'
22.4487 	EXP 	window1: blendMode = 'avg'
22.4653 	EXP 	window1: blendMode = 'avg'
22.4818 	EXP 	window1: blendMode = 'avg'
22.4986 	EXP 	window1: blendMode = 'avg'
22.5152 	EXP 	window1: blendMode = 'avg'
22.5319 	EXP 	window1: blendMode = 'avg'
22.5484 	EXP 	window1: blendMode = 'avg'
22.5655 	EXP 	window1: blendMode = 'avg'
22.5820 	EXP 	window1: blendMode = 'avg'
22.5986 	EXP 	window1: blendMode = 'avg'
22.6150 	EXP 	window1: blendMode = 'avg'
22.6321 	EXP 	window1: blendMode = 'avg'
22.6486 	EXP 	window1: blendMode = 'avg'
22.6653 	EXP 	window1: blendMode = 'avg'
22.6817 	EXP 	window1: blendMode = 'avg'
22.6989 	EXP 	window1: blendMode = 'avg'
22.7153 	EXP 	window1: blendMode = 'avg'
22.7310 	EXP 	window1: blendMode = 'avg'
22.7484 	EXP 	window1: blendMode = 'avg'
22.7655 	EXP 	window1: blendMode = 'avg'
22.7819 	EXP 	window1: blendMode = 'avg'
22.7986 	EXP 	window1: blendMode = 'avg'
22.8150 	EXP 	window1: blendMode = 'avg'
22.8322 	EXP 	window1: blendMode = 'avg'
22.8486 	EXP 	window1: blendMode = 'avg'
22.8653 	EXP 	window1: blendMode = 'avg'
22.8817 	EXP 	window1: blendMode = 'avg'
22.8989 	EXP 	window1: blendMode = 'avg'
22.9153 	EXP 	window1: blendMode = 'avg'
22.9319 	EXP 	window1: blendMode = 'avg'
22.9484 	EXP 	window1: blendMode = 'avg'
22.9655 	EXP 	window1: blendMode = 'avg'
22.9819 	EXP 	window1: blendMode = 'avg'
22.9987 	EXP 	window1: blendMode = 'avg'
23.0151 	EXP 	window1: blendMode = 'avg'
23.0322 	EXP 	window1: blendMode = 'avg'
23.0486 	EXP 	window1: blendMode = 'avg'
23.0653 	EXP 	window1: blendMode = 'avg'
23.0817 	EXP 	window1: blendMode = 'avg'
23.0987 	EXP 	window1: blendMode = 'avg'
23.1153 	EXP 	window1: blendMode = 'avg'
23.1319 	EXP 	window1: blendMode = 'avg'
23.1483 	EXP 	window1: blendMode = 'avg'
23.1655 	EXP 	window1: blendMode = 'avg'
23.1819 	EXP 	window1: blendMode = 'avg'
23.1986 	EXP 	window1: blendMode = 'avg'
23.2150 	EXP 	window1: blendMode = 'avg'
23.2321 	EXP 	window1: blendMode = 'avg'
23.2489 	EXP 	window1: blendMode = 'avg'
23.2653 	EXP 	window1: blendMode = 'avg'
23.2819 	EXP 	window1: blendMode = 'avg'
23.2986 	EXP 	window1: blendMode = 'avg'
23.3150 	EXP 	window1: blendMode = 'avg'
23.3317 	EXP 	window1: blendMode = 'avg'
23.3486 	EXP 	window1: blendMode = 'avg'
23.3652 	EXP 	window1: blendMode = 'avg'
23.3818 	EXP 	window1: blendMode = 'avg'
23.3989 	EXP 	window1: blendMode = 'avg'
23.4153 	EXP 	window1: blendMode = 'avg'
23.4319 	EXP 	window1: blendMode = 'avg'
23.4481 	EXP 	window1: blendMode = 'avg'
23.4655 	EXP 	window1: blendMode = 'avg'
23.4820 	EXP 	window1: blendMode = 'avg'
23.4986 	EXP 	window1: blendMode = 'avg'
23.5153 	EXP 	window1: blendMode = 'avg'
23.5320 	EXP 	window1: blendMode = 'avg'
23.5483 	EXP 	window1: blendMode = 'avg'
23.5654 	EXP 	window1: blendMode = 'avg'
23.5819 	EXP 	window1: blendMode = 'avg'
23.5986 	EXP 	window1: blendMode = 'avg'
23.6150 	EXP 	window1: blendMode = 'avg'
23.6311 	EXP 	window1: blendMode = 'avg'
23.6486 	EXP 	window1: blendMode = 'avg'
23.6653 	EXP 	window1: blendMode = 'avg'
23.6816 	EXP 	window1: blendMode = 'avg'
23.6981 	EXP 	window1: blendMode = 'avg'
23.7152 	EXP 	window1: blendMode = 'avg'
23.7319 	EXP 	window1: blendMode = 'avg'
23.7483 	EXP 	window1: blendMode = 'avg'
23.7654 	EXP 	window1: blendMode = 'avg'
23.7819 	EXP 	window1: blendMode = 'avg'
23.7986 	EXP 	window1: blendMode = 'avg'
23.8151 	EXP 	window1: blendMode = 'avg'
23.8319 	EXP 	window1: blendMode = 'avg'
23.8486 	EXP 	window1: blendMode = 'avg'
23.8653 	EXP 	window1: blendMode = 'avg'
23.8820 	EXP 	window1: blendMode = 'avg'
23.8986 	EXP 	window1: blendMode = 'avg'
23.9151 	EXP 	window1: blendMode = 'avg'
23.9312 	EXP 	window1: blendMode = 'avg'
23.9485 	EXP 	window1: blendMode = 'avg'
23.9653 	EXP 	window1: blendMode = 'avg'
23.9820 	EXP 	window1: blendMode = 'avg'
23.9985 	EXP 	window1: blendMode = 'avg'
24.0153 	EXP 	window1: blendMode = 'avg'
24.0319 	EXP 	window1: blendMode = 'avg'
24.0483 	EXP 	window1: blendMode = 'avg'
24.0655 	EXP 	window1: blendMode = 'avg'
24.0819 	EXP 	window1: blendMode = 'avg'
24.0986 	EXP 	window1: blendMode = 'avg'
24.1151 	EXP 	window1: blendMode = 'avg'
24.1322 	EXP 	window1: blendMode = 'avg'
24.1485 	EXP 	window1: blendMode = 'avg'
24.1652 	EXP 	window1: blendMode = 'avg'
24.1813 	EXP 	window1: blendMode = 'avg'
24.1989 	EXP 	window1: blendMode = 'avg'
24.2153 	EXP 	window1: blendMode = 'avg'
24.2319 	EXP 	window1: blendMode = 'avg'
24.2483 	EXP 	window1: blendMode = 'avg'
24.2655 	EXP 	window1: blendMode = 'avg'
24.2814 	EXP 	window1: blendMode = 'avg'
24.2988 	EXP 	window1: blendMode = 'avg'
24.3153 	EXP 	window1: blendMode = 'avg'
24.3319 	EXP 	window1: blendMode = 'avg'
24.3484 	EXP 	window1: blendMode = 'avg'
24.3655 	EXP 	window1: blendMode = 'avg'
24.3819 	EXP 	window1: blendMode = 'avg'
24.3986 	EXP 	window1: blendMode = 'avg'
24.4150 	EXP 	window1: blendMode = 'avg'
24.4320 	EXP 	window1: blendMode = 'avg'
24.4486 	EXP 	window1: blendMode = 'avg'
24.4650 	EXP 	window1: blendMode = 'avg'
24.4816 	EXP 	window1: blendMode = 'avg'
24.4982 	EXP 	window1: blendMode = 'avg'
24.5151 	EXP 	window1: blendMode = 'avg'
24.5320 	EXP 	window1: blendMode = 'avg'
24.5486 	EXP 	window1: blendMode = 'avg'
24.5652 	EXP 	window1: blendMode = 'avg'
24.5817 	EXP 	window1: blendMode = 'avg'
24.5976 	EXP 	window1: blendMode = 'avg'
24.6153 	EXP 	window1: blendMode = 'avg'
24.6320 	EXP 	window1: blendMode = 'avg'
24.6484 	EXP 	window1: blendMode = 'avg'
24.6655 	EXP 	window1: blendMode = 'avg'
24.6819 	EXP 	window1: blendMode = 'avg'
24.6986 	EXP 	window1: blendMode = 'avg'
24.7155 	EXP 	window1: blendMode = 'avg'
24.7322 	EXP 	window1: blendMode = 'avg'
24.7486 	EXP 	window1: blendMode = 'avg'
24.7652 	EXP 	window1: blendMode = 'avg'
24.7818 	EXP 	window1: blendMode = 'avg'
24.7986 	EXP 	window1: blendMode = 'avg'
24.8152 	EXP 	window1: blendMode = 'avg'
24.8319 	EXP 	window1: blendMode = 'avg'
24.8483 	EXP 	window1: blendMode = 'avg'
24.8655 	EXP 	window1: blendMode = 'avg'
24.8819 	EXP 	window1: blendMode = 'avg'
24.8985 	EXP 	window1: blendMode = 'avg'
24.9150 	EXP 	window1: blendMode = 'avg'
24.9321 	EXP 	window1: blendMode = 'avg'
24.9487 	EXP 	window1: blendMode = 'avg'
24.9652 	EXP 	window1: blendMode = 'avg'
24.9816 	EXP 	window1: blendMode = 'avg'
24.9988 	EXP 	window1: blendMode = 'avg'
25.0152 	EXP 	window1: blendMode = 'avg'
25.0319 	EXP 	window1: blendMode = 'avg'
25.0483 	EXP 	window1: blendMode = 'avg'
25.0654 	EXP 	window1: blendMode = 'avg'
25.0819 	EXP 	window1: blendMode = 'avg'
25.0986 	EXP 	window1: blendMode = 'avg'
25.1151 	EXP 	window1: blendMode = 'avg'
25.1322 	EXP 	window1: blendMode = 'avg'
25.1486 	EXP 	window1: blendMode = 'avg'
25.1652 	EXP 	window1: blendMode = 'avg'
25.1816 	EXP 	window1: blendMode = 'avg'
25.1988 	EXP 	window1: blendMode = 'avg'
25.2153 	EXP 	window1: blendMode = 'avg'
25.2319 	EXP 	window1: blendMode = 'avg'
25.2487 	EXP 	window1: blendMode = 'avg'
25.2652 	EXP 	window1: blendMode = 'avg'
25.2820 	EXP 	window1: blendMode = 'avg'
25.2986 	EXP 	window1: blendMode = 'avg'
25.3151 	EXP 	window1: blendMode = 'avg'
25.3322 	EXP 	window1: blendMode = 'avg'
25.3485 	EXP 	window1: blendMode = 'avg'
25.3652 	EXP 	window1: blendMode = 'avg'
25.3820 	EXP 	window1: blendMode = 'avg'
25.3985 	EXP 	window1: blendMode = 'avg'
25.4153 	EXP 	window1: blendMode = 'avg'
25.4319 	EXP 	window1: blendMode = 'avg'
25.4483 	EXP 	window1: blendMode = 'avg'
25.4654 	EXP 	window1: blendMode = 'avg'
25.4819 	EXP 	window1: blendMode = 'avg'
25.4985 	EXP 	window1: blendMode = 'avg'
25.5151 	EXP 	window1: blendMode = 'avg'
25.5319 	EXP 	window1: blendMode = 'avg'
25.5484 	EXP 	window1: blendMode = 'avg'
25.5655 	EXP 	window1: blendMode = 'avg'
25.5820 	EXP 	window1: blendMode = 'avg'
25.5985 	EXP 	window1: blendMode = 'avg'
25.6150 	EXP 	window1: blendMode = 'avg'
25.6321 	EXP 	window1: blendMode = 'avg'
25.6485 	EXP 	window1: blendMode = 'avg'
25.6652 	EXP 	window1: blendMode = 'avg'
25.6816 	EXP 	window1: blendMode = 'avg'
25.6987 	EXP 	window1: blendMode = 'avg'
25.7153 	EXP 	window1: blendMode = 'avg'
25.7319 	EXP 	window1: blendMode = 'avg'
25.7480 	EXP 	window1: blendMode = 'avg'
25.7655 	EXP 	window1: blendMode = 'avg'
25.7818 	EXP 	window1: blendMode = 'avg'
25.7986 	EXP 	window1: blendMode = 'avg'
25.8151 	EXP 	window1: blendMode = 'avg'
25.8319 	EXP 	window1: blendMode = 'avg'
25.8486 	EXP 	window1: blendMode = 'avg'
25.8653 	EXP 	window1: blendMode = 'avg'
25.8821 	EXP 	window1: blendMode = 'avg'
25.8985 	EXP 	window1: blendMode = 'avg'
25.9153 	EXP 	window1: blendMode = 'avg'
25.9319 	EXP 	window1: blendMode = 'avg'
25.9485 	EXP 	window1: blendMode = 'avg'
25.9652 	EXP 	window1: blendMode = 'avg'
25.9813 	EXP 	window1: blendMode = 'avg'
25.9987 	EXP 	window1: blendMode = 'avg'
26.0152 	EXP 	window1: blendMode = 'avg'
26.0319 	EXP 	window1: blendMode = 'avg'
26.0483 	EXP 	window1: blendMode = 'avg'
26.0654 	EXP 	window1: blendMode = 'avg'
26.0819 	EXP 	window1: blendMode = 'avg'
26.0983 	EXP 	window1: blendMode = 'avg'
26.1150 	EXP 	window1: blendMode = 'avg'
26.1321 	EXP 	window1: blendMode = 'avg'
26.1486 	EXP 	window1: blendMode = 'avg'
26.1652 	EXP 	window1: blendMode = 'avg'
26.1816 	EXP 	window1: blendMode = 'avg'
26.1987 	EXP 	window1: blendMode = 'avg'
26.2152 	EXP 	window1: blendMode = 'avg'
26.2319 	EXP 	window1: blendMode = 'avg'
26.2483 	EXP 	window1: blendMode = 'avg'
26.2654 	EXP 	window1: blendMode = 'avg'
26.2819 	EXP 	window1: blendMode = 'avg'
26.2985 	EXP 	window1: blendMode = 'avg'
26.3150 	EXP 	window1: blendMode = 'avg'
26.3321 	EXP 	window1: blendMode = 'avg'
26.3485 	EXP 	window1: blendMode = 'avg'
26.3646 	EXP 	window1: blendMode = 'avg'
26.3822 	EXP 	window1: blendMode = 'avg'
26.3986 	EXP 	window1: blendMode = 'avg'
26.4152 	EXP 	window1: blendMode = 'avg'
26.4319 	EXP 	window1: blendMode = 'avg'
26.4483 	EXP 	window1: blendMode = 'avg'
26.4649 	EXP 	window1: blendMode = 'avg'
26.4820 	EXP 	window1: blendMode = 'avg'
26.4985 	EXP 	window1: blendMode = 'avg'
26.5151 	EXP 	window1: blendMode = 'avg'
26.5318 	EXP 	window1: blendMode = 'avg'
26.5485 	EXP 	window1: blendMode = 'avg'
26.5652 	EXP 	window1: blendMode = 'avg'
26.5819 	EXP 	window1: blendMode = 'avg'
26.5986 	EXP 	window1: blendMode = 'avg'
26.6153 	EXP 	window1: blendMode = 'avg'
26.6319 	EXP 	window1: blendMode = 'avg'
26.6483 	EXP 	window1: blendMode = 'avg'
26.6654 	EXP 	window1: blendMode = 'avg'
26.6819 	EXP 	window1: blendMode = 'avg'
26.6985 	EXP 	window1: blendMode = 'avg'
26.7152 	EXP 	window1: blendMode = 'avg'
26.7319 	EXP 	window1: blendMode = 'avg'
26.7520 	DATA 	Keypress: space
26.7622 	EXP 	Imported Book.xlsx as conditions, 44 conditions, 7 params
26.7628 	EXP 	Created sequence: random, trialTypes=44, nReps=1, seed=None
26.7632 	EXP 	New trial (rep=0, index=0): {'YLeftPos': 0, 'time_presentation': 0.5, 'XLeftPos': -300, 'XRightPos': 300, 'rightimg': u'frogs/ab54.jpg', 'YRightPos': 0, 'leftimg': u'frogs/ab14.jpg'}
26.8469 	EXP 	text_2: autoDraw = False
26.8469 	EXP 	Leftimg: pos = array([-300.,    0.])
26.8469 	EXP 	Leftimg: image = u'frogs/ab14.jpg'
26.8469 	EXP 	Rightimg: pos = array([ 300.,    0.])
26.8469 	EXP 	Rightimg: image = u'frogs/ab54.jpg'
26.8469 	EXP 	Leftimg: autoDraw = True
26.8469 	EXP 	Rightimg: autoDraw = True
27.2809 	EXP 	Leftimg: autoDraw = False
27.2809 	EXP 	Rightimg: autoDraw = False
28.5335 	DATA 	Keypress: left
28.5349 	EXP 	New trial (rep=0, index=1): {'YLeftPos': 0, 'time_presentation': 0.5, 'XLeftPos': -300, 'XRightPos': 300, 'rightimg': u'frogs/ab75.jpg', 'YRightPos': 0, 'leftimg': u'frogs/ab35.jpg'}
28.5642 	EXP 	Leftimg: autoDraw = False
28.5642 	EXP 	Rightimg: autoDraw = False
28.5642 	EXP 	text: autoDraw = False
28.5642 	EXP 	Leftimg: pos = array([-300.,    0.])
28.5642 	EXP 	Leftimg: image = u'frogs/ab35.jpg'
28.5642 	EXP 	Rightimg: pos = array([ 300.,    0.])
28.5642 	EXP 	Rightimg: image = u'frogs/ab75.jpg'
28.5642 	EXP 	Leftimg: autoDraw = True
28.5642 	EXP 	Rightimg: autoDraw = True
29.0476 	EXP 	Leftimg: autoDraw = False
29.0476 	EXP 	Rightimg: autoDraw = False
29.5662 	DATA 	Keypress: left
29.5674 	EXP 	New trial (rep=0, index=2): {'YLeftPos': 0, 'time_presentation': 0.5, 'XLeftPos': -300, 'XRightPos': 300, 'rightimg': u'frogs/ab78.jpg', 'YRightPos': 0, 'leftimg': u'frogs/ab38.jpg'}
29.5966 	EXP 	Leftimg: autoDraw = False
29.5966 	EXP 	Rightimg: autoDraw = False
29.5966 	EXP 	text: autoDraw = False
29.5966 	EXP 	Leftimg: pos = array([-300.,    0.])
29.5966 	EXP 	Leftimg: image = u'frogs/ab38.jpg'
29.5966 	EXP 	Rightimg: pos = array([ 300.,    0.])
29.5966 	EXP 	Rightimg: image = u'frogs/ab78.jpg'
29.5966 	EXP 	Leftimg: autoDraw = True
29.5966 	EXP 	Rightimg: autoDraw = True
30.0812 	EXP 	Leftimg: autoDraw = False
30.0812 	EXP 	Rightimg: autoDraw = False
30.5324 	DATA 	Keypress: right
30.5335 	EXP 	New trial (rep=0, index=3): {'YLeftPos': 0, 'time_presentation': 0.5, 'XLeftPos': -300, 'XRightPos': 300, 'rightimg': u'frogs/ab48.jpg', 'YRightPos': 0, 'leftimg': u'frogs/ab8.jpg'}
30.5972 	EXP 	Leftimg: autoDraw = False
30.5972 	EXP 	Rightimg: autoDraw = False
30.5972 	EXP 	text: autoDraw = False
30.5972 	EXP 	Leftimg: pos = array([-300.,    0.])
30.5972 	EXP 	Leftimg: image = u'frogs/ab8.jpg'
30.5972 	EXP 	Rightimg: pos = array([ 300.,    0.])
30.5972 	EXP 	Rightimg: image = u'frogs/ab48.jpg'
30.5972 	EXP 	Leftimg: autoDraw = True
30.5972 	EXP 	Rightimg: autoDraw = True
31.0477 	EXP 	Leftimg: autoDraw = False
31.0477 	EXP 	Rightimg: autoDraw = False
31.5489 	DATA 	Keypress: right
31.5504 	EXP 	New trial (rep=0, index=4): {'YLeftPos': 0, 'time_presentation': 0.5, 'XLeftPos': -300, 'XRightPos': 300, 'rightimg': u'frogs/ab55.jpg', 'YRightPos': 0, 'leftimg': u'frogs/ab15.jpg'}
31.6478 	EXP 	Leftimg: autoDraw = False
31.6478 	EXP 	Rightimg: autoDraw = False
31.6478 	EXP 	text: autoDraw = False
31.6478 	EXP 	Leftimg: pos = array([-300.,    0.])
31.6478 	EXP 	Leftimg: image = u'frogs/ab15.jpg'
31.6478 	EXP 	Rightimg: pos = array([ 300.,    0.])
31.6478 	EXP 	Rightimg: image = u'frogs/ab55.jpg'
31.6478 	EXP 	Leftimg: autoDraw = True
31.6478 	EXP 	Rightimg: autoDraw = True
32.0644 	EXP 	Leftimg: autoDraw = False
32.0644 	EXP 	Rightimg: autoDraw = False
32.5827 	DATA 	Keypress: right
32.5839 	EXP 	New trial (rep=0, index=5): {'YLeftPos': 0, 'time_presentation': 0.5, 'XLeftPos': -300, 'XRightPos': 300, 'rightimg': u'1.jpg', 'YRightPos': 0, 'leftimg': u'3.jpg'}
32.6304 	EXP 	Leftimg: autoDraw = False
32.6304 	EXP 	Rightimg: autoDraw = False
32.6304 	EXP 	text: autoDraw = False
32.6304 	EXP 	Leftimg: pos = array([-300.,    0.])
32.6304 	EXP 	Leftimg: image = u'3.jpg'
32.6304 	EXP 	Rightimg: pos = array([ 300.,    0.])
32.6304 	EXP 	Rightimg: image = u'1.jpg'
32.6304 	EXP 	Leftimg: autoDraw = True
32.6304 	EXP 	Rightimg: autoDraw = True
33.0977 	EXP 	Leftimg: autoDraw = False
33.0977 	EXP 	Rightimg: autoDraw = False
33.5831 	DATA 	Keypress: left
33.5843 	EXP 	New trial (rep=0, index=6): {'YLeftPos': 0, 'time_presentation': 0.5, 'XLeftPos': -300, 'XRightPos': 300, 'rightimg': u'frogs/ab68.jpg', 'YRightPos': 0, 'leftimg': u'frogs/ab28.jpg'}
33.6141 	EXP 	Leftimg: autoDraw = False
33.6141 	EXP 	Rightimg: autoDraw = False
33.6141 	EXP 	text: autoDraw = False
33.6141 	EXP 	Leftimg: pos = array([-300.,    0.])
33.6141 	EXP 	Leftimg: image = u'frogs/ab28.jpg'
33.6141 	EXP 	Rightimg: pos = array([ 300.,    0.])
33.6141 	EXP 	Rightimg: image = u'frogs/ab68.jpg'
33.6141 	EXP 	Leftimg: autoDraw = True
33.6141 	EXP 	Rightimg: autoDraw = True
34.0977 	EXP 	Leftimg: autoDraw = False
34.0977 	EXP 	Rightimg: autoDraw = False
34.6675 	DATA 	Keypress: right
34.6821 	EXP 	New trial (rep=0, index=7): {'YLeftPos': 0, 'time_presentation': 0.5, 'XLeftPos': -300, 'XRightPos': 300, 'rightimg': u'frogs/ab50.jpg', 'YRightPos': 0, 'leftimg': u'frogs/ab10.jpg'}
34.7308 	EXP 	Leftimg: autoDraw = False
34.7308 	EXP 	Rightimg: autoDraw = False
34.7308 	EXP 	text: autoDraw = False
34.7308 	EXP 	Leftimg: pos = array([-300.,    0.])
34.7308 	EXP 	Leftimg: image = u'frogs/ab10.jpg'
34.7308 	EXP 	Rightimg: pos = array([ 300.,    0.])
34.7308 	EXP 	Rightimg: image = u'frogs/ab50.jpg'
34.7308 	EXP 	Leftimg: autoDraw = True
34.7308 	EXP 	Rightimg: autoDraw = True
35.1978 	EXP 	Leftimg: autoDraw = False
35.1978 	EXP 	Rightimg: autoDraw = False
35.6660 	DATA 	Keypress: right
35.6674 	EXP 	New trial (rep=0, index=8): {'YLeftPos': 0, 'time_presentation': 0.5, 'XLeftPos': -300, 'XRightPos': 300, 'rightimg': u'frogs/ab41.jpg', 'YRightPos': 0, 'leftimg': u'frogs/ab1.jpg'}
35.6973 	EXP 	Leftimg: autoDraw = False
35.6973 	EXP 	Rightimg: autoDraw = False
35.6973 	EXP 	text: autoDraw = False
35.6973 	EXP 	Leftimg: pos = array([-300.,    0.])
35.6973 	EXP 	Leftimg: image = u'frogs/ab1.jpg'
35.6973 	EXP 	Rightimg: pos = array([ 300.,    0.])
35.6973 	EXP 	Rightimg: image = u'frogs/ab41.jpg'
35.6973 	EXP 	Leftimg: autoDraw = True
35.6973 	EXP 	Rightimg: autoDraw = True
36.1800 	EXP 	Leftimg: autoDraw = False
36.1800 	EXP 	Rightimg: autoDraw = False
36.6816 	DATA 	Keypress: right
36.6828 	EXP 	New trial (rep=0, index=9): {'YLeftPos': 0, 'time_presentation': 0.5, 'XLeftPos': -300, 'XRightPos': 300, 'rightimg': u'frogs/ab67.jpg', 'YRightPos': 0, 'leftimg': u'frogs/ab27.jpg'}
36.7301 	EXP 	Leftimg: autoDraw = False
36.7301 	EXP 	Rightimg: autoDraw = False
36.7301 	EXP 	text: autoDraw = False
36.7301 	EXP 	Leftimg: pos = array([-300.,    0.])
36.7301 	EXP 	Leftimg: image = u'frogs/ab27.jpg'
36.7301 	EXP 	Rightimg: pos = array([ 300.,    0.])
36.7301 	EXP 	Rightimg: image = u'frogs/ab67.jpg'
36.7301 	EXP 	Leftimg: autoDraw = True
36.7301 	EXP 	Rightimg: autoDraw = True
37.1973 	EXP 	Leftimg: autoDraw = False
37.1973 	EXP 	Rightimg: autoDraw = False
37.6325 	DATA 	Keypress: left
37.6336 	EXP 	New trial (rep=0, index=10): {'YLeftPos': 0, 'time_presentation': 0.5, 'XLeftPos': -300, 'XRightPos': 300, 'rightimg': u'frogs/ab59.jpg', 'YRightPos': 0, 'leftimg': u'frogs/ab19.jpg'}
37.6802 	EXP 	Leftimg: autoDraw = False
37.6802 	EXP 	Rightimg: autoDraw = False
37.6802 	EXP 	text: autoDraw = False
37.6802 	EXP 	Leftimg: pos = array([-300.,    0.])
37.6802 	EXP 	Leftimg: image = u'frogs/ab19.jpg'
37.6802 	EXP 	Rightimg: pos = array([ 300.,    0.])
37.6802 	EXP 	Rightimg: image = u'frogs/ab59.jpg'
37.6802 	EXP 	Leftimg: autoDraw = True
37.6802 	EXP 	Rightimg: autoDraw = True
38.1473 	EXP 	Leftimg: autoDraw = False
38.1473 	EXP 	Rightimg: autoDraw = False
38.7320 	DATA 	Keypress: left
38.7329 	EXP 	New trial (rep=0, index=11): {'YLeftPos': 0, 'time_presentation': 0.5, 'XLeftPos': -300, 'XRightPos': 300, 'rightimg': u'frogs/ab61.jpg', 'YRightPos': 0, 'leftimg': u'frogs/ab21.jpg'}
38.7635 	EXP 	Leftimg: autoDraw = False
38.7635 	EXP 	Rightimg: autoDraw = False
38.7635 	EXP 	text: autoDraw = False
38.7635 	EXP 	Leftimg: pos = array([-300.,    0.])
38.7635 	EXP 	Leftimg: image = u'frogs/ab21.jpg'
38.7635 	EXP 	Rightimg: pos = array([ 300.,    0.])
38.7635 	EXP 	Rightimg: image = u'frogs/ab61.jpg'
38.7635 	EXP 	Leftimg: autoDraw = True
38.7635 	EXP 	Rightimg: autoDraw = True
39.2477 	EXP 	Leftimg: autoDraw = False
39.2477 	EXP 	Rightimg: autoDraw = False
39.6647 	DATA 	Keypress: right
39.6658 	EXP 	New trial (rep=0, index=12): {'YLeftPos': 0, 'time_presentation': 0.5, 'XLeftPos': -300, 'XRightPos': 300, 'rightimg': u'frogs/ab47.jpg', 'YRightPos': 0, 'leftimg': u'frogs/ab7.jpg'}
40.0313 	EXP 	Leftimg: autoDraw = False
40.0313 	EXP 	Rightimg: autoDraw = False
40.0313 	EXP 	text: autoDraw = False
40.0313 	EXP 	Leftimg: pos = array([-300.,    0.])
40.0313 	EXP 	Leftimg: image = u'frogs/ab7.jpg'
40.0313 	EXP 	Rightimg: pos = array([ 300.,    0.])
40.0313 	EXP 	Rightimg: image = u'frogs/ab47.jpg'
40.0313 	EXP 	Leftimg: autoDraw = True
40.0313 	EXP 	Rightimg: autoDraw = True
40.1810 	EXP 	Leftimg: autoDraw = False
40.1810 	EXP 	Rightimg: autoDraw = False
40.7820 	DATA 	Keypress: left
40.7830 	EXP 	New trial (rep=0, index=13): {'YLeftPos': 0, 'time_presentation': 0.5, 'XLeftPos': -300, 'XRightPos': 300, 'rightimg': u'frogs/ab57.jpg', 'YRightPos': 0, 'leftimg': u'frogs/ab17.jpg'}
40.8968 	EXP 	Leftimg: autoDraw = False
40.8968 	EXP 	Rightimg: autoDraw = False
40.8968 	EXP 	text: autoDraw = False
40.8968 	EXP 	Leftimg: pos = array([-300.,    0.])
40.8968 	EXP 	Leftimg: image = u'frogs/ab17.jpg'
40.8968 	EXP 	Rightimg: pos = array([ 300.,    0.])
40.8968 	EXP 	Rightimg: image = u'frogs/ab57.jpg'
40.8968 	EXP 	Leftimg: autoDraw = True
40.8968 	EXP 	Rightimg: autoDraw = True
41.2973 	EXP 	Leftimg: autoDraw = False
41.2973 	EXP 	Rightimg: autoDraw = False
41.7494 	DATA 	Keypress: right
41.7503 	EXP 	New trial (rep=0, index=14): {'YLeftPos': 0, 'time_presentation': 0.5, 'XLeftPos': -300, 'XRightPos': 300, 'rightimg': u'frogs/ab64.jpg', 'YRightPos': 0, 'leftimg': u'frogs/ab24.jpg'}
41.7805 	EXP 	Leftimg: autoDraw = False
41.7805 	EXP 	Rightimg: autoDraw = False
41.7805 	EXP 	text: autoDraw = False
41.7805 	EXP 	Leftimg: pos = array([-300.,    0.])
41.7805 	EXP 	Leftimg: image = u'frogs/ab24.jpg'
41.7805 	EXP 	Rightimg: pos = array([ 300.,    0.])
41.7805 	EXP 	Rightimg: image = u'frogs/ab64.jpg'
41.7805 	EXP 	Leftimg: autoDraw = True
41.7805 	EXP 	Rightimg: autoDraw = True
42.2644 	EXP 	Leftimg: autoDraw = False
42.2644 	EXP 	Rightimg: autoDraw = False
42.7323 	DATA 	Keypress: left
42.7333 	EXP 	New trial (rep=0, index=15): {'YLeftPos': 0, 'time_presentation': 0.5, 'XLeftPos': -300, 'XRightPos': 300, 'rightimg': u'frogs/ab42.jpg', 'YRightPos': 0, 'leftimg': u'frogs/ab2.jpg'}
43.0470 	EXP 	Leftimg: autoDraw = False
43.0470 	EXP 	Rightimg: autoDraw = False
43.0470 	EXP 	text: autoDraw = False
43.0470 	EXP 	Leftimg: pos = array([-300.,    0.])
43.0470 	EXP 	Leftimg: image = u'frogs/ab2.jpg'
43.0470 	EXP 	Rightimg: pos = array([ 300.,    0.])
43.0470 	EXP 	Rightimg: image = u'frogs/ab42.jpg'
43.0470 	EXP 	Leftimg: autoDraw = True
43.0470 	EXP 	Rightimg: autoDraw = True
43.2474 	EXP 	Leftimg: autoDraw = False
43.2474 	EXP 	Rightimg: autoDraw = False
43.6659 	DATA 	Keypress: right
43.6670 	EXP 	New trial (rep=0, index=16): {'YLeftPos': 0, 'time_presentation': 0.5, 'XLeftPos': -300, 'XRightPos': 300, 'rightimg': u'frogs/ab49.jpg', 'YRightPos': 0, 'leftimg': u'frogs/ab9.jpg'}
43.8646 	EXP 	Leftimg: autoDraw = False
43.8646 	EXP 	Rightimg: autoDraw = False
43.8646 	EXP 	text: autoDraw = False
43.8646 	EXP 	Leftimg: pos = array([-300.,    0.])
43.8646 	EXP 	Leftimg: image = u'frogs/ab9.jpg'
43.8646 	EXP 	Rightimg: pos = array([ 300.,    0.])
43.8646 	EXP 	Rightimg: image = u'frogs/ab49.jpg'
43.8646 	EXP 	Leftimg: autoDraw = True
43.8646 	EXP 	Rightimg: autoDraw = True
44.1808 	EXP 	Leftimg: autoDraw = False
44.1808 	EXP 	Rightimg: autoDraw = False
44.6483 	DATA 	Keypress: left
44.6492 	EXP 	New trial (rep=0, index=17): {'YLeftPos': 0, 'time_presentation': 0.5, 'XLeftPos': -300, 'XRightPos': 300, 'rightimg': u'4.jpg', 'YRightPos': 0, 'leftimg': u'2.jpg'}
44.6968 	EXP 	Leftimg: autoDraw = False
44.6968 	EXP 	Rightimg: autoDraw = False
44.6968 	EXP 	text: autoDraw = False
44.6968 	EXP 	Leftimg: pos = array([-300.,    0.])
44.6968 	EXP 	Leftimg: image = u'2.jpg'
44.6968 	EXP 	Rightimg: pos = array([ 300.,    0.])
44.6968 	EXP 	Rightimg: image = u'4.jpg'
44.6968 	EXP 	Leftimg: autoDraw = True
44.6968 	EXP 	Rightimg: autoDraw = True
45.1643 	EXP 	Leftimg: autoDraw = False
45.1643 	EXP 	Rightimg: autoDraw = False
45.6158 	DATA 	Keypress: right
45.6169 	EXP 	New trial (rep=0, index=18): {'YLeftPos': 0, 'time_presentation': 0.5, 'XLeftPos': -300, 'XRightPos': 300, 'rightimg': u'frogs/ab76.jpg', 'YRightPos': 0, 'leftimg': u'frogs/ab36.jpg'}
45.6643 	EXP 	Leftimg: autoDraw = False
45.6643 	EXP 	Rightimg: autoDraw = False
45.6643 	EXP 	text: autoDraw = False
45.6643 	EXP 	Leftimg: pos = array([-300.,    0.])
45.6643 	EXP 	Leftimg: image = u'frogs/ab36.jpg'
45.6643 	EXP 	Rightimg: pos = array([ 300.,    0.])
45.6643 	EXP 	Rightimg: image = u'frogs/ab76.jpg'
45.6643 	EXP 	Leftimg: autoDraw = True
45.6643 	EXP 	Rightimg: autoDraw = True
46.1309 	EXP 	Leftimg: autoDraw = False
46.1309 	EXP 	Rightimg: autoDraw = False
46.5666 	DATA 	Keypress: left
46.5678 	EXP 	New trial (rep=0, index=19): {'YLeftPos': 0, 'time_presentation': 0.5, 'XLeftPos': -300, 'XRightPos': 300, 'rightimg': u'frogs/ab53.jpg', 'YRightPos': 0, 'leftimg': u'frogs/ab13.jpg'}
46.5976 	EXP 	Leftimg: autoDraw = False
46.5976 	EXP 	Rightimg: autoDraw = False
46.5976 	EXP 	text: autoDraw = False
46.5976 	EXP 	Leftimg: pos = array([-300.,    0.])
46.5976 	EXP 	Leftimg: image = u'frogs/ab13.jpg'
46.5976 	EXP 	Rightimg: pos = array([ 300.,    0.])
46.5976 	EXP 	Rightimg: image = u'frogs/ab53.jpg'
46.5976 	EXP 	Leftimg: autoDraw = True
46.5976 	EXP 	Rightimg: autoDraw = True
47.0802 	EXP 	Leftimg: autoDraw = False
47.0802 	EXP 	Rightimg: autoDraw = False
47.4984 	DATA 	Keypress: right
47.4995 	EXP 	New trial (rep=0, index=20): {'YLeftPos': 0, 'time_presentation': 0.5, 'XLeftPos': -300, 'XRightPos': 300, 'rightimg': u'2.jpg', 'YRightPos': 0, 'leftimg': u'4.jpg'}
47.5297 	EXP 	Leftimg: autoDraw = False
47.5297 	EXP 	Rightimg: autoDraw = False
47.5297 	EXP 	text: autoDraw = False
47.5297 	EXP 	Leftimg: pos = array([-300.,    0.])
47.5297 	EXP 	Leftimg: image = u'4.jpg'
47.5297 	EXP 	Rightimg: pos = array([ 300.,    0.])
47.5297 	EXP 	Rightimg: image = u'2.jpg'
47.5297 	EXP 	Leftimg: autoDraw = True
47.5297 	EXP 	Rightimg: autoDraw = True
48.0141 	EXP 	Leftimg: autoDraw = False
48.0141 	EXP 	Rightimg: autoDraw = False
48.4826 	DATA 	Keypress: right
48.4838 	EXP 	New trial (rep=0, index=21): {'YLeftPos': 0, 'time_presentation': 0.5, 'XLeftPos': -300, 'XRightPos': 300, 'rightimg': u'frogs/ab46.jpg', 'YRightPos': 0, 'leftimg': u'frogs/ab6.jpg'}
48.5641 	EXP 	Leftimg: autoDraw = False
48.5641 	EXP 	Rightimg: autoDraw = False
48.5641 	EXP 	text: autoDraw = False
48.5641 	EXP 	Leftimg: pos = array([-300.,    0.])
48.5641 	EXP 	Leftimg: image = u'frogs/ab6.jpg'
48.5641 	EXP 	Rightimg: pos = array([ 300.,    0.])
48.5641 	EXP 	Rightimg: image = u'frogs/ab46.jpg'
48.5641 	EXP 	Leftimg: autoDraw = True
48.5641 	EXP 	Rightimg: autoDraw = True
48.9975 	EXP 	Leftimg: autoDraw = False
48.9975 	EXP 	Rightimg: autoDraw = False
49.4657 	DATA 	Keypress: left
49.4668 	EXP 	New trial (rep=0, index=22): {'YLeftPos': 0, 'time_presentation': 0.5, 'XLeftPos': -300, 'XRightPos': 300, 'rightimg': u'frogs/ab77.jpg', 'YRightPos': 0, 'leftimg': u'frogs/ab37.jpg'}
49.5136 	EXP 	Leftimg: autoDraw = False
49.5136 	EXP 	Rightimg: autoDraw = False
49.5136 	EXP 	text: autoDraw = False
49.5136 	EXP 	Leftimg: pos = array([-300.,    0.])
49.5136 	EXP 	Leftimg: image = u'frogs/ab37.jpg'
49.5136 	EXP 	Rightimg: pos = array([ 300.,    0.])
49.5136 	EXP 	Rightimg: image = u'frogs/ab77.jpg'
49.5136 	EXP 	Leftimg: autoDraw = True
49.5136 	EXP 	Rightimg: autoDraw = True
49.9807 	EXP 	Leftimg: autoDraw = False
49.9807 	EXP 	Rightimg: autoDraw = False
50.2652 	DATA 	Keypress: right
50.2664 	EXP 	New trial (rep=0, index=23): {'YLeftPos': 0, 'time_presentation': 0.5, 'XLeftPos': -300, 'XRightPos': 300, 'rightimg': u'frogs/ab62.jpg', 'YRightPos': 0, 'leftimg': u'frogs/ab22.jpg'}
50.4472 	EXP 	Leftimg: autoDraw = False
50.4472 	EXP 	Rightimg: autoDraw = False
50.4472 	EXP 	text: autoDraw = False
50.4472 	EXP 	Leftimg: pos = array([-300.,    0.])
50.4472 	EXP 	Leftimg: image = u'frogs/ab22.jpg'
50.4472 	EXP 	Rightimg: pos = array([ 300.,    0.])
50.4472 	EXP 	Rightimg: image = u'frogs/ab62.jpg'
50.4472 	EXP 	Leftimg: autoDraw = True
50.4472 	EXP 	Rightimg: autoDraw = True
50.7807 	EXP 	Leftimg: autoDraw = False
50.7807 	EXP 	Rightimg: autoDraw = False
50.9657 	DATA 	Keypress: right
50.9669 	EXP 	New trial (rep=0, index=24): {'YLeftPos': 0, 'time_presentation': 0.5, 'XLeftPos': -300, 'XRightPos': 300, 'rightimg': u'frogs/ab52.jpg', 'YRightPos': 0, 'leftimg': u'frogs/ab12.jpg'}
50.9971 	EXP 	Leftimg: autoDraw = False
50.9971 	EXP 	Rightimg: autoDraw = False
50.9971 	EXP 	text: autoDraw = False
50.9971 	EXP 	Leftimg: pos = array([-300.,    0.])
50.9971 	EXP 	Leftimg: image = u'frogs/ab12.jpg'
50.9971 	EXP 	Rightimg: pos = array([ 300.,    0.])
50.9971 	EXP 	Rightimg: image = u'frogs/ab52.jpg'
50.9971 	EXP 	Leftimg: autoDraw = True
50.9971 	EXP 	Rightimg: autoDraw = True
51.4808 	EXP 	Leftimg: autoDraw = False
51.4808 	EXP 	Rightimg: autoDraw = False
52.3153 	DATA 	Keypress: left
52.3165 	EXP 	New trial (rep=0, index=25): {'YLeftPos': 0, 'time_presentation': 0.5, 'XLeftPos': -300, 'XRightPos': 300, 'rightimg': u'frogs/ab80.jpg', 'YRightPos': 0, 'leftimg': u'frogs/ab40.jpg'}
52.3472 	EXP 	Leftimg: autoDraw = False
52.3472 	EXP 	Rightimg: autoDraw = False
52.3472 	EXP 	text: autoDraw = False
52.3472 	EXP 	Leftimg: pos = array([-300.,    0.])
52.3472 	EXP 	Leftimg: image = u'frogs/ab40.jpg'
52.3472 	EXP 	Rightimg: pos = array([ 300.,    0.])
52.3472 	EXP 	Rightimg: image = u'frogs/ab80.jpg'
52.3472 	EXP 	Leftimg: autoDraw = True
52.3472 	EXP 	Rightimg: autoDraw = True
52.8308 	EXP 	Leftimg: autoDraw = False
52.8308 	EXP 	Rightimg: autoDraw = False
53.8485 	DATA 	Keypress: right
53.8496 	EXP 	New trial (rep=0, index=26): {'YLeftPos': 0, 'time_presentation': 0.5, 'XLeftPos': -300, 'XRightPos': 300, 'rightimg': u'frogs/ab66.jpg', 'YRightPos': 0, 'leftimg': u'frogs/ab26.jpg'}
53.8639 	EXP 	Leftimg: autoDraw = False
53.8639 	EXP 	Rightimg: autoDraw = False
53.8639 	EXP 	text: autoDraw = False
53.8639 	EXP 	Leftimg: pos = array([-300.,    0.])
53.8639 	EXP 	Leftimg: image = u'frogs/ab26.jpg'
53.8639 	EXP 	Rightimg: pos = array([ 300.,    0.])
53.8639 	EXP 	Rightimg: image = u'frogs/ab66.jpg'
53.8639 	EXP 	Leftimg: autoDraw = True
53.8639 	EXP 	Rightimg: autoDraw = True
54.3640 	EXP 	Leftimg: autoDraw = False
54.3640 	EXP 	Rightimg: autoDraw = False
55.7993 	DATA 	Keypress: left
55.8004 	EXP 	New trial (rep=0, index=27): {'YLeftPos': 0, 'time_presentation': 0.5, 'XLeftPos': -300, 'XRightPos': 300, 'rightimg': u'frogs/ab65.jpg', 'YRightPos': 0, 'leftimg': u'frogs/ab25.jpg'}
55.8638 	EXP 	Leftimg: autoDraw = False
55.8638 	EXP 	Rightimg: autoDraw = False
55.8638 	EXP 	text: autoDraw = False
55.8638 	EXP 	Leftimg: pos = array([-300.,    0.])
55.8638 	EXP 	Leftimg: image = u'frogs/ab25.jpg'
55.8638 	EXP 	Rightimg: pos = array([ 300.,    0.])
55.8638 	EXP 	Rightimg: image = u'frogs/ab65.jpg'
55.8638 	EXP 	Leftimg: autoDraw = True
55.8638 	EXP 	Rightimg: autoDraw = True
56.3139 	EXP 	Leftimg: autoDraw = False
56.3139 	EXP 	Rightimg: autoDraw = False
57.3324 	DATA 	Keypress: left
57.3335 	EXP 	New trial (rep=0, index=28): {'YLeftPos': 0, 'time_presentation': 0.5, 'XLeftPos': -300, 'XRightPos': 300, 'rightimg': u'frogs/ab51.jpg', 'YRightPos': 0, 'leftimg': u'frogs/ab11.jpg'}
57.3974 	EXP 	Leftimg: autoDraw = False
57.3974 	EXP 	Rightimg: autoDraw = False
57.3974 	EXP 	text: autoDraw = False
57.3974 	EXP 	Leftimg: pos = array([-300.,    0.])
57.3974 	EXP 	Leftimg: image = u'frogs/ab11.jpg'
57.3974 	EXP 	Rightimg: pos = array([ 300.,    0.])
57.3974 	EXP 	Rightimg: image = u'frogs/ab51.jpg'
57.3974 	EXP 	Leftimg: autoDraw = True
57.3974 	EXP 	Rightimg: autoDraw = True
57.8473 	EXP 	Leftimg: autoDraw = False
57.8473 	EXP 	Rightimg: autoDraw = False
58.4652 	DATA 	Keypress: right
58.4664 	EXP 	New trial (rep=0, index=29): {'YLeftPos': 0, 'time_presentation': 0.5, 'XLeftPos': -300, 'XRightPos': 300, 'rightimg': u'frogs/ab74.jpg', 'YRightPos': 0, 'leftimg': u'frogs/ab34.jpg'}
58.5463 	EXP 	Leftimg: autoDraw = False
58.5463 	EXP 	Rightimg: autoDraw = False
58.5463 	EXP 	text: autoDraw = False
58.5463 	EXP 	Leftimg: pos = array([-300.,    0.])
58.5463 	EXP 	Leftimg: image = u'frogs/ab34.jpg'
58.5463 	EXP 	Rightimg: pos = array([ 300.,    0.])
58.5463 	EXP 	Rightimg: image = u'frogs/ab74.jpg'
58.5463 	EXP 	Leftimg: autoDraw = True
58.5463 	EXP 	Rightimg: autoDraw = True
58.9796 	EXP 	Leftimg: autoDraw = False
58.9796 	EXP 	Rightimg: autoDraw = False
59.4823 	DATA 	Keypress: left
59.4833 	EXP 	New trial (rep=0, index=30): {'YLeftPos': 0, 'time_presentation': 0.5, 'XLeftPos': -300, 'XRightPos': 300, 'rightimg': u'frogs/ab79.jpg', 'YRightPos': 0, 'leftimg': u'frogs/ab39.jpg'}
59.5138 	EXP 	Leftimg: autoDraw = False
59.5138 	EXP 	Rightimg: autoDraw = False
59.5138 	EXP 	text: autoDraw = False
59.5138 	EXP 	Leftimg: pos = array([-300.,    0.])
59.5138 	EXP 	Leftimg: image = u'frogs/ab39.jpg'
59.5138 	EXP 	Rightimg: pos = array([ 300.,    0.])
59.5138 	EXP 	Rightimg: image = u'frogs/ab79.jpg'
59.5138 	EXP 	Leftimg: autoDraw = True
59.5138 	EXP 	Rightimg: autoDraw = True
59.9969 	EXP 	Leftimg: autoDraw = False
59.9969 	EXP 	Rightimg: autoDraw = False
60.9829 	DATA 	Keypress: right
60.9844 	EXP 	New trial (rep=0, index=31): {'YLeftPos': 0, 'time_presentation': 0.5, 'XLeftPos': -300, 'XRightPos': 300, 'rightimg': u'frogs/ab56.jpg', 'YRightPos': 0, 'leftimg': u'frogs/ab16.jpg'}
61.2349 	EXP 	Leftimg: autoDraw = False
61.2349 	EXP 	Rightimg: autoDraw = False
61.2349 	EXP 	text: autoDraw = False
61.2349 	EXP 	Leftimg: pos = array([-300.,    0.])
61.2349 	EXP 	Leftimg: image = u'frogs/ab16.jpg'
61.2349 	EXP 	Rightimg: pos = array([ 300.,    0.])
61.2349 	EXP 	Rightimg: image = u'frogs/ab56.jpg'
61.2349 	EXP 	Leftimg: autoDraw = True
61.2349 	EXP 	Rightimg: autoDraw = True
61.4972 	EXP 	Leftimg: autoDraw = False
61.4972 	EXP 	Rightimg: autoDraw = False
62.1661 	DATA 	Keypress: left
62.1673 	EXP 	New trial (rep=0, index=32): {'YLeftPos': 0, 'time_presentation': 0.5, 'XLeftPos': -300, 'XRightPos': 300, 'rightimg': u'frogs/ab71.jpg', 'YRightPos': 0, 'leftimg': u'frogs/ab31.jpg'}
62.2633 	EXP 	Leftimg: autoDraw = False
62.2633 	EXP 	Rightimg: autoDraw = False
62.2633 	EXP 	text: autoDraw = False
62.2633 	EXP 	Leftimg: pos = array([-300.,    0.])
62.2633 	EXP 	Leftimg: image = u'frogs/ab31.jpg'
62.2633 	EXP 	Rightimg: pos = array([ 300.,    0.])
62.2633 	EXP 	Rightimg: image = u'frogs/ab71.jpg'
62.2633 	EXP 	Leftimg: autoDraw = True
62.2633 	EXP 	Rightimg: autoDraw = True
62.6806 	EXP 	Leftimg: autoDraw = False
62.6806 	EXP 	Rightimg: autoDraw = False
63.6657 	DATA 	Keypress: right
63.6672 	EXP 	New trial (rep=0, index=33): {'YLeftPos': 0, 'time_presentation': 0.5, 'XLeftPos': -300, 'XRightPos': 300, 'rightimg': u'frogs/ab70.jpg', 'YRightPos': 0, 'leftimg': u'frogs/ab30.jpg'}
63.6968 	EXP 	Leftimg: autoDraw = False
63.6968 	EXP 	Rightimg: autoDraw = False
63.6968 	EXP 	text: autoDraw = False
63.6968 	EXP 	Leftimg: pos = array([-300.,    0.])
63.6968 	EXP 	Leftimg: image = u'frogs/ab30.jpg'
63.6968 	EXP 	Rightimg: pos = array([ 300.,    0.])
63.6968 	EXP 	Rightimg: image = u'frogs/ab70.jpg'
63.6968 	EXP 	Leftimg: autoDraw = True
63.6968 	EXP 	Rightimg: autoDraw = True
64.1805 	EXP 	Leftimg: autoDraw = False
64.1805 	EXP 	Rightimg: autoDraw = False
64.6988 	DATA 	Keypress: right
64.6997 	EXP 	New trial (rep=0, index=34): {'YLeftPos': 0, 'time_presentation': 0.5, 'XLeftPos': -300, 'XRightPos': 300, 'rightimg': u'3.jpg', 'YRightPos': 0, 'leftimg': u'1.jpg'}
64.7471 	EXP 	Leftimg: autoDraw = False
64.7471 	EXP 	Rightimg: autoDraw = False
64.7471 	EXP 	text: autoDraw = False
64.7471 	EXP 	Leftimg: pos = array([-300.,    0.])
64.7471 	EXP 	Leftimg: image = u'1.jpg'
64.7471 	EXP 	Rightimg: pos = array([ 300.,    0.])
64.7471 	EXP 	Rightimg: image = u'3.jpg'
64.7471 	EXP 	Leftimg: autoDraw = True
64.7471 	EXP 	Rightimg: autoDraw = True
65.2141 	EXP 	Leftimg: autoDraw = False
65.2141 	EXP 	Rightimg: autoDraw = False
65.6999 	DATA 	Keypress: left
65.7153 	EXP 	New trial (rep=0, index=35): {'YLeftPos': 0, 'time_presentation': 0.5, 'XLeftPos': -300, 'XRightPos': 300, 'rightimg': u'frogs/ab58.jpg', 'YRightPos': 0, 'leftimg': u'frogs/ab18.jpg'}
65.8795 	EXP 	Leftimg: autoDraw = False
65.8795 	EXP 	Rightimg: autoDraw = False
65.8795 	EXP 	text: autoDraw = False
65.8795 	EXP 	Leftimg: pos = array([-300.,    0.])
65.8795 	EXP 	Leftimg: image = u'frogs/ab18.jpg'
65.8795 	EXP 	Rightimg: pos = array([ 300.,    0.])
65.8795 	EXP 	Rightimg: image = u'frogs/ab58.jpg'
65.8795 	EXP 	Leftimg: autoDraw = True
65.8795 	EXP 	Rightimg: autoDraw = True
66.2306 	EXP 	Leftimg: autoDraw = False
66.2306 	EXP 	Rightimg: autoDraw = False
66.7652 	DATA 	Keypress: right
66.7664 	EXP 	New trial (rep=0, index=36): {'YLeftPos': 0, 'time_presentation': 0.5, 'XLeftPos': -300, 'XRightPos': 300, 'rightimg': u'frogs/ab72.jpg', 'YRightPos': 0, 'leftimg': u'frogs/ab32.jpg'}
66.8136 	EXP 	Leftimg: autoDraw = False
66.8136 	EXP 	Rightimg: autoDraw = False
66.8136 	EXP 	text: autoDraw = False
66.8136 	EXP 	Leftimg: pos = array([-300.,    0.])
66.8136 	EXP 	Leftimg: image = u'frogs/ab32.jpg'
66.8136 	EXP 	Rightimg: pos = array([ 300.,    0.])
66.8136 	EXP 	Rightimg: image = u'frogs/ab72.jpg'
66.8136 	EXP 	Leftimg: autoDraw = True
66.8136 	EXP 	Rightimg: autoDraw = True
67.2806 	EXP 	Leftimg: autoDraw = False
67.2806 	EXP 	Rightimg: autoDraw = False
67.7322 	DATA 	Keypress: left
67.7334 	EXP 	New trial (rep=0, index=37): {'YLeftPos': 0, 'time_presentation': 0.5, 'XLeftPos': -300, 'XRightPos': 300, 'rightimg': u'frogs/ab60.jpg', 'YRightPos': 0, 'leftimg': u'frogs/ab20.jpg'}
67.7639 	EXP 	Leftimg: autoDraw = False
67.7639 	EXP 	Rightimg: autoDraw = False
67.7639 	EXP 	text: autoDraw = False
67.7639 	EXP 	Leftimg: pos = array([-300.,    0.])
67.7639 	EXP 	Leftimg: image = u'frogs/ab20.jpg'
67.7639 	EXP 	Rightimg: pos = array([ 300.,    0.])
67.7639 	EXP 	Rightimg: image = u'frogs/ab60.jpg'
67.7639 	EXP 	Leftimg: autoDraw = True
67.7639 	EXP 	Rightimg: autoDraw = True
68.2471 	EXP 	Leftimg: autoDraw = False
68.2471 	EXP 	Rightimg: autoDraw = False
68.6166 	DATA 	Keypress: right
68.6318 	EXP 	New trial (rep=0, index=38): {'YLeftPos': 0, 'time_presentation': 0.5, 'XLeftPos': -300, 'XRightPos': 300, 'rightimg': u'frogs/ab43.jpg', 'YRightPos': 0, 'leftimg': u'frogs/ab3.jpg'}
68.6964 	EXP 	Leftimg: autoDraw = False
68.6964 	EXP 	Rightimg: autoDraw = False
68.6964 	EXP 	text: autoDraw = False
68.6964 	EXP 	Leftimg: pos = array([-300.,    0.])
68.6964 	EXP 	Leftimg: image = u'frogs/ab3.jpg'
68.6964 	EXP 	Rightimg: pos = array([ 300.,    0.])
68.6964 	EXP 	Rightimg: image = u'frogs/ab43.jpg'
68.6964 	EXP 	Leftimg: autoDraw = True
68.6964 	EXP 	Rightimg: autoDraw = True
69.1472 	EXP 	Leftimg: autoDraw = False
69.1472 	EXP 	Rightimg: autoDraw = False
69.7153 	DATA 	Keypress: left
69.7163 	EXP 	New trial (rep=0, index=39): {'YLeftPos': 0, 'time_presentation': 0.5, 'XLeftPos': -300, 'XRightPos': 300, 'rightimg': u'frogs/ab45.jpg', 'YRightPos': 0, 'leftimg': u'frogs/ab5.jpg'}
69.7468 	EXP 	Leftimg: autoDraw = False
69.7468 	EXP 	Rightimg: autoDraw = False
69.7468 	EXP 	text: autoDraw = False
69.7468 	EXP 	Leftimg: pos = array([-300.,    0.])
69.7468 	EXP 	Leftimg: image = u'frogs/ab5.jpg'
69.7468 	EXP 	Rightimg: pos = array([ 300.,    0.])
69.7468 	EXP 	Rightimg: image = u'frogs/ab45.jpg'
69.7468 	EXP 	Leftimg: autoDraw = True
69.7468 	EXP 	Rightimg: autoDraw = True
70.2305 	EXP 	Leftimg: autoDraw = False
70.2305 	EXP 	Rightimg: autoDraw = False
70.8157 	DATA 	Keypress: right
70.8166 	EXP 	New trial (rep=0, index=40): {'YLeftPos': 0, 'time_presentation': 0.5, 'XLeftPos': -300, 'XRightPos': 300, 'rightimg': u'frogs/ab69.jpg', 'YRightPos': 0, 'leftimg': u'frogs/ab29.jpg'}
70.8471 	EXP 	Leftimg: autoDraw = False
70.8471 	EXP 	Rightimg: autoDraw = False
70.8471 	EXP 	text: autoDraw = False
70.8471 	EXP 	Leftimg: pos = array([-300.,    0.])
70.8471 	EXP 	Leftimg: image = u'frogs/ab29.jpg'
70.8471 	EXP 	Rightimg: pos = array([ 300.,    0.])
70.8471 	EXP 	Rightimg: image = u'frogs/ab69.jpg'
70.8471 	EXP 	Leftimg: autoDraw = True
70.8471 	EXP 	Rightimg: autoDraw = True
71.3305 	EXP 	Leftimg: autoDraw = False
71.3305 	EXP 	Rightimg: autoDraw = False
71.9155 	DATA 	Keypress: right
71.9166 	EXP 	New trial (rep=0, index=41): {'YLeftPos': 0, 'time_presentation': 0.5, 'XLeftPos': -300, 'XRightPos': 300, 'rightimg': u'frogs/ab73.jpg', 'YRightPos': 0, 'leftimg': u'frogs/ab33.jpg'}
72.0133 	EXP 	Leftimg: autoDraw = False
72.0133 	EXP 	Rightimg: autoDraw = False
72.0133 	EXP 	text: autoDraw = False
72.0133 	EXP 	Leftimg: pos = array([-300.,    0.])
72.0133 	EXP 	Leftimg: image = u'frogs/ab33.jpg'
72.0133 	EXP 	Rightimg: pos = array([ 300.,    0.])
72.0133 	EXP 	Rightimg: image = u'frogs/ab73.jpg'
72.0133 	EXP 	Leftimg: autoDraw = True
72.0133 	EXP 	Rightimg: autoDraw = True
72.4306 	EXP 	Leftimg: autoDraw = False
72.4306 	EXP 	Rightimg: autoDraw = False
73.0154 	DATA 	Keypress: right
73.0165 	EXP 	New trial (rep=0, index=42): {'YLeftPos': 0, 'time_presentation': 0.5, 'XLeftPos': -300, 'XRightPos': 300, 'rightimg': u'frogs/ab63.jpg', 'YRightPos': 0, 'leftimg': u'frogs/ab23.jpg'}
73.0631 	EXP 	Leftimg: autoDraw = False
73.0631 	EXP 	Rightimg: autoDraw = False
73.0631 	EXP 	text: autoDraw = False
73.0631 	EXP 	Leftimg: pos = array([-300.,    0.])
73.0631 	EXP 	Leftimg: image = u'frogs/ab23.jpg'
73.0631 	EXP 	Rightimg: pos = array([ 300.,    0.])
73.0631 	EXP 	Rightimg: image = u'frogs/ab63.jpg'
73.0631 	EXP 	Leftimg: autoDraw = True
73.0631 	EXP 	Rightimg: autoDraw = True
73.5307 	EXP 	Leftimg: autoDraw = False
73.5307 	EXP 	Rightimg: autoDraw = False
74.0656 	DATA 	Keypress: left
74.0666 	EXP 	New trial (rep=0, index=43): {'YLeftPos': 0, 'time_presentation': 0.5, 'XLeftPos': -300, 'XRightPos': 300, 'rightimg': u'frogs/ab44.jpg', 'YRightPos': 0, 'leftimg': u'frogs/ab4.jpg'}
74.0790 	EXP 	Leftimg: autoDraw = False
74.0790 	EXP 	Rightimg: autoDraw = False
74.0790 	EXP 	text: autoDraw = False
74.0790 	EXP 	Leftimg: pos = array([-300.,    0.])
74.0790 	EXP 	Leftimg: image = u'frogs/ab4.jpg'
74.0790 	EXP 	Rightimg: pos = array([ 300.,    0.])
74.0790 	EXP 	Rightimg: image = u'frogs/ab44.jpg'
74.0790 	EXP 	Leftimg: autoDraw = True
74.0790 	EXP 	Rightimg: autoDraw = True
74.5796 	EXP 	Leftimg: autoDraw = False
74.5796 	EXP 	Rightimg: autoDraw = False
75.2156 	DATA 	Keypress: right
75.2795 	EXP 	window1: blendMode = 'avg'
75.2967 	EXP 	Leftimg: autoDraw = False
75.2967 	EXP 	Rightimg: autoDraw = False
75.2967 	EXP 	text: autoDraw = False
75.2967 	EXP 	text_3: autoDraw = True
75.2983 	EXP 	window1: blendMode = 'avg'
75.3147 	EXP 	window1: blendMode = 'avg'
75.3313 	EXP 	window1: blendMode = 'avg'
75.3479 	EXP 	window1: blendMode = 'avg'
75.3646 	EXP 	window1: blendMode = 'avg'
75.3810 	EXP 	window1: blendMode = 'avg'
75.3972 	EXP 	window1: blendMode = 'avg'
75.4145 	EXP 	window1: blendMode = 'avg'
75.4308 	EXP 	window1: blendMode = 'avg'
75.4483 	EXP 	window1: blendMode = 'avg'
75.4641 	EXP 	window1: blendMode = 'avg'
75.4815 	EXP 	window1: blendMode = 'avg'
75.4974 	EXP 	window1: blendMode = 'avg'
75.5148 	EXP 	window1: blendMode = 'avg'
75.5309 	EXP 	window1: blendMode = 'avg'
75.5481 	EXP 	window1: blendMode = 'avg'
75.5646 	EXP 	window1: blendMode = 'avg'
75.5812 	EXP 	window1: blendMode = 'avg'
75.5979 	EXP 	window1: blendMode = 'avg'
75.6146 	EXP 	window1: blendMode = 'avg'
75.6315 	EXP 	window1: blendMode = 'avg'
75.6479 	EXP 	window1: blendMode = 'avg'
75.6646 	EXP 	window1: blendMode = 'avg'
75.6813 	EXP 	window1: blendMode = 'avg'
75.6979 	EXP 	window1: blendMode = 'avg'
75.7145 	EXP 	window1: blendMode = 'avg'
75.7312 	EXP 	window1: blendMode = 'avg'
75.7479 	EXP 	window1: blendMode = 'avg'
75.7646 	EXP 	window1: blendMode = 'avg'
75.7810 	EXP 	window1: blendMode = 'avg'
75.7981 	EXP 	window1: blendMode = 'avg'
75.8144 	EXP 	window1: blendMode = 'avg'
75.8312 	EXP 	window1: blendMode = 'avg'
75.8476 	EXP 	window1: blendMode = 'avg'
75.8647 	EXP 	window1: blendMode = 'avg'
75.8817 	EXP 	window1: blendMode = 'avg'
75.8980 	EXP 	window1: blendMode = 'avg'
75.9144 	EXP 	window1: blendMode = 'avg'
75.9313 	EXP 	window1: blendMode = 'avg'
75.9480 	EXP 	window1: blendMode = 'avg'
75.9646 	EXP 	window1: blendMode = 'avg'
75.9808 	EXP 	window1: blendMode = 'avg'
75.9979 	EXP 	window1: blendMode = 'avg'
76.0148 	EXP 	window1: blendMode = 'avg'
76.0312 	EXP 	window1: blendMode = 'avg'
76.0479 	EXP 	window1: blendMode = 'avg'
76.0644 	EXP 	window1: blendMode = 'avg'
76.0812 	EXP 	window1: blendMode = 'avg'
76.0979 	EXP 	window1: blendMode = 'avg'
76.1148 	EXP 	window1: blendMode = 'avg'
76.1313 	EXP 	window1: blendMode = 'avg'
76.1479 	EXP 	window1: blendMode = 'avg'
76.1645 	EXP 	window1: blendMode = 'avg'
76.1811 	EXP 	window1: blendMode = 'avg'
76.1979 	EXP 	window1: blendMode = 'avg'
76.2146 	EXP 	window1: blendMode = 'avg'
76.2313 	EXP 	window1: blendMode = 'avg'
76.2477 	EXP 	window1: blendMode = 'avg'
76.2640 	EXP 	window1: blendMode = 'avg'
76.2804 	EXP 	window1: blendMode = 'avg'
76.2976 	EXP 	window1: blendMode = 'avg'
76.3136 	EXP 	window1: blendMode = 'avg'
76.3310 	EXP 	window1: blendMode = 'avg'
76.3471 	EXP 	window1: blendMode = 'avg'
76.3647 	EXP 	window1: blendMode = 'avg'
76.3815 	EXP 	window1: blendMode = 'avg'
76.3980 	EXP 	window1: blendMode = 'avg'
76.4142 	EXP 	window1: blendMode = 'avg'
76.4303 	EXP 	window1: blendMode = 'avg'
76.4476 	EXP 	window1: blendMode = 'avg'
76.4635 	EXP 	window1: blendMode = 'avg'
76.4804 	EXP 	window1: blendMode = 'avg'
76.4976 	EXP 	window1: blendMode = 'avg'
76.5138 	EXP 	window1: blendMode = 'avg'
76.5305 	EXP 	window1: blendMode = 'avg'
76.5473 	EXP 	window1: blendMode = 'avg'
76.5643 	EXP 	window1: blendMode = 'avg'
76.5815 	EXP 	window1: blendMode = 'avg'
76.5980 	EXP 	window1: blendMode = 'avg'
76.6146 	EXP 	window1: blendMode = 'avg'
76.6313 	EXP 	window1: blendMode = 'avg'
76.6479 	EXP 	window1: blendMode = 'avg'
76.6646 	EXP 	window1: blendMode = 'avg'
76.6810 	EXP 	window1: blendMode = 'avg'
76.6982 	EXP 	window1: blendMode = 'avg'
76.7147 	EXP 	window1: blendMode = 'avg'
76.7314 	EXP 	window1: blendMode = 'avg'
76.7485 	EXP 	window1: blendMode = 'avg'
76.7648 	EXP 	window1: blendMode = 'avg'
76.7804 	EXP 	window1: blendMode = 'avg'
76.7979 	EXP 	window1: blendMode = 'avg'
76.8146 	EXP 	window1: blendMode = 'avg'
76.8312 	EXP 	window1: blendMode = 'avg'
76.8478 	EXP 	window1: blendMode = 'avg'
76.8639 	EXP 	window1: blendMode = 'avg'
76.8806 	EXP 	window1: blendMode = 'avg'
76.8980 	EXP 	window1: blendMode = 'avg'
76.9146 	EXP 	window1: blendMode = 'avg'
76.9313 	EXP 	window1: blendMode = 'avg'
76.9479 	EXP 	window1: blendMode = 'avg'
76.9639 	EXP 	window1: blendMode = 'avg'
76.9812 	EXP 	window1: blendMode = 'avg'
76.9979 	EXP 	window1: blendMode = 'avg'
77.0144 	EXP 	window1: blendMode = 'avg'
77.0309 	EXP 	window1: blendMode = 'avg'
77.0482 	EXP 	window1: blendMode = 'avg'
77.0646 	EXP 	window1: blendMode = 'avg'
77.0813 	EXP 	window1: blendMode = 'avg'
77.0980 	EXP 	window1: blendMode = 'avg'
77.1146 	EXP 	window1: blendMode = 'avg'
77.1313 	EXP 	window1: blendMode = 'avg'
77.1480 	EXP 	window1: blendMode = 'avg'
77.1646 	EXP 	window1: blendMode = 'avg'
77.1812 	EXP 	window1: blendMode = 'avg'
77.1977 	EXP 	window1: blendMode = 'avg'
77.2144 	EXP 	window1: blendMode = 'avg'
77.2313 	EXP 	window1: blendMode = 'avg'
77.2479 	EXP 	window1: blendMode = 'avg'
77.2641 	EXP 	window1: blendMode = 'avg'
77.2803 	EXP 	window1: blendMode = 'avg'
77.2979 	EXP 	window1: blendMode = 'avg'
77.3146 	EXP 	window1: blendMode = 'avg'
77.3314 	EXP 	window1: blendMode = 'avg'
77.3477 	EXP 	window1: blendMode = 'avg'
77.3646 	EXP 	window1: blendMode = 'avg'
77.3813 	EXP 	window1: blendMode = 'avg'
77.3973 	EXP 	window1: blendMode = 'avg'
77.4139 	EXP 	window1: blendMode = 'avg'
77.4303 	EXP 	window1: blendMode = 'avg'
77.4472 	EXP 	window1: blendMode = 'avg'
77.4647 	EXP 	window1: blendMode = 'avg'
77.4813 	EXP 	window1: blendMode = 'avg'
77.4979 	EXP 	window1: blendMode = 'avg'
77.5143 	EXP 	window1: blendMode = 'avg'
77.5315 	EXP 	window1: blendMode = 'avg'
77.5479 	EXP 	window1: blendMode = 'avg'
77.5645 	EXP 	window1: blendMode = 'avg'
77.5811 	EXP 	window1: blendMode = 'avg'
77.5979 	EXP 	window1: blendMode = 'avg'
77.6146 	EXP 	window1: blendMode = 'avg'
77.6313 	EXP 	window1: blendMode = 'avg'
77.6477 	EXP 	window1: blendMode = 'avg'
77.6646 	EXP 	window1: blendMode = 'avg'
77.6812 	EXP 	window1: blendMode = 'avg'
77.6979 	EXP 	window1: blendMode = 'avg'
77.7144 	EXP 	window1: blendMode = 'avg'
77.7312 	EXP 	window1: blendMode = 'avg'
77.7479 	EXP 	window1: blendMode = 'avg'
77.7646 	EXP 	window1: blendMode = 'avg'
77.7811 	EXP 	window1: blendMode = 'avg'
77.7979 	EXP 	window1: blendMode = 'avg'
77.8146 	EXP 	window1: blendMode = 'avg'
77.8312 	EXP 	window1: blendMode = 'avg'
77.8477 	EXP 	window1: blendMode = 'avg'
77.8640 	EXP 	window1: blendMode = 'avg'
77.8806 	EXP 	window1: blendMode = 'avg'
77.8981 	EXP 	window1: blendMode = 'avg'
77.9146 	EXP 	window1: blendMode = 'avg'
77.9313 	EXP 	window1: blendMode = 'avg'
77.9479 	EXP 	window1: blendMode = 'avg'
77.9646 	EXP 	window1: blendMode = 'avg'
77.9815 	EXP 	window1: blendMode = 'avg'
77.9979 	EXP 	window1: blendMode = 'avg'
78.0149 	EXP 	window1: blendMode = 'avg'
78.0317 	EXP 	window1: blendMode = 'avg'
78.0481 	EXP 	window1: blendMode = 'avg'
78.0646 	EXP 	window1: blendMode = 'avg'
78.0815 	EXP 	window1: blendMode = 'avg'
78.0979 	EXP 	window1: blendMode = 'avg'
78.1146 	EXP 	window1: blendMode = 'avg'
78.1315 	EXP 	window1: blendMode = 'avg'
78.1482 	EXP 	window1: blendMode = 'avg'
78.1646 	EXP 	window1: blendMode = 'avg'
78.1810 	EXP 	window1: blendMode = 'avg'
78.1982 	EXP 	window1: blendMode = 'avg'
78.2152 	EXP 	window1: blendMode = 'avg'
78.2317 	EXP 	window1: blendMode = 'avg'
78.2483 	EXP 	window1: blendMode = 'avg'
78.2640 	EXP 	window1: blendMode = 'avg'
78.2811 	EXP 	window1: blendMode = 'avg'
78.2979 	EXP 	window1: blendMode = 'avg'
78.3146 	EXP 	window1: blendMode = 'avg'
78.3312 	EXP 	window1: blendMode = 'avg'
78.3479 	EXP 	window1: blendMode = 'avg'
78.3646 	EXP 	window1: blendMode = 'avg'
78.3808 	EXP 	window1: blendMode = 'avg'
78.3980 	EXP 	window1: blendMode = 'avg'
78.4146 	EXP 	window1: blendMode = 'avg'
78.4312 	EXP 	window1: blendMode = 'avg'
78.4479 	EXP 	window1: blendMode = 'avg'
78.4646 	EXP 	window1: blendMode = 'avg'
78.4813 	EXP 	window1: blendMode = 'avg'
78.4979 	EXP 	window1: blendMode = 'avg'
78.5149 	EXP 	window1: blendMode = 'avg'
78.5314 	EXP 	window1: blendMode = 'avg'
78.5479 	EXP 	window1: blendMode = 'avg'
78.5646 	EXP 	window1: blendMode = 'avg'
78.5811 	EXP 	window1: blendMode = 'avg'
78.5966 	EXP 	window1: blendMode = 'avg'
78.6147 	EXP 	window1: blendMode = 'avg'
78.6312 	EXP 	window1: blendMode = 'avg'
78.6478 	EXP 	window1: blendMode = 'avg'
78.6646 	EXP 	window1: blendMode = 'avg'
78.6810 	EXP 	window1: blendMode = 'avg'
78.6974 	EXP 	window1: blendMode = 'avg'
78.7139 	EXP 	window1: blendMode = 'avg'
78.7312 	EXP 	window1: blendMode = 'avg'
78.7486 	DATA 	Keypress: escape
78.8621 	EXP 	window1: mouseVisible = True
