6.2715 	EXP 	Created window1 = Window(allowGUI=False, allowStencil=False, autoLog=True, bitsMode=UNKNOWN, blendMode='avg', color=array([ 0.,  0.,  0.]), colorSpace='rgb', fullscr=UNKNOWN, gamma=None, lms=UNKNOWN, monitor=<psychopy.monitors.calibTools.Monitor object at 0x1144db410>, multiSample=False, name='window1', numSamples=2, pos=[0, 0], screen=0, size=array([1440,  900]), stereo=False, units=u'norm', useFBO=True, useRetina=False, viewOri=0.0, viewPos=None, viewScale=None, waitBlanking=True, winType='pyglet')
6.2715 	EXP 	window1: recordFrameIntervals = False
6.4376 	EXP 	window1: recordFrameIntervals = True
6.6213 	EXP 	window1: recordFrameIntervals = False
6.7085 	EXP 	Created text_2 = TextStim(alignHoriz='center', alignVert='center', antialias=True, autoLog=True, bold=False, color='white', colorSpace='named', contrast=1.0, depth=0.0, flipHoriz=False, flipVert=False, font='Arial', fontFiles=[], height=0.1, italic=False, name='text_2', opacity=1.0, ori=0, pos=array([ 0.,  0.]), rgb=array([ 255.,  255.,  255.]), text=unicode(...), units=u'norm', win=Window(...), wrapWidth=1)
6.7100 	EXP 	Created Leftimg = ImageStim(autoLog=True, color=array([ 1.,  1.,  1.]), colorSpace='rgb', contrast=1.0, depth=0.0, flipHoriz=False, flipVert=False, image='sin', interpolate=True, mask=None, maskParams=None, name='Leftimg', opacity=1.0, ori=0.0, pos=array([ 0.,  0.]), size=array([ 400.,  400.]), texRes=128, units='pix', win=Window(...))
6.7111 	EXP 	Created Rightimg = ImageStim(autoLog=True, color=array([ 1.,  1.,  1.]), colorSpace='rgb', contrast=1.0, depth=-1.0, flipHoriz=False, flipVert=False, image='sin', interpolate=True, mask=None, maskParams=None, name='Rightimg', opacity=1.0, ori=0.0, pos=array([ 0.,  0.]), size=array([ 400.,  400.]), texRes=128, units='pix', win=Window(...))
6.7208 	EXP 	Created text = TextStim(alignHoriz='center', alignVert='center', antialias=True, autoLog=True, bold=False, color='white', colorSpace='named', contrast=1.0, depth=-4.0, flipHoriz=False, flipVert=False, font='Arial', fontFiles=[], height=0.05, italic=False, name='text', opacity=1.0, ori=0, pos=array([ 0.,  0.]), rgb=array([ 255.,  255.,  255.]), text=u'to proceed press the space bar.', units=u'norm', win=Window(...), wrapWidth=1)
6.7301 	EXP 	Created text_3 = TextStim(alignHoriz='center', alignVert='center', antialias=True, autoLog=True, bold=False, color='white', colorSpace='named', contrast=1.0, depth=0.0, flipHoriz=False, flipVert=False, font='Arial', fontFiles=[], height=0.1, italic=False, name='text_3', opacity=1.0, ori=0, pos=array([ 0.,  0.]), rgb=array([ 255.,  255.,  255.]), text=unicode(...), units=u'norm', win=Window(...), wrapWidth=1)
6.7348 	EXP 	window1: blendMode = 'avg'
6.7549 	EXP 	text_2: autoDraw = True
6.7585 	EXP 	window1: blendMode = 'avg'
6.7717 	EXP 	window1: blendMode = 'avg'
6.7890 	EXP 	window1: blendMode = 'avg'
6.8057 	EXP 	window1: blendMode = 'avg'
6.8223 	EXP 	window1: blendMode = 'avg'
6.8390 	EXP 	window1: blendMode = 'avg'
6.8552 	EXP 	window1: blendMode = 'avg'
6.8721 	EXP 	window1: blendMode = 'avg'
6.8894 	EXP 	window1: blendMode = 'avg'
6.9047 	EXP 	window1: blendMode = 'avg'
6.9218 	EXP 	window1: blendMode = 'avg'
6.9390 	EXP 	window1: blendMode = 'avg'
6.9552 	EXP 	window1: blendMode = 'avg'
6.9715 	EXP 	window1: blendMode = 'avg'
6.9887 	EXP 	window1: blendMode = 'avg'
7.0050 	EXP 	window1: blendMode = 'avg'
7.0223 	EXP 	window1: blendMode = 'avg'
7.0385 	EXP 	window1: blendMode = 'avg'
7.0553 	EXP 	window1: blendMode = 'avg'
7.0716 	EXP 	window1: blendMode = 'avg'
7.0889 	EXP 	window1: blendMode = 'avg'
7.1051 	EXP 	window1: blendMode = 'avg'
7.1224 	EXP 	window1: blendMode = 'avg'
7.1386 	EXP 	window1: blendMode = 'avg'
7.1556 	EXP 	window1: blendMode = 'avg'
7.1718 	EXP 	window1: blendMode = 'avg'
7.1891 	EXP 	window1: blendMode = 'avg'
7.2052 	EXP 	window1: blendMode = 'avg'
7.2222 	EXP 	window1: blendMode = 'avg'
7.2385 	EXP 	window1: blendMode = 'avg'
7.2558 	EXP 	window1: blendMode = 'avg'
7.2720 	EXP 	window1: blendMode = 'avg'
7.2890 	EXP 	window1: blendMode = 'avg'
7.3052 	EXP 	window1: blendMode = 'avg'
7.3217 	EXP 	window1: blendMode = 'avg'
7.3382 	EXP 	window1: blendMode = 'avg'
7.3556 	EXP 	window1: blendMode = 'avg'
7.3719 	EXP 	window1: blendMode = 'avg'
7.3887 	EXP 	window1: blendMode = 'avg'
7.4050 	EXP 	window1: blendMode = 'avg'
7.4223 	EXP 	window1: blendMode = 'avg'
7.4386 	EXP 	window1: blendMode = 'avg'
7.4555 	EXP 	window1: blendMode = 'avg'
7.4717 	EXP 	window1: blendMode = 'avg'
7.4887 	EXP 	window1: blendMode = 'avg'
7.5050 	EXP 	window1: blendMode = 'avg'
7.5219 	EXP 	window1: blendMode = 'avg'
7.5382 	EXP 	window1: blendMode = 'avg'
7.5553 	EXP 	window1: blendMode = 'avg'
7.5716 	EXP 	window1: blendMode = 'avg'
7.5889 	EXP 	window1: blendMode = 'avg'
7.6051 	EXP 	window1: blendMode = 'avg'
7.6223 	EXP 	window1: blendMode = 'avg'
7.6385 	EXP 	window1: blendMode = 'avg'
7.6549 	EXP 	window1: blendMode = 'avg'
7.6721 	EXP 	window1: blendMode = 'avg'
7.6884 	EXP 	window1: blendMode = 'avg'
7.7056 	EXP 	window1: blendMode = 'avg'
7.7219 	EXP 	window1: blendMode = 'avg'
7.7382 	EXP 	window1: blendMode = 'avg'
7.7555 	EXP 	window1: blendMode = 'avg'
7.7717 	EXP 	window1: blendMode = 'avg'
7.7890 	EXP 	window1: blendMode = 'avg'
7.8052 	EXP 	window1: blendMode = 'avg'
7.8222 	EXP 	window1: blendMode = 'avg'
7.8384 	EXP 	window1: blendMode = 'avg'
7.8556 	EXP 	window1: blendMode = 'avg'
7.8719 	EXP 	window1: blendMode = 'avg'
7.8883 	EXP 	window1: blendMode = 'avg'
7.9055 	EXP 	window1: blendMode = 'avg'
7.9216 	EXP 	window1: blendMode = 'avg'
7.9388 	EXP 	window1: blendMode = 'avg'
7.9551 	EXP 	window1: blendMode = 'avg'
7.9723 	EXP 	window1: blendMode = 'avg'
7.9886 	EXP 	window1: blendMode = 'avg'
8.0049 	EXP 	window1: blendMode = 'avg'
8.0221 	EXP 	window1: blendMode = 'avg'
8.0384 	EXP 	window1: blendMode = 'avg'
8.0557 	EXP 	window1: blendMode = 'avg'
8.0719 	EXP 	window1: blendMode = 'avg'
8.0888 	EXP 	window1: blendMode = 'avg'
8.1050 	EXP 	window1: blendMode = 'avg'
8.1223 	EXP 	window1: blendMode = 'avg'
8.1385 	EXP 	window1: blendMode = 'avg'
8.1558 	EXP 	window1: blendMode = 'avg'
8.1719 	EXP 	window1: blendMode = 'avg'
8.1889 	EXP 	window1: blendMode = 'avg'
8.2051 	EXP 	window1: blendMode = 'avg'
8.2224 	EXP 	window1: blendMode = 'avg'
8.2386 	EXP 	window1: blendMode = 'avg'
8.2549 	EXP 	window1: blendMode = 'avg'
8.2722 	EXP 	window1: blendMode = 'avg'
8.2881 	EXP 	window1: blendMode = 'avg'
8.3055 	EXP 	window1: blendMode = 'avg'
8.3217 	EXP 	window1: blendMode = 'avg'
8.3389 	EXP 	window1: blendMode = 'avg'
8.3553 	EXP 	window1: blendMode = 'avg'
8.3716 	EXP 	window1: blendMode = 'avg'
8.3889 	EXP 	window1: blendMode = 'avg'
8.4052 	EXP 	window1: blendMode = 'avg'
8.4220 	EXP 	window1: blendMode = 'avg'
8.4383 	EXP 	window1: blendMode = 'avg'
8.4555 	EXP 	window1: blendMode = 'avg'
8.4718 	EXP 	window1: blendMode = 'avg'
8.4890 	EXP 	window1: blendMode = 'avg'
8.5094 	EXP 	window1: blendMode = 'avg'
8.5259 	EXP 	window1: blendMode = 'avg'
8.5424 	EXP 	window1: blendMode = 'avg'
8.5590 	EXP 	window1: blendMode = 'avg'
8.5758 	EXP 	window1: blendMode = 'avg'
8.5925 	EXP 	window1: blendMode = 'avg'
8.6089 	EXP 	window1: blendMode = 'avg'
8.6257 	EXP 	window1: blendMode = 'avg'
8.6425 	EXP 	window1: blendMode = 'avg'
8.6592 	EXP 	window1: blendMode = 'avg'
8.6758 	EXP 	window1: blendMode = 'avg'
8.6923 	EXP 	window1: blendMode = 'avg'
8.7092 	EXP 	window1: blendMode = 'avg'
8.7257 	EXP 	window1: blendMode = 'avg'
8.7425 	EXP 	window1: blendMode = 'avg'
8.7592 	EXP 	window1: blendMode = 'avg'
8.7758 	EXP 	window1: blendMode = 'avg'
8.7923 	EXP 	window1: blendMode = 'avg'
8.8095 	EXP 	window1: blendMode = 'avg'
8.8259 	EXP 	window1: blendMode = 'avg'
8.8425 	EXP 	window1: blendMode = 'avg'
8.8592 	EXP 	window1: blendMode = 'avg'
8.8758 	EXP 	window1: blendMode = 'avg'
8.8924 	EXP 	window1: blendMode = 'avg'
8.9092 	EXP 	window1: blendMode = 'avg'
8.9256 	EXP 	window1: blendMode = 'avg'
8.9427 	EXP 	window1: blendMode = 'avg'
8.9592 	EXP 	window1: blendMode = 'avg'
8.9758 	EXP 	window1: blendMode = 'avg'
8.9923 	EXP 	window1: blendMode = 'avg'
9.0091 	EXP 	window1: blendMode = 'avg'
9.0259 	EXP 	window1: blendMode = 'avg'
9.0425 	EXP 	window1: blendMode = 'avg'
9.0589 	EXP 	window1: blendMode = 'avg'
9.0758 	EXP 	window1: blendMode = 'avg'
9.0926 	EXP 	window1: blendMode = 'avg'
9.1090 	EXP 	window1: blendMode = 'avg'
9.1257 	EXP 	window1: blendMode = 'avg'
9.1425 	EXP 	window1: blendMode = 'avg'
9.1591 	EXP 	window1: blendMode = 'avg'
9.1758 	EXP 	window1: blendMode = 'avg'
9.1923 	EXP 	window1: blendMode = 'avg'
9.2092 	EXP 	window1: blendMode = 'avg'
9.2259 	EXP 	window1: blendMode = 'avg'
9.2425 	EXP 	window1: blendMode = 'avg'
9.2589 	EXP 	window1: blendMode = 'avg'
9.2758 	EXP 	window1: blendMode = 'avg'
9.2929 	EXP 	window1: blendMode = 'avg'
9.3097 	EXP 	window1: blendMode = 'avg'
9.3262 	EXP 	window1: blendMode = 'avg'
9.3417 	EXP 	window1: blendMode = 'avg'
9.3581 	EXP 	window1: blendMode = 'avg'
9.3744 	EXP 	window1: blendMode = 'avg'
9.3926 	EXP 	window1: blendMode = 'avg'
9.4091 	EXP 	window1: blendMode = 'avg'
9.4258 	EXP 	window1: blendMode = 'avg'
9.4426 	EXP 	window1: blendMode = 'avg'
9.4590 	EXP 	window1: blendMode = 'avg'
9.4758 	EXP 	window1: blendMode = 'avg'
9.4925 	EXP 	window1: blendMode = 'avg'
9.5092 	EXP 	window1: blendMode = 'avg'
9.5258 	EXP 	window1: blendMode = 'avg'
9.5425 	EXP 	window1: blendMode = 'avg'
9.5593 	EXP 	window1: blendMode = 'avg'
9.5762 	EXP 	window1: blendMode = 'avg'
9.5926 	EXP 	window1: blendMode = 'avg'
9.6090 	EXP 	window1: blendMode = 'avg'
9.6258 	EXP 	window1: blendMode = 'avg'
9.6425 	EXP 	window1: blendMode = 'avg'
9.6592 	EXP 	window1: blendMode = 'avg'
9.6758 	EXP 	window1: blendMode = 'avg'
9.6925 	EXP 	window1: blendMode = 'avg'
9.7092 	EXP 	window1: blendMode = 'avg'
9.7260 	EXP 	window1: blendMode = 'avg'
9.7425 	EXP 	window1: blendMode = 'avg'
9.7592 	EXP 	window1: blendMode = 'avg'
9.7758 	EXP 	window1: blendMode = 'avg'
9.7926 	EXP 	window1: blendMode = 'avg'
9.8093 	EXP 	window1: blendMode = 'avg'
9.8259 	EXP 	window1: blendMode = 'avg'
9.8425 	EXP 	window1: blendMode = 'avg'
9.8589 	EXP 	window1: blendMode = 'avg'
9.8758 	EXP 	window1: blendMode = 'avg'
9.8925 	EXP 	window1: blendMode = 'avg'
9.9091 	EXP 	window1: blendMode = 'avg'
9.9252 	EXP 	window1: blendMode = 'avg'
9.9427 	EXP 	window1: blendMode = 'avg'
9.9592 	EXP 	window1: blendMode = 'avg'
9.9758 	EXP 	window1: blendMode = 'avg'
9.9927 	EXP 	window1: blendMode = 'avg'
10.0092 	EXP 	window1: blendMode = 'avg'
10.0255 	EXP 	window1: blendMode = 'avg'
10.0427 	EXP 	window1: blendMode = 'avg'
10.0592 	EXP 	window1: blendMode = 'avg'
10.0758 	EXP 	window1: blendMode = 'avg'
10.0923 	EXP 	window1: blendMode = 'avg'
10.1091 	EXP 	window1: blendMode = 'avg'
10.1259 	EXP 	window1: blendMode = 'avg'
10.1425 	EXP 	window1: blendMode = 'avg'
10.1590 	EXP 	window1: blendMode = 'avg'
10.1750 	EXP 	window1: blendMode = 'avg'
10.1919 	EXP 	window1: blendMode = 'avg'
10.2094 	EXP 	window1: blendMode = 'avg'
10.2258 	EXP 	window1: blendMode = 'avg'
10.2425 	EXP 	window1: blendMode = 'avg'
10.2590 	EXP 	window1: blendMode = 'avg'
10.2760 	EXP 	window1: blendMode = 'avg'
10.2923 	EXP 	window1: blendMode = 'avg'
10.3094 	EXP 	window1: blendMode = 'avg'
10.3258 	EXP 	window1: blendMode = 'avg'
10.3425 	EXP 	window1: blendMode = 'avg'
10.3590 	EXP 	window1: blendMode = 'avg'
10.3758 	EXP 	window1: blendMode = 'avg'
10.3925 	EXP 	window1: blendMode = 'avg'
10.4092 	EXP 	window1: blendMode = 'avg'
10.4262 	EXP 	window1: blendMode = 'avg'
10.4421 	EXP 	window1: blendMode = 'avg'
10.4588 	EXP 	window1: blendMode = 'avg'
10.4760 	EXP 	window1: blendMode = 'avg'
10.4924 	EXP 	window1: blendMode = 'avg'
10.5092 	EXP 	window1: blendMode = 'avg'
10.5258 	EXP 	window1: blendMode = 'avg'
10.5424 	EXP 	window1: blendMode = 'avg'
10.5589 	EXP 	window1: blendMode = 'avg'
10.5758 	EXP 	window1: blendMode = 'avg'
10.5915 	EXP 	window1: blendMode = 'avg'
10.6091 	EXP 	window1: blendMode = 'avg'
10.6259 	EXP 	window1: blendMode = 'avg'
10.6424 	EXP 	window1: blendMode = 'avg'
10.6591 	EXP 	window1: blendMode = 'avg'
10.6758 	EXP 	window1: blendMode = 'avg'
10.6926 	EXP 	window1: blendMode = 'avg'
10.7094 	EXP 	window1: blendMode = 'avg'
10.7259 	EXP 	window1: blendMode = 'avg'
10.7421 	EXP 	window1: blendMode = 'avg'
10.7593 	EXP 	window1: blendMode = 'avg'
10.7758 	EXP 	window1: blendMode = 'avg'
10.7924 	EXP 	window1: blendMode = 'avg'
10.8091 	EXP 	window1: blendMode = 'avg'
10.8255 	EXP 	window1: blendMode = 'avg'
10.8427 	EXP 	window1: blendMode = 'avg'
10.8582 	EXP 	window1: blendMode = 'avg'
10.8758 	EXP 	window1: blendMode = 'avg'
10.8925 	EXP 	window1: blendMode = 'avg'
10.9091 	EXP 	window1: blendMode = 'avg'
10.9261 	EXP 	window1: blendMode = 'avg'
10.9426 	EXP 	window1: blendMode = 'avg'
10.9592 	EXP 	window1: blendMode = 'avg'
10.9763 	EXP 	window1: blendMode = 'avg'
10.9911 	EXP 	window1: blendMode = 'avg'
11.0093 	EXP 	window1: blendMode = 'avg'
11.0259 	EXP 	window1: blendMode = 'avg'
11.0427 	EXP 	window1: blendMode = 'avg'
11.0591 	EXP 	window1: blendMode = 'avg'
11.0758 	EXP 	window1: blendMode = 'avg'
11.0919 	EXP 	window1: blendMode = 'avg'
11.1091 	EXP 	window1: blendMode = 'avg'
11.1259 	EXP 	window1: blendMode = 'avg'
11.1425 	EXP 	window1: blendMode = 'avg'
11.1591 	EXP 	window1: blendMode = 'avg'
11.1754 	EXP 	window1: blendMode = 'avg'
11.1927 	EXP 	window1: blendMode = 'avg'
11.2091 	EXP 	window1: blendMode = 'avg'
11.2258 	EXP 	window1: blendMode = 'avg'
11.2425 	EXP 	window1: blendMode = 'avg'
11.2587 	EXP 	window1: blendMode = 'avg'
11.2753 	EXP 	window1: blendMode = 'avg'
11.2920 	EXP 	window1: blendMode = 'avg'
11.3093 	EXP 	window1: blendMode = 'avg'
11.3256 	EXP 	window1: blendMode = 'avg'
11.3428 	EXP 	window1: blendMode = 'avg'
11.3591 	EXP 	window1: blendMode = 'avg'
11.3758 	EXP 	window1: blendMode = 'avg'
11.3925 	EXP 	window1: blendMode = 'avg'
11.4091 	EXP 	window1: blendMode = 'avg'
11.4259 	EXP 	window1: blendMode = 'avg'
11.4422 	EXP 	window1: blendMode = 'avg'
11.4593 	EXP 	window1: blendMode = 'avg'
11.4758 	EXP 	window1: blendMode = 'avg'
11.4921 	EXP 	window1: blendMode = 'avg'
11.5090 	EXP 	window1: blendMode = 'avg'
11.5258 	EXP 	window1: blendMode = 'avg'
11.5417 	EXP 	window1: blendMode = 'avg'
11.5585 	EXP 	window1: blendMode = 'avg'
11.5757 	EXP 	window1: blendMode = 'avg'
11.5925 	EXP 	window1: blendMode = 'avg'
11.6091 	EXP 	window1: blendMode = 'avg'
11.6256 	EXP 	window1: blendMode = 'avg'
11.6425 	EXP 	window1: blendMode = 'avg'
11.6592 	EXP 	window1: blendMode = 'avg'
11.6749 	EXP 	window1: blendMode = 'avg'
11.6921 	EXP 	window1: blendMode = 'avg'
11.7094 	EXP 	window1: blendMode = 'avg'
11.7258 	EXP 	window1: blendMode = 'avg'
11.7425 	EXP 	window1: blendMode = 'avg'
11.7589 	EXP 	window1: blendMode = 'avg'
11.7758 	EXP 	window1: blendMode = 'avg'
11.7925 	EXP 	window1: blendMode = 'avg'
11.8091 	EXP 	window1: blendMode = 'avg'
11.8258 	EXP 	window1: blendMode = 'avg'
11.8425 	EXP 	window1: blendMode = 'avg'
11.8583 	EXP 	window1: blendMode = 'avg'
11.8752 	EXP 	window1: blendMode = 'avg'
11.8918 	EXP 	window1: blendMode = 'avg'
11.9085 	EXP 	window1: blendMode = 'avg'
11.9250 	EXP 	window1: blendMode = 'avg'
11.9416 	EXP 	window1: blendMode = 'avg'
11.9584 	EXP 	window1: blendMode = 'avg'
11.9752 	EXP 	window1: blendMode = 'avg'
11.9917 	EXP 	window1: blendMode = 'avg'
12.0084 	EXP 	window1: blendMode = 'avg'
12.0251 	EXP 	window1: blendMode = 'avg'
12.0420 	EXP 	window1: blendMode = 'avg'
12.0586 	EXP 	window1: blendMode = 'avg'
12.0753 	EXP 	window1: blendMode = 'avg'
12.0926 	EXP 	window1: blendMode = 'avg'
12.1091 	EXP 	window1: blendMode = 'avg'
12.1258 	EXP 	window1: blendMode = 'avg'
12.1425 	EXP 	window1: blendMode = 'avg'
12.1589 	EXP 	window1: blendMode = 'avg'
12.1760 	EXP 	window1: blendMode = 'avg'
12.1925 	EXP 	window1: blendMode = 'avg'
12.2091 	EXP 	window1: blendMode = 'avg'
12.2256 	EXP 	window1: blendMode = 'avg'
12.2425 	EXP 	window1: blendMode = 'avg'
12.2591 	EXP 	window1: blendMode = 'avg'
12.2758 	EXP 	window1: blendMode = 'avg'
12.2923 	EXP 	window1: blendMode = 'avg'
12.3091 	EXP 	window1: blendMode = 'avg'
12.3258 	EXP 	window1: blendMode = 'avg'
12.3424 	EXP 	window1: blendMode = 'avg'
12.3589 	EXP 	window1: blendMode = 'avg'
12.3753 	EXP 	window1: blendMode = 'avg'
12.3927 	EXP 	window1: blendMode = 'avg'
12.4092 	EXP 	window1: blendMode = 'avg'
12.4258 	EXP 	window1: blendMode = 'avg'
12.4425 	EXP 	window1: blendMode = 'avg'
12.4591 	EXP 	window1: blendMode = 'avg'
12.4758 	EXP 	window1: blendMode = 'avg'
12.4917 	EXP 	window1: blendMode = 'avg'
12.5091 	EXP 	window1: blendMode = 'avg'
12.5258 	EXP 	window1: blendMode = 'avg'
12.5425 	EXP 	window1: blendMode = 'avg'
12.5589 	EXP 	window1: blendMode = 'avg'
12.5758 	EXP 	window1: blendMode = 'avg'
12.5925 	EXP 	window1: blendMode = 'avg'
12.6091 	EXP 	window1: blendMode = 'avg'
12.6256 	EXP 	window1: blendMode = 'avg'
12.6424 	EXP 	window1: blendMode = 'avg'
12.6592 	EXP 	window1: blendMode = 'avg'
12.6758 	EXP 	window1: blendMode = 'avg'
12.6923 	EXP 	window1: blendMode = 'avg'
12.7091 	EXP 	window1: blendMode = 'avg'
12.7258 	EXP 	window1: blendMode = 'avg'
12.7425 	EXP 	window1: blendMode = 'avg'
12.7589 	EXP 	window1: blendMode = 'avg'
12.7758 	EXP 	window1: blendMode = 'avg'
12.7925 	EXP 	window1: blendMode = 'avg'
12.8091 	EXP 	window1: blendMode = 'avg'
12.8256 	EXP 	window1: blendMode = 'avg'
12.8424 	EXP 	window1: blendMode = 'avg'
12.8592 	EXP 	window1: blendMode = 'avg'
12.8753 	EXP 	window1: blendMode = 'avg'
12.8925 	EXP 	window1: blendMode = 'avg'
12.9086 	EXP 	window1: blendMode = 'avg'
12.9262 	EXP 	window1: blendMode = 'avg'
12.9427 	EXP 	window1: blendMode = 'avg'
12.9591 	EXP 	window1: blendMode = 'avg'
12.9758 	EXP 	window1: blendMode = 'avg'
12.9921 	EXP 	window1: blendMode = 'avg'
13.0093 	EXP 	window1: blendMode = 'avg'
13.0259 	EXP 	window1: blendMode = 'avg'
13.0425 	EXP 	window1: blendMode = 'avg'
13.0590 	EXP 	window1: blendMode = 'avg'
13.0758 	EXP 	window1: blendMode = 'avg'
13.0925 	EXP 	window1: blendMode = 'avg'
13.1092 	EXP 	window1: blendMode = 'avg'
13.1261 	EXP 	window1: blendMode = 'avg'
13.1429 	EXP 	window1: blendMode = 'avg'
13.1590 	EXP 	window1: blendMode = 'avg'
13.1760 	EXP 	window1: blendMode = 'avg'
13.1925 	EXP 	window1: blendMode = 'avg'
13.2091 	EXP 	window1: blendMode = 'avg'
13.2258 	EXP 	window1: blendMode = 'avg'
13.2424 	EXP 	window1: blendMode = 'avg'
13.2589 	EXP 	window1: blendMode = 'avg'
13.2758 	EXP 	window1: blendMode = 'avg'
13.2926 	EXP 	window1: blendMode = 'avg'
13.3091 	EXP 	window1: blendMode = 'avg'
13.3258 	EXP 	window1: blendMode = 'avg'
13.3424 	EXP 	window1: blendMode = 'avg'
13.3587 	EXP 	window1: blendMode = 'avg'
13.3760 	EXP 	window1: blendMode = 'avg'
13.3925 	EXP 	window1: blendMode = 'avg'
13.4091 	EXP 	window1: blendMode = 'avg'
13.4259 	EXP 	window1: blendMode = 'avg'
13.4424 	EXP 	window1: blendMode = 'avg'
13.4589 	EXP 	window1: blendMode = 'avg'
13.4758 	EXP 	window1: blendMode = 'avg'
13.4924 	EXP 	window1: blendMode = 'avg'
13.5083 	EXP 	window1: blendMode = 'avg'
13.5258 	EXP 	window1: blendMode = 'avg'
13.5425 	EXP 	window1: blendMode = 'avg'
13.5591 	EXP 	window1: blendMode = 'avg'
13.5758 	EXP 	window1: blendMode = 'avg'
13.5922 	EXP 	window1: blendMode = 'avg'
13.6094 	EXP 	window1: blendMode = 'avg'
13.6259 	EXP 	window1: blendMode = 'avg'
13.6424 	EXP 	window1: blendMode = 'avg'
13.6590 	EXP 	window1: blendMode = 'avg'
13.6758 	EXP 	window1: blendMode = 'avg'
13.6925 	EXP 	window1: blendMode = 'avg'
13.7091 	EXP 	window1: blendMode = 'avg'
13.7258 	EXP 	window1: blendMode = 'avg'
13.7424 	EXP 	window1: blendMode = 'avg'
13.7592 	EXP 	window1: blendMode = 'avg'
13.7758 	EXP 	window1: blendMode = 'avg'
13.7923 	EXP 	window1: blendMode = 'avg'
13.8091 	EXP 	window1: blendMode = 'avg'
13.8258 	EXP 	window1: blendMode = 'avg'
13.8425 	EXP 	window1: blendMode = 'avg'
13.8589 	EXP 	window1: blendMode = 'avg'
13.8758 	EXP 	window1: blendMode = 'avg'
13.8925 	EXP 	window1: blendMode = 'avg'
13.9091 	EXP 	window1: blendMode = 'avg'
13.9256 	EXP 	window1: blendMode = 'avg'
13.9424 	EXP 	window1: blendMode = 'avg'
13.9591 	EXP 	window1: blendMode = 'avg'
13.9749 	EXP 	window1: blendMode = 'avg'
13.9923 	EXP 	window1: blendMode = 'avg'
14.0091 	EXP 	window1: blendMode = 'avg'
14.0258 	EXP 	window1: blendMode = 'avg'
14.0424 	EXP 	window1: blendMode = 'avg'
14.0588 	EXP 	window1: blendMode = 'avg'
14.0760 	EXP 	window1: blendMode = 'avg'
14.0924 	EXP 	window1: blendMode = 'avg'
14.1091 	EXP 	window1: blendMode = 'avg'
14.1256 	EXP 	window1: blendMode = 'avg'
14.1424 	EXP 	window1: blendMode = 'avg'
14.1591 	EXP 	window1: blendMode = 'avg'
14.1757 	EXP 	window1: blendMode = 'avg'
14.1920 	EXP 	window1: blendMode = 'avg'
14.2093 	EXP 	window1: blendMode = 'avg'
14.2258 	EXP 	window1: blendMode = 'avg'
14.2424 	EXP 	window1: blendMode = 'avg'
14.2589 	EXP 	window1: blendMode = 'avg'
14.2758 	EXP 	window1: blendMode = 'avg'
14.2924 	EXP 	window1: blendMode = 'avg'
14.3091 	EXP 	window1: blendMode = 'avg'
14.3256 	EXP 	window1: blendMode = 'avg'
14.3425 	EXP 	window1: blendMode = 'avg'
14.3592 	EXP 	window1: blendMode = 'avg'
14.3758 	EXP 	window1: blendMode = 'avg'
14.3925 	EXP 	window1: blendMode = 'avg'
14.4091 	EXP 	window1: blendMode = 'avg'
14.4256 	EXP 	window1: blendMode = 'avg'
14.4424 	EXP 	window1: blendMode = 'avg'
14.4592 	EXP 	window1: blendMode = 'avg'
14.4758 	EXP 	window1: blendMode = 'avg'
14.4922 	EXP 	window1: blendMode = 'avg'
14.5093 	EXP 	window1: blendMode = 'avg'
14.5258 	EXP 	window1: blendMode = 'avg'
14.5424 	EXP 	window1: blendMode = 'avg'
14.5589 	EXP 	window1: blendMode = 'avg'
14.5754 	EXP 	window1: blendMode = 'avg'
14.5915 	EXP 	window1: blendMode = 'avg'
14.6091 	EXP 	window1: blendMode = 'avg'
14.6258 	EXP 	window1: blendMode = 'avg'
14.6424 	EXP 	window1: blendMode = 'avg'
14.6589 	EXP 	window1: blendMode = 'avg'
14.6757 	EXP 	window1: blendMode = 'avg'
14.6924 	EXP 	window1: blendMode = 'avg'
14.7091 	EXP 	window1: blendMode = 'avg'
14.7256 	EXP 	window1: blendMode = 'avg'
14.7424 	EXP 	window1: blendMode = 'avg'
14.7591 	EXP 	window1: blendMode = 'avg'
14.7758 	EXP 	window1: blendMode = 'avg'
14.7923 	EXP 	window1: blendMode = 'avg'
14.8091 	EXP 	window1: blendMode = 'avg'
14.8254 	EXP 	window1: blendMode = 'avg'
14.8426 	EXP 	window1: blendMode = 'avg'
14.8592 	EXP 	window1: blendMode = 'avg'
14.8758 	EXP 	window1: blendMode = 'avg'
14.8923 	EXP 	window1: blendMode = 'avg'
14.9091 	EXP 	window1: blendMode = 'avg'
14.9258 	EXP 	window1: blendMode = 'avg'
14.9424 	EXP 	window1: blendMode = 'avg'
14.9589 	EXP 	window1: blendMode = 'avg'
14.9757 	EXP 	window1: blendMode = 'avg'
14.9923 	EXP 	window1: blendMode = 'avg'
15.0091 	EXP 	window1: blendMode = 'avg'
15.0255 	EXP 	window1: blendMode = 'avg'
15.0426 	EXP 	window1: blendMode = 'avg'
15.0591 	EXP 	window1: blendMode = 'avg'
15.0758 	EXP 	window1: blendMode = 'avg'
15.0922 	EXP 	window1: blendMode = 'avg'
15.1093 	EXP 	window1: blendMode = 'avg'
15.1258 	EXP 	window1: blendMode = 'avg'
15.1424 	EXP 	window1: blendMode = 'avg'
15.1590 	EXP 	window1: blendMode = 'avg'
15.1757 	EXP 	window1: blendMode = 'avg'
15.1924 	EXP 	window1: blendMode = 'avg'
15.2091 	EXP 	window1: blendMode = 'avg'
15.2255 	EXP 	window1: blendMode = 'avg'
15.2424 	EXP 	window1: blendMode = 'avg'
15.2591 	EXP 	window1: blendMode = 'avg'
15.2758 	EXP 	window1: blendMode = 'avg'
15.2922 	EXP 	window1: blendMode = 'avg'
15.3091 	EXP 	window1: blendMode = 'avg'
15.3257 	EXP 	window1: blendMode = 'avg'
15.3424 	EXP 	window1: blendMode = 'avg'
15.3588 	EXP 	window1: blendMode = 'avg'
15.3759 	EXP 	window1: blendMode = 'avg'
15.3925 	EXP 	window1: blendMode = 'avg'
15.4093 	EXP 	window1: blendMode = 'avg'
15.4259 	EXP 	window1: blendMode = 'avg'
15.4424 	EXP 	window1: blendMode = 'avg'
15.4589 	EXP 	window1: blendMode = 'avg'
15.4758 	EXP 	window1: blendMode = 'avg'
15.4922 	EXP 	window1: blendMode = 'avg'
15.5090 	EXP 	window1: blendMode = 'avg'
15.5258 	EXP 	window1: blendMode = 'avg'
15.5424 	EXP 	window1: blendMode = 'avg'
15.5589 	EXP 	window1: blendMode = 'avg'
15.5758 	EXP 	window1: blendMode = 'avg'
15.5924 	EXP 	window1: blendMode = 'avg'
15.6091 	EXP 	window1: blendMode = 'avg'
15.6256 	EXP 	window1: blendMode = 'avg'
15.6424 	EXP 	window1: blendMode = 'avg'
15.6591 	EXP 	window1: blendMode = 'avg'
15.6758 	EXP 	window1: blendMode = 'avg'
15.6924 	EXP 	window1: blendMode = 'avg'
15.7091 	EXP 	window1: blendMode = 'avg'
15.7258 	EXP 	window1: blendMode = 'avg'
15.7421 	EXP 	window1: blendMode = 'avg'
15.7593 	EXP 	window1: blendMode = 'avg'
15.7757 	EXP 	window1: blendMode = 'avg'
15.7924 	EXP 	window1: blendMode = 'avg'
15.8091 	EXP 	window1: blendMode = 'avg'
15.8260 	EXP 	window1: blendMode = 'avg'
15.8426 	EXP 	window1: blendMode = 'avg'
15.8591 	EXP 	window1: blendMode = 'avg'
15.8757 	EXP 	window1: blendMode = 'avg'
15.8922 	EXP 	window1: blendMode = 'avg'
15.9091 	EXP 	window1: blendMode = 'avg'
15.9257 	EXP 	window1: blendMode = 'avg'
15.9424 	EXP 	window1: blendMode = 'avg'
15.9588 	EXP 	window1: blendMode = 'avg'
15.9759 	EXP 	window1: blendMode = 'avg'
15.9924 	EXP 	window1: blendMode = 'avg'
16.0090 	EXP 	window1: blendMode = 'avg'
16.0258 	EXP 	window1: blendMode = 'avg'
16.0424 	EXP 	window1: blendMode = 'avg'
16.0589 	EXP 	window1: blendMode = 'avg'
16.0757 	EXP 	window1: blendMode = 'avg'
16.0921 	EXP 	window1: blendMode = 'avg'
16.1092 	EXP 	window1: blendMode = 'avg'
16.1258 	EXP 	window1: blendMode = 'avg'
16.1421 	EXP 	window1: blendMode = 'avg'
16.1593 	EXP 	window1: blendMode = 'avg'
16.1758 	EXP 	window1: blendMode = 'avg'
16.1924 	EXP 	window1: blendMode = 'avg'
16.2091 	EXP 	window1: blendMode = 'avg'
16.2255 	EXP 	window1: blendMode = 'avg'
16.2424 	EXP 	window1: blendMode = 'avg'
16.2591 	EXP 	window1: blendMode = 'avg'
16.2757 	EXP 	window1: blendMode = 'avg'
16.2922 	EXP 	window1: blendMode = 'avg'
16.3090 	EXP 	window1: blendMode = 'avg'
16.3258 	EXP 	window1: blendMode = 'avg'
16.3424 	EXP 	window1: blendMode = 'avg'
16.3591 	EXP 	window1: blendMode = 'avg'
16.3757 	EXP 	window1: blendMode = 'avg'
16.3920 	EXP 	window1: blendMode = 'avg'
16.4093 	EXP 	window1: blendMode = 'avg'
16.4257 	EXP 	window1: blendMode = 'avg'
16.4424 	EXP 	window1: blendMode = 'avg'
16.4591 	EXP 	window1: blendMode = 'avg'
16.4757 	EXP 	window1: blendMode = 'avg'
16.4921 	EXP 	window1: blendMode = 'avg'
16.5093 	EXP 	window1: blendMode = 'avg'
16.5258 	EXP 	window1: blendMode = 'avg'
16.5424 	EXP 	window1: blendMode = 'avg'
16.5588 	EXP 	window1: blendMode = 'avg'
16.5761 	EXP 	window1: blendMode = 'avg'
16.5925 	EXP 	window1: blendMode = 'avg'
16.6091 	EXP 	window1: blendMode = 'avg'
16.6257 	EXP 	window1: blendMode = 'avg'
16.6425 	EXP 	window1: blendMode = 'avg'
16.6591 	EXP 	window1: blendMode = 'avg'
16.6757 	EXP 	window1: blendMode = 'avg'
16.6924 	EXP 	window1: blendMode = 'avg'
16.7090 	EXP 	window1: blendMode = 'avg'
16.7256 	EXP 	window1: blendMode = 'avg'
16.7424 	EXP 	window1: blendMode = 'avg'
16.7587 	EXP 	window1: blendMode = 'avg'
16.7758 	EXP 	window1: blendMode = 'avg'
16.7924 	EXP 	window1: blendMode = 'avg'
16.8088 	EXP 	window1: blendMode = 'avg'
16.8259 	EXP 	window1: blendMode = 'avg'
16.8424 	EXP 	window1: blendMode = 'avg'
16.8591 	EXP 	window1: blendMode = 'avg'
16.8757 	EXP 	window1: blendMode = 'avg'
16.8925 	EXP 	window1: blendMode = 'avg'
16.9091 	EXP 	window1: blendMode = 'avg'
16.9257 	EXP 	window1: blendMode = 'avg'
16.9424 	EXP 	window1: blendMode = 'avg'
16.9589 	EXP 	window1: blendMode = 'avg'
16.9757 	EXP 	window1: blendMode = 'avg'
16.9926 	EXP 	window1: blendMode = 'avg'
17.0090 	EXP 	window1: blendMode = 'avg'
17.0257 	EXP 	window1: blendMode = 'avg'
17.0424 	EXP 	window1: blendMode = 'avg'
17.0591 	EXP 	window1: blendMode = 'avg'
17.0757 	EXP 	window1: blendMode = 'avg'
17.0924 	EXP 	window1: blendMode = 'avg'
17.1090 	EXP 	window1: blendMode = 'avg'
17.1255 	EXP 	window1: blendMode = 'avg'
17.1426 	EXP 	window1: blendMode = 'avg'
17.1591 	EXP 	window1: blendMode = 'avg'
17.1757 	EXP 	window1: blendMode = 'avg'
17.1918 	EXP 	window1: blendMode = 'avg'
17.2092 	EXP 	window1: blendMode = 'avg'
17.2257 	EXP 	window1: blendMode = 'avg'
17.2424 	EXP 	window1: blendMode = 'avg'
17.2588 	EXP 	window1: blendMode = 'avg'
17.2757 	EXP 	window1: blendMode = 'avg'
17.2924 	EXP 	window1: blendMode = 'avg'
17.3090 	EXP 	window1: blendMode = 'avg'
17.3255 	EXP 	window1: blendMode = 'avg'
17.3426 	EXP 	window1: blendMode = 'avg'
17.3591 	EXP 	window1: blendMode = 'avg'
17.3752 	EXP 	window1: blendMode = 'avg'
17.3922 	EXP 	window1: blendMode = 'avg'
17.4095 	EXP 	window1: blendMode = 'avg'
17.4260 	EXP 	window1: blendMode = 'avg'
17.4424 	EXP 	window1: blendMode = 'avg'
17.4591 	EXP 	window1: blendMode = 'avg'
17.4757 	EXP 	window1: blendMode = 'avg'
17.4922 	EXP 	window1: blendMode = 'avg'
17.5091 	EXP 	window1: blendMode = 'avg'
17.5258 	EXP 	window1: blendMode = 'avg'
17.5424 	EXP 	window1: blendMode = 'avg'
17.5590 	EXP 	window1: blendMode = 'avg'
17.5757 	EXP 	window1: blendMode = 'avg'
17.5921 	EXP 	window1: blendMode = 'avg'
17.6084 	EXP 	window1: blendMode = 'avg'
17.6258 	EXP 	window1: blendMode = 'avg'
17.6424 	EXP 	window1: blendMode = 'avg'
17.6589 	EXP 	window1: blendMode = 'avg'
17.6757 	EXP 	window1: blendMode = 'avg'
17.6925 	EXP 	window1: blendMode = 'avg'
17.7088 	EXP 	window1: blendMode = 'avg'
17.7260 	EXP 	window1: blendMode = 'avg'
17.7424 	EXP 	window1: blendMode = 'avg'
17.7591 	EXP 	window1: blendMode = 'avg'
17.7757 	EXP 	window1: blendMode = 'avg'
17.7922 	EXP 	window1: blendMode = 'avg'
17.8091 	EXP 	window1: blendMode = 'avg'
17.8258 	EXP 	window1: blendMode = 'avg'
17.8424 	EXP 	window1: blendMode = 'avg'
17.8593 	EXP 	window1: blendMode = 'avg'
17.8757 	EXP 	window1: blendMode = 'avg'
17.8922 	EXP 	window1: blendMode = 'avg'
17.9090 	EXP 	window1: blendMode = 'avg'
17.9253 	EXP 	window1: blendMode = 'avg'
17.9425 	EXP 	window1: blendMode = 'avg'
17.9590 	EXP 	window1: blendMode = 'avg'
17.9757 	EXP 	window1: blendMode = 'avg'
17.9922 	EXP 	window1: blendMode = 'avg'
18.0091 	EXP 	window1: blendMode = 'avg'
18.0254 	EXP 	window1: blendMode = 'avg'
18.0426 	EXP 	window1: blendMode = 'avg'
18.0590 	EXP 	window1: blendMode = 'avg'
18.0757 	EXP 	window1: blendMode = 'avg'
18.0924 	EXP 	window1: blendMode = 'avg'
18.1090 	EXP 	window1: blendMode = 'avg'
18.1253 	EXP 	window1: blendMode = 'avg'
18.1424 	EXP 	window1: blendMode = 'avg'
18.1591 	EXP 	window1: blendMode = 'avg'
18.1757 	EXP 	window1: blendMode = 'avg'
18.1922 	EXP 	window1: blendMode = 'avg'
18.2091 	EXP 	window1: blendMode = 'avg'
18.2257 	EXP 	window1: blendMode = 'avg'
18.2424 	EXP 	window1: blendMode = 'avg'
18.2588 	EXP 	window1: blendMode = 'avg'
18.2759 	EXP 	window1: blendMode = 'avg'
18.2924 	EXP 	window1: blendMode = 'avg'
18.3090 	EXP 	window1: blendMode = 'avg'
18.3255 	EXP 	window1: blendMode = 'avg'
18.3424 	EXP 	window1: blendMode = 'avg'
18.3591 	EXP 	window1: blendMode = 'avg'
18.3755 	EXP 	window1: blendMode = 'avg'
18.3924 	EXP 	window1: blendMode = 'avg'
18.4091 	EXP 	window1: blendMode = 'avg'
18.4257 	EXP 	window1: blendMode = 'avg'
18.4424 	EXP 	window1: blendMode = 'avg'
18.4591 	EXP 	window1: blendMode = 'avg'
18.4757 	EXP 	window1: blendMode = 'avg'
18.4920 	EXP 	window1: blendMode = 'avg'
18.5091 	EXP 	window1: blendMode = 'avg'
18.5258 	EXP 	window1: blendMode = 'avg'
18.5424 	EXP 	window1: blendMode = 'avg'
18.5592 	EXP 	window1: blendMode = 'avg'
18.5757 	EXP 	window1: blendMode = 'avg'
18.5924 	EXP 	window1: blendMode = 'avg'
18.6091 	EXP 	window1: blendMode = 'avg'
18.6255 	EXP 	window1: blendMode = 'avg'
18.6428 	EXP 	window1: blendMode = 'avg'
18.6588 	EXP 	window1: blendMode = 'avg'
18.6759 	EXP 	window1: blendMode = 'avg'
18.6925 	EXP 	window1: blendMode = 'avg'
18.7090 	EXP 	window1: blendMode = 'avg'
18.7257 	EXP 	window1: blendMode = 'avg'
18.7423 	EXP 	window1: blendMode = 'avg'
18.7587 	EXP 	window1: blendMode = 'avg'
18.7758 	EXP 	window1: blendMode = 'avg'
18.7924 	EXP 	window1: blendMode = 'avg'
18.8090 	EXP 	window1: blendMode = 'avg'
18.8256 	EXP 	window1: blendMode = 'avg'
18.8424 	EXP 	window1: blendMode = 'avg'
18.8591 	EXP 	window1: blendMode = 'avg'
18.8757 	EXP 	window1: blendMode = 'avg'
18.8922 	EXP 	window1: blendMode = 'avg'
18.9089 	EXP 	window1: blendMode = 'avg'
18.9253 	EXP 	window1: blendMode = 'avg'
18.9426 	EXP 	window1: blendMode = 'avg'
18.9591 	EXP 	window1: blendMode = 'avg'
18.9757 	EXP 	window1: blendMode = 'avg'
18.9924 	EXP 	window1: blendMode = 'avg'
19.0090 	EXP 	window1: blendMode = 'avg'
19.0257 	EXP 	window1: blendMode = 'avg'
19.0423 	EXP 	window1: blendMode = 'avg'
19.0588 	EXP 	window1: blendMode = 'avg'
19.0759 	EXP 	window1: blendMode = 'avg'
19.0924 	EXP 	window1: blendMode = 'avg'
19.1090 	EXP 	window1: blendMode = 'avg'
19.1255 	EXP 	window1: blendMode = 'avg'
19.1426 	EXP 	window1: blendMode = 'avg'
19.1593 	EXP 	window1: blendMode = 'avg'
19.1751 	EXP 	window1: blendMode = 'avg'
19.1924 	EXP 	window1: blendMode = 'avg'
19.2090 	EXP 	window1: blendMode = 'avg'
19.2257 	EXP 	window1: blendMode = 'avg'
19.2423 	EXP 	window1: blendMode = 'avg'
19.2591 	EXP 	window1: blendMode = 'avg'
19.2758 	EXP 	window1: blendMode = 'avg'
19.2919 	EXP 	window1: blendMode = 'avg'
19.3093 	EXP 	window1: blendMode = 'avg'
19.3255 	EXP 	window1: blendMode = 'avg'
19.3423 	EXP 	window1: blendMode = 'avg'
19.3587 	EXP 	window1: blendMode = 'avg'
19.3759 	EXP 	window1: blendMode = 'avg'
19.3924 	EXP 	window1: blendMode = 'avg'
19.4090 	EXP 	window1: blendMode = 'avg'
19.4255 	EXP 	window1: blendMode = 'avg'
19.4424 	EXP 	window1: blendMode = 'avg'
19.4590 	EXP 	window1: blendMode = 'avg'
19.4757 	EXP 	window1: blendMode = 'avg'
19.4921 	EXP 	window1: blendMode = 'avg'
19.5092 	EXP 	window1: blendMode = 'avg'
19.5257 	EXP 	window1: blendMode = 'avg'
19.5424 	EXP 	window1: blendMode = 'avg'
19.5588 	EXP 	window1: blendMode = 'avg'
19.5759 	EXP 	window1: blendMode = 'avg'
19.5924 	EXP 	window1: blendMode = 'avg'
19.6090 	EXP 	window1: blendMode = 'avg'
19.6255 	EXP 	window1: blendMode = 'avg'
19.6423 	EXP 	window1: blendMode = 'avg'
19.6590 	EXP 	window1: blendMode = 'avg'
19.6757 	EXP 	window1: blendMode = 'avg'
19.6921 	EXP 	window1: blendMode = 'avg'
19.7093 	EXP 	window1: blendMode = 'avg'
19.7257 	EXP 	window1: blendMode = 'avg'
19.7423 	EXP 	window1: blendMode = 'avg'
19.7591 	EXP 	window1: blendMode = 'avg'
19.7787 	DATA 	Keypress: space
19.7921 	EXP 	Imported Book.xlsx as conditions, 44 conditions, 7 params
19.7926 	EXP 	Created sequence: random, trialTypes=44, nReps=1, seed=None
19.7930 	EXP 	New trial (rep=0, index=0): {'YLeftPos': 0, 'time_presentation': 0.5, 'XLeftPos': -300, 'XRightPos': 300, 'rightimg': u'frogs/ab71.jpg', 'YRightPos': 0, 'leftimg': u'frogs/ab31.jpg'}
19.9241 	EXP 	text_2: autoDraw = False
19.9241 	EXP 	Leftimg: pos = array([-300.,    0.])
19.9241 	EXP 	Leftimg: image = u'frogs/ab31.jpg'
19.9241 	EXP 	Rightimg: pos = array([ 300.,    0.])
19.9241 	EXP 	Rightimg: image = u'frogs/ab71.jpg'
19.9241 	EXP 	Leftimg: autoDraw = True
19.9241 	EXP 	Rightimg: autoDraw = True
20.3082 	EXP 	Leftimg: autoDraw = False
20.3082 	EXP 	Rightimg: autoDraw = False
20.7935 	DATA 	Keypress: right
20.7947 	EXP 	New trial (rep=0, index=1): {'YLeftPos': 0, 'time_presentation': 0.5, 'XLeftPos': -300, 'XRightPos': 300, 'rightimg': u'frogs/ab64.jpg', 'YRightPos': 0, 'leftimg': u'frogs/ab24.jpg'}
20.8250 	EXP 	Leftimg: autoDraw = False
20.8250 	EXP 	Rightimg: autoDraw = False
20.8250 	EXP 	text: autoDraw = False
20.8250 	EXP 	Leftimg: pos = array([-300.,    0.])
20.8250 	EXP 	Leftimg: image = u'frogs/ab24.jpg'
20.8250 	EXP 	Rightimg: pos = array([ 300.,    0.])
20.8250 	EXP 	Rightimg: image = u'frogs/ab64.jpg'
20.8250 	EXP 	Leftimg: autoDraw = True
20.8250 	EXP 	Rightimg: autoDraw = True
21.3077 	EXP 	Leftimg: autoDraw = False
21.3077 	EXP 	Rightimg: autoDraw = False
21.4767 	DATA 	Keypress: left
21.4779 	EXP 	New trial (rep=0, index=2): {'YLeftPos': 0, 'time_presentation': 0.5, 'XLeftPos': -300, 'XRightPos': 300, 'rightimg': u'frogs/ab75.jpg', 'YRightPos': 0, 'leftimg': u'frogs/ab35.jpg'}
21.5080 	EXP 	Leftimg: autoDraw = False
21.5080 	EXP 	Rightimg: autoDraw = False
21.5080 	EXP 	text: autoDraw = False
21.5080 	EXP 	Leftimg: pos = array([-300.,    0.])
21.5080 	EXP 	Leftimg: image = u'frogs/ab35.jpg'
21.5080 	EXP 	Rightimg: pos = array([ 300.,    0.])
21.5080 	EXP 	Rightimg: image = u'frogs/ab75.jpg'
21.5080 	EXP 	Leftimg: autoDraw = True
21.5080 	EXP 	Rightimg: autoDraw = True
21.9916 	EXP 	Leftimg: autoDraw = False
21.9916 	EXP 	Rightimg: autoDraw = False
22.1938 	DATA 	Keypress: right
22.1957 	EXP 	New trial (rep=0, index=3): {'YLeftPos': 0, 'time_presentation': 0.5, 'XLeftPos': -300, 'XRightPos': 300, 'rightimg': u'frogs/ab52.jpg', 'YRightPos': 0, 'leftimg': u'frogs/ab12.jpg'}
22.2247 	EXP 	Leftimg: autoDraw = False
22.2247 	EXP 	Rightimg: autoDraw = False
22.2247 	EXP 	text: autoDraw = False
22.2247 	EXP 	Leftimg: pos = array([-300.,    0.])
22.2247 	EXP 	Leftimg: image = u'frogs/ab12.jpg'
22.2247 	EXP 	Rightimg: pos = array([ 300.,    0.])
22.2247 	EXP 	Rightimg: image = u'frogs/ab52.jpg'
22.2247 	EXP 	Leftimg: autoDraw = True
22.2247 	EXP 	Rightimg: autoDraw = True
22.6921 	DATA 	Keypress: left
22.6931 	EXP 	New trial (rep=0, index=4): {'YLeftPos': 0, 'time_presentation': 0.5, 'XLeftPos': -300, 'XRightPos': 300, 'rightimg': u'frogs/ab62.jpg', 'YRightPos': 0, 'leftimg': u'frogs/ab22.jpg'}
22.8750 	EXP 	Leftimg: autoDraw = False
22.8750 	EXP 	Rightimg: autoDraw = False
22.8750 	EXP 	Leftimg: autoDraw = False
22.8750 	EXP 	Rightimg: autoDraw = False
22.8750 	EXP 	text: autoDraw = False
22.8750 	EXP 	Leftimg: pos = array([-300.,    0.])
22.8750 	EXP 	Leftimg: image = u'frogs/ab22.jpg'
22.8750 	EXP 	Rightimg: pos = array([ 300.,    0.])
22.8750 	EXP 	Rightimg: image = u'frogs/ab62.jpg'
22.8750 	EXP 	Leftimg: autoDraw = True
22.8750 	EXP 	Rightimg: autoDraw = True
23.2084 	EXP 	Leftimg: autoDraw = False
23.2084 	EXP 	Rightimg: autoDraw = False
23.4267 	DATA 	Keypress: right
23.4279 	EXP 	New trial (rep=0, index=5): {'YLeftPos': 0, 'time_presentation': 0.5, 'XLeftPos': -300, 'XRightPos': 300, 'rightimg': u'frogs/ab43.jpg', 'YRightPos': 0, 'leftimg': u'frogs/ab3.jpg'}
23.4912 	EXP 	Leftimg: autoDraw = False
23.4912 	EXP 	Rightimg: autoDraw = False
23.4912 	EXP 	text: autoDraw = False
23.4912 	EXP 	Leftimg: pos = array([-300.,    0.])
23.4912 	EXP 	Leftimg: image = u'frogs/ab3.jpg'
23.4912 	EXP 	Rightimg: pos = array([ 300.,    0.])
23.4912 	EXP 	Rightimg: image = u'frogs/ab43.jpg'
23.4912 	EXP 	Leftimg: autoDraw = True
23.4912 	EXP 	Rightimg: autoDraw = True
23.9267 	DATA 	Keypress: left
23.9275 	EXP 	New trial (rep=0, index=6): {'YLeftPos': 0, 'time_presentation': 0.5, 'XLeftPos': -300, 'XRightPos': 300, 'rightimg': u'frogs/ab50.jpg', 'YRightPos': 0, 'leftimg': u'frogs/ab10.jpg'}
23.9732 	EXP 	Leftimg: autoDraw = False
23.9732 	EXP 	Rightimg: autoDraw = False
23.9732 	EXP 	Leftimg: autoDraw = False
23.9732 	EXP 	Rightimg: autoDraw = False
23.9732 	EXP 	text: autoDraw = False
23.9732 	EXP 	Leftimg: pos = array([-300.,    0.])
23.9732 	EXP 	Leftimg: image = u'frogs/ab10.jpg'
23.9732 	EXP 	Rightimg: pos = array([ 300.,    0.])
23.9732 	EXP 	Rightimg: image = u'frogs/ab50.jpg'
23.9732 	EXP 	Leftimg: autoDraw = True
23.9732 	EXP 	Rightimg: autoDraw = True
24.4408 	EXP 	Leftimg: autoDraw = False
24.4408 	EXP 	Rightimg: autoDraw = False
24.4931 	DATA 	Keypress: right
24.4943 	EXP 	New trial (rep=0, index=7): {'YLeftPos': 0, 'time_presentation': 0.5, 'XLeftPos': -300, 'XRightPos': 300, 'rightimg': u'frogs/ab72.jpg', 'YRightPos': 0, 'leftimg': u'frogs/ab32.jpg'}
24.5408 	EXP 	Leftimg: autoDraw = False
24.5408 	EXP 	Rightimg: autoDraw = False
24.5408 	EXP 	text: autoDraw = False
24.5408 	EXP 	Leftimg: pos = array([-300.,    0.])
24.5408 	EXP 	Leftimg: image = u'frogs/ab32.jpg'
24.5408 	EXP 	Rightimg: pos = array([ 300.,    0.])
24.5408 	EXP 	Rightimg: image = u'frogs/ab72.jpg'
24.5408 	EXP 	Leftimg: autoDraw = True
24.5408 	EXP 	Rightimg: autoDraw = True
25.0082 	EXP 	Leftimg: autoDraw = False
25.0082 	EXP 	Rightimg: autoDraw = False
25.0255 	DATA 	Keypress: left
25.0266 	EXP 	New trial (rep=0, index=8): {'YLeftPos': 0, 'time_presentation': 0.5, 'XLeftPos': -300, 'XRightPos': 300, 'rightimg': u'frogs/ab46.jpg', 'YRightPos': 0, 'leftimg': u'frogs/ab6.jpg'}
25.0910 	EXP 	Leftimg: autoDraw = False
25.0910 	EXP 	Rightimg: autoDraw = False
25.0910 	EXP 	text: autoDraw = False
25.0910 	EXP 	Leftimg: pos = array([-300.,    0.])
25.0910 	EXP 	Leftimg: image = u'frogs/ab6.jpg'
25.0910 	EXP 	Rightimg: pos = array([ 300.,    0.])
25.0910 	EXP 	Rightimg: image = u'frogs/ab46.jpg'
25.0910 	EXP 	Leftimg: autoDraw = True
25.0910 	EXP 	Rightimg: autoDraw = True
25.4944 	DATA 	Keypress: right
25.5093 	EXP 	New trial (rep=0, index=9): {'YLeftPos': 0, 'time_presentation': 0.5, 'XLeftPos': -300, 'XRightPos': 300, 'rightimg': u'frogs/ab78.jpg', 'YRightPos': 0, 'leftimg': u'frogs/ab38.jpg'}
25.5408 	EXP 	Leftimg: autoDraw = False
25.5408 	EXP 	Rightimg: autoDraw = False
25.5408 	EXP 	text: autoDraw = False
25.5408 	EXP 	Leftimg: pos = array([-300.,    0.])
25.5408 	EXP 	Leftimg: image = u'frogs/ab38.jpg'
25.5408 	EXP 	Rightimg: pos = array([ 300.,    0.])
25.5408 	EXP 	Rightimg: image = u'frogs/ab78.jpg'
25.5408 	EXP 	Leftimg: autoDraw = True
25.5408 	EXP 	Rightimg: autoDraw = True
26.0247 	EXP 	Leftimg: autoDraw = False
26.0247 	EXP 	Rightimg: autoDraw = False
26.2255 	DATA 	Keypress: left
26.2265 	EXP 	New trial (rep=0, index=10): {'YLeftPos': 0, 'time_presentation': 0.5, 'XLeftPos': -300, 'XRightPos': 300, 'rightimg': u'2.jpg', 'YRightPos': 0, 'leftimg': u'4.jpg'}
26.2580 	EXP 	Leftimg: autoDraw = False
26.2580 	EXP 	Rightimg: autoDraw = False
26.2580 	EXP 	text: autoDraw = False
26.2580 	EXP 	Leftimg: pos = array([-300.,    0.])
26.2580 	EXP 	Leftimg: image = u'4.jpg'
26.2580 	EXP 	Rightimg: pos = array([ 300.,    0.])
26.2580 	EXP 	Rightimg: image = u'2.jpg'
26.2580 	EXP 	Leftimg: autoDraw = True
26.2580 	EXP 	Rightimg: autoDraw = True
26.7417 	EXP 	Leftimg: autoDraw = False
26.7417 	EXP 	Rightimg: autoDraw = False
26.9597 	DATA 	Keypress: left
26.9609 	EXP 	New trial (rep=0, index=11): {'YLeftPos': 0, 'time_presentation': 0.5, 'XLeftPos': -300, 'XRightPos': 300, 'rightimg': u'frogs/ab67.jpg', 'YRightPos': 0, 'leftimg': u'frogs/ab27.jpg'}
27.0082 	EXP 	Leftimg: autoDraw = False
27.0082 	EXP 	Rightimg: autoDraw = False
27.0082 	EXP 	text: autoDraw = False
27.0082 	EXP 	Leftimg: pos = array([-300.,    0.])
27.0082 	EXP 	Leftimg: image = u'frogs/ab27.jpg'
27.0082 	EXP 	Rightimg: pos = array([ 300.,    0.])
27.0082 	EXP 	Rightimg: image = u'frogs/ab67.jpg'
27.0082 	EXP 	Leftimg: autoDraw = True
27.0082 	EXP 	Rightimg: autoDraw = True
27.4749 	EXP 	Leftimg: autoDraw = False
27.4749 	EXP 	Rightimg: autoDraw = False
27.6757 	DATA 	Keypress: right
27.6767 	EXP 	New trial (rep=0, index=12): {'YLeftPos': 0, 'time_presentation': 0.5, 'XLeftPos': -300, 'XRightPos': 300, 'rightimg': u'frogs/ab55.jpg', 'YRightPos': 0, 'leftimg': u'frogs/ab15.jpg'}
27.7580 	EXP 	Leftimg: autoDraw = False
27.7580 	EXP 	Rightimg: autoDraw = False
27.7580 	EXP 	text: autoDraw = False
27.7580 	EXP 	Leftimg: pos = array([-300.,    0.])
27.7580 	EXP 	Leftimg: image = u'frogs/ab15.jpg'
27.7580 	EXP 	Rightimg: pos = array([ 300.,    0.])
27.7580 	EXP 	Rightimg: image = u'frogs/ab55.jpg'
27.7580 	EXP 	Leftimg: autoDraw = True
27.7580 	EXP 	Rightimg: autoDraw = True
28.1916 	EXP 	Leftimg: autoDraw = False
28.1916 	EXP 	Rightimg: autoDraw = False
28.2092 	DATA 	Keypress: left
28.2104 	EXP 	New trial (rep=0, index=13): {'YLeftPos': 0, 'time_presentation': 0.5, 'XLeftPos': -300, 'XRightPos': 300, 'rightimg': u'frogs/ab47.jpg', 'YRightPos': 0, 'leftimg': u'frogs/ab7.jpg'}
28.5743 	EXP 	Leftimg: autoDraw = False
28.5743 	EXP 	Rightimg: autoDraw = False
28.5743 	EXP 	text: autoDraw = False
28.5743 	EXP 	Leftimg: pos = array([-300.,    0.])
28.5743 	EXP 	Leftimg: image = u'frogs/ab7.jpg'
28.5743 	EXP 	Rightimg: pos = array([ 300.,    0.])
28.5743 	EXP 	Rightimg: image = u'frogs/ab47.jpg'
28.5743 	EXP 	Leftimg: autoDraw = True
28.5743 	EXP 	Rightimg: autoDraw = True
28.7249 	EXP 	Leftimg: autoDraw = False
28.7249 	EXP 	Rightimg: autoDraw = False
28.9591 	DATA 	Keypress: right
28.9602 	EXP 	New trial (rep=0, index=14): {'YLeftPos': 0, 'time_presentation': 0.5, 'XLeftPos': -300, 'XRightPos': 300, 'rightimg': u'frogs/ab59.jpg', 'YRightPos': 0, 'leftimg': u'frogs/ab19.jpg'}
29.0241 	EXP 	Leftimg: autoDraw = False
29.0241 	EXP 	Rightimg: autoDraw = False
29.0241 	EXP 	text: autoDraw = False
29.0241 	EXP 	Leftimg: pos = array([-300.,    0.])
29.0241 	EXP 	Leftimg: image = u'frogs/ab19.jpg'
29.0241 	EXP 	Rightimg: pos = array([ 300.,    0.])
29.0241 	EXP 	Rightimg: image = u'frogs/ab59.jpg'
29.0241 	EXP 	Leftimg: autoDraw = True
29.0241 	EXP 	Rightimg: autoDraw = True
29.4749 	EXP 	Leftimg: autoDraw = False
29.4749 	EXP 	Rightimg: autoDraw = False
29.7269 	DATA 	Keypress: left
29.7427 	EXP 	New trial (rep=0, index=15): {'YLeftPos': 0, 'time_presentation': 0.5, 'XLeftPos': -300, 'XRightPos': 300, 'rightimg': u'4.jpg', 'YRightPos': 0, 'leftimg': u'2.jpg'}
29.7745 	EXP 	Leftimg: autoDraw = False
29.7745 	EXP 	Rightimg: autoDraw = False
29.7745 	EXP 	text: autoDraw = False
29.7745 	EXP 	Leftimg: pos = array([-300.,    0.])
29.7745 	EXP 	Leftimg: image = u'2.jpg'
29.7745 	EXP 	Rightimg: pos = array([ 300.,    0.])
29.7745 	EXP 	Rightimg: image = u'4.jpg'
29.7745 	EXP 	Leftimg: autoDraw = True
29.7745 	EXP 	Rightimg: autoDraw = True
30.2581 	EXP 	Leftimg: autoDraw = False
30.2581 	EXP 	Rightimg: autoDraw = False
30.4098 	DATA 	Keypress: right
30.4109 	EXP 	New trial (rep=0, index=16): {'YLeftPos': 0, 'time_presentation': 0.5, 'XLeftPos': -300, 'XRightPos': 300, 'rightimg': u'frogs/ab69.jpg', 'YRightPos': 0, 'leftimg': u'frogs/ab29.jpg'}
30.4413 	EXP 	Leftimg: autoDraw = False
30.4413 	EXP 	Rightimg: autoDraw = False
30.4413 	EXP 	text: autoDraw = False
30.4413 	EXP 	Leftimg: pos = array([-300.,    0.])
30.4413 	EXP 	Leftimg: image = u'frogs/ab29.jpg'
30.4413 	EXP 	Rightimg: pos = array([ 300.,    0.])
30.4413 	EXP 	Rightimg: image = u'frogs/ab69.jpg'
30.4413 	EXP 	Leftimg: autoDraw = True
30.4413 	EXP 	Rightimg: autoDraw = True
30.9249 	EXP 	Leftimg: autoDraw = False
30.9249 	EXP 	Rightimg: autoDraw = False
32.9260 	EXP 	window1: blendMode = 'avg'
32.9412 	EXP 	text: autoDraw = True
32.9421 	EXP 	window1: blendMode = 'avg'
32.9584 	EXP 	window1: blendMode = 'avg'
32.9758 	EXP 	window1: blendMode = 'avg'
32.9915 	EXP 	window1: blendMode = 'avg'
33.0089 	EXP 	window1: blendMode = 'avg'
33.0255 	EXP 	window1: blendMode = 'avg'
33.0422 	EXP 	window1: blendMode = 'avg'
33.0588 	EXP 	window1: blendMode = 'avg'
33.0753 	EXP 	window1: blendMode = 'avg'
33.0922 	EXP 	window1: blendMode = 'avg'
33.1089 	EXP 	window1: blendMode = 'avg'
33.1255 	EXP 	window1: blendMode = 'avg'
33.1420 	EXP 	window1: blendMode = 'avg'
33.1589 	EXP 	window1: blendMode = 'avg'
33.1756 	EXP 	window1: blendMode = 'avg'
33.1922 	EXP 	window1: blendMode = 'avg'
33.2088 	EXP 	window1: blendMode = 'avg'
33.2255 	EXP 	window1: blendMode = 'avg'
33.2422 	EXP 	window1: blendMode = 'avg'
33.2589 	EXP 	window1: blendMode = 'avg'
33.2754 	EXP 	window1: blendMode = 'avg'
33.2922 	EXP 	window1: blendMode = 'avg'
33.3088 	EXP 	window1: blendMode = 'avg'
33.3255 	EXP 	window1: blendMode = 'avg'
33.3419 	EXP 	window1: blendMode = 'avg'
33.3591 	EXP 	window1: blendMode = 'avg'
33.3756 	EXP 	window1: blendMode = 'avg'
33.3922 	EXP 	window1: blendMode = 'avg'
33.4089 	EXP 	window1: blendMode = 'avg'
33.4255 	EXP 	window1: blendMode = 'avg'
33.4419 	EXP 	window1: blendMode = 'avg'
33.4591 	EXP 	window1: blendMode = 'avg'
33.4756 	EXP 	window1: blendMode = 'avg'
33.4922 	EXP 	window1: blendMode = 'avg'
33.5087 	EXP 	window1: blendMode = 'avg'
33.5255 	EXP 	window1: blendMode = 'avg'
33.5418 	EXP 	window1: blendMode = 'avg'
33.5589 	EXP 	window1: blendMode = 'avg'
33.5754 	EXP 	window1: blendMode = 'avg'
33.5922 	EXP 	window1: blendMode = 'avg'
33.6089 	EXP 	window1: blendMode = 'avg'
33.6255 	EXP 	window1: blendMode = 'avg'
33.6420 	EXP 	window1: blendMode = 'avg'
33.6588 	EXP 	window1: blendMode = 'avg'
33.6756 	EXP 	window1: blendMode = 'avg'
33.6922 	EXP 	window1: blendMode = 'avg'
33.7088 	EXP 	window1: blendMode = 'avg'
33.7255 	EXP 	window1: blendMode = 'avg'
33.7419 	EXP 	window1: blendMode = 'avg'
33.7590 	EXP 	window1: blendMode = 'avg'
33.7755 	EXP 	window1: blendMode = 'avg'
33.7922 	EXP 	window1: blendMode = 'avg'
33.8087 	EXP 	window1: blendMode = 'avg'
33.8258 	EXP 	window1: blendMode = 'avg'
33.8421 	EXP 	window1: blendMode = 'avg'
33.8588 	EXP 	window1: blendMode = 'avg'
33.8753 	EXP 	window1: blendMode = 'avg'
33.8924 	EXP 	window1: blendMode = 'avg'
33.9089 	EXP 	window1: blendMode = 'avg'
33.9253 	EXP 	window1: blendMode = 'avg'
33.9425 	EXP 	window1: blendMode = 'avg'
33.9588 	EXP 	window1: blendMode = 'avg'
33.9755 	EXP 	window1: blendMode = 'avg'
33.9919 	EXP 	window1: blendMode = 'avg'
34.0092 	EXP 	window1: blendMode = 'avg'
34.0255 	EXP 	window1: blendMode = 'avg'
34.0422 	EXP 	window1: blendMode = 'avg'
34.0588 	EXP 	window1: blendMode = 'avg'
34.0755 	EXP 	window1: blendMode = 'avg'
34.0921 	EXP 	window1: blendMode = 'avg'
34.1086 	EXP 	window1: blendMode = 'avg'
34.1258 	EXP 	window1: blendMode = 'avg'
34.1422 	EXP 	window1: blendMode = 'avg'
34.1588 	EXP 	window1: blendMode = 'avg'
34.1753 	EXP 	window1: blendMode = 'avg'
34.1925 	EXP 	window1: blendMode = 'avg'
34.2088 	EXP 	window1: blendMode = 'avg'
34.2255 	EXP 	window1: blendMode = 'avg'
34.2421 	EXP 	window1: blendMode = 'avg'
34.2589 	EXP 	window1: blendMode = 'avg'
34.2755 	EXP 	window1: blendMode = 'avg'
34.2922 	EXP 	window1: blendMode = 'avg'
34.3087 	EXP 	window1: blendMode = 'avg'
34.3255 	EXP 	window1: blendMode = 'avg'
34.3421 	EXP 	window1: blendMode = 'avg'
34.3589 	EXP 	window1: blendMode = 'avg'
34.3752 	EXP 	window1: blendMode = 'avg'
34.3925 	EXP 	window1: blendMode = 'avg'
34.4090 	EXP 	window1: blendMode = 'avg'
34.4255 	EXP 	window1: blendMode = 'avg'
34.4421 	EXP 	window1: blendMode = 'avg'
34.4588 	EXP 	window1: blendMode = 'avg'
34.4752 	EXP 	window1: blendMode = 'avg'
34.4923 	EXP 	window1: blendMode = 'avg'
34.5087 	EXP 	window1: blendMode = 'avg'
34.5251 	EXP 	window1: blendMode = 'avg'
34.5423 	EXP 	window1: blendMode = 'avg'
34.5588 	EXP 	window1: blendMode = 'avg'
34.5755 	EXP 	window1: blendMode = 'avg'
34.5921 	EXP 	window1: blendMode = 'avg'
34.6082 	EXP 	window1: blendMode = 'avg'
34.6253 	EXP 	window1: blendMode = 'avg'
34.6646 	EXP 	window1: blendMode = 'avg'
34.6754 	EXP 	window1: blendMode = 'avg'
34.6921 	EXP 	window1: blendMode = 'avg'
34.7084 	EXP 	window1: blendMode = 'avg'
34.7256 	EXP 	window1: blendMode = 'avg'
34.7415 	EXP 	window1: blendMode = 'avg'
34.7582 	EXP 	window1: blendMode = 'avg'
34.7756 	EXP 	window1: blendMode = 'avg'
34.7922 	EXP 	window1: blendMode = 'avg'
34.8090 	EXP 	window1: blendMode = 'avg'
34.8255 	EXP 	window1: blendMode = 'avg'
34.8422 	EXP 	window1: blendMode = 'avg'
34.8593 	EXP 	window1: blendMode = 'avg'
34.8757 	EXP 	window1: blendMode = 'avg'
34.8922 	EXP 	window1: blendMode = 'avg'
34.9088 	EXP 	window1: blendMode = 'avg'
34.9255 	EXP 	window1: blendMode = 'avg'
34.9422 	EXP 	window1: blendMode = 'avg'
34.9588 	EXP 	window1: blendMode = 'avg'
34.9754 	EXP 	window1: blendMode = 'avg'
34.9922 	EXP 	window1: blendMode = 'avg'
35.0089 	EXP 	window1: blendMode = 'avg'
35.0256 	EXP 	window1: blendMode = 'avg'
35.0420 	EXP 	window1: blendMode = 'avg'
35.0591 	EXP 	window1: blendMode = 'avg'
35.0755 	EXP 	window1: blendMode = 'avg'
35.0921 	EXP 	window1: blendMode = 'avg'
35.1086 	EXP 	window1: blendMode = 'avg'
35.1257 	EXP 	window1: blendMode = 'avg'
35.1422 	EXP 	window1: blendMode = 'avg'
35.1588 	EXP 	window1: blendMode = 'avg'
35.1753 	EXP 	window1: blendMode = 'avg'
35.1924 	EXP 	window1: blendMode = 'avg'
35.2090 	EXP 	window1: blendMode = 'avg'
35.2255 	EXP 	window1: blendMode = 'avg'
35.2421 	EXP 	window1: blendMode = 'avg'
35.2589 	EXP 	window1: blendMode = 'avg'
35.2755 	EXP 	window1: blendMode = 'avg'
35.2922 	EXP 	window1: blendMode = 'avg'
35.3086 	EXP 	window1: blendMode = 'avg'
35.3258 	EXP 	window1: blendMode = 'avg'
35.3423 	EXP 	window1: blendMode = 'avg'
35.3603 	DATA 	Keypress: space
35.3614 	EXP 	New trial (rep=0, index=17): {'YLeftPos': 0, 'time_presentation': 0.5, 'XLeftPos': -300, 'XRightPos': 300, 'rightimg': u'frogs/ab65.jpg', 'YRightPos': 0, 'leftimg': u'frogs/ab25.jpg'}
35.4246 	EXP 	Leftimg: autoDraw = False
35.4246 	EXP 	Rightimg: autoDraw = False
35.4246 	EXP 	text: autoDraw = False
35.4246 	EXP 	Leftimg: pos = array([-300.,    0.])
35.4246 	EXP 	Leftimg: image = u'frogs/ab25.jpg'
35.4246 	EXP 	Rightimg: pos = array([ 300.,    0.])
35.4246 	EXP 	Rightimg: image = u'frogs/ab65.jpg'
35.4246 	EXP 	Leftimg: autoDraw = True
35.4246 	EXP 	Rightimg: autoDraw = True
35.8746 	EXP 	Leftimg: autoDraw = False
35.8746 	EXP 	Rightimg: autoDraw = False
36.9280 	DATA 	Keypress: right
36.9426 	EXP 	New trial (rep=0, index=18): {'YLeftPos': 0, 'time_presentation': 0.5, 'XLeftPos': -300, 'XRightPos': 300, 'rightimg': u'frogs/ab42.jpg', 'YRightPos': 0, 'leftimg': u'frogs/ab2.jpg'}
37.2564 	EXP 	Leftimg: autoDraw = False
37.2564 	EXP 	Rightimg: autoDraw = False
37.2564 	EXP 	text: autoDraw = False
37.2564 	EXP 	Leftimg: pos = array([-300.,    0.])
37.2564 	EXP 	Leftimg: image = u'frogs/ab2.jpg'
37.2564 	EXP 	Rightimg: pos = array([ 300.,    0.])
37.2564 	EXP 	Rightimg: image = u'frogs/ab42.jpg'
37.2564 	EXP 	Leftimg: autoDraw = True
37.2564 	EXP 	Rightimg: autoDraw = True
37.4581 	EXP 	Leftimg: autoDraw = False
37.4581 	EXP 	Rightimg: autoDraw = False
38.0252 	DATA 	Keypress: right
38.0263 	EXP 	New trial (rep=0, index=19): {'YLeftPos': 0, 'time_presentation': 0.5, 'XLeftPos': -300, 'XRightPos': 300, 'rightimg': u'frogs/ab51.jpg', 'YRightPos': 0, 'leftimg': u'frogs/ab11.jpg'}
38.1075 	EXP 	Leftimg: autoDraw = False
38.1075 	EXP 	Rightimg: autoDraw = False
38.1075 	EXP 	text: autoDraw = False
38.1075 	EXP 	Leftimg: pos = array([-300.,    0.])
38.1075 	EXP 	Leftimg: image = u'frogs/ab11.jpg'
38.1075 	EXP 	Rightimg: pos = array([ 300.,    0.])
38.1075 	EXP 	Rightimg: image = u'frogs/ab51.jpg'
38.1075 	EXP 	Leftimg: autoDraw = True
38.1075 	EXP 	Rightimg: autoDraw = True
38.5414 	EXP 	Leftimg: autoDraw = False
38.5414 	EXP 	Rightimg: autoDraw = False
38.5932 	DATA 	Keypress: left
38.5943 	EXP 	New trial (rep=0, index=20): {'YLeftPos': 0, 'time_presentation': 0.5, 'XLeftPos': -300, 'XRightPos': 300, 'rightimg': u'frogs/ab76.jpg', 'YRightPos': 0, 'leftimg': u'frogs/ab36.jpg'}
38.6412 	EXP 	Leftimg: autoDraw = False
38.6412 	EXP 	Rightimg: autoDraw = False
38.6412 	EXP 	text: autoDraw = False
38.6412 	EXP 	Leftimg: pos = array([-300.,    0.])
38.6412 	EXP 	Leftimg: image = u'frogs/ab36.jpg'
38.6412 	EXP 	Rightimg: pos = array([ 300.,    0.])
38.6412 	EXP 	Rightimg: image = u'frogs/ab76.jpg'
38.6412 	EXP 	Leftimg: autoDraw = True
38.6412 	EXP 	Rightimg: autoDraw = True
39.1079 	EXP 	Leftimg: autoDraw = False
39.1079 	EXP 	Rightimg: autoDraw = False
39.2928 	DATA 	Keypress: right
39.2939 	EXP 	New trial (rep=0, index=21): {'YLeftPos': 0, 'time_presentation': 0.5, 'XLeftPos': -300, 'XRightPos': 300, 'rightimg': u'frogs/ab63.jpg', 'YRightPos': 0, 'leftimg': u'frogs/ab23.jpg'}
39.3411 	EXP 	Leftimg: autoDraw = False
39.3411 	EXP 	Rightimg: autoDraw = False
39.3411 	EXP 	text: autoDraw = False
39.3411 	EXP 	Leftimg: pos = array([-300.,    0.])
39.3411 	EXP 	Leftimg: image = u'frogs/ab23.jpg'
39.3411 	EXP 	Rightimg: pos = array([ 300.,    0.])
39.3411 	EXP 	Rightimg: image = u'frogs/ab63.jpg'
39.3411 	EXP 	Leftimg: autoDraw = True
39.3411 	EXP 	Rightimg: autoDraw = True
39.8082 	EXP 	Leftimg: autoDraw = False
39.8082 	EXP 	Rightimg: autoDraw = False
39.9939 	DATA 	Keypress: left
40.0092 	EXP 	New trial (rep=0, index=22): {'YLeftPos': 0, 'time_presentation': 0.5, 'XLeftPos': -300, 'XRightPos': 300, 'rightimg': u'frogs/ab58.jpg', 'YRightPos': 0, 'leftimg': u'frogs/ab18.jpg'}
40.1571 	EXP 	Leftimg: autoDraw = False
40.1571 	EXP 	Rightimg: autoDraw = False
40.1571 	EXP 	text: autoDraw = False
40.1571 	EXP 	Leftimg: pos = array([-300.,    0.])
40.1571 	EXP 	Leftimg: image = u'frogs/ab18.jpg'
40.1571 	EXP 	Rightimg: pos = array([ 300.,    0.])
40.1571 	EXP 	Rightimg: image = u'frogs/ab58.jpg'
40.1571 	EXP 	Leftimg: autoDraw = True
40.1571 	EXP 	Rightimg: autoDraw = True
40.5245 	EXP 	Leftimg: autoDraw = False
40.5245 	EXP 	Rightimg: autoDraw = False
40.5599 	DATA 	Keypress: right
40.5610 	EXP 	New trial (rep=0, index=23): {'YLeftPos': 0, 'time_presentation': 0.5, 'XLeftPos': -300, 'XRightPos': 300, 'rightimg': u'frogs/ab77.jpg', 'YRightPos': 0, 'leftimg': u'frogs/ab37.jpg'}
40.6078 	EXP 	Leftimg: autoDraw = False
40.6078 	EXP 	Rightimg: autoDraw = False
40.6078 	EXP 	text: autoDraw = False
40.6078 	EXP 	Leftimg: pos = array([-300.,    0.])
40.6078 	EXP 	Leftimg: image = u'frogs/ab37.jpg'
40.6078 	EXP 	Rightimg: pos = array([ 300.,    0.])
40.6078 	EXP 	Rightimg: image = u'frogs/ab77.jpg'
40.6078 	EXP 	Leftimg: autoDraw = True
40.6078 	EXP 	Rightimg: autoDraw = True
41.0747 	EXP 	Leftimg: autoDraw = False
41.0747 	EXP 	Rightimg: autoDraw = False
41.2592 	DATA 	Keypress: right
41.2604 	EXP 	New trial (rep=0, index=24): {'YLeftPos': 0, 'time_presentation': 0.5, 'XLeftPos': -300, 'XRightPos': 300, 'rightimg': u'frogs/ab54.jpg', 'YRightPos': 0, 'leftimg': u'frogs/ab14.jpg'}
41.3081 	EXP 	Leftimg: autoDraw = False
41.3081 	EXP 	Rightimg: autoDraw = False
41.3081 	EXP 	text: autoDraw = False
41.3081 	EXP 	Leftimg: pos = array([-300.,    0.])
41.3081 	EXP 	Leftimg: image = u'frogs/ab14.jpg'
41.3081 	EXP 	Rightimg: pos = array([ 300.,    0.])
41.3081 	EXP 	Rightimg: image = u'frogs/ab54.jpg'
41.3081 	EXP 	Leftimg: autoDraw = True
41.3081 	EXP 	Rightimg: autoDraw = True
41.7747 	EXP 	Leftimg: autoDraw = False
41.7747 	EXP 	Rightimg: autoDraw = False
41.8260 	DATA 	Keypress: right
41.8272 	EXP 	New trial (rep=0, index=25): {'YLeftPos': 0, 'time_presentation': 0.5, 'XLeftPos': -300, 'XRightPos': 300, 'rightimg': u'frogs/ab79.jpg', 'YRightPos': 0, 'leftimg': u'frogs/ab39.jpg'}
41.8568 	EXP 	Leftimg: autoDraw = False
41.8568 	EXP 	Rightimg: autoDraw = False
41.8568 	EXP 	text: autoDraw = False
41.8568 	EXP 	Leftimg: pos = array([-300.,    0.])
41.8568 	EXP 	Leftimg: image = u'frogs/ab39.jpg'
41.8568 	EXP 	Rightimg: pos = array([ 300.,    0.])
41.8568 	EXP 	Rightimg: image = u'frogs/ab79.jpg'
41.8568 	EXP 	Leftimg: autoDraw = True
41.8568 	EXP 	Rightimg: autoDraw = True
42.3411 	EXP 	Leftimg: autoDraw = False
42.3411 	EXP 	Rightimg: autoDraw = False
42.6095 	DATA 	Keypress: right
42.6107 	EXP 	New trial (rep=0, index=26): {'YLeftPos': 0, 'time_presentation': 0.5, 'XLeftPos': -300, 'XRightPos': 300, 'rightimg': u'frogs/ab80.jpg', 'YRightPos': 0, 'leftimg': u'frogs/ab40.jpg'}
42.6406 	EXP 	Leftimg: autoDraw = False
42.6406 	EXP 	Rightimg: autoDraw = False
42.6406 	EXP 	text: autoDraw = False
42.6406 	EXP 	Leftimg: pos = array([-300.,    0.])
42.6406 	EXP 	Leftimg: image = u'frogs/ab40.jpg'
42.6406 	EXP 	Rightimg: pos = array([ 300.,    0.])
42.6406 	EXP 	Rightimg: image = u'frogs/ab80.jpg'
42.6406 	EXP 	Leftimg: autoDraw = True
42.6406 	EXP 	Rightimg: autoDraw = True
43.1248 	EXP 	Leftimg: autoDraw = False
43.1248 	EXP 	Rightimg: autoDraw = False
43.6090 	DATA 	Keypress: left
43.6102 	EXP 	New trial (rep=0, index=27): {'YLeftPos': 0, 'time_presentation': 0.5, 'XLeftPos': -300, 'XRightPos': 300, 'rightimg': u'frogs/ab45.jpg', 'YRightPos': 0, 'leftimg': u'frogs/ab5.jpg'}
43.6241 	EXP 	Leftimg: autoDraw = False
43.6241 	EXP 	Rightimg: autoDraw = False
43.6241 	EXP 	text: autoDraw = False
43.6241 	EXP 	Leftimg: pos = array([-300.,    0.])
43.6241 	EXP 	Leftimg: image = u'frogs/ab5.jpg'
43.6241 	EXP 	Rightimg: pos = array([ 300.,    0.])
43.6241 	EXP 	Rightimg: image = u'frogs/ab45.jpg'
43.6241 	EXP 	Leftimg: autoDraw = True
43.6241 	EXP 	Rightimg: autoDraw = True
44.1245 	EXP 	Leftimg: autoDraw = False
44.1245 	EXP 	Rightimg: autoDraw = False
44.1762 	DATA 	Keypress: left
44.1773 	EXP 	New trial (rep=0, index=28): {'YLeftPos': 0, 'time_presentation': 0.5, 'XLeftPos': -300, 'XRightPos': 300, 'rightimg': u'frogs/ab53.jpg', 'YRightPos': 0, 'leftimg': u'frogs/ab13.jpg'}
44.2078 	EXP 	Leftimg: autoDraw = False
44.2078 	EXP 	Rightimg: autoDraw = False
44.2078 	EXP 	text: autoDraw = False
44.2078 	EXP 	Leftimg: pos = array([-300.,    0.])
44.2078 	EXP 	Leftimg: image = u'frogs/ab13.jpg'
44.2078 	EXP 	Rightimg: pos = array([ 300.,    0.])
44.2078 	EXP 	Rightimg: image = u'frogs/ab53.jpg'
44.2078 	EXP 	Leftimg: autoDraw = True
44.2078 	EXP 	Rightimg: autoDraw = True
44.6911 	EXP 	Leftimg: autoDraw = False
44.6911 	EXP 	Rightimg: autoDraw = False
44.7595 	DATA 	Keypress: right
44.7606 	EXP 	New trial (rep=0, index=29): {'YLeftPos': 0, 'time_presentation': 0.5, 'XLeftPos': -300, 'XRightPos': 300, 'rightimg': u'frogs/ab48.jpg', 'YRightPos': 0, 'leftimg': u'frogs/ab8.jpg'}
44.8245 	EXP 	Leftimg: autoDraw = False
44.8245 	EXP 	Rightimg: autoDraw = False
44.8245 	EXP 	text: autoDraw = False
44.8245 	EXP 	Leftimg: pos = array([-300.,    0.])
44.8245 	EXP 	Leftimg: image = u'frogs/ab8.jpg'
44.8245 	EXP 	Rightimg: pos = array([ 300.,    0.])
44.8245 	EXP 	Rightimg: image = u'frogs/ab48.jpg'
44.8245 	EXP 	Leftimg: autoDraw = True
44.8245 	EXP 	Rightimg: autoDraw = True
45.2747 	EXP 	Leftimg: autoDraw = False
45.2747 	EXP 	Rightimg: autoDraw = False
47.2757 	EXP 	window1: blendMode = 'avg'
47.2911 	EXP 	text: autoDraw = True
47.2920 	EXP 	window1: blendMode = 'avg'
47.3087 	EXP 	window1: blendMode = 'avg'
47.3253 	EXP 	window1: blendMode = 'avg'
47.3421 	EXP 	window1: blendMode = 'avg'
47.3587 	EXP 	window1: blendMode = 'avg'
47.3753 	EXP 	window1: blendMode = 'avg'
47.3920 	EXP 	window1: blendMode = 'avg'
47.4085 	EXP 	window1: blendMode = 'avg'
47.4253 	EXP 	window1: blendMode = 'avg'
47.4420 	EXP 	window1: blendMode = 'avg'
47.4586 	EXP 	window1: blendMode = 'avg'
47.4754 	EXP 	window1: blendMode = 'avg'
47.4920 	EXP 	window1: blendMode = 'avg'
47.5085 	EXP 	window1: blendMode = 'avg'
47.5253 	EXP 	window1: blendMode = 'avg'
47.5420 	EXP 	window1: blendMode = 'avg'
47.5587 	EXP 	window1: blendMode = 'avg'
47.5754 	EXP 	window1: blendMode = 'avg'
47.5920 	EXP 	window1: blendMode = 'avg'
47.6087 	EXP 	window1: blendMode = 'avg'
47.6253 	EXP 	window1: blendMode = 'avg'
47.6419 	EXP 	window1: blendMode = 'avg'
47.6586 	EXP 	window1: blendMode = 'avg'
47.6750 	EXP 	window1: blendMode = 'avg'
47.6921 	EXP 	window1: blendMode = 'avg'
47.7086 	EXP 	window1: blendMode = 'avg'
47.7254 	EXP 	window1: blendMode = 'avg'
47.7417 	EXP 	window1: blendMode = 'avg'
47.7588 	EXP 	window1: blendMode = 'avg'
47.7753 	EXP 	window1: blendMode = 'avg'
47.7923 	EXP 	window1: blendMode = 'avg'
47.8086 	EXP 	window1: blendMode = 'avg'
47.8253 	EXP 	window1: blendMode = 'avg'
47.8417 	EXP 	window1: blendMode = 'avg'
47.8589 	EXP 	window1: blendMode = 'avg'
47.8754 	EXP 	window1: blendMode = 'avg'
47.8919 	EXP 	window1: blendMode = 'avg'
47.9086 	EXP 	window1: blendMode = 'avg'
47.9253 	EXP 	window1: blendMode = 'avg'
47.9418 	EXP 	window1: blendMode = 'avg'
47.9589 	EXP 	window1: blendMode = 'avg'
47.9749 	EXP 	window1: blendMode = 'avg'
47.9922 	EXP 	window1: blendMode = 'avg'
48.0087 	EXP 	window1: blendMode = 'avg'
48.0253 	EXP 	window1: blendMode = 'avg'
48.0421 	EXP 	window1: blendMode = 'avg'
48.0588 	EXP 	window1: blendMode = 'avg'
48.0753 	EXP 	window1: blendMode = 'avg'
48.0919 	EXP 	window1: blendMode = 'avg'
48.1085 	EXP 	window1: blendMode = 'avg'
48.1253 	EXP 	window1: blendMode = 'avg'
48.1420 	EXP 	window1: blendMode = 'avg'
48.1586 	EXP 	window1: blendMode = 'avg'
48.1751 	EXP 	window1: blendMode = 'avg'
48.1922 	EXP 	window1: blendMode = 'avg'
48.2087 	EXP 	window1: blendMode = 'avg'
48.2253 	EXP 	window1: blendMode = 'avg'
48.2420 	EXP 	window1: blendMode = 'avg'
48.2586 	EXP 	window1: blendMode = 'avg'
48.2752 	EXP 	window1: blendMode = 'avg'
48.2920 	EXP 	window1: blendMode = 'avg'
48.3086 	EXP 	window1: blendMode = 'avg'
48.3253 	EXP 	window1: blendMode = 'avg'
48.3418 	EXP 	window1: blendMode = 'avg'
48.3586 	EXP 	window1: blendMode = 'avg'
48.3754 	EXP 	window1: blendMode = 'avg'
48.3920 	EXP 	window1: blendMode = 'avg'
48.4084 	EXP 	window1: blendMode = 'avg'
48.4255 	EXP 	window1: blendMode = 'avg'
48.4419 	EXP 	window1: blendMode = 'avg'
48.4586 	EXP 	window1: blendMode = 'avg'
48.4750 	EXP 	window1: blendMode = 'avg'
48.4921 	EXP 	window1: blendMode = 'avg'
48.5087 	EXP 	window1: blendMode = 'avg'
48.5253 	EXP 	window1: blendMode = 'avg'
48.5421 	EXP 	window1: blendMode = 'avg'
48.5586 	EXP 	window1: blendMode = 'avg'
48.5756 	EXP 	window1: blendMode = 'avg'
48.5920 	EXP 	window1: blendMode = 'avg'
48.6084 	EXP 	window1: blendMode = 'avg'
48.6253 	EXP 	window1: blendMode = 'avg'
48.6421 	EXP 	window1: blendMode = 'avg'
48.6586 	EXP 	window1: blendMode = 'avg'
48.6751 	EXP 	window1: blendMode = 'avg'
48.6920 	EXP 	window1: blendMode = 'avg'
48.7086 	EXP 	window1: blendMode = 'avg'
48.7255 	EXP 	window1: blendMode = 'avg'
48.7420 	EXP 	window1: blendMode = 'avg'
48.7586 	EXP 	window1: blendMode = 'avg'
48.7751 	EXP 	window1: blendMode = 'avg'
48.7920 	EXP 	window1: blendMode = 'avg'
48.8087 	EXP 	window1: blendMode = 'avg'
48.8253 	EXP 	window1: blendMode = 'avg'
48.8421 	EXP 	window1: blendMode = 'avg'
48.8587 	EXP 	window1: blendMode = 'avg'
48.8754 	EXP 	window1: blendMode = 'avg'
48.8919 	EXP 	window1: blendMode = 'avg'
48.9084 	EXP 	window1: blendMode = 'avg'
48.9255 	EXP 	window1: blendMode = 'avg'
48.9419 	EXP 	window1: blendMode = 'avg'
48.9591 	DATA 	Keypress: space
48.9600 	EXP 	New trial (rep=0, index=30): {'YLeftPos': 0, 'time_presentation': 0.5, 'XLeftPos': -300, 'XRightPos': 300, 'rightimg': u'frogs/ab70.jpg', 'YRightPos': 0, 'leftimg': u'frogs/ab30.jpg'}
48.9721 	EXP 	Leftimg: autoDraw = False
48.9721 	EXP 	Rightimg: autoDraw = False
48.9721 	EXP 	text: autoDraw = False
48.9721 	EXP 	Leftimg: pos = array([-300.,    0.])
48.9721 	EXP 	Leftimg: image = u'frogs/ab30.jpg'
48.9721 	EXP 	Rightimg: pos = array([ 300.,    0.])
48.9721 	EXP 	Rightimg: image = u'frogs/ab70.jpg'
48.9721 	EXP 	Leftimg: autoDraw = True
48.9721 	EXP 	Rightimg: autoDraw = True
49.4744 	EXP 	Leftimg: autoDraw = False
49.4744 	EXP 	Rightimg: autoDraw = False
49.7760 	DATA 	Keypress: right
49.7772 	EXP 	New trial (rep=0, index=31): {'YLeftPos': 0, 'time_presentation': 0.5, 'XLeftPos': -300, 'XRightPos': 300, 'rightimg': u'frogs/ab60.jpg', 'YRightPos': 0, 'leftimg': u'frogs/ab20.jpg'}
49.7906 	EXP 	Leftimg: autoDraw = False
49.7906 	EXP 	Rightimg: autoDraw = False
49.7906 	EXP 	text: autoDraw = False
49.7906 	EXP 	Leftimg: pos = array([-300.,    0.])
49.7906 	EXP 	Leftimg: image = u'frogs/ab20.jpg'
49.7906 	EXP 	Rightimg: pos = array([ 300.,    0.])
49.7906 	EXP 	Rightimg: image = u'frogs/ab60.jpg'
49.7906 	EXP 	Leftimg: autoDraw = True
49.7906 	EXP 	Rightimg: autoDraw = True
50.2912 	EXP 	Leftimg: autoDraw = False
50.2912 	EXP 	Rightimg: autoDraw = False
50.5259 	DATA 	Keypress: right
50.5270 	EXP 	New trial (rep=0, index=32): {'YLeftPos': 0, 'time_presentation': 0.5, 'XLeftPos': -300, 'XRightPos': 300, 'rightimg': u'1.jpg', 'YRightPos': 0, 'leftimg': u'3.jpg'}
50.5741 	EXP 	Leftimg: autoDraw = False
50.5741 	EXP 	Rightimg: autoDraw = False
50.5741 	EXP 	text: autoDraw = False
50.5741 	EXP 	Leftimg: pos = array([-300.,    0.])
50.5741 	EXP 	Leftimg: image = u'3.jpg'
50.5741 	EXP 	Rightimg: pos = array([ 300.,    0.])
50.5741 	EXP 	Rightimg: image = u'1.jpg'
50.5741 	EXP 	Leftimg: autoDraw = True
50.5741 	EXP 	Rightimg: autoDraw = True
51.0413 	EXP 	Leftimg: autoDraw = False
51.0413 	EXP 	Rightimg: autoDraw = False
51.1427 	DATA 	Keypress: right
51.1438 	EXP 	New trial (rep=0, index=33): {'YLeftPos': 0, 'time_presentation': 0.5, 'XLeftPos': -300, 'XRightPos': 300, 'rightimg': u'frogs/ab57.jpg', 'YRightPos': 0, 'leftimg': u'frogs/ab17.jpg'}
51.2404 	EXP 	Leftimg: autoDraw = False
51.2404 	EXP 	Rightimg: autoDraw = False
51.2404 	EXP 	text: autoDraw = False
51.2404 	EXP 	Leftimg: pos = array([-300.,    0.])
51.2404 	EXP 	Leftimg: image = u'frogs/ab17.jpg'
51.2404 	EXP 	Rightimg: pos = array([ 300.,    0.])
51.2404 	EXP 	Rightimg: image = u'frogs/ab57.jpg'
51.2404 	EXP 	Leftimg: autoDraw = True
51.2404 	EXP 	Rightimg: autoDraw = True
51.6577 	EXP 	Leftimg: autoDraw = False
51.6577 	EXP 	Rightimg: autoDraw = False
52.3428 	DATA 	Keypress: right
52.3439 	EXP 	New trial (rep=0, index=34): {'YLeftPos': 0, 'time_presentation': 0.5, 'XLeftPos': -300, 'XRightPos': 300, 'rightimg': u'frogs/ab61.jpg', 'YRightPos': 0, 'leftimg': u'frogs/ab21.jpg'}
52.3727 	EXP 	Leftimg: autoDraw = False
52.3727 	EXP 	Rightimg: autoDraw = False
52.3727 	EXP 	text: autoDraw = False
52.3727 	EXP 	Leftimg: pos = array([-300.,    0.])
52.3727 	EXP 	Leftimg: image = u'frogs/ab21.jpg'
52.3727 	EXP 	Rightimg: pos = array([ 300.,    0.])
52.3727 	EXP 	Rightimg: image = u'frogs/ab61.jpg'
52.3727 	EXP 	Leftimg: autoDraw = True
52.3727 	EXP 	Rightimg: autoDraw = True
52.8579 	EXP 	Leftimg: autoDraw = False
52.8579 	EXP 	Rightimg: autoDraw = False
52.8760 	DATA 	Keypress: right
52.8771 	EXP 	New trial (rep=0, index=35): {'YLeftPos': 0, 'time_presentation': 0.5, 'XLeftPos': -300, 'XRightPos': 300, 'rightimg': u'frogs/ab68.jpg', 'YRightPos': 0, 'leftimg': u'frogs/ab28.jpg'}
52.9068 	EXP 	Leftimg: autoDraw = False
52.9068 	EXP 	Rightimg: autoDraw = False
52.9068 	EXP 	text: autoDraw = False
52.9068 	EXP 	Leftimg: pos = array([-300.,    0.])
52.9068 	EXP 	Leftimg: image = u'frogs/ab28.jpg'
52.9068 	EXP 	Rightimg: pos = array([ 300.,    0.])
52.9068 	EXP 	Rightimg: image = u'frogs/ab68.jpg'
52.9068 	EXP 	Leftimg: autoDraw = True
52.9068 	EXP 	Rightimg: autoDraw = True
53.3910 	EXP 	Leftimg: autoDraw = False
53.3910 	EXP 	Rightimg: autoDraw = False
53.4258 	DATA 	Keypress: right
53.4270 	EXP 	New trial (rep=0, index=36): {'YLeftPos': 0, 'time_presentation': 0.5, 'XLeftPos': -300, 'XRightPos': 300, 'rightimg': u'frogs/ab74.jpg', 'YRightPos': 0, 'leftimg': u'frogs/ab34.jpg'}
53.5071 	EXP 	Leftimg: autoDraw = False
53.5071 	EXP 	Rightimg: autoDraw = False
53.5071 	EXP 	text: autoDraw = False
53.5071 	EXP 	Leftimg: pos = array([-300.,    0.])
53.5071 	EXP 	Leftimg: image = u'frogs/ab34.jpg'
53.5071 	EXP 	Rightimg: pos = array([ 300.,    0.])
53.5071 	EXP 	Rightimg: image = u'frogs/ab74.jpg'
53.5071 	EXP 	Leftimg: autoDraw = True
53.5071 	EXP 	Rightimg: autoDraw = True
53.9413 	EXP 	Leftimg: autoDraw = False
53.9413 	EXP 	Rightimg: autoDraw = False
54.2426 	DATA 	Keypress: left
54.2437 	EXP 	New trial (rep=0, index=37): {'YLeftPos': 0, 'time_presentation': 0.5, 'XLeftPos': -300, 'XRightPos': 300, 'rightimg': u'3.jpg', 'YRightPos': 0, 'leftimg': u'1.jpg'}
54.2912 	EXP 	Leftimg: autoDraw = False
54.2912 	EXP 	Rightimg: autoDraw = False
54.2912 	EXP 	text: autoDraw = False
54.2912 	EXP 	Leftimg: pos = array([-300.,    0.])
54.2912 	EXP 	Leftimg: image = u'1.jpg'
54.2912 	EXP 	Rightimg: pos = array([ 300.,    0.])
54.2912 	EXP 	Rightimg: image = u'3.jpg'
54.2912 	EXP 	Leftimg: autoDraw = True
54.2912 	EXP 	Rightimg: autoDraw = True
54.7578 	EXP 	Leftimg: autoDraw = False
54.7578 	EXP 	Rightimg: autoDraw = False
54.8596 	DATA 	Keypress: left
54.8608 	EXP 	New trial (rep=0, index=38): {'YLeftPos': 0, 'time_presentation': 0.5, 'XLeftPos': -300, 'XRightPos': 300, 'rightimg': u'frogs/ab66.jpg', 'YRightPos': 0, 'leftimg': u'frogs/ab26.jpg'}
54.8742 	EXP 	Leftimg: autoDraw = False
54.8742 	EXP 	Rightimg: autoDraw = False
54.8742 	EXP 	text: autoDraw = False
54.8742 	EXP 	Leftimg: pos = array([-300.,    0.])
54.8742 	EXP 	Leftimg: image = u'frogs/ab26.jpg'
54.8742 	EXP 	Rightimg: pos = array([ 300.,    0.])
54.8742 	EXP 	Rightimg: image = u'frogs/ab66.jpg'
54.8742 	EXP 	Leftimg: autoDraw = True
54.8742 	EXP 	Rightimg: autoDraw = True
55.3743 	EXP 	Leftimg: autoDraw = False
55.3743 	EXP 	Rightimg: autoDraw = False
57.3753 	EXP 	window1: blendMode = 'avg'
57.3910 	EXP 	text: autoDraw = True
57.3920 	EXP 	window1: blendMode = 'avg'
57.4085 	EXP 	window1: blendMode = 'avg'
57.4252 	EXP 	window1: blendMode = 'avg'
57.4419 	EXP 	window1: blendMode = 'avg'
57.4583 	EXP 	window1: blendMode = 'avg'
57.4754 	EXP 	window1: blendMode = 'avg'
57.4918 	EXP 	window1: blendMode = 'avg'
57.5085 	EXP 	window1: blendMode = 'avg'
57.5246 	EXP 	window1: blendMode = 'avg'
57.5420 	EXP 	window1: blendMode = 'avg'
57.5586 	EXP 	window1: blendMode = 'avg'
57.5751 	EXP 	window1: blendMode = 'avg'
57.5919 	EXP 	window1: blendMode = 'avg'
57.6082 	EXP 	window1: blendMode = 'avg'
57.6242 	EXP 	window1: blendMode = 'avg'
57.6419 	EXP 	window1: blendMode = 'avg'
57.6585 	EXP 	window1: blendMode = 'avg'
57.6752 	EXP 	window1: blendMode = 'avg'
57.6919 	EXP 	window1: blendMode = 'avg'
57.7086 	EXP 	window1: blendMode = 'avg'
57.7249 	EXP 	window1: blendMode = 'avg'
57.7422 	EXP 	window1: blendMode = 'avg'
57.7586 	EXP 	window1: blendMode = 'avg'
57.7752 	EXP 	window1: blendMode = 'avg'
57.7917 	EXP 	window1: blendMode = 'avg'
57.8085 	EXP 	window1: blendMode = 'avg'
57.8250 	EXP 	window1: blendMode = 'avg'
57.8421 	EXP 	window1: blendMode = 'avg'
57.8585 	EXP 	window1: blendMode = 'avg'
57.8753 	EXP 	window1: blendMode = 'avg'
57.8919 	EXP 	window1: blendMode = 'avg'
57.9085 	EXP 	window1: blendMode = 'avg'
57.9250 	EXP 	window1: blendMode = 'avg'
57.9421 	EXP 	window1: blendMode = 'avg'
57.9585 	EXP 	window1: blendMode = 'avg'
57.9752 	EXP 	window1: blendMode = 'avg'
57.9916 	EXP 	window1: blendMode = 'avg'
58.0087 	EXP 	window1: blendMode = 'avg'
58.0245 	EXP 	window1: blendMode = 'avg'
58.0419 	EXP 	window1: blendMode = 'avg'
58.0585 	EXP 	window1: blendMode = 'avg'
58.0752 	EXP 	window1: blendMode = 'avg'
58.0917 	EXP 	window1: blendMode = 'avg'
58.1085 	EXP 	window1: blendMode = 'avg'
58.1251 	EXP 	window1: blendMode = 'avg'
58.1418 	EXP 	window1: blendMode = 'avg'
58.1583 	EXP 	window1: blendMode = 'avg'
58.1754 	EXP 	window1: blendMode = 'avg'
58.1919 	EXP 	window1: blendMode = 'avg'
58.2085 	EXP 	window1: blendMode = 'avg'
58.2249 	EXP 	window1: blendMode = 'avg'
58.2420 	EXP 	window1: blendMode = 'avg'
58.2585 	EXP 	window1: blendMode = 'avg'
58.2752 	EXP 	window1: blendMode = 'avg'
58.2911 	EXP 	window1: blendMode = 'avg'
58.3085 	EXP 	window1: blendMode = 'avg'
58.3251 	EXP 	window1: blendMode = 'avg'
58.3418 	EXP 	window1: blendMode = 'avg'
58.3583 	EXP 	window1: blendMode = 'avg'
58.3754 	EXP 	window1: blendMode = 'avg'
58.3919 	EXP 	window1: blendMode = 'avg'
58.4085 	EXP 	window1: blendMode = 'avg'
58.4250 	EXP 	window1: blendMode = 'avg'
58.4422 	EXP 	window1: blendMode = 'avg'
58.4587 	EXP 	window1: blendMode = 'avg'
58.4763 	DATA 	Keypress: space
58.4775 	EXP 	New trial (rep=0, index=39): {'YLeftPos': 0, 'time_presentation': 0.5, 'XLeftPos': -300, 'XRightPos': 300, 'rightimg': u'frogs/ab49.jpg', 'YRightPos': 0, 'leftimg': u'frogs/ab9.jpg'}
58.6741 	EXP 	Leftimg: autoDraw = False
58.6741 	EXP 	Rightimg: autoDraw = False
58.6741 	EXP 	text: autoDraw = False
58.6741 	EXP 	Leftimg: pos = array([-300.,    0.])
58.6741 	EXP 	Leftimg: image = u'frogs/ab9.jpg'
58.6741 	EXP 	Rightimg: pos = array([ 300.,    0.])
58.6741 	EXP 	Rightimg: image = u'frogs/ab49.jpg'
58.6741 	EXP 	Leftimg: autoDraw = True
58.6741 	EXP 	Rightimg: autoDraw = True
58.9911 	EXP 	Leftimg: autoDraw = False
58.9911 	EXP 	Rightimg: autoDraw = False
59.3590 	DATA 	Keypress: right
59.3602 	EXP 	New trial (rep=0, index=40): {'YLeftPos': 0, 'time_presentation': 0.5, 'XLeftPos': -300, 'XRightPos': 300, 'rightimg': u'frogs/ab56.jpg', 'YRightPos': 0, 'leftimg': u'frogs/ab16.jpg'}
59.6086 	EXP 	Leftimg: autoDraw = False
59.6086 	EXP 	Rightimg: autoDraw = False
59.6086 	EXP 	text: autoDraw = False
59.6086 	EXP 	Leftimg: pos = array([-300.,    0.])
59.6086 	EXP 	Leftimg: image = u'frogs/ab16.jpg'
59.6086 	EXP 	Rightimg: pos = array([ 300.,    0.])
59.6086 	EXP 	Rightimg: image = u'frogs/ab56.jpg'
59.6086 	EXP 	Leftimg: autoDraw = True
59.6086 	EXP 	Rightimg: autoDraw = True
59.8744 	EXP 	Leftimg: autoDraw = False
59.8744 	EXP 	Rightimg: autoDraw = False
61.8754 	EXP 	window1: blendMode = 'avg'
61.8909 	EXP 	text: autoDraw = True
61.8918 	EXP 	window1: blendMode = 'avg'
61.9085 	EXP 	window1: blendMode = 'avg'
61.9250 	EXP 	window1: blendMode = 'avg'
61.9418 	EXP 	window1: blendMode = 'avg'
61.9585 	EXP 	window1: blendMode = 'avg'
61.9751 	EXP 	window1: blendMode = 'avg'
61.9916 	EXP 	window1: blendMode = 'avg'
62.0085 	EXP 	window1: blendMode = 'avg'
62.0251 	EXP 	window1: blendMode = 'avg'
62.0417 	EXP 	window1: blendMode = 'avg'
62.0582 	EXP 	window1: blendMode = 'avg'
62.0751 	EXP 	window1: blendMode = 'avg'
62.0919 	EXP 	window1: blendMode = 'avg'
62.1085 	EXP 	window1: blendMode = 'avg'
62.1249 	EXP 	window1: blendMode = 'avg'
62.1418 	EXP 	window1: blendMode = 'avg'
62.1584 	EXP 	window1: blendMode = 'avg'
62.1752 	EXP 	window1: blendMode = 'avg'
62.1918 	EXP 	window1: blendMode = 'avg'
62.2085 	EXP 	window1: blendMode = 'avg'
62.2252 	EXP 	window1: blendMode = 'avg'
62.2418 	EXP 	window1: blendMode = 'avg'
62.2583 	EXP 	window1: blendMode = 'avg'
62.2751 	EXP 	window1: blendMode = 'avg'
62.2918 	EXP 	window1: blendMode = 'avg'
62.3085 	EXP 	window1: blendMode = 'avg'
62.3249 	EXP 	window1: blendMode = 'avg'
62.3418 	EXP 	window1: blendMode = 'avg'
62.3585 	EXP 	window1: blendMode = 'avg'
62.3752 	EXP 	window1: blendMode = 'avg'
62.3916 	EXP 	window1: blendMode = 'avg'
62.4085 	EXP 	window1: blendMode = 'avg'
62.4253 	EXP 	window1: blendMode = 'avg'
62.4418 	EXP 	window1: blendMode = 'avg'
62.4585 	EXP 	window1: blendMode = 'avg'
62.4752 	EXP 	window1: blendMode = 'avg'
62.4916 	EXP 	window1: blendMode = 'avg'
62.5085 	EXP 	window1: blendMode = 'avg'
62.5251 	EXP 	window1: blendMode = 'avg'
62.5418 	EXP 	window1: blendMode = 'avg'
62.5583 	EXP 	window1: blendMode = 'avg'
62.5752 	EXP 	window1: blendMode = 'avg'
62.5918 	EXP 	window1: blendMode = 'avg'
62.6084 	EXP 	window1: blendMode = 'avg'
62.6252 	EXP 	window1: blendMode = 'avg'
62.6418 	EXP 	window1: blendMode = 'avg'
62.6583 	EXP 	window1: blendMode = 'avg'
62.6751 	EXP 	window1: blendMode = 'avg'
62.6919 	EXP 	window1: blendMode = 'avg'
62.7085 	EXP 	window1: blendMode = 'avg'
62.7250 	EXP 	window1: blendMode = 'avg'
62.7418 	EXP 	window1: blendMode = 'avg'
62.7581 	EXP 	window1: blendMode = 'avg'
62.7753 	EXP 	window1: blendMode = 'avg'
62.7918 	EXP 	window1: blendMode = 'avg'
62.8084 	EXP 	window1: blendMode = 'avg'
62.8249 	EXP 	window1: blendMode = 'avg'
62.8418 	EXP 	window1: blendMode = 'avg'
62.8585 	EXP 	window1: blendMode = 'avg'
62.8751 	EXP 	window1: blendMode = 'avg'
62.8916 	EXP 	window1: blendMode = 'avg'
62.9084 	EXP 	window1: blendMode = 'avg'
62.9252 	EXP 	window1: blendMode = 'avg'
62.9428 	DATA 	Keypress: space
62.9440 	EXP 	New trial (rep=0, index=41): {'YLeftPos': 0, 'time_presentation': 0.5, 'XLeftPos': -300, 'XRightPos': 300, 'rightimg': u'frogs/ab73.jpg', 'YRightPos': 0, 'leftimg': u'frogs/ab33.jpg'}
63.0411 	EXP 	Leftimg: autoDraw = False
63.0411 	EXP 	Rightimg: autoDraw = False
63.0411 	EXP 	text: autoDraw = False
63.0411 	EXP 	Leftimg: pos = array([-300.,    0.])
63.0411 	EXP 	Leftimg: image = u'frogs/ab33.jpg'
63.0411 	EXP 	Rightimg: pos = array([ 300.,    0.])
63.0411 	EXP 	Rightimg: image = u'frogs/ab73.jpg'
63.0411 	EXP 	Leftimg: autoDraw = True
63.0411 	EXP 	Rightimg: autoDraw = True
63.4576 	EXP 	Leftimg: autoDraw = False
63.4576 	EXP 	Rightimg: autoDraw = False
63.7426 	DATA 	Keypress: right
63.7437 	EXP 	New trial (rep=0, index=42): {'YLeftPos': 0, 'time_presentation': 0.5, 'XLeftPos': -300, 'XRightPos': 300, 'rightimg': u'frogs/ab44.jpg', 'YRightPos': 0, 'leftimg': u'frogs/ab4.jpg'}
63.7738 	EXP 	Leftimg: autoDraw = False
63.7738 	EXP 	Rightimg: autoDraw = False
63.7738 	EXP 	text: autoDraw = False
63.7738 	EXP 	Leftimg: pos = array([-300.,    0.])
63.7738 	EXP 	Leftimg: image = u'frogs/ab4.jpg'
63.7738 	EXP 	Rightimg: pos = array([ 300.,    0.])
63.7738 	EXP 	Rightimg: image = u'frogs/ab44.jpg'
63.7738 	EXP 	Leftimg: autoDraw = True
63.7738 	EXP 	Rightimg: autoDraw = True
64.2576 	EXP 	Leftimg: autoDraw = False
64.2576 	EXP 	Rightimg: autoDraw = False
64.2764 	DATA 	Keypress: left
64.2775 	EXP 	New trial (rep=0, index=43): {'YLeftPos': 0, 'time_presentation': 0.5, 'XLeftPos': -300, 'XRightPos': 300, 'rightimg': u'frogs/ab41.jpg', 'YRightPos': 0, 'leftimg': u'frogs/ab1.jpg'}
64.2907 	EXP 	Leftimg: autoDraw = False
64.2907 	EXP 	Rightimg: autoDraw = False
64.2907 	EXP 	text: autoDraw = False
64.2907 	EXP 	Leftimg: pos = array([-300.,    0.])
64.2907 	EXP 	Leftimg: image = u'frogs/ab1.jpg'
64.2907 	EXP 	Rightimg: pos = array([ 300.,    0.])
64.2907 	EXP 	Rightimg: image = u'frogs/ab41.jpg'
64.2907 	EXP 	Leftimg: autoDraw = True
64.2907 	EXP 	Rightimg: autoDraw = True
64.7909 	EXP 	Leftimg: autoDraw = False
64.7909 	EXP 	Rightimg: autoDraw = False
64.8594 	DATA 	Keypress: right
64.9228 	EXP 	window1: blendMode = 'avg'
64.9410 	EXP 	Leftimg: autoDraw = False
64.9410 	EXP 	Rightimg: autoDraw = False
64.9410 	EXP 	text: autoDraw = False
64.9410 	EXP 	text_3: autoDraw = True
64.9419 	EXP 	window1: blendMode = 'avg'
64.9590 	EXP 	window1: blendMode = 'avg'
64.9752 	EXP 	window1: blendMode = 'avg'
64.9918 	EXP 	window1: blendMode = 'avg'
65.0084 	EXP 	window1: blendMode = 'avg'
65.0251 	EXP 	window1: blendMode = 'avg'
65.0417 	EXP 	window1: blendMode = 'avg'
65.0582 	EXP 	window1: blendMode = 'avg'
65.0753 	EXP 	window1: blendMode = 'avg'
65.0918 	EXP 	window1: blendMode = 'avg'
65.1084 	EXP 	window1: blendMode = 'avg'
65.1256 	EXP 	window1: blendMode = 'avg'
65.1420 	EXP 	window1: blendMode = 'avg'
65.1585 	EXP 	window1: blendMode = 'avg'
65.1751 	EXP 	window1: blendMode = 'avg'
65.1918 	EXP 	window1: blendMode = 'avg'
65.2084 	EXP 	window1: blendMode = 'avg'
65.2249 	EXP 	window1: blendMode = 'avg'
65.2418 	EXP 	window1: blendMode = 'avg'
65.2584 	EXP 	window1: blendMode = 'avg'
65.2751 	EXP 	window1: blendMode = 'avg'
65.2921 	EXP 	window1: blendMode = 'avg'
65.3084 	EXP 	window1: blendMode = 'avg'
65.3251 	EXP 	window1: blendMode = 'avg'
65.3418 	EXP 	window1: blendMode = 'avg'
65.3582 	EXP 	window1: blendMode = 'avg'
65.3753 	EXP 	window1: blendMode = 'avg'
65.3918 	EXP 	window1: blendMode = 'avg'
65.4079 	EXP 	window1: blendMode = 'avg'
65.4248 	EXP 	window1: blendMode = 'avg'
65.4414 	EXP 	window1: blendMode = 'avg'
65.4587 	EXP 	window1: blendMode = 'avg'
65.4751 	EXP 	window1: blendMode = 'avg'
65.4918 	EXP 	window1: blendMode = 'avg'
65.5084 	EXP 	window1: blendMode = 'avg'
65.5253 	EXP 	window1: blendMode = 'avg'
65.5418 	EXP 	window1: blendMode = 'avg'
65.5585 	EXP 	window1: blendMode = 'avg'
65.5751 	EXP 	window1: blendMode = 'avg'
65.5918 	EXP 	window1: blendMode = 'avg'
65.6084 	EXP 	window1: blendMode = 'avg'
65.6249 	EXP 	window1: blendMode = 'avg'
65.6418 	EXP 	window1: blendMode = 'avg'
65.6585 	EXP 	window1: blendMode = 'avg'
65.6751 	EXP 	window1: blendMode = 'avg'
65.6914 	EXP 	window1: blendMode = 'avg'
65.7087 	EXP 	window1: blendMode = 'avg'
65.7251 	EXP 	window1: blendMode = 'avg'
65.7418 	EXP 	window1: blendMode = 'avg'
65.7583 	EXP 	window1: blendMode = 'avg'
65.7751 	EXP 	window1: blendMode = 'avg'
65.7918 	EXP 	window1: blendMode = 'avg'
65.8085 	EXP 	window1: blendMode = 'avg'
65.8254 	EXP 	window1: blendMode = 'avg'
65.8418 	EXP 	window1: blendMode = 'avg'
65.8585 	EXP 	window1: blendMode = 'avg'
65.8751 	EXP 	window1: blendMode = 'avg'
65.8916 	EXP 	window1: blendMode = 'avg'
65.9082 	EXP 	window1: blendMode = 'avg'
65.9254 	EXP 	window1: blendMode = 'avg'
65.9417 	EXP 	window1: blendMode = 'avg'
65.9585 	EXP 	window1: blendMode = 'avg'
65.9751 	EXP 	window1: blendMode = 'avg'
65.9918 	EXP 	window1: blendMode = 'avg'
66.0083 	EXP 	window1: blendMode = 'avg'
66.0251 	EXP 	window1: blendMode = 'avg'
66.0418 	EXP 	window1: blendMode = 'avg'
66.0584 	EXP 	window1: blendMode = 'avg'
66.0751 	EXP 	window1: blendMode = 'avg'
66.0916 	EXP 	window1: blendMode = 'avg'
66.1085 	EXP 	window1: blendMode = 'avg'
66.1251 	EXP 	window1: blendMode = 'avg'
66.1417 	EXP 	window1: blendMode = 'avg'
66.1583 	EXP 	window1: blendMode = 'avg'
66.1749 	EXP 	window1: blendMode = 'avg'
66.1921 	EXP 	window1: blendMode = 'avg'
66.2087 	EXP 	window1: blendMode = 'avg'
66.2252 	EXP 	window1: blendMode = 'avg'
66.2418 	EXP 	window1: blendMode = 'avg'
66.2584 	EXP 	window1: blendMode = 'avg'
66.2751 	EXP 	window1: blendMode = 'avg'
66.2915 	EXP 	window1: blendMode = 'avg'
66.3087 	EXP 	window1: blendMode = 'avg'
66.3251 	EXP 	window1: blendMode = 'avg'
66.3418 	EXP 	window1: blendMode = 'avg'
66.3583 	EXP 	window1: blendMode = 'avg'
66.3751 	EXP 	window1: blendMode = 'avg'
66.3918 	EXP 	window1: blendMode = 'avg'
66.4080 	EXP 	window1: blendMode = 'avg'
66.4251 	EXP 	window1: blendMode = 'avg'
66.4412 	EXP 	window1: blendMode = 'avg'
66.4585 	EXP 	window1: blendMode = 'avg'
66.4751 	EXP 	window1: blendMode = 'avg'
66.4917 	EXP 	window1: blendMode = 'avg'
66.5085 	EXP 	window1: blendMode = 'avg'
66.5249 	EXP 	window1: blendMode = 'avg'
66.5418 	EXP 	window1: blendMode = 'avg'
66.5578 	EXP 	window1: blendMode = 'avg'
66.5745 	EXP 	window1: blendMode = 'avg'
66.5909 	EXP 	window1: blendMode = 'avg'
66.6078 	EXP 	window1: blendMode = 'avg'
66.6247 	EXP 	window1: blendMode = 'avg'
66.6408 	EXP 	window1: blendMode = 'avg'
66.6584 	EXP 	window1: blendMode = 'avg'
66.6748 	EXP 	window1: blendMode = 'avg'
66.6920 	EXP 	window1: blendMode = 'avg'
66.7080 	EXP 	window1: blendMode = 'avg'
66.7246 	EXP 	window1: blendMode = 'avg'
66.7410 	EXP 	window1: blendMode = 'avg'
66.7585 	EXP 	window1: blendMode = 'avg'
66.7751 	EXP 	window1: blendMode = 'avg'
66.7921 	EXP 	window1: blendMode = 'avg'
66.8082 	EXP 	window1: blendMode = 'avg'
66.8248 	EXP 	window1: blendMode = 'avg'
66.8408 	EXP 	window1: blendMode = 'avg'
66.8577 	EXP 	window1: blendMode = 'avg'
66.8751 	EXP 	window1: blendMode = 'avg'
66.8918 	EXP 	window1: blendMode = 'avg'
66.9083 	EXP 	window1: blendMode = 'avg'
66.9254 	EXP 	window1: blendMode = 'avg'
66.9420 	EXP 	window1: blendMode = 'avg'
66.9579 	EXP 	window1: blendMode = 'avg'
66.9753 	EXP 	window1: blendMode = 'avg'
66.9915 	EXP 	window1: blendMode = 'avg'
67.0088 	EXP 	window1: blendMode = 'avg'
67.0254 	EXP 	window1: blendMode = 'avg'
67.0417 	EXP 	window1: blendMode = 'avg'
67.0583 	EXP 	window1: blendMode = 'avg'
67.0751 	EXP 	window1: blendMode = 'avg'
67.0917 	EXP 	window1: blendMode = 'avg'
67.1088 	EXP 	window1: blendMode = 'avg'
67.1240 	EXP 	window1: blendMode = 'avg'
67.1418 	EXP 	window1: blendMode = 'avg'
67.1585 	EXP 	window1: blendMode = 'avg'
67.1752 	EXP 	window1: blendMode = 'avg'
67.1918 	EXP 	window1: blendMode = 'avg'
67.2085 	EXP 	window1: blendMode = 'avg'
67.2249 	EXP 	window1: blendMode = 'avg'
67.2416 	EXP 	window1: blendMode = 'avg'
67.2581 	EXP 	window1: blendMode = 'avg'
67.2752 	EXP 	window1: blendMode = 'avg'
67.2918 	EXP 	window1: blendMode = 'avg'
67.3084 	EXP 	window1: blendMode = 'avg'
67.3249 	EXP 	window1: blendMode = 'avg'
67.3418 	EXP 	window1: blendMode = 'avg'
67.3585 	EXP 	window1: blendMode = 'avg'
67.3756 	EXP 	window1: blendMode = 'avg'
67.3916 	EXP 	window1: blendMode = 'avg'
67.4084 	EXP 	window1: blendMode = 'avg'
67.4253 	EXP 	window1: blendMode = 'avg'
67.4420 	EXP 	window1: blendMode = 'avg'
67.4586 	EXP 	window1: blendMode = 'avg'
67.4751 	EXP 	window1: blendMode = 'avg'
67.4917 	EXP 	window1: blendMode = 'avg'
67.5084 	EXP 	window1: blendMode = 'avg'
67.5252 	EXP 	window1: blendMode = 'avg'
67.5418 	EXP 	window1: blendMode = 'avg'
67.5585 	EXP 	window1: blendMode = 'avg'
67.5751 	EXP 	window1: blendMode = 'avg'
67.5917 	EXP 	window1: blendMode = 'avg'
67.6085 	EXP 	window1: blendMode = 'avg'
67.6251 	EXP 	window1: blendMode = 'avg'
67.6418 	EXP 	window1: blendMode = 'avg'
67.6582 	EXP 	window1: blendMode = 'avg'
67.6751 	EXP 	window1: blendMode = 'avg'
67.6918 	EXP 	window1: blendMode = 'avg'
67.7084 	EXP 	window1: blendMode = 'avg'
67.7251 	EXP 	window1: blendMode = 'avg'
67.7418 	EXP 	window1: blendMode = 'avg'
67.7578 	EXP 	window1: blendMode = 'avg'
67.7753 	EXP 	window1: blendMode = 'avg'
67.7918 	EXP 	window1: blendMode = 'avg'
67.8084 	EXP 	window1: blendMode = 'avg'
67.8251 	EXP 	window1: blendMode = 'avg'
67.8418 	EXP 	window1: blendMode = 'avg'
67.8585 	EXP 	window1: blendMode = 'avg'
67.8751 	EXP 	window1: blendMode = 'avg'
67.8915 	EXP 	window1: blendMode = 'avg'
67.9087 	EXP 	window1: blendMode = 'avg'
67.9253 	EXP 	window1: blendMode = 'avg'
67.9418 	EXP 	window1: blendMode = 'avg'
67.9581 	EXP 	window1: blendMode = 'avg'
67.9753 	EXP 	window1: blendMode = 'avg'
67.9918 	EXP 	window1: blendMode = 'avg'
68.0086 	EXP 	window1: blendMode = 'avg'
68.0241 	EXP 	window1: blendMode = 'avg'
68.0413 	EXP 	window1: blendMode = 'avg'
68.0588 	EXP 	window1: blendMode = 'avg'
68.0748 	EXP 	window1: blendMode = 'avg'
68.0920 	EXP 	window1: blendMode = 'avg'
68.1084 	EXP 	window1: blendMode = 'avg'
68.1250 	EXP 	window1: blendMode = 'avg'
68.1418 	EXP 	window1: blendMode = 'avg'
68.1585 	EXP 	window1: blendMode = 'avg'
68.1750 	EXP 	window1: blendMode = 'avg'
68.1915 	EXP 	window1: blendMode = 'avg'
68.2087 	EXP 	window1: blendMode = 'avg'
68.2253 	EXP 	window1: blendMode = 'avg'
68.2419 	EXP 	window1: blendMode = 'avg'
68.2585 	EXP 	window1: blendMode = 'avg'
68.2751 	EXP 	window1: blendMode = 'avg'
68.2914 	EXP 	window1: blendMode = 'avg'
68.3087 	EXP 	window1: blendMode = 'avg'
68.3252 	EXP 	window1: blendMode = 'avg'
68.3418 	EXP 	window1: blendMode = 'avg'
68.3586 	EXP 	window1: blendMode = 'avg'
68.3741 	EXP 	window1: blendMode = 'avg'
68.3917 	EXP 	window1: blendMode = 'avg'
68.4084 	EXP 	window1: blendMode = 'avg'
68.4249 	EXP 	window1: blendMode = 'avg'
68.4420 	EXP 	window1: blendMode = 'avg'
68.4584 	EXP 	window1: blendMode = 'avg'
68.4751 	EXP 	window1: blendMode = 'avg'
68.4915 	EXP 	window1: blendMode = 'avg'
68.5087 	EXP 	window1: blendMode = 'avg'
68.5251 	EXP 	window1: blendMode = 'avg'
68.5409 	EXP 	window1: blendMode = 'avg'
68.5587 	EXP 	window1: blendMode = 'avg'
68.5746 	EXP 	window1: blendMode = 'avg'
68.5908 	EXP 	window1: blendMode = 'avg'
68.6079 	EXP 	window1: blendMode = 'avg'
68.6247 	EXP 	window1: blendMode = 'avg'
68.6419 	EXP 	window1: blendMode = 'avg'
68.6582 	EXP 	window1: blendMode = 'avg'
68.6751 	EXP 	window1: blendMode = 'avg'
68.6917 	EXP 	window1: blendMode = 'avg'
68.7080 	EXP 	window1: blendMode = 'avg'
68.7252 	EXP 	window1: blendMode = 'avg'
68.7417 	EXP 	window1: blendMode = 'avg'
68.7582 	EXP 	window1: blendMode = 'avg'
68.7756 	EXP 	window1: blendMode = 'avg'
68.7919 	EXP 	window1: blendMode = 'avg'
68.8084 	EXP 	window1: blendMode = 'avg'
68.8251 	EXP 	window1: blendMode = 'avg'
68.8418 	EXP 	window1: blendMode = 'avg'
68.8583 	EXP 	window1: blendMode = 'avg'
68.8751 	EXP 	window1: blendMode = 'avg'
68.8916 	EXP 	window1: blendMode = 'avg'
68.9084 	EXP 	window1: blendMode = 'avg'
68.9251 	EXP 	window1: blendMode = 'avg'
68.9417 	EXP 	window1: blendMode = 'avg'
68.9582 	EXP 	window1: blendMode = 'avg'
68.9751 	EXP 	window1: blendMode = 'avg'
68.9914 	EXP 	window1: blendMode = 'avg'
69.0081 	EXP 	window1: blendMode = 'avg'
69.0253 	EXP 	window1: blendMode = 'avg'
69.0417 	EXP 	window1: blendMode = 'avg'
69.0584 	EXP 	window1: blendMode = 'avg'
69.0751 	EXP 	window1: blendMode = 'avg'
69.0920 	EXP 	window1: blendMode = 'avg'
69.1084 	EXP 	window1: blendMode = 'avg'
69.1251 	EXP 	window1: blendMode = 'avg'
69.1417 	EXP 	window1: blendMode = 'avg'
69.1584 	EXP 	window1: blendMode = 'avg'
69.1749 	EXP 	window1: blendMode = 'avg'
69.1916 	EXP 	window1: blendMode = 'avg'
69.2085 	EXP 	window1: blendMode = 'avg'
69.2251 	DATA 	Keypress: escape
69.3395 	EXP 	window1: mouseVisible = True
