6.2978 	EXP 	Created window1 = Window(allowGUI=False, allowStencil=False, autoLog=True, bitsMode=UNKNOWN, blendMode='avg', color=array([ 0.,  0.,  0.]), colorSpace='rgb', fullscr=UNKNOWN, gamma=None, lms=UNKNOWN, monitor=<psychopy.monitors.calibTools.Monitor object at 0x113d9d410>, multiSample=False, name='window1', numSamples=2, pos=[0, 0], screen=0, size=array([1440,  900]), stereo=False, units=u'norm', useFBO=True, useRetina=False, viewOri=0.0, viewPos=None, viewScale=None, waitBlanking=True, winType='pyglet')
6.2979 	EXP 	window1: recordFrameIntervals = False
6.4632 	EXP 	window1: recordFrameIntervals = True
6.6474 	EXP 	window1: recordFrameIntervals = False
6.7334 	EXP 	Created text_2 = TextStim(alignHoriz='center', alignVert='center', antialias=True, autoLog=True, bold=False, color='white', colorSpace='named', contrast=1.0, depth=0.0, flipHoriz=False, flipVert=False, font='Arial', fontFiles=[], height=0.1, italic=False, name='text_2', opacity=1.0, ori=0, pos=array([ 0.,  0.]), rgb=array([ 255.,  255.,  255.]), text=unicode(...), units=u'norm', win=Window(...), wrapWidth=1)
6.7350 	EXP 	Created Leftimg = ImageStim(autoLog=True, color=array([ 1.,  1.,  1.]), colorSpace='rgb', contrast=1.0, depth=0.0, flipHoriz=False, flipVert=False, image='sin', interpolate=True, mask=None, maskParams=None, name='Leftimg', opacity=1.0, ori=0.0, pos=array([ 0.,  0.]), size=array([ 400.,  400.]), texRes=128, units='pix', win=Window(...))
6.7361 	EXP 	Created Rightimg = ImageStim(autoLog=True, color=array([ 1.,  1.,  1.]), colorSpace='rgb', contrast=1.0, depth=-1.0, flipHoriz=False, flipVert=False, image='sin', interpolate=True, mask=None, maskParams=None, name='Rightimg', opacity=1.0, ori=0.0, pos=array([ 0.,  0.]), size=array([ 400.,  400.]), texRes=128, units='pix', win=Window(...))
6.7488 	EXP 	Created text = TextStim(alignHoriz='center', alignVert='center', antialias=True, autoLog=True, bold=False, color='white', colorSpace='named', contrast=1.0, depth=-4.0, flipHoriz=False, flipVert=False, font='Arial', fontFiles=[], height=0.05, italic=False, name='text', opacity=1.0, ori=0, pos=array([ 0.,  0.]), rgb=array([ 255.,  255.,  255.]), text=u'to proceed press the space bar.', units=u'norm', win=Window(...), wrapWidth=1)
6.7581 	EXP 	Created text_3 = TextStim(alignHoriz='center', alignVert='center', antialias=True, autoLog=True, bold=False, color='white', colorSpace='named', contrast=1.0, depth=0.0, flipHoriz=False, flipVert=False, font='Arial', fontFiles=[], height=0.1, italic=False, name='text_3', opacity=1.0, ori=0, pos=array([ 0.,  0.]), rgb=array([ 255.,  255.,  255.]), text=unicode(...), units=u'norm', win=Window(...), wrapWidth=1)
6.7627 	EXP 	window1: blendMode = 'avg'
6.7806 	EXP 	text_2: autoDraw = True
6.7843 	EXP 	window1: blendMode = 'avg'
6.7982 	EXP 	window1: blendMode = 'avg'
6.8143 	EXP 	window1: blendMode = 'avg'
6.8314 	EXP 	window1: blendMode = 'avg'
6.8475 	EXP 	window1: blendMode = 'avg'
6.8660 	EXP 	window1: blendMode = 'avg'
6.8814 	EXP 	window1: blendMode = 'avg'
6.8975 	EXP 	window1: blendMode = 'avg'
6.9146 	EXP 	window1: blendMode = 'avg'
6.9307 	EXP 	window1: blendMode = 'avg'
6.9479 	EXP 	window1: blendMode = 'avg'
6.9642 	EXP 	window1: blendMode = 'avg'
6.9816 	EXP 	window1: blendMode = 'avg'
6.9981 	EXP 	window1: blendMode = 'avg'
7.0149 	EXP 	window1: blendMode = 'avg'
7.0313 	EXP 	window1: blendMode = 'avg'
7.0481 	EXP 	window1: blendMode = 'avg'
7.0641 	EXP 	window1: blendMode = 'avg'
7.0809 	EXP 	window1: blendMode = 'avg'
7.0981 	EXP 	window1: blendMode = 'avg'
7.1141 	EXP 	window1: blendMode = 'avg'
7.1315 	EXP 	window1: blendMode = 'avg'
7.1478 	EXP 	window1: blendMode = 'avg'
7.1648 	EXP 	window1: blendMode = 'avg'
7.1808 	EXP 	window1: blendMode = 'avg'
7.1983 	EXP 	window1: blendMode = 'avg'
7.2148 	EXP 	window1: blendMode = 'avg'
7.2307 	EXP 	window1: blendMode = 'avg'
7.2479 	EXP 	window1: blendMode = 'avg'
7.2647 	EXP 	window1: blendMode = 'avg'
7.2808 	EXP 	window1: blendMode = 'avg'
7.2979 	EXP 	window1: blendMode = 'avg'
7.3140 	EXP 	window1: blendMode = 'avg'
7.3313 	EXP 	window1: blendMode = 'avg'
7.3477 	EXP 	window1: blendMode = 'avg'
7.3648 	EXP 	window1: blendMode = 'avg'
7.3809 	EXP 	window1: blendMode = 'avg'
7.3981 	EXP 	window1: blendMode = 'avg'
7.4141 	EXP 	window1: blendMode = 'avg'
7.4315 	EXP 	window1: blendMode = 'avg'
7.4478 	EXP 	window1: blendMode = 'avg'
7.4648 	EXP 	window1: blendMode = 'avg'
7.4809 	EXP 	window1: blendMode = 'avg'
7.4980 	EXP 	window1: blendMode = 'avg'
7.5141 	EXP 	window1: blendMode = 'avg'
7.5312 	EXP 	window1: blendMode = 'avg'
7.5480 	EXP 	window1: blendMode = 'avg'
7.5640 	EXP 	window1: blendMode = 'avg'
7.5813 	EXP 	window1: blendMode = 'avg'
7.5980 	EXP 	window1: blendMode = 'avg'
7.6143 	EXP 	window1: blendMode = 'avg'
7.6315 	EXP 	window1: blendMode = 'avg'
7.6477 	EXP 	window1: blendMode = 'avg'
7.6648 	EXP 	window1: blendMode = 'avg'
7.6811 	EXP 	window1: blendMode = 'avg'
7.6981 	EXP 	window1: blendMode = 'avg'
7.7141 	EXP 	window1: blendMode = 'avg'
7.7314 	EXP 	window1: blendMode = 'avg'
7.7476 	EXP 	window1: blendMode = 'avg'
7.7694 	EXP 	window1: blendMode = 'avg'
7.7862 	EXP 	window1: blendMode = 'avg'
7.8028 	EXP 	window1: blendMode = 'avg'
7.8149 	EXP 	window1: blendMode = 'avg'
7.8357 	EXP 	window1: blendMode = 'avg'
7.8523 	EXP 	window1: blendMode = 'avg'
7.8691 	EXP 	window1: blendMode = 'avg'
7.8857 	EXP 	window1: blendMode = 'avg'
7.9028 	EXP 	window1: blendMode = 'avg'
7.9194 	EXP 	window1: blendMode = 'avg'
7.9361 	EXP 	window1: blendMode = 'avg'
7.9528 	EXP 	window1: blendMode = 'avg'
7.9694 	EXP 	window1: blendMode = 'avg'
7.9861 	EXP 	window1: blendMode = 'avg'
8.0028 	EXP 	window1: blendMode = 'avg'
8.0195 	EXP 	window1: blendMode = 'avg'
8.0361 	EXP 	window1: blendMode = 'avg'
8.0528 	EXP 	window1: blendMode = 'avg'
8.0694 	EXP 	window1: blendMode = 'avg'
8.0861 	EXP 	window1: blendMode = 'avg'
8.1028 	EXP 	window1: blendMode = 'avg'
8.1194 	EXP 	window1: blendMode = 'avg'
8.1361 	EXP 	window1: blendMode = 'avg'
8.1528 	EXP 	window1: blendMode = 'avg'
8.1694 	EXP 	window1: blendMode = 'avg'
8.1861 	EXP 	window1: blendMode = 'avg'
8.2028 	EXP 	window1: blendMode = 'avg'
8.2194 	EXP 	window1: blendMode = 'avg'
8.2361 	EXP 	window1: blendMode = 'avg'
8.2528 	EXP 	window1: blendMode = 'avg'
8.2694 	EXP 	window1: blendMode = 'avg'
8.2861 	EXP 	window1: blendMode = 'avg'
8.3028 	EXP 	window1: blendMode = 'avg'
8.3194 	EXP 	window1: blendMode = 'avg'
8.3361 	EXP 	window1: blendMode = 'avg'
8.3528 	EXP 	window1: blendMode = 'avg'
8.3694 	EXP 	window1: blendMode = 'avg'
8.3861 	EXP 	window1: blendMode = 'avg'
8.4028 	EXP 	window1: blendMode = 'avg'
8.4194 	EXP 	window1: blendMode = 'avg'
8.4361 	EXP 	window1: blendMode = 'avg'
8.4528 	EXP 	window1: blendMode = 'avg'
8.4695 	EXP 	window1: blendMode = 'avg'
8.4861 	EXP 	window1: blendMode = 'avg'
8.5028 	EXP 	window1: blendMode = 'avg'
8.5144 	EXP 	window1: blendMode = 'avg'
8.5361 	EXP 	window1: blendMode = 'avg'
8.5528 	EXP 	window1: blendMode = 'avg'
8.5695 	EXP 	window1: blendMode = 'avg'
8.5861 	EXP 	window1: blendMode = 'avg'
8.6028 	EXP 	window1: blendMode = 'avg'
8.6194 	EXP 	window1: blendMode = 'avg'
8.6361 	EXP 	window1: blendMode = 'avg'
8.6528 	EXP 	window1: blendMode = 'avg'
8.6694 	EXP 	window1: blendMode = 'avg'
8.6861 	EXP 	window1: blendMode = 'avg'
8.7027 	EXP 	window1: blendMode = 'avg'
8.7194 	EXP 	window1: blendMode = 'avg'
8.7361 	EXP 	window1: blendMode = 'avg'
8.7527 	EXP 	window1: blendMode = 'avg'
8.7694 	EXP 	window1: blendMode = 'avg'
8.7861 	EXP 	window1: blendMode = 'avg'
8.8027 	EXP 	window1: blendMode = 'avg'
8.8194 	EXP 	window1: blendMode = 'avg'
8.8360 	EXP 	window1: blendMode = 'avg'
8.8526 	EXP 	window1: blendMode = 'avg'
8.8693 	EXP 	window1: blendMode = 'avg'
8.8860 	EXP 	window1: blendMode = 'avg'
8.9027 	EXP 	window1: blendMode = 'avg'
8.9194 	EXP 	window1: blendMode = 'avg'
8.9361 	EXP 	window1: blendMode = 'avg'
8.9528 	EXP 	window1: blendMode = 'avg'
8.9694 	EXP 	window1: blendMode = 'avg'
8.9861 	EXP 	window1: blendMode = 'avg'
9.0030 	EXP 	window1: blendMode = 'avg'
9.0182 	EXP 	window1: blendMode = 'avg'
9.0355 	EXP 	window1: blendMode = 'avg'
9.0513 	EXP 	window1: blendMode = 'avg'
9.0677 	EXP 	window1: blendMode = 'avg'
9.0845 	EXP 	window1: blendMode = 'avg'
9.1014 	EXP 	window1: blendMode = 'avg'
9.1196 	EXP 	window1: blendMode = 'avg'
9.1352 	EXP 	window1: blendMode = 'avg'
9.1528 	EXP 	window1: blendMode = 'avg'
9.1694 	EXP 	window1: blendMode = 'avg'
9.1861 	EXP 	window1: blendMode = 'avg'
9.2026 	EXP 	window1: blendMode = 'avg'
9.2194 	EXP 	window1: blendMode = 'avg'
9.2360 	EXP 	window1: blendMode = 'avg'
9.2527 	EXP 	window1: blendMode = 'avg'
9.2695 	EXP 	window1: blendMode = 'avg'
9.2861 	EXP 	window1: blendMode = 'avg'
9.3032 	EXP 	window1: blendMode = 'avg'
9.3193 	EXP 	window1: blendMode = 'avg'
9.3360 	EXP 	window1: blendMode = 'avg'
9.3528 	EXP 	window1: blendMode = 'avg'
9.3697 	EXP 	window1: blendMode = 'avg'
9.3853 	EXP 	window1: blendMode = 'avg'
9.4016 	EXP 	window1: blendMode = 'avg'
9.4194 	EXP 	window1: blendMode = 'avg'
9.4361 	EXP 	window1: blendMode = 'avg'
9.4528 	EXP 	window1: blendMode = 'avg'
9.4694 	EXP 	window1: blendMode = 'avg'
9.4861 	EXP 	window1: blendMode = 'avg'
9.5027 	EXP 	window1: blendMode = 'avg'
9.5194 	EXP 	window1: blendMode = 'avg'
9.5361 	EXP 	window1: blendMode = 'avg'
9.5528 	EXP 	window1: blendMode = 'avg'
9.5694 	EXP 	window1: blendMode = 'avg'
9.5861 	EXP 	window1: blendMode = 'avg'
9.6028 	EXP 	window1: blendMode = 'avg'
9.6194 	EXP 	window1: blendMode = 'avg'
9.6361 	EXP 	window1: blendMode = 'avg'
9.6528 	EXP 	window1: blendMode = 'avg'
9.6695 	EXP 	window1: blendMode = 'avg'
9.6860 	EXP 	window1: blendMode = 'avg'
9.7028 	EXP 	window1: blendMode = 'avg'
9.7195 	EXP 	window1: blendMode = 'avg'
9.7361 	EXP 	window1: blendMode = 'avg'
9.7528 	EXP 	window1: blendMode = 'avg'
9.7694 	EXP 	window1: blendMode = 'avg'
9.7861 	EXP 	window1: blendMode = 'avg'
9.8028 	EXP 	window1: blendMode = 'avg'
9.8194 	EXP 	window1: blendMode = 'avg'
9.8361 	EXP 	window1: blendMode = 'avg'
9.8527 	EXP 	window1: blendMode = 'avg'
9.8694 	EXP 	window1: blendMode = 'avg'
9.8851 	EXP 	window1: blendMode = 'avg'
9.8984 	EXP 	window1: blendMode = 'avg'
9.9189 	EXP 	window1: blendMode = 'avg'
9.9326 	EXP 	window1: blendMode = 'avg'
9.9492 	EXP 	window1: blendMode = 'avg'
9.9660 	EXP 	window1: blendMode = 'avg'
9.9823 	EXP 	window1: blendMode = 'avg'
9.9995 	EXP 	window1: blendMode = 'avg'
10.0162 	EXP 	window1: blendMode = 'avg'
10.0326 	EXP 	window1: blendMode = 'avg'
10.0493 	EXP 	window1: blendMode = 'avg'
10.0660 	EXP 	window1: blendMode = 'avg'
10.0827 	EXP 	window1: blendMode = 'avg'
10.0994 	EXP 	window1: blendMode = 'avg'
10.1160 	EXP 	window1: blendMode = 'avg'
10.1327 	EXP 	window1: blendMode = 'avg'
10.1493 	EXP 	window1: blendMode = 'avg'
10.1658 	EXP 	window1: blendMode = 'avg'
10.1831 	EXP 	window1: blendMode = 'avg'
10.1995 	EXP 	window1: blendMode = 'avg'
10.2159 	EXP 	window1: blendMode = 'avg'
10.2325 	EXP 	window1: blendMode = 'avg'
10.2493 	EXP 	window1: blendMode = 'avg'
10.2660 	EXP 	window1: blendMode = 'avg'
10.2826 	EXP 	window1: blendMode = 'avg'
10.2991 	EXP 	window1: blendMode = 'avg'
10.3165 	EXP 	window1: blendMode = 'avg'
10.3329 	EXP 	window1: blendMode = 'avg'
10.3493 	EXP 	window1: blendMode = 'avg'
10.3660 	EXP 	window1: blendMode = 'avg'
10.3826 	EXP 	window1: blendMode = 'avg'
10.3991 	EXP 	window1: blendMode = 'avg'
10.4160 	EXP 	window1: blendMode = 'avg'
10.4327 	EXP 	window1: blendMode = 'avg'
10.4494 	EXP 	window1: blendMode = 'avg'
10.4660 	EXP 	window1: blendMode = 'avg'
10.4827 	EXP 	window1: blendMode = 'avg'
10.4992 	EXP 	window1: blendMode = 'avg'
10.5160 	EXP 	window1: blendMode = 'avg'
10.5327 	EXP 	window1: blendMode = 'avg'
10.5494 	EXP 	window1: blendMode = 'avg'
10.5658 	EXP 	window1: blendMode = 'avg'
10.5826 	EXP 	window1: blendMode = 'avg'
10.5989 	EXP 	window1: blendMode = 'avg'
10.6162 	EXP 	window1: blendMode = 'avg'
10.6326 	EXP 	window1: blendMode = 'avg'
10.6493 	EXP 	window1: blendMode = 'avg'
10.6658 	EXP 	window1: blendMode = 'avg'
10.6827 	EXP 	window1: blendMode = 'avg'
10.6993 	EXP 	window1: blendMode = 'avg'
10.7160 	EXP 	window1: blendMode = 'avg'
10.7326 	EXP 	window1: blendMode = 'avg'
10.7493 	EXP 	window1: blendMode = 'avg'
10.7660 	EXP 	window1: blendMode = 'avg'
10.7826 	EXP 	window1: blendMode = 'avg'
10.7990 	EXP 	window1: blendMode = 'avg'
10.8156 	EXP 	window1: blendMode = 'avg'
10.8329 	EXP 	window1: blendMode = 'avg'
10.8493 	EXP 	window1: blendMode = 'avg'
10.8654 	EXP 	window1: blendMode = 'avg'
10.8830 	EXP 	window1: blendMode = 'avg'
10.8998 	EXP 	window1: blendMode = 'avg'
10.9165 	EXP 	window1: blendMode = 'avg'
10.9328 	EXP 	window1: blendMode = 'avg'
10.9493 	EXP 	window1: blendMode = 'avg'
10.9660 	EXP 	window1: blendMode = 'avg'
10.9823 	EXP 	window1: blendMode = 'avg'
10.9995 	EXP 	window1: blendMode = 'avg'
11.0160 	EXP 	window1: blendMode = 'avg'
11.0327 	EXP 	window1: blendMode = 'avg'
11.0493 	EXP 	window1: blendMode = 'avg'
11.0659 	EXP 	window1: blendMode = 'avg'
11.0826 	EXP 	window1: blendMode = 'avg'
11.0994 	EXP 	window1: blendMode = 'avg'
11.1160 	EXP 	window1: blendMode = 'avg'
11.1325 	EXP 	window1: blendMode = 'avg'
11.1493 	EXP 	window1: blendMode = 'avg'
11.1660 	EXP 	window1: blendMode = 'avg'
11.1827 	EXP 	window1: blendMode = 'avg'
11.1984 	EXP 	window1: blendMode = 'avg'
11.2154 	EXP 	window1: blendMode = 'avg'
11.2327 	EXP 	window1: blendMode = 'avg'
11.2494 	EXP 	window1: blendMode = 'avg'
11.2658 	EXP 	window1: blendMode = 'avg'
11.2827 	EXP 	window1: blendMode = 'avg'
11.2994 	EXP 	window1: blendMode = 'avg'
11.3160 	EXP 	window1: blendMode = 'avg'
11.3325 	EXP 	window1: blendMode = 'avg'
11.3495 	EXP 	window1: blendMode = 'avg'
11.3662 	EXP 	window1: blendMode = 'avg'
11.3826 	EXP 	window1: blendMode = 'avg'
11.3993 	EXP 	window1: blendMode = 'avg'
11.4160 	EXP 	window1: blendMode = 'avg'
11.4324 	EXP 	window1: blendMode = 'avg'
11.4495 	EXP 	window1: blendMode = 'avg'
11.4660 	EXP 	window1: blendMode = 'avg'
11.4826 	EXP 	window1: blendMode = 'avg'
11.4990 	EXP 	window1: blendMode = 'avg'
11.5155 	EXP 	window1: blendMode = 'avg'
11.5330 	EXP 	window1: blendMode = 'avg'
11.5493 	EXP 	window1: blendMode = 'avg'
11.5660 	EXP 	window1: blendMode = 'avg'
11.5822 	EXP 	window1: blendMode = 'avg'
11.5984 	EXP 	window1: blendMode = 'avg'
11.6160 	EXP 	window1: blendMode = 'avg'
11.6327 	EXP 	window1: blendMode = 'avg'
11.6489 	EXP 	window1: blendMode = 'avg'
11.6656 	EXP 	window1: blendMode = 'avg'
11.6827 	EXP 	window1: blendMode = 'avg'
11.6994 	EXP 	window1: blendMode = 'avg'
11.7160 	EXP 	window1: blendMode = 'avg'
11.7327 	EXP 	window1: blendMode = 'avg'
11.7493 	EXP 	window1: blendMode = 'avg'
11.7661 	EXP 	window1: blendMode = 'avg'
11.7827 	EXP 	window1: blendMode = 'avg'
11.7993 	EXP 	window1: blendMode = 'avg'
11.8159 	EXP 	window1: blendMode = 'avg'
11.8326 	EXP 	window1: blendMode = 'avg'
11.8492 	EXP 	window1: blendMode = 'avg'
11.8658 	EXP 	window1: blendMode = 'avg'
11.8826 	EXP 	window1: blendMode = 'avg'
11.8993 	EXP 	window1: blendMode = 'avg'
11.9160 	EXP 	window1: blendMode = 'avg'
11.9326 	EXP 	window1: blendMode = 'avg'
11.9493 	EXP 	window1: blendMode = 'avg'
11.9657 	EXP 	window1: blendMode = 'avg'
11.9827 	EXP 	window1: blendMode = 'avg'
11.9993 	EXP 	window1: blendMode = 'avg'
12.0158 	EXP 	window1: blendMode = 'avg'
12.0324 	EXP 	window1: blendMode = 'avg'
12.0485 	EXP 	window1: blendMode = 'avg'
12.0656 	EXP 	window1: blendMode = 'avg'
12.0820 	EXP 	window1: blendMode = 'avg'
12.0993 	EXP 	window1: blendMode = 'avg'
12.1160 	EXP 	window1: blendMode = 'avg'
12.1324 	EXP 	window1: blendMode = 'avg'
12.1493 	EXP 	window1: blendMode = 'avg'
12.1654 	EXP 	window1: blendMode = 'avg'
12.1814 	EXP 	window1: blendMode = 'avg'
12.1995 	EXP 	window1: blendMode = 'avg'
12.2158 	EXP 	window1: blendMode = 'avg'
12.2326 	EXP 	window1: blendMode = 'avg'
12.2490 	EXP 	window1: blendMode = 'avg'
12.2661 	EXP 	window1: blendMode = 'avg'
12.2827 	EXP 	window1: blendMode = 'avg'
12.2993 	EXP 	window1: blendMode = 'avg'
12.3155 	EXP 	window1: blendMode = 'avg'
12.3314 	EXP 	window1: blendMode = 'avg'
12.3489 	EXP 	window1: blendMode = 'avg'
12.3655 	EXP 	window1: blendMode = 'avg'
12.3820 	EXP 	window1: blendMode = 'avg'
12.3986 	EXP 	window1: blendMode = 'avg'
12.4156 	EXP 	window1: blendMode = 'avg'
12.4324 	EXP 	window1: blendMode = 'avg'
12.4483 	EXP 	window1: blendMode = 'avg'
12.4651 	EXP 	window1: blendMode = 'avg'
12.4818 	EXP 	window1: blendMode = 'avg'
12.4989 	EXP 	window1: blendMode = 'avg'
12.5154 	EXP 	window1: blendMode = 'avg'
12.5325 	EXP 	window1: blendMode = 'avg'
12.5484 	EXP 	window1: blendMode = 'avg'
12.5659 	EXP 	window1: blendMode = 'avg'
12.5827 	EXP 	window1: blendMode = 'avg'
12.5993 	EXP 	window1: blendMode = 'avg'
12.6160 	EXP 	window1: blendMode = 'avg'
12.6323 	EXP 	window1: blendMode = 'avg'
12.6495 	EXP 	window1: blendMode = 'avg'
12.6659 	EXP 	window1: blendMode = 'avg'
12.6827 	EXP 	window1: blendMode = 'avg'
12.6991 	EXP 	window1: blendMode = 'avg'
12.7158 	EXP 	window1: blendMode = 'avg'
12.7321 	EXP 	window1: blendMode = 'avg'
12.7495 	EXP 	window1: blendMode = 'avg'
12.7660 	EXP 	window1: blendMode = 'avg'
12.7826 	EXP 	window1: blendMode = 'avg'
12.7991 	EXP 	window1: blendMode = 'avg'
12.8159 	EXP 	window1: blendMode = 'avg'
12.8326 	EXP 	window1: blendMode = 'avg'
12.8493 	EXP 	window1: blendMode = 'avg'
12.8660 	EXP 	window1: blendMode = 'avg'
12.8826 	EXP 	window1: blendMode = 'avg'
12.8991 	EXP 	window1: blendMode = 'avg'
12.9159 	EXP 	window1: blendMode = 'avg'
12.9324 	EXP 	window1: blendMode = 'avg'
12.9495 	EXP 	window1: blendMode = 'avg'
12.9662 	EXP 	window1: blendMode = 'avg'
12.9826 	EXP 	window1: blendMode = 'avg'
12.9991 	EXP 	window1: blendMode = 'avg'
13.0159 	EXP 	window1: blendMode = 'avg'
13.0326 	EXP 	window1: blendMode = 'avg'
13.0493 	EXP 	window1: blendMode = 'avg'
13.0654 	EXP 	window1: blendMode = 'avg'
13.0829 	EXP 	window1: blendMode = 'avg'
13.0993 	EXP 	window1: blendMode = 'avg'
13.1159 	EXP 	window1: blendMode = 'avg'
13.1327 	EXP 	window1: blendMode = 'avg'
13.1493 	EXP 	window1: blendMode = 'avg'
13.1661 	EXP 	window1: blendMode = 'avg'
13.1826 	EXP 	window1: blendMode = 'avg'
13.1994 	EXP 	window1: blendMode = 'avg'
13.2160 	EXP 	window1: blendMode = 'avg'
13.2324 	EXP 	window1: blendMode = 'avg'
13.2493 	EXP 	window1: blendMode = 'avg'
13.2660 	EXP 	window1: blendMode = 'avg'
13.2826 	EXP 	window1: blendMode = 'avg'
13.2990 	EXP 	window1: blendMode = 'avg'
13.3161 	EXP 	window1: blendMode = 'avg'
13.3324 	EXP 	window1: blendMode = 'avg'
13.3495 	EXP 	window1: blendMode = 'avg'
13.3659 	EXP 	window1: blendMode = 'avg'
13.3826 	EXP 	window1: blendMode = 'avg'
13.3989 	EXP 	window1: blendMode = 'avg'
13.4161 	EXP 	window1: blendMode = 'avg'
13.4327 	EXP 	window1: blendMode = 'avg'
13.4493 	EXP 	window1: blendMode = 'avg'
13.4659 	EXP 	window1: blendMode = 'avg'
13.4826 	EXP 	window1: blendMode = 'avg'
13.4991 	EXP 	window1: blendMode = 'avg'
13.5162 	EXP 	window1: blendMode = 'avg'
13.5326 	EXP 	window1: blendMode = 'avg'
13.5493 	EXP 	window1: blendMode = 'avg'
13.5657 	EXP 	window1: blendMode = 'avg'
13.5829 	EXP 	window1: blendMode = 'avg'
13.5993 	EXP 	window1: blendMode = 'avg'
13.6159 	EXP 	window1: blendMode = 'avg'
13.6324 	EXP 	window1: blendMode = 'avg'
13.6496 	EXP 	window1: blendMode = 'avg'
13.6660 	EXP 	window1: blendMode = 'avg'
13.6825 	EXP 	window1: blendMode = 'avg'
13.6990 	EXP 	window1: blendMode = 'avg'
13.7162 	EXP 	window1: blendMode = 'avg'
13.7326 	EXP 	window1: blendMode = 'avg'
13.7493 	EXP 	window1: blendMode = 'avg'
13.7658 	EXP 	window1: blendMode = 'avg'
13.7826 	EXP 	window1: blendMode = 'avg'
13.7993 	EXP 	window1: blendMode = 'avg'
13.8159 	EXP 	window1: blendMode = 'avg'
13.8324 	EXP 	window1: blendMode = 'avg'
13.8498 	EXP 	window1: blendMode = 'avg'
13.8654 	EXP 	window1: blendMode = 'avg'
13.8829 	EXP 	window1: blendMode = 'avg'
13.8988 	EXP 	window1: blendMode = 'avg'
13.9162 	EXP 	window1: blendMode = 'avg'
13.9323 	EXP 	window1: blendMode = 'avg'
13.9495 	EXP 	window1: blendMode = 'avg'
13.9660 	EXP 	window1: blendMode = 'avg'
13.9826 	EXP 	window1: blendMode = 'avg'
13.9994 	EXP 	window1: blendMode = 'avg'
14.0160 	EXP 	window1: blendMode = 'avg'
14.0326 	EXP 	window1: blendMode = 'avg'
14.0491 	EXP 	window1: blendMode = 'avg'
14.0659 	EXP 	window1: blendMode = 'avg'
14.0827 	EXP 	window1: blendMode = 'avg'
14.0993 	EXP 	window1: blendMode = 'avg'
14.1160 	EXP 	window1: blendMode = 'avg'
14.1324 	EXP 	window1: blendMode = 'avg'
14.1492 	EXP 	window1: blendMode = 'avg'
14.1659 	EXP 	window1: blendMode = 'avg'
14.1826 	EXP 	window1: blendMode = 'avg'
14.1990 	EXP 	window1: blendMode = 'avg'
14.2157 	EXP 	window1: blendMode = 'avg'
14.2328 	EXP 	window1: blendMode = 'avg'
14.2493 	EXP 	window1: blendMode = 'avg'
14.2659 	EXP 	window1: blendMode = 'avg'
14.2826 	EXP 	window1: blendMode = 'avg'
14.2993 	EXP 	window1: blendMode = 'avg'
14.3156 	EXP 	window1: blendMode = 'avg'
14.3328 	EXP 	window1: blendMode = 'avg'
14.3496 	EXP 	window1: blendMode = 'avg'
14.3663 	EXP 	window1: blendMode = 'avg'
14.3828 	EXP 	window1: blendMode = 'avg'
14.3993 	EXP 	window1: blendMode = 'avg'
14.4159 	EXP 	window1: blendMode = 'avg'
14.4326 	EXP 	window1: blendMode = 'avg'
14.4492 	EXP 	window1: blendMode = 'avg'
14.4656 	EXP 	window1: blendMode = 'avg'
14.4827 	EXP 	window1: blendMode = 'avg'
14.4985 	EXP 	window1: blendMode = 'avg'
14.5160 	EXP 	window1: blendMode = 'avg'
14.5326 	EXP 	window1: blendMode = 'avg'
14.5493 	EXP 	window1: blendMode = 'avg'
14.5659 	EXP 	window1: blendMode = 'avg'
14.5826 	EXP 	window1: blendMode = 'avg'
14.5990 	EXP 	window1: blendMode = 'avg'
14.6161 	EXP 	window1: blendMode = 'avg'
14.6327 	EXP 	window1: blendMode = 'avg'
14.6492 	EXP 	window1: blendMode = 'avg'
14.6655 	EXP 	window1: blendMode = 'avg'
14.6828 	EXP 	window1: blendMode = 'avg'
14.6994 	EXP 	window1: blendMode = 'avg'
14.7159 	EXP 	window1: blendMode = 'avg'
14.7324 	EXP 	window1: blendMode = 'avg'
14.7493 	EXP 	window1: blendMode = 'avg'
14.7660 	EXP 	window1: blendMode = 'avg'
14.7826 	EXP 	window1: blendMode = 'avg'
14.7994 	EXP 	window1: blendMode = 'avg'
14.8159 	EXP 	window1: blendMode = 'avg'
14.8326 	EXP 	window1: blendMode = 'avg'
14.8492 	EXP 	window1: blendMode = 'avg'
14.8656 	EXP 	window1: blendMode = 'avg'
14.8826 	EXP 	window1: blendMode = 'avg'
14.8993 	EXP 	window1: blendMode = 'avg'
14.9159 	EXP 	window1: blendMode = 'avg'
14.9324 	EXP 	window1: blendMode = 'avg'
14.9493 	EXP 	window1: blendMode = 'avg'
14.9660 	EXP 	window1: blendMode = 'avg'
14.9826 	EXP 	window1: blendMode = 'avg'
14.9990 	EXP 	window1: blendMode = 'avg'
15.0162 	EXP 	window1: blendMode = 'avg'
15.0326 	EXP 	window1: blendMode = 'avg'
15.0493 	EXP 	window1: blendMode = 'avg'
15.0657 	EXP 	window1: blendMode = 'avg'
15.0828 	EXP 	window1: blendMode = 'avg'
15.0993 	EXP 	window1: blendMode = 'avg'
15.1160 	EXP 	window1: blendMode = 'avg'
15.1324 	EXP 	window1: blendMode = 'avg'
15.1484 	EXP 	window1: blendMode = 'avg'
15.1659 	EXP 	window1: blendMode = 'avg'
15.1826 	EXP 	window1: blendMode = 'avg'
15.1990 	EXP 	window1: blendMode = 'avg'
15.2161 	EXP 	window1: blendMode = 'avg'
15.2325 	EXP 	window1: blendMode = 'avg'
15.2493 	EXP 	window1: blendMode = 'avg'
15.2659 	EXP 	window1: blendMode = 'avg'
15.2826 	EXP 	window1: blendMode = 'avg'
15.2990 	EXP 	window1: blendMode = 'avg'
15.3162 	EXP 	window1: blendMode = 'avg'
15.3326 	EXP 	window1: blendMode = 'avg'
15.3492 	EXP 	window1: blendMode = 'avg'
15.3657 	EXP 	window1: blendMode = 'avg'
15.3828 	EXP 	window1: blendMode = 'avg'
15.3997 	EXP 	window1: blendMode = 'avg'
15.4162 	EXP 	window1: blendMode = 'avg'
15.4326 	EXP 	window1: blendMode = 'avg'
15.4493 	EXP 	window1: blendMode = 'avg'
15.4660 	EXP 	window1: blendMode = 'avg'
15.4826 	EXP 	window1: blendMode = 'avg'
15.4991 	EXP 	window1: blendMode = 'avg'
15.5159 	EXP 	window1: blendMode = 'avg'
15.5326 	EXP 	window1: blendMode = 'avg'
15.5493 	EXP 	window1: blendMode = 'avg'
15.5657 	EXP 	window1: blendMode = 'avg'
15.5830 	EXP 	window1: blendMode = 'avg'
15.5994 	EXP 	window1: blendMode = 'avg'
15.6159 	EXP 	window1: blendMode = 'avg'
15.6325 	EXP 	window1: blendMode = 'avg'
15.6493 	EXP 	window1: blendMode = 'avg'
15.6656 	EXP 	window1: blendMode = 'avg'
15.6827 	EXP 	window1: blendMode = 'avg'
15.6993 	EXP 	window1: blendMode = 'avg'
15.7159 	EXP 	window1: blendMode = 'avg'
15.7323 	EXP 	window1: blendMode = 'avg'
15.7496 	EXP 	window1: blendMode = 'avg'
15.7658 	EXP 	window1: blendMode = 'avg'
15.7826 	EXP 	window1: blendMode = 'avg'
15.7993 	EXP 	window1: blendMode = 'avg'
15.8159 	EXP 	window1: blendMode = 'avg'
15.8324 	EXP 	window1: blendMode = 'avg'
15.8495 	EXP 	window1: blendMode = 'avg'
15.8659 	EXP 	window1: blendMode = 'avg'
15.8823 	EXP 	window1: blendMode = 'avg'
15.8990 	EXP 	window1: blendMode = 'avg'
15.9162 	EXP 	window1: blendMode = 'avg'
15.9326 	EXP 	window1: blendMode = 'avg'
15.9493 	EXP 	window1: blendMode = 'avg'
15.9657 	EXP 	window1: blendMode = 'avg'
15.9828 	EXP 	window1: blendMode = 'avg'
15.9990 	EXP 	window1: blendMode = 'avg'
16.0163 	EXP 	window1: blendMode = 'avg'
16.0326 	EXP 	window1: blendMode = 'avg'
16.0492 	EXP 	window1: blendMode = 'avg'
16.0657 	EXP 	window1: blendMode = 'avg'
16.0828 	EXP 	window1: blendMode = 'avg'
16.0992 	EXP 	window1: blendMode = 'avg'
16.1159 	EXP 	window1: blendMode = 'avg'
16.1326 	EXP 	window1: blendMode = 'avg'
16.1493 	EXP 	window1: blendMode = 'avg'
16.1657 	EXP 	window1: blendMode = 'avg'
16.1829 	EXP 	window1: blendMode = 'avg'
16.1995 	EXP 	window1: blendMode = 'avg'
16.2160 	EXP 	window1: blendMode = 'avg'
16.2327 	EXP 	window1: blendMode = 'avg'
16.2492 	EXP 	window1: blendMode = 'avg'
16.2657 	EXP 	window1: blendMode = 'avg'
16.2826 	EXP 	window1: blendMode = 'avg'
16.2992 	EXP 	window1: blendMode = 'avg'
16.3152 	EXP 	window1: blendMode = 'avg'
16.3326 	EXP 	window1: blendMode = 'avg'
16.3493 	EXP 	window1: blendMode = 'avg'
16.3660 	EXP 	window1: blendMode = 'avg'
16.3826 	EXP 	window1: blendMode = 'avg'
16.3991 	EXP 	window1: blendMode = 'avg'
16.4159 	EXP 	window1: blendMode = 'avg'
16.4326 	EXP 	window1: blendMode = 'avg'
16.4492 	EXP 	window1: blendMode = 'avg'
16.4656 	EXP 	window1: blendMode = 'avg'
16.4829 	EXP 	window1: blendMode = 'avg'
16.4993 	EXP 	window1: blendMode = 'avg'
16.5159 	EXP 	window1: blendMode = 'avg'
16.5326 	EXP 	window1: blendMode = 'avg'
16.5495 	EXP 	window1: blendMode = 'avg'
16.5660 	EXP 	window1: blendMode = 'avg'
16.5826 	EXP 	window1: blendMode = 'avg'
16.5987 	EXP 	window1: blendMode = 'avg'
16.6161 	EXP 	window1: blendMode = 'avg'
16.6326 	EXP 	window1: blendMode = 'avg'
16.6493 	EXP 	window1: blendMode = 'avg'
16.6657 	EXP 	window1: blendMode = 'avg'
16.6828 	EXP 	window1: blendMode = 'avg'
16.6993 	EXP 	window1: blendMode = 'avg'
16.7160 	EXP 	window1: blendMode = 'avg'
16.7326 	EXP 	window1: blendMode = 'avg'
16.7492 	EXP 	window1: blendMode = 'avg'
16.7658 	EXP 	window1: blendMode = 'avg'
16.7826 	EXP 	window1: blendMode = 'avg'
16.7989 	EXP 	window1: blendMode = 'avg'
16.8160 	EXP 	window1: blendMode = 'avg'
16.8326 	EXP 	window1: blendMode = 'avg'
16.8492 	EXP 	window1: blendMode = 'avg'
16.8657 	EXP 	window1: blendMode = 'avg'
16.8827 	EXP 	window1: blendMode = 'avg'
16.8993 	EXP 	window1: blendMode = 'avg'
16.9159 	EXP 	window1: blendMode = 'avg'
16.9325 	EXP 	window1: blendMode = 'avg'
16.9492 	EXP 	window1: blendMode = 'avg'
16.9657 	EXP 	window1: blendMode = 'avg'
16.9829 	EXP 	window1: blendMode = 'avg'
16.9993 	EXP 	window1: blendMode = 'avg'
17.0159 	EXP 	window1: blendMode = 'avg'
17.0324 	EXP 	window1: blendMode = 'avg'
17.0496 	EXP 	window1: blendMode = 'avg'
17.0663 	EXP 	window1: blendMode = 'avg'
17.0828 	EXP 	window1: blendMode = 'avg'
17.0993 	EXP 	window1: blendMode = 'avg'
17.1159 	EXP 	window1: blendMode = 'avg'
17.1326 	EXP 	window1: blendMode = 'avg'
17.1493 	EXP 	window1: blendMode = 'avg'
17.1656 	EXP 	window1: blendMode = 'avg'
17.1827 	EXP 	window1: blendMode = 'avg'
17.1992 	EXP 	window1: blendMode = 'avg'
17.2159 	EXP 	window1: blendMode = 'avg'
17.2323 	EXP 	window1: blendMode = 'avg'
17.2495 	EXP 	window1: blendMode = 'avg'
17.2659 	EXP 	window1: blendMode = 'avg'
17.2825 	EXP 	window1: blendMode = 'avg'
17.2987 	EXP 	window1: blendMode = 'avg'
17.3161 	EXP 	window1: blendMode = 'avg'
17.3324 	EXP 	window1: blendMode = 'avg'
17.3492 	EXP 	window1: blendMode = 'avg'
17.3659 	EXP 	window1: blendMode = 'avg'
17.3826 	EXP 	window1: blendMode = 'avg'
17.3989 	EXP 	window1: blendMode = 'avg'
17.4160 	EXP 	window1: blendMode = 'avg'
17.4326 	EXP 	window1: blendMode = 'avg'
17.4492 	EXP 	window1: blendMode = 'avg'
17.4656 	EXP 	window1: blendMode = 'avg'
17.4827 	EXP 	window1: blendMode = 'avg'
17.4993 	EXP 	window1: blendMode = 'avg'
17.5159 	EXP 	window1: blendMode = 'avg'
17.5326 	EXP 	window1: blendMode = 'avg'
17.5495 	EXP 	window1: blendMode = 'avg'
17.5660 	EXP 	window1: blendMode = 'avg'
17.5826 	EXP 	window1: blendMode = 'avg'
17.5991 	EXP 	window1: blendMode = 'avg'
17.6159 	EXP 	window1: blendMode = 'avg'
17.6326 	EXP 	window1: blendMode = 'avg'
17.6492 	EXP 	window1: blendMode = 'avg'
17.6657 	EXP 	window1: blendMode = 'avg'
17.6828 	EXP 	window1: blendMode = 'avg'
17.6992 	EXP 	window1: blendMode = 'avg'
17.7159 	EXP 	window1: blendMode = 'avg'
17.7323 	EXP 	window1: blendMode = 'avg'
17.7495 	EXP 	window1: blendMode = 'avg'
17.7662 	EXP 	window1: blendMode = 'avg'
17.7826 	EXP 	window1: blendMode = 'avg'
17.7991 	EXP 	window1: blendMode = 'avg'
17.8162 	EXP 	window1: blendMode = 'avg'
17.8325 	EXP 	window1: blendMode = 'avg'
17.8492 	EXP 	window1: blendMode = 'avg'
17.8658 	EXP 	window1: blendMode = 'avg'
17.8825 	EXP 	window1: blendMode = 'avg'
17.8989 	EXP 	window1: blendMode = 'avg'
17.9161 	EXP 	window1: blendMode = 'avg'
17.9326 	EXP 	window1: blendMode = 'avg'
17.9492 	EXP 	window1: blendMode = 'avg'
17.9659 	EXP 	window1: blendMode = 'avg'
17.9826 	EXP 	window1: blendMode = 'avg'
17.9990 	EXP 	window1: blendMode = 'avg'
18.0161 	EXP 	window1: blendMode = 'avg'
18.0326 	EXP 	window1: blendMode = 'avg'
18.0493 	EXP 	window1: blendMode = 'avg'
18.0656 	EXP 	window1: blendMode = 'avg'
18.0826 	EXP 	window1: blendMode = 'avg'
18.0993 	EXP 	window1: blendMode = 'avg'
18.1159 	EXP 	window1: blendMode = 'avg'
18.1324 	EXP 	window1: blendMode = 'avg'
18.1493 	EXP 	window1: blendMode = 'avg'
18.1659 	EXP 	window1: blendMode = 'avg'
18.1826 	EXP 	window1: blendMode = 'avg'
18.1990 	EXP 	window1: blendMode = 'avg'
18.2161 	EXP 	window1: blendMode = 'avg'
18.2325 	EXP 	window1: blendMode = 'avg'
18.2492 	EXP 	window1: blendMode = 'avg'
18.2656 	EXP 	window1: blendMode = 'avg'
18.2828 	EXP 	window1: blendMode = 'avg'
18.2992 	EXP 	window1: blendMode = 'avg'
18.3159 	EXP 	window1: blendMode = 'avg'
18.3323 	EXP 	window1: blendMode = 'avg'
18.3494 	EXP 	window1: blendMode = 'avg'
18.3658 	EXP 	window1: blendMode = 'avg'
18.3826 	EXP 	window1: blendMode = 'avg'
18.3990 	EXP 	window1: blendMode = 'avg'
18.4161 	EXP 	window1: blendMode = 'avg'
18.4326 	EXP 	window1: blendMode = 'avg'
18.4492 	EXP 	window1: blendMode = 'avg'
18.4659 	EXP 	window1: blendMode = 'avg'
18.4826 	EXP 	window1: blendMode = 'avg'
18.4989 	EXP 	window1: blendMode = 'avg'
18.5160 	EXP 	window1: blendMode = 'avg'
18.5326 	EXP 	window1: blendMode = 'avg'
18.5492 	EXP 	window1: blendMode = 'avg'
18.5657 	EXP 	window1: blendMode = 'avg'
18.5828 	EXP 	window1: blendMode = 'avg'
18.5992 	EXP 	window1: blendMode = 'avg'
18.6159 	EXP 	window1: blendMode = 'avg'
18.6323 	EXP 	window1: blendMode = 'avg'
18.6495 	EXP 	window1: blendMode = 'avg'
18.6661 	EXP 	window1: blendMode = 'avg'
18.6825 	EXP 	window1: blendMode = 'avg'
18.6993 	EXP 	window1: blendMode = 'avg'
18.7159 	EXP 	window1: blendMode = 'avg'
18.7324 	EXP 	window1: blendMode = 'avg'
18.7495 	EXP 	window1: blendMode = 'avg'
18.7659 	EXP 	window1: blendMode = 'avg'
18.7825 	EXP 	window1: blendMode = 'avg'
18.7989 	EXP 	window1: blendMode = 'avg'
18.8160 	EXP 	window1: blendMode = 'avg'
18.8325 	EXP 	window1: blendMode = 'avg'
18.8494 	EXP 	window1: blendMode = 'avg'
18.8661 	EXP 	window1: blendMode = 'avg'
18.8826 	EXP 	window1: blendMode = 'avg'
18.8993 	EXP 	window1: blendMode = 'avg'
18.9159 	EXP 	window1: blendMode = 'avg'
18.9325 	EXP 	window1: blendMode = 'avg'
18.9492 	EXP 	window1: blendMode = 'avg'
18.9656 	EXP 	window1: blendMode = 'avg'
18.9827 	EXP 	window1: blendMode = 'avg'
18.9991 	EXP 	window1: blendMode = 'avg'
19.0157 	EXP 	window1: blendMode = 'avg'
19.0328 	EXP 	window1: blendMode = 'avg'
19.0492 	EXP 	window1: blendMode = 'avg'
19.0658 	EXP 	window1: blendMode = 'avg'
19.0825 	EXP 	window1: blendMode = 'avg'
19.0992 	EXP 	window1: blendMode = 'avg'
19.1158 	EXP 	window1: blendMode = 'avg'
19.1322 	EXP 	window1: blendMode = 'avg'
19.1493 	EXP 	window1: blendMode = 'avg'
19.1659 	EXP 	window1: blendMode = 'avg'
19.1826 	EXP 	window1: blendMode = 'avg'
19.1989 	EXP 	window1: blendMode = 'avg'
19.2161 	EXP 	window1: blendMode = 'avg'
19.2323 	EXP 	window1: blendMode = 'avg'
19.2494 	EXP 	window1: blendMode = 'avg'
19.2659 	EXP 	window1: blendMode = 'avg'
19.2825 	EXP 	window1: blendMode = 'avg'
19.2990 	EXP 	window1: blendMode = 'avg'
19.3161 	EXP 	window1: blendMode = 'avg'
19.3325 	EXP 	window1: blendMode = 'avg'
19.3492 	EXP 	window1: blendMode = 'avg'
19.3656 	EXP 	window1: blendMode = 'avg'
19.3827 	EXP 	window1: blendMode = 'avg'
19.3992 	EXP 	window1: blendMode = 'avg'
19.4158 	EXP 	window1: blendMode = 'avg'
19.4326 	EXP 	window1: blendMode = 'avg'
19.4492 	EXP 	window1: blendMode = 'avg'
19.4657 	EXP 	window1: blendMode = 'avg'
19.4828 	EXP 	window1: blendMode = 'avg'
19.4993 	EXP 	window1: blendMode = 'avg'
19.5159 	EXP 	window1: blendMode = 'avg'
19.5323 	EXP 	window1: blendMode = 'avg'
19.5494 	EXP 	window1: blendMode = 'avg'
19.5659 	EXP 	window1: blendMode = 'avg'
19.5825 	EXP 	window1: blendMode = 'avg'
19.5989 	EXP 	window1: blendMode = 'avg'
19.6161 	EXP 	window1: blendMode = 'avg'
19.6326 	EXP 	window1: blendMode = 'avg'
19.6492 	EXP 	window1: blendMode = 'avg'
19.6655 	EXP 	window1: blendMode = 'avg'
19.6827 	EXP 	window1: blendMode = 'avg'
19.6992 	EXP 	window1: blendMode = 'avg'
19.7159 	EXP 	window1: blendMode = 'avg'
19.7323 	EXP 	window1: blendMode = 'avg'
19.7493 	EXP 	window1: blendMode = 'avg'
19.7659 	EXP 	window1: blendMode = 'avg'
19.7825 	EXP 	window1: blendMode = 'avg'
19.7990 	EXP 	window1: blendMode = 'avg'
19.8161 	EXP 	window1: blendMode = 'avg'
19.8325 	EXP 	window1: blendMode = 'avg'
19.8492 	EXP 	window1: blendMode = 'avg'
19.8659 	EXP 	window1: blendMode = 'avg'
19.8830 	EXP 	window1: blendMode = 'avg'
19.8995 	EXP 	window1: blendMode = 'avg'
19.9159 	EXP 	window1: blendMode = 'avg'
19.9323 	EXP 	window1: blendMode = 'avg'
19.9494 	EXP 	window1: blendMode = 'avg'
19.9659 	EXP 	window1: blendMode = 'avg'
19.9825 	EXP 	window1: blendMode = 'avg'
19.9992 	EXP 	window1: blendMode = 'avg'
20.0159 	EXP 	window1: blendMode = 'avg'
20.0326 	EXP 	window1: blendMode = 'avg'
20.0492 	EXP 	window1: blendMode = 'avg'
20.0658 	EXP 	window1: blendMode = 'avg'
20.0825 	EXP 	window1: blendMode = 'avg'
20.0989 	EXP 	window1: blendMode = 'avg'
20.1160 	EXP 	window1: blendMode = 'avg'
20.1325 	EXP 	window1: blendMode = 'avg'
20.1492 	EXP 	window1: blendMode = 'avg'
20.1656 	EXP 	window1: blendMode = 'avg'
20.1827 	EXP 	window1: blendMode = 'avg'
20.1992 	EXP 	window1: blendMode = 'avg'
20.2160 	EXP 	window1: blendMode = 'avg'
20.2324 	EXP 	window1: blendMode = 'avg'
20.2492 	EXP 	window1: blendMode = 'avg'
20.2656 	EXP 	window1: blendMode = 'avg'
20.2828 	EXP 	window1: blendMode = 'avg'
20.2992 	EXP 	window1: blendMode = 'avg'
20.3158 	EXP 	window1: blendMode = 'avg'
20.3326 	EXP 	window1: blendMode = 'avg'
20.3492 	EXP 	window1: blendMode = 'avg'
20.3658 	EXP 	window1: blendMode = 'avg'
20.3825 	EXP 	window1: blendMode = 'avg'
20.3990 	EXP 	window1: blendMode = 'avg'
20.4161 	EXP 	window1: blendMode = 'avg'
20.4325 	EXP 	window1: blendMode = 'avg'
20.4492 	EXP 	window1: blendMode = 'avg'
20.4656 	EXP 	window1: blendMode = 'avg'
20.4827 	EXP 	window1: blendMode = 'avg'
20.4991 	EXP 	window1: blendMode = 'avg'
20.5159 	EXP 	window1: blendMode = 'avg'
20.5322 	EXP 	window1: blendMode = 'avg'
20.5493 	EXP 	window1: blendMode = 'avg'
20.5658 	EXP 	window1: blendMode = 'avg'
20.5823 	EXP 	window1: blendMode = 'avg'
20.5994 	EXP 	window1: blendMode = 'avg'
20.6158 	EXP 	window1: blendMode = 'avg'
20.6325 	EXP 	window1: blendMode = 'avg'
20.6492 	EXP 	window1: blendMode = 'avg'
20.6659 	EXP 	window1: blendMode = 'avg'
20.6825 	EXP 	window1: blendMode = 'avg'
20.6990 	EXP 	window1: blendMode = 'avg'
20.7161 	EXP 	window1: blendMode = 'avg'
20.7326 	EXP 	window1: blendMode = 'avg'
20.7492 	EXP 	window1: blendMode = 'avg'
20.7656 	EXP 	window1: blendMode = 'avg'
20.7857 	EXP 	window1: blendMode = 'avg'
20.7989 	EXP 	window1: blendMode = 'avg'
20.8162 	EXP 	window1: blendMode = 'avg'
20.8326 	EXP 	window1: blendMode = 'avg'
20.8492 	EXP 	window1: blendMode = 'avg'
20.8659 	EXP 	window1: blendMode = 'avg'
20.8825 	EXP 	window1: blendMode = 'avg'
20.8992 	EXP 	window1: blendMode = 'avg'
20.9158 	EXP 	window1: blendMode = 'avg'
20.9323 	EXP 	window1: blendMode = 'avg'
20.9495 	EXP 	window1: blendMode = 'avg'
20.9659 	EXP 	window1: blendMode = 'avg'
20.9825 	EXP 	window1: blendMode = 'avg'
20.9990 	EXP 	window1: blendMode = 'avg'
21.0161 	EXP 	window1: blendMode = 'avg'
21.0325 	EXP 	window1: blendMode = 'avg'
21.0492 	EXP 	window1: blendMode = 'avg'
21.0656 	EXP 	window1: blendMode = 'avg'
21.0825 	EXP 	window1: blendMode = 'avg'
21.0992 	EXP 	window1: blendMode = 'avg'
21.1158 	EXP 	window1: blendMode = 'avg'
21.1323 	EXP 	window1: blendMode = 'avg'
21.1494 	EXP 	window1: blendMode = 'avg'
21.1659 	EXP 	window1: blendMode = 'avg'
21.1825 	EXP 	window1: blendMode = 'avg'
21.1993 	EXP 	window1: blendMode = 'avg'
21.2158 	EXP 	window1: blendMode = 'avg'
21.2323 	EXP 	window1: blendMode = 'avg'
21.2492 	EXP 	window1: blendMode = 'avg'
21.2660 	EXP 	window1: blendMode = 'avg'
21.2825 	EXP 	window1: blendMode = 'avg'
21.2991 	EXP 	window1: blendMode = 'avg'
21.3158 	EXP 	window1: blendMode = 'avg'
21.3322 	EXP 	window1: blendMode = 'avg'
21.3493 	EXP 	window1: blendMode = 'avg'
21.3659 	EXP 	window1: blendMode = 'avg'
21.3825 	EXP 	window1: blendMode = 'avg'
21.3990 	EXP 	window1: blendMode = 'avg'
21.4159 	EXP 	window1: blendMode = 'avg'
21.4325 	EXP 	window1: blendMode = 'avg'
21.4492 	EXP 	window1: blendMode = 'avg'
21.4656 	EXP 	window1: blendMode = 'avg'
21.4828 	EXP 	window1: blendMode = 'avg'
21.4992 	EXP 	window1: blendMode = 'avg'
21.5158 	EXP 	window1: blendMode = 'avg'
21.5323 	EXP 	window1: blendMode = 'avg'
21.5494 	EXP 	window1: blendMode = 'avg'
21.5658 	EXP 	window1: blendMode = 'avg'
21.5825 	EXP 	window1: blendMode = 'avg'
21.5989 	EXP 	window1: blendMode = 'avg'
21.6161 	EXP 	window1: blendMode = 'avg'
21.6325 	EXP 	window1: blendMode = 'avg'
21.6492 	EXP 	window1: blendMode = 'avg'
21.6658 	EXP 	window1: blendMode = 'avg'
21.6824 	EXP 	window1: blendMode = 'avg'
21.6992 	EXP 	window1: blendMode = 'avg'
21.7158 	EXP 	window1: blendMode = 'avg'
21.7323 	EXP 	window1: blendMode = 'avg'
21.7494 	EXP 	window1: blendMode = 'avg'
21.7659 	EXP 	window1: blendMode = 'avg'
21.7825 	EXP 	window1: blendMode = 'avg'
21.7989 	EXP 	window1: blendMode = 'avg'
21.8161 	EXP 	window1: blendMode = 'avg'
21.8326 	EXP 	window1: blendMode = 'avg'
21.8491 	EXP 	window1: blendMode = 'avg'
21.8656 	EXP 	window1: blendMode = 'avg'
21.8828 	EXP 	window1: blendMode = 'avg'
21.8991 	EXP 	window1: blendMode = 'avg'
21.9158 	EXP 	window1: blendMode = 'avg'
21.9326 	EXP 	window1: blendMode = 'avg'
21.9492 	EXP 	window1: blendMode = 'avg'
21.9656 	EXP 	window1: blendMode = 'avg'
21.9828 	EXP 	window1: blendMode = 'avg'
21.9992 	EXP 	window1: blendMode = 'avg'
22.0159 	EXP 	window1: blendMode = 'avg'
22.0323 	EXP 	window1: blendMode = 'avg'
22.0495 	EXP 	window1: blendMode = 'avg'
22.0658 	EXP 	window1: blendMode = 'avg'
22.0825 	EXP 	window1: blendMode = 'avg'
22.0990 	EXP 	window1: blendMode = 'avg'
22.1161 	EXP 	window1: blendMode = 'avg'
22.1325 	EXP 	window1: blendMode = 'avg'
22.1490 	EXP 	window1: blendMode = 'avg'
22.1661 	EXP 	window1: blendMode = 'avg'
22.1826 	EXP 	window1: blendMode = 'avg'
22.1992 	EXP 	window1: blendMode = 'avg'
22.2158 	EXP 	window1: blendMode = 'avg'
22.2323 	EXP 	window1: blendMode = 'avg'
22.2495 	EXP 	window1: blendMode = 'avg'
22.2660 	EXP 	window1: blendMode = 'avg'
22.2825 	EXP 	window1: blendMode = 'avg'
22.2990 	EXP 	window1: blendMode = 'avg'
22.3158 	EXP 	window1: blendMode = 'avg'
22.3326 	EXP 	window1: blendMode = 'avg'
22.3492 	EXP 	window1: blendMode = 'avg'
22.3659 	EXP 	window1: blendMode = 'avg'
22.3825 	EXP 	window1: blendMode = 'avg'
22.3990 	EXP 	window1: blendMode = 'avg'
22.4158 	EXP 	window1: blendMode = 'avg'
22.4321 	EXP 	window1: blendMode = 'avg'
22.4494 	EXP 	window1: blendMode = 'avg'
22.4659 	EXP 	window1: blendMode = 'avg'
22.4825 	EXP 	window1: blendMode = 'avg'
22.4992 	EXP 	window1: blendMode = 'avg'
22.5161 	EXP 	window1: blendMode = 'avg'
22.5326 	EXP 	window1: blendMode = 'avg'
22.5492 	EXP 	window1: blendMode = 'avg'
22.5656 	EXP 	window1: blendMode = 'avg'
22.5825 	EXP 	window1: blendMode = 'avg'
22.5992 	EXP 	window1: blendMode = 'avg'
22.6158 	EXP 	window1: blendMode = 'avg'
22.6322 	EXP 	window1: blendMode = 'avg'
22.6494 	EXP 	window1: blendMode = 'avg'
22.6658 	EXP 	window1: blendMode = 'avg'
22.6825 	EXP 	window1: blendMode = 'avg'
22.6989 	EXP 	window1: blendMode = 'avg'
22.7161 	EXP 	window1: blendMode = 'avg'
22.7325 	EXP 	window1: blendMode = 'avg'
22.7492 	EXP 	window1: blendMode = 'avg'
22.7656 	EXP 	window1: blendMode = 'avg'
22.7825 	EXP 	window1: blendMode = 'avg'
22.7992 	EXP 	window1: blendMode = 'avg'
22.8158 	EXP 	window1: blendMode = 'avg'
22.8323 	EXP 	window1: blendMode = 'avg'
22.8492 	EXP 	window1: blendMode = 'avg'
22.8658 	EXP 	window1: blendMode = 'avg'
22.8825 	EXP 	window1: blendMode = 'avg'
22.8993 	EXP 	window1: blendMode = 'avg'
22.9159 	EXP 	window1: blendMode = 'avg'
22.9325 	EXP 	window1: blendMode = 'avg'
22.9491 	EXP 	window1: blendMode = 'avg'
22.9656 	EXP 	window1: blendMode = 'avg'
22.9828 	EXP 	window1: blendMode = 'avg'
22.9991 	EXP 	window1: blendMode = 'avg'
23.0159 	EXP 	window1: blendMode = 'avg'
23.0323 	EXP 	window1: blendMode = 'avg'
23.0494 	EXP 	window1: blendMode = 'avg'
23.0655 	EXP 	window1: blendMode = 'avg'
23.0827 	EXP 	window1: blendMode = 'avg'
23.0992 	EXP 	window1: blendMode = 'avg'
23.1158 	EXP 	window1: blendMode = 'avg'
23.1323 	EXP 	window1: blendMode = 'avg'
23.1492 	EXP 	window1: blendMode = 'avg'
23.1659 	EXP 	window1: blendMode = 'avg'
23.1825 	EXP 	window1: blendMode = 'avg'
23.1992 	EXP 	window1: blendMode = 'avg'
23.2158 	EXP 	window1: blendMode = 'avg'
23.2325 	EXP 	window1: blendMode = 'avg'
23.2491 	EXP 	window1: blendMode = 'avg'
23.2659 	EXP 	window1: blendMode = 'avg'
23.2825 	EXP 	window1: blendMode = 'avg'
23.2992 	EXP 	window1: blendMode = 'avg'
23.3158 	EXP 	window1: blendMode = 'avg'
23.3323 	EXP 	window1: blendMode = 'avg'
23.3494 	EXP 	window1: blendMode = 'avg'
23.3658 	EXP 	window1: blendMode = 'avg'
23.3825 	EXP 	window1: blendMode = 'avg'
23.3992 	EXP 	window1: blendMode = 'avg'
23.4158 	EXP 	window1: blendMode = 'avg'
23.4323 	EXP 	window1: blendMode = 'avg'
23.4492 	EXP 	window1: blendMode = 'avg'
23.4658 	EXP 	window1: blendMode = 'avg'
23.4825 	EXP 	window1: blendMode = 'avg'
23.4989 	EXP 	window1: blendMode = 'avg'
23.5158 	EXP 	window1: blendMode = 'avg'
23.5325 	EXP 	window1: blendMode = 'avg'
23.5492 	EXP 	window1: blendMode = 'avg'
23.5656 	EXP 	window1: blendMode = 'avg'
23.5827 	EXP 	window1: blendMode = 'avg'
23.5992 	EXP 	window1: blendMode = 'avg'
23.6158 	EXP 	window1: blendMode = 'avg'
23.6323 	EXP 	window1: blendMode = 'avg'
23.6494 	EXP 	window1: blendMode = 'avg'
23.6658 	EXP 	window1: blendMode = 'avg'
23.6825 	EXP 	window1: blendMode = 'avg'
23.6989 	EXP 	window1: blendMode = 'avg'
23.7157 	EXP 	window1: blendMode = 'avg'
23.7325 	EXP 	window1: blendMode = 'avg'
23.7491 	EXP 	window1: blendMode = 'avg'
23.7659 	EXP 	window1: blendMode = 'avg'
23.7825 	EXP 	window1: blendMode = 'avg'
23.7989 	EXP 	window1: blendMode = 'avg'
23.8160 	EXP 	window1: blendMode = 'avg'
23.8325 	EXP 	window1: blendMode = 'avg'
23.8492 	EXP 	window1: blendMode = 'avg'
23.8659 	EXP 	window1: blendMode = 'avg'
23.8824 	EXP 	window1: blendMode = 'avg'
23.8993 	EXP 	window1: blendMode = 'avg'
23.9158 	EXP 	window1: blendMode = 'avg'
23.9325 	EXP 	window1: blendMode = 'avg'
23.9491 	EXP 	window1: blendMode = 'avg'
23.9656 	EXP 	window1: blendMode = 'avg'
23.9827 	EXP 	window1: blendMode = 'avg'
23.9992 	EXP 	window1: blendMode = 'avg'
24.0157 	EXP 	window1: blendMode = 'avg'
24.0321 	EXP 	window1: blendMode = 'avg'
24.0492 	EXP 	window1: blendMode = 'avg'
24.0658 	EXP 	window1: blendMode = 'avg'
24.0825 	EXP 	window1: blendMode = 'avg'
24.0990 	EXP 	window1: blendMode = 'avg'
24.1149 	EXP 	window1: blendMode = 'avg'
24.1325 	EXP 	window1: blendMode = 'avg'
24.1491 	EXP 	window1: blendMode = 'avg'
24.1656 	EXP 	window1: blendMode = 'avg'
24.1827 	EXP 	window1: blendMode = 'avg'
24.1992 	EXP 	window1: blendMode = 'avg'
24.2158 	EXP 	window1: blendMode = 'avg'
24.2322 	EXP 	window1: blendMode = 'avg'
24.2494 	EXP 	window1: blendMode = 'avg'
24.2658 	EXP 	window1: blendMode = 'avg'
24.2825 	EXP 	window1: blendMode = 'avg'
24.2989 	EXP 	window1: blendMode = 'avg'
24.3161 	EXP 	window1: blendMode = 'avg'
24.3325 	EXP 	window1: blendMode = 'avg'
24.3491 	EXP 	window1: blendMode = 'avg'
24.3656 	EXP 	window1: blendMode = 'avg'
24.3825 	EXP 	window1: blendMode = 'avg'
24.3992 	EXP 	window1: blendMode = 'avg'
24.4159 	EXP 	window1: blendMode = 'avg'
24.4325 	EXP 	window1: blendMode = 'avg'
24.4491 	EXP 	window1: blendMode = 'avg'
24.4656 	EXP 	window1: blendMode = 'avg'
24.4825 	EXP 	window1: blendMode = 'avg'
24.4989 	EXP 	window1: blendMode = 'avg'
24.5160 	EXP 	window1: blendMode = 'avg'
24.5325 	EXP 	window1: blendMode = 'avg'
24.5492 	EXP 	window1: blendMode = 'avg'
24.5655 	EXP 	window1: blendMode = 'avg'
24.5827 	EXP 	window1: blendMode = 'avg'
24.5992 	EXP 	window1: blendMode = 'avg'
24.6158 	EXP 	window1: blendMode = 'avg'
24.6323 	EXP 	window1: blendMode = 'avg'
24.6494 	EXP 	window1: blendMode = 'avg'
24.6658 	EXP 	window1: blendMode = 'avg'
24.6825 	EXP 	window1: blendMode = 'avg'
24.6988 	EXP 	window1: blendMode = 'avg'
24.7159 	EXP 	window1: blendMode = 'avg'
24.7325 	EXP 	window1: blendMode = 'avg'
24.7492 	EXP 	window1: blendMode = 'avg'
24.7656 	EXP 	window1: blendMode = 'avg'
24.7827 	EXP 	window1: blendMode = 'avg'
24.7992 	EXP 	window1: blendMode = 'avg'
24.8158 	EXP 	window1: blendMode = 'avg'
24.8323 	EXP 	window1: blendMode = 'avg'
24.8492 	EXP 	window1: blendMode = 'avg'
24.8658 	EXP 	window1: blendMode = 'avg'
24.8825 	EXP 	window1: blendMode = 'avg'
24.8992 	EXP 	window1: blendMode = 'avg'
24.9157 	EXP 	window1: blendMode = 'avg'
24.9323 	EXP 	window1: blendMode = 'avg'
24.9494 	EXP 	window1: blendMode = 'avg'
24.9658 	EXP 	window1: blendMode = 'avg'
24.9825 	EXP 	window1: blendMode = 'avg'
24.9992 	EXP 	window1: blendMode = 'avg'
25.0158 	EXP 	window1: blendMode = 'avg'
25.0325 	EXP 	window1: blendMode = 'avg'
25.0491 	EXP 	window1: blendMode = 'avg'
25.0656 	EXP 	window1: blendMode = 'avg'
25.0827 	EXP 	window1: blendMode = 'avg'
25.0992 	EXP 	window1: blendMode = 'avg'
25.1158 	EXP 	window1: blendMode = 'avg'
25.1325 	EXP 	window1: blendMode = 'avg'
25.1491 	EXP 	window1: blendMode = 'avg'
25.1655 	EXP 	window1: blendMode = 'avg'
25.1826 	EXP 	window1: blendMode = 'avg'
25.1992 	EXP 	window1: blendMode = 'avg'
25.2158 	EXP 	window1: blendMode = 'avg'
25.2323 	EXP 	window1: blendMode = 'avg'
25.2494 	EXP 	window1: blendMode = 'avg'
25.2658 	EXP 	window1: blendMode = 'avg'
25.2824 	EXP 	window1: blendMode = 'avg'
25.2989 	EXP 	window1: blendMode = 'avg'
25.3161 	EXP 	window1: blendMode = 'avg'
25.3326 	EXP 	window1: blendMode = 'avg'
25.3492 	EXP 	window1: blendMode = 'avg'
25.3658 	EXP 	window1: blendMode = 'avg'
25.3825 	EXP 	window1: blendMode = 'avg'
25.3993 	EXP 	window1: blendMode = 'avg'
25.4157 	EXP 	window1: blendMode = 'avg'
25.4325 	EXP 	window1: blendMode = 'avg'
25.4491 	EXP 	window1: blendMode = 'avg'
25.4656 	EXP 	window1: blendMode = 'avg'
25.4827 	EXP 	window1: blendMode = 'avg'
25.4992 	EXP 	window1: blendMode = 'avg'
25.5158 	EXP 	window1: blendMode = 'avg'
25.5323 	EXP 	window1: blendMode = 'avg'
25.5491 	EXP 	window1: blendMode = 'avg'
25.5654 	EXP 	window1: blendMode = 'avg'
25.5826 	EXP 	window1: blendMode = 'avg'
25.5992 	EXP 	window1: blendMode = 'avg'
25.6158 	EXP 	window1: blendMode = 'avg'
25.6325 	EXP 	window1: blendMode = 'avg'
25.6491 	EXP 	window1: blendMode = 'avg'
25.6658 	EXP 	window1: blendMode = 'avg'
25.6825 	EXP 	window1: blendMode = 'avg'
25.7001 	EXP 	window1: blendMode = 'avg'
25.7153 	EXP 	window1: blendMode = 'avg'
25.7323 	EXP 	window1: blendMode = 'avg'
25.7489 	EXP 	window1: blendMode = 'avg'
25.7656 	EXP 	window1: blendMode = 'avg'
25.7825 	EXP 	window1: blendMode = 'avg'
25.7991 	EXP 	window1: blendMode = 'avg'
25.8157 	EXP 	window1: blendMode = 'avg'
25.8372 	DATA 	Keypress: space
25.8482 	EXP 	Imported Book.xlsx as conditions, 44 conditions, 7 params
25.8488 	EXP 	Created sequence: random, trialTypes=44, nReps=1, seed=None
25.8491 	EXP 	New trial (rep=0, index=0): {'YLeftPos': 0, 'time_presentation': 0.5, 'XLeftPos': -300, 'XRightPos': 300, 'rightimg': u'frogs/ab49.jpg', 'YRightPos': 0, 'leftimg': u'frogs/ab9.jpg'}
26.0980 	EXP 	text_2: autoDraw = False
26.0980 	EXP 	Leftimg: pos = array([-300.,    0.])
26.0980 	EXP 	Leftimg: image = u'frogs/ab9.jpg'
26.0980 	EXP 	Rightimg: pos = array([ 300.,    0.])
26.0980 	EXP 	Rightimg: image = u'frogs/ab49.jpg'
26.0980 	EXP 	Leftimg: autoDraw = True
26.0980 	EXP 	Rightimg: autoDraw = True
26.3651 	EXP 	Leftimg: autoDraw = False
26.3651 	EXP 	Rightimg: autoDraw = False
26.8667 	DATA 	Keypress: right
26.8680 	EXP 	New trial (rep=0, index=1): {'YLeftPos': 0, 'time_presentation': 0.5, 'XLeftPos': -300, 'XRightPos': 300, 'rightimg': u'frogs/ab67.jpg', 'YRightPos': 0, 'leftimg': u'frogs/ab27.jpg'}
26.9152 	EXP 	Leftimg: autoDraw = False
26.9152 	EXP 	Rightimg: autoDraw = False
26.9152 	EXP 	text: autoDraw = False
26.9152 	EXP 	Leftimg: pos = array([-300.,    0.])
26.9152 	EXP 	Leftimg: image = u'frogs/ab27.jpg'
26.9152 	EXP 	Rightimg: pos = array([ 300.,    0.])
26.9152 	EXP 	Rightimg: image = u'frogs/ab67.jpg'
26.9152 	EXP 	Leftimg: autoDraw = True
26.9152 	EXP 	Rightimg: autoDraw = True
27.3807 	EXP 	Leftimg: autoDraw = False
27.3807 	EXP 	Rightimg: autoDraw = False
27.4828 	DATA 	Keypress: left
27.4837 	EXP 	New trial (rep=0, index=2): {'YLeftPos': 0, 'time_presentation': 0.5, 'XLeftPos': -300, 'XRightPos': 300, 'rightimg': u'frogs/ab63.jpg', 'YRightPos': 0, 'leftimg': u'frogs/ab23.jpg'}
27.5318 	EXP 	Leftimg: autoDraw = False
27.5318 	EXP 	Rightimg: autoDraw = False
27.5318 	EXP 	text: autoDraw = False
27.5318 	EXP 	Leftimg: pos = array([-300.,    0.])
27.5318 	EXP 	Leftimg: image = u'frogs/ab23.jpg'
27.5318 	EXP 	Rightimg: pos = array([ 300.,    0.])
27.5318 	EXP 	Rightimg: image = u'frogs/ab63.jpg'
27.5318 	EXP 	Leftimg: autoDraw = True
27.5318 	EXP 	Rightimg: autoDraw = True
27.9835 	DATA 	Keypress: right
27.9845 	EXP 	New trial (rep=0, index=3): {'YLeftPos': 0, 'time_presentation': 0.5, 'XLeftPos': -300, 'XRightPos': 300, 'rightimg': u'frogs/ab80.jpg', 'YRightPos': 0, 'leftimg': u'frogs/ab40.jpg'}
28.0151 	EXP 	Leftimg: autoDraw = False
28.0151 	EXP 	Rightimg: autoDraw = False
28.0151 	EXP 	Leftimg: autoDraw = False
28.0151 	EXP 	Rightimg: autoDraw = False
28.0151 	EXP 	text: autoDraw = False
28.0151 	EXP 	Leftimg: pos = array([-300.,    0.])
28.0151 	EXP 	Leftimg: image = u'frogs/ab40.jpg'
28.0151 	EXP 	Rightimg: pos = array([ 300.,    0.])
28.0151 	EXP 	Rightimg: image = u'frogs/ab80.jpg'
28.0151 	EXP 	Leftimg: autoDraw = True
28.0151 	EXP 	Rightimg: autoDraw = True
28.4497 	DATA 	Keypress: left
28.4507 	EXP 	New trial (rep=0, index=4): {'YLeftPos': 0, 'time_presentation': 0.5, 'XLeftPos': -300, 'XRightPos': 300, 'rightimg': u'frogs/ab47.jpg', 'YRightPos': 0, 'leftimg': u'frogs/ab7.jpg'}
28.8146 	EXP 	Leftimg: autoDraw = False
28.8146 	EXP 	Rightimg: autoDraw = False
28.8146 	EXP 	text: autoDraw = False
28.8146 	EXP 	Leftimg: pos = array([-300.,    0.])
28.8146 	EXP 	Leftimg: image = u'frogs/ab7.jpg'
28.8146 	EXP 	Rightimg: pos = array([ 300.,    0.])
28.8146 	EXP 	Rightimg: image = u'frogs/ab47.jpg'
28.8146 	EXP 	Leftimg: autoDraw = True
28.8146 	EXP 	Rightimg: autoDraw = True
28.9651 	EXP 	Leftimg: autoDraw = False
28.9651 	EXP 	Rightimg: autoDraw = False
28.9671 	DATA 	Keypress: right
30.9661 	EXP 	window1: blendMode = 'avg'
30.9815 	EXP 	text: autoDraw = True
30.9824 	EXP 	window1: blendMode = 'avg'
30.9990 	EXP 	window1: blendMode = 'avg'
31.0157 	EXP 	window1: blendMode = 'avg'
31.0321 	EXP 	window1: blendMode = 'avg'
31.0492 	EXP 	window1: blendMode = 'avg'
31.0655 	EXP 	window1: blendMode = 'avg'
31.0827 	EXP 	window1: blendMode = 'avg'
31.0991 	EXP 	window1: blendMode = 'avg'
31.1157 	EXP 	window1: blendMode = 'avg'
31.1323 	EXP 	window1: blendMode = 'avg'
31.1490 	EXP 	window1: blendMode = 'avg'
31.1655 	EXP 	window1: blendMode = 'avg'
31.1826 	EXP 	window1: blendMode = 'avg'
31.1991 	EXP 	window1: blendMode = 'avg'
31.2157 	EXP 	window1: blendMode = 'avg'
31.2322 	EXP 	window1: blendMode = 'avg'
31.2491 	EXP 	window1: blendMode = 'avg'
31.2658 	EXP 	window1: blendMode = 'avg'
31.2824 	EXP 	window1: blendMode = 'avg'
31.2991 	EXP 	window1: blendMode = 'avg'
31.3157 	EXP 	window1: blendMode = 'avg'
31.3325 	EXP 	window1: blendMode = 'avg'
31.3491 	EXP 	window1: blendMode = 'avg'
31.3655 	EXP 	window1: blendMode = 'avg'
31.3827 	EXP 	window1: blendMode = 'avg'
31.3991 	EXP 	window1: blendMode = 'avg'
31.4157 	EXP 	window1: blendMode = 'avg'
31.4321 	EXP 	window1: blendMode = 'avg'
31.4492 	EXP 	window1: blendMode = 'avg'
31.4657 	EXP 	window1: blendMode = 'avg'
31.4824 	EXP 	window1: blendMode = 'avg'
31.4988 	EXP 	window1: blendMode = 'avg'
31.5160 	EXP 	window1: blendMode = 'avg'
31.5323 	EXP 	window1: blendMode = 'avg'
31.5491 	EXP 	window1: blendMode = 'avg'
31.5655 	EXP 	window1: blendMode = 'avg'
31.5824 	EXP 	window1: blendMode = 'avg'
31.5991 	EXP 	window1: blendMode = 'avg'
31.6153 	EXP 	window1: blendMode = 'avg'
31.6327 	EXP 	window1: blendMode = 'avg'
31.6490 	EXP 	window1: blendMode = 'avg'
31.6667 	DATA 	Keypress: space
31.6676 	EXP 	New trial (rep=0, index=5): {'YLeftPos': 0, 'time_presentation': 0.5, 'XLeftPos': -300, 'XRightPos': 300, 'rightimg': u'frogs/ab52.jpg', 'YRightPos': 0, 'leftimg': u'frogs/ab12.jpg'}
31.6976 	EXP 	Leftimg: autoDraw = False
31.6976 	EXP 	Rightimg: autoDraw = False
31.6976 	EXP 	text: autoDraw = False
31.6976 	EXP 	Leftimg: pos = array([-300.,    0.])
31.6976 	EXP 	Leftimg: image = u'frogs/ab12.jpg'
31.6976 	EXP 	Rightimg: pos = array([ 300.,    0.])
31.6976 	EXP 	Rightimg: image = u'frogs/ab52.jpg'
31.6976 	EXP 	Leftimg: autoDraw = True
31.6976 	EXP 	Rightimg: autoDraw = True
32.0511 	DATA 	Keypress: left
32.0660 	EXP 	New trial (rep=0, index=6): {'YLeftPos': 0, 'time_presentation': 0.5, 'XLeftPos': -300, 'XRightPos': 300, 'rightimg': u'frogs/ab76.jpg', 'YRightPos': 0, 'leftimg': u'frogs/ab36.jpg'}
32.1143 	EXP 	Leftimg: autoDraw = False
32.1143 	EXP 	Rightimg: autoDraw = False
32.1143 	EXP 	text: autoDraw = False
32.1143 	EXP 	Leftimg: pos = array([-300.,    0.])
32.1143 	EXP 	Leftimg: image = u'frogs/ab36.jpg'
32.1143 	EXP 	Rightimg: pos = array([ 300.,    0.])
32.1143 	EXP 	Rightimg: image = u'frogs/ab76.jpg'
32.1143 	EXP 	Leftimg: autoDraw = True
32.1143 	EXP 	Rightimg: autoDraw = True
32.5332 	DATA 	Keypress: left
32.5341 	EXP 	New trial (rep=0, index=7): {'YLeftPos': 0, 'time_presentation': 0.5, 'XLeftPos': -300, 'XRightPos': 300, 'rightimg': u'frogs/ab46.jpg', 'YRightPos': 0, 'leftimg': u'frogs/ab6.jpg'}
32.6144 	EXP 	Leftimg: autoDraw = False
32.6144 	EXP 	Rightimg: autoDraw = False
32.6144 	EXP 	text: autoDraw = False
32.6144 	EXP 	Leftimg: pos = array([-300.,    0.])
32.6144 	EXP 	Leftimg: image = u'frogs/ab6.jpg'
32.6144 	EXP 	Rightimg: pos = array([ 300.,    0.])
32.6144 	EXP 	Rightimg: image = u'frogs/ab46.jpg'
32.6144 	EXP 	Leftimg: autoDraw = True
32.6144 	EXP 	Rightimg: autoDraw = True
33.0327 	DATA 	Keypress: right
33.0335 	EXP 	New trial (rep=0, index=8): {'YLeftPos': 0, 'time_presentation': 0.5, 'XLeftPos': -300, 'XRightPos': 300, 'rightimg': u'4.jpg', 'YRightPos': 0, 'leftimg': u'2.jpg'}
33.0811 	EXP 	Leftimg: autoDraw = False
33.0811 	EXP 	Rightimg: autoDraw = False
33.0811 	EXP 	Leftimg: autoDraw = False
33.0811 	EXP 	Rightimg: autoDraw = False
33.0811 	EXP 	text: autoDraw = False
33.0811 	EXP 	Leftimg: pos = array([-300.,    0.])
33.0811 	EXP 	Leftimg: image = u'2.jpg'
33.0811 	EXP 	Rightimg: pos = array([ 300.,    0.])
33.0811 	EXP 	Rightimg: image = u'4.jpg'
33.0811 	EXP 	Leftimg: autoDraw = True
33.0811 	EXP 	Rightimg: autoDraw = True
33.5168 	DATA 	Keypress: left
33.5329 	EXP 	New trial (rep=0, index=9): {'YLeftPos': 0, 'time_presentation': 0.5, 'XLeftPos': -300, 'XRightPos': 300, 'rightimg': u'frogs/ab75.jpg', 'YRightPos': 0, 'leftimg': u'frogs/ab35.jpg'}
33.5649 	EXP 	Leftimg: autoDraw = False
33.5649 	EXP 	Rightimg: autoDraw = False
33.5649 	EXP 	Leftimg: autoDraw = False
33.5649 	EXP 	Rightimg: autoDraw = False
33.5649 	EXP 	text: autoDraw = False
33.5649 	EXP 	Leftimg: pos = array([-300.,    0.])
33.5649 	EXP 	Leftimg: image = u'frogs/ab35.jpg'
33.5649 	EXP 	Rightimg: pos = array([ 300.,    0.])
33.5649 	EXP 	Rightimg: image = u'frogs/ab75.jpg'
33.5649 	EXP 	Leftimg: autoDraw = True
33.5649 	EXP 	Rightimg: autoDraw = True
34.0483 	EXP 	Leftimg: autoDraw = False
34.0483 	EXP 	Rightimg: autoDraw = False
34.0821 	DATA 	Keypress: right
34.0832 	EXP 	New trial (rep=0, index=10): {'YLeftPos': 0, 'time_presentation': 0.5, 'XLeftPos': -300, 'XRightPos': 300, 'rightimg': u'frogs/ab42.jpg', 'YRightPos': 0, 'leftimg': u'frogs/ab2.jpg'}
34.3993 	EXP 	Leftimg: autoDraw = False
34.3993 	EXP 	Rightimg: autoDraw = False
34.3993 	EXP 	text: autoDraw = False
34.3993 	EXP 	Leftimg: pos = array([-300.,    0.])
34.3993 	EXP 	Leftimg: image = u'frogs/ab2.jpg'
34.3993 	EXP 	Rightimg: pos = array([ 300.,    0.])
34.3993 	EXP 	Rightimg: image = u'frogs/ab42.jpg'
34.3993 	EXP 	Leftimg: autoDraw = True
34.3993 	EXP 	Rightimg: autoDraw = True
34.5981 	EXP 	Leftimg: autoDraw = False
34.5981 	EXP 	Rightimg: autoDraw = False
34.8164 	DATA 	Keypress: left
34.8176 	EXP 	New trial (rep=0, index=11): {'YLeftPos': 0, 'time_presentation': 0.5, 'XLeftPos': -300, 'XRightPos': 300, 'rightimg': u'frogs/ab64.jpg', 'YRightPos': 0, 'leftimg': u'frogs/ab24.jpg'}
34.8480 	EXP 	Leftimg: autoDraw = False
34.8480 	EXP 	Rightimg: autoDraw = False
34.8480 	EXP 	text: autoDraw = False
34.8480 	EXP 	Leftimg: pos = array([-300.,    0.])
34.8480 	EXP 	Leftimg: image = u'frogs/ab24.jpg'
34.8480 	EXP 	Rightimg: pos = array([ 300.,    0.])
34.8480 	EXP 	Rightimg: image = u'frogs/ab64.jpg'
34.8480 	EXP 	Leftimg: autoDraw = True
34.8480 	EXP 	Rightimg: autoDraw = True
35.3314 	EXP 	Leftimg: autoDraw = False
35.3314 	EXP 	Rightimg: autoDraw = False
35.6996 	DATA 	Keypress: right
35.7008 	EXP 	New trial (rep=0, index=12): {'YLeftPos': 0, 'time_presentation': 0.5, 'XLeftPos': -300, 'XRightPos': 300, 'rightimg': u'frogs/ab66.jpg', 'YRightPos': 0, 'leftimg': u'frogs/ab26.jpg'}
35.7145 	EXP 	Leftimg: autoDraw = False
35.7145 	EXP 	Rightimg: autoDraw = False
35.7145 	EXP 	text: autoDraw = False
35.7145 	EXP 	Leftimg: pos = array([-300.,    0.])
35.7145 	EXP 	Leftimg: image = u'frogs/ab26.jpg'
35.7145 	EXP 	Rightimg: pos = array([ 300.,    0.])
35.7145 	EXP 	Rightimg: image = u'frogs/ab66.jpg'
35.7145 	EXP 	Leftimg: autoDraw = True
35.7145 	EXP 	Rightimg: autoDraw = True
36.2147 	EXP 	Leftimg: autoDraw = False
36.2147 	EXP 	Rightimg: autoDraw = False
36.5164 	DATA 	Keypress: left
36.5176 	EXP 	New trial (rep=0, index=13): {'YLeftPos': 0, 'time_presentation': 0.5, 'XLeftPos': -300, 'XRightPos': 300, 'rightimg': u'frogs/ab55.jpg', 'YRightPos': 0, 'leftimg': u'frogs/ab15.jpg'}
36.5980 	EXP 	Leftimg: autoDraw = False
36.5980 	EXP 	Rightimg: autoDraw = False
36.5980 	EXP 	text: autoDraw = False
36.5980 	EXP 	Leftimg: pos = array([-300.,    0.])
36.5980 	EXP 	Leftimg: image = u'frogs/ab15.jpg'
36.5980 	EXP 	Rightimg: pos = array([ 300.,    0.])
36.5980 	EXP 	Rightimg: image = u'frogs/ab55.jpg'
36.5980 	EXP 	Leftimg: autoDraw = True
36.5980 	EXP 	Rightimg: autoDraw = True
37.0316 	EXP 	Leftimg: autoDraw = False
37.0316 	EXP 	Rightimg: autoDraw = False
37.3833 	DATA 	Keypress: left
37.3844 	EXP 	New trial (rep=0, index=14): {'YLeftPos': 0, 'time_presentation': 0.5, 'XLeftPos': -300, 'XRightPos': 300, 'rightimg': u'frogs/ab48.jpg', 'YRightPos': 0, 'leftimg': u'frogs/ab8.jpg'}
37.4309 	EXP 	Leftimg: autoDraw = False
37.4309 	EXP 	Rightimg: autoDraw = False
37.4309 	EXP 	text: autoDraw = False
37.4309 	EXP 	Leftimg: pos = array([-300.,    0.])
37.4309 	EXP 	Leftimg: image = u'frogs/ab8.jpg'
37.4309 	EXP 	Rightimg: pos = array([ 300.,    0.])
37.4309 	EXP 	Rightimg: image = u'frogs/ab48.jpg'
37.4309 	EXP 	Leftimg: autoDraw = True
37.4309 	EXP 	Rightimg: autoDraw = True
37.8983 	EXP 	Leftimg: autoDraw = False
37.8983 	EXP 	Rightimg: autoDraw = False
38.3499 	DATA 	Keypress: left
38.3510 	EXP 	New trial (rep=0, index=15): {'YLeftPos': 0, 'time_presentation': 0.5, 'XLeftPos': -300, 'XRightPos': 300, 'rightimg': u'frogs/ab53.jpg', 'YRightPos': 0, 'leftimg': u'frogs/ab13.jpg'}
38.3810 	EXP 	Leftimg: autoDraw = False
38.3810 	EXP 	Rightimg: autoDraw = False
38.3810 	EXP 	text: autoDraw = False
38.3810 	EXP 	Leftimg: pos = array([-300.,    0.])
38.3810 	EXP 	Leftimg: image = u'frogs/ab13.jpg'
38.3810 	EXP 	Rightimg: pos = array([ 300.,    0.])
38.3810 	EXP 	Rightimg: image = u'frogs/ab53.jpg'
38.3810 	EXP 	Leftimg: autoDraw = True
38.3810 	EXP 	Rightimg: autoDraw = True
38.8649 	EXP 	Leftimg: autoDraw = False
38.8649 	EXP 	Rightimg: autoDraw = False
39.3499 	DATA 	Keypress: right
39.3509 	EXP 	New trial (rep=0, index=16): {'YLeftPos': 0, 'time_presentation': 0.5, 'XLeftPos': -300, 'XRightPos': 300, 'rightimg': u'frogs/ab61.jpg', 'YRightPos': 0, 'leftimg': u'frogs/ab21.jpg'}
39.3795 	EXP 	Leftimg: autoDraw = False
39.3795 	EXP 	Rightimg: autoDraw = False
39.3795 	EXP 	text: autoDraw = False
39.3795 	EXP 	Leftimg: pos = array([-300.,    0.])
39.3795 	EXP 	Leftimg: image = u'frogs/ab21.jpg'
39.3795 	EXP 	Rightimg: pos = array([ 300.,    0.])
39.3795 	EXP 	Rightimg: image = u'frogs/ab61.jpg'
39.3795 	EXP 	Leftimg: autoDraw = True
39.3795 	EXP 	Rightimg: autoDraw = True
39.8647 	EXP 	Leftimg: autoDraw = False
39.8647 	EXP 	Rightimg: autoDraw = False
40.4334 	DATA 	Keypress: left
40.4346 	EXP 	New trial (rep=0, index=17): {'YLeftPos': 0, 'time_presentation': 0.5, 'XLeftPos': -300, 'XRightPos': 300, 'rightimg': u'frogs/ab72.jpg', 'YRightPos': 0, 'leftimg': u'frogs/ab32.jpg'}
40.4814 	EXP 	Leftimg: autoDraw = False
40.4814 	EXP 	Rightimg: autoDraw = False
40.4814 	EXP 	text: autoDraw = False
40.4814 	EXP 	Leftimg: pos = array([-300.,    0.])
40.4814 	EXP 	Leftimg: image = u'frogs/ab32.jpg'
40.4814 	EXP 	Rightimg: pos = array([ 300.,    0.])
40.4814 	EXP 	Rightimg: image = u'frogs/ab72.jpg'
40.4814 	EXP 	Leftimg: autoDraw = True
40.4814 	EXP 	Rightimg: autoDraw = True
40.9482 	EXP 	Leftimg: autoDraw = False
40.9482 	EXP 	Rightimg: autoDraw = False
41.5831 	DATA 	Keypress: left
41.5843 	EXP 	New trial (rep=0, index=18): {'YLeftPos': 0, 'time_presentation': 0.5, 'XLeftPos': -300, 'XRightPos': 300, 'rightimg': u'frogs/ab68.jpg', 'YRightPos': 0, 'leftimg': u'frogs/ab28.jpg'}
41.6143 	EXP 	Leftimg: autoDraw = False
41.6143 	EXP 	Rightimg: autoDraw = False
41.6143 	EXP 	text: autoDraw = False
41.6143 	EXP 	Leftimg: pos = array([-300.,    0.])
41.6143 	EXP 	Leftimg: image = u'frogs/ab28.jpg'
41.6143 	EXP 	Rightimg: pos = array([ 300.,    0.])
41.6143 	EXP 	Rightimg: image = u'frogs/ab68.jpg'
41.6143 	EXP 	Leftimg: autoDraw = True
41.6143 	EXP 	Rightimg: autoDraw = True
42.0979 	EXP 	Leftimg: autoDraw = False
42.0979 	EXP 	Rightimg: autoDraw = False
44.0989 	EXP 	window1: blendMode = 'avg'
44.1146 	EXP 	text: autoDraw = True
44.1154 	EXP 	window1: blendMode = 'avg'
44.1324 	EXP 	window1: blendMode = 'avg'
44.1489 	EXP 	window1: blendMode = 'avg'
44.1655 	EXP 	window1: blendMode = 'avg'
44.1823 	EXP 	window1: blendMode = 'avg'
44.1989 	EXP 	window1: blendMode = 'avg'
44.2151 	EXP 	window1: blendMode = 'avg'
44.2325 	EXP 	window1: blendMode = 'avg'
44.2489 	EXP 	window1: blendMode = 'avg'
44.2656 	EXP 	window1: blendMode = 'avg'
44.2822 	EXP 	window1: blendMode = 'avg'
44.2989 	EXP 	window1: blendMode = 'avg'
44.3153 	EXP 	window1: blendMode = 'avg'
44.3316 	EXP 	window1: blendMode = 'avg'
44.3492 	EXP 	window1: blendMode = 'avg'
44.3655 	EXP 	window1: blendMode = 'avg'
44.3822 	EXP 	window1: blendMode = 'avg'
44.3991 	EXP 	window1: blendMode = 'avg'
44.4149 	EXP 	window1: blendMode = 'avg'
44.4324 	EXP 	window1: blendMode = 'avg'
44.4489 	EXP 	window1: blendMode = 'avg'
44.4656 	EXP 	window1: blendMode = 'avg'
44.4822 	EXP 	window1: blendMode = 'avg'
44.4988 	EXP 	window1: blendMode = 'avg'
44.5156 	EXP 	window1: blendMode = 'avg'
44.5322 	EXP 	window1: blendMode = 'avg'
44.5483 	EXP 	window1: blendMode = 'avg'
44.5658 	EXP 	window1: blendMode = 'avg'
44.5822 	EXP 	window1: blendMode = 'avg'
44.5988 	EXP 	window1: blendMode = 'avg'
44.6156 	EXP 	window1: blendMode = 'avg'
44.6322 	EXP 	window1: blendMode = 'avg'
44.6487 	EXP 	window1: blendMode = 'avg'
44.6655 	EXP 	window1: blendMode = 'avg'
44.6818 	EXP 	window1: blendMode = 'avg'
44.6991 	EXP 	window1: blendMode = 'avg'
44.7149 	EXP 	window1: blendMode = 'avg'
44.7322 	EXP 	window1: blendMode = 'avg'
44.7494 	EXP 	window1: blendMode = 'avg'
44.7518 	DATA 	Keypress: space
44.7660 	EXP 	New trial (rep=0, index=19): {'YLeftPos': 0, 'time_presentation': 0.5, 'XLeftPos': -300, 'XRightPos': 300, 'rightimg': u'frogs/ab51.jpg', 'YRightPos': 0, 'leftimg': u'frogs/ab11.jpg'}
44.8315 	EXP 	Leftimg: autoDraw = False
44.8315 	EXP 	Rightimg: autoDraw = False
44.8315 	EXP 	text: autoDraw = False
44.8315 	EXP 	Leftimg: pos = array([-300.,    0.])
44.8315 	EXP 	Leftimg: image = u'frogs/ab11.jpg'
44.8315 	EXP 	Rightimg: pos = array([ 300.,    0.])
44.8315 	EXP 	Rightimg: image = u'frogs/ab51.jpg'
44.8315 	EXP 	Leftimg: autoDraw = True
44.8315 	EXP 	Rightimg: autoDraw = True
45.2330 	DATA 	Keypress: right
45.2339 	EXP 	New trial (rep=0, index=20): {'YLeftPos': 0, 'time_presentation': 0.5, 'XLeftPos': -300, 'XRightPos': 300, 'rightimg': u'frogs/ab54.jpg', 'YRightPos': 0, 'leftimg': u'frogs/ab14.jpg'}
45.2813 	EXP 	Leftimg: autoDraw = False
45.2813 	EXP 	Rightimg: autoDraw = False
45.2813 	EXP 	text: autoDraw = False
45.2813 	EXP 	Leftimg: pos = array([-300.,    0.])
45.2813 	EXP 	Leftimg: image = u'frogs/ab14.jpg'
45.2813 	EXP 	Rightimg: pos = array([ 300.,    0.])
45.2813 	EXP 	Rightimg: image = u'frogs/ab54.jpg'
45.2813 	EXP 	Leftimg: autoDraw = True
45.2813 	EXP 	Rightimg: autoDraw = True
45.7482 	EXP 	Leftimg: autoDraw = False
45.7482 	EXP 	Rightimg: autoDraw = False
45.9330 	DATA 	Keypress: left
45.9341 	EXP 	New trial (rep=0, index=21): {'YLeftPos': 0, 'time_presentation': 0.5, 'XLeftPos': -300, 'XRightPos': 300, 'rightimg': u'frogs/ab70.jpg', 'YRightPos': 0, 'leftimg': u'frogs/ab30.jpg'}
45.9462 	EXP 	Leftimg: autoDraw = False
45.9462 	EXP 	Rightimg: autoDraw = False
45.9462 	EXP 	text: autoDraw = False
45.9462 	EXP 	Leftimg: pos = array([-300.,    0.])
45.9462 	EXP 	Leftimg: image = u'frogs/ab30.jpg'
45.9462 	EXP 	Rightimg: pos = array([ 300.,    0.])
45.9462 	EXP 	Rightimg: image = u'frogs/ab70.jpg'
45.9462 	EXP 	Leftimg: autoDraw = True
45.9462 	EXP 	Rightimg: autoDraw = True
46.4482 	EXP 	Leftimg: autoDraw = False
46.4482 	EXP 	Rightimg: autoDraw = False
46.7497 	DATA 	Keypress: right
46.7508 	EXP 	New trial (rep=0, index=22): {'YLeftPos': 0, 'time_presentation': 0.5, 'XLeftPos': -300, 'XRightPos': 300, 'rightimg': u'3.jpg', 'YRightPos': 0, 'leftimg': u'1.jpg'}
46.7979 	EXP 	Leftimg: autoDraw = False
46.7979 	EXP 	Rightimg: autoDraw = False
46.7979 	EXP 	text: autoDraw = False
46.7979 	EXP 	Leftimg: pos = array([-300.,    0.])
46.7979 	EXP 	Leftimg: image = u'1.jpg'
46.7979 	EXP 	Rightimg: pos = array([ 300.,    0.])
46.7979 	EXP 	Rightimg: image = u'3.jpg'
46.7979 	EXP 	Leftimg: autoDraw = True
46.7979 	EXP 	Rightimg: autoDraw = True
47.2646 	EXP 	Leftimg: autoDraw = False
47.2646 	EXP 	Rightimg: autoDraw = False
47.6999 	DATA 	Keypress: left
47.7010 	EXP 	New trial (rep=0, index=23): {'YLeftPos': 0, 'time_presentation': 0.5, 'XLeftPos': -300, 'XRightPos': 300, 'rightimg': u'1.jpg', 'YRightPos': 0, 'leftimg': u'3.jpg'}
47.7482 	EXP 	Leftimg: autoDraw = False
47.7482 	EXP 	Rightimg: autoDraw = False
47.7482 	EXP 	text: autoDraw = False
47.7482 	EXP 	Leftimg: pos = array([-300.,    0.])
47.7482 	EXP 	Leftimg: image = u'3.jpg'
47.7482 	EXP 	Rightimg: pos = array([ 300.,    0.])
47.7482 	EXP 	Rightimg: image = u'1.jpg'
47.7482 	EXP 	Leftimg: autoDraw = True
47.7482 	EXP 	Rightimg: autoDraw = True
48.2147 	EXP 	Leftimg: autoDraw = False
48.2147 	EXP 	Rightimg: autoDraw = False
48.6504 	DATA 	Keypress: right
48.6662 	EXP 	New trial (rep=0, index=24): {'YLeftPos': 0, 'time_presentation': 0.5, 'XLeftPos': -300, 'XRightPos': 300, 'rightimg': u'frogs/ab79.jpg', 'YRightPos': 0, 'leftimg': u'frogs/ab39.jpg'}
48.6978 	EXP 	Leftimg: autoDraw = False
48.6978 	EXP 	Rightimg: autoDraw = False
48.6978 	EXP 	text: autoDraw = False
48.6978 	EXP 	Leftimg: pos = array([-300.,    0.])
48.6978 	EXP 	Leftimg: image = u'frogs/ab39.jpg'
48.6978 	EXP 	Rightimg: pos = array([ 300.,    0.])
48.6978 	EXP 	Rightimg: image = u'frogs/ab79.jpg'
48.6978 	EXP 	Leftimg: autoDraw = True
48.6978 	EXP 	Rightimg: autoDraw = True
49.1807 	EXP 	Leftimg: autoDraw = False
49.1807 	EXP 	Rightimg: autoDraw = False
49.6499 	DATA 	Keypress: right
49.6510 	EXP 	New trial (rep=0, index=25): {'YLeftPos': 0, 'time_presentation': 0.5, 'XLeftPos': -300, 'XRightPos': 300, 'rightimg': u'frogs/ab57.jpg', 'YRightPos': 0, 'leftimg': u'frogs/ab17.jpg'}
49.7476 	EXP 	Leftimg: autoDraw = False
49.7476 	EXP 	Rightimg: autoDraw = False
49.7476 	EXP 	text: autoDraw = False
49.7476 	EXP 	Leftimg: pos = array([-300.,    0.])
49.7476 	EXP 	Leftimg: image = u'frogs/ab17.jpg'
49.7476 	EXP 	Rightimg: pos = array([ 300.,    0.])
49.7476 	EXP 	Rightimg: image = u'frogs/ab57.jpg'
49.7476 	EXP 	Leftimg: autoDraw = True
49.7476 	EXP 	Rightimg: autoDraw = True
50.1648 	EXP 	Leftimg: autoDraw = False
50.1648 	EXP 	Rightimg: autoDraw = False
50.6325 	DATA 	Keypress: right
50.6336 	EXP 	New trial (rep=0, index=26): {'YLeftPos': 0, 'time_presentation': 0.5, 'XLeftPos': -300, 'XRightPos': 300, 'rightimg': u'frogs/ab60.jpg', 'YRightPos': 0, 'leftimg': u'frogs/ab20.jpg'}
50.6648 	EXP 	Leftimg: autoDraw = False
50.6648 	EXP 	Rightimg: autoDraw = False
50.6648 	EXP 	text: autoDraw = False
50.6648 	EXP 	Leftimg: pos = array([-300.,    0.])
50.6648 	EXP 	Leftimg: image = u'frogs/ab20.jpg'
50.6648 	EXP 	Rightimg: pos = array([ 300.,    0.])
50.6648 	EXP 	Rightimg: image = u'frogs/ab60.jpg'
50.6648 	EXP 	Leftimg: autoDraw = True
50.6648 	EXP 	Rightimg: autoDraw = True
51.1481 	EXP 	Leftimg: autoDraw = False
51.1481 	EXP 	Rightimg: autoDraw = False
51.6656 	DATA 	Keypress: right
51.6668 	EXP 	New trial (rep=0, index=27): {'YLeftPos': 0, 'time_presentation': 0.5, 'XLeftPos': -300, 'XRightPos': 300, 'rightimg': u'frogs/ab62.jpg', 'YRightPos': 0, 'leftimg': u'frogs/ab22.jpg'}
51.8341 	EXP 	Leftimg: autoDraw = False
51.8341 	EXP 	Rightimg: autoDraw = False
51.8341 	EXP 	text: autoDraw = False
51.8341 	EXP 	Leftimg: pos = array([-300.,    0.])
51.8341 	EXP 	Leftimg: image = u'frogs/ab22.jpg'
51.8341 	EXP 	Rightimg: pos = array([ 300.,    0.])
51.8341 	EXP 	Rightimg: image = u'frogs/ab62.jpg'
51.8341 	EXP 	Leftimg: autoDraw = True
51.8341 	EXP 	Rightimg: autoDraw = True
52.1814 	EXP 	Leftimg: autoDraw = False
52.1814 	EXP 	Rightimg: autoDraw = False
52.8664 	DATA 	Keypress: left
52.8674 	EXP 	New trial (rep=0, index=28): {'YLeftPos': 0, 'time_presentation': 0.5, 'XLeftPos': -300, 'XRightPos': 300, 'rightimg': u'frogs/ab71.jpg', 'YRightPos': 0, 'leftimg': u'frogs/ab31.jpg'}
52.9641 	EXP 	Leftimg: autoDraw = False
52.9641 	EXP 	Rightimg: autoDraw = False
52.9641 	EXP 	text: autoDraw = False
52.9641 	EXP 	Leftimg: pos = array([-300.,    0.])
52.9641 	EXP 	Leftimg: image = u'frogs/ab31.jpg'
52.9641 	EXP 	Rightimg: pos = array([ 300.,    0.])
52.9641 	EXP 	Rightimg: image = u'frogs/ab71.jpg'
52.9641 	EXP 	Leftimg: autoDraw = True
52.9641 	EXP 	Rightimg: autoDraw = True
53.3813 	EXP 	Leftimg: autoDraw = False
53.3813 	EXP 	Rightimg: autoDraw = False
54.1167 	DATA 	Keypress: left
54.1182 	EXP 	New trial (rep=0, index=29): {'YLeftPos': 0, 'time_presentation': 0.5, 'XLeftPos': -300, 'XRightPos': 300, 'rightimg': u'frogs/ab77.jpg', 'YRightPos': 0, 'leftimg': u'frogs/ab37.jpg'}
54.1639 	EXP 	Leftimg: autoDraw = False
54.1639 	EXP 	Rightimg: autoDraw = False
54.1639 	EXP 	text: autoDraw = False
54.1639 	EXP 	Leftimg: pos = array([-300.,    0.])
54.1639 	EXP 	Leftimg: image = u'frogs/ab37.jpg'
54.1639 	EXP 	Rightimg: pos = array([ 300.,    0.])
54.1639 	EXP 	Rightimg: image = u'frogs/ab77.jpg'
54.1639 	EXP 	Leftimg: autoDraw = True
54.1639 	EXP 	Rightimg: autoDraw = True
54.6309 	EXP 	Leftimg: autoDraw = False
54.6309 	EXP 	Rightimg: autoDraw = False
55.2662 	DATA 	Keypress: left
55.2673 	EXP 	New trial (rep=0, index=30): {'YLeftPos': 0, 'time_presentation': 0.5, 'XLeftPos': -300, 'XRightPos': 300, 'rightimg': u'frogs/ab69.jpg', 'YRightPos': 0, 'leftimg': u'frogs/ab29.jpg'}
55.2981 	EXP 	Leftimg: autoDraw = False
55.2981 	EXP 	Rightimg: autoDraw = False
55.2981 	EXP 	text: autoDraw = False
55.2981 	EXP 	Leftimg: pos = array([-300.,    0.])
55.2981 	EXP 	Leftimg: image = u'frogs/ab29.jpg'
55.2981 	EXP 	Rightimg: pos = array([ 300.,    0.])
55.2981 	EXP 	Rightimg: image = u'frogs/ab69.jpg'
55.2981 	EXP 	Leftimg: autoDraw = True
55.2981 	EXP 	Rightimg: autoDraw = True
55.7813 	EXP 	Leftimg: autoDraw = False
55.7813 	EXP 	Rightimg: autoDraw = False
56.3662 	DATA 	Keypress: left
56.3673 	EXP 	New trial (rep=0, index=31): {'YLeftPos': 0, 'time_presentation': 0.5, 'XLeftPos': -300, 'XRightPos': 300, 'rightimg': u'frogs/ab58.jpg', 'YRightPos': 0, 'leftimg': u'frogs/ab18.jpg'}
56.5143 	EXP 	Leftimg: autoDraw = False
56.5143 	EXP 	Rightimg: autoDraw = False
56.5143 	EXP 	text: autoDraw = False
56.5143 	EXP 	Leftimg: pos = array([-300.,    0.])
56.5143 	EXP 	Leftimg: image = u'frogs/ab18.jpg'
56.5143 	EXP 	Rightimg: pos = array([ 300.,    0.])
56.5143 	EXP 	Rightimg: image = u'frogs/ab58.jpg'
56.5143 	EXP 	Leftimg: autoDraw = True
56.5143 	EXP 	Rightimg: autoDraw = True
56.8811 	EXP 	Leftimg: autoDraw = False
56.8811 	EXP 	Rightimg: autoDraw = False
58.8822 	EXP 	window1: blendMode = 'avg'
58.8977 	EXP 	text: autoDraw = True
58.8987 	EXP 	window1: blendMode = 'avg'
58.9152 	EXP 	window1: blendMode = 'avg'
58.9324 	EXP 	window1: blendMode = 'avg'
58.9487 	EXP 	window1: blendMode = 'avg'
58.9654 	EXP 	window1: blendMode = 'avg'
58.9820 	EXP 	window1: blendMode = 'avg'
58.9988 	EXP 	window1: blendMode = 'avg'
59.0154 	EXP 	window1: blendMode = 'avg'
59.0320 	EXP 	window1: blendMode = 'avg'
59.0487 	EXP 	window1: blendMode = 'avg'
59.0654 	EXP 	window1: blendMode = 'avg'
59.0820 	EXP 	window1: blendMode = 'avg'
59.0985 	EXP 	window1: blendMode = 'avg'
59.1153 	EXP 	window1: blendMode = 'avg'
59.1323 	EXP 	window1: blendMode = 'avg'
59.1487 	EXP 	window1: blendMode = 'avg'
59.1653 	EXP 	window1: blendMode = 'avg'
59.1820 	EXP 	window1: blendMode = 'avg'
59.1987 	EXP 	window1: blendMode = 'avg'
59.2150 	EXP 	window1: blendMode = 'avg'
59.2323 	EXP 	window1: blendMode = 'avg'
59.2487 	EXP 	window1: blendMode = 'avg'
59.2654 	EXP 	window1: blendMode = 'avg'
59.2820 	EXP 	window1: blendMode = 'avg'
59.2989 	EXP 	window1: blendMode = 'avg'
59.3153 	EXP 	window1: blendMode = 'avg'
59.3323 	EXP 	window1: blendMode = 'avg'
59.3492 	DATA 	Keypress: space
59.3501 	EXP 	New trial (rep=0, index=32): {'YLeftPos': 0, 'time_presentation': 0.5, 'XLeftPos': -300, 'XRightPos': 300, 'rightimg': u'frogs/ab45.jpg', 'YRightPos': 0, 'leftimg': u'frogs/ab5.jpg'}
59.3812 	EXP 	Leftimg: autoDraw = False
59.3812 	EXP 	Rightimg: autoDraw = False
59.3812 	EXP 	text: autoDraw = False
59.3812 	EXP 	Leftimg: pos = array([-300.,    0.])
59.3812 	EXP 	Leftimg: image = u'frogs/ab5.jpg'
59.3812 	EXP 	Rightimg: pos = array([ 300.,    0.])
59.3812 	EXP 	Rightimg: image = u'frogs/ab45.jpg'
59.3812 	EXP 	Leftimg: autoDraw = True
59.3812 	EXP 	Rightimg: autoDraw = True
59.8157 	DATA 	Keypress: right
59.8166 	EXP 	New trial (rep=0, index=33): {'YLeftPos': 0, 'time_presentation': 0.5, 'XLeftPos': -300, 'XRightPos': 300, 'rightimg': u'frogs/ab65.jpg', 'YRightPos': 0, 'leftimg': u'frogs/ab25.jpg'}
59.8805 	EXP 	Leftimg: autoDraw = False
59.8805 	EXP 	Rightimg: autoDraw = False
59.8805 	EXP 	text: autoDraw = False
59.8805 	EXP 	Leftimg: pos = array([-300.,    0.])
59.8805 	EXP 	Leftimg: image = u'frogs/ab25.jpg'
59.8805 	EXP 	Rightimg: pos = array([ 300.,    0.])
59.8805 	EXP 	Rightimg: image = u'frogs/ab65.jpg'
59.8805 	EXP 	Leftimg: autoDraw = True
59.8805 	EXP 	Rightimg: autoDraw = True
60.3311 	EXP 	Leftimg: autoDraw = False
60.3311 	EXP 	Rightimg: autoDraw = False
60.6489 	DATA 	Keypress: left
60.6499 	EXP 	New trial (rep=0, index=34): {'YLeftPos': 0, 'time_presentation': 0.5, 'XLeftPos': -300, 'XRightPos': 300, 'rightimg': u'frogs/ab44.jpg', 'YRightPos': 0, 'leftimg': u'frogs/ab4.jpg'}
60.6635 	EXP 	Leftimg: autoDraw = False
60.6635 	EXP 	Rightimg: autoDraw = False
60.6635 	EXP 	text: autoDraw = False
60.6635 	EXP 	Leftimg: pos = array([-300.,    0.])
60.6635 	EXP 	Leftimg: image = u'frogs/ab4.jpg'
60.6635 	EXP 	Rightimg: pos = array([ 300.,    0.])
60.6635 	EXP 	Rightimg: image = u'frogs/ab44.jpg'
60.6635 	EXP 	Leftimg: autoDraw = True
60.6635 	EXP 	Rightimg: autoDraw = True
61.1644 	EXP 	Leftimg: autoDraw = False
61.1644 	EXP 	Rightimg: autoDraw = False
61.5830 	DATA 	Keypress: right
61.5842 	EXP 	New trial (rep=0, index=35): {'YLeftPos': 0, 'time_presentation': 0.5, 'XLeftPos': -300, 'XRightPos': 300, 'rightimg': u'frogs/ab59.jpg', 'YRightPos': 0, 'leftimg': u'frogs/ab19.jpg'}
61.6309 	EXP 	Leftimg: autoDraw = False
61.6309 	EXP 	Rightimg: autoDraw = False
61.6309 	EXP 	text: autoDraw = False
61.6309 	EXP 	Leftimg: pos = array([-300.,    0.])
61.6309 	EXP 	Leftimg: image = u'frogs/ab19.jpg'
61.6309 	EXP 	Rightimg: pos = array([ 300.,    0.])
61.6309 	EXP 	Rightimg: image = u'frogs/ab59.jpg'
61.6309 	EXP 	Leftimg: autoDraw = True
61.6309 	EXP 	Rightimg: autoDraw = True
62.0980 	EXP 	Leftimg: autoDraw = False
62.0980 	EXP 	Rightimg: autoDraw = False
62.6319 	DATA 	Keypress: left
62.6331 	EXP 	New trial (rep=0, index=36): {'YLeftPos': 0, 'time_presentation': 0.5, 'XLeftPos': -300, 'XRightPos': 300, 'rightimg': u'frogs/ab43.jpg', 'YRightPos': 0, 'leftimg': u'frogs/ab3.jpg'}
62.6981 	EXP 	Leftimg: autoDraw = False
62.6981 	EXP 	Rightimg: autoDraw = False
62.6981 	EXP 	text: autoDraw = False
62.6981 	EXP 	Leftimg: pos = array([-300.,    0.])
62.6981 	EXP 	Leftimg: image = u'frogs/ab3.jpg'
62.6981 	EXP 	Rightimg: pos = array([ 300.,    0.])
62.6981 	EXP 	Rightimg: image = u'frogs/ab43.jpg'
62.6981 	EXP 	Leftimg: autoDraw = True
62.6981 	EXP 	Rightimg: autoDraw = True
63.1480 	EXP 	Leftimg: autoDraw = False
63.1480 	EXP 	Rightimg: autoDraw = False
63.6998 	DATA 	Keypress: right
63.7011 	EXP 	New trial (rep=0, index=37): {'YLeftPos': 0, 'time_presentation': 0.5, 'XLeftPos': -300, 'XRightPos': 300, 'rightimg': u'frogs/ab50.jpg', 'YRightPos': 0, 'leftimg': u'frogs/ab10.jpg'}
63.7642 	EXP 	Leftimg: autoDraw = False
63.7642 	EXP 	Rightimg: autoDraw = False
63.7642 	EXP 	text: autoDraw = False
63.7642 	EXP 	Leftimg: pos = array([-300.,    0.])
63.7642 	EXP 	Leftimg: image = u'frogs/ab10.jpg'
63.7642 	EXP 	Rightimg: pos = array([ 300.,    0.])
63.7642 	EXP 	Rightimg: image = u'frogs/ab50.jpg'
63.7642 	EXP 	Leftimg: autoDraw = True
63.7642 	EXP 	Rightimg: autoDraw = True
64.2145 	EXP 	Leftimg: autoDraw = False
64.2145 	EXP 	Rightimg: autoDraw = False
64.7670 	DATA 	Keypress: left
64.7826 	EXP 	New trial (rep=0, index=38): {'YLeftPos': 0, 'time_presentation': 0.5, 'XLeftPos': -300, 'XRightPos': 300, 'rightimg': u'frogs/ab78.jpg', 'YRightPos': 0, 'leftimg': u'frogs/ab38.jpg'}
64.8134 	EXP 	Leftimg: autoDraw = False
64.8134 	EXP 	Rightimg: autoDraw = False
64.8134 	EXP 	text: autoDraw = False
64.8134 	EXP 	Leftimg: pos = array([-300.,    0.])
64.8134 	EXP 	Leftimg: image = u'frogs/ab38.jpg'
64.8134 	EXP 	Rightimg: pos = array([ 300.,    0.])
64.8134 	EXP 	Rightimg: image = u'frogs/ab78.jpg'
64.8134 	EXP 	Leftimg: autoDraw = True
64.8134 	EXP 	Rightimg: autoDraw = True
65.2974 	EXP 	Leftimg: autoDraw = False
65.2974 	EXP 	Rightimg: autoDraw = False
65.9823 	DATA 	Keypress: left
65.9835 	EXP 	New trial (rep=0, index=39): {'YLeftPos': 0, 'time_presentation': 0.5, 'XLeftPos': -300, 'XRightPos': 300, 'rightimg': u'frogs/ab41.jpg', 'YRightPos': 0, 'leftimg': u'frogs/ab1.jpg'}
65.9976 	EXP 	Leftimg: autoDraw = False
65.9976 	EXP 	Rightimg: autoDraw = False
65.9976 	EXP 	text: autoDraw = False
65.9976 	EXP 	Leftimg: pos = array([-300.,    0.])
65.9976 	EXP 	Leftimg: image = u'frogs/ab1.jpg'
65.9976 	EXP 	Rightimg: pos = array([ 300.,    0.])
65.9976 	EXP 	Rightimg: image = u'frogs/ab41.jpg'
65.9976 	EXP 	Leftimg: autoDraw = True
65.9976 	EXP 	Rightimg: autoDraw = True
66.4979 	EXP 	Leftimg: autoDraw = False
66.4979 	EXP 	Rightimg: autoDraw = False
67.4662 	DATA 	Keypress: left
67.4673 	EXP 	New trial (rep=0, index=40): {'YLeftPos': 0, 'time_presentation': 0.5, 'XLeftPos': -300, 'XRightPos': 300, 'rightimg': u'frogs/ab73.jpg', 'YRightPos': 0, 'leftimg': u'frogs/ab33.jpg'}
67.5643 	EXP 	Leftimg: autoDraw = False
67.5643 	EXP 	Rightimg: autoDraw = False
67.5643 	EXP 	text: autoDraw = False
67.5643 	EXP 	Leftimg: pos = array([-300.,    0.])
67.5643 	EXP 	Leftimg: image = u'frogs/ab33.jpg'
67.5643 	EXP 	Rightimg: pos = array([ 300.,    0.])
67.5643 	EXP 	Rightimg: image = u'frogs/ab73.jpg'
67.5643 	EXP 	Leftimg: autoDraw = True
67.5643 	EXP 	Rightimg: autoDraw = True
67.9812 	EXP 	Leftimg: autoDraw = False
67.9812 	EXP 	Rightimg: autoDraw = False
69.0494 	DATA 	Keypress: right
69.0505 	EXP 	New trial (rep=0, index=41): {'YLeftPos': 0, 'time_presentation': 0.5, 'XLeftPos': -300, 'XRightPos': 300, 'rightimg': u'frogs/ab56.jpg', 'YRightPos': 0, 'leftimg': u'frogs/ab16.jpg'}
69.3141 	EXP 	Leftimg: autoDraw = False
69.3141 	EXP 	Rightimg: autoDraw = False
69.3141 	EXP 	text: autoDraw = False
69.3141 	EXP 	Leftimg: pos = array([-300.,    0.])
69.3141 	EXP 	Leftimg: image = u'frogs/ab16.jpg'
69.3141 	EXP 	Rightimg: pos = array([ 300.,    0.])
69.3141 	EXP 	Rightimg: image = u'frogs/ab56.jpg'
69.3141 	EXP 	Leftimg: autoDraw = True
69.3141 	EXP 	Rightimg: autoDraw = True
69.5643 	EXP 	Leftimg: autoDraw = False
69.5643 	EXP 	Rightimg: autoDraw = False
70.2172 	DATA 	Keypress: left
70.2321 	EXP 	New trial (rep=0, index=42): {'YLeftPos': 0, 'time_presentation': 0.5, 'XLeftPos': -300, 'XRightPos': 300, 'rightimg': u'frogs/ab74.jpg', 'YRightPos': 0, 'leftimg': u'frogs/ab34.jpg'}
70.3305 	EXP 	Leftimg: autoDraw = False
70.3305 	EXP 	Rightimg: autoDraw = False
70.3305 	EXP 	text: autoDraw = False
70.3305 	EXP 	Leftimg: pos = array([-300.,    0.])
70.3305 	EXP 	Leftimg: image = u'frogs/ab34.jpg'
70.3305 	EXP 	Rightimg: pos = array([ 300.,    0.])
70.3305 	EXP 	Rightimg: image = u'frogs/ab74.jpg'
70.3305 	EXP 	Leftimg: autoDraw = True
70.3305 	EXP 	Rightimg: autoDraw = True
70.7479 	EXP 	Leftimg: autoDraw = False
70.7479 	EXP 	Rightimg: autoDraw = False
72.7486 	EXP 	window1: blendMode = 'avg'
72.7642 	EXP 	text: autoDraw = True
72.7651 	EXP 	window1: blendMode = 'avg'
72.7815 	EXP 	window1: blendMode = 'avg'
72.7974 	EXP 	window1: blendMode = 'avg'
72.8152 	EXP 	window1: blendMode = 'avg'
72.8318 	EXP 	window1: blendMode = 'avg'
72.8482 	EXP 	window1: blendMode = 'avg'
72.8654 	EXP 	window1: blendMode = 'avg'
72.8819 	EXP 	window1: blendMode = 'avg'
72.8985 	EXP 	window1: blendMode = 'avg'
72.9150 	EXP 	window1: blendMode = 'avg'
72.9319 	EXP 	window1: blendMode = 'avg'
72.9486 	EXP 	window1: blendMode = 'avg'
72.9652 	EXP 	window1: blendMode = 'avg'
72.9816 	EXP 	window1: blendMode = 'avg'
72.9989 	EXP 	window1: blendMode = 'avg'
73.0155 	EXP 	window1: blendMode = 'avg'
73.0318 	EXP 	window1: blendMode = 'avg'
73.0486 	EXP 	window1: blendMode = 'avg'
73.0651 	EXP 	window1: blendMode = 'avg'
73.0818 	EXP 	window1: blendMode = 'avg'
73.1000 	DATA 	Keypress: space
73.1011 	EXP 	New trial (rep=0, index=43): {'YLeftPos': 0, 'time_presentation': 0.5, 'XLeftPos': -300, 'XRightPos': 300, 'rightimg': u'2.jpg', 'YRightPos': 0, 'leftimg': u'4.jpg'}
73.1308 	EXP 	Leftimg: autoDraw = False
73.1308 	EXP 	Rightimg: autoDraw = False
73.1308 	EXP 	text: autoDraw = False
73.1308 	EXP 	Leftimg: pos = array([-300.,    0.])
73.1308 	EXP 	Leftimg: image = u'4.jpg'
73.1308 	EXP 	Rightimg: pos = array([ 300.,    0.])
73.1308 	EXP 	Rightimg: image = u'2.jpg'
73.1308 	EXP 	Leftimg: autoDraw = True
73.1308 	EXP 	Rightimg: autoDraw = True
73.5326 	DATA 	Keypress: right
73.5959 	EXP 	window1: blendMode = 'avg'
73.6141 	EXP 	Leftimg: autoDraw = False
73.6141 	EXP 	Rightimg: autoDraw = False
73.6141 	EXP 	text: autoDraw = False
73.6141 	EXP 	text_3: autoDraw = True
73.6151 	EXP 	window1: blendMode = 'avg'
73.6318 	EXP 	window1: blendMode = 'avg'
73.6487 	EXP 	window1: blendMode = 'avg'
73.6652 	EXP 	window1: blendMode = 'avg'
73.6812 	EXP 	window1: blendMode = 'avg'
73.6988 	EXP 	window1: blendMode = 'avg'
73.7151 	EXP 	window1: blendMode = 'avg'
73.7318 	EXP 	window1: blendMode = 'avg'
73.7485 	EXP 	window1: blendMode = 'avg'
73.7649 	EXP 	window1: blendMode = 'avg'
73.7820 	EXP 	window1: blendMode = 'avg'
73.7986 	EXP 	window1: blendMode = 'avg'
73.8151 	EXP 	window1: blendMode = 'avg'
73.8319 	EXP 	window1: blendMode = 'avg'
73.8484 	EXP 	window1: blendMode = 'avg'
73.8652 	EXP 	window1: blendMode = 'avg'
73.8818 	EXP 	window1: blendMode = 'avg'
73.8983 	EXP 	window1: blendMode = 'avg'
73.9151 	EXP 	window1: blendMode = 'avg'
73.9318 	EXP 	window1: blendMode = 'avg'
73.9484 	EXP 	window1: blendMode = 'avg'
73.9649 	EXP 	window1: blendMode = 'avg'
73.9820 	EXP 	window1: blendMode = 'avg'
73.9985 	EXP 	window1: blendMode = 'avg'
74.0152 	EXP 	window1: blendMode = 'avg'
74.0316 	EXP 	window1: blendMode = 'avg'
74.0487 	EXP 	window1: blendMode = 'avg'
74.0651 	EXP 	window1: blendMode = 'avg'
74.0818 	EXP 	window1: blendMode = 'avg'
74.0982 	EXP 	window1: blendMode = 'avg'
74.1150 	EXP 	window1: blendMode = 'avg'
74.1311 	EXP 	window1: blendMode = 'avg'
74.1488 	EXP 	window1: blendMode = 'avg'
74.1655 	EXP 	window1: blendMode = 'avg'
74.1820 	EXP 	window1: blendMode = 'avg'
74.1983 	EXP 	window1: blendMode = 'avg'
74.2147 	EXP 	window1: blendMode = 'avg'
74.2321 	EXP 	window1: blendMode = 'avg'
74.2486 	EXP 	window1: blendMode = 'avg'
74.2652 	EXP 	window1: blendMode = 'avg'
74.2818 	EXP 	window1: blendMode = 'avg'
74.2985 	EXP 	window1: blendMode = 'avg'
74.3152 	EXP 	window1: blendMode = 'avg'
74.3319 	EXP 	window1: blendMode = 'avg'
74.3479 	EXP 	window1: blendMode = 'avg'
74.3654 	EXP 	window1: blendMode = 'avg'
74.3816 	EXP 	window1: blendMode = 'avg'
74.3985 	EXP 	window1: blendMode = 'avg'
74.4152 	EXP 	window1: blendMode = 'avg'
74.4318 	EXP 	window1: blendMode = 'avg'
74.4486 	EXP 	window1: blendMode = 'avg'
74.4651 	EXP 	window1: blendMode = 'avg'
74.4818 	EXP 	window1: blendMode = 'avg'
74.4987 	EXP 	window1: blendMode = 'avg'
74.5152 	EXP 	window1: blendMode = 'avg'
74.5318 	EXP 	window1: blendMode = 'avg'
74.5485 	EXP 	window1: blendMode = 'avg'
74.5652 	EXP 	window1: blendMode = 'avg'
74.5819 	EXP 	window1: blendMode = 'avg'
74.5985 	EXP 	window1: blendMode = 'avg'
74.6152 	EXP 	window1: blendMode = 'avg'
74.6318 	EXP 	window1: blendMode = 'avg'
74.6483 	EXP 	window1: blendMode = 'avg'
74.6654 	EXP 	window1: blendMode = 'avg'
74.6818 	EXP 	window1: blendMode = 'avg'
74.6983 	EXP 	window1: blendMode = 'avg'
74.7150 	EXP 	window1: blendMode = 'avg'
74.7318 	EXP 	window1: blendMode = 'avg'
74.7485 	EXP 	window1: blendMode = 'avg'
74.7651 	EXP 	window1: blendMode = 'avg'
74.7817 	EXP 	window1: blendMode = 'avg'
74.7981 	EXP 	window1: blendMode = 'avg'
74.8154 	EXP 	window1: blendMode = 'avg'
74.8318 	EXP 	window1: blendMode = 'avg'
74.8485 	EXP 	window1: blendMode = 'avg'
74.8653 	EXP 	window1: blendMode = 'avg'
74.8816 	EXP 	window1: blendMode = 'avg'
74.8988 	EXP 	window1: blendMode = 'avg'
74.9154 	EXP 	window1: blendMode = 'avg'
74.9318 	EXP 	window1: blendMode = 'avg'
74.9485 	EXP 	window1: blendMode = 'avg'
74.9652 	EXP 	window1: blendMode = 'avg'
74.9817 	EXP 	window1: blendMode = 'avg'
74.9986 	EXP 	window1: blendMode = 'avg'
75.0152 	EXP 	window1: blendMode = 'avg'
75.0318 	EXP 	window1: blendMode = 'avg'
75.0484 	EXP 	window1: blendMode = 'avg'
75.0652 	EXP 	window1: blendMode = 'avg'
75.0815 	EXP 	window1: blendMode = 'avg'
75.0986 	EXP 	window1: blendMode = 'avg'
75.1157 	EXP 	window1: blendMode = 'avg'
75.1307 	EXP 	window1: blendMode = 'avg'
75.1474 	EXP 	window1: blendMode = 'avg'
75.1645 	EXP 	window1: blendMode = 'avg'
75.1820 	EXP 	window1: blendMode = 'avg'
75.1985 	EXP 	window1: blendMode = 'avg'
75.2152 	EXP 	window1: blendMode = 'avg'
75.2318 	EXP 	window1: blendMode = 'avg'
75.2485 	EXP 	window1: blendMode = 'avg'
75.2652 	EXP 	window1: blendMode = 'avg'
75.2811 	EXP 	window1: blendMode = 'avg'
75.2976 	EXP 	window1: blendMode = 'avg'
75.3143 	EXP 	window1: blendMode = 'avg'
75.3311 	EXP 	window1: blendMode = 'avg'
75.3473 	EXP 	window1: blendMode = 'avg'
75.3641 	EXP 	window1: blendMode = 'avg'
75.3815 	EXP 	window1: blendMode = 'avg'
75.3991 	EXP 	window1: blendMode = 'avg'
75.4153 	EXP 	window1: blendMode = 'avg'
75.4318 	EXP 	window1: blendMode = 'avg'
75.4478 	EXP 	window1: blendMode = 'avg'
75.4645 	EXP 	window1: blendMode = 'avg'
75.4812 	EXP 	window1: blendMode = 'avg'
75.4979 	EXP 	window1: blendMode = 'avg'
75.5145 	EXP 	window1: blendMode = 'avg'
75.5313 	EXP 	window1: blendMode = 'avg'
75.5479 	EXP 	window1: blendMode = 'avg'
75.5651 	EXP 	window1: blendMode = 'avg'
75.5819 	EXP 	window1: blendMode = 'avg'
75.5985 	EXP 	window1: blendMode = 'avg'
75.6147 	EXP 	window1: blendMode = 'avg'
75.6314 	EXP 	window1: blendMode = 'avg'
75.6488 	EXP 	window1: blendMode = 'avg'
75.6651 	EXP 	window1: blendMode = 'avg'
75.6818 	EXP 	window1: blendMode = 'avg'
75.6985 	EXP 	window1: blendMode = 'avg'
75.7150 	EXP 	window1: blendMode = 'avg'
75.7318 	EXP 	window1: blendMode = 'avg'
75.7485 	EXP 	window1: blendMode = 'avg'
75.7652 	EXP 	window1: blendMode = 'avg'
75.7818 	EXP 	window1: blendMode = 'avg'
75.7985 	EXP 	window1: blendMode = 'avg'
75.8150 	EXP 	window1: blendMode = 'avg'
75.8318 	EXP 	window1: blendMode = 'avg'
75.8480 	EXP 	window1: blendMode = 'avg'
75.8653 	EXP 	window1: blendMode = 'avg'
75.8818 	EXP 	window1: blendMode = 'avg'
75.8985 	EXP 	window1: blendMode = 'avg'
75.9150 	EXP 	window1: blendMode = 'avg'
75.9318 	EXP 	window1: blendMode = 'avg'
75.9485 	EXP 	window1: blendMode = 'avg'
75.9652 	EXP 	window1: blendMode = 'avg'
75.9816 	EXP 	window1: blendMode = 'avg'
75.9985 	EXP 	window1: blendMode = 'avg'
76.0152 	EXP 	window1: blendMode = 'avg'
76.0318 	EXP 	window1: blendMode = 'avg'
76.0481 	EXP 	window1: blendMode = 'avg'
76.0656 	EXP 	window1: blendMode = 'avg'
76.0820 	EXP 	window1: blendMode = 'avg'
76.0985 	EXP 	window1: blendMode = 'avg'
76.1148 	EXP 	window1: blendMode = 'avg'
76.1318 	EXP 	window1: blendMode = 'avg'
76.1487 	EXP 	window1: blendMode = 'avg'
76.1652 	EXP 	window1: blendMode = 'avg'
76.1817 	EXP 	window1: blendMode = 'avg'
76.1984 	EXP 	window1: blendMode = 'avg'
76.2152 	EXP 	window1: blendMode = 'avg'
76.2318 	EXP 	window1: blendMode = 'avg'
76.2487 	EXP 	window1: blendMode = 'avg'
76.2652 	EXP 	window1: blendMode = 'avg'
76.2819 	EXP 	window1: blendMode = 'avg'
76.2985 	EXP 	window1: blendMode = 'avg'
76.3152 	EXP 	window1: blendMode = 'avg'
76.3318 	EXP 	window1: blendMode = 'avg'
76.3485 	EXP 	window1: blendMode = 'avg'
76.3651 	EXP 	window1: blendMode = 'avg'
76.3819 	EXP 	window1: blendMode = 'avg'
76.3985 	EXP 	window1: blendMode = 'avg'
76.4152 	EXP 	window1: blendMode = 'avg'
76.4318 	EXP 	window1: blendMode = 'avg'
76.4485 	EXP 	window1: blendMode = 'avg'
76.4656 	EXP 	window1: blendMode = 'avg'
76.4813 	EXP 	window1: blendMode = 'avg'
76.4987 	EXP 	window1: blendMode = 'avg'
76.5152 	EXP 	window1: blendMode = 'avg'
76.5318 	EXP 	window1: blendMode = 'avg'
76.5483 	EXP 	window1: blendMode = 'avg'
76.5652 	EXP 	window1: blendMode = 'avg'
76.5818 	EXP 	window1: blendMode = 'avg'
76.5985 	EXP 	window1: blendMode = 'avg'
76.6149 	EXP 	window1: blendMode = 'avg'
76.6320 	EXP 	window1: blendMode = 'avg'
76.6482 	EXP 	window1: blendMode = 'avg'
76.6653 	EXP 	window1: blendMode = 'avg'
76.6816 	EXP 	window1: blendMode = 'avg'
76.6985 	EXP 	window1: blendMode = 'avg'
76.7152 	EXP 	window1: blendMode = 'avg'
76.7318 	EXP 	window1: blendMode = 'avg'
76.7484 	EXP 	window1: blendMode = 'avg'
76.7651 	EXP 	window1: blendMode = 'avg'
76.7816 	EXP 	window1: blendMode = 'avg'
76.7989 	EXP 	window1: blendMode = 'avg'
76.8153 	EXP 	window1: blendMode = 'avg'
76.8319 	EXP 	window1: blendMode = 'avg'
76.8488 	EXP 	window1: blendMode = 'avg'
76.8651 	EXP 	window1: blendMode = 'avg'
76.8818 	EXP 	window1: blendMode = 'avg'
76.8985 	EXP 	window1: blendMode = 'avg'
76.9152 	EXP 	window1: blendMode = 'avg'
76.9318 	EXP 	window1: blendMode = 'avg'
76.9485 	EXP 	window1: blendMode = 'avg'
76.9651 	EXP 	window1: blendMode = 'avg'
76.9815 	EXP 	window1: blendMode = 'avg'
76.9988 	EXP 	window1: blendMode = 'avg'
77.0151 	EXP 	window1: blendMode = 'avg'
77.0322 	EXP 	window1: blendMode = 'avg'
77.0340 	DATA 	Keypress: escape
77.1582 	EXP 	window1: mouseVisible = True
