9.0063 	EXP 	Created window1 = Window(allowGUI=False, allowStencil=False, autoLog=True, bitsMode=UNKNOWN, blendMode='avg', color=array([ 0.,  0.,  0.]), colorSpace='rgb', fullscr=UNKNOWN, gamma=None, lms=UNKNOWN, monitor=<psychopy.monitors.calibTools.Monitor object at 0x113c9c410>, multiSample=False, name='window1', numSamples=2, pos=[0, 0], screen=0, size=array([1440,  900]), stereo=False, units=u'norm', useFBO=True, useRetina=False, viewOri=0.0, viewPos=None, viewScale=None, waitBlanking=True, winType='pyglet')
9.0063 	EXP 	window1: recordFrameIntervals = False
9.1722 	EXP 	window1: recordFrameIntervals = True
9.3558 	EXP 	window1: recordFrameIntervals = False
9.4407 	EXP 	Created text_2 = TextStim(alignHoriz='center', alignVert='center', antialias=True, autoLog=True, bold=False, color='white', colorSpace='named', contrast=1.0, depth=0.0, flipHoriz=False, flipVert=False, font='Arial', fontFiles=[], height=0.1, italic=False, name='text_2', opacity=1.0, ori=0, pos=array([ 0.,  0.]), rgb=array([ 255.,  255.,  255.]), text=unicode(...), units=u'norm', win=Window(...), wrapWidth=1)
9.4425 	EXP 	Created Leftimg = ImageStim(autoLog=True, color=array([ 1.,  1.,  1.]), colorSpace='rgb', contrast=1.0, depth=0.0, flipHoriz=False, flipVert=False, image='sin', interpolate=True, mask=None, maskParams=None, name='Leftimg', opacity=1.0, ori=0.0, pos=array([ 0.,  0.]), size=array([ 400.,  400.]), texRes=128, units='pix', win=Window(...))
9.4438 	EXP 	Created Rightimg = ImageStim(autoLog=True, color=array([ 1.,  1.,  1.]), colorSpace='rgb', contrast=1.0, depth=-1.0, flipHoriz=False, flipVert=False, image='sin', interpolate=True, mask=None, maskParams=None, name='Rightimg', opacity=1.0, ori=0.0, pos=array([ 0.,  0.]), size=array([ 400.,  400.]), texRes=128, units='pix', win=Window(...))
9.4535 	EXP 	Created text = TextStim(alignHoriz='center', alignVert='center', antialias=True, autoLog=True, bold=False, color='white', colorSpace='named', contrast=1.0, depth=-4.0, flipHoriz=False, flipVert=False, font='Arial', fontFiles=[], height=0.05, italic=False, name='text', opacity=1.0, ori=0, pos=array([ 0.,  0.]), rgb=array([ 255.,  255.,  255.]), text=u'to proceed press the space bar.', units=u'norm', win=Window(...), wrapWidth=1)
9.4630 	EXP 	Created text_3 = TextStim(alignHoriz='center', alignVert='center', antialias=True, autoLog=True, bold=False, color='white', colorSpace='named', contrast=1.0, depth=0.0, flipHoriz=False, flipVert=False, font='Arial', fontFiles=[], height=0.1, italic=False, name='text_3', opacity=1.0, ori=0, pos=array([ 0.,  0.]), rgb=array([ 255.,  255.,  255.]), text=unicode(...), units=u'norm', win=Window(...), wrapWidth=1)
9.4675 	EXP 	window1: blendMode = 'avg'
9.4880 	EXP 	text_2: autoDraw = True
9.4917 	EXP 	window1: blendMode = 'avg'
9.5062 	EXP 	window1: blendMode = 'avg'
9.5229 	EXP 	window1: blendMode = 'avg'
9.5398 	EXP 	window1: blendMode = 'avg'
9.5562 	EXP 	window1: blendMode = 'avg'
9.5731 	EXP 	window1: blendMode = 'avg'
9.5894 	EXP 	window1: blendMode = 'avg'
9.6061 	EXP 	window1: blendMode = 'avg'
9.6229 	EXP 	window1: blendMode = 'avg'
9.6394 	EXP 	window1: blendMode = 'avg'
9.6561 	EXP 	window1: blendMode = 'avg'
9.6727 	EXP 	window1: blendMode = 'avg'
9.6892 	EXP 	window1: blendMode = 'avg'
9.7063 	EXP 	window1: blendMode = 'avg'
9.7227 	EXP 	window1: blendMode = 'avg'
9.7394 	EXP 	window1: blendMode = 'avg'
9.7559 	EXP 	window1: blendMode = 'avg'
9.7730 	EXP 	window1: blendMode = 'avg'
9.7895 	EXP 	window1: blendMode = 'avg'
9.8056 	EXP 	window1: blendMode = 'avg'
9.8230 	EXP 	window1: blendMode = 'avg'
9.8394 	EXP 	window1: blendMode = 'avg'
9.8561 	EXP 	window1: blendMode = 'avg'
9.8727 	EXP 	window1: blendMode = 'avg'
9.8892 	EXP 	window1: blendMode = 'avg'
9.9064 	EXP 	window1: blendMode = 'avg'
9.9228 	EXP 	window1: blendMode = 'avg'
9.9392 	EXP 	window1: blendMode = 'avg'
9.9561 	EXP 	window1: blendMode = 'avg'
9.9728 	EXP 	window1: blendMode = 'avg'
9.9895 	EXP 	window1: blendMode = 'avg'
10.0060 	EXP 	window1: blendMode = 'avg'
10.0226 	EXP 	window1: blendMode = 'avg'
10.0397 	EXP 	window1: blendMode = 'avg'
10.0561 	EXP 	window1: blendMode = 'avg'
10.0727 	EXP 	window1: blendMode = 'avg'
10.0892 	EXP 	window1: blendMode = 'avg'
10.1063 	EXP 	window1: blendMode = 'avg'
10.1230 	EXP 	window1: blendMode = 'avg'
10.1397 	EXP 	window1: blendMode = 'avg'
10.1561 	EXP 	window1: blendMode = 'avg'
10.1728 	EXP 	window1: blendMode = 'avg'
10.1892 	EXP 	window1: blendMode = 'avg'
10.2064 	EXP 	window1: blendMode = 'avg'
10.2227 	EXP 	window1: blendMode = 'avg'
10.2394 	EXP 	window1: blendMode = 'avg'
10.2559 	EXP 	window1: blendMode = 'avg'
10.2730 	EXP 	window1: blendMode = 'avg'
10.2894 	EXP 	window1: blendMode = 'avg'
10.3061 	EXP 	window1: blendMode = 'avg'
10.3225 	EXP 	window1: blendMode = 'avg'
10.3396 	EXP 	window1: blendMode = 'avg'
10.3561 	EXP 	window1: blendMode = 'avg'
10.3728 	EXP 	window1: blendMode = 'avg'
10.3895 	EXP 	window1: blendMode = 'avg'
10.4060 	EXP 	window1: blendMode = 'avg'
10.4227 	EXP 	window1: blendMode = 'avg'
10.4394 	EXP 	window1: blendMode = 'avg'
10.4558 	EXP 	window1: blendMode = 'avg'
10.4730 	EXP 	window1: blendMode = 'avg'
10.4894 	EXP 	window1: blendMode = 'avg'
10.5061 	EXP 	window1: blendMode = 'avg'
10.5226 	EXP 	window1: blendMode = 'avg'
10.5397 	EXP 	window1: blendMode = 'avg'
10.5561 	EXP 	window1: blendMode = 'avg'
10.5728 	EXP 	window1: blendMode = 'avg'
10.5892 	EXP 	window1: blendMode = 'avg'
10.6063 	EXP 	window1: blendMode = 'avg'
10.6227 	EXP 	window1: blendMode = 'avg'
10.6394 	EXP 	window1: blendMode = 'avg'
10.6562 	EXP 	window1: blendMode = 'avg'
10.6727 	EXP 	window1: blendMode = 'avg'
10.6892 	EXP 	window1: blendMode = 'avg'
10.7063 	EXP 	window1: blendMode = 'avg'
10.7229 	EXP 	window1: blendMode = 'avg'
10.7394 	EXP 	window1: blendMode = 'avg'
10.7561 	EXP 	window1: blendMode = 'avg'
10.7726 	EXP 	window1: blendMode = 'avg'
10.7893 	EXP 	window1: blendMode = 'avg'
10.8061 	EXP 	window1: blendMode = 'avg'
10.8229 	EXP 	window1: blendMode = 'avg'
10.8394 	EXP 	window1: blendMode = 'avg'
10.8561 	EXP 	window1: blendMode = 'avg'
10.8727 	EXP 	window1: blendMode = 'avg'
10.8892 	EXP 	window1: blendMode = 'avg'
10.9065 	EXP 	window1: blendMode = 'avg'
10.9226 	EXP 	window1: blendMode = 'avg'
10.9396 	EXP 	window1: blendMode = 'avg'
10.9561 	EXP 	window1: blendMode = 'avg'
10.9727 	EXP 	window1: blendMode = 'avg'
10.9894 	EXP 	window1: blendMode = 'avg'
11.0060 	EXP 	window1: blendMode = 'avg'
11.0227 	EXP 	window1: blendMode = 'avg'
11.0394 	EXP 	window1: blendMode = 'avg'
11.0559 	EXP 	window1: blendMode = 'avg'
11.0731 	EXP 	window1: blendMode = 'avg'
11.0894 	EXP 	window1: blendMode = 'avg'
11.1061 	EXP 	window1: blendMode = 'avg'
11.1225 	EXP 	window1: blendMode = 'avg'
11.1397 	EXP 	window1: blendMode = 'avg'
11.1563 	EXP 	window1: blendMode = 'avg'
11.1727 	EXP 	window1: blendMode = 'avg'
11.1894 	EXP 	window1: blendMode = 'avg'
11.2060 	EXP 	window1: blendMode = 'avg'
11.2228 	EXP 	window1: blendMode = 'avg'
11.2395 	EXP 	window1: blendMode = 'avg'
11.2559 	EXP 	window1: blendMode = 'avg'
11.2726 	EXP 	window1: blendMode = 'avg'
11.2895 	EXP 	window1: blendMode = 'avg'
11.3060 	EXP 	window1: blendMode = 'avg'
11.3227 	EXP 	window1: blendMode = 'avg'
11.3394 	EXP 	window1: blendMode = 'avg'
11.3558 	EXP 	window1: blendMode = 'avg'
11.3729 	EXP 	window1: blendMode = 'avg'
11.3895 	EXP 	window1: blendMode = 'avg'
11.4061 	EXP 	window1: blendMode = 'avg'
11.4226 	EXP 	window1: blendMode = 'avg'
11.4394 	EXP 	window1: blendMode = 'avg'
11.4561 	EXP 	window1: blendMode = 'avg'
11.4727 	EXP 	window1: blendMode = 'avg'
11.4894 	EXP 	window1: blendMode = 'avg'
11.5060 	EXP 	window1: blendMode = 'avg'
11.5229 	EXP 	window1: blendMode = 'avg'
11.5394 	EXP 	window1: blendMode = 'avg'
11.5559 	EXP 	window1: blendMode = 'avg'
11.5733 	EXP 	window1: blendMode = 'avg'
11.5897 	EXP 	window1: blendMode = 'avg'
11.6060 	EXP 	window1: blendMode = 'avg'
11.6227 	EXP 	window1: blendMode = 'avg'
11.6394 	EXP 	window1: blendMode = 'avg'
11.6561 	EXP 	window1: blendMode = 'avg'
11.6727 	EXP 	window1: blendMode = 'avg'
11.6892 	EXP 	window1: blendMode = 'avg'
11.7063 	EXP 	window1: blendMode = 'avg'
11.7228 	EXP 	window1: blendMode = 'avg'
11.7394 	EXP 	window1: blendMode = 'avg'
11.7560 	EXP 	window1: blendMode = 'avg'
11.7727 	EXP 	window1: blendMode = 'avg'
11.7891 	EXP 	window1: blendMode = 'avg'
11.8063 	EXP 	window1: blendMode = 'avg'
11.8228 	EXP 	window1: blendMode = 'avg'
11.8394 	EXP 	window1: blendMode = 'avg'
11.8560 	EXP 	window1: blendMode = 'avg'
11.8727 	EXP 	window1: blendMode = 'avg'
11.8895 	EXP 	window1: blendMode = 'avg'
11.9060 	EXP 	window1: blendMode = 'avg'
11.9226 	EXP 	window1: blendMode = 'avg'
11.9394 	EXP 	window1: blendMode = 'avg'
11.9560 	EXP 	window1: blendMode = 'avg'
11.9728 	EXP 	window1: blendMode = 'avg'
11.9892 	EXP 	window1: blendMode = 'avg'
12.0063 	EXP 	window1: blendMode = 'avg'
12.0227 	EXP 	window1: blendMode = 'avg'
12.0394 	EXP 	window1: blendMode = 'avg'
12.0558 	EXP 	window1: blendMode = 'avg'
12.0714 	EXP 	window1: blendMode = 'avg'
12.0885 	EXP 	window1: blendMode = 'avg'
12.1050 	EXP 	window1: blendMode = 'avg'
12.1219 	EXP 	window1: blendMode = 'avg'
12.1394 	EXP 	window1: blendMode = 'avg'
12.1561 	EXP 	window1: blendMode = 'avg'
12.1727 	EXP 	window1: blendMode = 'avg'
12.1894 	EXP 	window1: blendMode = 'avg'
12.2060 	EXP 	window1: blendMode = 'avg'
12.2228 	EXP 	window1: blendMode = 'avg'
12.2394 	EXP 	window1: blendMode = 'avg'
12.2558 	EXP 	window1: blendMode = 'avg'
12.2729 	EXP 	window1: blendMode = 'avg'
12.2894 	EXP 	window1: blendMode = 'avg'
12.3052 	EXP 	window1: blendMode = 'avg'
12.3225 	EXP 	window1: blendMode = 'avg'
12.3396 	EXP 	window1: blendMode = 'avg'
12.3560 	EXP 	window1: blendMode = 'avg'
12.3727 	EXP 	window1: blendMode = 'avg'
12.3886 	EXP 	window1: blendMode = 'avg'
12.4059 	EXP 	window1: blendMode = 'avg'
12.4230 	EXP 	window1: blendMode = 'avg'
12.4394 	EXP 	window1: blendMode = 'avg'
12.4561 	EXP 	window1: blendMode = 'avg'
12.4727 	EXP 	window1: blendMode = 'avg'
12.4892 	EXP 	window1: blendMode = 'avg'
12.5064 	EXP 	window1: blendMode = 'avg'
12.5227 	EXP 	window1: blendMode = 'avg'
12.5393 	EXP 	window1: blendMode = 'avg'
12.5558 	EXP 	window1: blendMode = 'avg'
12.5730 	EXP 	window1: blendMode = 'avg'
12.5899 	EXP 	window1: blendMode = 'avg'
12.6063 	EXP 	window1: blendMode = 'avg'
12.6227 	EXP 	window1: blendMode = 'avg'
12.6394 	EXP 	window1: blendMode = 'avg'
12.6559 	EXP 	window1: blendMode = 'avg'
12.6730 	EXP 	window1: blendMode = 'avg'
12.6895 	EXP 	window1: blendMode = 'avg'
12.7061 	EXP 	window1: blendMode = 'avg'
12.7228 	EXP 	window1: blendMode = 'avg'
12.7394 	EXP 	window1: blendMode = 'avg'
12.7557 	EXP 	window1: blendMode = 'avg'
12.7728 	EXP 	window1: blendMode = 'avg'
12.7894 	EXP 	window1: blendMode = 'avg'
12.8061 	EXP 	window1: blendMode = 'avg'
12.8225 	EXP 	window1: blendMode = 'avg'
12.8396 	EXP 	window1: blendMode = 'avg'
12.8561 	EXP 	window1: blendMode = 'avg'
12.8727 	EXP 	window1: blendMode = 'avg'
12.8900 	EXP 	window1: blendMode = 'avg'
12.9058 	EXP 	window1: blendMode = 'avg'
12.9216 	EXP 	window1: blendMode = 'avg'
12.9394 	EXP 	window1: blendMode = 'avg'
12.9561 	EXP 	window1: blendMode = 'avg'
12.9727 	EXP 	window1: blendMode = 'avg'
12.9894 	EXP 	window1: blendMode = 'avg'
13.0061 	EXP 	window1: blendMode = 'avg'
13.0228 	EXP 	window1: blendMode = 'avg'
13.0393 	EXP 	window1: blendMode = 'avg'
13.0560 	EXP 	window1: blendMode = 'avg'
13.0727 	EXP 	window1: blendMode = 'avg'
13.0894 	EXP 	window1: blendMode = 'avg'
13.1060 	EXP 	window1: blendMode = 'avg'
13.1224 	EXP 	window1: blendMode = 'avg'
13.1396 	EXP 	window1: blendMode = 'avg'
13.1561 	EXP 	window1: blendMode = 'avg'
13.1721 	EXP 	window1: blendMode = 'avg'
13.1891 	EXP 	window1: blendMode = 'avg'
13.2058 	EXP 	window1: blendMode = 'avg'
13.2219 	EXP 	window1: blendMode = 'avg'
13.2384 	EXP 	window1: blendMode = 'avg'
13.2560 	EXP 	window1: blendMode = 'avg'
13.2727 	EXP 	window1: blendMode = 'avg'
13.2895 	EXP 	window1: blendMode = 'avg'
13.3060 	EXP 	window1: blendMode = 'avg'
13.3228 	EXP 	window1: blendMode = 'avg'
13.3393 	EXP 	window1: blendMode = 'avg'
13.3561 	EXP 	window1: blendMode = 'avg'
13.3727 	EXP 	window1: blendMode = 'avg'
13.3894 	EXP 	window1: blendMode = 'avg'
13.4060 	EXP 	window1: blendMode = 'avg'
13.4233 	EXP 	window1: blendMode = 'avg'
13.4396 	EXP 	window1: blendMode = 'avg'
13.4558 	EXP 	window1: blendMode = 'avg'
13.4729 	EXP 	window1: blendMode = 'avg'
13.4894 	EXP 	window1: blendMode = 'avg'
13.5060 	EXP 	window1: blendMode = 'avg'
13.5225 	EXP 	window1: blendMode = 'avg'
13.5396 	EXP 	window1: blendMode = 'avg'
13.5560 	EXP 	window1: blendMode = 'avg'
13.5727 	EXP 	window1: blendMode = 'avg'
13.5887 	EXP 	window1: blendMode = 'avg'
13.6061 	EXP 	window1: blendMode = 'avg'
13.6227 	EXP 	window1: blendMode = 'avg'
13.6394 	EXP 	window1: blendMode = 'avg'
13.6558 	EXP 	window1: blendMode = 'avg'
13.6729 	EXP 	window1: blendMode = 'avg'
13.6894 	EXP 	window1: blendMode = 'avg'
13.7063 	EXP 	window1: blendMode = 'avg'
13.7228 	EXP 	window1: blendMode = 'avg'
13.7386 	EXP 	window1: blendMode = 'avg'
13.7554 	EXP 	window1: blendMode = 'avg'
13.7728 	EXP 	window1: blendMode = 'avg'
13.7894 	EXP 	window1: blendMode = 'avg'
13.8060 	EXP 	window1: blendMode = 'avg'
13.8216 	EXP 	window1: blendMode = 'avg'
13.8396 	EXP 	window1: blendMode = 'avg'
13.8560 	EXP 	window1: blendMode = 'avg'
13.8727 	EXP 	window1: blendMode = 'avg'
13.8891 	EXP 	window1: blendMode = 'avg'
13.9064 	EXP 	window1: blendMode = 'avg'
13.9226 	EXP 	window1: blendMode = 'avg'
13.9393 	EXP 	window1: blendMode = 'avg'
13.9561 	EXP 	window1: blendMode = 'avg'
13.9727 	EXP 	window1: blendMode = 'avg'
13.9888 	EXP 	window1: blendMode = 'avg'
14.0063 	EXP 	window1: blendMode = 'avg'
14.0227 	EXP 	window1: blendMode = 'avg'
14.0394 	EXP 	window1: blendMode = 'avg'
14.0558 	EXP 	window1: blendMode = 'avg'
14.0729 	EXP 	window1: blendMode = 'avg'
14.0894 	EXP 	window1: blendMode = 'avg'
14.1060 	EXP 	window1: blendMode = 'avg'
14.1218 	EXP 	window1: blendMode = 'avg'
14.1389 	EXP 	window1: blendMode = 'avg'
14.1563 	EXP 	window1: blendMode = 'avg'
14.1727 	EXP 	window1: blendMode = 'avg'
14.1894 	EXP 	window1: blendMode = 'avg'
14.2061 	EXP 	window1: blendMode = 'avg'
14.2228 	EXP 	window1: blendMode = 'avg'
14.2394 	EXP 	window1: blendMode = 'avg'
14.2561 	EXP 	window1: blendMode = 'avg'
14.2726 	EXP 	window1: blendMode = 'avg'
14.2891 	EXP 	window1: blendMode = 'avg'
14.3062 	EXP 	window1: blendMode = 'avg'
14.3227 	EXP 	window1: blendMode = 'avg'
14.3394 	EXP 	window1: blendMode = 'avg'
14.3558 	EXP 	window1: blendMode = 'avg'
14.3729 	EXP 	window1: blendMode = 'avg'
14.3893 	EXP 	window1: blendMode = 'avg'
14.4060 	EXP 	window1: blendMode = 'avg'
14.4229 	EXP 	window1: blendMode = 'avg'
14.4394 	EXP 	window1: blendMode = 'avg'
14.4558 	EXP 	window1: blendMode = 'avg'
14.4730 	EXP 	window1: blendMode = 'avg'
14.4894 	EXP 	window1: blendMode = 'avg'
14.5061 	EXP 	window1: blendMode = 'avg'
14.5225 	EXP 	window1: blendMode = 'avg'
14.5396 	EXP 	window1: blendMode = 'avg'
14.5560 	EXP 	window1: blendMode = 'avg'
14.5718 	EXP 	window1: blendMode = 'avg'
14.5883 	EXP 	window1: blendMode = 'avg'
14.6067 	EXP 	window1: blendMode = 'avg'
14.6227 	EXP 	window1: blendMode = 'avg'
14.6393 	EXP 	window1: blendMode = 'avg'
14.6558 	EXP 	window1: blendMode = 'avg'
14.6729 	EXP 	window1: blendMode = 'avg'
14.6893 	EXP 	window1: blendMode = 'avg'
14.7060 	EXP 	window1: blendMode = 'avg'
14.7224 	EXP 	window1: blendMode = 'avg'
14.7396 	EXP 	window1: blendMode = 'avg'
14.7560 	EXP 	window1: blendMode = 'avg'
14.7728 	EXP 	window1: blendMode = 'avg'
14.7892 	EXP 	window1: blendMode = 'avg'
14.8062 	EXP 	window1: blendMode = 'avg'
14.8227 	EXP 	window1: blendMode = 'avg'
14.8394 	EXP 	window1: blendMode = 'avg'
14.8560 	EXP 	window1: blendMode = 'avg'
14.8727 	EXP 	window1: blendMode = 'avg'
14.8894 	EXP 	window1: blendMode = 'avg'
14.9051 	EXP 	window1: blendMode = 'avg'
14.9216 	EXP 	window1: blendMode = 'avg'
14.9397 	EXP 	window1: blendMode = 'avg'
14.9560 	EXP 	window1: blendMode = 'avg'
14.9727 	EXP 	window1: blendMode = 'avg'
14.9891 	EXP 	window1: blendMode = 'avg'
15.0062 	EXP 	window1: blendMode = 'avg'
15.0231 	EXP 	window1: blendMode = 'avg'
15.0391 	EXP 	window1: blendMode = 'avg'
15.0561 	EXP 	window1: blendMode = 'avg'
15.0727 	EXP 	window1: blendMode = 'avg'
15.0890 	EXP 	window1: blendMode = 'avg'
15.1057 	EXP 	window1: blendMode = 'avg'
15.1219 	EXP 	window1: blendMode = 'avg'
15.1385 	EXP 	window1: blendMode = 'avg'
15.1546 	EXP 	window1: blendMode = 'avg'
15.1720 	EXP 	window1: blendMode = 'avg'
15.1886 	EXP 	window1: blendMode = 'avg'
15.2052 	EXP 	window1: blendMode = 'avg'
15.2220 	EXP 	window1: blendMode = 'avg'
15.2387 	EXP 	window1: blendMode = 'avg'
15.2553 	EXP 	window1: blendMode = 'avg'
15.2720 	EXP 	window1: blendMode = 'avg'
15.2888 	EXP 	window1: blendMode = 'avg'
15.3053 	EXP 	window1: blendMode = 'avg'
15.3227 	EXP 	window1: blendMode = 'avg'
15.3394 	EXP 	window1: blendMode = 'avg'
15.3558 	EXP 	window1: blendMode = 'avg'
15.3727 	EXP 	window1: blendMode = 'avg'
15.3894 	EXP 	window1: blendMode = 'avg'
15.4060 	EXP 	window1: blendMode = 'avg'
15.4225 	EXP 	window1: blendMode = 'avg'
15.4397 	EXP 	window1: blendMode = 'avg'
15.4556 	EXP 	window1: blendMode = 'avg'
15.4729 	EXP 	window1: blendMode = 'avg'
15.4894 	EXP 	window1: blendMode = 'avg'
15.5060 	EXP 	window1: blendMode = 'avg'
15.5224 	EXP 	window1: blendMode = 'avg'
15.5396 	EXP 	window1: blendMode = 'avg'
15.5561 	EXP 	window1: blendMode = 'avg'
15.5727 	EXP 	window1: blendMode = 'avg'
15.5893 	EXP 	window1: blendMode = 'avg'
15.6061 	EXP 	window1: blendMode = 'avg'
15.6228 	EXP 	window1: blendMode = 'avg'
15.6394 	EXP 	window1: blendMode = 'avg'
15.6558 	EXP 	window1: blendMode = 'avg'
15.6720 	EXP 	window1: blendMode = 'avg'
15.6894 	EXP 	window1: blendMode = 'avg'
15.7062 	EXP 	window1: blendMode = 'avg'
15.7226 	EXP 	window1: blendMode = 'avg'
15.7394 	EXP 	window1: blendMode = 'avg'
15.7558 	EXP 	window1: blendMode = 'avg'
15.7726 	EXP 	window1: blendMode = 'avg'
15.7893 	EXP 	window1: blendMode = 'avg'
15.8060 	EXP 	window1: blendMode = 'avg'
15.8224 	EXP 	window1: blendMode = 'avg'
15.8396 	EXP 	window1: blendMode = 'avg'
15.8560 	EXP 	window1: blendMode = 'avg'
15.8727 	EXP 	window1: blendMode = 'avg'
15.8894 	EXP 	window1: blendMode = 'avg'
15.9060 	EXP 	window1: blendMode = 'avg'
15.9225 	EXP 	window1: blendMode = 'avg'
15.9395 	EXP 	window1: blendMode = 'avg'
15.9561 	EXP 	window1: blendMode = 'avg'
15.9727 	EXP 	window1: blendMode = 'avg'
15.9892 	EXP 	window1: blendMode = 'avg'
16.0060 	EXP 	window1: blendMode = 'avg'
16.0227 	EXP 	window1: blendMode = 'avg'
16.0393 	EXP 	window1: blendMode = 'avg'
16.0557 	EXP 	window1: blendMode = 'avg'
16.0728 	EXP 	window1: blendMode = 'avg'
16.0892 	EXP 	window1: blendMode = 'avg'
16.1060 	EXP 	window1: blendMode = 'avg'
16.1225 	EXP 	window1: blendMode = 'avg'
16.1393 	EXP 	window1: blendMode = 'avg'
16.1560 	EXP 	window1: blendMode = 'avg'
16.1726 	EXP 	window1: blendMode = 'avg'
16.1890 	EXP 	window1: blendMode = 'avg'
16.2062 	EXP 	window1: blendMode = 'avg'
16.2226 	EXP 	window1: blendMode = 'avg'
16.2393 	EXP 	window1: blendMode = 'avg'
16.2557 	EXP 	window1: blendMode = 'avg'
16.2730 	EXP 	window1: blendMode = 'avg'
16.2894 	EXP 	window1: blendMode = 'avg'
16.3060 	EXP 	window1: blendMode = 'avg'
16.3225 	EXP 	window1: blendMode = 'avg'
16.3394 	EXP 	window1: blendMode = 'avg'
16.3560 	EXP 	window1: blendMode = 'avg'
16.3727 	EXP 	window1: blendMode = 'avg'
16.3892 	EXP 	window1: blendMode = 'avg'
16.4060 	EXP 	window1: blendMode = 'avg'
16.4226 	EXP 	window1: blendMode = 'avg'
16.4393 	EXP 	window1: blendMode = 'avg'
16.4561 	EXP 	window1: blendMode = 'avg'
16.4724 	EXP 	window1: blendMode = 'avg'
16.4889 	EXP 	window1: blendMode = 'avg'
16.5062 	EXP 	window1: blendMode = 'avg'
16.5228 	EXP 	window1: blendMode = 'avg'
16.5391 	EXP 	window1: blendMode = 'avg'
16.5560 	EXP 	window1: blendMode = 'avg'
16.5726 	EXP 	window1: blendMode = 'avg'
16.5891 	EXP 	window1: blendMode = 'avg'
16.6062 	EXP 	window1: blendMode = 'avg'
16.6227 	EXP 	window1: blendMode = 'avg'
16.6393 	EXP 	window1: blendMode = 'avg'
16.6558 	EXP 	window1: blendMode = 'avg'
16.6729 	EXP 	window1: blendMode = 'avg'
16.6893 	EXP 	window1: blendMode = 'avg'
16.7060 	EXP 	window1: blendMode = 'avg'
16.7225 	EXP 	window1: blendMode = 'avg'
16.7393 	EXP 	window1: blendMode = 'avg'
16.7560 	EXP 	window1: blendMode = 'avg'
16.7727 	EXP 	window1: blendMode = 'avg'
16.7894 	EXP 	window1: blendMode = 'avg'
16.8060 	EXP 	window1: blendMode = 'avg'
16.8225 	EXP 	window1: blendMode = 'avg'
16.8393 	EXP 	window1: blendMode = 'avg'
16.8561 	EXP 	window1: blendMode = 'avg'
16.8727 	EXP 	window1: blendMode = 'avg'
16.8891 	EXP 	window1: blendMode = 'avg'
16.9060 	EXP 	window1: blendMode = 'avg'
16.9227 	EXP 	window1: blendMode = 'avg'
16.9393 	EXP 	window1: blendMode = 'avg'
16.9557 	EXP 	window1: blendMode = 'avg'
16.9727 	EXP 	window1: blendMode = 'avg'
16.9894 	EXP 	window1: blendMode = 'avg'
17.0060 	EXP 	window1: blendMode = 'avg'
17.0225 	EXP 	window1: blendMode = 'avg'
17.0393 	EXP 	window1: blendMode = 'avg'
17.0560 	EXP 	window1: blendMode = 'avg'
17.0727 	EXP 	window1: blendMode = 'avg'
17.0893 	EXP 	window1: blendMode = 'avg'
17.1060 	EXP 	window1: blendMode = 'avg'
17.1226 	EXP 	window1: blendMode = 'avg'
17.1393 	EXP 	window1: blendMode = 'avg'
17.1557 	EXP 	window1: blendMode = 'avg'
17.1728 	EXP 	window1: blendMode = 'avg'
17.1894 	EXP 	window1: blendMode = 'avg'
17.2060 	EXP 	window1: blendMode = 'avg'
17.2228 	EXP 	window1: blendMode = 'avg'
17.2393 	EXP 	window1: blendMode = 'avg'
17.2556 	EXP 	window1: blendMode = 'avg'
17.2724 	EXP 	window1: blendMode = 'avg'
17.2893 	EXP 	window1: blendMode = 'avg'
17.3060 	EXP 	window1: blendMode = 'avg'
17.3224 	EXP 	window1: blendMode = 'avg'
17.3396 	EXP 	window1: blendMode = 'avg'
17.3560 	EXP 	window1: blendMode = 'avg'
17.3726 	EXP 	window1: blendMode = 'avg'
17.3891 	EXP 	window1: blendMode = 'avg'
17.4060 	EXP 	window1: blendMode = 'avg'
17.4226 	EXP 	window1: blendMode = 'avg'
17.4391 	EXP 	window1: blendMode = 'avg'
17.4557 	EXP 	window1: blendMode = 'avg'
17.4729 	EXP 	window1: blendMode = 'avg'
17.4894 	EXP 	window1: blendMode = 'avg'
17.5060 	EXP 	window1: blendMode = 'avg'
17.5225 	EXP 	window1: blendMode = 'avg'
17.5393 	EXP 	window1: blendMode = 'avg'
17.5560 	EXP 	window1: blendMode = 'avg'
17.5726 	EXP 	window1: blendMode = 'avg'
17.5891 	EXP 	window1: blendMode = 'avg'
17.6060 	EXP 	window1: blendMode = 'avg'
17.6227 	EXP 	window1: blendMode = 'avg'
17.6394 	EXP 	window1: blendMode = 'avg'
17.6560 	EXP 	window1: blendMode = 'avg'
17.6727 	EXP 	window1: blendMode = 'avg'
17.6894 	EXP 	window1: blendMode = 'avg'
17.7059 	EXP 	window1: blendMode = 'avg'
17.7227 	EXP 	window1: blendMode = 'avg'
17.7393 	EXP 	window1: blendMode = 'avg'
17.7560 	EXP 	window1: blendMode = 'avg'
17.7726 	EXP 	window1: blendMode = 'avg'
17.7890 	EXP 	window1: blendMode = 'avg'
17.8061 	EXP 	window1: blendMode = 'avg'
17.8227 	EXP 	window1: blendMode = 'avg'
17.8393 	EXP 	window1: blendMode = 'avg'
17.8557 	EXP 	window1: blendMode = 'avg'
17.8729 	EXP 	window1: blendMode = 'avg'
17.8894 	EXP 	window1: blendMode = 'avg'
17.9060 	EXP 	window1: blendMode = 'avg'
17.9227 	EXP 	window1: blendMode = 'avg'
17.9393 	EXP 	window1: blendMode = 'avg'
17.9559 	EXP 	window1: blendMode = 'avg'
17.9726 	EXP 	window1: blendMode = 'avg'
17.9893 	EXP 	window1: blendMode = 'avg'
18.0060 	EXP 	window1: blendMode = 'avg'
18.0227 	EXP 	window1: blendMode = 'avg'
18.0393 	EXP 	window1: blendMode = 'avg'
18.0560 	EXP 	window1: blendMode = 'avg'
18.0727 	EXP 	window1: blendMode = 'avg'
18.0894 	EXP 	window1: blendMode = 'avg'
18.1060 	EXP 	window1: blendMode = 'avg'
18.1227 	EXP 	window1: blendMode = 'avg'
18.1393 	EXP 	window1: blendMode = 'avg'
18.1561 	EXP 	window1: blendMode = 'avg'
18.1731 	EXP 	window1: blendMode = 'avg'
18.1896 	EXP 	window1: blendMode = 'avg'
18.2060 	EXP 	window1: blendMode = 'avg'
18.2227 	EXP 	window1: blendMode = 'avg'
18.2388 	EXP 	window1: blendMode = 'avg'
18.2558 	EXP 	window1: blendMode = 'avg'
18.2727 	EXP 	window1: blendMode = 'avg'
18.2896 	EXP 	window1: blendMode = 'avg'
18.3059 	EXP 	window1: blendMode = 'avg'
18.3227 	EXP 	window1: blendMode = 'avg'
18.3393 	EXP 	window1: blendMode = 'avg'
18.3561 	EXP 	window1: blendMode = 'avg'
18.3726 	EXP 	window1: blendMode = 'avg'
18.3896 	EXP 	window1: blendMode = 'avg'
18.4061 	EXP 	window1: blendMode = 'avg'
18.4227 	EXP 	window1: blendMode = 'avg'
18.4395 	EXP 	window1: blendMode = 'avg'
18.4552 	EXP 	window1: blendMode = 'avg'
18.4727 	EXP 	window1: blendMode = 'avg'
18.4892 	EXP 	window1: blendMode = 'avg'
18.5060 	EXP 	window1: blendMode = 'avg'
18.5227 	EXP 	window1: blendMode = 'avg'
18.5392 	EXP 	window1: blendMode = 'avg'
18.5557 	EXP 	window1: blendMode = 'avg'
18.5731 	EXP 	window1: blendMode = 'avg'
18.5895 	EXP 	window1: blendMode = 'avg'
18.6063 	EXP 	window1: blendMode = 'avg'
18.6226 	EXP 	window1: blendMode = 'avg'
18.6394 	EXP 	window1: blendMode = 'avg'
18.6563 	EXP 	window1: blendMode = 'avg'
18.6727 	EXP 	window1: blendMode = 'avg'
18.6888 	EXP 	window1: blendMode = 'avg'
18.7055 	EXP 	window1: blendMode = 'avg'
18.7227 	EXP 	window1: blendMode = 'avg'
18.7391 	EXP 	window1: blendMode = 'avg'
18.7565 	EXP 	window1: blendMode = 'avg'
18.7728 	EXP 	window1: blendMode = 'avg'
18.7893 	EXP 	window1: blendMode = 'avg'
18.8058 	EXP 	window1: blendMode = 'avg'
18.8227 	EXP 	window1: blendMode = 'avg'
18.8398 	EXP 	window1: blendMode = 'avg'
18.8563 	EXP 	window1: blendMode = 'avg'
18.8730 	EXP 	window1: blendMode = 'avg'
18.8895 	EXP 	window1: blendMode = 'avg'
18.9061 	EXP 	window1: blendMode = 'avg'
18.9234 	EXP 	window1: blendMode = 'avg'
18.9399 	EXP 	window1: blendMode = 'avg'
18.9562 	EXP 	window1: blendMode = 'avg'
18.9731 	EXP 	window1: blendMode = 'avg'
18.9893 	EXP 	window1: blendMode = 'avg'
19.0053 	EXP 	window1: blendMode = 'avg'
19.0232 	EXP 	window1: blendMode = 'avg'
19.0396 	EXP 	window1: blendMode = 'avg'
19.0567 	EXP 	window1: blendMode = 'avg'
19.0729 	EXP 	window1: blendMode = 'avg'
19.0892 	EXP 	window1: blendMode = 'avg'
19.1060 	EXP 	window1: blendMode = 'avg'
19.1228 	EXP 	window1: blendMode = 'avg'
19.1394 	EXP 	window1: blendMode = 'avg'
19.1560 	EXP 	window1: blendMode = 'avg'
19.1724 	EXP 	window1: blendMode = 'avg'
19.1889 	EXP 	window1: blendMode = 'avg'
19.2059 	EXP 	window1: blendMode = 'avg'
19.2228 	EXP 	window1: blendMode = 'avg'
19.2391 	EXP 	window1: blendMode = 'avg'
19.2558 	EXP 	window1: blendMode = 'avg'
19.2726 	EXP 	window1: blendMode = 'avg'
19.2897 	EXP 	window1: blendMode = 'avg'
19.3064 	EXP 	window1: blendMode = 'avg'
19.3227 	EXP 	window1: blendMode = 'avg'
19.3390 	EXP 	window1: blendMode = 'avg'
19.3591 	DATA 	Keypress: space
19.3724 	EXP 	Imported Book.xlsx as conditions, 44 conditions, 7 params
19.3731 	EXP 	Created sequence: random, trialTypes=44, nReps=1, seed=None
19.3735 	EXP 	New trial (rep=0, index=0): {'YLeftPos': 0, 'time_presentation': 0.5, 'XLeftPos': -300, 'XRightPos': 300, 'rightimg': u'frogs/ab79.jpg', 'YRightPos': 0, 'leftimg': u'frogs/ab39.jpg'}
19.4716 	EXP 	text_2: autoDraw = False
19.4716 	EXP 	Leftimg: pos = array([-300.,    0.])
19.4716 	EXP 	Leftimg: image = u'frogs/ab39.jpg'
19.4716 	EXP 	Rightimg: pos = array([ 300.,    0.])
19.4716 	EXP 	Rightimg: image = u'frogs/ab79.jpg'
19.4716 	EXP 	Leftimg: autoDraw = True
19.4716 	EXP 	Rightimg: autoDraw = True
19.8884 	EXP 	Leftimg: autoDraw = False
19.8884 	EXP 	Rightimg: autoDraw = False
20.3053 	DATA 	Keypress: roption
21.8885 	EXP 	window1: blendMode = 'avg'
21.9052 	EXP 	text: autoDraw = True
21.9061 	EXP 	window1: blendMode = 'avg'
21.9228 	EXP 	window1: blendMode = 'avg'
21.9389 	EXP 	window1: blendMode = 'avg'
21.9564 	EXP 	window1: blendMode = 'avg'
21.9722 	EXP 	window1: blendMode = 'avg'
21.9899 	EXP 	window1: blendMode = 'avg'
22.0062 	EXP 	window1: blendMode = 'avg'
22.0232 	EXP 	window1: blendMode = 'avg'
22.0399 	EXP 	window1: blendMode = 'avg'
22.0563 	EXP 	window1: blendMode = 'avg'
22.0729 	EXP 	window1: blendMode = 'avg'
22.0896 	EXP 	window1: blendMode = 'avg'
22.1054 	EXP 	window1: blendMode = 'avg'
22.1231 	EXP 	window1: blendMode = 'avg'
22.1394 	EXP 	window1: blendMode = 'avg'
22.1558 	EXP 	window1: blendMode = 'avg'
22.1729 	EXP 	window1: blendMode = 'avg'
22.1893 	EXP 	window1: blendMode = 'avg'
22.2057 	EXP 	window1: blendMode = 'avg'
22.2229 	EXP 	window1: blendMode = 'avg'
22.2397 	EXP 	window1: blendMode = 'avg'
22.2562 	EXP 	window1: blendMode = 'avg'
22.2726 	EXP 	window1: blendMode = 'avg'
22.2893 	EXP 	window1: blendMode = 'avg'
22.3060 	EXP 	window1: blendMode = 'avg'
22.3229 	EXP 	window1: blendMode = 'avg'
22.3393 	EXP 	window1: blendMode = 'avg'
22.3563 	EXP 	window1: blendMode = 'avg'
22.3715 	EXP 	window1: blendMode = 'avg'
22.3889 	EXP 	window1: blendMode = 'avg'
22.4061 	EXP 	window1: blendMode = 'avg'
22.4225 	EXP 	window1: blendMode = 'avg'
22.4397 	EXP 	window1: blendMode = 'avg'
22.4559 	EXP 	window1: blendMode = 'avg'
22.4725 	EXP 	window1: blendMode = 'avg'
22.4894 	EXP 	window1: blendMode = 'avg'
22.5066 	EXP 	window1: blendMode = 'avg'
22.5227 	EXP 	window1: blendMode = 'avg'
22.5397 	EXP 	window1: blendMode = 'avg'
22.5560 	EXP 	window1: blendMode = 'avg'
22.5732 	EXP 	window1: blendMode = 'avg'
22.5900 	EXP 	window1: blendMode = 'avg'
22.6057 	EXP 	window1: blendMode = 'avg'
22.6222 	EXP 	window1: blendMode = 'avg'
22.6394 	EXP 	window1: blendMode = 'avg'
22.6557 	EXP 	window1: blendMode = 'avg'
22.6729 	EXP 	window1: blendMode = 'avg'
22.6891 	EXP 	window1: blendMode = 'avg'
22.7060 	EXP 	window1: blendMode = 'avg'
22.7230 	EXP 	window1: blendMode = 'avg'
22.7401 	EXP 	window1: blendMode = 'avg'
22.7568 	EXP 	window1: blendMode = 'avg'
22.7729 	EXP 	window1: blendMode = 'avg'
22.7897 	EXP 	window1: blendMode = 'avg'
22.8066 	EXP 	window1: blendMode = 'avg'
22.8229 	EXP 	window1: blendMode = 'avg'
22.8393 	EXP 	window1: blendMode = 'avg'
22.8559 	EXP 	window1: blendMode = 'avg'
22.8725 	EXP 	window1: blendMode = 'avg'
22.8889 	EXP 	window1: blendMode = 'avg'
22.9060 	EXP 	window1: blendMode = 'avg'
22.9225 	EXP 	window1: blendMode = 'avg'
22.9388 	EXP 	window1: blendMode = 'avg'
22.9562 	EXP 	window1: blendMode = 'avg'
22.9727 	EXP 	window1: blendMode = 'avg'
22.9894 	EXP 	window1: blendMode = 'avg'
23.0063 	EXP 	window1: blendMode = 'avg'
23.0229 	EXP 	window1: blendMode = 'avg'
23.0393 	EXP 	window1: blendMode = 'avg'
23.0560 	EXP 	window1: blendMode = 'avg'
23.0729 	EXP 	window1: blendMode = 'avg'
23.0888 	EXP 	window1: blendMode = 'avg'
23.1063 	EXP 	window1: blendMode = 'avg'
23.1225 	EXP 	window1: blendMode = 'avg'
23.1393 	EXP 	window1: blendMode = 'avg'
23.1561 	EXP 	window1: blendMode = 'avg'
23.1725 	EXP 	window1: blendMode = 'avg'
23.1890 	EXP 	window1: blendMode = 'avg'
23.2062 	EXP 	window1: blendMode = 'avg'
23.2228 	EXP 	window1: blendMode = 'avg'
23.2393 	EXP 	window1: blendMode = 'avg'
23.2556 	DATA 	Keypress: roption
23.2565 	EXP 	window1: blendMode = 'avg'
23.2721 	EXP 	window1: blendMode = 'avg'
23.2902 	EXP 	window1: blendMode = 'avg'
23.3062 	EXP 	window1: blendMode = 'avg'
23.3231 	EXP 	window1: blendMode = 'avg'
23.3401 	EXP 	window1: blendMode = 'avg'
23.3559 	EXP 	window1: blendMode = 'avg'
23.3723 	EXP 	window1: blendMode = 'avg'
23.3892 	EXP 	window1: blendMode = 'avg'
23.4059 	EXP 	window1: blendMode = 'avg'
23.4229 	EXP 	window1: blendMode = 'avg'
23.4388 	EXP 	window1: blendMode = 'avg'
23.4552 	EXP 	window1: blendMode = 'avg'
23.4729 	EXP 	window1: blendMode = 'avg'
23.4921 	EXP 	window1: blendMode = 'avg'
23.5059 	EXP 	window1: blendMode = 'avg'
23.5226 	EXP 	window1: blendMode = 'avg'
23.5395 	EXP 	window1: blendMode = 'avg'
23.5563 	EXP 	window1: blendMode = 'avg'
23.5728 	EXP 	window1: blendMode = 'avg'
23.5892 	EXP 	window1: blendMode = 'avg'
23.6056 	EXP 	window1: blendMode = 'avg'
23.6227 	EXP 	window1: blendMode = 'avg'
23.6393 	EXP 	window1: blendMode = 'avg'
23.6557 	EXP 	window1: blendMode = 'avg'
23.6729 	EXP 	window1: blendMode = 'avg'
23.6893 	EXP 	window1: blendMode = 'avg'
23.7061 	EXP 	window1: blendMode = 'avg'
23.7228 	EXP 	window1: blendMode = 'avg'
23.7391 	EXP 	window1: blendMode = 'avg'
23.7561 	EXP 	window1: blendMode = 'avg'
23.7729 	EXP 	window1: blendMode = 'avg'
23.7892 	EXP 	window1: blendMode = 'avg'
23.8074 	DATA 	Keypress: right
23.8080 	EXP 	window1: blendMode = 'avg'
23.8224 	EXP 	window1: blendMode = 'avg'
23.8397 	EXP 	window1: blendMode = 'avg'
23.8563 	EXP 	window1: blendMode = 'avg'
23.8728 	EXP 	window1: blendMode = 'avg'
23.8892 	EXP 	window1: blendMode = 'avg'
23.9059 	EXP 	window1: blendMode = 'avg'
23.9231 	EXP 	window1: blendMode = 'avg'
23.9396 	EXP 	window1: blendMode = 'avg'
23.9575 	EXP 	window1: blendMode = 'avg'
23.9729 	EXP 	window1: blendMode = 'avg'
23.9890 	EXP 	window1: blendMode = 'avg'
24.0060 	EXP 	window1: blendMode = 'avg'
24.0226 	EXP 	window1: blendMode = 'avg'
24.0393 	EXP 	window1: blendMode = 'avg'
24.0566 	EXP 	window1: blendMode = 'avg'
24.0721 	EXP 	window1: blendMode = 'avg'
24.0900 	EXP 	window1: blendMode = 'avg'
24.1061 	EXP 	window1: blendMode = 'avg'
24.1226 	EXP 	window1: blendMode = 'avg'
24.1393 	EXP 	window1: blendMode = 'avg'
24.1554 	EXP 	window1: blendMode = 'avg'
24.1724 	EXP 	window1: blendMode = 'avg'
24.1890 	EXP 	window1: blendMode = 'avg'
24.2062 	EXP 	window1: blendMode = 'avg'
24.2227 	EXP 	window1: blendMode = 'avg'
24.2390 	EXP 	window1: blendMode = 'avg'
24.2563 	EXP 	window1: blendMode = 'avg'
24.2733 	EXP 	window1: blendMode = 'avg'
24.2899 	EXP 	window1: blendMode = 'avg'
24.3062 	EXP 	window1: blendMode = 'avg'
24.3225 	EXP 	window1: blendMode = 'avg'
24.3391 	EXP 	window1: blendMode = 'avg'
24.3563 	EXP 	window1: blendMode = 'avg'
24.3726 	EXP 	window1: blendMode = 'avg'
24.3897 	EXP 	window1: blendMode = 'avg'
24.4060 	EXP 	window1: blendMode = 'avg'
24.4221 	EXP 	window1: blendMode = 'avg'
24.4393 	EXP 	window1: blendMode = 'avg'
24.4556 	EXP 	window1: blendMode = 'avg'
24.4723 	EXP 	window1: blendMode = 'avg'
24.4896 	EXP 	window1: blendMode = 'avg'
24.5059 	EXP 	window1: blendMode = 'avg'
24.5228 	EXP 	window1: blendMode = 'avg'
24.5393 	EXP 	window1: blendMode = 'avg'
24.5554 	EXP 	window1: blendMode = 'avg'
24.5728 	EXP 	window1: blendMode = 'avg'
24.5895 	EXP 	window1: blendMode = 'avg'
24.6069 	DATA 	Keypress: left
24.6077 	EXP 	window1: blendMode = 'avg'
24.6222 	EXP 	window1: blendMode = 'avg'
24.6395 	EXP 	window1: blendMode = 'avg'
24.6560 	EXP 	window1: blendMode = 'avg'
24.6727 	EXP 	window1: blendMode = 'avg'
24.6901 	EXP 	window1: blendMode = 'avg'
24.7062 	EXP 	window1: blendMode = 'avg'
24.7223 	EXP 	window1: blendMode = 'avg'
24.7396 	EXP 	window1: blendMode = 'avg'
24.7563 	EXP 	window1: blendMode = 'avg'
24.7733 	EXP 	window1: blendMode = 'avg'
24.7903 	EXP 	window1: blendMode = 'avg'
24.8061 	EXP 	window1: blendMode = 'avg'
24.8225 	EXP 	window1: blendMode = 'avg'
24.8398 	EXP 	window1: blendMode = 'avg'
24.8562 	EXP 	window1: blendMode = 'avg'
24.8724 	EXP 	window1: blendMode = 'avg'
24.8888 	EXP 	window1: blendMode = 'avg'
24.9058 	EXP 	window1: blendMode = 'avg'
24.9235 	EXP 	window1: blendMode = 'avg'
24.9395 	EXP 	window1: blendMode = 'avg'
24.9560 	EXP 	window1: blendMode = 'avg'
24.9727 	EXP 	window1: blendMode = 'avg'
24.9895 	EXP 	window1: blendMode = 'avg'
25.0063 	EXP 	window1: blendMode = 'avg'
25.0231 	EXP 	window1: blendMode = 'avg'
25.0395 	EXP 	window1: blendMode = 'avg'
25.0559 	EXP 	window1: blendMode = 'avg'
25.0718 	EXP 	window1: blendMode = 'avg'
25.0886 	EXP 	window1: blendMode = 'avg'
25.1058 	EXP 	window1: blendMode = 'avg'
25.1226 	EXP 	window1: blendMode = 'avg'
25.1390 	EXP 	window1: blendMode = 'avg'
25.1560 	EXP 	window1: blendMode = 'avg'
25.1731 	DATA 	Keypress: left
25.1739 	EXP 	window1: blendMode = 'avg'
25.1902 	DATA 	Keypress: right
25.1913 	EXP 	window1: blendMode = 'avg'
25.2062 	EXP 	window1: blendMode = 'avg'
25.2229 	EXP 	window1: blendMode = 'avg'
25.2401 	EXP 	window1: blendMode = 'avg'
25.2561 	EXP 	window1: blendMode = 'avg'
25.2729 	EXP 	window1: blendMode = 'avg'
25.2893 	EXP 	window1: blendMode = 'avg'
25.3063 	EXP 	window1: blendMode = 'avg'
25.3225 	EXP 	window1: blendMode = 'avg'
25.3391 	EXP 	window1: blendMode = 'avg'
25.3563 	EXP 	window1: blendMode = 'avg'
25.3724 	EXP 	window1: blendMode = 'avg'
25.3893 	EXP 	window1: blendMode = 'avg'
25.4065 	EXP 	window1: blendMode = 'avg'
25.4227 	EXP 	window1: blendMode = 'avg'
25.4394 	EXP 	window1: blendMode = 'avg'
25.4563 	EXP 	window1: blendMode = 'avg'
25.4724 	EXP 	window1: blendMode = 'avg'
25.4897 	EXP 	window1: blendMode = 'avg'
25.5062 	EXP 	window1: blendMode = 'avg'
25.5227 	EXP 	window1: blendMode = 'avg'
25.5395 	EXP 	window1: blendMode = 'avg'
25.5554 	EXP 	window1: blendMode = 'avg'
25.5729 	DATA 	Keypress: right
25.5743 	DATA 	Keypress: left
25.5751 	EXP 	window1: blendMode = 'avg'
25.5890 	EXP 	window1: blendMode = 'avg'
25.6063 	EXP 	window1: blendMode = 'avg'
25.6225 	EXP 	window1: blendMode = 'avg'
25.6391 	EXP 	window1: blendMode = 'avg'
25.6565 	EXP 	window1: blendMode = 'avg'
25.6725 	EXP 	window1: blendMode = 'avg'
25.6893 	EXP 	window1: blendMode = 'avg'
25.7060 	EXP 	window1: blendMode = 'avg'
25.7222 	EXP 	window1: blendMode = 'avg'
25.7401 	DATA 	Keypress: left
25.7413 	DATA 	Keypress: right
25.7420 	EXP 	window1: blendMode = 'avg'
25.7559 	EXP 	window1: blendMode = 'avg'
25.7717 	EXP 	window1: blendMode = 'avg'
25.7885 	EXP 	window1: blendMode = 'avg'
25.8058 	EXP 	window1: blendMode = 'avg'
25.8232 	EXP 	window1: blendMode = 'avg'
25.8393 	EXP 	window1: blendMode = 'avg'
25.8559 	EXP 	window1: blendMode = 'avg'
25.8725 	EXP 	window1: blendMode = 'avg'
25.8890 	EXP 	window1: blendMode = 'avg'
25.9061 	EXP 	window1: blendMode = 'avg'
25.9227 	EXP 	window1: blendMode = 'avg'
25.9393 	EXP 	window1: blendMode = 'avg'
25.9557 	EXP 	window1: blendMode = 'avg'
25.9726 	EXP 	window1: blendMode = 'avg'
25.9892 	EXP 	window1: blendMode = 'avg'
26.0059 	EXP 	window1: blendMode = 'avg'
26.0227 	EXP 	window1: blendMode = 'avg'
26.0392 	EXP 	window1: blendMode = 'avg'
26.0560 	EXP 	window1: blendMode = 'avg'
26.0725 	EXP 	window1: blendMode = 'avg'
26.0892 	EXP 	window1: blendMode = 'avg'
26.1059 	EXP 	window1: blendMode = 'avg'
26.1226 	EXP 	window1: blendMode = 'avg'
26.1392 	EXP 	window1: blendMode = 'avg'
26.1559 	EXP 	window1: blendMode = 'avg'
26.1726 	EXP 	window1: blendMode = 'avg'
26.1890 	EXP 	window1: blendMode = 'avg'
26.2061 	EXP 	window1: blendMode = 'avg'
26.2226 	EXP 	window1: blendMode = 'avg'
26.2392 	EXP 	window1: blendMode = 'avg'
26.2559 	EXP 	window1: blendMode = 'avg'
26.2725 	EXP 	window1: blendMode = 'avg'
26.2891 	EXP 	window1: blendMode = 'avg'
26.3059 	EXP 	window1: blendMode = 'avg'
26.3226 	EXP 	window1: blendMode = 'avg'
26.3392 	EXP 	window1: blendMode = 'avg'
26.3557 	EXP 	window1: blendMode = 'avg'
26.3728 	EXP 	window1: blendMode = 'avg'
26.3894 	DATA 	Keypress: space
26.3906 	EXP 	New trial (rep=0, index=1): {'YLeftPos': 0, 'time_presentation': 0.5, 'XLeftPos': -300, 'XRightPos': 300, 'rightimg': u'frogs/ab55.jpg', 'YRightPos': 0, 'leftimg': u'frogs/ab15.jpg'}
26.4880 	EXP 	Leftimg: autoDraw = False
26.4880 	EXP 	Rightimg: autoDraw = False
26.4880 	EXP 	text: autoDraw = False
26.4880 	EXP 	Leftimg: pos = array([-300.,    0.])
26.4880 	EXP 	Leftimg: image = u'frogs/ab15.jpg'
26.4880 	EXP 	Rightimg: pos = array([ 300.,    0.])
26.4880 	EXP 	Rightimg: image = u'frogs/ab55.jpg'
26.4880 	EXP 	Leftimg: autoDraw = True
26.4880 	EXP 	Rightimg: autoDraw = True
26.9050 	EXP 	Leftimg: autoDraw = False
26.9050 	EXP 	Rightimg: autoDraw = False
27.0729 	DATA 	Keypress: right
27.0743 	EXP 	New trial (rep=0, index=2): {'YLeftPos': 0, 'time_presentation': 0.5, 'XLeftPos': -300, 'XRightPos': 300, 'rightimg': u'frogs/ab56.jpg', 'YRightPos': 0, 'leftimg': u'frogs/ab16.jpg'}
27.3549 	EXP 	Leftimg: autoDraw = False
27.3549 	EXP 	Rightimg: autoDraw = False
27.3549 	EXP 	text: autoDraw = False
27.3549 	EXP 	Leftimg: pos = array([-300.,    0.])
27.3549 	EXP 	Leftimg: image = u'frogs/ab16.jpg'
27.3549 	EXP 	Rightimg: pos = array([ 300.,    0.])
27.3549 	EXP 	Rightimg: image = u'frogs/ab56.jpg'
27.3549 	EXP 	Leftimg: autoDraw = True
27.3549 	EXP 	Rightimg: autoDraw = True
27.5886 	EXP 	Leftimg: autoDraw = False
27.5886 	EXP 	Rightimg: autoDraw = False
27.7727 	DATA 	Keypress: right
27.7740 	EXP 	New trial (rep=0, index=3): {'YLeftPos': 0, 'time_presentation': 0.5, 'XLeftPos': -300, 'XRightPos': 300, 'rightimg': u'frogs/ab78.jpg', 'YRightPos': 0, 'leftimg': u'frogs/ab38.jpg'}
27.8216 	EXP 	Leftimg: autoDraw = False
27.8216 	EXP 	Rightimg: autoDraw = False
27.8216 	EXP 	text: autoDraw = False
27.8216 	EXP 	Leftimg: pos = array([-300.,    0.])
27.8216 	EXP 	Leftimg: image = u'frogs/ab38.jpg'
27.8216 	EXP 	Rightimg: pos = array([ 300.,    0.])
27.8216 	EXP 	Rightimg: image = u'frogs/ab78.jpg'
27.8216 	EXP 	Leftimg: autoDraw = True
27.8216 	EXP 	Rightimg: autoDraw = True
28.2736 	DATA 	Keypress: left
28.2745 	EXP 	New trial (rep=0, index=4): {'YLeftPos': 0, 'time_presentation': 0.5, 'XLeftPos': -300, 'XRightPos': 300, 'rightimg': u'frogs/ab52.jpg', 'YRightPos': 0, 'leftimg': u'frogs/ab12.jpg'}
28.2880 	EXP 	Leftimg: autoDraw = False
28.2880 	EXP 	Rightimg: autoDraw = False
28.2880 	EXP 	Leftimg: autoDraw = False
28.2880 	EXP 	Rightimg: autoDraw = False
28.2880 	EXP 	text: autoDraw = False
28.2880 	EXP 	Leftimg: pos = array([-300.,    0.])
28.2880 	EXP 	Leftimg: image = u'frogs/ab12.jpg'
28.2880 	EXP 	Rightimg: pos = array([ 300.,    0.])
28.2880 	EXP 	Rightimg: image = u'frogs/ab52.jpg'
28.2880 	EXP 	Leftimg: autoDraw = True
28.2880 	EXP 	Rightimg: autoDraw = True
28.7885 	EXP 	Leftimg: autoDraw = False
28.7885 	EXP 	Rightimg: autoDraw = False
28.8245 	DATA 	Keypress: right
28.8392 	EXP 	New trial (rep=0, index=5): {'YLeftPos': 0, 'time_presentation': 0.5, 'XLeftPos': -300, 'XRightPos': 300, 'rightimg': u'frogs/ab70.jpg', 'YRightPos': 0, 'leftimg': u'frogs/ab30.jpg'}
28.8541 	EXP 	Leftimg: autoDraw = False
28.8541 	EXP 	Rightimg: autoDraw = False
28.8541 	EXP 	text: autoDraw = False
28.8541 	EXP 	Leftimg: pos = array([-300.,    0.])
28.8541 	EXP 	Leftimg: image = u'frogs/ab30.jpg'
28.8541 	EXP 	Rightimg: pos = array([ 300.,    0.])
28.8541 	EXP 	Rightimg: image = u'frogs/ab70.jpg'
28.8541 	EXP 	Leftimg: autoDraw = True
28.8541 	EXP 	Rightimg: autoDraw = True
29.3555 	EXP 	Leftimg: autoDraw = False
29.3555 	EXP 	Rightimg: autoDraw = False
29.4581 	DATA 	Keypress: right
29.4732 	EXP 	New trial (rep=0, index=6): {'YLeftPos': 0, 'time_presentation': 0.5, 'XLeftPos': -300, 'XRightPos': 300, 'rightimg': u'frogs/ab68.jpg', 'YRightPos': 0, 'leftimg': u'frogs/ab28.jpg'}
29.5046 	EXP 	Leftimg: autoDraw = False
29.5046 	EXP 	Rightimg: autoDraw = False
29.5046 	EXP 	text: autoDraw = False
29.5046 	EXP 	Leftimg: pos = array([-300.,    0.])
29.5046 	EXP 	Leftimg: image = u'frogs/ab28.jpg'
29.5046 	EXP 	Rightimg: pos = array([ 300.,    0.])
29.5046 	EXP 	Rightimg: image = u'frogs/ab68.jpg'
29.5046 	EXP 	Leftimg: autoDraw = True
29.5046 	EXP 	Rightimg: autoDraw = True
29.9068 	DATA 	Keypress: left
29.9227 	EXP 	New trial (rep=0, index=7): {'YLeftPos': 0, 'time_presentation': 0.5, 'XLeftPos': -300, 'XRightPos': 300, 'rightimg': u'frogs/ab59.jpg', 'YRightPos': 0, 'leftimg': u'frogs/ab19.jpg'}
29.9712 	EXP 	Leftimg: autoDraw = False
29.9712 	EXP 	Rightimg: autoDraw = False
29.9712 	EXP 	text: autoDraw = False
29.9712 	EXP 	Leftimg: pos = array([-300.,    0.])
29.9712 	EXP 	Leftimg: image = u'frogs/ab19.jpg'
29.9712 	EXP 	Rightimg: pos = array([ 300.,    0.])
29.9712 	EXP 	Rightimg: image = u'frogs/ab59.jpg'
29.9712 	EXP 	Leftimg: autoDraw = True
29.9712 	EXP 	Rightimg: autoDraw = True
30.1402 	DATA 	Keypress: right
30.1411 	EXP 	New trial (rep=0, index=8): {'YLeftPos': 0, 'time_presentation': 0.5, 'XLeftPos': -300, 'XRightPos': 300, 'rightimg': u'1.jpg', 'YRightPos': 0, 'leftimg': u'3.jpg'}
30.1882 	EXP 	Leftimg: autoDraw = False
30.1882 	EXP 	Rightimg: autoDraw = False
30.1882 	EXP 	text: autoDraw = False
30.1882 	EXP 	Leftimg: pos = array([-300.,    0.])
30.1882 	EXP 	Leftimg: image = u'3.jpg'
30.1882 	EXP 	Rightimg: pos = array([ 300.,    0.])
30.1882 	EXP 	Rightimg: image = u'1.jpg'
30.1882 	EXP 	Leftimg: autoDraw = True
30.1882 	EXP 	Rightimg: autoDraw = True
30.6551 	EXP 	Leftimg: autoDraw = False
30.6551 	EXP 	Rightimg: autoDraw = False
30.7560 	DATA 	Keypress: left
30.7569 	EXP 	New trial (rep=0, index=9): {'YLeftPos': 0, 'time_presentation': 0.5, 'XLeftPos': -300, 'XRightPos': 300, 'rightimg': u'frogs/ab49.jpg', 'YRightPos': 0, 'leftimg': u'frogs/ab9.jpg'}
30.9548 	EXP 	Leftimg: autoDraw = False
30.9548 	EXP 	Rightimg: autoDraw = False
30.9548 	EXP 	text: autoDraw = False
30.9548 	EXP 	Leftimg: pos = array([-300.,    0.])
30.9548 	EXP 	Leftimg: image = u'frogs/ab9.jpg'
30.9548 	EXP 	Rightimg: pos = array([ 300.,    0.])
30.9548 	EXP 	Rightimg: image = u'frogs/ab49.jpg'
30.9548 	EXP 	Leftimg: autoDraw = True
30.9548 	EXP 	Rightimg: autoDraw = True
31.2706 	EXP 	Leftimg: autoDraw = False
31.2706 	EXP 	Rightimg: autoDraw = False
31.3899 	DATA 	Keypress: right
31.3911 	EXP 	New trial (rep=0, index=10): {'YLeftPos': 0, 'time_presentation': 0.5, 'XLeftPos': -300, 'XRightPos': 300, 'rightimg': u'frogs/ab60.jpg', 'YRightPos': 0, 'leftimg': u'frogs/ab20.jpg'}
31.4213 	EXP 	Leftimg: autoDraw = False
31.4213 	EXP 	Rightimg: autoDraw = False
31.4213 	EXP 	text: autoDraw = False
31.4213 	EXP 	Leftimg: pos = array([-300.,    0.])
31.4213 	EXP 	Leftimg: image = u'frogs/ab20.jpg'
31.4213 	EXP 	Rightimg: pos = array([ 300.,    0.])
31.4213 	EXP 	Rightimg: image = u'frogs/ab60.jpg'
31.4213 	EXP 	Leftimg: autoDraw = True
31.4213 	EXP 	Rightimg: autoDraw = True
31.8569 	DATA 	Keypress: right
31.8578 	EXP 	New trial (rep=0, index=11): {'YLeftPos': 0, 'time_presentation': 0.5, 'XLeftPos': -300, 'XRightPos': 300, 'rightimg': u'frogs/ab53.jpg', 'YRightPos': 0, 'leftimg': u'frogs/ab13.jpg'}
31.8885 	EXP 	Leftimg: autoDraw = False
31.8885 	EXP 	Rightimg: autoDraw = False
31.8885 	EXP 	text: autoDraw = False
31.8885 	EXP 	Leftimg: pos = array([-300.,    0.])
31.8885 	EXP 	Leftimg: image = u'frogs/ab13.jpg'
31.8885 	EXP 	Rightimg: pos = array([ 300.,    0.])
31.8885 	EXP 	Rightimg: image = u'frogs/ab53.jpg'
31.8885 	EXP 	Leftimg: autoDraw = True
31.8885 	EXP 	Rightimg: autoDraw = True
32.3228 	DATA 	Keypress: right
32.3238 	EXP 	New trial (rep=0, index=12): {'YLeftPos': 0, 'time_presentation': 0.5, 'XLeftPos': -300, 'XRightPos': 300, 'rightimg': u'frogs/ab47.jpg', 'YRightPos': 0, 'leftimg': u'frogs/ab7.jpg'}
32.6716 	EXP 	Leftimg: autoDraw = False
32.6716 	EXP 	Rightimg: autoDraw = False
32.6716 	EXP 	text: autoDraw = False
32.6716 	EXP 	Leftimg: pos = array([-300.,    0.])
32.6716 	EXP 	Leftimg: image = u'frogs/ab7.jpg'
32.6716 	EXP 	Rightimg: pos = array([ 300.,    0.])
32.6716 	EXP 	Rightimg: image = u'frogs/ab47.jpg'
32.6716 	EXP 	Leftimg: autoDraw = True
32.6716 	EXP 	Rightimg: autoDraw = True
32.8384 	EXP 	Leftimg: autoDraw = False
32.8384 	EXP 	Rightimg: autoDraw = False
32.9233 	DATA 	Keypress: left
32.9245 	EXP 	New trial (rep=0, index=13): {'YLeftPos': 0, 'time_presentation': 0.5, 'XLeftPos': -300, 'XRightPos': 300, 'rightimg': u'frogs/ab66.jpg', 'YRightPos': 0, 'leftimg': u'frogs/ab26.jpg'}
32.9717 	EXP 	Leftimg: autoDraw = False
32.9717 	EXP 	Rightimg: autoDraw = False
32.9717 	EXP 	text: autoDraw = False
32.9717 	EXP 	Leftimg: pos = array([-300.,    0.])
32.9717 	EXP 	Leftimg: image = u'frogs/ab26.jpg'
32.9717 	EXP 	Rightimg: pos = array([ 300.,    0.])
32.9717 	EXP 	Rightimg: image = u'frogs/ab66.jpg'
32.9717 	EXP 	Leftimg: autoDraw = True
32.9717 	EXP 	Rightimg: autoDraw = True
33.4231 	DATA 	Keypress: left
33.4240 	EXP 	New trial (rep=0, index=14): {'YLeftPos': 0, 'time_presentation': 0.5, 'XLeftPos': -300, 'XRightPos': 300, 'rightimg': u'3.jpg', 'YRightPos': 0, 'leftimg': u'1.jpg'}
33.4717 	EXP 	Leftimg: autoDraw = False
33.4717 	EXP 	Rightimg: autoDraw = False
33.4717 	EXP 	Leftimg: autoDraw = False
33.4717 	EXP 	Rightimg: autoDraw = False
33.4717 	EXP 	text: autoDraw = False
33.4717 	EXP 	Leftimg: pos = array([-300.,    0.])
33.4717 	EXP 	Leftimg: image = u'1.jpg'
33.4717 	EXP 	Rightimg: pos = array([ 300.,    0.])
33.4717 	EXP 	Rightimg: image = u'3.jpg'
33.4717 	EXP 	Leftimg: autoDraw = True
33.4717 	EXP 	Rightimg: autoDraw = True
33.9384 	EXP 	Leftimg: autoDraw = False
33.9384 	EXP 	Rightimg: autoDraw = False
33.9401 	DATA 	Keypress: right
33.9414 	EXP 	New trial (rep=0, index=15): {'YLeftPos': 0, 'time_presentation': 0.5, 'XLeftPos': -300, 'XRightPos': 300, 'rightimg': u'frogs/ab75.jpg', 'YRightPos': 0, 'leftimg': u'frogs/ab35.jpg'}
33.9708 	EXP 	Leftimg: autoDraw = False
33.9708 	EXP 	Rightimg: autoDraw = False
33.9708 	EXP 	text: autoDraw = False
33.9708 	EXP 	Leftimg: pos = array([-300.,    0.])
33.9708 	EXP 	Leftimg: image = u'frogs/ab35.jpg'
33.9708 	EXP 	Rightimg: pos = array([ 300.,    0.])
33.9708 	EXP 	Rightimg: image = u'frogs/ab75.jpg'
33.9708 	EXP 	Leftimg: autoDraw = True
33.9708 	EXP 	Rightimg: autoDraw = True
34.4551 	EXP 	Leftimg: autoDraw = False
34.4551 	EXP 	Rightimg: autoDraw = False
34.4893 	DATA 	Keypress: left
34.4904 	EXP 	New trial (rep=0, index=16): {'YLeftPos': 0, 'time_presentation': 0.5, 'XLeftPos': -300, 'XRightPos': 300, 'rightimg': u'frogs/ab61.jpg', 'YRightPos': 0, 'leftimg': u'frogs/ab21.jpg'}
34.5216 	EXP 	Leftimg: autoDraw = False
34.5216 	EXP 	Rightimg: autoDraw = False
34.5216 	EXP 	text: autoDraw = False
34.5216 	EXP 	Leftimg: pos = array([-300.,    0.])
34.5216 	EXP 	Leftimg: image = u'frogs/ab21.jpg'
34.5216 	EXP 	Rightimg: pos = array([ 300.,    0.])
34.5216 	EXP 	Rightimg: image = u'frogs/ab61.jpg'
34.5216 	EXP 	Leftimg: autoDraw = True
34.5216 	EXP 	Rightimg: autoDraw = True
35.0050 	EXP 	Leftimg: autoDraw = False
35.0050 	EXP 	Rightimg: autoDraw = False
35.4234 	DATA 	Keypress: left
35.4244 	EXP 	New trial (rep=0, index=17): {'YLeftPos': 0, 'time_presentation': 0.5, 'XLeftPos': -300, 'XRightPos': 300, 'rightimg': u'frogs/ab41.jpg', 'YRightPos': 0, 'leftimg': u'frogs/ab1.jpg'}
35.4375 	EXP 	Leftimg: autoDraw = False
35.4375 	EXP 	Rightimg: autoDraw = False
35.4375 	EXP 	text: autoDraw = False
35.4375 	EXP 	Leftimg: pos = array([-300.,    0.])
35.4375 	EXP 	Leftimg: image = u'frogs/ab1.jpg'
35.4375 	EXP 	Rightimg: pos = array([ 300.,    0.])
35.4375 	EXP 	Rightimg: image = u'frogs/ab41.jpg'
35.4375 	EXP 	Leftimg: autoDraw = True
35.4375 	EXP 	Rightimg: autoDraw = True
35.9384 	EXP 	Leftimg: autoDraw = False
35.9384 	EXP 	Rightimg: autoDraw = False
35.9726 	DATA 	Keypress: right
35.9736 	EXP 	New trial (rep=0, index=18): {'YLeftPos': 0, 'time_presentation': 0.5, 'XLeftPos': -300, 'XRightPos': 300, 'rightimg': u'frogs/ab74.jpg', 'YRightPos': 0, 'leftimg': u'frogs/ab34.jpg'}
36.0534 	EXP 	Leftimg: autoDraw = False
36.0534 	EXP 	Rightimg: autoDraw = False
36.0534 	EXP 	text: autoDraw = False
36.0534 	EXP 	Leftimg: pos = array([-300.,    0.])
36.0534 	EXP 	Leftimg: image = u'frogs/ab34.jpg'
36.0534 	EXP 	Rightimg: pos = array([ 300.,    0.])
36.0534 	EXP 	Rightimg: image = u'frogs/ab74.jpg'
36.0534 	EXP 	Leftimg: autoDraw = True
36.0534 	EXP 	Rightimg: autoDraw = True
36.4884 	EXP 	Leftimg: autoDraw = False
36.4884 	EXP 	Rightimg: autoDraw = False
36.5726 	DATA 	Keypress: right
36.5738 	EXP 	New trial (rep=0, index=19): {'YLeftPos': 0, 'time_presentation': 0.5, 'XLeftPos': -300, 'XRightPos': 300, 'rightimg': u'frogs/ab76.jpg', 'YRightPos': 0, 'leftimg': u'frogs/ab36.jpg'}
36.6215 	EXP 	Leftimg: autoDraw = False
36.6215 	EXP 	Rightimg: autoDraw = False
36.6215 	EXP 	text: autoDraw = False
36.6215 	EXP 	Leftimg: pos = array([-300.,    0.])
36.6215 	EXP 	Leftimg: image = u'frogs/ab36.jpg'
36.6215 	EXP 	Rightimg: pos = array([ 300.,    0.])
36.6215 	EXP 	Rightimg: image = u'frogs/ab76.jpg'
36.6215 	EXP 	Leftimg: autoDraw = True
36.6215 	EXP 	Rightimg: autoDraw = True
37.0054 	DATA 	Keypress: left
37.0063 	EXP 	New trial (rep=0, index=20): {'YLeftPos': 0, 'time_presentation': 0.5, 'XLeftPos': -300, 'XRightPos': 300, 'rightimg': u'frogs/ab58.jpg', 'YRightPos': 0, 'leftimg': u'frogs/ab18.jpg'}
37.1544 	EXP 	Leftimg: autoDraw = False
37.1544 	EXP 	Rightimg: autoDraw = False
37.1544 	EXP 	text: autoDraw = False
37.1544 	EXP 	Leftimg: pos = array([-300.,    0.])
37.1544 	EXP 	Leftimg: image = u'frogs/ab18.jpg'
37.1544 	EXP 	Rightimg: pos = array([ 300.,    0.])
37.1544 	EXP 	Rightimg: image = u'frogs/ab58.jpg'
37.1544 	EXP 	Leftimg: autoDraw = True
37.1544 	EXP 	Rightimg: autoDraw = True
37.5217 	EXP 	Leftimg: autoDraw = False
37.5217 	EXP 	Rightimg: autoDraw = False
37.6725 	DATA 	Keypress: left
37.6737 	EXP 	New trial (rep=0, index=21): {'YLeftPos': 0, 'time_presentation': 0.5, 'XLeftPos': -300, 'XRightPos': 300, 'rightimg': u'frogs/ab69.jpg', 'YRightPos': 0, 'leftimg': u'frogs/ab29.jpg'}
37.7042 	EXP 	Leftimg: autoDraw = False
37.7042 	EXP 	Rightimg: autoDraw = False
37.7042 	EXP 	text: autoDraw = False
37.7042 	EXP 	Leftimg: pos = array([-300.,    0.])
37.7042 	EXP 	Leftimg: image = u'frogs/ab29.jpg'
37.7042 	EXP 	Rightimg: pos = array([ 300.,    0.])
37.7042 	EXP 	Rightimg: image = u'frogs/ab69.jpg'
37.7042 	EXP 	Leftimg: autoDraw = True
37.7042 	EXP 	Rightimg: autoDraw = True
38.1740 	DATA 	Keypress: right
38.1882 	EXP 	Leftimg: autoDraw = False
38.1882 	EXP 	Rightimg: autoDraw = False
38.1896 	EXP 	New trial (rep=0, index=22): {'YLeftPos': 0, 'time_presentation': 0.5, 'XLeftPos': -300, 'XRightPos': 300, 'rightimg': u'frogs/ab45.jpg', 'YRightPos': 0, 'leftimg': u'frogs/ab5.jpg'}
38.2051 	EXP 	Leftimg: autoDraw = False
38.2051 	EXP 	Rightimg: autoDraw = False
38.2051 	EXP 	text: autoDraw = False
38.2051 	EXP 	Leftimg: pos = array([-300.,    0.])
38.2051 	EXP 	Leftimg: image = u'frogs/ab5.jpg'
38.2051 	EXP 	Rightimg: pos = array([ 300.,    0.])
38.2051 	EXP 	Rightimg: image = u'frogs/ab45.jpg'
38.2051 	EXP 	Leftimg: autoDraw = True
38.2051 	EXP 	Rightimg: autoDraw = True
38.7048 	EXP 	Leftimg: autoDraw = False
38.7048 	EXP 	Rightimg: autoDraw = False
38.8733 	DATA 	Keypress: left
38.8744 	EXP 	New trial (rep=0, index=23): {'YLeftPos': 0, 'time_presentation': 0.5, 'XLeftPos': -300, 'XRightPos': 300, 'rightimg': u'frogs/ab44.jpg', 'YRightPos': 0, 'leftimg': u'frogs/ab4.jpg'}
38.8881 	EXP 	Leftimg: autoDraw = False
38.8881 	EXP 	Rightimg: autoDraw = False
38.8881 	EXP 	text: autoDraw = False
38.8881 	EXP 	Leftimg: pos = array([-300.,    0.])
38.8881 	EXP 	Leftimg: image = u'frogs/ab4.jpg'
38.8881 	EXP 	Rightimg: pos = array([ 300.,    0.])
38.8881 	EXP 	Rightimg: image = u'frogs/ab44.jpg'
38.8881 	EXP 	Leftimg: autoDraw = True
38.8881 	EXP 	Rightimg: autoDraw = True
39.2899 	DATA 	Keypress: right
39.2909 	EXP 	New trial (rep=0, index=24): {'YLeftPos': 0, 'time_presentation': 0.5, 'XLeftPos': -300, 'XRightPos': 300, 'rightimg': u'frogs/ab42.jpg', 'YRightPos': 0, 'leftimg': u'frogs/ab2.jpg'}
39.6208 	EXP 	Leftimg: autoDraw = False
39.6208 	EXP 	Rightimg: autoDraw = False
39.6208 	EXP 	text: autoDraw = False
39.6208 	EXP 	Leftimg: pos = array([-300.,    0.])
39.6208 	EXP 	Leftimg: image = u'frogs/ab2.jpg'
39.6208 	EXP 	Rightimg: pos = array([ 300.,    0.])
39.6208 	EXP 	Rightimg: image = u'frogs/ab42.jpg'
39.6208 	EXP 	Leftimg: autoDraw = True
39.6208 	EXP 	Rightimg: autoDraw = True
39.8045 	EXP 	Leftimg: autoDraw = False
39.8045 	EXP 	Rightimg: autoDraw = False
39.8224 	DATA 	Keypress: left
39.8233 	EXP 	New trial (rep=0, index=25): {'YLeftPos': 0, 'time_presentation': 0.5, 'XLeftPos': -300, 'XRightPos': 300, 'rightimg': u'frogs/ab63.jpg', 'YRightPos': 0, 'leftimg': u'frogs/ab23.jpg'}
39.8712 	EXP 	Leftimg: autoDraw = False
39.8712 	EXP 	Rightimg: autoDraw = False
39.8712 	EXP 	text: autoDraw = False
39.8712 	EXP 	Leftimg: pos = array([-300.,    0.])
39.8712 	EXP 	Leftimg: image = u'frogs/ab23.jpg'
39.8712 	EXP 	Rightimg: pos = array([ 300.,    0.])
39.8712 	EXP 	Rightimg: image = u'frogs/ab63.jpg'
39.8712 	EXP 	Leftimg: autoDraw = True
39.8712 	EXP 	Rightimg: autoDraw = True
40.3375 	EXP 	Leftimg: autoDraw = False
40.3375 	EXP 	Rightimg: autoDraw = False
40.4727 	DATA 	Keypress: left
40.4738 	EXP 	New trial (rep=0, index=26): {'YLeftPos': 0, 'time_presentation': 0.5, 'XLeftPos': -300, 'XRightPos': 300, 'rightimg': u'frogs/ab51.jpg', 'YRightPos': 0, 'leftimg': u'frogs/ab11.jpg'}
40.5378 	EXP 	Leftimg: autoDraw = False
40.5378 	EXP 	Rightimg: autoDraw = False
40.5378 	EXP 	text: autoDraw = False
40.5378 	EXP 	Leftimg: pos = array([-300.,    0.])
40.5378 	EXP 	Leftimg: image = u'frogs/ab11.jpg'
40.5378 	EXP 	Rightimg: pos = array([ 300.,    0.])
40.5378 	EXP 	Rightimg: image = u'frogs/ab51.jpg'
40.5378 	EXP 	Leftimg: autoDraw = True
40.5378 	EXP 	Rightimg: autoDraw = True
40.9555 	DATA 	Keypress: right
40.9562 	EXP 	New trial (rep=0, index=27): {'YLeftPos': 0, 'time_presentation': 0.5, 'XLeftPos': -300, 'XRightPos': 300, 'rightimg': u'frogs/ab71.jpg', 'YRightPos': 0, 'leftimg': u'frogs/ab31.jpg'}
41.0379 	EXP 	Leftimg: autoDraw = False
41.0379 	EXP 	Rightimg: autoDraw = False
41.0379 	EXP 	text: autoDraw = False
41.0379 	EXP 	Leftimg: pos = array([-300.,    0.])
41.0379 	EXP 	Leftimg: image = u'frogs/ab31.jpg'
41.0379 	EXP 	Rightimg: pos = array([ 300.,    0.])
41.0379 	EXP 	Rightimg: image = u'frogs/ab71.jpg'
41.0379 	EXP 	Leftimg: autoDraw = True
41.0379 	EXP 	Rightimg: autoDraw = True
41.4065 	DATA 	Keypress: left
41.4074 	EXP 	New trial (rep=0, index=28): {'YLeftPos': 0, 'time_presentation': 0.5, 'XLeftPos': -300, 'XRightPos': 300, 'rightimg': u'frogs/ab67.jpg', 'YRightPos': 0, 'leftimg': u'frogs/ab27.jpg'}
41.4548 	EXP 	Leftimg: autoDraw = False
41.4548 	EXP 	Rightimg: autoDraw = False
41.4548 	EXP 	text: autoDraw = False
41.4548 	EXP 	Leftimg: pos = array([-300.,    0.])
41.4548 	EXP 	Leftimg: image = u'frogs/ab27.jpg'
41.4548 	EXP 	Rightimg: pos = array([ 300.,    0.])
41.4548 	EXP 	Rightimg: image = u'frogs/ab67.jpg'
41.4548 	EXP 	Leftimg: autoDraw = True
41.4548 	EXP 	Rightimg: autoDraw = True
41.7064 	DATA 	Keypress: right
41.7074 	EXP 	New trial (rep=0, index=29): {'YLeftPos': 0, 'time_presentation': 0.5, 'XLeftPos': -300, 'XRightPos': 300, 'rightimg': u'frogs/ab54.jpg', 'YRightPos': 0, 'leftimg': u'frogs/ab14.jpg'}
41.7550 	EXP 	Leftimg: autoDraw = False
41.7550 	EXP 	Rightimg: autoDraw = False
41.7550 	EXP 	text: autoDraw = False
41.7550 	EXP 	Leftimg: pos = array([-300.,    0.])
41.7550 	EXP 	Leftimg: image = u'frogs/ab14.jpg'
41.7550 	EXP 	Rightimg: pos = array([ 300.,    0.])
41.7550 	EXP 	Rightimg: image = u'frogs/ab54.jpg'
41.7550 	EXP 	Leftimg: autoDraw = True
41.7550 	EXP 	Rightimg: autoDraw = True
42.2217 	EXP 	Leftimg: autoDraw = False
42.2217 	EXP 	Rightimg: autoDraw = False
42.2240 	DATA 	Keypress: left
42.3067 	DATA 	Keypress: right
42.3078 	EXP 	New trial (rep=0, index=30): {'YLeftPos': 0, 'time_presentation': 0.5, 'XLeftPos': -300, 'XRightPos': 300, 'rightimg': u'frogs/ab48.jpg', 'YRightPos': 0, 'leftimg': u'frogs/ab8.jpg'}
42.3548 	EXP 	Leftimg: autoDraw = False
42.3548 	EXP 	Rightimg: autoDraw = False
42.3548 	EXP 	text: autoDraw = False
42.3548 	EXP 	Leftimg: pos = array([-300.,    0.])
42.3548 	EXP 	Leftimg: image = u'frogs/ab8.jpg'
42.3548 	EXP 	Rightimg: pos = array([ 300.,    0.])
42.3548 	EXP 	Rightimg: image = u'frogs/ab48.jpg'
42.3548 	EXP 	Leftimg: autoDraw = True
42.3548 	EXP 	Rightimg: autoDraw = True
42.8215 	EXP 	Leftimg: autoDraw = False
42.8215 	EXP 	Rightimg: autoDraw = False
42.8232 	DATA 	Keypress: left
42.8244 	EXP 	New trial (rep=0, index=31): {'YLeftPos': 0, 'time_presentation': 0.5, 'XLeftPos': -300, 'XRightPos': 300, 'rightimg': u'frogs/ab46.jpg', 'YRightPos': 0, 'leftimg': u'frogs/ab6.jpg'}
42.9051 	EXP 	Leftimg: autoDraw = False
42.9051 	EXP 	Rightimg: autoDraw = False
42.9051 	EXP 	text: autoDraw = False
42.9051 	EXP 	Leftimg: pos = array([-300.,    0.])
42.9051 	EXP 	Leftimg: image = u'frogs/ab6.jpg'
42.9051 	EXP 	Rightimg: pos = array([ 300.,    0.])
42.9051 	EXP 	Rightimg: image = u'frogs/ab46.jpg'
42.9051 	EXP 	Leftimg: autoDraw = True
42.9051 	EXP 	Rightimg: autoDraw = True
43.1723 	DATA 	Keypress: right
43.1732 	EXP 	New trial (rep=0, index=32): {'YLeftPos': 0, 'time_presentation': 0.5, 'XLeftPos': -300, 'XRightPos': 300, 'rightimg': u'frogs/ab43.jpg', 'YRightPos': 0, 'leftimg': u'frogs/ab3.jpg'}
43.2393 	EXP 	Leftimg: autoDraw = False
43.2393 	EXP 	Rightimg: autoDraw = False
43.2393 	EXP 	text: autoDraw = False
43.2393 	EXP 	Leftimg: pos = array([-300.,    0.])
43.2393 	EXP 	Leftimg: image = u'frogs/ab3.jpg'
43.2393 	EXP 	Rightimg: pos = array([ 300.,    0.])
43.2393 	EXP 	Rightimg: image = u'frogs/ab43.jpg'
43.2393 	EXP 	Leftimg: autoDraw = True
43.2393 	EXP 	Rightimg: autoDraw = True
43.6717 	DATA 	Keypress: right
43.6725 	EXP 	New trial (rep=0, index=33): {'YLeftPos': 0, 'time_presentation': 0.5, 'XLeftPos': -300, 'XRightPos': 300, 'rightimg': u'frogs/ab73.jpg', 'YRightPos': 0, 'leftimg': u'frogs/ab33.jpg'}
43.7709 	EXP 	Leftimg: autoDraw = False
43.7709 	EXP 	Rightimg: autoDraw = False
43.7709 	EXP 	Leftimg: autoDraw = False
43.7709 	EXP 	Rightimg: autoDraw = False
43.7709 	EXP 	text: autoDraw = False
43.7709 	EXP 	Leftimg: pos = array([-300.,    0.])
43.7709 	EXP 	Leftimg: image = u'frogs/ab33.jpg'
43.7709 	EXP 	Rightimg: pos = array([ 300.,    0.])
43.7709 	EXP 	Rightimg: image = u'frogs/ab73.jpg'
43.7709 	EXP 	Leftimg: autoDraw = True
43.7709 	EXP 	Rightimg: autoDraw = True
44.1062 	DATA 	Keypress: left
44.1072 	EXP 	New trial (rep=0, index=34): {'YLeftPos': 0, 'time_presentation': 0.5, 'XLeftPos': -300, 'XRightPos': 300, 'rightimg': u'4.jpg', 'YRightPos': 0, 'leftimg': u'2.jpg'}
44.1549 	EXP 	Leftimg: autoDraw = False
44.1549 	EXP 	Rightimg: autoDraw = False
44.1549 	EXP 	text: autoDraw = False
44.1549 	EXP 	Leftimg: pos = array([-300.,    0.])
44.1549 	EXP 	Leftimg: image = u'2.jpg'
44.1549 	EXP 	Rightimg: pos = array([ 300.,    0.])
44.1549 	EXP 	Rightimg: image = u'4.jpg'
44.1549 	EXP 	Leftimg: autoDraw = True
44.1549 	EXP 	Rightimg: autoDraw = True
44.3898 	DATA 	Keypress: left
44.3908 	EXP 	New trial (rep=0, index=35): {'YLeftPos': 0, 'time_presentation': 0.5, 'XLeftPos': -300, 'XRightPos': 300, 'rightimg': u'frogs/ab77.jpg', 'YRightPos': 0, 'leftimg': u'frogs/ab37.jpg'}
44.4383 	EXP 	Leftimg: autoDraw = False
44.4383 	EXP 	Rightimg: autoDraw = False
44.4383 	EXP 	text: autoDraw = False
44.4383 	EXP 	Leftimg: pos = array([-300.,    0.])
44.4383 	EXP 	Leftimg: image = u'frogs/ab37.jpg'
44.4383 	EXP 	Rightimg: pos = array([ 300.,    0.])
44.4383 	EXP 	Rightimg: image = u'frogs/ab77.jpg'
44.4383 	EXP 	Leftimg: autoDraw = True
44.4383 	EXP 	Rightimg: autoDraw = True
44.9047 	EXP 	Leftimg: autoDraw = False
44.9047 	EXP 	Rightimg: autoDraw = False
45.0223 	DATA 	Keypress: left
45.0233 	EXP 	New trial (rep=0, index=36): {'YLeftPos': 0, 'time_presentation': 0.5, 'XLeftPos': -300, 'XRightPos': 300, 'rightimg': u'frogs/ab72.jpg', 'YRightPos': 0, 'leftimg': u'frogs/ab32.jpg'}
45.0713 	EXP 	Leftimg: autoDraw = False
45.0713 	EXP 	Rightimg: autoDraw = False
45.0713 	EXP 	text: autoDraw = False
45.0713 	EXP 	Leftimg: pos = array([-300.,    0.])
45.0713 	EXP 	Leftimg: image = u'frogs/ab32.jpg'
45.0713 	EXP 	Rightimg: pos = array([ 300.,    0.])
45.0713 	EXP 	Rightimg: image = u'frogs/ab72.jpg'
45.0713 	EXP 	Leftimg: autoDraw = True
45.0713 	EXP 	Rightimg: autoDraw = True
45.5382 	EXP 	Leftimg: autoDraw = False
45.5382 	EXP 	Rightimg: autoDraw = False
45.5898 	DATA 	Keypress: right
45.5909 	EXP 	New trial (rep=0, index=37): {'YLeftPos': 0, 'time_presentation': 0.5, 'XLeftPos': -300, 'XRightPos': 300, 'rightimg': u'2.jpg', 'YRightPos': 0, 'leftimg': u'4.jpg'}
45.6213 	EXP 	Leftimg: autoDraw = False
45.6213 	EXP 	Rightimg: autoDraw = False
45.6213 	EXP 	text: autoDraw = False
45.6213 	EXP 	Leftimg: pos = array([-300.,    0.])
45.6213 	EXP 	Leftimg: image = u'4.jpg'
45.6213 	EXP 	Rightimg: pos = array([ 300.,    0.])
45.6213 	EXP 	Rightimg: image = u'2.jpg'
45.6213 	EXP 	Leftimg: autoDraw = True
45.6213 	EXP 	Rightimg: autoDraw = True
46.1049 	EXP 	Leftimg: autoDraw = False
46.1049 	EXP 	Rightimg: autoDraw = False
46.2068 	DATA 	Keypress: right
46.2229 	EXP 	New trial (rep=0, index=38): {'YLeftPos': 0, 'time_presentation': 0.5, 'XLeftPos': -300, 'XRightPos': 300, 'rightimg': u'frogs/ab57.jpg', 'YRightPos': 0, 'leftimg': u'frogs/ab17.jpg'}
46.3211 	EXP 	Leftimg: autoDraw = False
46.3211 	EXP 	Rightimg: autoDraw = False
46.3211 	EXP 	text: autoDraw = False
46.3211 	EXP 	Leftimg: pos = array([-300.,    0.])
46.3211 	EXP 	Leftimg: image = u'frogs/ab17.jpg'
46.3211 	EXP 	Rightimg: pos = array([ 300.,    0.])
46.3211 	EXP 	Rightimg: image = u'frogs/ab57.jpg'
46.3211 	EXP 	Leftimg: autoDraw = True
46.3211 	EXP 	Rightimg: autoDraw = True
46.6734 	DATA 	Keypress: left
46.6745 	EXP 	New trial (rep=0, index=39): {'YLeftPos': 0, 'time_presentation': 0.5, 'XLeftPos': -300, 'XRightPos': 300, 'rightimg': u'frogs/ab80.jpg', 'YRightPos': 0, 'leftimg': u'frogs/ab40.jpg'}
46.7050 	EXP 	Leftimg: autoDraw = False
46.7050 	EXP 	Rightimg: autoDraw = False
46.7050 	EXP 	text: autoDraw = False
46.7050 	EXP 	Leftimg: pos = array([-300.,    0.])
46.7050 	EXP 	Leftimg: image = u'frogs/ab40.jpg'
46.7050 	EXP 	Rightimg: pos = array([ 300.,    0.])
46.7050 	EXP 	Rightimg: image = u'frogs/ab80.jpg'
46.7050 	EXP 	Leftimg: autoDraw = True
46.7050 	EXP 	Rightimg: autoDraw = True
47.0897 	DATA 	Keypress: right
47.0907 	EXP 	New trial (rep=0, index=40): {'YLeftPos': 0, 'time_presentation': 0.5, 'XLeftPos': -300, 'XRightPos': 300, 'rightimg': u'frogs/ab50.jpg', 'YRightPos': 0, 'leftimg': u'frogs/ab10.jpg'}
47.1550 	EXP 	Leftimg: autoDraw = False
47.1550 	EXP 	Rightimg: autoDraw = False
47.1550 	EXP 	text: autoDraw = False
47.1550 	EXP 	Leftimg: pos = array([-300.,    0.])
47.1550 	EXP 	Leftimg: image = u'frogs/ab10.jpg'
47.1550 	EXP 	Rightimg: pos = array([ 300.,    0.])
47.1550 	EXP 	Rightimg: image = u'frogs/ab50.jpg'
47.1550 	EXP 	Leftimg: autoDraw = True
47.1550 	EXP 	Rightimg: autoDraw = True
47.6047 	EXP 	Leftimg: autoDraw = False
47.6047 	EXP 	Rightimg: autoDraw = False
47.6564 	DATA 	Keypress: right
47.6575 	EXP 	New trial (rep=0, index=41): {'YLeftPos': 0, 'time_presentation': 0.5, 'XLeftPos': -300, 'XRightPos': 300, 'rightimg': u'frogs/ab64.jpg', 'YRightPos': 0, 'leftimg': u'frogs/ab24.jpg'}
47.6876 	EXP 	Leftimg: autoDraw = False
47.6876 	EXP 	Rightimg: autoDraw = False
47.6876 	EXP 	text: autoDraw = False
47.6876 	EXP 	Leftimg: pos = array([-300.,    0.])
47.6876 	EXP 	Leftimg: image = u'frogs/ab24.jpg'
47.6876 	EXP 	Rightimg: pos = array([ 300.,    0.])
47.6876 	EXP 	Rightimg: image = u'frogs/ab64.jpg'
47.6876 	EXP 	Leftimg: autoDraw = True
47.6876 	EXP 	Rightimg: autoDraw = True
48.1714 	EXP 	Leftimg: autoDraw = False
48.1714 	EXP 	Rightimg: autoDraw = False
48.2231 	DATA 	Keypress: right
48.2243 	EXP 	New trial (rep=0, index=42): {'YLeftPos': 0, 'time_presentation': 0.5, 'XLeftPos': -300, 'XRightPos': 300, 'rightimg': u'frogs/ab65.jpg', 'YRightPos': 0, 'leftimg': u'frogs/ab25.jpg'}
48.2883 	EXP 	Leftimg: autoDraw = False
48.2883 	EXP 	Rightimg: autoDraw = False
48.2883 	EXP 	text: autoDraw = False
48.2883 	EXP 	Leftimg: pos = array([-300.,    0.])
48.2883 	EXP 	Leftimg: image = u'frogs/ab25.jpg'
48.2883 	EXP 	Rightimg: pos = array([ 300.,    0.])
48.2883 	EXP 	Rightimg: image = u'frogs/ab65.jpg'
48.2883 	EXP 	Leftimg: autoDraw = True
48.2883 	EXP 	Rightimg: autoDraw = True
48.6052 	DATA 	Keypress: left
48.6062 	EXP 	New trial (rep=0, index=43): {'YLeftPos': 0, 'time_presentation': 0.5, 'XLeftPos': -300, 'XRightPos': 300, 'rightimg': u'frogs/ab62.jpg', 'YRightPos': 0, 'leftimg': u'frogs/ab22.jpg'}
48.7879 	EXP 	Leftimg: autoDraw = False
48.7879 	EXP 	Rightimg: autoDraw = False
48.7879 	EXP 	text: autoDraw = False
48.7879 	EXP 	Leftimg: pos = array([-300.,    0.])
48.7879 	EXP 	Leftimg: image = u'frogs/ab22.jpg'
48.7879 	EXP 	Rightimg: pos = array([ 300.,    0.])
48.7879 	EXP 	Rightimg: image = u'frogs/ab62.jpg'
48.7879 	EXP 	Leftimg: autoDraw = True
48.7879 	EXP 	Rightimg: autoDraw = True
49.1216 	EXP 	Leftimg: autoDraw = False
49.1216 	EXP 	Rightimg: autoDraw = False
49.2555 	DATA 	Keypress: left
49.3188 	EXP 	window1: blendMode = 'avg'
49.3379 	EXP 	Leftimg: autoDraw = False
49.3379 	EXP 	Rightimg: autoDraw = False
49.3379 	EXP 	text: autoDraw = False
49.3379 	EXP 	text_3: autoDraw = True
49.3389 	EXP 	window1: blendMode = 'avg'
49.3561 	EXP 	window1: blendMode = 'avg'
49.3723 	EXP 	window1: blendMode = 'avg'
49.3889 	EXP 	window1: blendMode = 'avg'
49.4053 	EXP 	window1: blendMode = 'avg'
49.4224 	EXP 	window1: blendMode = 'avg'
49.4389 	EXP 	window1: blendMode = 'avg'
49.4555 	EXP 	window1: blendMode = 'avg'
49.4722 	EXP 	window1: blendMode = 'avg'
49.4889 	EXP 	window1: blendMode = 'avg'
49.5055 	EXP 	window1: blendMode = 'avg'
49.5223 	EXP 	window1: blendMode = 'avg'
49.5390 	EXP 	window1: blendMode = 'avg'
49.5554 	EXP 	window1: blendMode = 'avg'
49.5725 	EXP 	window1: blendMode = 'avg'
49.5889 	EXP 	window1: blendMode = 'avg'
49.6057 	EXP 	window1: blendMode = 'avg'
49.6220 	EXP 	window1: blendMode = 'avg'
49.6382 	EXP 	window1: blendMode = 'avg'
49.6559 	EXP 	window1: blendMode = 'avg'
49.6723 	EXP 	window1: blendMode = 'avg'
49.6890 	EXP 	window1: blendMode = 'avg'
49.7054 	EXP 	window1: blendMode = 'avg'
49.7220 	EXP 	window1: blendMode = 'avg'
49.7392 	EXP 	window1: blendMode = 'avg'
49.7556 	EXP 	window1: blendMode = 'avg'
49.7724 	EXP 	window1: blendMode = 'avg'
49.7889 	EXP 	window1: blendMode = 'avg'
49.8049 	EXP 	window1: blendMode = 'avg'
49.8216 	EXP 	window1: blendMode = 'avg'
49.8389 	EXP 	window1: blendMode = 'avg'
49.8548 	EXP 	window1: blendMode = 'avg'
49.8723 	EXP 	window1: blendMode = 'avg'
49.8889 	EXP 	window1: blendMode = 'avg'
49.9056 	EXP 	window1: blendMode = 'avg'
49.9221 	EXP 	window1: blendMode = 'avg'
49.9390 	EXP 	window1: blendMode = 'avg'
49.9559 	EXP 	window1: blendMode = 'avg'
49.9724 	EXP 	window1: blendMode = 'avg'
49.9889 	EXP 	window1: blendMode = 'avg'
50.0057 	EXP 	window1: blendMode = 'avg'
50.0224 	EXP 	window1: blendMode = 'avg'
50.0389 	EXP 	window1: blendMode = 'avg'
50.0556 	EXP 	window1: blendMode = 'avg'
50.0723 	EXP 	window1: blendMode = 'avg'
50.0887 	EXP 	window1: blendMode = 'avg'
50.1059 	EXP 	window1: blendMode = 'avg'
50.1223 	EXP 	window1: blendMode = 'avg'
50.1389 	EXP 	window1: blendMode = 'avg'
50.1552 	EXP 	window1: blendMode = 'avg'
50.1724 	EXP 	window1: blendMode = 'avg'
50.1893 	EXP 	window1: blendMode = 'avg'
50.2059 	EXP 	window1: blendMode = 'avg'
50.2223 	EXP 	window1: blendMode = 'avg'
50.2389 	EXP 	window1: blendMode = 'avg'
50.2558 	EXP 	window1: blendMode = 'avg'
50.2723 	EXP 	window1: blendMode = 'avg'
50.2888 	EXP 	window1: blendMode = 'avg'
50.3056 	EXP 	window1: blendMode = 'avg'
50.3221 	EXP 	window1: blendMode = 'avg'
50.3389 	EXP 	window1: blendMode = 'avg'
50.3556 	EXP 	window1: blendMode = 'avg'
50.3723 	EXP 	window1: blendMode = 'avg'
50.3887 	EXP 	window1: blendMode = 'avg'
50.4056 	EXP 	window1: blendMode = 'avg'
50.4223 	EXP 	window1: blendMode = 'avg'
50.4391 	EXP 	window1: blendMode = 'avg'
50.4556 	EXP 	window1: blendMode = 'avg'
50.4737 	DATA 	Keypress: space
50.4748 	EXP 	window1: blendMode = 'avg'
50.4894 	EXP 	window1: blendMode = 'avg'
50.5060 	EXP 	window1: blendMode = 'avg'
50.5223 	EXP 	window1: blendMode = 'avg'
50.5393 	EXP 	window1: blendMode = 'avg'
50.5559 	EXP 	window1: blendMode = 'avg'
50.5725 	EXP 	window1: blendMode = 'avg'
50.5889 	EXP 	window1: blendMode = 'avg'
50.6056 	EXP 	window1: blendMode = 'avg'
50.6221 	EXP 	window1: blendMode = 'avg'
50.6389 	EXP 	window1: blendMode = 'avg'
50.6556 	EXP 	window1: blendMode = 'avg'
50.6720 	EXP 	window1: blendMode = 'avg'
50.6888 	EXP 	window1: blendMode = 'avg'
50.7058 	EXP 	window1: blendMode = 'avg'
50.7223 	EXP 	window1: blendMode = 'avg'
50.7389 	EXP 	window1: blendMode = 'avg'
50.7554 	EXP 	window1: blendMode = 'avg'
50.7723 	EXP 	window1: blendMode = 'avg'
50.7889 	EXP 	window1: blendMode = 'avg'
50.8059 	EXP 	window1: blendMode = 'avg'
50.8219 	EXP 	window1: blendMode = 'avg'
50.8392 	EXP 	window1: blendMode = 'avg'
50.8556 	EXP 	window1: blendMode = 'avg'
50.8722 	EXP 	window1: blendMode = 'avg'
50.8887 	EXP 	window1: blendMode = 'avg'
50.9056 	EXP 	window1: blendMode = 'avg'
50.9223 	EXP 	window1: blendMode = 'avg'
50.9386 	EXP 	window1: blendMode = 'avg'
50.9551 	EXP 	window1: blendMode = 'avg'
50.9710 	EXP 	window1: blendMode = 'avg'
50.9879 	EXP 	window1: blendMode = 'avg'
51.0046 	EXP 	window1: blendMode = 'avg'
51.0223 	EXP 	window1: blendMode = 'avg'
51.0389 	EXP 	window1: blendMode = 'avg'
51.0556 	EXP 	window1: blendMode = 'avg'
51.0724 	EXP 	window1: blendMode = 'avg'
51.0881 	EXP 	window1: blendMode = 'avg'
51.1047 	EXP 	window1: blendMode = 'avg'
51.1215 	EXP 	window1: blendMode = 'avg'
51.1389 	EXP 	window1: blendMode = 'avg'
51.1557 	EXP 	window1: blendMode = 'avg'
51.1723 	EXP 	window1: blendMode = 'avg'
51.1889 	EXP 	window1: blendMode = 'avg'
51.2049 	EXP 	window1: blendMode = 'avg'
51.2218 	EXP 	window1: blendMode = 'avg'
51.2391 	EXP 	window1: blendMode = 'avg'
51.2556 	EXP 	window1: blendMode = 'avg'
51.2721 	EXP 	window1: blendMode = 'avg'
51.2882 	EXP 	window1: blendMode = 'avg'
51.3056 	EXP 	window1: blendMode = 'avg'
51.3223 	EXP 	window1: blendMode = 'avg'
51.3389 	EXP 	window1: blendMode = 'avg'
51.3553 	EXP 	window1: blendMode = 'avg'
51.3725 	EXP 	window1: blendMode = 'avg'
51.3890 	EXP 	window1: blendMode = 'avg'
51.4056 	EXP 	window1: blendMode = 'avg'
51.4221 	EXP 	window1: blendMode = 'avg'
51.4387 	EXP 	window1: blendMode = 'avg'
51.4552 	EXP 	window1: blendMode = 'avg'
51.4716 	EXP 	window1: blendMode = 'avg'
51.4889 	EXP 	window1: blendMode = 'avg'
51.5056 	EXP 	window1: blendMode = 'avg'
51.5220 	EXP 	window1: blendMode = 'avg'
51.5380 	EXP 	window1: blendMode = 'avg'
51.5556 	EXP 	window1: blendMode = 'avg'
51.5722 	EXP 	window1: blendMode = 'avg'
51.5889 	EXP 	window1: blendMode = 'avg'
51.6056 	EXP 	window1: blendMode = 'avg'
51.6222 	EXP 	window1: blendMode = 'avg'
51.6386 	EXP 	window1: blendMode = 'avg'
51.6556 	EXP 	window1: blendMode = 'avg'
51.6722 	EXP 	window1: blendMode = 'avg'
51.6889 	EXP 	window1: blendMode = 'avg'
51.7056 	EXP 	window1: blendMode = 'avg'
51.7222 	EXP 	window1: blendMode = 'avg'
51.7389 	EXP 	window1: blendMode = 'avg'
51.7556 	EXP 	window1: blendMode = 'avg'
51.7722 	EXP 	window1: blendMode = 'avg'
51.7888 	EXP 	window1: blendMode = 'avg'
51.8056 	EXP 	window1: blendMode = 'avg'
51.8223 	EXP 	window1: blendMode = 'avg'
51.8389 	EXP 	window1: blendMode = 'avg'
51.8555 	EXP 	window1: blendMode = 'avg'
51.8723 	EXP 	window1: blendMode = 'avg'
51.8889 	EXP 	window1: blendMode = 'avg'
51.9056 	EXP 	window1: blendMode = 'avg'
51.9220 	EXP 	window1: blendMode = 'avg'
51.9390 	EXP 	window1: blendMode = 'avg'
51.9556 	EXP 	window1: blendMode = 'avg'
51.9723 	EXP 	window1: blendMode = 'avg'
51.9888 	EXP 	window1: blendMode = 'avg'
52.0055 	EXP 	window1: blendMode = 'avg'
52.0223 	EXP 	window1: blendMode = 'avg'
52.0389 	EXP 	window1: blendMode = 'avg'
52.0554 	EXP 	window1: blendMode = 'avg'
52.0712 	EXP 	window1: blendMode = 'avg'
52.0889 	EXP 	window1: blendMode = 'avg'
52.1056 	EXP 	window1: blendMode = 'avg'
52.1223 	EXP 	window1: blendMode = 'avg'
52.1389 	EXP 	window1: blendMode = 'avg'
52.1554 	EXP 	window1: blendMode = 'avg'
52.1720 	EXP 	window1: blendMode = 'avg'
52.1889 	EXP 	window1: blendMode = 'avg'
52.2056 	EXP 	window1: blendMode = 'avg'
52.2221 	EXP 	window1: blendMode = 'avg'
52.2389 	EXP 	window1: blendMode = 'avg'
52.2556 	EXP 	window1: blendMode = 'avg'
52.2723 	EXP 	window1: blendMode = 'avg'
52.2888 	EXP 	window1: blendMode = 'avg'
52.3055 	EXP 	window1: blendMode = 'avg'
52.3219 	EXP 	window1: blendMode = 'avg'
52.3384 	EXP 	window1: blendMode = 'avg'
52.3549 	EXP 	window1: blendMode = 'avg'
52.3714 	EXP 	window1: blendMode = 'avg'
52.3893 	EXP 	window1: blendMode = 'avg'
52.4058 	EXP 	window1: blendMode = 'avg'
52.4219 	EXP 	window1: blendMode = 'avg'
52.4389 	EXP 	window1: blendMode = 'avg'
52.4556 	EXP 	window1: blendMode = 'avg'
52.4724 	EXP 	window1: blendMode = 'avg'
52.4881 	EXP 	window1: blendMode = 'avg'
52.5056 	EXP 	window1: blendMode = 'avg'
52.5220 	EXP 	window1: blendMode = 'avg'
52.5389 	EXP 	window1: blendMode = 'avg'
52.5556 	EXP 	window1: blendMode = 'avg'
52.5722 	EXP 	window1: blendMode = 'avg'
52.5889 	EXP 	window1: blendMode = 'avg'
52.6055 	EXP 	window1: blendMode = 'avg'
52.6222 	EXP 	window1: blendMode = 'avg'
52.6389 	EXP 	window1: blendMode = 'avg'
52.6556 	EXP 	window1: blendMode = 'avg'
52.6723 	EXP 	window1: blendMode = 'avg'
52.6888 	EXP 	window1: blendMode = 'avg'
52.7056 	EXP 	window1: blendMode = 'avg'
52.7222 	EXP 	window1: blendMode = 'avg'
52.7389 	EXP 	window1: blendMode = 'avg'
52.7557 	EXP 	window1: blendMode = 'avg'
52.7722 	EXP 	window1: blendMode = 'avg'
52.7889 	EXP 	window1: blendMode = 'avg'
52.8056 	EXP 	window1: blendMode = 'avg'
52.8225 	EXP 	window1: blendMode = 'avg'
52.8389 	EXP 	window1: blendMode = 'avg'
52.8555 	EXP 	window1: blendMode = 'avg'
52.8722 	EXP 	window1: blendMode = 'avg'
52.8887 	EXP 	window1: blendMode = 'avg'
52.9058 	EXP 	window1: blendMode = 'avg'
52.9222 	EXP 	window1: blendMode = 'avg'
52.9389 	EXP 	window1: blendMode = 'avg'
52.9554 	EXP 	window1: blendMode = 'avg'
52.9714 	EXP 	window1: blendMode = 'avg'
52.9889 	EXP 	window1: blendMode = 'avg'
53.0055 	EXP 	window1: blendMode = 'avg'
53.0220 	EXP 	window1: blendMode = 'avg'
53.0389 	EXP 	window1: blendMode = 'avg'
53.0556 	EXP 	window1: blendMode = 'avg'
53.0722 	EXP 	window1: blendMode = 'avg'
53.0887 	EXP 	window1: blendMode = 'avg'
53.1050 	EXP 	window1: blendMode = 'avg'
53.1225 	EXP 	window1: blendMode = 'avg'
53.1379 	EXP 	window1: blendMode = 'avg'
53.1548 	EXP 	window1: blendMode = 'avg'
53.1723 	EXP 	window1: blendMode = 'avg'
53.1889 	EXP 	window1: blendMode = 'avg'
53.2055 	EXP 	window1: blendMode = 'avg'
53.2221 	EXP 	window1: blendMode = 'avg'
53.2389 	EXP 	window1: blendMode = 'avg'
53.2556 	EXP 	window1: blendMode = 'avg'
53.2722 	EXP 	window1: blendMode = 'avg'
53.2887 	EXP 	window1: blendMode = 'avg'
53.3055 	EXP 	window1: blendMode = 'avg'
53.3229 	EXP 	window1: blendMode = 'avg'
53.3391 	EXP 	window1: blendMode = 'avg'
53.3550 	EXP 	window1: blendMode = 'avg'
53.3725 	EXP 	window1: blendMode = 'avg'
53.3889 	EXP 	window1: blendMode = 'avg'
53.4048 	EXP 	window1: blendMode = 'avg'
53.4221 	EXP 	window1: blendMode = 'avg'
53.4389 	EXP 	window1: blendMode = 'avg'
53.4556 	EXP 	window1: blendMode = 'avg'
53.4723 	EXP 	window1: blendMode = 'avg'
53.4889 	EXP 	window1: blendMode = 'avg'
53.5056 	EXP 	window1: blendMode = 'avg'
53.5222 	EXP 	window1: blendMode = 'avg'
53.5389 	EXP 	window1: blendMode = 'avg'
53.5556 	EXP 	window1: blendMode = 'avg'
53.5722 	EXP 	window1: blendMode = 'avg'
53.5889 	EXP 	window1: blendMode = 'avg'
53.6055 	EXP 	window1: blendMode = 'avg'
53.6221 	EXP 	window1: blendMode = 'avg'
53.6389 	EXP 	window1: blendMode = 'avg'
53.6553 	EXP 	window1: blendMode = 'avg'
53.6722 	EXP 	window1: blendMode = 'avg'
53.6887 	EXP 	window1: blendMode = 'avg'
53.7055 	EXP 	window1: blendMode = 'avg'
53.7223 	EXP 	window1: blendMode = 'avg'
53.7389 	EXP 	window1: blendMode = 'avg'
53.7566 	DATA 	Keypress: escape
53.8615 	EXP 	window1: mouseVisible = True
