20.2797 	EXP 	Created window1 = Window(allowGUI=False, allowStencil=False, autoLog=True, bitsMode=UNKNOWN, blendMode='avg', color=array([ 0.,  0.,  0.]), colorSpace='rgb', fullscr=UNKNOWN, gamma=None, lms=UNKNOWN, monitor=<psychopy.monitors.calibTools.Monitor object at 0x113c1c410>, multiSample=False, name='window1', numSamples=2, pos=[0, 0], screen=0, size=array([1440,  900]), stereo=False, units=u'norm', useFBO=True, useRetina=False, viewOri=0.0, viewPos=None, viewScale=None, waitBlanking=True, winType='pyglet')
20.2797 	EXP 	window1: recordFrameIntervals = False
20.4457 	EXP 	window1: recordFrameIntervals = True
20.6293 	EXP 	window1: recordFrameIntervals = False
20.7145 	EXP 	Created text_2 = TextStim(alignHoriz='center', alignVert='center', antialias=True, autoLog=True, bold=False, color='white', colorSpace='named', contrast=1.0, depth=0.0, flipHoriz=False, flipVert=False, font='Arial', fontFiles=[], height=0.1, italic=False, name='text_2', opacity=1.0, ori=0, pos=array([ 0.,  0.]), rgb=array([ 255.,  255.,  255.]), text=unicode(...), units=u'norm', win=Window(...), wrapWidth=1)
20.7160 	EXP 	Created Leftimg = ImageStim(autoLog=True, color=array([ 1.,  1.,  1.]), colorSpace='rgb', contrast=1.0, depth=0.0, flipHoriz=False, flipVert=False, image='sin', interpolate=True, mask=None, maskParams=None, name='Leftimg', opacity=1.0, ori=0.0, pos=array([ 0.,  0.]), size=array([ 400.,  400.]), texRes=128, units='pix', win=Window(...))
20.7172 	EXP 	Created Rightimg = ImageStim(autoLog=True, color=array([ 1.,  1.,  1.]), colorSpace='rgb', contrast=1.0, depth=-1.0, flipHoriz=False, flipVert=False, image='sin', interpolate=True, mask=None, maskParams=None, name='Rightimg', opacity=1.0, ori=0.0, pos=array([ 0.,  0.]), size=array([ 400.,  400.]), texRes=128, units='pix', win=Window(...))
20.7274 	EXP 	Created text = TextStim(alignHoriz='center', alignVert='center', antialias=True, autoLog=True, bold=False, color='white', colorSpace='named', contrast=1.0, depth=-4.0, flipHoriz=False, flipVert=False, font='Arial', fontFiles=[], height=0.05, italic=False, name='text', opacity=1.0, ori=0, pos=array([ 0.,  0.]), rgb=array([ 255.,  255.,  255.]), text=u'to proceed press the space bar.', units=u'norm', win=Window(...), wrapWidth=1)
20.7368 	EXP 	Created text_3 = TextStim(alignHoriz='center', alignVert='center', antialias=True, autoLog=True, bold=False, color='white', colorSpace='named', contrast=1.0, depth=0.0, flipHoriz=False, flipVert=False, font='Arial', fontFiles=[], height=0.1, italic=False, name='text_3', opacity=1.0, ori=0, pos=array([ 0.,  0.]), rgb=array([ 255.,  255.,  255.]), text=unicode(...), units=u'norm', win=Window(...), wrapWidth=1)
20.7413 	EXP 	window1: blendMode = 'avg'
20.7614 	EXP 	text_2: autoDraw = True
20.7651 	EXP 	window1: blendMode = 'avg'
20.7798 	EXP 	window1: blendMode = 'avg'
20.7966 	EXP 	window1: blendMode = 'avg'
20.8131 	EXP 	window1: blendMode = 'avg'
20.8298 	EXP 	window1: blendMode = 'avg'
20.8467 	EXP 	window1: blendMode = 'avg'
20.8631 	EXP 	window1: blendMode = 'avg'
20.8798 	EXP 	window1: blendMode = 'avg'
20.8965 	EXP 	window1: blendMode = 'avg'
20.9131 	EXP 	window1: blendMode = 'avg'
20.9296 	EXP 	window1: blendMode = 'avg'
20.9464 	EXP 	window1: blendMode = 'avg'
20.9631 	EXP 	window1: blendMode = 'avg'
20.9797 	EXP 	window1: blendMode = 'avg'
20.9962 	EXP 	window1: blendMode = 'avg'
21.0133 	EXP 	window1: blendMode = 'avg'
21.0297 	EXP 	window1: blendMode = 'avg'
21.0464 	EXP 	window1: blendMode = 'avg'
21.0631 	EXP 	window1: blendMode = 'avg'
21.0798 	EXP 	window1: blendMode = 'avg'
21.0964 	EXP 	window1: blendMode = 'avg'
21.1130 	EXP 	window1: blendMode = 'avg'
21.1298 	EXP 	window1: blendMode = 'avg'
21.1464 	EXP 	window1: blendMode = 'avg'
21.1631 	EXP 	window1: blendMode = 'avg'
21.1797 	EXP 	window1: blendMode = 'avg'
21.1965 	EXP 	window1: blendMode = 'avg'
21.2131 	EXP 	window1: blendMode = 'avg'
21.2297 	EXP 	window1: blendMode = 'avg'
21.2463 	EXP 	window1: blendMode = 'avg'
21.2629 	EXP 	window1: blendMode = 'avg'
21.2798 	EXP 	window1: blendMode = 'avg'
21.2965 	EXP 	window1: blendMode = 'avg'
21.3131 	EXP 	window1: blendMode = 'avg'
21.3296 	EXP 	window1: blendMode = 'avg'
21.3467 	EXP 	window1: blendMode = 'avg'
21.3630 	EXP 	window1: blendMode = 'avg'
21.3792 	EXP 	window1: blendMode = 'avg'
21.3966 	EXP 	window1: blendMode = 'avg'
21.4131 	EXP 	window1: blendMode = 'avg'
21.4297 	EXP 	window1: blendMode = 'avg'
21.4464 	EXP 	window1: blendMode = 'avg'
21.4630 	EXP 	window1: blendMode = 'avg'
21.4797 	EXP 	window1: blendMode = 'avg'
21.4961 	EXP 	window1: blendMode = 'avg'
21.5133 	EXP 	window1: blendMode = 'avg'
21.5297 	EXP 	window1: blendMode = 'avg'
21.5462 	EXP 	window1: blendMode = 'avg'
21.5628 	EXP 	window1: blendMode = 'avg'
21.5799 	EXP 	window1: blendMode = 'avg'
21.5964 	EXP 	window1: blendMode = 'avg'
21.6130 	EXP 	window1: blendMode = 'avg'
21.6295 	EXP 	window1: blendMode = 'avg'
21.6467 	EXP 	window1: blendMode = 'avg'
21.6628 	EXP 	window1: blendMode = 'avg'
21.6799 	EXP 	window1: blendMode = 'avg'
21.6963 	EXP 	window1: blendMode = 'avg'
21.7126 	EXP 	window1: blendMode = 'avg'
21.7300 	EXP 	window1: blendMode = 'avg'
21.7463 	EXP 	window1: blendMode = 'avg'
21.7631 	EXP 	window1: blendMode = 'avg'
21.7797 	EXP 	window1: blendMode = 'avg'
21.7963 	EXP 	window1: blendMode = 'avg'
21.8130 	EXP 	window1: blendMode = 'avg'
21.8293 	EXP 	window1: blendMode = 'avg'
21.8465 	EXP 	window1: blendMode = 'avg'
21.8633 	EXP 	window1: blendMode = 'avg'
21.8797 	EXP 	window1: blendMode = 'avg'
21.8964 	EXP 	window1: blendMode = 'avg'
21.9131 	EXP 	window1: blendMode = 'avg'
21.9295 	EXP 	window1: blendMode = 'avg'
21.9466 	EXP 	window1: blendMode = 'avg'
21.9630 	EXP 	window1: blendMode = 'avg'
21.9797 	EXP 	window1: blendMode = 'avg'
21.9961 	EXP 	window1: blendMode = 'avg'
22.0132 	EXP 	window1: blendMode = 'avg'
22.0297 	EXP 	window1: blendMode = 'avg'
22.0463 	EXP 	window1: blendMode = 'avg'
22.0628 	EXP 	window1: blendMode = 'avg'
22.0800 	EXP 	window1: blendMode = 'avg'
22.0964 	EXP 	window1: blendMode = 'avg'
22.1131 	EXP 	window1: blendMode = 'avg'
22.1295 	EXP 	window1: blendMode = 'avg'
22.1467 	EXP 	window1: blendMode = 'avg'
22.1630 	EXP 	window1: blendMode = 'avg'
22.1797 	EXP 	window1: blendMode = 'avg'
22.1964 	EXP 	window1: blendMode = 'avg'
22.2130 	EXP 	window1: blendMode = 'avg'
22.2295 	EXP 	window1: blendMode = 'avg'
22.2467 	EXP 	window1: blendMode = 'avg'
22.2631 	EXP 	window1: blendMode = 'avg'
22.2797 	EXP 	window1: blendMode = 'avg'
22.2962 	EXP 	window1: blendMode = 'avg'
22.3133 	EXP 	window1: blendMode = 'avg'
22.3297 	EXP 	window1: blendMode = 'avg'
22.3464 	EXP 	window1: blendMode = 'avg'
22.3629 	EXP 	window1: blendMode = 'avg'
22.3800 	EXP 	window1: blendMode = 'avg'
22.3964 	EXP 	window1: blendMode = 'avg'
22.4130 	EXP 	window1: blendMode = 'avg'
22.4295 	EXP 	window1: blendMode = 'avg'
22.4466 	EXP 	window1: blendMode = 'avg'
22.4630 	EXP 	window1: blendMode = 'avg'
22.4797 	EXP 	window1: blendMode = 'avg'
22.4962 	EXP 	window1: blendMode = 'avg'
22.5134 	EXP 	window1: blendMode = 'avg'
22.5297 	EXP 	window1: blendMode = 'avg'
22.5463 	EXP 	window1: blendMode = 'avg'
22.5628 	EXP 	window1: blendMode = 'avg'
22.5800 	EXP 	window1: blendMode = 'avg'
22.5963 	EXP 	window1: blendMode = 'avg'
22.6131 	EXP 	window1: blendMode = 'avg'
22.6297 	EXP 	window1: blendMode = 'avg'
22.6463 	EXP 	window1: blendMode = 'avg'
22.6625 	EXP 	window1: blendMode = 'avg'
22.6800 	EXP 	window1: blendMode = 'avg'
22.6963 	EXP 	window1: blendMode = 'avg'
22.7128 	EXP 	window1: blendMode = 'avg'
22.7301 	EXP 	window1: blendMode = 'avg'
22.7466 	EXP 	window1: blendMode = 'avg'
22.7631 	EXP 	window1: blendMode = 'avg'
22.7797 	EXP 	window1: blendMode = 'avg'
22.7961 	EXP 	window1: blendMode = 'avg'
22.8132 	EXP 	window1: blendMode = 'avg'
22.8295 	EXP 	window1: blendMode = 'avg'
22.8466 	EXP 	window1: blendMode = 'avg'
22.8631 	EXP 	window1: blendMode = 'avg'
22.8797 	EXP 	window1: blendMode = 'avg'
22.8965 	EXP 	window1: blendMode = 'avg'
22.9128 	EXP 	window1: blendMode = 'avg'
22.9300 	EXP 	window1: blendMode = 'avg'
22.9463 	EXP 	window1: blendMode = 'avg'
22.9632 	EXP 	window1: blendMode = 'avg'
22.9797 	EXP 	window1: blendMode = 'avg'
22.9964 	EXP 	window1: blendMode = 'avg'
23.0131 	EXP 	window1: blendMode = 'avg'
23.0298 	EXP 	window1: blendMode = 'avg'
23.0464 	EXP 	window1: blendMode = 'avg'
23.0631 	EXP 	window1: blendMode = 'avg'
23.0797 	EXP 	window1: blendMode = 'avg'
23.0961 	EXP 	window1: blendMode = 'avg'
23.1122 	EXP 	window1: blendMode = 'avg'
23.1295 	EXP 	window1: blendMode = 'avg'
23.1466 	EXP 	window1: blendMode = 'avg'
23.1631 	EXP 	window1: blendMode = 'avg'
23.1797 	EXP 	window1: blendMode = 'avg'
23.1962 	EXP 	window1: blendMode = 'avg'
23.2133 	EXP 	window1: blendMode = 'avg'
23.2296 	EXP 	window1: blendMode = 'avg'
23.2463 	EXP 	window1: blendMode = 'avg'
23.2630 	EXP 	window1: blendMode = 'avg'
23.2797 	EXP 	window1: blendMode = 'avg'
23.2962 	EXP 	window1: blendMode = 'avg'
23.3132 	EXP 	window1: blendMode = 'avg'
23.3297 	EXP 	window1: blendMode = 'avg'
23.3464 	EXP 	window1: blendMode = 'avg'
23.3629 	EXP 	window1: blendMode = 'avg'
23.3800 	EXP 	window1: blendMode = 'avg'
23.3963 	EXP 	window1: blendMode = 'avg'
23.4131 	EXP 	window1: blendMode = 'avg'
23.4295 	EXP 	window1: blendMode = 'avg'
23.4456 	EXP 	window1: blendMode = 'avg'
23.4621 	EXP 	window1: blendMode = 'avg'
23.4788 	EXP 	window1: blendMode = 'avg'
23.4964 	EXP 	window1: blendMode = 'avg'
23.5131 	EXP 	window1: blendMode = 'avg'
23.5298 	EXP 	window1: blendMode = 'avg'
23.5462 	EXP 	window1: blendMode = 'avg'
23.5631 	EXP 	window1: blendMode = 'avg'
23.5797 	EXP 	window1: blendMode = 'avg'
23.5960 	EXP 	window1: blendMode = 'avg'
23.6133 	EXP 	window1: blendMode = 'avg'
23.6291 	EXP 	window1: blendMode = 'avg'
23.6463 	EXP 	window1: blendMode = 'avg'
23.6630 	EXP 	window1: blendMode = 'avg'
23.6796 	EXP 	window1: blendMode = 'avg'
23.6961 	EXP 	window1: blendMode = 'avg'
23.7130 	EXP 	window1: blendMode = 'avg'
23.7298 	EXP 	window1: blendMode = 'avg'
23.7464 	EXP 	window1: blendMode = 'avg'
23.7631 	EXP 	window1: blendMode = 'avg'
23.7794 	EXP 	window1: blendMode = 'avg'
23.7966 	EXP 	window1: blendMode = 'avg'
23.8130 	EXP 	window1: blendMode = 'avg'
23.8296 	EXP 	window1: blendMode = 'avg'
23.8461 	EXP 	window1: blendMode = 'avg'
23.8633 	EXP 	window1: blendMode = 'avg'
23.8796 	EXP 	window1: blendMode = 'avg'
23.8963 	EXP 	window1: blendMode = 'avg'
23.9131 	EXP 	window1: blendMode = 'avg'
23.9295 	EXP 	window1: blendMode = 'avg'
23.9466 	EXP 	window1: blendMode = 'avg'
23.9628 	EXP 	window1: blendMode = 'avg'
23.9799 	EXP 	window1: blendMode = 'avg'
23.9963 	EXP 	window1: blendMode = 'avg'
24.0130 	EXP 	window1: blendMode = 'avg'
24.0295 	EXP 	window1: blendMode = 'avg'
24.0466 	EXP 	window1: blendMode = 'avg'
24.0631 	EXP 	window1: blendMode = 'avg'
24.0797 	EXP 	window1: blendMode = 'avg'
24.0961 	EXP 	window1: blendMode = 'avg'
24.1132 	EXP 	window1: blendMode = 'avg'
24.1295 	EXP 	window1: blendMode = 'avg'
24.1463 	EXP 	window1: blendMode = 'avg'
24.1627 	EXP 	window1: blendMode = 'avg'
24.1800 	EXP 	window1: blendMode = 'avg'
24.1963 	EXP 	window1: blendMode = 'avg'
24.2130 	EXP 	window1: blendMode = 'avg'
24.2292 	EXP 	window1: blendMode = 'avg'
24.2460 	EXP 	window1: blendMode = 'avg'
24.2632 	EXP 	window1: blendMode = 'avg'
24.2797 	EXP 	window1: blendMode = 'avg'
24.2960 	EXP 	window1: blendMode = 'avg'
24.3132 	EXP 	window1: blendMode = 'avg'
24.3298 	EXP 	window1: blendMode = 'avg'
24.3463 	EXP 	window1: blendMode = 'avg'
24.3630 	EXP 	window1: blendMode = 'avg'
24.3796 	EXP 	window1: blendMode = 'avg'
24.3964 	EXP 	window1: blendMode = 'avg'
24.4130 	EXP 	window1: blendMode = 'avg'
24.4297 	EXP 	window1: blendMode = 'avg'
24.4464 	EXP 	window1: blendMode = 'avg'
24.4627 	EXP 	window1: blendMode = 'avg'
24.4801 	EXP 	window1: blendMode = 'avg'
24.4965 	EXP 	window1: blendMode = 'avg'
24.5130 	EXP 	window1: blendMode = 'avg'
24.5296 	EXP 	window1: blendMode = 'avg'
24.5463 	EXP 	window1: blendMode = 'avg'
24.5629 	EXP 	window1: blendMode = 'avg'
24.5796 	EXP 	window1: blendMode = 'avg'
24.5962 	EXP 	window1: blendMode = 'avg'
24.6133 	EXP 	window1: blendMode = 'avg'
24.6297 	EXP 	window1: blendMode = 'avg'
24.6464 	EXP 	window1: blendMode = 'avg'
24.6628 	EXP 	window1: blendMode = 'avg'
24.6796 	EXP 	window1: blendMode = 'avg'
24.6964 	EXP 	window1: blendMode = 'avg'
24.7136 	EXP 	window1: blendMode = 'avg'
24.7300 	EXP 	window1: blendMode = 'avg'
24.7464 	EXP 	window1: blendMode = 'avg'
24.7630 	EXP 	window1: blendMode = 'avg'
24.7796 	EXP 	window1: blendMode = 'avg'
24.7963 	EXP 	window1: blendMode = 'avg'
24.8134 	EXP 	window1: blendMode = 'avg'
24.8300 	EXP 	window1: blendMode = 'avg'
24.8464 	EXP 	window1: blendMode = 'avg'
24.8630 	EXP 	window1: blendMode = 'avg'
24.8797 	EXP 	window1: blendMode = 'avg'
24.8963 	EXP 	window1: blendMode = 'avg'
24.9130 	EXP 	window1: blendMode = 'avg'
24.9294 	EXP 	window1: blendMode = 'avg'
24.9465 	EXP 	window1: blendMode = 'avg'
24.9630 	EXP 	window1: blendMode = 'avg'
24.9797 	EXP 	window1: blendMode = 'avg'
24.9961 	EXP 	window1: blendMode = 'avg'
25.0132 	EXP 	window1: blendMode = 'avg'
25.0297 	EXP 	window1: blendMode = 'avg'
25.0464 	EXP 	window1: blendMode = 'avg'
25.0628 	EXP 	window1: blendMode = 'avg'
25.0799 	EXP 	window1: blendMode = 'avg'
25.0963 	EXP 	window1: blendMode = 'avg'
25.1122 	EXP 	window1: blendMode = 'avg'
25.1290 	EXP 	window1: blendMode = 'avg'
25.1463 	EXP 	window1: blendMode = 'avg'
25.1631 	EXP 	window1: blendMode = 'avg'
25.1797 	EXP 	window1: blendMode = 'avg'
25.1962 	EXP 	window1: blendMode = 'avg'
25.2130 	EXP 	window1: blendMode = 'avg'
25.2295 	EXP 	window1: blendMode = 'avg'
25.2465 	EXP 	window1: blendMode = 'avg'
25.2634 	EXP 	window1: blendMode = 'avg'
25.2800 	EXP 	window1: blendMode = 'avg'
25.2964 	EXP 	window1: blendMode = 'avg'
25.3130 	EXP 	window1: blendMode = 'avg'
25.3296 	EXP 	window1: blendMode = 'avg'
25.3463 	EXP 	window1: blendMode = 'avg'
25.3628 	EXP 	window1: blendMode = 'avg'
25.3799 	EXP 	window1: blendMode = 'avg'
25.3963 	EXP 	window1: blendMode = 'avg'
25.4131 	EXP 	window1: blendMode = 'avg'
25.4295 	EXP 	window1: blendMode = 'avg'
25.4466 	EXP 	window1: blendMode = 'avg'
25.4630 	EXP 	window1: blendMode = 'avg'
25.4798 	EXP 	window1: blendMode = 'avg'
25.4964 	EXP 	window1: blendMode = 'avg'
25.5130 	EXP 	window1: blendMode = 'avg'
25.5292 	EXP 	window1: blendMode = 'avg'
25.5464 	EXP 	window1: blendMode = 'avg'
25.5629 	EXP 	window1: blendMode = 'avg'
25.5797 	EXP 	window1: blendMode = 'avg'
25.5961 	EXP 	window1: blendMode = 'avg'
25.6133 	EXP 	window1: blendMode = 'avg'
25.6297 	EXP 	window1: blendMode = 'avg'
25.6463 	EXP 	window1: blendMode = 'avg'
25.6628 	EXP 	window1: blendMode = 'avg'
25.6797 	EXP 	window1: blendMode = 'avg'
25.6963 	EXP 	window1: blendMode = 'avg'
25.7130 	EXP 	window1: blendMode = 'avg'
25.7294 	EXP 	window1: blendMode = 'avg'
25.7465 	EXP 	window1: blendMode = 'avg'
25.7631 	EXP 	window1: blendMode = 'avg'
25.7797 	EXP 	window1: blendMode = 'avg'
25.7961 	EXP 	window1: blendMode = 'avg'
25.8132 	EXP 	window1: blendMode = 'avg'
25.8297 	EXP 	window1: blendMode = 'avg'
25.8463 	EXP 	window1: blendMode = 'avg'
25.8628 	EXP 	window1: blendMode = 'avg'
25.8800 	EXP 	window1: blendMode = 'avg'
25.8963 	EXP 	window1: blendMode = 'avg'
25.9130 	EXP 	window1: blendMode = 'avg'
25.9294 	EXP 	window1: blendMode = 'avg'
25.9466 	EXP 	window1: blendMode = 'avg'
25.9630 	EXP 	window1: blendMode = 'avg'
25.9796 	EXP 	window1: blendMode = 'avg'
25.9964 	EXP 	window1: blendMode = 'avg'
26.0130 	EXP 	window1: blendMode = 'avg'
26.0295 	EXP 	window1: blendMode = 'avg'
26.0454 	EXP 	window1: blendMode = 'avg'
26.0631 	EXP 	window1: blendMode = 'avg'
26.0797 	EXP 	window1: blendMode = 'avg'
26.0961 	EXP 	window1: blendMode = 'avg'
26.1128 	EXP 	window1: blendMode = 'avg'
26.1297 	EXP 	window1: blendMode = 'avg'
26.1463 	EXP 	window1: blendMode = 'avg'
26.1628 	EXP 	window1: blendMode = 'avg'
26.1799 	EXP 	window1: blendMode = 'avg'
26.1963 	EXP 	window1: blendMode = 'avg'
26.2130 	EXP 	window1: blendMode = 'avg'
26.2298 	EXP 	window1: blendMode = 'avg'
26.2454 	EXP 	window1: blendMode = 'avg'
26.2640 	EXP 	window1: blendMode = 'avg'
26.2797 	EXP 	window1: blendMode = 'avg'
26.2965 	EXP 	window1: blendMode = 'avg'
26.3130 	EXP 	window1: blendMode = 'avg'
26.3285 	EXP 	window1: blendMode = 'avg'
26.3458 	EXP 	window1: blendMode = 'avg'
26.3615 	EXP 	window1: blendMode = 'avg'
26.3793 	EXP 	window1: blendMode = 'avg'
26.3965 	EXP 	window1: blendMode = 'avg'
26.4123 	EXP 	window1: blendMode = 'avg'
26.4287 	EXP 	window1: blendMode = 'avg'
26.4464 	EXP 	window1: blendMode = 'avg'
26.4618 	EXP 	window1: blendMode = 'avg'
26.4797 	EXP 	window1: blendMode = 'avg'
26.4963 	EXP 	window1: blendMode = 'avg'
26.5129 	EXP 	window1: blendMode = 'avg'
26.5297 	EXP 	window1: blendMode = 'avg'
26.5463 	EXP 	window1: blendMode = 'avg'
26.5630 	EXP 	window1: blendMode = 'avg'
26.5796 	EXP 	window1: blendMode = 'avg'
26.5965 	EXP 	window1: blendMode = 'avg'
26.6122 	EXP 	window1: blendMode = 'avg'
26.6292 	EXP 	window1: blendMode = 'avg'
26.6454 	EXP 	window1: blendMode = 'avg'
26.6623 	EXP 	window1: blendMode = 'avg'
26.6784 	EXP 	window1: blendMode = 'avg'
26.6955 	EXP 	window1: blendMode = 'avg'
26.7126 	EXP 	window1: blendMode = 'avg'
26.7291 	EXP 	window1: blendMode = 'avg'
26.7456 	EXP 	window1: blendMode = 'avg'
26.7615 	EXP 	window1: blendMode = 'avg'
26.7787 	EXP 	window1: blendMode = 'avg'
26.7954 	EXP 	window1: blendMode = 'avg'
26.8116 	EXP 	window1: blendMode = 'avg'
26.8286 	EXP 	window1: blendMode = 'avg'
26.8448 	EXP 	window1: blendMode = 'avg'
26.8622 	EXP 	window1: blendMode = 'avg'
26.8803 	EXP 	window1: blendMode = 'avg'
26.8964 	EXP 	window1: blendMode = 'avg'
26.9137 	EXP 	window1: blendMode = 'avg'
26.9301 	EXP 	window1: blendMode = 'avg'
26.9472 	EXP 	window1: blendMode = 'avg'
26.9638 	EXP 	window1: blendMode = 'avg'
26.9803 	EXP 	window1: blendMode = 'avg'
26.9966 	EXP 	window1: blendMode = 'avg'
27.0135 	EXP 	window1: blendMode = 'avg'
27.0291 	EXP 	window1: blendMode = 'avg'
27.0465 	EXP 	window1: blendMode = 'avg'
27.0628 	EXP 	window1: blendMode = 'avg'
27.0791 	EXP 	window1: blendMode = 'avg'
27.0967 	EXP 	window1: blendMode = 'avg'
27.1124 	EXP 	window1: blendMode = 'avg'
27.1300 	EXP 	window1: blendMode = 'avg'
27.1474 	EXP 	window1: blendMode = 'avg'
27.1635 	EXP 	window1: blendMode = 'avg'
27.1800 	EXP 	window1: blendMode = 'avg'
27.1970 	EXP 	window1: blendMode = 'avg'
27.2135 	EXP 	window1: blendMode = 'avg'
27.2300 	EXP 	window1: blendMode = 'avg'
27.2464 	EXP 	window1: blendMode = 'avg'
27.2625 	EXP 	window1: blendMode = 'avg'
27.2801 	EXP 	window1: blendMode = 'avg'
27.2963 	EXP 	window1: blendMode = 'avg'
27.3135 	EXP 	window1: blendMode = 'avg'
27.3297 	EXP 	window1: blendMode = 'avg'
27.3457 	EXP 	window1: blendMode = 'avg'
27.3635 	EXP 	window1: blendMode = 'avg'
27.3807 	EXP 	window1: blendMode = 'avg'
27.3969 	EXP 	window1: blendMode = 'avg'
27.4137 	EXP 	window1: blendMode = 'avg'
27.4298 	EXP 	window1: blendMode = 'avg'
27.4467 	EXP 	window1: blendMode = 'avg'
27.4637 	EXP 	window1: blendMode = 'avg'
27.4799 	EXP 	window1: blendMode = 'avg'
27.4962 	EXP 	window1: blendMode = 'avg'
27.5121 	EXP 	window1: blendMode = 'avg'
27.5295 	EXP 	window1: blendMode = 'avg'
27.5465 	EXP 	window1: blendMode = 'avg'
27.5628 	EXP 	window1: blendMode = 'avg'
27.5796 	EXP 	window1: blendMode = 'avg'
27.5973 	EXP 	window1: blendMode = 'avg'
27.6124 	EXP 	window1: blendMode = 'avg'
27.6306 	EXP 	window1: blendMode = 'avg'
27.6468 	EXP 	window1: blendMode = 'avg'
27.6635 	EXP 	window1: blendMode = 'avg'
27.6797 	EXP 	window1: blendMode = 'avg'
27.6968 	EXP 	window1: blendMode = 'avg'
27.7131 	EXP 	window1: blendMode = 'avg'
27.7299 	EXP 	window1: blendMode = 'avg'
27.7467 	EXP 	window1: blendMode = 'avg'
27.7631 	EXP 	window1: blendMode = 'avg'
27.7791 	EXP 	window1: blendMode = 'avg'
27.7964 	EXP 	window1: blendMode = 'avg'
27.8131 	EXP 	window1: blendMode = 'avg'
27.8305 	EXP 	window1: blendMode = 'avg'
27.8466 	EXP 	window1: blendMode = 'avg'
27.8631 	EXP 	window1: blendMode = 'avg'
27.8803 	EXP 	window1: blendMode = 'avg'
27.8969 	EXP 	window1: blendMode = 'avg'
27.9134 	EXP 	window1: blendMode = 'avg'
27.9302 	EXP 	window1: blendMode = 'avg'
27.9469 	EXP 	window1: blendMode = 'avg'
27.9634 	EXP 	window1: blendMode = 'avg'
27.9796 	EXP 	window1: blendMode = 'avg'
27.9958 	EXP 	window1: blendMode = 'avg'
28.0136 	EXP 	window1: blendMode = 'avg'
28.0298 	EXP 	window1: blendMode = 'avg'
28.0461 	EXP 	window1: blendMode = 'avg'
28.0631 	EXP 	window1: blendMode = 'avg'
28.0797 	EXP 	window1: blendMode = 'avg'
28.0962 	EXP 	window1: blendMode = 'avg'
28.1131 	EXP 	window1: blendMode = 'avg'
28.1296 	EXP 	window1: blendMode = 'avg'
28.1463 	EXP 	window1: blendMode = 'avg'
28.1627 	EXP 	window1: blendMode = 'avg'
28.1803 	EXP 	window1: blendMode = 'avg'
28.1969 	EXP 	window1: blendMode = 'avg'
28.2135 	EXP 	window1: blendMode = 'avg'
28.2300 	EXP 	window1: blendMode = 'avg'
28.2463 	EXP 	window1: blendMode = 'avg'
28.2630 	EXP 	window1: blendMode = 'avg'
28.2804 	EXP 	window1: blendMode = 'avg'
28.2860 	DATA 	Keypress: space
28.3078 	EXP 	Imported Book.xlsx as conditions, 44 conditions, 7 params
28.3084 	EXP 	Created sequence: random, trialTypes=44, nReps=1, seed=None
28.3089 	EXP 	New trial (rep=0, index=0): {'YLeftPos': 0, 'time_presentation': 0.5, 'XLeftPos': -300, 'XRightPos': 300, 'rightimg': u'frogs/ab79.jpg', 'YRightPos': 0, 'leftimg': u'frogs/ab39.jpg'}
28.3944 	EXP 	text_2: autoDraw = False
28.3944 	EXP 	Leftimg: pos = array([-300.,    0.])
28.3944 	EXP 	Leftimg: image = u'frogs/ab39.jpg'
28.3944 	EXP 	Rightimg: pos = array([ 300.,    0.])
28.3944 	EXP 	Rightimg: image = u'frogs/ab79.jpg'
28.3944 	EXP 	Leftimg: autoDraw = True
28.3944 	EXP 	Rightimg: autoDraw = True
28.8290 	EXP 	Leftimg: autoDraw = False
28.8290 	EXP 	Rightimg: autoDraw = False
28.8478 	DATA 	Keypress: right
28.8491 	EXP 	New trial (rep=0, index=1): {'YLeftPos': 0, 'time_presentation': 0.5, 'XLeftPos': -300, 'XRightPos': 300, 'rightimg': u'3.jpg', 'YRightPos': 0, 'leftimg': u'1.jpg'}
28.8950 	EXP 	Leftimg: autoDraw = False
28.8950 	EXP 	Rightimg: autoDraw = False
28.8950 	EXP 	text: autoDraw = False
28.8950 	EXP 	Leftimg: pos = array([-300.,    0.])
28.8950 	EXP 	Leftimg: image = u'1.jpg'
28.8950 	EXP 	Rightimg: pos = array([ 300.,    0.])
28.8950 	EXP 	Rightimg: image = u'3.jpg'
28.8950 	EXP 	Leftimg: autoDraw = True
28.8950 	EXP 	Rightimg: autoDraw = True
29.3624 	EXP 	Leftimg: autoDraw = False
29.3624 	EXP 	Rightimg: autoDraw = False
29.5470 	DATA 	Keypress: right
29.5483 	EXP 	New trial (rep=0, index=2): {'YLeftPos': 0, 'time_presentation': 0.5, 'XLeftPos': -300, 'XRightPos': 300, 'rightimg': u'frogs/ab51.jpg', 'YRightPos': 0, 'leftimg': u'frogs/ab11.jpg'}
29.6121 	EXP 	Leftimg: autoDraw = False
29.6121 	EXP 	Rightimg: autoDraw = False
29.6121 	EXP 	text: autoDraw = False
29.6121 	EXP 	Leftimg: pos = array([-300.,    0.])
29.6121 	EXP 	Leftimg: image = u'frogs/ab11.jpg'
29.6121 	EXP 	Rightimg: pos = array([ 300.,    0.])
29.6121 	EXP 	Rightimg: image = u'frogs/ab51.jpg'
29.6121 	EXP 	Leftimg: autoDraw = True
29.6121 	EXP 	Rightimg: autoDraw = True
30.0618 	EXP 	Leftimg: autoDraw = False
30.0618 	EXP 	Rightimg: autoDraw = False
30.2136 	DATA 	Keypress: right
30.2146 	EXP 	New trial (rep=0, index=3): {'YLeftPos': 0, 'time_presentation': 0.5, 'XLeftPos': -300, 'XRightPos': 300, 'rightimg': u'frogs/ab41.jpg', 'YRightPos': 0, 'leftimg': u'frogs/ab1.jpg'}
30.2458 	EXP 	Leftimg: autoDraw = False
30.2458 	EXP 	Rightimg: autoDraw = False
30.2458 	EXP 	text: autoDraw = False
30.2458 	EXP 	Leftimg: pos = array([-300.,    0.])
30.2458 	EXP 	Leftimg: image = u'frogs/ab1.jpg'
30.2458 	EXP 	Rightimg: pos = array([ 300.,    0.])
30.2458 	EXP 	Rightimg: image = u'frogs/ab41.jpg'
30.2458 	EXP 	Leftimg: autoDraw = True
30.2458 	EXP 	Rightimg: autoDraw = True
30.7288 	EXP 	Leftimg: autoDraw = False
30.7288 	EXP 	Rightimg: autoDraw = False
30.7794 	DATA 	Keypress: left
30.7803 	EXP 	New trial (rep=0, index=4): {'YLeftPos': 0, 'time_presentation': 0.5, 'XLeftPos': -300, 'XRightPos': 300, 'rightimg': u'frogs/ab56.jpg', 'YRightPos': 0, 'leftimg': u'frogs/ab16.jpg'}
31.0495 	EXP 	Leftimg: autoDraw = False
31.0495 	EXP 	Rightimg: autoDraw = False
31.0495 	EXP 	text: autoDraw = False
31.0495 	EXP 	Leftimg: pos = array([-300.,    0.])
31.0495 	EXP 	Leftimg: image = u'frogs/ab16.jpg'
31.0495 	EXP 	Rightimg: pos = array([ 300.,    0.])
31.0495 	EXP 	Rightimg: image = u'frogs/ab56.jpg'
31.0495 	EXP 	Leftimg: autoDraw = True
31.0495 	EXP 	Rightimg: autoDraw = True
31.2950 	EXP 	Leftimg: autoDraw = False
31.2950 	EXP 	Rightimg: autoDraw = False
31.5139 	DATA 	Keypress: right
31.5151 	EXP 	New trial (rep=0, index=5): {'YLeftPos': 0, 'time_presentation': 0.5, 'XLeftPos': -300, 'XRightPos': 300, 'rightimg': u'frogs/ab55.jpg', 'YRightPos': 0, 'leftimg': u'frogs/ab15.jpg'}
31.6113 	EXP 	Leftimg: autoDraw = False
31.6113 	EXP 	Rightimg: autoDraw = False
31.6113 	EXP 	text: autoDraw = False
31.6113 	EXP 	Leftimg: pos = array([-300.,    0.])
31.6113 	EXP 	Leftimg: image = u'frogs/ab15.jpg'
31.6113 	EXP 	Rightimg: pos = array([ 300.,    0.])
31.6113 	EXP 	Rightimg: image = u'frogs/ab55.jpg'
31.6113 	EXP 	Leftimg: autoDraw = True
31.6113 	EXP 	Rightimg: autoDraw = True
32.0287 	EXP 	Leftimg: autoDraw = False
32.0287 	EXP 	Rightimg: autoDraw = False
32.0969 	DATA 	Keypress: left
32.0980 	EXP 	New trial (rep=0, index=6): {'YLeftPos': 0, 'time_presentation': 0.5, 'XLeftPos': -300, 'XRightPos': 300, 'rightimg': u'frogs/ab68.jpg', 'YRightPos': 0, 'leftimg': u'frogs/ab28.jpg'}
32.1284 	EXP 	Leftimg: autoDraw = False
32.1284 	EXP 	Rightimg: autoDraw = False
32.1284 	EXP 	text: autoDraw = False
32.1284 	EXP 	Leftimg: pos = array([-300.,    0.])
32.1284 	EXP 	Leftimg: image = u'frogs/ab28.jpg'
32.1284 	EXP 	Rightimg: pos = array([ 300.,    0.])
32.1284 	EXP 	Rightimg: image = u'frogs/ab68.jpg'
32.1284 	EXP 	Leftimg: autoDraw = True
32.1284 	EXP 	Rightimg: autoDraw = True
32.6123 	EXP 	Leftimg: autoDraw = False
32.6123 	EXP 	Rightimg: autoDraw = False
32.8470 	DATA 	Keypress: left
32.8484 	EXP 	New trial (rep=0, index=7): {'YLeftPos': 0, 'time_presentation': 0.5, 'XLeftPos': -300, 'XRightPos': 300, 'rightimg': u'frogs/ab75.jpg', 'YRightPos': 0, 'leftimg': u'frogs/ab35.jpg'}
32.8789 	EXP 	Leftimg: autoDraw = False
32.8789 	EXP 	Rightimg: autoDraw = False
32.8789 	EXP 	text: autoDraw = False
32.8789 	EXP 	Leftimg: pos = array([-300.,    0.])
32.8789 	EXP 	Leftimg: image = u'frogs/ab35.jpg'
32.8789 	EXP 	Rightimg: pos = array([ 300.,    0.])
32.8789 	EXP 	Rightimg: image = u'frogs/ab75.jpg'
32.8789 	EXP 	Leftimg: autoDraw = True
32.8789 	EXP 	Rightimg: autoDraw = True
33.3620 	EXP 	Leftimg: autoDraw = False
33.3620 	EXP 	Rightimg: autoDraw = False
33.7307 	DATA 	Keypress: right
33.7324 	EXP 	New trial (rep=0, index=8): {'YLeftPos': 0, 'time_presentation': 0.5, 'XLeftPos': -300, 'XRightPos': 300, 'rightimg': u'frogs/ab54.jpg', 'YRightPos': 0, 'leftimg': u'frogs/ab14.jpg'}
33.7783 	EXP 	Leftimg: autoDraw = False
33.7783 	EXP 	Rightimg: autoDraw = False
33.7783 	EXP 	text: autoDraw = False
33.7783 	EXP 	Leftimg: pos = array([-300.,    0.])
33.7783 	EXP 	Leftimg: image = u'frogs/ab14.jpg'
33.7783 	EXP 	Rightimg: pos = array([ 300.,    0.])
33.7783 	EXP 	Rightimg: image = u'frogs/ab54.jpg'
33.7783 	EXP 	Leftimg: autoDraw = True
33.7783 	EXP 	Rightimg: autoDraw = True
34.2455 	EXP 	Leftimg: autoDraw = False
34.2455 	EXP 	Rightimg: autoDraw = False
35.7470 	DATA 	Keypress: right
35.7482 	EXP 	New trial (rep=0, index=9): {'YLeftPos': 0, 'time_presentation': 0.5, 'XLeftPos': -300, 'XRightPos': 300, 'rightimg': u'4.jpg', 'YRightPos': 0, 'leftimg': u'2.jpg'}
35.7779 	EXP 	Leftimg: autoDraw = False
35.7779 	EXP 	Rightimg: autoDraw = False
35.7779 	EXP 	text: autoDraw = False
35.7779 	EXP 	Leftimg: pos = array([-300.,    0.])
35.7779 	EXP 	Leftimg: image = u'2.jpg'
35.7779 	EXP 	Rightimg: pos = array([ 300.,    0.])
35.7779 	EXP 	Rightimg: image = u'4.jpg'
35.7779 	EXP 	Leftimg: autoDraw = True
35.7779 	EXP 	Rightimg: autoDraw = True
36.2612 	EXP 	Leftimg: autoDraw = False
36.2612 	EXP 	Rightimg: autoDraw = False
36.5137 	DATA 	Keypress: right
36.5149 	EXP 	New trial (rep=0, index=10): {'YLeftPos': 0, 'time_presentation': 0.5, 'XLeftPos': -300, 'XRightPos': 300, 'rightimg': u'frogs/ab62.jpg', 'YRightPos': 0, 'leftimg': u'frogs/ab22.jpg'}
36.6954 	EXP 	Leftimg: autoDraw = False
36.6954 	EXP 	Rightimg: autoDraw = False
36.6954 	EXP 	text: autoDraw = False
36.6954 	EXP 	Leftimg: pos = array([-300.,    0.])
36.6954 	EXP 	Leftimg: image = u'frogs/ab22.jpg'
36.6954 	EXP 	Rightimg: pos = array([ 300.,    0.])
36.6954 	EXP 	Rightimg: image = u'frogs/ab62.jpg'
36.6954 	EXP 	Leftimg: autoDraw = True
36.6954 	EXP 	Rightimg: autoDraw = True
37.0288 	EXP 	Leftimg: autoDraw = False
37.0288 	EXP 	Rightimg: autoDraw = False
37.5803 	DATA 	Keypress: right
37.5814 	EXP 	New trial (rep=0, index=11): {'YLeftPos': 0, 'time_presentation': 0.5, 'XLeftPos': -300, 'XRightPos': 300, 'rightimg': u'frogs/ab49.jpg', 'YRightPos': 0, 'leftimg': u'frogs/ab9.jpg'}
37.7787 	EXP 	Leftimg: autoDraw = False
37.7787 	EXP 	Rightimg: autoDraw = False
37.7787 	EXP 	text: autoDraw = False
37.7787 	EXP 	Leftimg: pos = array([-300.,    0.])
37.7787 	EXP 	Leftimg: image = u'frogs/ab9.jpg'
37.7787 	EXP 	Rightimg: pos = array([ 300.,    0.])
37.7787 	EXP 	Rightimg: image = u'frogs/ab49.jpg'
37.7787 	EXP 	Leftimg: autoDraw = True
37.7787 	EXP 	Rightimg: autoDraw = True
38.0953 	EXP 	Leftimg: autoDraw = False
38.0953 	EXP 	Rightimg: autoDraw = False
38.6959 	DATA 	Keypress: left
38.6972 	EXP 	New trial (rep=0, index=12): {'YLeftPos': 0, 'time_presentation': 0.5, 'XLeftPos': -300, 'XRightPos': 300, 'rightimg': u'frogs/ab70.jpg', 'YRightPos': 0, 'leftimg': u'frogs/ab30.jpg'}
38.7287 	EXP 	Leftimg: autoDraw = False
38.7287 	EXP 	Rightimg: autoDraw = False
38.7287 	EXP 	text: autoDraw = False
38.7287 	EXP 	Leftimg: pos = array([-300.,    0.])
38.7287 	EXP 	Leftimg: image = u'frogs/ab30.jpg'
38.7287 	EXP 	Rightimg: pos = array([ 300.,    0.])
38.7287 	EXP 	Rightimg: image = u'frogs/ab70.jpg'
38.7287 	EXP 	Leftimg: autoDraw = True
38.7287 	EXP 	Rightimg: autoDraw = True
39.2121 	EXP 	Leftimg: autoDraw = False
39.2121 	EXP 	Rightimg: autoDraw = False
40.7800 	DATA 	Keypress: left
40.7812 	EXP 	New trial (rep=0, index=13): {'YLeftPos': 0, 'time_presentation': 0.5, 'XLeftPos': -300, 'XRightPos': 300, 'rightimg': u'frogs/ab59.jpg', 'YRightPos': 0, 'leftimg': u'frogs/ab19.jpg'}
40.8451 	EXP 	Leftimg: autoDraw = False
40.8451 	EXP 	Rightimg: autoDraw = False
40.8451 	EXP 	text: autoDraw = False
40.8451 	EXP 	Leftimg: pos = array([-300.,    0.])
40.8451 	EXP 	Leftimg: image = u'frogs/ab19.jpg'
40.8451 	EXP 	Rightimg: pos = array([ 300.,    0.])
40.8451 	EXP 	Rightimg: image = u'frogs/ab59.jpg'
40.8451 	EXP 	Leftimg: autoDraw = True
40.8451 	EXP 	Rightimg: autoDraw = True
41.2628 	DATA 	Keypress: left
41.2639 	EXP 	New trial (rep=0, index=14): {'YLeftPos': 0, 'time_presentation': 0.5, 'XLeftPos': -300, 'XRightPos': 300, 'rightimg': u'frogs/ab44.jpg', 'YRightPos': 0, 'leftimg': u'frogs/ab4.jpg'}
41.2783 	EXP 	Leftimg: autoDraw = False
41.2783 	EXP 	Rightimg: autoDraw = False
41.2783 	EXP 	text: autoDraw = False
41.2783 	EXP 	Leftimg: pos = array([-300.,    0.])
41.2783 	EXP 	Leftimg: image = u'frogs/ab4.jpg'
41.2783 	EXP 	Rightimg: pos = array([ 300.,    0.])
41.2783 	EXP 	Rightimg: image = u'frogs/ab44.jpg'
41.2783 	EXP 	Leftimg: autoDraw = True
41.2783 	EXP 	Rightimg: autoDraw = True
41.7786 	EXP 	Leftimg: autoDraw = False
41.7786 	EXP 	Rightimg: autoDraw = False
42.1323 	DATA 	Keypress: left
42.1465 	EXP 	New trial (rep=0, index=15): {'YLeftPos': 0, 'time_presentation': 0.5, 'XLeftPos': -300, 'XRightPos': 300, 'rightimg': u'frogs/ab72.jpg', 'YRightPos': 0, 'leftimg': u'frogs/ab32.jpg'}
42.1775 	EXP 	Leftimg: autoDraw = False
42.1775 	EXP 	Rightimg: autoDraw = False
42.1775 	EXP 	text: autoDraw = False
42.1775 	EXP 	Leftimg: pos = array([-300.,    0.])
42.1775 	EXP 	Leftimg: image = u'frogs/ab32.jpg'
42.1775 	EXP 	Rightimg: pos = array([ 300.,    0.])
42.1775 	EXP 	Rightimg: image = u'frogs/ab72.jpg'
42.1775 	EXP 	Leftimg: autoDraw = True
42.1775 	EXP 	Rightimg: autoDraw = True
42.6621 	EXP 	Leftimg: autoDraw = False
42.6621 	EXP 	Rightimg: autoDraw = False
43.1136 	DATA 	Keypress: left
43.1147 	EXP 	New trial (rep=0, index=16): {'YLeftPos': 0, 'time_presentation': 0.5, 'XLeftPos': -300, 'XRightPos': 300, 'rightimg': u'frogs/ab80.jpg', 'YRightPos': 0, 'leftimg': u'frogs/ab40.jpg'}
43.1451 	EXP 	Leftimg: autoDraw = False
43.1451 	EXP 	Rightimg: autoDraw = False
43.1451 	EXP 	text: autoDraw = False
43.1451 	EXP 	Leftimg: pos = array([-300.,    0.])
43.1451 	EXP 	Leftimg: image = u'frogs/ab40.jpg'
43.1451 	EXP 	Rightimg: pos = array([ 300.,    0.])
43.1451 	EXP 	Rightimg: image = u'frogs/ab80.jpg'
43.1451 	EXP 	Leftimg: autoDraw = True
43.1451 	EXP 	Rightimg: autoDraw = True
43.6286 	EXP 	Leftimg: autoDraw = False
43.6286 	EXP 	Rightimg: autoDraw = False
44.4132 	DATA 	Keypress: left
44.4143 	EXP 	New trial (rep=0, index=17): {'YLeftPos': 0, 'time_presentation': 0.5, 'XLeftPos': -300, 'XRightPos': 300, 'rightimg': u'frogs/ab58.jpg', 'YRightPos': 0, 'leftimg': u'frogs/ab18.jpg'}
44.5621 	EXP 	Leftimg: autoDraw = False
44.5621 	EXP 	Rightimg: autoDraw = False
44.5621 	EXP 	text: autoDraw = False
44.5621 	EXP 	Leftimg: pos = array([-300.,    0.])
44.5621 	EXP 	Leftimg: image = u'frogs/ab18.jpg'
44.5621 	EXP 	Rightimg: pos = array([ 300.,    0.])
44.5621 	EXP 	Rightimg: image = u'frogs/ab58.jpg'
44.5621 	EXP 	Leftimg: autoDraw = True
44.5621 	EXP 	Rightimg: autoDraw = True
44.9287 	EXP 	Leftimg: autoDraw = False
44.9287 	EXP 	Rightimg: autoDraw = False
45.4796 	DATA 	Keypress: right
45.4806 	EXP 	New trial (rep=0, index=18): {'YLeftPos': 0, 'time_presentation': 0.5, 'XLeftPos': -300, 'XRightPos': 300, 'rightimg': u'frogs/ab57.jpg', 'YRightPos': 0, 'leftimg': u'frogs/ab17.jpg'}
45.5784 	EXP 	Leftimg: autoDraw = False
45.5784 	EXP 	Rightimg: autoDraw = False
45.5784 	EXP 	text: autoDraw = False
45.5784 	EXP 	Leftimg: pos = array([-300.,    0.])
45.5784 	EXP 	Leftimg: image = u'frogs/ab17.jpg'
45.5784 	EXP 	Rightimg: pos = array([ 300.,    0.])
45.5784 	EXP 	Rightimg: image = u'frogs/ab57.jpg'
45.5784 	EXP 	Leftimg: autoDraw = True
45.5784 	EXP 	Rightimg: autoDraw = True
45.9952 	EXP 	Leftimg: autoDraw = False
45.9952 	EXP 	Rightimg: autoDraw = False
46.6471 	DATA 	Keypress: left
46.6482 	EXP 	New trial (rep=0, index=19): {'YLeftPos': 0, 'time_presentation': 0.5, 'XLeftPos': -300, 'XRightPos': 300, 'rightimg': u'frogs/ab73.jpg', 'YRightPos': 0, 'leftimg': u'frogs/ab33.jpg'}
46.7446 	EXP 	Leftimg: autoDraw = False
46.7446 	EXP 	Rightimg: autoDraw = False
46.7446 	EXP 	text: autoDraw = False
46.7446 	EXP 	Leftimg: pos = array([-300.,    0.])
46.7446 	EXP 	Leftimg: image = u'frogs/ab33.jpg'
46.7446 	EXP 	Rightimg: pos = array([ 300.,    0.])
46.7446 	EXP 	Rightimg: image = u'frogs/ab73.jpg'
46.7446 	EXP 	Leftimg: autoDraw = True
46.7446 	EXP 	Rightimg: autoDraw = True
47.1618 	EXP 	Leftimg: autoDraw = False
47.1618 	EXP 	Rightimg: autoDraw = False
47.7804 	DATA 	Keypress: right
47.7816 	EXP 	New trial (rep=0, index=20): {'YLeftPos': 0, 'time_presentation': 0.5, 'XLeftPos': -300, 'XRightPos': 300, 'rightimg': u'frogs/ab53.jpg', 'YRightPos': 0, 'leftimg': u'frogs/ab13.jpg'}
47.8117 	EXP 	Leftimg: autoDraw = False
47.8117 	EXP 	Rightimg: autoDraw = False
47.8117 	EXP 	text: autoDraw = False
47.8117 	EXP 	Leftimg: pos = array([-300.,    0.])
47.8117 	EXP 	Leftimg: image = u'frogs/ab13.jpg'
47.8117 	EXP 	Rightimg: pos = array([ 300.,    0.])
47.8117 	EXP 	Rightimg: image = u'frogs/ab53.jpg'
47.8117 	EXP 	Leftimg: autoDraw = True
47.8117 	EXP 	Rightimg: autoDraw = True
48.2948 	EXP 	Leftimg: autoDraw = False
48.2948 	EXP 	Rightimg: autoDraw = False
50.2966 	EXP 	window1: blendMode = 'avg'
50.3118 	EXP 	text: autoDraw = True
50.3127 	EXP 	window1: blendMode = 'avg'
50.3294 	EXP 	window1: blendMode = 'avg'
50.3459 	EXP 	window1: blendMode = 'avg'
50.3627 	EXP 	window1: blendMode = 'avg'
50.3793 	EXP 	window1: blendMode = 'avg'
50.3959 	EXP 	window1: blendMode = 'avg'
50.4125 	EXP 	window1: blendMode = 'avg'
50.4297 	EXP 	window1: blendMode = 'avg'
50.4460 	EXP 	window1: blendMode = 'avg'
50.4627 	EXP 	window1: blendMode = 'avg'
50.4794 	EXP 	window1: blendMode = 'avg'
50.4958 	EXP 	window1: blendMode = 'avg'
50.5130 	EXP 	window1: blendMode = 'avg'
50.5294 	EXP 	window1: blendMode = 'avg'
50.5460 	EXP 	window1: blendMode = 'avg'
50.5625 	EXP 	window1: blendMode = 'avg'
50.5794 	EXP 	window1: blendMode = 'avg'
50.5962 	EXP 	window1: blendMode = 'avg'
50.6129 	EXP 	window1: blendMode = 'avg'
50.6293 	EXP 	window1: blendMode = 'avg'
50.6462 	EXP 	window1: blendMode = 'avg'
50.6627 	EXP 	window1: blendMode = 'avg'
50.6794 	EXP 	window1: blendMode = 'avg'
50.6962 	EXP 	window1: blendMode = 'avg'
50.7126 	EXP 	window1: blendMode = 'avg'
50.7293 	EXP 	window1: blendMode = 'avg'
50.7460 	EXP 	window1: blendMode = 'avg'
50.7625 	EXP 	window1: blendMode = 'avg'
50.7796 	EXP 	window1: blendMode = 'avg'
50.7960 	EXP 	window1: blendMode = 'avg'
50.8126 	EXP 	window1: blendMode = 'avg'
50.8294 	EXP 	window1: blendMode = 'avg'
50.8460 	EXP 	window1: blendMode = 'avg'
50.8625 	EXP 	window1: blendMode = 'avg'
50.8796 	EXP 	window1: blendMode = 'avg'
50.8953 	EXP 	window1: blendMode = 'avg'
50.9129 	EXP 	window1: blendMode = 'avg'
50.9296 	EXP 	window1: blendMode = 'avg'
50.9460 	EXP 	window1: blendMode = 'avg'
50.9627 	EXP 	window1: blendMode = 'avg'
50.9793 	EXP 	window1: blendMode = 'avg'
50.9955 	EXP 	window1: blendMode = 'avg'
51.0128 	EXP 	window1: blendMode = 'avg'
51.0294 	EXP 	window1: blendMode = 'avg'
51.0460 	EXP 	window1: blendMode = 'avg'
51.0627 	EXP 	window1: blendMode = 'avg'
51.0793 	EXP 	window1: blendMode = 'avg'
51.0961 	EXP 	window1: blendMode = 'avg'
51.1129 	EXP 	window1: blendMode = 'avg'
51.1295 	EXP 	window1: blendMode = 'avg'
51.1460 	EXP 	window1: blendMode = 'avg'
51.1627 	EXP 	window1: blendMode = 'avg'
51.1793 	EXP 	window1: blendMode = 'avg'
51.1961 	EXP 	window1: blendMode = 'avg'
51.2125 	EXP 	window1: blendMode = 'avg'
51.2288 	EXP 	window1: blendMode = 'avg'
51.2458 	EXP 	window1: blendMode = 'avg'
51.2630 	EXP 	window1: blendMode = 'avg'
51.2793 	EXP 	window1: blendMode = 'avg'
51.2960 	EXP 	window1: blendMode = 'avg'
51.3126 	EXP 	window1: blendMode = 'avg'
51.3291 	EXP 	window1: blendMode = 'avg'
51.3460 	EXP 	window1: blendMode = 'avg'
51.3627 	EXP 	window1: blendMode = 'avg'
51.3796 	EXP 	window1: blendMode = 'avg'
51.3960 	EXP 	window1: blendMode = 'avg'
51.4126 	EXP 	window1: blendMode = 'avg'
51.4290 	EXP 	window1: blendMode = 'avg'
51.4461 	EXP 	window1: blendMode = 'avg'
51.4627 	EXP 	window1: blendMode = 'avg'
51.4793 	EXP 	window1: blendMode = 'avg'
51.4958 	EXP 	window1: blendMode = 'avg'
51.5130 	EXP 	window1: blendMode = 'avg'
51.5295 	EXP 	window1: blendMode = 'avg'
51.5460 	EXP 	window1: blendMode = 'avg'
51.5627 	EXP 	window1: blendMode = 'avg'
51.5793 	EXP 	window1: blendMode = 'avg'
51.5961 	EXP 	window1: blendMode = 'avg'
51.6127 	EXP 	window1: blendMode = 'avg'
51.6292 	EXP 	window1: blendMode = 'avg'
51.6460 	EXP 	window1: blendMode = 'avg'
51.6626 	EXP 	window1: blendMode = 'avg'
51.6796 	EXP 	window1: blendMode = 'avg'
51.6960 	EXP 	window1: blendMode = 'avg'
51.7127 	EXP 	window1: blendMode = 'avg'
51.7294 	EXP 	window1: blendMode = 'avg'
51.7459 	EXP 	window1: blendMode = 'avg'
51.7630 	DATA 	Keypress: space
51.7640 	EXP 	New trial (rep=0, index=21): {'YLeftPos': 0, 'time_presentation': 0.5, 'XLeftPos': -300, 'XRightPos': 300, 'rightimg': u'frogs/ab42.jpg', 'YRightPos': 0, 'leftimg': u'frogs/ab2.jpg'}
52.0794 	EXP 	Leftimg: autoDraw = False
52.0794 	EXP 	Rightimg: autoDraw = False
52.0794 	EXP 	text: autoDraw = False
52.0794 	EXP 	Leftimg: pos = array([-300.,    0.])
52.0794 	EXP 	Leftimg: image = u'frogs/ab2.jpg'
52.0794 	EXP 	Rightimg: pos = array([ 300.,    0.])
52.0794 	EXP 	Rightimg: image = u'frogs/ab42.jpg'
52.0794 	EXP 	Leftimg: autoDraw = True
52.0794 	EXP 	Rightimg: autoDraw = True
52.2786 	EXP 	Leftimg: autoDraw = False
52.2786 	EXP 	Rightimg: autoDraw = False
52.3468 	DATA 	Keypress: right
52.3479 	EXP 	New trial (rep=0, index=22): {'YLeftPos': 0, 'time_presentation': 0.5, 'XLeftPos': -300, 'XRightPos': 300, 'rightimg': u'frogs/ab63.jpg', 'YRightPos': 0, 'leftimg': u'frogs/ab23.jpg'}
52.3951 	EXP 	Leftimg: autoDraw = False
52.3951 	EXP 	Rightimg: autoDraw = False
52.3951 	EXP 	text: autoDraw = False
52.3951 	EXP 	Leftimg: pos = array([-300.,    0.])
52.3951 	EXP 	Leftimg: image = u'frogs/ab23.jpg'
52.3951 	EXP 	Rightimg: pos = array([ 300.,    0.])
52.3951 	EXP 	Rightimg: image = u'frogs/ab63.jpg'
52.3951 	EXP 	Leftimg: autoDraw = True
52.3951 	EXP 	Rightimg: autoDraw = True
52.8619 	EXP 	Leftimg: autoDraw = False
52.8619 	EXP 	Rightimg: autoDraw = False
52.8967 	DATA 	Keypress: right
52.8979 	EXP 	New trial (rep=0, index=23): {'YLeftPos': 0, 'time_presentation': 0.5, 'XLeftPos': -300, 'XRightPos': 300, 'rightimg': u'frogs/ab50.jpg', 'YRightPos': 0, 'leftimg': u'frogs/ab10.jpg'}
52.9615 	EXP 	Leftimg: autoDraw = False
52.9615 	EXP 	Rightimg: autoDraw = False
52.9615 	EXP 	text: autoDraw = False
52.9615 	EXP 	Leftimg: pos = array([-300.,    0.])
52.9615 	EXP 	Leftimg: image = u'frogs/ab10.jpg'
52.9615 	EXP 	Rightimg: pos = array([ 300.,    0.])
52.9615 	EXP 	Rightimg: image = u'frogs/ab50.jpg'
52.9615 	EXP 	Leftimg: autoDraw = True
52.9615 	EXP 	Rightimg: autoDraw = True
53.4118 	EXP 	Leftimg: autoDraw = False
53.4118 	EXP 	Rightimg: autoDraw = False
53.4636 	DATA 	Keypress: left
53.4648 	EXP 	New trial (rep=0, index=24): {'YLeftPos': 0, 'time_presentation': 0.5, 'XLeftPos': -300, 'XRightPos': 300, 'rightimg': u'frogs/ab78.jpg', 'YRightPos': 0, 'leftimg': u'frogs/ab38.jpg'}
53.4950 	EXP 	Leftimg: autoDraw = False
53.4950 	EXP 	Rightimg: autoDraw = False
53.4950 	EXP 	text: autoDraw = False
53.4950 	EXP 	Leftimg: pos = array([-300.,    0.])
53.4950 	EXP 	Leftimg: image = u'frogs/ab38.jpg'
53.4950 	EXP 	Rightimg: pos = array([ 300.,    0.])
53.4950 	EXP 	Rightimg: image = u'frogs/ab78.jpg'
53.4950 	EXP 	Leftimg: autoDraw = True
53.4950 	EXP 	Rightimg: autoDraw = True
53.9303 	DATA 	Keypress: right
53.9313 	EXP 	New trial (rep=0, index=25): {'YLeftPos': 0, 'time_presentation': 0.5, 'XLeftPos': -300, 'XRightPos': 300, 'rightimg': u'frogs/ab48.jpg', 'YRightPos': 0, 'leftimg': u'frogs/ab8.jpg'}
53.9785 	EXP 	Leftimg: autoDraw = False
53.9785 	EXP 	Rightimg: autoDraw = False
53.9785 	EXP 	text: autoDraw = False
53.9785 	EXP 	Leftimg: pos = array([-300.,    0.])
53.9785 	EXP 	Leftimg: image = u'frogs/ab8.jpg'
53.9785 	EXP 	Rightimg: pos = array([ 300.,    0.])
53.9785 	EXP 	Rightimg: image = u'frogs/ab48.jpg'
53.9785 	EXP 	Leftimg: autoDraw = True
53.9785 	EXP 	Rightimg: autoDraw = True
54.3802 	DATA 	Keypress: left
54.3812 	EXP 	New trial (rep=0, index=26): {'YLeftPos': 0, 'time_presentation': 0.5, 'XLeftPos': -300, 'XRightPos': 300, 'rightimg': u'frogs/ab71.jpg', 'YRightPos': 0, 'leftimg': u'frogs/ab31.jpg'}
54.4778 	EXP 	Leftimg: autoDraw = False
54.4778 	EXP 	Rightimg: autoDraw = False
54.4778 	EXP 	text: autoDraw = False
54.4778 	EXP 	Leftimg: pos = array([-300.,    0.])
54.4778 	EXP 	Leftimg: image = u'frogs/ab31.jpg'
54.4778 	EXP 	Rightimg: pos = array([ 300.,    0.])
54.4778 	EXP 	Rightimg: image = u'frogs/ab71.jpg'
54.4778 	EXP 	Leftimg: autoDraw = True
54.4778 	EXP 	Rightimg: autoDraw = True
54.8952 	EXP 	Leftimg: autoDraw = False
54.8952 	EXP 	Rightimg: autoDraw = False
54.8970 	DATA 	Keypress: right
54.8983 	EXP 	New trial (rep=0, index=27): {'YLeftPos': 0, 'time_presentation': 0.5, 'XLeftPos': -300, 'XRightPos': 300, 'rightimg': u'frogs/ab46.jpg', 'YRightPos': 0, 'leftimg': u'frogs/ab6.jpg'}
54.9782 	EXP 	Leftimg: autoDraw = False
54.9782 	EXP 	Rightimg: autoDraw = False
54.9782 	EXP 	text: autoDraw = False
54.9782 	EXP 	Leftimg: pos = array([-300.,    0.])
54.9782 	EXP 	Leftimg: image = u'frogs/ab6.jpg'
54.9782 	EXP 	Rightimg: pos = array([ 300.,    0.])
54.9782 	EXP 	Rightimg: image = u'frogs/ab46.jpg'
54.9782 	EXP 	Leftimg: autoDraw = True
54.9782 	EXP 	Rightimg: autoDraw = True
55.3634 	DATA 	Keypress: left
55.3644 	EXP 	New trial (rep=0, index=28): {'YLeftPos': 0, 'time_presentation': 0.5, 'XLeftPos': -300, 'XRightPos': 300, 'rightimg': u'frogs/ab43.jpg', 'YRightPos': 0, 'leftimg': u'frogs/ab3.jpg'}
55.4102 	EXP 	Leftimg: autoDraw = False
55.4102 	EXP 	Rightimg: autoDraw = False
55.4102 	EXP 	text: autoDraw = False
55.4102 	EXP 	Leftimg: pos = array([-300.,    0.])
55.4102 	EXP 	Leftimg: image = u'frogs/ab3.jpg'
55.4102 	EXP 	Rightimg: pos = array([ 300.,    0.])
55.4102 	EXP 	Rightimg: image = u'frogs/ab43.jpg'
55.4102 	EXP 	Leftimg: autoDraw = True
55.4102 	EXP 	Rightimg: autoDraw = True
55.8300 	DATA 	Keypress: right
55.8310 	EXP 	New trial (rep=0, index=29): {'YLeftPos': 0, 'time_presentation': 0.5, 'XLeftPos': -300, 'XRightPos': 300, 'rightimg': u'2.jpg', 'YRightPos': 0, 'leftimg': u'4.jpg'}
55.8787 	EXP 	Leftimg: autoDraw = False
55.8787 	EXP 	Rightimg: autoDraw = False
55.8787 	EXP 	text: autoDraw = False
55.8787 	EXP 	Leftimg: pos = array([-300.,    0.])
55.8787 	EXP 	Leftimg: image = u'4.jpg'
55.8787 	EXP 	Rightimg: pos = array([ 300.,    0.])
55.8787 	EXP 	Rightimg: image = u'2.jpg'
55.8787 	EXP 	Leftimg: autoDraw = True
55.8787 	EXP 	Rightimg: autoDraw = True
56.3442 	EXP 	Leftimg: autoDraw = False
56.3442 	EXP 	Rightimg: autoDraw = False
56.3467 	DATA 	Keypress: left
56.3630 	EXP 	New trial (rep=0, index=30): {'YLeftPos': 0, 'time_presentation': 0.5, 'XLeftPos': -300, 'XRightPos': 300, 'rightimg': u'frogs/ab67.jpg', 'YRightPos': 0, 'leftimg': u'frogs/ab27.jpg'}
56.4119 	EXP 	Leftimg: autoDraw = False
56.4119 	EXP 	Rightimg: autoDraw = False
56.4119 	EXP 	text: autoDraw = False
56.4119 	EXP 	Leftimg: pos = array([-300.,    0.])
56.4119 	EXP 	Leftimg: image = u'frogs/ab27.jpg'
56.4119 	EXP 	Rightimg: pos = array([ 300.,    0.])
56.4119 	EXP 	Rightimg: image = u'frogs/ab67.jpg'
56.4119 	EXP 	Leftimg: autoDraw = True
56.4119 	EXP 	Rightimg: autoDraw = True
56.8786 	EXP 	Leftimg: autoDraw = False
56.8786 	EXP 	Rightimg: autoDraw = False
56.8964 	DATA 	Keypress: left
56.8974 	EXP 	New trial (rep=0, index=31): {'YLeftPos': 0, 'time_presentation': 0.5, 'XLeftPos': -300, 'XRightPos': 300, 'rightimg': u'frogs/ab61.jpg', 'YRightPos': 0, 'leftimg': u'frogs/ab21.jpg'}
56.9284 	EXP 	Leftimg: autoDraw = False
56.9284 	EXP 	Rightimg: autoDraw = False
56.9284 	EXP 	text: autoDraw = False
56.9284 	EXP 	Leftimg: pos = array([-300.,    0.])
56.9284 	EXP 	Leftimg: image = u'frogs/ab21.jpg'
56.9284 	EXP 	Rightimg: pos = array([ 300.,    0.])
56.9284 	EXP 	Rightimg: image = u'frogs/ab61.jpg'
56.9284 	EXP 	Leftimg: autoDraw = True
56.9284 	EXP 	Rightimg: autoDraw = True
57.4117 	EXP 	Leftimg: autoDraw = False
57.4117 	EXP 	Rightimg: autoDraw = False
57.4468 	DATA 	Keypress: right
57.4480 	EXP 	New trial (rep=0, index=32): {'YLeftPos': 0, 'time_presentation': 0.5, 'XLeftPos': -300, 'XRightPos': 300, 'rightimg': u'1.jpg', 'YRightPos': 0, 'leftimg': u'3.jpg'}
57.4946 	EXP 	Leftimg: autoDraw = False
57.4946 	EXP 	Rightimg: autoDraw = False
57.4946 	EXP 	text: autoDraw = False
57.4946 	EXP 	Leftimg: pos = array([-300.,    0.])
57.4946 	EXP 	Leftimg: image = u'3.jpg'
57.4946 	EXP 	Rightimg: pos = array([ 300.,    0.])
57.4946 	EXP 	Rightimg: image = u'1.jpg'
57.4946 	EXP 	Leftimg: autoDraw = True
57.4946 	EXP 	Rightimg: autoDraw = True
57.9131 	DATA 	Keypress: left
57.9144 	EXP 	New trial (rep=0, index=33): {'YLeftPos': 0, 'time_presentation': 0.5, 'XLeftPos': -300, 'XRightPos': 300, 'rightimg': u'frogs/ab74.jpg', 'YRightPos': 0, 'leftimg': u'frogs/ab34.jpg'}
57.9945 	EXP 	Leftimg: autoDraw = False
57.9945 	EXP 	Rightimg: autoDraw = False
57.9945 	EXP 	text: autoDraw = False
57.9945 	EXP 	Leftimg: pos = array([-300.,    0.])
57.9945 	EXP 	Leftimg: image = u'frogs/ab34.jpg'
57.9945 	EXP 	Rightimg: pos = array([ 300.,    0.])
57.9945 	EXP 	Rightimg: image = u'frogs/ab74.jpg'
57.9945 	EXP 	Leftimg: autoDraw = True
57.9945 	EXP 	Rightimg: autoDraw = True
58.4286 	EXP 	Leftimg: autoDraw = False
58.4286 	EXP 	Rightimg: autoDraw = False
58.4628 	DATA 	Keypress: left
58.4638 	EXP 	New trial (rep=0, index=34): {'YLeftPos': 0, 'time_presentation': 0.5, 'XLeftPos': -300, 'XRightPos': 300, 'rightimg': u'frogs/ab60.jpg', 'YRightPos': 0, 'leftimg': u'frogs/ab20.jpg'}
58.4950 	EXP 	Leftimg: autoDraw = False
58.4950 	EXP 	Rightimg: autoDraw = False
58.4950 	EXP 	text: autoDraw = False
58.4950 	EXP 	Leftimg: pos = array([-300.,    0.])
58.4950 	EXP 	Leftimg: image = u'frogs/ab20.jpg'
58.4950 	EXP 	Rightimg: pos = array([ 300.,    0.])
58.4950 	EXP 	Rightimg: image = u'frogs/ab60.jpg'
58.4950 	EXP 	Leftimg: autoDraw = True
58.4950 	EXP 	Rightimg: autoDraw = True
58.9783 	EXP 	Leftimg: autoDraw = False
58.9783 	EXP 	Rightimg: autoDraw = False
59.0133 	DATA 	Keypress: left
59.0145 	EXP 	New trial (rep=0, index=35): {'YLeftPos': 0, 'time_presentation': 0.5, 'XLeftPos': -300, 'XRightPos': 300, 'rightimg': u'frogs/ab45.jpg', 'YRightPos': 0, 'leftimg': u'frogs/ab5.jpg'}
59.0275 	EXP 	Leftimg: autoDraw = False
59.0275 	EXP 	Rightimg: autoDraw = False
59.0275 	EXP 	text: autoDraw = False
59.0275 	EXP 	Leftimg: pos = array([-300.,    0.])
59.0275 	EXP 	Leftimg: image = u'frogs/ab5.jpg'
59.0275 	EXP 	Rightimg: pos = array([ 300.,    0.])
59.0275 	EXP 	Rightimg: image = u'frogs/ab45.jpg'
59.0275 	EXP 	Leftimg: autoDraw = True
59.0275 	EXP 	Rightimg: autoDraw = True
59.5134 	DATA 	Keypress: left
59.5143 	EXP 	New trial (rep=0, index=36): {'YLeftPos': 0, 'time_presentation': 0.5, 'XLeftPos': -300, 'XRightPos': 300, 'rightimg': u'frogs/ab77.jpg', 'YRightPos': 0, 'leftimg': u'frogs/ab37.jpg'}
59.5618 	EXP 	Leftimg: autoDraw = False
59.5618 	EXP 	Rightimg: autoDraw = False
59.5618 	EXP 	Leftimg: autoDraw = False
59.5618 	EXP 	Rightimg: autoDraw = False
59.5618 	EXP 	text: autoDraw = False
59.5618 	EXP 	Leftimg: pos = array([-300.,    0.])
59.5618 	EXP 	Leftimg: image = u'frogs/ab37.jpg'
59.5618 	EXP 	Rightimg: pos = array([ 300.,    0.])
59.5618 	EXP 	Rightimg: image = u'frogs/ab77.jpg'
59.5618 	EXP 	Leftimg: autoDraw = True
59.5618 	EXP 	Rightimg: autoDraw = True
60.0285 	EXP 	Leftimg: autoDraw = False
60.0285 	EXP 	Rightimg: autoDraw = False
60.1137 	DATA 	Keypress: right
60.1298 	EXP 	New trial (rep=0, index=37): {'YLeftPos': 0, 'time_presentation': 0.5, 'XLeftPos': -300, 'XRightPos': 300, 'rightimg': u'frogs/ab64.jpg', 'YRightPos': 0, 'leftimg': u'frogs/ab24.jpg'}
60.1441 	EXP 	Leftimg: autoDraw = False
60.1441 	EXP 	Rightimg: autoDraw = False
60.1441 	EXP 	text: autoDraw = False
60.1441 	EXP 	Leftimg: pos = array([-300.,    0.])
60.1441 	EXP 	Leftimg: image = u'frogs/ab24.jpg'
60.1441 	EXP 	Rightimg: pos = array([ 300.,    0.])
60.1441 	EXP 	Rightimg: image = u'frogs/ab64.jpg'
60.1441 	EXP 	Leftimg: autoDraw = True
60.1441 	EXP 	Rightimg: autoDraw = True
60.5962 	DATA 	Keypress: left
60.5972 	EXP 	New trial (rep=0, index=38): {'YLeftPos': 0, 'time_presentation': 0.5, 'XLeftPos': -300, 'XRightPos': 300, 'rightimg': u'frogs/ab66.jpg', 'YRightPos': 0, 'leftimg': u'frogs/ab26.jpg'}
60.6114 	EXP 	Leftimg: autoDraw = False
60.6114 	EXP 	Rightimg: autoDraw = False
60.6114 	EXP 	text: autoDraw = False
60.6114 	EXP 	Leftimg: pos = array([-300.,    0.])
60.6114 	EXP 	Leftimg: image = u'frogs/ab26.jpg'
60.6114 	EXP 	Rightimg: pos = array([ 300.,    0.])
60.6114 	EXP 	Rightimg: image = u'frogs/ab66.jpg'
60.6114 	EXP 	Leftimg: autoDraw = True
60.6114 	EXP 	Rightimg: autoDraw = True
61.0966 	DATA 	Keypress: right
61.0976 	EXP 	New trial (rep=0, index=39): {'YLeftPos': 0, 'time_presentation': 0.5, 'XLeftPos': -300, 'XRightPos': 300, 'rightimg': u'frogs/ab52.jpg', 'YRightPos': 0, 'leftimg': u'frogs/ab12.jpg'}
61.1114 	EXP 	Leftimg: autoDraw = False
61.1114 	EXP 	Rightimg: autoDraw = False
61.1114 	EXP 	Leftimg: autoDraw = False
61.1114 	EXP 	Rightimg: autoDraw = False
61.1114 	EXP 	text: autoDraw = False
61.1114 	EXP 	Leftimg: pos = array([-300.,    0.])
61.1114 	EXP 	Leftimg: image = u'frogs/ab12.jpg'
61.1114 	EXP 	Rightimg: pos = array([ 300.,    0.])
61.1114 	EXP 	Rightimg: image = u'frogs/ab52.jpg'
61.1114 	EXP 	Leftimg: autoDraw = True
61.1114 	EXP 	Rightimg: autoDraw = True
61.5964 	DATA 	Keypress: left
61.5974 	EXP 	New trial (rep=0, index=40): {'YLeftPos': 0, 'time_presentation': 0.5, 'XLeftPos': -300, 'XRightPos': 300, 'rightimg': u'frogs/ab47.jpg', 'YRightPos': 0, 'leftimg': u'frogs/ab7.jpg'}
61.9453 	EXP 	Leftimg: autoDraw = False
61.9453 	EXP 	Rightimg: autoDraw = False
61.9453 	EXP 	Leftimg: autoDraw = False
61.9453 	EXP 	Rightimg: autoDraw = False
61.9453 	EXP 	text: autoDraw = False
61.9453 	EXP 	Leftimg: pos = array([-300.,    0.])
61.9453 	EXP 	Leftimg: image = u'frogs/ab7.jpg'
61.9453 	EXP 	Rightimg: pos = array([ 300.,    0.])
61.9453 	EXP 	Rightimg: image = u'frogs/ab47.jpg'
61.9453 	EXP 	Leftimg: autoDraw = True
61.9453 	EXP 	Rightimg: autoDraw = True
62.1119 	EXP 	Leftimg: autoDraw = False
62.1119 	EXP 	Rightimg: autoDraw = False
64.1124 	EXP 	window1: blendMode = 'avg'
64.1283 	EXP 	text: autoDraw = True
64.1292 	EXP 	window1: blendMode = 'avg'
64.1460 	EXP 	window1: blendMode = 'avg'
64.1625 	EXP 	window1: blendMode = 'avg'
64.1794 	EXP 	window1: blendMode = 'avg'
64.1958 	EXP 	window1: blendMode = 'avg'
64.2126 	EXP 	window1: blendMode = 'avg'
64.2291 	EXP 	window1: blendMode = 'avg'
64.2456 	EXP 	window1: blendMode = 'avg'
64.2625 	EXP 	window1: blendMode = 'avg'
64.2793 	EXP 	window1: blendMode = 'avg'
64.2958 	EXP 	window1: blendMode = 'avg'
64.3124 	EXP 	window1: blendMode = 'avg'
64.3292 	EXP 	window1: blendMode = 'avg'
64.3460 	EXP 	window1: blendMode = 'avg'
64.3627 	EXP 	window1: blendMode = 'avg'
64.3792 	EXP 	window1: blendMode = 'avg'
64.3958 	EXP 	window1: blendMode = 'avg'
64.4123 	EXP 	window1: blendMode = 'avg'
64.4294 	EXP 	window1: blendMode = 'avg'
64.4458 	EXP 	window1: blendMode = 'avg'
64.4625 	EXP 	window1: blendMode = 'avg'
64.4789 	EXP 	window1: blendMode = 'avg'
64.4956 	EXP 	window1: blendMode = 'avg'
64.5120 	EXP 	window1: blendMode = 'avg'
64.5289 	EXP 	window1: blendMode = 'avg'
64.5458 	EXP 	window1: blendMode = 'avg'
64.5624 	EXP 	window1: blendMode = 'avg'
64.5789 	EXP 	window1: blendMode = 'avg'
64.5955 	EXP 	window1: blendMode = 'avg'
64.6127 	EXP 	window1: blendMode = 'avg'
64.6292 	EXP 	window1: blendMode = 'avg'
64.6458 	EXP 	window1: blendMode = 'avg'
64.6625 	EXP 	window1: blendMode = 'avg'
64.6789 	EXP 	window1: blendMode = 'avg'
64.6958 	EXP 	window1: blendMode = 'avg'
64.7125 	EXP 	window1: blendMode = 'avg'
64.7293 	EXP 	window1: blendMode = 'avg'
64.7458 	EXP 	window1: blendMode = 'avg'
64.7627 	EXP 	window1: blendMode = 'avg'
64.7793 	EXP 	window1: blendMode = 'avg'
64.7958 	EXP 	window1: blendMode = 'avg'
64.8123 	EXP 	window1: blendMode = 'avg'
64.8291 	EXP 	window1: blendMode = 'avg'
64.8461 	EXP 	window1: blendMode = 'avg'
64.8625 	EXP 	window1: blendMode = 'avg'
64.8794 	EXP 	window1: blendMode = 'avg'
64.8973 	DATA 	Keypress: space
64.8984 	EXP 	New trial (rep=0, index=41): {'YLeftPos': 0, 'time_presentation': 0.5, 'XLeftPos': -300, 'XRightPos': 300, 'rightimg': u'frogs/ab65.jpg', 'YRightPos': 0, 'leftimg': u'frogs/ab25.jpg'}
64.9777 	EXP 	Leftimg: autoDraw = False
64.9777 	EXP 	Rightimg: autoDraw = False
64.9777 	EXP 	text: autoDraw = False
64.9777 	EXP 	Leftimg: pos = array([-300.,    0.])
64.9777 	EXP 	Leftimg: image = u'frogs/ab25.jpg'
64.9777 	EXP 	Rightimg: pos = array([ 300.,    0.])
64.9777 	EXP 	Rightimg: image = u'frogs/ab65.jpg'
64.9777 	EXP 	Leftimg: autoDraw = True
64.9777 	EXP 	Rightimg: autoDraw = True
65.4118 	EXP 	Leftimg: autoDraw = False
65.4118 	EXP 	Rightimg: autoDraw = False
65.4290 	DATA 	Keypress: right
65.4302 	EXP 	New trial (rep=0, index=42): {'YLeftPos': 0, 'time_presentation': 0.5, 'XLeftPos': -300, 'XRightPos': 300, 'rightimg': u'frogs/ab69.jpg', 'YRightPos': 0, 'leftimg': u'frogs/ab29.jpg'}
65.4608 	EXP 	Leftimg: autoDraw = False
65.4608 	EXP 	Rightimg: autoDraw = False
65.4608 	EXP 	text: autoDraw = False
65.4608 	EXP 	Leftimg: pos = array([-300.,    0.])
65.4608 	EXP 	Leftimg: image = u'frogs/ab29.jpg'
65.4608 	EXP 	Rightimg: pos = array([ 300.,    0.])
65.4608 	EXP 	Rightimg: image = u'frogs/ab69.jpg'
65.4608 	EXP 	Leftimg: autoDraw = True
65.4608 	EXP 	Rightimg: autoDraw = True
65.8957 	DATA 	Keypress: left
65.8966 	EXP 	New trial (rep=0, index=43): {'YLeftPos': 0, 'time_presentation': 0.5, 'XLeftPos': -300, 'XRightPos': 300, 'rightimg': u'frogs/ab76.jpg', 'YRightPos': 0, 'leftimg': u'frogs/ab36.jpg'}
65.9451 	EXP 	Leftimg: autoDraw = False
65.9451 	EXP 	Rightimg: autoDraw = False
65.9451 	EXP 	text: autoDraw = False
65.9451 	EXP 	Leftimg: pos = array([-300.,    0.])
65.9451 	EXP 	Leftimg: image = u'frogs/ab36.jpg'
65.9451 	EXP 	Rightimg: pos = array([ 300.,    0.])
65.9451 	EXP 	Rightimg: image = u'frogs/ab76.jpg'
65.9451 	EXP 	Leftimg: autoDraw = True
65.9451 	EXP 	Rightimg: autoDraw = True
66.3630 	DATA 	Keypress: right
66.4273 	EXP 	window1: blendMode = 'avg'
66.4445 	EXP 	Leftimg: autoDraw = False
66.4445 	EXP 	Rightimg: autoDraw = False
66.4445 	EXP 	text: autoDraw = False
66.4445 	EXP 	text_3: autoDraw = True
66.4454 	EXP 	window1: blendMode = 'avg'
66.4625 	EXP 	window1: blendMode = 'avg'
66.4792 	EXP 	window1: blendMode = 'avg'
66.4958 	EXP 	window1: blendMode = 'avg'
66.5124 	EXP 	window1: blendMode = 'avg'
66.5294 	EXP 	window1: blendMode = 'avg'
66.5458 	EXP 	window1: blendMode = 'avg'
66.5624 	EXP 	window1: blendMode = 'avg'
66.5792 	EXP 	window1: blendMode = 'avg'
66.5959 	EXP 	window1: blendMode = 'avg'
66.6123 	EXP 	window1: blendMode = 'avg'
66.6289 	EXP 	window1: blendMode = 'avg'
66.6459 	EXP 	window1: blendMode = 'avg'
66.6624 	EXP 	window1: blendMode = 'avg'
66.6790 	EXP 	window1: blendMode = 'avg'
66.6950 	EXP 	window1: blendMode = 'avg'
66.7125 	EXP 	window1: blendMode = 'avg'
66.7292 	EXP 	window1: blendMode = 'avg'
66.7458 	EXP 	window1: blendMode = 'avg'
66.7622 	EXP 	window1: blendMode = 'avg'
66.7789 	EXP 	window1: blendMode = 'avg'
66.7966 	EXP 	window1: blendMode = 'avg'
66.8127 	EXP 	window1: blendMode = 'avg'
66.8292 	EXP 	window1: blendMode = 'avg'
66.8458 	EXP 	window1: blendMode = 'avg'
66.8622 	EXP 	window1: blendMode = 'avg'
66.8792 	EXP 	window1: blendMode = 'avg'
66.8958 	EXP 	window1: blendMode = 'avg'
66.9113 	EXP 	window1: blendMode = 'avg'
66.9286 	EXP 	window1: blendMode = 'avg'
66.9459 	EXP 	window1: blendMode = 'avg'
66.9626 	EXP 	window1: blendMode = 'avg'
66.9793 	EXP 	window1: blendMode = 'avg'
66.9959 	EXP 	window1: blendMode = 'avg'
67.0124 	EXP 	window1: blendMode = 'avg'
67.0290 	EXP 	window1: blendMode = 'avg'
67.0458 	EXP 	window1: blendMode = 'avg'
67.0622 	EXP 	window1: blendMode = 'avg'
67.0794 	EXP 	window1: blendMode = 'avg'
67.0957 	EXP 	window1: blendMode = 'avg'
67.1125 	EXP 	window1: blendMode = 'avg'
67.1282 	EXP 	window1: blendMode = 'avg'
67.1458 	EXP 	window1: blendMode = 'avg'
67.1627 	EXP 	window1: blendMode = 'avg'
67.1791 	EXP 	window1: blendMode = 'avg'
67.1954 	EXP 	window1: blendMode = 'avg'
67.2113 	EXP 	window1: blendMode = 'avg'
67.2283 	EXP 	window1: blendMode = 'avg'
67.2454 	EXP 	window1: blendMode = 'avg'
67.2625 	EXP 	window1: blendMode = 'avg'
67.2791 	EXP 	window1: blendMode = 'avg'
67.2955 	EXP 	window1: blendMode = 'avg'
67.3126 	EXP 	window1: blendMode = 'avg'
67.3292 	EXP 	window1: blendMode = 'avg'
67.3459 	EXP 	window1: blendMode = 'avg'
67.3625 	EXP 	window1: blendMode = 'avg'
67.3795 	EXP 	window1: blendMode = 'avg'
67.3961 	EXP 	window1: blendMode = 'avg'
67.4124 	EXP 	window1: blendMode = 'avg'
67.4292 	EXP 	window1: blendMode = 'avg'
67.4459 	EXP 	window1: blendMode = 'avg'
67.4623 	EXP 	window1: blendMode = 'avg'
67.4791 	EXP 	window1: blendMode = 'avg'
67.4955 	EXP 	window1: blendMode = 'avg'
67.5131 	EXP 	window1: blendMode = 'avg'
67.5292 	EXP 	window1: blendMode = 'avg'
67.5453 	EXP 	window1: blendMode = 'avg'
67.5618 	EXP 	window1: blendMode = 'avg'
67.5788 	EXP 	window1: blendMode = 'avg'
67.5961 	EXP 	window1: blendMode = 'avg'
67.6127 	EXP 	window1: blendMode = 'avg'
67.6292 	EXP 	window1: blendMode = 'avg'
67.6458 	EXP 	window1: blendMode = 'avg'
67.6623 	EXP 	window1: blendMode = 'avg'
67.6792 	EXP 	window1: blendMode = 'avg'
67.6953 	EXP 	window1: blendMode = 'avg'
67.7128 	EXP 	window1: blendMode = 'avg'
67.7292 	EXP 	window1: blendMode = 'avg'
67.7458 	EXP 	window1: blendMode = 'avg'
67.7625 	EXP 	window1: blendMode = 'avg'
67.7792 	EXP 	window1: blendMode = 'avg'
67.7958 	EXP 	window1: blendMode = 'avg'
67.8126 	EXP 	window1: blendMode = 'avg'
67.8292 	EXP 	window1: blendMode = 'avg'
67.8458 	EXP 	window1: blendMode = 'avg'
67.8625 	EXP 	window1: blendMode = 'avg'
67.8791 	EXP 	window1: blendMode = 'avg'
67.8957 	EXP 	window1: blendMode = 'avg'
67.9128 	EXP 	window1: blendMode = 'avg'
67.9289 	EXP 	window1: blendMode = 'avg'
67.9460 	EXP 	window1: blendMode = 'avg'
67.9622 	EXP 	window1: blendMode = 'avg'
67.9791 	EXP 	window1: blendMode = 'avg'
67.9958 	EXP 	window1: blendMode = 'avg'
68.0125 	EXP 	window1: blendMode = 'avg'
68.0295 	EXP 	window1: blendMode = 'avg'
68.0452 	EXP 	window1: blendMode = 'avg'
68.0612 	EXP 	window1: blendMode = 'avg'
68.0780 	EXP 	window1: blendMode = 'avg'
68.0952 	EXP 	window1: blendMode = 'avg'
68.1123 	EXP 	window1: blendMode = 'avg'
68.1284 	EXP 	window1: blendMode = 'avg'
68.1458 	EXP 	window1: blendMode = 'avg'
68.1625 	EXP 	window1: blendMode = 'avg'
68.1795 	EXP 	window1: blendMode = 'avg'
68.1960 	EXP 	window1: blendMode = 'avg'
68.2129 	EXP 	window1: blendMode = 'avg'
68.2293 	EXP 	window1: blendMode = 'avg'
68.2460 	EXP 	window1: blendMode = 'avg'
68.2622 	EXP 	window1: blendMode = 'avg'
68.2792 	EXP 	window1: blendMode = 'avg'
68.2954 	EXP 	window1: blendMode = 'avg'
68.3119 	EXP 	window1: blendMode = 'avg'
68.3293 	EXP 	window1: blendMode = 'avg'
68.3448 	EXP 	window1: blendMode = 'avg'
68.3625 	EXP 	window1: blendMode = 'avg'
68.3792 	EXP 	window1: blendMode = 'avg'
68.3956 	EXP 	window1: blendMode = 'avg'
68.4125 	EXP 	window1: blendMode = 'avg'
68.4292 	EXP 	window1: blendMode = 'avg'
68.4460 	EXP 	window1: blendMode = 'avg'
68.4625 	EXP 	window1: blendMode = 'avg'
68.4791 	EXP 	window1: blendMode = 'avg'
68.4956 	EXP 	window1: blendMode = 'avg'
68.5125 	EXP 	window1: blendMode = 'avg'
68.5290 	EXP 	window1: blendMode = 'avg'
68.5454 	EXP 	window1: blendMode = 'avg'
68.5626 	EXP 	window1: blendMode = 'avg'
68.5792 	EXP 	window1: blendMode = 'avg'
68.5959 	EXP 	window1: blendMode = 'avg'
68.6125 	EXP 	window1: blendMode = 'avg'
68.6292 	EXP 	window1: blendMode = 'avg'
68.6458 	EXP 	window1: blendMode = 'avg'
68.6625 	EXP 	window1: blendMode = 'avg'
68.6792 	EXP 	window1: blendMode = 'avg'
68.6953 	EXP 	window1: blendMode = 'avg'
68.7127 	EXP 	window1: blendMode = 'avg'
68.7292 	EXP 	window1: blendMode = 'avg'
68.7458 	EXP 	window1: blendMode = 'avg'
68.7624 	EXP 	window1: blendMode = 'avg'
68.7792 	EXP 	window1: blendMode = 'avg'
68.7958 	EXP 	window1: blendMode = 'avg'
68.8125 	EXP 	window1: blendMode = 'avg'
68.8289 	EXP 	window1: blendMode = 'avg'
68.8458 	EXP 	window1: blendMode = 'avg'
68.8627 	EXP 	window1: blendMode = 'avg'
68.8791 	EXP 	window1: blendMode = 'avg'
68.8959 	EXP 	window1: blendMode = 'avg'
68.9125 	EXP 	window1: blendMode = 'avg'
68.9291 	EXP 	window1: blendMode = 'avg'
68.9458 	EXP 	window1: blendMode = 'avg'
68.9627 	EXP 	window1: blendMode = 'avg'
68.9791 	EXP 	window1: blendMode = 'avg'
68.9958 	EXP 	window1: blendMode = 'avg'
69.0125 	EXP 	window1: blendMode = 'avg'
69.0294 	EXP 	window1: blendMode = 'avg'
69.0453 	EXP 	window1: blendMode = 'avg'
69.0627 	EXP 	window1: blendMode = 'avg'
69.0794 	EXP 	window1: blendMode = 'avg'
69.0958 	EXP 	window1: blendMode = 'avg'
69.1125 	EXP 	window1: blendMode = 'avg'
69.1290 	EXP 	window1: blendMode = 'avg'
69.1458 	EXP 	window1: blendMode = 'avg'
69.1623 	EXP 	window1: blendMode = 'avg'
69.1791 	EXP 	window1: blendMode = 'avg'
69.1954 	EXP 	window1: blendMode = 'avg'
69.2118 	EXP 	window1: blendMode = 'avg'
69.2294 	EXP 	window1: blendMode = 'avg'
69.2453 	EXP 	window1: blendMode = 'avg'
69.2628 	EXP 	window1: blendMode = 'avg'
69.2791 	EXP 	window1: blendMode = 'avg'
69.2957 	EXP 	window1: blendMode = 'avg'
69.3119 	EXP 	window1: blendMode = 'avg'
69.3294 	EXP 	window1: blendMode = 'avg'
69.3455 	EXP 	window1: blendMode = 'avg'
69.3624 	EXP 	window1: blendMode = 'avg'
69.3790 	EXP 	window1: blendMode = 'avg'
69.3953 	EXP 	window1: blendMode = 'avg'
69.4131 	EXP 	window1: blendMode = 'avg'
69.4291 	EXP 	window1: blendMode = 'avg'
69.4459 	EXP 	window1: blendMode = 'avg'
69.4641 	DATA 	Keypress: escape
