11.3907 	EXP 	Created window1 = Window(allowGUI=False, allowStencil=False, autoLog=True, bitsMode=UNKNOWN, blendMode='avg', color=array([ 0.,  0.,  0.]), colorSpace='rgb', fullscr=UNKNOWN, gamma=None, lms=UNKNOWN, monitor=<psychopy.monitors.calibTools.Monitor object at 0x113d1c410>, multiSample=False, name='window1', numSamples=2, pos=[0, 0], screen=0, size=array([1440,  900]), stereo=False, units=u'norm', useFBO=True, useRetina=False, viewOri=0.0, viewPos=None, viewScale=None, waitBlanking=True, winType='pyglet')
11.3908 	EXP 	window1: recordFrameIntervals = False
11.5581 	EXP 	window1: recordFrameIntervals = True
11.7415 	EXP 	window1: recordFrameIntervals = False
11.8267 	EXP 	Created text_2 = TextStim(alignHoriz='center', alignVert='center', antialias=True, autoLog=True, bold=False, color='white', colorSpace='named', contrast=1.0, depth=0.0, flipHoriz=False, flipVert=False, font='Arial', fontFiles=[], height=0.1, italic=False, name='text_2', opacity=1.0, ori=0, pos=array([ 0.,  0.]), rgb=array([ 255.,  255.,  255.]), text=unicode(...), units=u'norm', win=Window(...), wrapWidth=1)
11.8283 	EXP 	Created Leftimg = ImageStim(autoLog=True, color=array([ 1.,  1.,  1.]), colorSpace='rgb', contrast=1.0, depth=0.0, flipHoriz=False, flipVert=False, image='sin', interpolate=True, mask=None, maskParams=None, name='Leftimg', opacity=1.0, ori=0.0, pos=array([ 0.,  0.]), size=array([ 400.,  400.]), texRes=128, units='pix', win=Window(...))
11.8294 	EXP 	Created Rightimg = ImageStim(autoLog=True, color=array([ 1.,  1.,  1.]), colorSpace='rgb', contrast=1.0, depth=-1.0, flipHoriz=False, flipVert=False, image='sin', interpolate=True, mask=None, maskParams=None, name='Rightimg', opacity=1.0, ori=0.0, pos=array([ 0.,  0.]), size=array([ 400.,  400.]), texRes=128, units='pix', win=Window(...))
11.8423 	EXP 	Created text = TextStim(alignHoriz='center', alignVert='center', antialias=True, autoLog=True, bold=False, color='white', colorSpace='named', contrast=1.0, depth=-4.0, flipHoriz=False, flipVert=False, font='Arial', fontFiles=[], height=0.05, italic=False, name='text', opacity=1.0, ori=0, pos=array([ 0.,  0.]), rgb=array([ 255.,  255.,  255.]), text=u'to proceed press the space bar.', units=u'norm', win=Window(...), wrapWidth=1)
11.8516 	EXP 	Created text_3 = TextStim(alignHoriz='center', alignVert='center', antialias=True, autoLog=True, bold=False, color='white', colorSpace='named', contrast=1.0, depth=0.0, flipHoriz=False, flipVert=False, font='Arial', fontFiles=[], height=0.1, italic=False, name='text_3', opacity=1.0, ori=0, pos=array([ 0.,  0.]), rgb=array([ 255.,  255.,  255.]), text=unicode(...), units=u'norm', win=Window(...), wrapWidth=1)
11.8563 	EXP 	window1: blendMode = 'avg'
11.8736 	EXP 	text_2: autoDraw = True
11.8773 	EXP 	window1: blendMode = 'avg'
11.8921 	EXP 	window1: blendMode = 'avg'
11.9089 	EXP 	window1: blendMode = 'avg'
11.9256 	EXP 	window1: blendMode = 'avg'
11.9421 	EXP 	window1: blendMode = 'avg'
11.9591 	EXP 	window1: blendMode = 'avg'
11.9756 	EXP 	window1: blendMode = 'avg'
11.9921 	EXP 	window1: blendMode = 'avg'
12.0089 	EXP 	window1: blendMode = 'avg'
12.0255 	EXP 	window1: blendMode = 'avg'
12.0423 	EXP 	window1: blendMode = 'avg'
12.0588 	EXP 	window1: blendMode = 'avg'
12.0755 	EXP 	window1: blendMode = 'avg'
12.0923 	EXP 	window1: blendMode = 'avg'
12.1092 	EXP 	window1: blendMode = 'avg'
12.1254 	EXP 	window1: blendMode = 'avg'
12.1423 	EXP 	window1: blendMode = 'avg'
12.1591 	EXP 	window1: blendMode = 'avg'
12.1756 	EXP 	window1: blendMode = 'avg'
12.1921 	EXP 	window1: blendMode = 'avg'
12.2089 	EXP 	window1: blendMode = 'avg'
12.2256 	EXP 	window1: blendMode = 'avg'
12.2421 	EXP 	window1: blendMode = 'avg'
12.2589 	EXP 	window1: blendMode = 'avg'
12.2756 	EXP 	window1: blendMode = 'avg'
12.2923 	EXP 	window1: blendMode = 'avg'
12.3089 	EXP 	window1: blendMode = 'avg'
12.3256 	EXP 	window1: blendMode = 'avg'
12.3422 	EXP 	window1: blendMode = 'avg'
12.3589 	EXP 	window1: blendMode = 'avg'
12.3754 	EXP 	window1: blendMode = 'avg'
12.3921 	EXP 	window1: blendMode = 'avg'
12.4090 	EXP 	window1: blendMode = 'avg'
12.4255 	EXP 	window1: blendMode = 'avg'
12.4423 	EXP 	window1: blendMode = 'avg'
12.4593 	EXP 	window1: blendMode = 'avg'
12.4754 	EXP 	window1: blendMode = 'avg'
12.4921 	EXP 	window1: blendMode = 'avg'
12.5088 	EXP 	window1: blendMode = 'avg'
12.5256 	EXP 	window1: blendMode = 'avg'
12.5423 	EXP 	window1: blendMode = 'avg'
12.5584 	EXP 	window1: blendMode = 'avg'
12.5754 	EXP 	window1: blendMode = 'avg'
12.5922 	EXP 	window1: blendMode = 'avg'
12.6090 	EXP 	window1: blendMode = 'avg'
12.6255 	EXP 	window1: blendMode = 'avg'
12.6423 	EXP 	window1: blendMode = 'avg'
12.6588 	EXP 	window1: blendMode = 'avg'
12.6755 	EXP 	window1: blendMode = 'avg'
12.6923 	EXP 	window1: blendMode = 'avg'
12.7088 	EXP 	window1: blendMode = 'avg'
12.7255 	EXP 	window1: blendMode = 'avg'
12.7422 	EXP 	window1: blendMode = 'avg'
12.7588 	EXP 	window1: blendMode = 'avg'
12.7745 	EXP 	window1: blendMode = 'avg'
12.7922 	EXP 	window1: blendMode = 'avg'
12.8090 	EXP 	window1: blendMode = 'avg'
12.8255 	EXP 	window1: blendMode = 'avg'
12.8423 	EXP 	window1: blendMode = 'avg'
12.8587 	EXP 	window1: blendMode = 'avg'
12.8755 	EXP 	window1: blendMode = 'avg'
12.8922 	EXP 	window1: blendMode = 'avg'
12.9090 	EXP 	window1: blendMode = 'avg'
12.9255 	EXP 	window1: blendMode = 'avg'
12.9422 	EXP 	window1: blendMode = 'avg'
12.9590 	EXP 	window1: blendMode = 'avg'
12.9755 	EXP 	window1: blendMode = 'avg'
12.9922 	EXP 	window1: blendMode = 'avg'
13.0087 	EXP 	window1: blendMode = 'avg'
13.0256 	EXP 	window1: blendMode = 'avg'
13.0424 	EXP 	window1: blendMode = 'avg'
13.0589 	EXP 	window1: blendMode = 'avg'
13.0756 	EXP 	window1: blendMode = 'avg'
13.0922 	EXP 	window1: blendMode = 'avg'
13.1089 	EXP 	window1: blendMode = 'avg'
13.1256 	EXP 	window1: blendMode = 'avg'
13.1423 	EXP 	window1: blendMode = 'avg'
13.1588 	EXP 	window1: blendMode = 'avg'
13.1756 	EXP 	window1: blendMode = 'avg'
13.1922 	EXP 	window1: blendMode = 'avg'
13.2088 	EXP 	window1: blendMode = 'avg'
13.2257 	EXP 	window1: blendMode = 'avg'
13.2423 	EXP 	window1: blendMode = 'avg'
13.2590 	EXP 	window1: blendMode = 'avg'
13.2755 	EXP 	window1: blendMode = 'avg'
13.2921 	EXP 	window1: blendMode = 'avg'
13.3090 	EXP 	window1: blendMode = 'avg'
13.3255 	EXP 	window1: blendMode = 'avg'
13.3423 	EXP 	window1: blendMode = 'avg'
13.3590 	EXP 	window1: blendMode = 'avg'
13.3755 	EXP 	window1: blendMode = 'avg'
13.3923 	EXP 	window1: blendMode = 'avg'
13.4091 	EXP 	window1: blendMode = 'avg'
13.4254 	EXP 	window1: blendMode = 'avg'
13.4422 	EXP 	window1: blendMode = 'avg'
13.4589 	EXP 	window1: blendMode = 'avg'
13.4755 	EXP 	window1: blendMode = 'avg'
13.4922 	EXP 	window1: blendMode = 'avg'
13.5090 	EXP 	window1: blendMode = 'avg'
13.5255 	EXP 	window1: blendMode = 'avg'
13.5423 	EXP 	window1: blendMode = 'avg'
13.5589 	EXP 	window1: blendMode = 'avg'
13.5755 	EXP 	window1: blendMode = 'avg'
13.5923 	EXP 	window1: blendMode = 'avg'
13.6088 	EXP 	window1: blendMode = 'avg'
13.6257 	EXP 	window1: blendMode = 'avg'
13.6422 	EXP 	window1: blendMode = 'avg'
13.6588 	EXP 	window1: blendMode = 'avg'
13.6755 	EXP 	window1: blendMode = 'avg'
13.6922 	EXP 	window1: blendMode = 'avg'
13.7088 	EXP 	window1: blendMode = 'avg'
13.7255 	EXP 	window1: blendMode = 'avg'
13.7421 	EXP 	window1: blendMode = 'avg'
13.7588 	EXP 	window1: blendMode = 'avg'
13.7756 	EXP 	window1: blendMode = 'avg'
13.7923 	EXP 	window1: blendMode = 'avg'
13.8090 	EXP 	window1: blendMode = 'avg'
13.8255 	EXP 	window1: blendMode = 'avg'
13.8423 	EXP 	window1: blendMode = 'avg'
13.8589 	EXP 	window1: blendMode = 'avg'
13.8756 	EXP 	window1: blendMode = 'avg'
13.8921 	EXP 	window1: blendMode = 'avg'
13.9088 	EXP 	window1: blendMode = 'avg'
13.9256 	EXP 	window1: blendMode = 'avg'
13.9422 	EXP 	window1: blendMode = 'avg'
13.9589 	EXP 	window1: blendMode = 'avg'
13.9754 	EXP 	window1: blendMode = 'avg'
13.9921 	EXP 	window1: blendMode = 'avg'
14.0089 	EXP 	window1: blendMode = 'avg'
14.0254 	EXP 	window1: blendMode = 'avg'
14.0421 	EXP 	window1: blendMode = 'avg'
14.0589 	EXP 	window1: blendMode = 'avg'
14.0757 	EXP 	window1: blendMode = 'avg'
14.0922 	EXP 	window1: blendMode = 'avg'
14.1090 	EXP 	window1: blendMode = 'avg'
14.1255 	EXP 	window1: blendMode = 'avg'
14.1423 	EXP 	window1: blendMode = 'avg'
14.1588 	EXP 	window1: blendMode = 'avg'
14.1756 	EXP 	window1: blendMode = 'avg'
14.1921 	EXP 	window1: blendMode = 'avg'
14.2089 	EXP 	window1: blendMode = 'avg'
14.2253 	EXP 	window1: blendMode = 'avg'
14.2422 	EXP 	window1: blendMode = 'avg'
14.2589 	EXP 	window1: blendMode = 'avg'
14.2755 	EXP 	window1: blendMode = 'avg'
14.2923 	EXP 	window1: blendMode = 'avg'
14.3090 	EXP 	window1: blendMode = 'avg'
14.3254 	EXP 	window1: blendMode = 'avg'
14.3423 	EXP 	window1: blendMode = 'avg'
14.3588 	EXP 	window1: blendMode = 'avg'
14.3753 	EXP 	window1: blendMode = 'avg'
14.3921 	EXP 	window1: blendMode = 'avg'
14.4088 	EXP 	window1: blendMode = 'avg'
14.4256 	EXP 	window1: blendMode = 'avg'
14.4422 	EXP 	window1: blendMode = 'avg'
14.4589 	EXP 	window1: blendMode = 'avg'
14.4756 	EXP 	window1: blendMode = 'avg'
14.4923 	EXP 	window1: blendMode = 'avg'
14.5088 	EXP 	window1: blendMode = 'avg'
14.5256 	EXP 	window1: blendMode = 'avg'
14.5421 	EXP 	window1: blendMode = 'avg'
14.5588 	EXP 	window1: blendMode = 'avg'
14.5753 	EXP 	window1: blendMode = 'avg'
14.5922 	EXP 	window1: blendMode = 'avg'
14.6090 	EXP 	window1: blendMode = 'avg'
14.6239 	EXP 	window1: blendMode = 'avg'
14.6409 	EXP 	window1: blendMode = 'avg'
14.6580 	EXP 	window1: blendMode = 'avg'
14.6756 	EXP 	window1: blendMode = 'avg'
14.6922 	EXP 	window1: blendMode = 'avg'
14.7088 	EXP 	window1: blendMode = 'avg'
14.7255 	EXP 	window1: blendMode = 'avg'
14.7422 	EXP 	window1: blendMode = 'avg'
14.7589 	EXP 	window1: blendMode = 'avg'
14.7755 	EXP 	window1: blendMode = 'avg'
14.7922 	EXP 	window1: blendMode = 'avg'
14.8088 	EXP 	window1: blendMode = 'avg'
14.8255 	EXP 	window1: blendMode = 'avg'
14.8421 	EXP 	window1: blendMode = 'avg'
14.8589 	EXP 	window1: blendMode = 'avg'
14.8756 	EXP 	window1: blendMode = 'avg'
14.8921 	EXP 	window1: blendMode = 'avg'
14.9088 	EXP 	window1: blendMode = 'avg'
14.9256 	EXP 	window1: blendMode = 'avg'
14.9421 	EXP 	window1: blendMode = 'avg'
14.9588 	EXP 	window1: blendMode = 'avg'
14.9755 	EXP 	window1: blendMode = 'avg'
14.9922 	EXP 	window1: blendMode = 'avg'
15.0088 	EXP 	window1: blendMode = 'avg'
15.0256 	EXP 	window1: blendMode = 'avg'
15.0417 	EXP 	window1: blendMode = 'avg'
15.0586 	EXP 	window1: blendMode = 'avg'
15.0754 	EXP 	window1: blendMode = 'avg'
15.0923 	EXP 	window1: blendMode = 'avg'
15.1088 	EXP 	window1: blendMode = 'avg'
15.1249 	EXP 	window1: blendMode = 'avg'
15.1420 	EXP 	window1: blendMode = 'avg'
15.1588 	EXP 	window1: blendMode = 'avg'
15.1756 	EXP 	window1: blendMode = 'avg'
15.1921 	EXP 	window1: blendMode = 'avg'
15.2089 	EXP 	window1: blendMode = 'avg'
15.2255 	EXP 	window1: blendMode = 'avg'
15.2423 	EXP 	window1: blendMode = 'avg'
15.2587 	EXP 	window1: blendMode = 'avg'
15.2755 	EXP 	window1: blendMode = 'avg'
15.2922 	EXP 	window1: blendMode = 'avg'
15.3088 	EXP 	window1: blendMode = 'avg'
15.3255 	EXP 	window1: blendMode = 'avg'
15.3423 	EXP 	window1: blendMode = 'avg'
15.3587 	EXP 	window1: blendMode = 'avg'
15.3743 	EXP 	window1: blendMode = 'avg'
15.3920 	EXP 	window1: blendMode = 'avg'
15.4089 	EXP 	window1: blendMode = 'avg'
15.4254 	EXP 	window1: blendMode = 'avg'
15.4421 	EXP 	window1: blendMode = 'avg'
15.4589 	EXP 	window1: blendMode = 'avg'
15.4756 	EXP 	window1: blendMode = 'avg'
15.4921 	EXP 	window1: blendMode = 'avg'
15.5088 	EXP 	window1: blendMode = 'avg'
15.5255 	EXP 	window1: blendMode = 'avg'
15.5422 	EXP 	window1: blendMode = 'avg'
15.5589 	EXP 	window1: blendMode = 'avg'
15.5756 	EXP 	window1: blendMode = 'avg'
15.5917 	EXP 	window1: blendMode = 'avg'
15.6086 	EXP 	window1: blendMode = 'avg'
15.6256 	EXP 	window1: blendMode = 'avg'
15.6422 	EXP 	window1: blendMode = 'avg'
15.6588 	EXP 	window1: blendMode = 'avg'
15.6756 	EXP 	window1: blendMode = 'avg'
15.6917 	EXP 	window1: blendMode = 'avg'
15.7092 	EXP 	window1: blendMode = 'avg'
15.7254 	EXP 	window1: blendMode = 'avg'
15.7416 	EXP 	window1: blendMode = 'avg'
15.7592 	EXP 	window1: blendMode = 'avg'
15.7756 	EXP 	window1: blendMode = 'avg'
15.7922 	EXP 	window1: blendMode = 'avg'
15.8092 	EXP 	window1: blendMode = 'avg'
15.8256 	EXP 	window1: blendMode = 'avg'
15.8420 	EXP 	window1: blendMode = 'avg'
15.8594 	EXP 	window1: blendMode = 'avg'
15.8763 	EXP 	window1: blendMode = 'avg'
15.8924 	EXP 	window1: blendMode = 'avg'
15.9088 	EXP 	window1: blendMode = 'avg'
15.9249 	EXP 	window1: blendMode = 'avg'
15.9426 	EXP 	window1: blendMode = 'avg'
15.9591 	EXP 	window1: blendMode = 'avg'
15.9751 	EXP 	window1: blendMode = 'avg'
15.9915 	EXP 	window1: blendMode = 'avg'
16.0087 	EXP 	window1: blendMode = 'avg'
16.0250 	EXP 	window1: blendMode = 'avg'
16.0423 	EXP 	window1: blendMode = 'avg'
16.0585 	EXP 	window1: blendMode = 'avg'
16.0755 	EXP 	window1: blendMode = 'avg'
16.0919 	EXP 	window1: blendMode = 'avg'
16.1097 	EXP 	window1: blendMode = 'avg'
16.1259 	EXP 	window1: blendMode = 'avg'
16.1428 	EXP 	window1: blendMode = 'avg'
16.1594 	EXP 	window1: blendMode = 'avg'
16.1756 	EXP 	window1: blendMode = 'avg'
16.1925 	EXP 	window1: blendMode = 'avg'
16.2086 	EXP 	window1: blendMode = 'avg'
16.2252 	EXP 	window1: blendMode = 'avg'
16.2420 	EXP 	window1: blendMode = 'avg'
16.2588 	EXP 	window1: blendMode = 'avg'
16.2756 	EXP 	window1: blendMode = 'avg'
16.2912 	EXP 	window1: blendMode = 'avg'
16.3088 	EXP 	window1: blendMode = 'avg'
16.3256 	EXP 	window1: blendMode = 'avg'
16.3423 	EXP 	window1: blendMode = 'avg'
16.3588 	EXP 	window1: blendMode = 'avg'
16.3756 	EXP 	window1: blendMode = 'avg'
16.3921 	EXP 	window1: blendMode = 'avg'
16.4088 	EXP 	window1: blendMode = 'avg'
16.4255 	EXP 	window1: blendMode = 'avg'
16.4422 	EXP 	window1: blendMode = 'avg'
16.4587 	EXP 	window1: blendMode = 'avg'
16.4753 	EXP 	window1: blendMode = 'avg'
16.4921 	EXP 	window1: blendMode = 'avg'
16.5089 	EXP 	window1: blendMode = 'avg'
16.5255 	EXP 	window1: blendMode = 'avg'
16.5425 	EXP 	window1: blendMode = 'avg'
16.5586 	EXP 	window1: blendMode = 'avg'
16.5755 	EXP 	window1: blendMode = 'avg'
16.5922 	EXP 	window1: blendMode = 'avg'
16.6088 	EXP 	window1: blendMode = 'avg'
16.6255 	EXP 	window1: blendMode = 'avg'
16.6435 	EXP 	window1: blendMode = 'avg'
16.6589 	EXP 	window1: blendMode = 'avg'
16.6755 	EXP 	window1: blendMode = 'avg'
16.6922 	EXP 	window1: blendMode = 'avg'
16.7087 	EXP 	window1: blendMode = 'avg'
16.7256 	EXP 	window1: blendMode = 'avg'
16.7421 	EXP 	window1: blendMode = 'avg'
16.7588 	EXP 	window1: blendMode = 'avg'
16.7756 	EXP 	window1: blendMode = 'avg'
16.7921 	EXP 	window1: blendMode = 'avg'
16.8089 	EXP 	window1: blendMode = 'avg'
16.8254 	EXP 	window1: blendMode = 'avg'
16.8422 	EXP 	window1: blendMode = 'avg'
16.8587 	EXP 	window1: blendMode = 'avg'
16.8755 	EXP 	window1: blendMode = 'avg'
16.8922 	EXP 	window1: blendMode = 'avg'
16.9090 	EXP 	window1: blendMode = 'avg'
16.9255 	EXP 	window1: blendMode = 'avg'
16.9421 	EXP 	window1: blendMode = 'avg'
16.9589 	EXP 	window1: blendMode = 'avg'
16.9754 	EXP 	window1: blendMode = 'avg'
16.9921 	EXP 	window1: blendMode = 'avg'
17.0089 	EXP 	window1: blendMode = 'avg'
17.0253 	EXP 	window1: blendMode = 'avg'
17.0420 	EXP 	window1: blendMode = 'avg'
17.0589 	EXP 	window1: blendMode = 'avg'
17.0755 	EXP 	window1: blendMode = 'avg'
17.0922 	EXP 	window1: blendMode = 'avg'
17.1087 	EXP 	window1: blendMode = 'avg'
17.1267 	DATA 	Keypress: right
17.1273 	EXP 	window1: blendMode = 'avg'
17.1422 	EXP 	window1: blendMode = 'avg'
17.1590 	EXP 	window1: blendMode = 'avg'
17.1746 	EXP 	window1: blendMode = 'avg'
17.1921 	EXP 	window1: blendMode = 'avg'
17.2089 	EXP 	window1: blendMode = 'avg'
17.2260 	EXP 	window1: blendMode = 'avg'
17.2420 	EXP 	window1: blendMode = 'avg'
17.2588 	EXP 	window1: blendMode = 'avg'
17.2756 	EXP 	window1: blendMode = 'avg'
17.2924 	EXP 	window1: blendMode = 'avg'
17.3087 	EXP 	window1: blendMode = 'avg'
17.3255 	EXP 	window1: blendMode = 'avg'
17.3422 	EXP 	window1: blendMode = 'avg'
17.3589 	EXP 	window1: blendMode = 'avg'
17.3755 	EXP 	window1: blendMode = 'avg'
17.3923 	EXP 	window1: blendMode = 'avg'
17.4088 	EXP 	window1: blendMode = 'avg'
17.4256 	EXP 	window1: blendMode = 'avg'
17.4421 	EXP 	window1: blendMode = 'avg'
17.4589 	EXP 	window1: blendMode = 'avg'
17.4754 	EXP 	window1: blendMode = 'avg'
17.4922 	EXP 	window1: blendMode = 'avg'
17.5087 	EXP 	window1: blendMode = 'avg'
17.5256 	EXP 	window1: blendMode = 'avg'
17.5421 	EXP 	window1: blendMode = 'avg'
17.5588 	EXP 	window1: blendMode = 'avg'
17.5757 	EXP 	window1: blendMode = 'avg'
17.5922 	EXP 	window1: blendMode = 'avg'
17.6087 	EXP 	window1: blendMode = 'avg'
17.6255 	EXP 	window1: blendMode = 'avg'
17.6422 	EXP 	window1: blendMode = 'avg'
17.6589 	EXP 	window1: blendMode = 'avg'
17.6746 	EXP 	window1: blendMode = 'avg'
17.6921 	EXP 	window1: blendMode = 'avg'
17.7089 	EXP 	window1: blendMode = 'avg'
17.7254 	EXP 	window1: blendMode = 'avg'
17.7422 	EXP 	window1: blendMode = 'avg'
17.7589 	EXP 	window1: blendMode = 'avg'
17.7754 	EXP 	window1: blendMode = 'avg'
17.7921 	EXP 	window1: blendMode = 'avg'
17.8089 	EXP 	window1: blendMode = 'avg'
17.8256 	EXP 	window1: blendMode = 'avg'
17.8421 	EXP 	window1: blendMode = 'avg'
17.8604 	DATA 	Keypress: space
17.8707 	EXP 	Imported Book.xlsx as conditions, 44 conditions, 7 params
17.8713 	EXP 	Created sequence: random, trialTypes=44, nReps=1, seed=None
17.8717 	EXP 	New trial (rep=0, index=0): {'YLeftPos': 0, 'time_presentation': 0.5, 'XLeftPos': -300, 'XRightPos': 300, 'rightimg': u'frogs/ab75.jpg', 'YRightPos': 0, 'leftimg': u'frogs/ab35.jpg'}
17.9575 	EXP 	text_2: autoDraw = False
17.9575 	EXP 	Leftimg: pos = array([-300.,    0.])
17.9575 	EXP 	Leftimg: image = u'frogs/ab35.jpg'
17.9575 	EXP 	Rightimg: pos = array([ 300.,    0.])
17.9575 	EXP 	Rightimg: image = u'frogs/ab75.jpg'
17.9575 	EXP 	Leftimg: autoDraw = True
17.9575 	EXP 	Rightimg: autoDraw = True
18.3912 	EXP 	Leftimg: autoDraw = False
18.3912 	EXP 	Rightimg: autoDraw = False
18.8093 	DATA 	Keypress: right
18.8104 	EXP 	New trial (rep=0, index=1): {'YLeftPos': 0, 'time_presentation': 0.5, 'XLeftPos': -300, 'XRightPos': 300, 'rightimg': u'frogs/ab57.jpg', 'YRightPos': 0, 'leftimg': u'frogs/ab17.jpg'}
18.9079 	EXP 	Leftimg: autoDraw = False
18.9079 	EXP 	Rightimg: autoDraw = False
18.9079 	EXP 	text: autoDraw = False
18.9079 	EXP 	Leftimg: pos = array([-300.,    0.])
18.9079 	EXP 	Leftimg: image = u'frogs/ab17.jpg'
18.9079 	EXP 	Rightimg: pos = array([ 300.,    0.])
18.9079 	EXP 	Rightimg: image = u'frogs/ab57.jpg'
18.9079 	EXP 	Leftimg: autoDraw = True
18.9079 	EXP 	Rightimg: autoDraw = True
19.3245 	EXP 	Leftimg: autoDraw = False
19.3245 	EXP 	Rightimg: autoDraw = False
19.4427 	DATA 	Keypress: right
19.4439 	EXP 	New trial (rep=0, index=2): {'YLeftPos': 0, 'time_presentation': 0.5, 'XLeftPos': -300, 'XRightPos': 300, 'rightimg': u'frogs/ab46.jpg', 'YRightPos': 0, 'leftimg': u'frogs/ab6.jpg'}
19.5248 	EXP 	Leftimg: autoDraw = False
19.5248 	EXP 	Rightimg: autoDraw = False
19.5248 	EXP 	text: autoDraw = False
19.5248 	EXP 	Leftimg: pos = array([-300.,    0.])
19.5248 	EXP 	Leftimg: image = u'frogs/ab6.jpg'
19.5248 	EXP 	Rightimg: pos = array([ 300.,    0.])
19.5248 	EXP 	Rightimg: image = u'frogs/ab46.jpg'
19.5248 	EXP 	Leftimg: autoDraw = True
19.5248 	EXP 	Rightimg: autoDraw = True
19.9577 	EXP 	Leftimg: autoDraw = False
19.9577 	EXP 	Rightimg: autoDraw = False
20.1427 	DATA 	Keypress: right
20.1439 	EXP 	New trial (rep=0, index=3): {'YLeftPos': 0, 'time_presentation': 0.5, 'XLeftPos': -300, 'XRightPos': 300, 'rightimg': u'frogs/ab80.jpg', 'YRightPos': 0, 'leftimg': u'frogs/ab40.jpg'}
20.1738 	EXP 	Leftimg: autoDraw = False
20.1738 	EXP 	Rightimg: autoDraw = False
20.1738 	EXP 	text: autoDraw = False
20.1738 	EXP 	Leftimg: pos = array([-300.,    0.])
20.1738 	EXP 	Leftimg: image = u'frogs/ab40.jpg'
20.1738 	EXP 	Rightimg: pos = array([ 300.,    0.])
20.1738 	EXP 	Rightimg: image = u'frogs/ab80.jpg'
20.1738 	EXP 	Leftimg: autoDraw = True
20.1738 	EXP 	Rightimg: autoDraw = True
20.6577 	EXP 	Leftimg: autoDraw = False
20.6577 	EXP 	Rightimg: autoDraw = False
20.8598 	DATA 	Keypress: right
20.8609 	EXP 	New trial (rep=0, index=4): {'YLeftPos': 0, 'time_presentation': 0.5, 'XLeftPos': -300, 'XRightPos': 300, 'rightimg': u'frogs/ab47.jpg', 'YRightPos': 0, 'leftimg': u'frogs/ab7.jpg'}
21.2242 	EXP 	Leftimg: autoDraw = False
21.2242 	EXP 	Rightimg: autoDraw = False
21.2242 	EXP 	text: autoDraw = False
21.2242 	EXP 	Leftimg: pos = array([-300.,    0.])
21.2242 	EXP 	Leftimg: image = u'frogs/ab7.jpg'
21.2242 	EXP 	Rightimg: pos = array([ 300.,    0.])
21.2242 	EXP 	Rightimg: image = u'frogs/ab47.jpg'
21.2242 	EXP 	Leftimg: autoDraw = True
21.2242 	EXP 	Rightimg: autoDraw = True
21.3742 	EXP 	Leftimg: autoDraw = False
21.3742 	EXP 	Rightimg: autoDraw = False
23.3753 	EXP 	window1: blendMode = 'avg'
23.3910 	EXP 	text: autoDraw = True
23.3919 	EXP 	window1: blendMode = 'avg'
23.4089 	EXP 	window1: blendMode = 'avg'
23.4255 	EXP 	window1: blendMode = 'avg'
23.4421 	EXP 	window1: blendMode = 'avg'
23.4588 	EXP 	window1: blendMode = 'avg'
23.4753 	EXP 	window1: blendMode = 'avg'
23.4921 	EXP 	window1: blendMode = 'avg'
23.5088 	EXP 	window1: blendMode = 'avg'
23.5254 	EXP 	window1: blendMode = 'avg'
23.5421 	EXP 	window1: blendMode = 'avg'
23.5588 	EXP 	window1: blendMode = 'avg'
23.5755 	EXP 	window1: blendMode = 'avg'
23.5920 	EXP 	window1: blendMode = 'avg'
23.6088 	EXP 	window1: blendMode = 'avg'
23.6253 	EXP 	window1: blendMode = 'avg'
23.6420 	EXP 	window1: blendMode = 'avg'
23.6588 	EXP 	window1: blendMode = 'avg'
23.6754 	EXP 	window1: blendMode = 'avg'
23.6921 	EXP 	window1: blendMode = 'avg'
23.7083 	EXP 	window1: blendMode = 'avg'
23.7243 	EXP 	window1: blendMode = 'avg'
23.7420 	EXP 	window1: blendMode = 'avg'
23.7589 	EXP 	window1: blendMode = 'avg'
23.7752 	EXP 	window1: blendMode = 'avg'
23.7921 	EXP 	window1: blendMode = 'avg'
23.8088 	EXP 	window1: blendMode = 'avg'
23.8253 	EXP 	window1: blendMode = 'avg'
23.8421 	EXP 	window1: blendMode = 'avg'
23.8596 	EXP 	window1: blendMode = 'avg'
23.8756 	EXP 	window1: blendMode = 'avg'
23.8919 	EXP 	window1: blendMode = 'avg'
23.9091 	EXP 	window1: blendMode = 'avg'
23.9257 	EXP 	window1: blendMode = 'avg'
23.9421 	EXP 	window1: blendMode = 'avg'
23.9586 	EXP 	window1: blendMode = 'avg'
23.9755 	EXP 	window1: blendMode = 'avg'
23.9910 	EXP 	window1: blendMode = 'avg'
24.0084 	EXP 	window1: blendMode = 'avg'
24.0246 	EXP 	window1: blendMode = 'avg'
24.0421 	EXP 	window1: blendMode = 'avg'
24.0588 	EXP 	window1: blendMode = 'avg'
24.0753 	EXP 	window1: blendMode = 'avg'
24.0920 	EXP 	window1: blendMode = 'avg'
24.1088 	EXP 	window1: blendMode = 'avg'
24.1246 	EXP 	window1: blendMode = 'avg'
24.1414 	EXP 	window1: blendMode = 'avg'
24.1587 	EXP 	window1: blendMode = 'avg'
24.1759 	EXP 	window1: blendMode = 'avg'
24.1911 	EXP 	window1: blendMode = 'avg'
24.2082 	EXP 	window1: blendMode = 'avg'
24.2245 	EXP 	window1: blendMode = 'avg'
24.2406 	EXP 	window1: blendMode = 'avg'
24.2578 	EXP 	window1: blendMode = 'avg'
24.2748 	EXP 	window1: blendMode = 'avg'
24.2912 	EXP 	window1: blendMode = 'avg'
24.3079 	EXP 	window1: blendMode = 'avg'
24.3244 	EXP 	window1: blendMode = 'avg'
24.3406 	EXP 	window1: blendMode = 'avg'
24.3583 	EXP 	window1: blendMode = 'avg'
24.3741 	EXP 	window1: blendMode = 'avg'
24.3910 	EXP 	window1: blendMode = 'avg'
24.4083 	EXP 	window1: blendMode = 'avg'
24.4249 	EXP 	window1: blendMode = 'avg'
24.4409 	EXP 	window1: blendMode = 'avg'
24.4586 	EXP 	window1: blendMode = 'avg'
24.4755 	EXP 	window1: blendMode = 'avg'
24.4921 	EXP 	window1: blendMode = 'avg'
24.5088 	EXP 	window1: blendMode = 'avg'
24.5253 	EXP 	window1: blendMode = 'avg'
24.5420 	EXP 	window1: blendMode = 'avg'
24.5588 	EXP 	window1: blendMode = 'avg'
24.5752 	EXP 	window1: blendMode = 'avg'
24.5918 	EXP 	window1: blendMode = 'avg'
24.6086 	EXP 	window1: blendMode = 'avg'
24.6255 	EXP 	window1: blendMode = 'avg'
24.6420 	EXP 	window1: blendMode = 'avg'
24.6588 	EXP 	window1: blendMode = 'avg'
24.6754 	EXP 	window1: blendMode = 'avg'
24.6921 	EXP 	window1: blendMode = 'avg'
24.7086 	EXP 	window1: blendMode = 'avg'
24.7253 	EXP 	window1: blendMode = 'avg'
24.7421 	EXP 	window1: blendMode = 'avg'
24.7586 	EXP 	window1: blendMode = 'avg'
24.7752 	EXP 	window1: blendMode = 'avg'
24.7921 	EXP 	window1: blendMode = 'avg'
24.8088 	EXP 	window1: blendMode = 'avg'
24.8254 	EXP 	window1: blendMode = 'avg'
24.8419 	EXP 	window1: blendMode = 'avg'
24.8587 	EXP 	window1: blendMode = 'avg'
24.8743 	EXP 	window1: blendMode = 'avg'
24.8921 	EXP 	window1: blendMode = 'avg'
24.9088 	EXP 	window1: blendMode = 'avg'
24.9253 	EXP 	window1: blendMode = 'avg'
24.9421 	EXP 	window1: blendMode = 'avg'
24.9587 	EXP 	window1: blendMode = 'avg'
24.9754 	EXP 	window1: blendMode = 'avg'
24.9943 	DATA 	Keypress: space
24.9956 	EXP 	New trial (rep=0, index=5): {'YLeftPos': 0, 'time_presentation': 0.5, 'XLeftPos': -300, 'XRightPos': 300, 'rightimg': u'frogs/ab50.jpg', 'YRightPos': 0, 'leftimg': u'frogs/ab10.jpg'}
25.0570 	EXP 	Leftimg: autoDraw = False
25.0570 	EXP 	Rightimg: autoDraw = False
25.0570 	EXP 	text: autoDraw = False
25.0570 	EXP 	Leftimg: pos = array([-300.,    0.])
25.0570 	EXP 	Leftimg: image = u'frogs/ab10.jpg'
25.0570 	EXP 	Rightimg: pos = array([ 300.,    0.])
25.0570 	EXP 	Rightimg: image = u'frogs/ab50.jpg'
25.0570 	EXP 	Leftimg: autoDraw = True
25.0570 	EXP 	Rightimg: autoDraw = True
25.4925 	DATA 	Keypress: left
25.4933 	EXP 	New trial (rep=0, index=6): {'YLeftPos': 0, 'time_presentation': 0.5, 'XLeftPos': -300, 'XRightPos': 300, 'rightimg': u'2.jpg', 'YRightPos': 0, 'leftimg': u'4.jpg'}
25.5238 	EXP 	Leftimg: autoDraw = False
25.5238 	EXP 	Rightimg: autoDraw = False
25.5238 	EXP 	Leftimg: autoDraw = False
25.5238 	EXP 	Rightimg: autoDraw = False
25.5238 	EXP 	text: autoDraw = False
25.5238 	EXP 	Leftimg: pos = array([-300.,    0.])
25.5238 	EXP 	Leftimg: image = u'4.jpg'
25.5238 	EXP 	Rightimg: pos = array([ 300.,    0.])
25.5238 	EXP 	Rightimg: image = u'2.jpg'
25.5238 	EXP 	Leftimg: autoDraw = True
25.5238 	EXP 	Rightimg: autoDraw = True
26.0077 	EXP 	Leftimg: autoDraw = False
26.0077 	EXP 	Rightimg: autoDraw = False
26.3091 	DATA 	Keypress: right
26.3101 	EXP 	New trial (rep=0, index=7): {'YLeftPos': 0, 'time_presentation': 0.5, 'XLeftPos': -300, 'XRightPos': 300, 'rightimg': u'frogs/ab64.jpg', 'YRightPos': 0, 'leftimg': u'frogs/ab24.jpg'}
26.3232 	EXP 	Leftimg: autoDraw = False
26.3232 	EXP 	Rightimg: autoDraw = False
26.3232 	EXP 	text: autoDraw = False
26.3232 	EXP 	Leftimg: pos = array([-300.,    0.])
26.3232 	EXP 	Leftimg: image = u'frogs/ab24.jpg'
26.3232 	EXP 	Rightimg: pos = array([ 300.,    0.])
26.3232 	EXP 	Rightimg: image = u'frogs/ab64.jpg'
26.3232 	EXP 	Leftimg: autoDraw = True
26.3232 	EXP 	Rightimg: autoDraw = True
26.8243 	EXP 	Leftimg: autoDraw = False
26.8243 	EXP 	Rightimg: autoDraw = False
27.0595 	DATA 	Keypress: left
27.0607 	EXP 	New trial (rep=0, index=8): {'YLeftPos': 0, 'time_presentation': 0.5, 'XLeftPos': -300, 'XRightPos': 300, 'rightimg': u'frogs/ab76.jpg', 'YRightPos': 0, 'leftimg': u'frogs/ab36.jpg'}
27.1078 	EXP 	Leftimg: autoDraw = False
27.1078 	EXP 	Rightimg: autoDraw = False
27.1078 	EXP 	text: autoDraw = False
27.1078 	EXP 	Leftimg: pos = array([-300.,    0.])
27.1078 	EXP 	Leftimg: image = u'frogs/ab36.jpg'
27.1078 	EXP 	Rightimg: pos = array([ 300.,    0.])
27.1078 	EXP 	Rightimg: image = u'frogs/ab76.jpg'
27.1078 	EXP 	Leftimg: autoDraw = True
27.1078 	EXP 	Rightimg: autoDraw = True
27.5743 	EXP 	Leftimg: autoDraw = False
27.5743 	EXP 	Rightimg: autoDraw = False
28.1091 	DATA 	Keypress: right
28.1101 	EXP 	New trial (rep=0, index=9): {'YLeftPos': 0, 'time_presentation': 0.5, 'XLeftPos': -300, 'XRightPos': 300, 'rightimg': u'frogs/ab42.jpg', 'YRightPos': 0, 'leftimg': u'frogs/ab2.jpg'}
28.4235 	EXP 	Leftimg: autoDraw = False
28.4235 	EXP 	Rightimg: autoDraw = False
28.4235 	EXP 	text: autoDraw = False
28.4235 	EXP 	Leftimg: pos = array([-300.,    0.])
28.4235 	EXP 	Leftimg: image = u'frogs/ab2.jpg'
28.4235 	EXP 	Rightimg: pos = array([ 300.,    0.])
28.4235 	EXP 	Rightimg: image = u'frogs/ab42.jpg'
28.4235 	EXP 	Leftimg: autoDraw = True
28.4235 	EXP 	Rightimg: autoDraw = True
28.6243 	EXP 	Leftimg: autoDraw = False
28.6243 	EXP 	Rightimg: autoDraw = False
30.6251 	EXP 	window1: blendMode = 'avg'
30.6412 	EXP 	text: autoDraw = True
30.6421 	EXP 	window1: blendMode = 'avg'
30.6586 	EXP 	window1: blendMode = 'avg'
30.6754 	EXP 	window1: blendMode = 'avg'
30.6920 	EXP 	window1: blendMode = 'avg'
30.7086 	EXP 	window1: blendMode = 'avg'
30.7254 	EXP 	window1: blendMode = 'avg'
30.7419 	EXP 	window1: blendMode = 'avg'
30.7586 	EXP 	window1: blendMode = 'avg'
30.7753 	EXP 	window1: blendMode = 'avg'
30.7920 	EXP 	window1: blendMode = 'avg'
30.8086 	EXP 	window1: blendMode = 'avg'
30.8252 	EXP 	window1: blendMode = 'avg'
30.8420 	EXP 	window1: blendMode = 'avg'
30.8590 	EXP 	window1: blendMode = 'avg'
30.8752 	EXP 	window1: blendMode = 'avg'
30.8919 	EXP 	window1: blendMode = 'avg'
30.9087 	EXP 	window1: blendMode = 'avg'
30.9253 	EXP 	window1: blendMode = 'avg'
30.9420 	EXP 	window1: blendMode = 'avg'
30.9586 	EXP 	window1: blendMode = 'avg'
30.9753 	EXP 	window1: blendMode = 'avg'
30.9920 	EXP 	window1: blendMode = 'avg'
31.0086 	EXP 	window1: blendMode = 'avg'
31.0253 	EXP 	window1: blendMode = 'avg'
31.0419 	EXP 	window1: blendMode = 'avg'
31.0587 	EXP 	window1: blendMode = 'avg'
31.0753 	EXP 	window1: blendMode = 'avg'
31.0920 	EXP 	window1: blendMode = 'avg'
31.1087 	EXP 	window1: blendMode = 'avg'
31.1252 	EXP 	window1: blendMode = 'avg'
31.1420 	EXP 	window1: blendMode = 'avg'
31.1587 	EXP 	window1: blendMode = 'avg'
31.1754 	EXP 	window1: blendMode = 'avg'
31.1919 	EXP 	window1: blendMode = 'avg'
31.2087 	EXP 	window1: blendMode = 'avg'
31.2252 	EXP 	window1: blendMode = 'avg'
31.2416 	EXP 	window1: blendMode = 'avg'
31.2581 	EXP 	window1: blendMode = 'avg'
31.2750 	EXP 	window1: blendMode = 'avg'
31.2919 	EXP 	window1: blendMode = 'avg'
31.3081 	EXP 	window1: blendMode = 'avg'
31.3252 	EXP 	window1: blendMode = 'avg'
31.3420 	EXP 	window1: blendMode = 'avg'
31.3585 	EXP 	window1: blendMode = 'avg'
31.3753 	EXP 	window1: blendMode = 'avg'
31.3919 	EXP 	window1: blendMode = 'avg'
31.4087 	EXP 	window1: blendMode = 'avg'
31.4253 	EXP 	window1: blendMode = 'avg'
31.4431 	DATA 	Keypress: space
31.4442 	EXP 	New trial (rep=0, index=10): {'YLeftPos': 0, 'time_presentation': 0.5, 'XLeftPos': -300, 'XRightPos': 300, 'rightimg': u'frogs/ab70.jpg', 'YRightPos': 0, 'leftimg': u'frogs/ab30.jpg'}
31.4741 	EXP 	Leftimg: autoDraw = False
31.4741 	EXP 	Rightimg: autoDraw = False
31.4741 	EXP 	text: autoDraw = False
31.4741 	EXP 	Leftimg: pos = array([-300.,    0.])
31.4741 	EXP 	Leftimg: image = u'frogs/ab30.jpg'
31.4741 	EXP 	Rightimg: pos = array([ 300.,    0.])
31.4741 	EXP 	Rightimg: image = u'frogs/ab70.jpg'
31.4741 	EXP 	Leftimg: autoDraw = True
31.4741 	EXP 	Rightimg: autoDraw = True
31.9091 	DATA 	Keypress: left
31.9100 	EXP 	New trial (rep=0, index=11): {'YLeftPos': 0, 'time_presentation': 0.5, 'XLeftPos': -300, 'XRightPos': 300, 'rightimg': u'frogs/ab62.jpg', 'YRightPos': 0, 'leftimg': u'frogs/ab22.jpg'}
32.0909 	EXP 	Leftimg: autoDraw = False
32.0909 	EXP 	Rightimg: autoDraw = False
32.0909 	EXP 	text: autoDraw = False
32.0909 	EXP 	Leftimg: pos = array([-300.,    0.])
32.0909 	EXP 	Leftimg: image = u'frogs/ab22.jpg'
32.0909 	EXP 	Rightimg: pos = array([ 300.,    0.])
32.0909 	EXP 	Rightimg: image = u'frogs/ab62.jpg'
32.0909 	EXP 	Leftimg: autoDraw = True
32.0909 	EXP 	Rightimg: autoDraw = True
32.4244 	EXP 	Leftimg: autoDraw = False
32.4244 	EXP 	Rightimg: autoDraw = False
32.6259 	DATA 	Keypress: right
32.6270 	EXP 	New trial (rep=0, index=12): {'YLeftPos': 0, 'time_presentation': 0.5, 'XLeftPos': -300, 'XRightPos': 300, 'rightimg': u'frogs/ab59.jpg', 'YRightPos': 0, 'leftimg': u'frogs/ab19.jpg'}
32.6904 	EXP 	Leftimg: autoDraw = False
32.6904 	EXP 	Rightimg: autoDraw = False
32.6904 	EXP 	text: autoDraw = False
32.6904 	EXP 	Leftimg: pos = array([-300.,    0.])
32.6904 	EXP 	Leftimg: image = u'frogs/ab19.jpg'
32.6904 	EXP 	Rightimg: pos = array([ 300.,    0.])
32.6904 	EXP 	Rightimg: image = u'frogs/ab59.jpg'
32.6904 	EXP 	Leftimg: autoDraw = True
32.6904 	EXP 	Rightimg: autoDraw = True
33.1406 	EXP 	Leftimg: autoDraw = False
33.1406 	EXP 	Rightimg: autoDraw = False
33.1927 	DATA 	Keypress: left
33.1938 	EXP 	New trial (rep=0, index=13): {'YLeftPos': 0, 'time_presentation': 0.5, 'XLeftPos': -300, 'XRightPos': 300, 'rightimg': u'1.jpg', 'YRightPos': 0, 'leftimg': u'3.jpg'}
33.2411 	EXP 	Leftimg: autoDraw = False
33.2411 	EXP 	Rightimg: autoDraw = False
33.2411 	EXP 	text: autoDraw = False
33.2411 	EXP 	Leftimg: pos = array([-300.,    0.])
33.2411 	EXP 	Leftimg: image = u'3.jpg'
33.2411 	EXP 	Rightimg: pos = array([ 300.,    0.])
33.2411 	EXP 	Rightimg: image = u'1.jpg'
33.2411 	EXP 	Leftimg: autoDraw = True
33.2411 	EXP 	Rightimg: autoDraw = True
33.7075 	EXP 	Leftimg: autoDraw = False
33.7075 	EXP 	Rightimg: autoDraw = False
33.8592 	DATA 	Keypress: left
33.8603 	EXP 	New trial (rep=0, index=14): {'YLeftPos': 0, 'time_presentation': 0.5, 'XLeftPos': -300, 'XRightPos': 300, 'rightimg': u'frogs/ab78.jpg', 'YRightPos': 0, 'leftimg': u'frogs/ab38.jpg'}
33.8901 	EXP 	Leftimg: autoDraw = False
33.8901 	EXP 	Rightimg: autoDraw = False
33.8901 	EXP 	text: autoDraw = False
33.8901 	EXP 	Leftimg: pos = array([-300.,    0.])
33.8901 	EXP 	Leftimg: image = u'frogs/ab38.jpg'
33.8901 	EXP 	Rightimg: pos = array([ 300.,    0.])
33.8901 	EXP 	Rightimg: image = u'frogs/ab78.jpg'
33.8901 	EXP 	Leftimg: autoDraw = True
33.8901 	EXP 	Rightimg: autoDraw = True
33.9595 	DATA 	Keypress: right
33.9604 	EXP 	New trial (rep=0, index=15): {'YLeftPos': 0, 'time_presentation': 0.5, 'XLeftPos': -300, 'XRightPos': 300, 'rightimg': u'frogs/ab58.jpg', 'YRightPos': 0, 'leftimg': u'frogs/ab18.jpg'}
34.1066 	EXP 	Leftimg: autoDraw = False
34.1066 	EXP 	Rightimg: autoDraw = False
34.1066 	EXP 	text: autoDraw = False
34.1066 	EXP 	Leftimg: pos = array([-300.,    0.])
34.1066 	EXP 	Leftimg: image = u'frogs/ab18.jpg'
34.1066 	EXP 	Rightimg: pos = array([ 300.,    0.])
34.1066 	EXP 	Rightimg: image = u'frogs/ab58.jpg'
34.1066 	EXP 	Leftimg: autoDraw = True
34.1066 	EXP 	Rightimg: autoDraw = True
34.4742 	EXP 	Leftimg: autoDraw = False
34.4742 	EXP 	Rightimg: autoDraw = False
34.4759 	DATA 	Keypress: left
34.4772 	EXP 	New trial (rep=0, index=16): {'YLeftPos': 0, 'time_presentation': 0.5, 'XLeftPos': -300, 'XRightPos': 300, 'rightimg': u'frogs/ab43.jpg', 'YRightPos': 0, 'leftimg': u'frogs/ab3.jpg'}
34.5404 	EXP 	Leftimg: autoDraw = False
34.5404 	EXP 	Rightimg: autoDraw = False
34.5404 	EXP 	text: autoDraw = False
34.5404 	EXP 	Leftimg: pos = array([-300.,    0.])
34.5404 	EXP 	Leftimg: image = u'frogs/ab3.jpg'
34.5404 	EXP 	Rightimg: pos = array([ 300.,    0.])
34.5404 	EXP 	Rightimg: image = u'frogs/ab43.jpg'
34.5404 	EXP 	Leftimg: autoDraw = True
34.5404 	EXP 	Rightimg: autoDraw = True
34.9909 	EXP 	Leftimg: autoDraw = False
34.9909 	EXP 	Rightimg: autoDraw = False
35.0259 	DATA 	Keypress: right
35.0270 	EXP 	New trial (rep=0, index=17): {'YLeftPos': 0, 'time_presentation': 0.5, 'XLeftPos': -300, 'XRightPos': 300, 'rightimg': u'frogs/ab66.jpg', 'YRightPos': 0, 'leftimg': u'frogs/ab26.jpg'}
35.0406 	EXP 	Leftimg: autoDraw = False
35.0406 	EXP 	Rightimg: autoDraw = False
35.0406 	EXP 	text: autoDraw = False
35.0406 	EXP 	Leftimg: pos = array([-300.,    0.])
35.0406 	EXP 	Leftimg: image = u'frogs/ab26.jpg'
35.0406 	EXP 	Rightimg: pos = array([ 300.,    0.])
35.0406 	EXP 	Rightimg: image = u'frogs/ab66.jpg'
35.0406 	EXP 	Leftimg: autoDraw = True
35.0406 	EXP 	Rightimg: autoDraw = True
35.4926 	DATA 	Keypress: right
35.4935 	EXP 	New trial (rep=0, index=18): {'YLeftPos': 0, 'time_presentation': 0.5, 'XLeftPos': -300, 'XRightPos': 300, 'rightimg': u'frogs/ab63.jpg', 'YRightPos': 0, 'leftimg': u'frogs/ab23.jpg'}
35.5406 	EXP 	Leftimg: autoDraw = False
35.5406 	EXP 	Rightimg: autoDraw = False
35.5406 	EXP 	text: autoDraw = False
35.5406 	EXP 	Leftimg: pos = array([-300.,    0.])
35.5406 	EXP 	Leftimg: image = u'frogs/ab23.jpg'
35.5406 	EXP 	Rightimg: pos = array([ 300.,    0.])
35.5406 	EXP 	Rightimg: image = u'frogs/ab63.jpg'
35.5406 	EXP 	Leftimg: autoDraw = True
35.5406 	EXP 	Rightimg: autoDraw = True
35.9754 	DATA 	Keypress: left
35.9764 	EXP 	New trial (rep=0, index=19): {'YLeftPos': 0, 'time_presentation': 0.5, 'XLeftPos': -300, 'XRightPos': 300, 'rightimg': u'frogs/ab51.jpg', 'YRightPos': 0, 'leftimg': u'frogs/ab11.jpg'}
36.0408 	EXP 	Leftimg: autoDraw = False
36.0408 	EXP 	Rightimg: autoDraw = False
36.0408 	EXP 	text: autoDraw = False
36.0408 	EXP 	Leftimg: pos = array([-300.,    0.])
36.0408 	EXP 	Leftimg: image = u'frogs/ab11.jpg'
36.0408 	EXP 	Rightimg: pos = array([ 300.,    0.])
36.0408 	EXP 	Rightimg: image = u'frogs/ab51.jpg'
36.0408 	EXP 	Leftimg: autoDraw = True
36.0408 	EXP 	Rightimg: autoDraw = True
36.4759 	DATA 	Keypress: right
36.4768 	EXP 	New trial (rep=0, index=20): {'YLeftPos': 0, 'time_presentation': 0.5, 'XLeftPos': -300, 'XRightPos': 300, 'rightimg': u'frogs/ab49.jpg', 'YRightPos': 0, 'leftimg': u'frogs/ab9.jpg'}
36.6739 	EXP 	Leftimg: autoDraw = False
36.6739 	EXP 	Rightimg: autoDraw = False
36.6739 	EXP 	Leftimg: autoDraw = False
36.6739 	EXP 	Rightimg: autoDraw = False
36.6739 	EXP 	text: autoDraw = False
36.6739 	EXP 	Leftimg: pos = array([-300.,    0.])
36.6739 	EXP 	Leftimg: image = u'frogs/ab9.jpg'
36.6739 	EXP 	Rightimg: pos = array([ 300.,    0.])
36.6739 	EXP 	Rightimg: image = u'frogs/ab49.jpg'
36.6739 	EXP 	Leftimg: autoDraw = True
36.6739 	EXP 	Rightimg: autoDraw = True
36.9911 	EXP 	Leftimg: autoDraw = False
36.9911 	EXP 	Rightimg: autoDraw = False
37.1254 	DATA 	Keypress: left
37.1265 	EXP 	New trial (rep=0, index=21): {'YLeftPos': 0, 'time_presentation': 0.5, 'XLeftPos': -300, 'XRightPos': 300, 'rightimg': u'frogs/ab61.jpg', 'YRightPos': 0, 'leftimg': u'frogs/ab21.jpg'}
37.1737 	EXP 	Leftimg: autoDraw = False
37.1737 	EXP 	Rightimg: autoDraw = False
37.1737 	EXP 	text: autoDraw = False
37.1737 	EXP 	Leftimg: pos = array([-300.,    0.])
37.1737 	EXP 	Leftimg: image = u'frogs/ab21.jpg'
37.1737 	EXP 	Rightimg: pos = array([ 300.,    0.])
37.1737 	EXP 	Rightimg: image = u'frogs/ab61.jpg'
37.1737 	EXP 	Leftimg: autoDraw = True
37.1737 	EXP 	Rightimg: autoDraw = True
37.6409 	EXP 	Leftimg: autoDraw = False
37.6409 	EXP 	Rightimg: autoDraw = False
37.7091 	DATA 	Keypress: right
37.7103 	EXP 	New trial (rep=0, index=22): {'YLeftPos': 0, 'time_presentation': 0.5, 'XLeftPos': -300, 'XRightPos': 300, 'rightimg': u'frogs/ab60.jpg', 'YRightPos': 0, 'leftimg': u'frogs/ab20.jpg'}
37.7241 	EXP 	Leftimg: autoDraw = False
37.7241 	EXP 	Rightimg: autoDraw = False
37.7241 	EXP 	text: autoDraw = False
37.7241 	EXP 	Leftimg: pos = array([-300.,    0.])
37.7241 	EXP 	Leftimg: image = u'frogs/ab20.jpg'
37.7241 	EXP 	Rightimg: pos = array([ 300.,    0.])
37.7241 	EXP 	Rightimg: image = u'frogs/ab60.jpg'
37.7241 	EXP 	Leftimg: autoDraw = True
37.7241 	EXP 	Rightimg: autoDraw = True
38.2242 	EXP 	Leftimg: autoDraw = False
38.2242 	EXP 	Rightimg: autoDraw = False
38.2427 	DATA 	Keypress: left
38.2438 	EXP 	New trial (rep=0, index=23): {'YLeftPos': 0, 'time_presentation': 0.5, 'XLeftPos': -300, 'XRightPos': 300, 'rightimg': u'3.jpg', 'YRightPos': 0, 'leftimg': u'1.jpg'}
38.2906 	EXP 	Leftimg: autoDraw = False
38.2906 	EXP 	Rightimg: autoDraw = False
38.2906 	EXP 	text: autoDraw = False
38.2906 	EXP 	Leftimg: pos = array([-300.,    0.])
38.2906 	EXP 	Leftimg: image = u'1.jpg'
38.2906 	EXP 	Rightimg: pos = array([ 300.,    0.])
38.2906 	EXP 	Rightimg: image = u'3.jpg'
38.2906 	EXP 	Leftimg: autoDraw = True
38.2906 	EXP 	Rightimg: autoDraw = True
38.7572 	EXP 	Leftimg: autoDraw = False
38.7572 	EXP 	Rightimg: autoDraw = False
38.7923 	DATA 	Keypress: right
38.7934 	EXP 	New trial (rep=0, index=24): {'YLeftPos': 0, 'time_presentation': 0.5, 'XLeftPos': -300, 'XRightPos': 300, 'rightimg': u'frogs/ab79.jpg', 'YRightPos': 0, 'leftimg': u'frogs/ab39.jpg'}
38.8243 	EXP 	Leftimg: autoDraw = False
38.8243 	EXP 	Rightimg: autoDraw = False
38.8243 	EXP 	text: autoDraw = False
38.8243 	EXP 	Leftimg: pos = array([-300.,    0.])
38.8243 	EXP 	Leftimg: image = u'frogs/ab39.jpg'
38.8243 	EXP 	Rightimg: pos = array([ 300.,    0.])
38.8243 	EXP 	Rightimg: image = u'frogs/ab79.jpg'
38.8243 	EXP 	Leftimg: autoDraw = True
38.8243 	EXP 	Rightimg: autoDraw = True
39.3075 	EXP 	Leftimg: autoDraw = False
39.3075 	EXP 	Rightimg: autoDraw = False
39.3259 	DATA 	Keypress: left
39.3270 	EXP 	New trial (rep=0, index=25): {'YLeftPos': 0, 'time_presentation': 0.5, 'XLeftPos': -300, 'XRightPos': 300, 'rightimg': u'frogs/ab69.jpg', 'YRightPos': 0, 'leftimg': u'frogs/ab29.jpg'}
39.3577 	EXP 	Leftimg: autoDraw = False
39.3577 	EXP 	Rightimg: autoDraw = False
39.3577 	EXP 	text: autoDraw = False
39.3577 	EXP 	Leftimg: pos = array([-300.,    0.])
39.3577 	EXP 	Leftimg: image = u'frogs/ab29.jpg'
39.3577 	EXP 	Rightimg: pos = array([ 300.,    0.])
39.3577 	EXP 	Rightimg: image = u'frogs/ab69.jpg'
39.3577 	EXP 	Leftimg: autoDraw = True
39.3577 	EXP 	Rightimg: autoDraw = True
39.7595 	DATA 	Keypress: right
39.7608 	EXP 	New trial (rep=0, index=26): {'YLeftPos': 0, 'time_presentation': 0.5, 'XLeftPos': -300, 'XRightPos': 300, 'rightimg': u'frogs/ab77.jpg', 'YRightPos': 0, 'leftimg': u'frogs/ab37.jpg'}
39.8074 	EXP 	Leftimg: autoDraw = False
39.8074 	EXP 	Rightimg: autoDraw = False
39.8074 	EXP 	text: autoDraw = False
39.8074 	EXP 	Leftimg: pos = array([-300.,    0.])
39.8074 	EXP 	Leftimg: image = u'frogs/ab37.jpg'
39.8074 	EXP 	Rightimg: pos = array([ 300.,    0.])
39.8074 	EXP 	Rightimg: image = u'frogs/ab77.jpg'
39.8074 	EXP 	Leftimg: autoDraw = True
39.8074 	EXP 	Rightimg: autoDraw = True
40.2089 	DATA 	Keypress: left
40.2098 	EXP 	New trial (rep=0, index=27): {'YLeftPos': 0, 'time_presentation': 0.5, 'XLeftPos': -300, 'XRightPos': 300, 'rightimg': u'frogs/ab71.jpg', 'YRightPos': 0, 'leftimg': u'frogs/ab31.jpg'}
40.2907 	EXP 	Leftimg: autoDraw = False
40.2907 	EXP 	Rightimg: autoDraw = False
40.2907 	EXP 	text: autoDraw = False
40.2907 	EXP 	Leftimg: pos = array([-300.,    0.])
40.2907 	EXP 	Leftimg: image = u'frogs/ab31.jpg'
40.2907 	EXP 	Rightimg: pos = array([ 300.,    0.])
40.2907 	EXP 	Rightimg: image = u'frogs/ab71.jpg'
40.2907 	EXP 	Leftimg: autoDraw = True
40.2907 	EXP 	Rightimg: autoDraw = True
40.7241 	EXP 	Leftimg: autoDraw = False
40.7241 	EXP 	Rightimg: autoDraw = False
40.7258 	DATA 	Keypress: right
40.7272 	EXP 	New trial (rep=0, index=28): {'YLeftPos': 0, 'time_presentation': 0.5, 'XLeftPos': -300, 'XRightPos': 300, 'rightimg': u'frogs/ab55.jpg', 'YRightPos': 0, 'leftimg': u'frogs/ab15.jpg'}
40.8076 	EXP 	Leftimg: autoDraw = False
40.8076 	EXP 	Rightimg: autoDraw = False
40.8076 	EXP 	text: autoDraw = False
40.8076 	EXP 	Leftimg: pos = array([-300.,    0.])
40.8076 	EXP 	Leftimg: image = u'frogs/ab15.jpg'
40.8076 	EXP 	Rightimg: pos = array([ 300.,    0.])
40.8076 	EXP 	Rightimg: image = u'frogs/ab55.jpg'
40.8076 	EXP 	Leftimg: autoDraw = True
40.8076 	EXP 	Rightimg: autoDraw = True
41.2090 	DATA 	Keypress: left
41.2099 	EXP 	New trial (rep=0, index=29): {'YLeftPos': 0, 'time_presentation': 0.5, 'XLeftPos': -300, 'XRightPos': 300, 'rightimg': u'frogs/ab73.jpg', 'YRightPos': 0, 'leftimg': u'frogs/ab33.jpg'}
41.3073 	EXP 	Leftimg: autoDraw = False
41.3073 	EXP 	Rightimg: autoDraw = False
41.3073 	EXP 	text: autoDraw = False
41.3073 	EXP 	Leftimg: pos = array([-300.,    0.])
41.3073 	EXP 	Leftimg: image = u'frogs/ab33.jpg'
41.3073 	EXP 	Rightimg: pos = array([ 300.,    0.])
41.3073 	EXP 	Rightimg: image = u'frogs/ab73.jpg'
41.3073 	EXP 	Leftimg: autoDraw = True
41.3073 	EXP 	Rightimg: autoDraw = True
41.6927 	DATA 	Keypress: right
41.6937 	EXP 	New trial (rep=0, index=30): {'YLeftPos': 0, 'time_presentation': 0.5, 'XLeftPos': -300, 'XRightPos': 300, 'rightimg': u'frogs/ab41.jpg', 'YRightPos': 0, 'leftimg': u'frogs/ab1.jpg'}
41.7242 	EXP 	Leftimg: autoDraw = False
41.7242 	EXP 	Rightimg: autoDraw = False
41.7242 	EXP 	text: autoDraw = False
41.7242 	EXP 	Leftimg: pos = array([-300.,    0.])
41.7242 	EXP 	Leftimg: image = u'frogs/ab1.jpg'
41.7242 	EXP 	Rightimg: pos = array([ 300.,    0.])
41.7242 	EXP 	Rightimg: image = u'frogs/ab41.jpg'
41.7242 	EXP 	Leftimg: autoDraw = True
41.7242 	EXP 	Rightimg: autoDraw = True
42.1258 	DATA 	Keypress: left
42.1267 	EXP 	New trial (rep=0, index=31): {'YLeftPos': 0, 'time_presentation': 0.5, 'XLeftPos': -300, 'XRightPos': 300, 'rightimg': u'frogs/ab68.jpg', 'YRightPos': 0, 'leftimg': u'frogs/ab28.jpg'}
42.1571 	EXP 	Leftimg: autoDraw = False
42.1571 	EXP 	Rightimg: autoDraw = False
42.1571 	EXP 	text: autoDraw = False
42.1571 	EXP 	Leftimg: pos = array([-300.,    0.])
42.1571 	EXP 	Leftimg: image = u'frogs/ab28.jpg'
42.1571 	EXP 	Rightimg: pos = array([ 300.,    0.])
42.1571 	EXP 	Rightimg: image = u'frogs/ab68.jpg'
42.1571 	EXP 	Leftimg: autoDraw = True
42.1571 	EXP 	Rightimg: autoDraw = True
42.5758 	DATA 	Keypress: right
42.5768 	EXP 	New trial (rep=0, index=32): {'YLeftPos': 0, 'time_presentation': 0.5, 'XLeftPos': -300, 'XRightPos': 300, 'rightimg': u'frogs/ab74.jpg', 'YRightPos': 0, 'leftimg': u'frogs/ab34.jpg'}
42.6577 	EXP 	Leftimg: autoDraw = False
42.6577 	EXP 	Rightimg: autoDraw = False
42.6577 	EXP 	text: autoDraw = False
42.6577 	EXP 	Leftimg: pos = array([-300.,    0.])
42.6577 	EXP 	Leftimg: image = u'frogs/ab34.jpg'
42.6577 	EXP 	Rightimg: pos = array([ 300.,    0.])
42.6577 	EXP 	Rightimg: image = u'frogs/ab74.jpg'
42.6577 	EXP 	Leftimg: autoDraw = True
42.6577 	EXP 	Rightimg: autoDraw = True
43.0090 	DATA 	Keypress: left
43.0099 	EXP 	New trial (rep=0, index=33): {'YLeftPos': 0, 'time_presentation': 0.5, 'XLeftPos': -300, 'XRightPos': 300, 'rightimg': u'frogs/ab54.jpg', 'YRightPos': 0, 'leftimg': u'frogs/ab14.jpg'}
43.0571 	EXP 	Leftimg: autoDraw = False
43.0571 	EXP 	Rightimg: autoDraw = False
43.0571 	EXP 	text: autoDraw = False
43.0571 	EXP 	Leftimg: pos = array([-300.,    0.])
43.0571 	EXP 	Leftimg: image = u'frogs/ab14.jpg'
43.0571 	EXP 	Rightimg: pos = array([ 300.,    0.])
43.0571 	EXP 	Rightimg: image = u'frogs/ab54.jpg'
43.0571 	EXP 	Leftimg: autoDraw = True
43.0571 	EXP 	Rightimg: autoDraw = True
43.4434 	DATA 	Keypress: right
43.4447 	EXP 	New trial (rep=0, index=34): {'YLeftPos': 0, 'time_presentation': 0.5, 'XLeftPos': -300, 'XRightPos': 300, 'rightimg': u'frogs/ab53.jpg', 'YRightPos': 0, 'leftimg': u'frogs/ab13.jpg'}
43.4742 	EXP 	Leftimg: autoDraw = False
43.4742 	EXP 	Rightimg: autoDraw = False
43.4742 	EXP 	text: autoDraw = False
43.4742 	EXP 	Leftimg: pos = array([-300.,    0.])
43.4742 	EXP 	Leftimg: image = u'frogs/ab13.jpg'
43.4742 	EXP 	Rightimg: pos = array([ 300.,    0.])
43.4742 	EXP 	Rightimg: image = u'frogs/ab53.jpg'
43.4742 	EXP 	Leftimg: autoDraw = True
43.4742 	EXP 	Rightimg: autoDraw = True
43.8759 	DATA 	Keypress: left
43.8920 	EXP 	New trial (rep=0, index=35): {'YLeftPos': 0, 'time_presentation': 0.5, 'XLeftPos': -300, 'XRightPos': 300, 'rightimg': u'frogs/ab45.jpg', 'YRightPos': 0, 'leftimg': u'frogs/ab5.jpg'}
43.9071 	EXP 	Leftimg: autoDraw = False
43.9071 	EXP 	Rightimg: autoDraw = False
43.9071 	EXP 	text: autoDraw = False
43.9071 	EXP 	Leftimg: pos = array([-300.,    0.])
43.9071 	EXP 	Leftimg: image = u'frogs/ab5.jpg'
43.9071 	EXP 	Rightimg: pos = array([ 300.,    0.])
43.9071 	EXP 	Rightimg: image = u'frogs/ab45.jpg'
43.9071 	EXP 	Leftimg: autoDraw = True
43.9071 	EXP 	Rightimg: autoDraw = True
44.3102 	DATA 	Keypress: right
44.3251 	EXP 	New trial (rep=0, index=36): {'YLeftPos': 0, 'time_presentation': 0.5, 'XLeftPos': -300, 'XRightPos': 300, 'rightimg': u'frogs/ab56.jpg', 'YRightPos': 0, 'leftimg': u'frogs/ab16.jpg'}
44.5746 	EXP 	Leftimg: autoDraw = False
44.5746 	EXP 	Rightimg: autoDraw = False
44.5746 	EXP 	text: autoDraw = False
44.5746 	EXP 	Leftimg: pos = array([-300.,    0.])
44.5746 	EXP 	Leftimg: image = u'frogs/ab16.jpg'
44.5746 	EXP 	Rightimg: pos = array([ 300.,    0.])
44.5746 	EXP 	Rightimg: image = u'frogs/ab56.jpg'
44.5746 	EXP 	Leftimg: autoDraw = True
44.5746 	EXP 	Rightimg: autoDraw = True
44.8407 	EXP 	Leftimg: autoDraw = False
44.8407 	EXP 	Rightimg: autoDraw = False
44.9768 	DATA 	Keypress: left
44.9923 	EXP 	New trial (rep=0, index=37): {'YLeftPos': 0, 'time_presentation': 0.5, 'XLeftPos': -300, 'XRightPos': 300, 'rightimg': u'4.jpg', 'YRightPos': 0, 'leftimg': u'2.jpg'}
45.0402 	EXP 	Leftimg: autoDraw = False
45.0402 	EXP 	Rightimg: autoDraw = False
45.0402 	EXP 	text: autoDraw = False
45.0402 	EXP 	Leftimg: pos = array([-300.,    0.])
45.0402 	EXP 	Leftimg: image = u'2.jpg'
45.0402 	EXP 	Rightimg: pos = array([ 300.,    0.])
45.0402 	EXP 	Rightimg: image = u'4.jpg'
45.0402 	EXP 	Leftimg: autoDraw = True
45.0402 	EXP 	Rightimg: autoDraw = True
45.5072 	EXP 	Leftimg: autoDraw = False
45.5072 	EXP 	Rightimg: autoDraw = False
45.6921 	DATA 	Keypress: left
45.6931 	EXP 	New trial (rep=0, index=38): {'YLeftPos': 0, 'time_presentation': 0.5, 'XLeftPos': -300, 'XRightPos': 300, 'rightimg': u'frogs/ab44.jpg', 'YRightPos': 0, 'leftimg': u'frogs/ab4.jpg'}
45.7064 	EXP 	Leftimg: autoDraw = False
45.7064 	EXP 	Rightimg: autoDraw = False
45.7064 	EXP 	text: autoDraw = False
45.7064 	EXP 	Leftimg: pos = array([-300.,    0.])
45.7064 	EXP 	Leftimg: image = u'frogs/ab4.jpg'
45.7064 	EXP 	Rightimg: pos = array([ 300.,    0.])
45.7064 	EXP 	Rightimg: image = u'frogs/ab44.jpg'
45.7064 	EXP 	Leftimg: autoDraw = True
45.7064 	EXP 	Rightimg: autoDraw = True
46.1920 	DATA 	Keypress: right
46.1929 	EXP 	New trial (rep=0, index=39): {'YLeftPos': 0, 'time_presentation': 0.5, 'XLeftPos': -300, 'XRightPos': 300, 'rightimg': u'frogs/ab48.jpg', 'YRightPos': 0, 'leftimg': u'frogs/ab8.jpg'}
46.2405 	EXP 	Leftimg: autoDraw = False
46.2405 	EXP 	Rightimg: autoDraw = False
46.2405 	EXP 	Leftimg: autoDraw = False
46.2405 	EXP 	Rightimg: autoDraw = False
46.2405 	EXP 	text: autoDraw = False
46.2405 	EXP 	Leftimg: pos = array([-300.,    0.])
46.2405 	EXP 	Leftimg: image = u'frogs/ab8.jpg'
46.2405 	EXP 	Rightimg: pos = array([ 300.,    0.])
46.2405 	EXP 	Rightimg: image = u'frogs/ab48.jpg'
46.2405 	EXP 	Leftimg: autoDraw = True
46.2405 	EXP 	Rightimg: autoDraw = True
46.6591 	DATA 	Keypress: left
46.6601 	EXP 	New trial (rep=0, index=40): {'YLeftPos': 0, 'time_presentation': 0.5, 'XLeftPos': -300, 'XRightPos': 300, 'rightimg': u'frogs/ab52.jpg', 'YRightPos': 0, 'leftimg': u'frogs/ab12.jpg'}
46.6739 	EXP 	Leftimg: autoDraw = False
46.6739 	EXP 	Rightimg: autoDraw = False
46.6739 	EXP 	text: autoDraw = False
46.6739 	EXP 	Leftimg: pos = array([-300.,    0.])
46.6739 	EXP 	Leftimg: image = u'frogs/ab12.jpg'
46.6739 	EXP 	Rightimg: pos = array([ 300.,    0.])
46.6739 	EXP 	Rightimg: image = u'frogs/ab52.jpg'
46.6739 	EXP 	Leftimg: autoDraw = True
46.6739 	EXP 	Rightimg: autoDraw = True
47.0436 	DATA 	Keypress: right
47.0585 	EXP 	New trial (rep=0, index=41): {'YLeftPos': 0, 'time_presentation': 0.5, 'XLeftPos': -300, 'XRightPos': 300, 'rightimg': u'frogs/ab65.jpg', 'YRightPos': 0, 'leftimg': u'frogs/ab25.jpg'}
47.1239 	EXP 	Leftimg: autoDraw = False
47.1239 	EXP 	Rightimg: autoDraw = False
47.1239 	EXP 	text: autoDraw = False
47.1239 	EXP 	Leftimg: pos = array([-300.,    0.])
47.1239 	EXP 	Leftimg: image = u'frogs/ab25.jpg'
47.1239 	EXP 	Rightimg: pos = array([ 300.,    0.])
47.1239 	EXP 	Rightimg: image = u'frogs/ab65.jpg'
47.1239 	EXP 	Leftimg: autoDraw = True
47.1239 	EXP 	Rightimg: autoDraw = True
47.5741 	EXP 	Leftimg: autoDraw = False
47.5741 	EXP 	Rightimg: autoDraw = False
47.5922 	DATA 	Keypress: left
47.5940 	EXP 	New trial (rep=0, index=42): {'YLeftPos': 0, 'time_presentation': 0.5, 'XLeftPos': -300, 'XRightPos': 300, 'rightimg': u'frogs/ab67.jpg', 'YRightPos': 0, 'leftimg': u'frogs/ab27.jpg'}
47.6412 	EXP 	Leftimg: autoDraw = False
47.6412 	EXP 	Rightimg: autoDraw = False
47.6412 	EXP 	text: autoDraw = False
47.6412 	EXP 	Leftimg: pos = array([-300.,    0.])
47.6412 	EXP 	Leftimg: image = u'frogs/ab27.jpg'
47.6412 	EXP 	Rightimg: pos = array([ 300.,    0.])
47.6412 	EXP 	Rightimg: image = u'frogs/ab67.jpg'
47.6412 	EXP 	Leftimg: autoDraw = True
47.6412 	EXP 	Rightimg: autoDraw = True
48.1071 	EXP 	Leftimg: autoDraw = False
48.1071 	EXP 	Rightimg: autoDraw = False
48.1088 	DATA 	Keypress: left
48.1101 	EXP 	New trial (rep=0, index=43): {'YLeftPos': 0, 'time_presentation': 0.5, 'XLeftPos': -300, 'XRightPos': 300, 'rightimg': u'frogs/ab72.jpg', 'YRightPos': 0, 'leftimg': u'frogs/ab32.jpg'}
48.1408 	EXP 	Leftimg: autoDraw = False
48.1408 	EXP 	Rightimg: autoDraw = False
48.1408 	EXP 	text: autoDraw = False
48.1408 	EXP 	Leftimg: pos = array([-300.,    0.])
48.1408 	EXP 	Leftimg: image = u'frogs/ab32.jpg'
48.1408 	EXP 	Rightimg: pos = array([ 300.,    0.])
48.1408 	EXP 	Rightimg: image = u'frogs/ab72.jpg'
48.1408 	EXP 	Leftimg: autoDraw = True
48.1408 	EXP 	Rightimg: autoDraw = True
48.6234 	EXP 	Leftimg: autoDraw = False
48.6234 	EXP 	Rightimg: autoDraw = False
48.6250 	DATA 	Keypress: left
48.6890 	EXP 	window1: blendMode = 'avg'
48.7076 	EXP 	Leftimg: autoDraw = False
48.7076 	EXP 	Rightimg: autoDraw = False
48.7076 	EXP 	text: autoDraw = False
48.7076 	EXP 	text_3: autoDraw = True
48.7086 	EXP 	window1: blendMode = 'avg'
48.7251 	EXP 	window1: blendMode = 'avg'
48.7415 	EXP 	window1: blendMode = 'avg'
48.7578 	EXP 	window1: blendMode = 'avg'
48.7748 	EXP 	window1: blendMode = 'avg'
48.7916 	EXP 	window1: blendMode = 'avg'
48.8084 	EXP 	window1: blendMode = 'avg'
48.8250 	EXP 	window1: blendMode = 'avg'
48.8418 	EXP 	window1: blendMode = 'avg'
48.8584 	EXP 	window1: blendMode = 'avg'
48.8751 	EXP 	window1: blendMode = 'avg'
48.8917 	EXP 	window1: blendMode = 'avg'
48.9085 	EXP 	window1: blendMode = 'avg'
48.9250 	EXP 	window1: blendMode = 'avg'
48.9417 	EXP 	window1: blendMode = 'avg'
48.9584 	EXP 	window1: blendMode = 'avg'
48.9750 	EXP 	window1: blendMode = 'avg'
48.9917 	EXP 	window1: blendMode = 'avg'
49.0085 	EXP 	window1: blendMode = 'avg'
49.0250 	EXP 	window1: blendMode = 'avg'
49.0418 	EXP 	window1: blendMode = 'avg'
49.0583 	EXP 	window1: blendMode = 'avg'
49.0750 	EXP 	window1: blendMode = 'avg'
49.0917 	EXP 	window1: blendMode = 'avg'
49.1084 	EXP 	window1: blendMode = 'avg'
49.1250 	EXP 	window1: blendMode = 'avg'
49.1417 	EXP 	window1: blendMode = 'avg'
49.1584 	EXP 	window1: blendMode = 'avg'
49.1750 	EXP 	window1: blendMode = 'avg'
49.1918 	EXP 	window1: blendMode = 'avg'
49.2083 	EXP 	window1: blendMode = 'avg'
49.2251 	EXP 	window1: blendMode = 'avg'
49.2419 	EXP 	window1: blendMode = 'avg'
49.2572 	EXP 	window1: blendMode = 'avg'
49.2745 	EXP 	window1: blendMode = 'avg'
49.2911 	EXP 	window1: blendMode = 'avg'
49.3088 	EXP 	window1: blendMode = 'avg'
49.3247 	EXP 	window1: blendMode = 'avg'
49.3416 	EXP 	window1: blendMode = 'avg'
49.3584 	EXP 	window1: blendMode = 'avg'
49.3748 	EXP 	window1: blendMode = 'avg'
49.3916 	EXP 	window1: blendMode = 'avg'
49.4083 	EXP 	window1: blendMode = 'avg'
49.4251 	EXP 	window1: blendMode = 'avg'
49.4417 	EXP 	window1: blendMode = 'avg'
49.4585 	EXP 	window1: blendMode = 'avg'
49.4750 	EXP 	window1: blendMode = 'avg'
49.4918 	EXP 	window1: blendMode = 'avg'
49.5084 	EXP 	window1: blendMode = 'avg'
49.5252 	EXP 	window1: blendMode = 'avg'
49.5418 	EXP 	window1: blendMode = 'avg'
49.5585 	EXP 	window1: blendMode = 'avg'
49.5751 	EXP 	window1: blendMode = 'avg'
49.5917 	EXP 	window1: blendMode = 'avg'
49.6083 	EXP 	window1: blendMode = 'avg'
49.6251 	EXP 	window1: blendMode = 'avg'
49.6418 	EXP 	window1: blendMode = 'avg'
49.6584 	EXP 	window1: blendMode = 'avg'
49.6751 	EXP 	window1: blendMode = 'avg'
49.6917 	EXP 	window1: blendMode = 'avg'
49.7084 	EXP 	window1: blendMode = 'avg'
49.7250 	EXP 	window1: blendMode = 'avg'
49.7418 	EXP 	window1: blendMode = 'avg'
49.7581 	EXP 	window1: blendMode = 'avg'
49.7747 	EXP 	window1: blendMode = 'avg'
49.7916 	EXP 	window1: blendMode = 'avg'
49.8085 	EXP 	window1: blendMode = 'avg'
49.8251 	EXP 	window1: blendMode = 'avg'
49.8417 	EXP 	window1: blendMode = 'avg'
49.8579 	EXP 	window1: blendMode = 'avg'
49.8749 	EXP 	window1: blendMode = 'avg'
49.8918 	EXP 	window1: blendMode = 'avg'
49.9084 	EXP 	window1: blendMode = 'avg'
49.9252 	EXP 	window1: blendMode = 'avg'
49.9417 	EXP 	window1: blendMode = 'avg'
49.9585 	EXP 	window1: blendMode = 'avg'
49.9751 	EXP 	window1: blendMode = 'avg'
49.9919 	EXP 	window1: blendMode = 'avg'
50.0085 	EXP 	window1: blendMode = 'avg'
50.0251 	EXP 	window1: blendMode = 'avg'
50.0418 	EXP 	window1: blendMode = 'avg'
50.0584 	EXP 	window1: blendMode = 'avg'
50.0752 	EXP 	window1: blendMode = 'avg'
50.0918 	EXP 	window1: blendMode = 'avg'
50.1083 	EXP 	window1: blendMode = 'avg'
50.1252 	EXP 	window1: blendMode = 'avg'
50.1418 	EXP 	window1: blendMode = 'avg'
50.1585 	EXP 	window1: blendMode = 'avg'
50.1750 	EXP 	window1: blendMode = 'avg'
50.1919 	EXP 	window1: blendMode = 'avg'
50.2085 	EXP 	window1: blendMode = 'avg'
50.2250 	EXP 	window1: blendMode = 'avg'
50.2418 	EXP 	window1: blendMode = 'avg'
50.2583 	EXP 	window1: blendMode = 'avg'
50.2751 	EXP 	window1: blendMode = 'avg'
50.2916 	EXP 	window1: blendMode = 'avg'
50.3080 	EXP 	window1: blendMode = 'avg'
50.3250 	EXP 	window1: blendMode = 'avg'
50.3418 	EXP 	window1: blendMode = 'avg'
50.3584 	EXP 	window1: blendMode = 'avg'
50.3751 	EXP 	window1: blendMode = 'avg'
50.3918 	EXP 	window1: blendMode = 'avg'
50.4083 	EXP 	window1: blendMode = 'avg'
50.4249 	EXP 	window1: blendMode = 'avg'
50.4408 	EXP 	window1: blendMode = 'avg'
50.4575 	EXP 	window1: blendMode = 'avg'
50.4741 	EXP 	window1: blendMode = 'avg'
50.4912 	EXP 	window1: blendMode = 'avg'
50.5079 	EXP 	window1: blendMode = 'avg'
50.5257 	DATA 	Keypress: escape
50.6268 	EXP 	window1: mouseVisible = True
