11.1243 	EXP 	Created window1 = Window(allowGUI=False, allowStencil=False, autoLog=True, bitsMode=UNKNOWN, blendMode='avg', color=array([ 0.,  0.,  0.]), colorSpace='rgb', fullscr=UNKNOWN, gamma=None, lms=UNKNOWN, monitor=<psychopy.monitors.calibTools.Monitor object at 0x113c5c410>, multiSample=False, name='window1', numSamples=2, pos=[0, 0], screen=0, size=array([1440,  900]), stereo=False, units=u'norm', useFBO=True, useRetina=False, viewOri=0.0, viewPos=None, viewScale=None, waitBlanking=True, winType='pyglet')
11.1243 	EXP 	window1: recordFrameIntervals = False
11.2900 	EXP 	window1: recordFrameIntervals = True
11.4737 	EXP 	window1: recordFrameIntervals = False
11.5585 	EXP 	Created text_2 = TextStim(alignHoriz='center', alignVert='center', antialias=True, autoLog=True, bold=False, color='white', colorSpace='named', contrast=1.0, depth=0.0, flipHoriz=False, flipVert=False, font='Arial', fontFiles=[], height=0.1, italic=False, name='text_2', opacity=1.0, ori=0, pos=array([ 0.,  0.]), rgb=array([ 255.,  255.,  255.]), text=unicode(...), units=u'norm', win=Window(...), wrapWidth=1)
11.5601 	EXP 	Created Leftimg = ImageStim(autoLog=True, color=array([ 1.,  1.,  1.]), colorSpace='rgb', contrast=1.0, depth=0.0, flipHoriz=False, flipVert=False, image='sin', interpolate=True, mask=None, maskParams=None, name='Leftimg', opacity=1.0, ori=0.0, pos=array([ 0.,  0.]), size=array([ 400.,  400.]), texRes=128, units='pix', win=Window(...))
11.5612 	EXP 	Created Rightimg = ImageStim(autoLog=True, color=array([ 1.,  1.,  1.]), colorSpace='rgb', contrast=1.0, depth=-1.0, flipHoriz=False, flipVert=False, image='sin', interpolate=True, mask=None, maskParams=None, name='Rightimg', opacity=1.0, ori=0.0, pos=array([ 0.,  0.]), size=array([ 400.,  400.]), texRes=128, units='pix', win=Window(...))
11.5711 	EXP 	Created text = TextStim(alignHoriz='center', alignVert='center', antialias=True, autoLog=True, bold=False, color='white', colorSpace='named', contrast=1.0, depth=-4.0, flipHoriz=False, flipVert=False, font='Arial', fontFiles=[], height=0.05, italic=False, name='text', opacity=1.0, ori=0, pos=array([ 0.,  0.]), rgb=array([ 255.,  255.,  255.]), text=u'to proceed press the space bar.', units=u'norm', win=Window(...), wrapWidth=1)
11.5804 	EXP 	Created text_3 = TextStim(alignHoriz='center', alignVert='center', antialias=True, autoLog=True, bold=False, color='white', colorSpace='named', contrast=1.0, depth=0.0, flipHoriz=False, flipVert=False, font='Arial', fontFiles=[], height=0.1, italic=False, name='text_3', opacity=1.0, ori=0, pos=array([ 0.,  0.]), rgb=array([ 255.,  255.,  255.]), text=unicode(...), units=u'norm', win=Window(...), wrapWidth=1)
11.5851 	EXP 	window1: blendMode = 'avg'
11.5892 	EXP 	text_2: autoDraw = True
11.5917 	EXP 	window1: blendMode = 'avg'
11.6070 	EXP 	window1: blendMode = 'avg'
11.6243 	EXP 	window1: blendMode = 'avg'
11.6410 	EXP 	window1: blendMode = 'avg'
11.6575 	EXP 	window1: blendMode = 'avg'
11.6746 	EXP 	window1: blendMode = 'avg'
11.6908 	EXP 	window1: blendMode = 'avg'
11.7077 	EXP 	window1: blendMode = 'avg'
11.7233 	EXP 	window1: blendMode = 'avg'
11.7411 	EXP 	window1: blendMode = 'avg'
11.7577 	EXP 	window1: blendMode = 'avg'
11.7744 	EXP 	window1: blendMode = 'avg'
11.7910 	EXP 	window1: blendMode = 'avg'
11.8078 	EXP 	window1: blendMode = 'avg'
11.8243 	EXP 	window1: blendMode = 'avg'
11.8409 	EXP 	window1: blendMode = 'avg'
11.8577 	EXP 	window1: blendMode = 'avg'
11.8742 	EXP 	window1: blendMode = 'avg'
11.8911 	EXP 	window1: blendMode = 'avg'
11.9076 	EXP 	window1: blendMode = 'avg'
11.9244 	EXP 	window1: blendMode = 'avg'
11.9410 	EXP 	window1: blendMode = 'avg'
11.9578 	EXP 	window1: blendMode = 'avg'
11.9745 	EXP 	window1: blendMode = 'avg'
11.9901 	EXP 	window1: blendMode = 'avg'
12.0078 	EXP 	window1: blendMode = 'avg'
12.0243 	EXP 	window1: blendMode = 'avg'
12.0411 	EXP 	window1: blendMode = 'avg'
12.0576 	EXP 	window1: blendMode = 'avg'
12.0745 	EXP 	window1: blendMode = 'avg'
12.0911 	EXP 	window1: blendMode = 'avg'
12.1078 	EXP 	window1: blendMode = 'avg'
12.1244 	EXP 	window1: blendMode = 'avg'
12.1410 	EXP 	window1: blendMode = 'avg'
12.1577 	EXP 	window1: blendMode = 'avg'
12.1744 	EXP 	window1: blendMode = 'avg'
12.1909 	EXP 	window1: blendMode = 'avg'
12.2077 	EXP 	window1: blendMode = 'avg'
12.2244 	EXP 	window1: blendMode = 'avg'
12.2410 	EXP 	window1: blendMode = 'avg'
12.2577 	EXP 	window1: blendMode = 'avg'
12.2744 	EXP 	window1: blendMode = 'avg'
12.2910 	EXP 	window1: blendMode = 'avg'
12.3077 	EXP 	window1: blendMode = 'avg'
12.3247 	EXP 	window1: blendMode = 'avg'
12.3408 	EXP 	window1: blendMode = 'avg'
12.3573 	DATA 	Mouse: Left button down, pos=(769,702)
12.3580 	EXP 	window1: blendMode = 'avg'
12.3740 	DATA 	Mouse:  Left button up, pos=(769,702)
12.3747 	EXP 	window1: blendMode = 'avg'
12.3905 	EXP 	window1: blendMode = 'avg'
12.4073 	EXP 	window1: blendMode = 'avg'
12.4244 	EXP 	window1: blendMode = 'avg'
12.4405 	EXP 	window1: blendMode = 'avg'
12.4576 	EXP 	window1: blendMode = 'avg'
12.4743 	EXP 	window1: blendMode = 'avg'
12.4911 	EXP 	window1: blendMode = 'avg'
12.5077 	EXP 	window1: blendMode = 'avg'
12.5243 	EXP 	window1: blendMode = 'avg'
12.5411 	EXP 	window1: blendMode = 'avg'
12.5578 	EXP 	window1: blendMode = 'avg'
12.5741 	EXP 	window1: blendMode = 'avg'
12.5912 	EXP 	window1: blendMode = 'avg'
12.6077 	EXP 	window1: blendMode = 'avg'
12.6243 	EXP 	window1: blendMode = 'avg'
12.6412 	EXP 	window1: blendMode = 'avg'
12.6576 	EXP 	window1: blendMode = 'avg'
12.6744 	EXP 	window1: blendMode = 'avg'
12.6910 	EXP 	window1: blendMode = 'avg'
12.7077 	EXP 	window1: blendMode = 'avg'
12.7241 	EXP 	window1: blendMode = 'avg'
12.7409 	EXP 	window1: blendMode = 'avg'
12.7579 	EXP 	window1: blendMode = 'avg'
12.7742 	EXP 	window1: blendMode = 'avg'
12.7909 	EXP 	window1: blendMode = 'avg'
12.8077 	EXP 	window1: blendMode = 'avg'
12.8245 	EXP 	window1: blendMode = 'avg'
12.8404 	EXP 	window1: blendMode = 'avg'
12.8576 	EXP 	window1: blendMode = 'avg'
12.8746 	EXP 	window1: blendMode = 'avg'
12.8905 	EXP 	window1: blendMode = 'avg'
12.9075 	EXP 	window1: blendMode = 'avg'
12.9242 	EXP 	window1: blendMode = 'avg'
12.9408 	EXP 	window1: blendMode = 'avg'
12.9575 	EXP 	window1: blendMode = 'avg'
12.9744 	EXP 	window1: blendMode = 'avg'
12.9910 	EXP 	window1: blendMode = 'avg'
13.0077 	EXP 	window1: blendMode = 'avg'
13.0243 	EXP 	window1: blendMode = 'avg'
13.0411 	EXP 	window1: blendMode = 'avg'
13.0576 	EXP 	window1: blendMode = 'avg'
13.0743 	EXP 	window1: blendMode = 'avg'
13.0910 	EXP 	window1: blendMode = 'avg'
13.1083 	EXP 	window1: blendMode = 'avg'
13.1242 	EXP 	window1: blendMode = 'avg'
13.1410 	EXP 	window1: blendMode = 'avg'
13.1575 	EXP 	window1: blendMode = 'avg'
13.1743 	EXP 	window1: blendMode = 'avg'
13.1911 	EXP 	window1: blendMode = 'avg'
13.2076 	EXP 	window1: blendMode = 'avg'
13.2244 	EXP 	window1: blendMode = 'avg'
13.2410 	EXP 	window1: blendMode = 'avg'
13.2577 	EXP 	window1: blendMode = 'avg'
13.2743 	EXP 	window1: blendMode = 'avg'
13.2910 	EXP 	window1: blendMode = 'avg'
13.3076 	EXP 	window1: blendMode = 'avg'
13.3244 	EXP 	window1: blendMode = 'avg'
13.3409 	EXP 	window1: blendMode = 'avg'
13.3577 	EXP 	window1: blendMode = 'avg'
13.3742 	EXP 	window1: blendMode = 'avg'
13.3910 	EXP 	window1: blendMode = 'avg'
13.4076 	EXP 	window1: blendMode = 'avg'
13.4244 	EXP 	window1: blendMode = 'avg'
13.4410 	EXP 	window1: blendMode = 'avg'
13.4577 	EXP 	window1: blendMode = 'avg'
13.4744 	EXP 	window1: blendMode = 'avg'
13.4909 	EXP 	window1: blendMode = 'avg'
13.5076 	EXP 	window1: blendMode = 'avg'
13.5244 	EXP 	window1: blendMode = 'avg'
13.5409 	EXP 	window1: blendMode = 'avg'
13.5577 	EXP 	window1: blendMode = 'avg'
13.5742 	EXP 	window1: blendMode = 'avg'
13.5910 	EXP 	window1: blendMode = 'avg'
13.6076 	EXP 	window1: blendMode = 'avg'
13.6244 	EXP 	window1: blendMode = 'avg'
13.6410 	EXP 	window1: blendMode = 'avg'
13.6577 	EXP 	window1: blendMode = 'avg'
13.6744 	EXP 	window1: blendMode = 'avg'
13.6910 	EXP 	window1: blendMode = 'avg'
13.7077 	EXP 	window1: blendMode = 'avg'
13.7244 	EXP 	window1: blendMode = 'avg'
13.7411 	EXP 	window1: blendMode = 'avg'
13.7576 	EXP 	window1: blendMode = 'avg'
13.7744 	EXP 	window1: blendMode = 'avg'
13.7910 	EXP 	window1: blendMode = 'avg'
13.8077 	EXP 	window1: blendMode = 'avg'
13.8229 	EXP 	window1: blendMode = 'avg'
13.8403 	EXP 	window1: blendMode = 'avg'
13.8576 	EXP 	window1: blendMode = 'avg'
13.8744 	EXP 	window1: blendMode = 'avg'
13.8909 	EXP 	window1: blendMode = 'avg'
13.9077 	EXP 	window1: blendMode = 'avg'
13.9243 	EXP 	window1: blendMode = 'avg'
13.9406 	EXP 	window1: blendMode = 'avg'
13.9575 	EXP 	window1: blendMode = 'avg'
13.9745 	EXP 	window1: blendMode = 'avg'
13.9910 	EXP 	window1: blendMode = 'avg'
14.0076 	EXP 	window1: blendMode = 'avg'
14.0244 	EXP 	window1: blendMode = 'avg'
14.0411 	EXP 	window1: blendMode = 'avg'
14.0576 	EXP 	window1: blendMode = 'avg'
14.0744 	EXP 	window1: blendMode = 'avg'
14.0909 	EXP 	window1: blendMode = 'avg'
14.1077 	EXP 	window1: blendMode = 'avg'
14.1243 	EXP 	window1: blendMode = 'avg'
14.1411 	EXP 	window1: blendMode = 'avg'
14.1576 	EXP 	window1: blendMode = 'avg'
14.1744 	EXP 	window1: blendMode = 'avg'
14.1910 	EXP 	window1: blendMode = 'avg'
14.2078 	EXP 	window1: blendMode = 'avg'
14.2244 	EXP 	window1: blendMode = 'avg'
14.2408 	EXP 	window1: blendMode = 'avg'
14.2577 	EXP 	window1: blendMode = 'avg'
14.2743 	EXP 	window1: blendMode = 'avg'
14.2911 	EXP 	window1: blendMode = 'avg'
14.3077 	EXP 	window1: blendMode = 'avg'
14.3234 	EXP 	window1: blendMode = 'avg'
14.3412 	EXP 	window1: blendMode = 'avg'
14.3575 	EXP 	window1: blendMode = 'avg'
14.3743 	EXP 	window1: blendMode = 'avg'
14.3911 	EXP 	window1: blendMode = 'avg'
14.4076 	EXP 	window1: blendMode = 'avg'
14.4244 	EXP 	window1: blendMode = 'avg'
14.4409 	EXP 	window1: blendMode = 'avg'
14.4577 	EXP 	window1: blendMode = 'avg'
14.4743 	EXP 	window1: blendMode = 'avg'
14.4910 	EXP 	window1: blendMode = 'avg'
14.5076 	EXP 	window1: blendMode = 'avg'
14.5244 	EXP 	window1: blendMode = 'avg'
14.5410 	EXP 	window1: blendMode = 'avg'
14.5577 	EXP 	window1: blendMode = 'avg'
14.5742 	EXP 	window1: blendMode = 'avg'
14.5911 	EXP 	window1: blendMode = 'avg'
14.6076 	EXP 	window1: blendMode = 'avg'
14.6244 	EXP 	window1: blendMode = 'avg'
14.6411 	EXP 	window1: blendMode = 'avg'
14.6576 	EXP 	window1: blendMode = 'avg'
14.6744 	EXP 	window1: blendMode = 'avg'
14.6910 	EXP 	window1: blendMode = 'avg'
14.7077 	EXP 	window1: blendMode = 'avg'
14.7243 	EXP 	window1: blendMode = 'avg'
14.7407 	EXP 	window1: blendMode = 'avg'
14.7578 	EXP 	window1: blendMode = 'avg'
14.7744 	EXP 	window1: blendMode = 'avg'
14.7909 	EXP 	window1: blendMode = 'avg'
14.8076 	EXP 	window1: blendMode = 'avg'
14.8243 	EXP 	window1: blendMode = 'avg'
14.8400 	EXP 	window1: blendMode = 'avg'
14.8569 	EXP 	window1: blendMode = 'avg'
14.8742 	EXP 	window1: blendMode = 'avg'
14.8910 	EXP 	window1: blendMode = 'avg'
14.9076 	EXP 	window1: blendMode = 'avg'
14.9243 	EXP 	window1: blendMode = 'avg'
14.9407 	EXP 	window1: blendMode = 'avg'
14.9575 	EXP 	window1: blendMode = 'avg'
14.9743 	EXP 	window1: blendMode = 'avg'
14.9902 	EXP 	window1: blendMode = 'avg'
15.0075 	EXP 	window1: blendMode = 'avg'
15.0234 	EXP 	window1: blendMode = 'avg'
15.0408 	EXP 	window1: blendMode = 'avg'
15.0576 	EXP 	window1: blendMode = 'avg'
15.0744 	EXP 	window1: blendMode = 'avg'
15.0909 	EXP 	window1: blendMode = 'avg'
15.1077 	EXP 	window1: blendMode = 'avg'
15.1243 	EXP 	window1: blendMode = 'avg'
15.1409 	EXP 	window1: blendMode = 'avg'
15.1577 	EXP 	window1: blendMode = 'avg'
15.1742 	EXP 	window1: blendMode = 'avg'
15.1910 	EXP 	window1: blendMode = 'avg'
15.2076 	EXP 	window1: blendMode = 'avg'
15.2244 	EXP 	window1: blendMode = 'avg'
15.2409 	EXP 	window1: blendMode = 'avg'
15.2577 	EXP 	window1: blendMode = 'avg'
15.2742 	EXP 	window1: blendMode = 'avg'
15.2910 	EXP 	window1: blendMode = 'avg'
15.3076 	EXP 	window1: blendMode = 'avg'
15.3244 	EXP 	window1: blendMode = 'avg'
15.3410 	EXP 	window1: blendMode = 'avg'
15.3577 	EXP 	window1: blendMode = 'avg'
15.3743 	EXP 	window1: blendMode = 'avg'
15.3910 	EXP 	window1: blendMode = 'avg'
15.4076 	EXP 	window1: blendMode = 'avg'
15.4244 	EXP 	window1: blendMode = 'avg'
15.4410 	EXP 	window1: blendMode = 'avg'
15.4576 	EXP 	window1: blendMode = 'avg'
15.4744 	EXP 	window1: blendMode = 'avg'
15.4910 	EXP 	window1: blendMode = 'avg'
15.5077 	EXP 	window1: blendMode = 'avg'
15.5242 	EXP 	window1: blendMode = 'avg'
15.5417 	EXP 	window1: blendMode = 'avg'
15.5574 	EXP 	window1: blendMode = 'avg'
15.5742 	EXP 	window1: blendMode = 'avg'
15.5910 	EXP 	window1: blendMode = 'avg'
15.6077 	EXP 	window1: blendMode = 'avg'
15.6242 	EXP 	window1: blendMode = 'avg'
15.6411 	EXP 	window1: blendMode = 'avg'
15.6576 	EXP 	window1: blendMode = 'avg'
15.6744 	EXP 	window1: blendMode = 'avg'
15.6909 	EXP 	window1: blendMode = 'avg'
15.7074 	EXP 	window1: blendMode = 'avg'
15.7242 	EXP 	window1: blendMode = 'avg'
15.7410 	EXP 	window1: blendMode = 'avg'
15.7578 	EXP 	window1: blendMode = 'avg'
15.7744 	EXP 	window1: blendMode = 'avg'
15.7909 	EXP 	window1: blendMode = 'avg'
15.8077 	EXP 	window1: blendMode = 'avg'
15.8243 	EXP 	window1: blendMode = 'avg'
15.8408 	EXP 	window1: blendMode = 'avg'
15.8577 	EXP 	window1: blendMode = 'avg'
15.8743 	EXP 	window1: blendMode = 'avg'
15.8910 	EXP 	window1: blendMode = 'avg'
15.9076 	EXP 	window1: blendMode = 'avg'
15.9244 	EXP 	window1: blendMode = 'avg'
15.9410 	EXP 	window1: blendMode = 'avg'
15.9577 	EXP 	window1: blendMode = 'avg'
15.9744 	EXP 	window1: blendMode = 'avg'
15.9908 	EXP 	window1: blendMode = 'avg'
16.0077 	EXP 	window1: blendMode = 'avg'
16.0243 	EXP 	window1: blendMode = 'avg'
16.0434 	DATA 	Keypress: space
16.0539 	EXP 	Imported Book.xlsx as conditions, 44 conditions, 7 params
16.0544 	EXP 	Created sequence: random, trialTypes=44, nReps=1, seed=None
16.0548 	EXP 	New trial (rep=0, index=0): {'YLeftPos': 0, 'time_presentation': 0.5, 'XLeftPos': -300, 'XRightPos': 300, 'rightimg': u'frogs/ab44.jpg', 'YRightPos': 0, 'leftimg': u'frogs/ab4.jpg'}
16.1224 	EXP 	text_2: autoDraw = False
16.1224 	EXP 	Leftimg: pos = array([-300.,    0.])
16.1224 	EXP 	Leftimg: image = u'frogs/ab4.jpg'
16.1224 	EXP 	Rightimg: pos = array([ 300.,    0.])
16.1224 	EXP 	Rightimg: image = u'frogs/ab44.jpg'
16.1224 	EXP 	Leftimg: autoDraw = True
16.1224 	EXP 	Rightimg: autoDraw = True
16.5728 	EXP 	Leftimg: autoDraw = False
16.5728 	EXP 	Rightimg: autoDraw = False
17.2586 	DATA 	Keypress: left
17.2598 	EXP 	New trial (rep=0, index=1): {'YLeftPos': 0, 'time_presentation': 0.5, 'XLeftPos': -300, 'XRightPos': 300, 'rightimg': u'frogs/ab43.jpg', 'YRightPos': 0, 'leftimg': u'frogs/ab3.jpg'}
17.3231 	EXP 	Leftimg: autoDraw = False
17.3231 	EXP 	Rightimg: autoDraw = False
17.3231 	EXP 	text: autoDraw = False
17.3231 	EXP 	Leftimg: pos = array([-300.,    0.])
17.3231 	EXP 	Leftimg: image = u'frogs/ab3.jpg'
17.3231 	EXP 	Rightimg: pos = array([ 300.,    0.])
17.3231 	EXP 	Rightimg: image = u'frogs/ab43.jpg'
17.3231 	EXP 	Leftimg: autoDraw = True
17.3231 	EXP 	Rightimg: autoDraw = True
17.7733 	EXP 	Leftimg: autoDraw = False
17.7733 	EXP 	Rightimg: autoDraw = False
18.1415 	DATA 	Keypress: left
18.1424 	EXP 	New trial (rep=0, index=2): {'YLeftPos': 0, 'time_presentation': 0.5, 'XLeftPos': -300, 'XRightPos': 300, 'rightimg': u'frogs/ab67.jpg', 'YRightPos': 0, 'leftimg': u'frogs/ab27.jpg'}
18.1899 	EXP 	Leftimg: autoDraw = False
18.1899 	EXP 	Rightimg: autoDraw = False
18.1899 	EXP 	text: autoDraw = False
18.1899 	EXP 	Leftimg: pos = array([-300.,    0.])
18.1899 	EXP 	Leftimg: image = u'frogs/ab27.jpg'
18.1899 	EXP 	Rightimg: pos = array([ 300.,    0.])
18.1899 	EXP 	Rightimg: image = u'frogs/ab67.jpg'
18.1899 	EXP 	Leftimg: autoDraw = True
18.1899 	EXP 	Rightimg: autoDraw = True
18.6566 	EXP 	Leftimg: autoDraw = False
18.6566 	EXP 	Rightimg: autoDraw = False
19.0080 	DATA 	Keypress: left
19.0090 	EXP 	New trial (rep=0, index=3): {'YLeftPos': 0, 'time_presentation': 0.5, 'XLeftPos': -300, 'XRightPos': 300, 'rightimg': u'frogs/ab42.jpg', 'YRightPos': 0, 'leftimg': u'frogs/ab2.jpg'}
19.3395 	EXP 	Leftimg: autoDraw = False
19.3395 	EXP 	Rightimg: autoDraw = False
19.3395 	EXP 	text: autoDraw = False
19.3395 	EXP 	Leftimg: pos = array([-300.,    0.])
19.3395 	EXP 	Leftimg: image = u'frogs/ab2.jpg'
19.3395 	EXP 	Rightimg: pos = array([ 300.,    0.])
19.3395 	EXP 	Rightimg: image = u'frogs/ab42.jpg'
19.3395 	EXP 	Leftimg: autoDraw = True
19.3395 	EXP 	Rightimg: autoDraw = True
19.5233 	EXP 	Leftimg: autoDraw = False
19.5233 	EXP 	Rightimg: autoDraw = False
20.0083 	DATA 	Keypress: right
20.0094 	EXP 	New trial (rep=0, index=4): {'YLeftPos': 0, 'time_presentation': 0.5, 'XLeftPos': -300, 'XRightPos': 300, 'rightimg': u'4.jpg', 'YRightPos': 0, 'leftimg': u'2.jpg'}
20.0565 	EXP 	Leftimg: autoDraw = False
20.0565 	EXP 	Rightimg: autoDraw = False
20.0565 	EXP 	text: autoDraw = False
20.0565 	EXP 	Leftimg: pos = array([-300.,    0.])
20.0565 	EXP 	Leftimg: image = u'2.jpg'
20.0565 	EXP 	Rightimg: pos = array([ 300.,    0.])
20.0565 	EXP 	Rightimg: image = u'4.jpg'
20.0565 	EXP 	Leftimg: autoDraw = True
20.0565 	EXP 	Rightimg: autoDraw = True
20.5232 	EXP 	Leftimg: autoDraw = False
20.5232 	EXP 	Rightimg: autoDraw = False
20.9249 	DATA 	Keypress: left
20.9261 	EXP 	New trial (rep=0, index=5): {'YLeftPos': 0, 'time_presentation': 0.5, 'XLeftPos': -300, 'XRightPos': 300, 'rightimg': u'frogs/ab77.jpg', 'YRightPos': 0, 'leftimg': u'frogs/ab37.jpg'}
20.9731 	EXP 	Leftimg: autoDraw = False
20.9731 	EXP 	Rightimg: autoDraw = False
20.9731 	EXP 	text: autoDraw = False
20.9731 	EXP 	Leftimg: pos = array([-300.,    0.])
20.9731 	EXP 	Leftimg: image = u'frogs/ab37.jpg'
20.9731 	EXP 	Rightimg: pos = array([ 300.,    0.])
20.9731 	EXP 	Rightimg: image = u'frogs/ab77.jpg'
20.9731 	EXP 	Leftimg: autoDraw = True
20.9731 	EXP 	Rightimg: autoDraw = True
21.4401 	EXP 	Leftimg: autoDraw = False
21.4401 	EXP 	Rightimg: autoDraw = False
21.7249 	DATA 	Keypress: right
21.7260 	EXP 	New trial (rep=0, index=6): {'YLeftPos': 0, 'time_presentation': 0.5, 'XLeftPos': -300, 'XRightPos': 300, 'rightimg': u'frogs/ab46.jpg', 'YRightPos': 0, 'leftimg': u'frogs/ab6.jpg'}
21.8059 	EXP 	Leftimg: autoDraw = False
21.8059 	EXP 	Rightimg: autoDraw = False
21.8059 	EXP 	text: autoDraw = False
21.8059 	EXP 	Leftimg: pos = array([-300.,    0.])
21.8059 	EXP 	Leftimg: image = u'frogs/ab6.jpg'
21.8059 	EXP 	Rightimg: pos = array([ 300.,    0.])
21.8059 	EXP 	Rightimg: image = u'frogs/ab46.jpg'
21.8059 	EXP 	Leftimg: autoDraw = True
21.8059 	EXP 	Rightimg: autoDraw = True
22.2398 	EXP 	Leftimg: autoDraw = False
22.2398 	EXP 	Rightimg: autoDraw = False
22.3245 	DATA 	Keypress: left
22.3255 	EXP 	New trial (rep=0, index=7): {'YLeftPos': 0, 'time_presentation': 0.5, 'XLeftPos': -300, 'XRightPos': 300, 'rightimg': u'frogs/ab50.jpg', 'YRightPos': 0, 'leftimg': u'frogs/ab10.jpg'}
22.3902 	EXP 	Leftimg: autoDraw = False
22.3902 	EXP 	Rightimg: autoDraw = False
22.3902 	EXP 	text: autoDraw = False
22.3902 	EXP 	Leftimg: pos = array([-300.,    0.])
22.3902 	EXP 	Leftimg: image = u'frogs/ab10.jpg'
22.3902 	EXP 	Rightimg: pos = array([ 300.,    0.])
22.3902 	EXP 	Rightimg: image = u'frogs/ab50.jpg'
22.3902 	EXP 	Leftimg: autoDraw = True
22.3902 	EXP 	Rightimg: autoDraw = True
22.8398 	EXP 	Leftimg: autoDraw = False
22.8398 	EXP 	Rightimg: autoDraw = False
23.3746 	DATA 	Keypress: left
23.3758 	EXP 	New trial (rep=0, index=8): {'YLeftPos': 0, 'time_presentation': 0.5, 'XLeftPos': -300, 'XRightPos': 300, 'rightimg': u'frogs/ab60.jpg', 'YRightPos': 0, 'leftimg': u'frogs/ab20.jpg'}
23.4062 	EXP 	Leftimg: autoDraw = False
23.4062 	EXP 	Rightimg: autoDraw = False
23.4062 	EXP 	text: autoDraw = False
23.4062 	EXP 	Leftimg: pos = array([-300.,    0.])
23.4062 	EXP 	Leftimg: image = u'frogs/ab20.jpg'
23.4062 	EXP 	Rightimg: pos = array([ 300.,    0.])
23.4062 	EXP 	Rightimg: image = u'frogs/ab60.jpg'
23.4062 	EXP 	Leftimg: autoDraw = True
23.4062 	EXP 	Rightimg: autoDraw = True
23.8901 	EXP 	Leftimg: autoDraw = False
23.8901 	EXP 	Rightimg: autoDraw = False
24.6742 	DATA 	Keypress: left
24.6753 	EXP 	New trial (rep=0, index=9): {'YLeftPos': 0, 'time_presentation': 0.5, 'XLeftPos': -300, 'XRightPos': 300, 'rightimg': u'frogs/ab57.jpg', 'YRightPos': 0, 'leftimg': u'frogs/ab17.jpg'}
24.7726 	EXP 	Leftimg: autoDraw = False
24.7726 	EXP 	Rightimg: autoDraw = False
24.7726 	EXP 	text: autoDraw = False
24.7726 	EXP 	Leftimg: pos = array([-300.,    0.])
24.7726 	EXP 	Leftimg: image = u'frogs/ab17.jpg'
24.7726 	EXP 	Rightimg: pos = array([ 300.,    0.])
24.7726 	EXP 	Rightimg: image = u'frogs/ab57.jpg'
24.7726 	EXP 	Leftimg: autoDraw = True
24.7726 	EXP 	Rightimg: autoDraw = True
25.1899 	EXP 	Leftimg: autoDraw = False
25.1899 	EXP 	Rightimg: autoDraw = False
25.4748 	DATA 	Keypress: right
25.4760 	EXP 	New trial (rep=0, index=10): {'YLeftPos': 0, 'time_presentation': 0.5, 'XLeftPos': -300, 'XRightPos': 300, 'rightimg': u'frogs/ab74.jpg', 'YRightPos': 0, 'leftimg': u'frogs/ab34.jpg'}
25.5566 	EXP 	Leftimg: autoDraw = False
25.5566 	EXP 	Rightimg: autoDraw = False
25.5566 	EXP 	text: autoDraw = False
25.5566 	EXP 	Leftimg: pos = array([-300.,    0.])
25.5566 	EXP 	Leftimg: image = u'frogs/ab34.jpg'
25.5566 	EXP 	Rightimg: pos = array([ 300.,    0.])
25.5566 	EXP 	Rightimg: image = u'frogs/ab74.jpg'
25.5566 	EXP 	Leftimg: autoDraw = True
25.5566 	EXP 	Rightimg: autoDraw = True
25.9896 	EXP 	Leftimg: autoDraw = False
25.9896 	EXP 	Rightimg: autoDraw = False
26.1082 	DATA 	Keypress: right
26.1093 	EXP 	New trial (rep=0, index=11): {'YLeftPos': 0, 'time_presentation': 0.5, 'XLeftPos': -300, 'XRightPos': 300, 'rightimg': u'frogs/ab73.jpg', 'YRightPos': 0, 'leftimg': u'frogs/ab33.jpg'}
26.2065 	EXP 	Leftimg: autoDraw = False
26.2065 	EXP 	Rightimg: autoDraw = False
26.2065 	EXP 	text: autoDraw = False
26.2065 	EXP 	Leftimg: pos = array([-300.,    0.])
26.2065 	EXP 	Leftimg: image = u'frogs/ab33.jpg'
26.2065 	EXP 	Rightimg: pos = array([ 300.,    0.])
26.2065 	EXP 	Rightimg: image = u'frogs/ab73.jpg'
26.2065 	EXP 	Leftimg: autoDraw = True
26.2065 	EXP 	Rightimg: autoDraw = True
26.6229 	EXP 	Leftimg: autoDraw = False
26.6229 	EXP 	Rightimg: autoDraw = False
27.4574 	DATA 	Keypress: left
27.4584 	EXP 	New trial (rep=0, index=12): {'YLeftPos': 0, 'time_presentation': 0.5, 'XLeftPos': -300, 'XRightPos': 300, 'rightimg': u'frogs/ab56.jpg', 'YRightPos': 0, 'leftimg': u'frogs/ab16.jpg'}
27.7226 	EXP 	Leftimg: autoDraw = False
27.7226 	EXP 	Rightimg: autoDraw = False
27.7226 	EXP 	text: autoDraw = False
27.7226 	EXP 	Leftimg: pos = array([-300.,    0.])
27.7226 	EXP 	Leftimg: image = u'frogs/ab16.jpg'
27.7226 	EXP 	Rightimg: pos = array([ 300.,    0.])
27.7226 	EXP 	Rightimg: image = u'frogs/ab56.jpg'
27.7226 	EXP 	Leftimg: autoDraw = True
27.7226 	EXP 	Rightimg: autoDraw = True
27.9731 	EXP 	Leftimg: autoDraw = False
27.9731 	EXP 	Rightimg: autoDraw = False
28.3251 	DATA 	Keypress: right
28.3262 	EXP 	New trial (rep=0, index=13): {'YLeftPos': 0, 'time_presentation': 0.5, 'XLeftPos': -300, 'XRightPos': 300, 'rightimg': u'frogs/ab64.jpg', 'YRightPos': 0, 'leftimg': u'frogs/ab24.jpg'}
28.3567 	EXP 	Leftimg: autoDraw = False
28.3567 	EXP 	Rightimg: autoDraw = False
28.3567 	EXP 	text: autoDraw = False
28.3567 	EXP 	Leftimg: pos = array([-300.,    0.])
28.3567 	EXP 	Leftimg: image = u'frogs/ab24.jpg'
28.3567 	EXP 	Rightimg: pos = array([ 300.,    0.])
28.3567 	EXP 	Rightimg: image = u'frogs/ab64.jpg'
28.3567 	EXP 	Leftimg: autoDraw = True
28.3567 	EXP 	Rightimg: autoDraw = True
28.8397 	EXP 	Leftimg: autoDraw = False
28.8397 	EXP 	Rightimg: autoDraw = False
29.1415 	DATA 	Keypress: right
29.1425 	EXP 	New trial (rep=0, index=14): {'YLeftPos': 0, 'time_presentation': 0.5, 'XLeftPos': -300, 'XRightPos': 300, 'rightimg': u'frogs/ab61.jpg', 'YRightPos': 0, 'leftimg': u'frogs/ab21.jpg'}
29.1722 	EXP 	Leftimg: autoDraw = False
29.1722 	EXP 	Rightimg: autoDraw = False
29.1722 	EXP 	text: autoDraw = False
29.1722 	EXP 	Leftimg: pos = array([-300.,    0.])
29.1722 	EXP 	Leftimg: image = u'frogs/ab21.jpg'
29.1722 	EXP 	Rightimg: pos = array([ 300.,    0.])
29.1722 	EXP 	Rightimg: image = u'frogs/ab61.jpg'
29.1722 	EXP 	Leftimg: autoDraw = True
29.1722 	EXP 	Rightimg: autoDraw = True
29.6558 	EXP 	Leftimg: autoDraw = False
29.6558 	EXP 	Rightimg: autoDraw = False
29.8084 	DATA 	Keypress: left
29.8095 	EXP 	New trial (rep=0, index=15): {'YLeftPos': 0, 'time_presentation': 0.5, 'XLeftPos': -300, 'XRightPos': 300, 'rightimg': u'frogs/ab76.jpg', 'YRightPos': 0, 'leftimg': u'frogs/ab36.jpg'}
29.8564 	EXP 	Leftimg: autoDraw = False
29.8564 	EXP 	Rightimg: autoDraw = False
29.8564 	EXP 	text: autoDraw = False
29.8564 	EXP 	Leftimg: pos = array([-300.,    0.])
29.8564 	EXP 	Leftimg: image = u'frogs/ab36.jpg'
29.8564 	EXP 	Rightimg: pos = array([ 300.,    0.])
29.8564 	EXP 	Rightimg: image = u'frogs/ab76.jpg'
29.8564 	EXP 	Leftimg: autoDraw = True
29.8564 	EXP 	Rightimg: autoDraw = True
30.3232 	EXP 	Leftimg: autoDraw = False
30.3232 	EXP 	Rightimg: autoDraw = False
30.9082 	DATA 	Keypress: left
30.9092 	EXP 	New trial (rep=0, index=16): {'YLeftPos': 0, 'time_presentation': 0.5, 'XLeftPos': -300, 'XRightPos': 300, 'rightimg': u'1.jpg', 'YRightPos': 0, 'leftimg': u'3.jpg'}
30.9562 	EXP 	Leftimg: autoDraw = False
30.9562 	EXP 	Rightimg: autoDraw = False
30.9562 	EXP 	text: autoDraw = False
30.9562 	EXP 	Leftimg: pos = array([-300.,    0.])
30.9562 	EXP 	Leftimg: image = u'3.jpg'
30.9562 	EXP 	Rightimg: pos = array([ 300.,    0.])
30.9562 	EXP 	Rightimg: image = u'1.jpg'
30.9562 	EXP 	Leftimg: autoDraw = True
30.9562 	EXP 	Rightimg: autoDraw = True
31.4232 	EXP 	Leftimg: autoDraw = False
31.4232 	EXP 	Rightimg: autoDraw = False
31.8414 	DATA 	Keypress: right
31.8427 	EXP 	New trial (rep=0, index=17): {'YLeftPos': 0, 'time_presentation': 0.5, 'XLeftPos': -300, 'XRightPos': 300, 'rightimg': u'frogs/ab47.jpg', 'YRightPos': 0, 'leftimg': u'frogs/ab7.jpg'}
32.1892 	EXP 	Leftimg: autoDraw = False
32.1892 	EXP 	Rightimg: autoDraw = False
32.1892 	EXP 	text: autoDraw = False
32.1892 	EXP 	Leftimg: pos = array([-300.,    0.])
32.1892 	EXP 	Leftimg: image = u'frogs/ab7.jpg'
32.1892 	EXP 	Rightimg: pos = array([ 300.,    0.])
32.1892 	EXP 	Rightimg: image = u'frogs/ab47.jpg'
32.1892 	EXP 	Leftimg: autoDraw = True
32.1892 	EXP 	Rightimg: autoDraw = True
32.3564 	EXP 	Leftimg: autoDraw = False
32.3564 	EXP 	Rightimg: autoDraw = False
32.7575 	DATA 	Keypress: left
32.7584 	EXP 	New trial (rep=0, index=18): {'YLeftPos': 0, 'time_presentation': 0.5, 'XLeftPos': -300, 'XRightPos': 300, 'rightimg': u'frogs/ab63.jpg', 'YRightPos': 0, 'leftimg': u'frogs/ab23.jpg'}
32.8225 	EXP 	Leftimg: autoDraw = False
32.8225 	EXP 	Rightimg: autoDraw = False
32.8225 	EXP 	text: autoDraw = False
32.8225 	EXP 	Leftimg: pos = array([-300.,    0.])
32.8225 	EXP 	Leftimg: image = u'frogs/ab23.jpg'
32.8225 	EXP 	Rightimg: pos = array([ 300.,    0.])
32.8225 	EXP 	Rightimg: image = u'frogs/ab63.jpg'
32.8225 	EXP 	Leftimg: autoDraw = True
32.8225 	EXP 	Rightimg: autoDraw = True
33.2727 	EXP 	Leftimg: autoDraw = False
33.2727 	EXP 	Rightimg: autoDraw = False
33.7244 	DATA 	Keypress: right
33.7256 	EXP 	New trial (rep=0, index=19): {'YLeftPos': 0, 'time_presentation': 0.5, 'XLeftPos': -300, 'XRightPos': 300, 'rightimg': u'2.jpg', 'YRightPos': 0, 'leftimg': u'4.jpg'}
33.7560 	EXP 	Leftimg: autoDraw = False
33.7560 	EXP 	Rightimg: autoDraw = False
33.7560 	EXP 	text: autoDraw = False
33.7560 	EXP 	Leftimg: pos = array([-300.,    0.])
33.7560 	EXP 	Leftimg: image = u'4.jpg'
33.7560 	EXP 	Rightimg: pos = array([ 300.,    0.])
33.7560 	EXP 	Rightimg: image = u'2.jpg'
33.7560 	EXP 	Leftimg: autoDraw = True
33.7560 	EXP 	Rightimg: autoDraw = True
34.2398 	EXP 	Leftimg: autoDraw = False
34.2398 	EXP 	Rightimg: autoDraw = False
35.0079 	DATA 	Keypress: left
35.0091 	EXP 	New trial (rep=0, index=20): {'YLeftPos': 0, 'time_presentation': 0.5, 'XLeftPos': -300, 'XRightPos': 300, 'rightimg': u'frogs/ab53.jpg', 'YRightPos': 0, 'leftimg': u'frogs/ab13.jpg'}
35.0390 	EXP 	Leftimg: autoDraw = False
35.0390 	EXP 	Rightimg: autoDraw = False
35.0390 	EXP 	text: autoDraw = False
35.0390 	EXP 	Leftimg: pos = array([-300.,    0.])
35.0390 	EXP 	Leftimg: image = u'frogs/ab13.jpg'
35.0390 	EXP 	Rightimg: pos = array([ 300.,    0.])
35.0390 	EXP 	Rightimg: image = u'frogs/ab53.jpg'
35.0390 	EXP 	Leftimg: autoDraw = True
35.0390 	EXP 	Rightimg: autoDraw = True
35.5229 	EXP 	Leftimg: autoDraw = False
35.5229 	EXP 	Rightimg: autoDraw = False
35.8746 	DATA 	Keypress: right
35.8758 	EXP 	New trial (rep=0, index=21): {'YLeftPos': 0, 'time_presentation': 0.5, 'XLeftPos': -300, 'XRightPos': 300, 'rightimg': u'frogs/ab55.jpg', 'YRightPos': 0, 'leftimg': u'frogs/ab15.jpg'}
35.9731 	EXP 	Leftimg: autoDraw = False
35.9731 	EXP 	Rightimg: autoDraw = False
35.9731 	EXP 	text: autoDraw = False
35.9731 	EXP 	Leftimg: pos = array([-300.,    0.])
35.9731 	EXP 	Leftimg: image = u'frogs/ab15.jpg'
35.9731 	EXP 	Rightimg: pos = array([ 300.,    0.])
35.9731 	EXP 	Rightimg: image = u'frogs/ab55.jpg'
35.9731 	EXP 	Leftimg: autoDraw = True
35.9731 	EXP 	Rightimg: autoDraw = True
36.3896 	EXP 	Leftimg: autoDraw = False
36.3896 	EXP 	Rightimg: autoDraw = False
36.8077 	DATA 	Keypress: left
36.8088 	EXP 	New trial (rep=0, index=22): {'YLeftPos': 0, 'time_presentation': 0.5, 'XLeftPos': -300, 'XRightPos': 300, 'rightimg': u'frogs/ab69.jpg', 'YRightPos': 0, 'leftimg': u'frogs/ab29.jpg'}
36.8397 	EXP 	Leftimg: autoDraw = False
36.8397 	EXP 	Rightimg: autoDraw = False
36.8397 	EXP 	text: autoDraw = False
36.8397 	EXP 	Leftimg: pos = array([-300.,    0.])
36.8397 	EXP 	Leftimg: image = u'frogs/ab29.jpg'
36.8397 	EXP 	Rightimg: pos = array([ 300.,    0.])
36.8397 	EXP 	Rightimg: image = u'frogs/ab69.jpg'
36.8397 	EXP 	Leftimg: autoDraw = True
36.8397 	EXP 	Rightimg: autoDraw = True
37.3230 	EXP 	Leftimg: autoDraw = False
37.3230 	EXP 	Rightimg: autoDraw = False
38.6078 	DATA 	Keypress: right
38.6088 	EXP 	New trial (rep=0, index=23): {'YLeftPos': 0, 'time_presentation': 0.5, 'XLeftPos': -300, 'XRightPos': 300, 'rightimg': u'frogs/ab54.jpg', 'YRightPos': 0, 'leftimg': u'frogs/ab14.jpg'}
38.6385 	EXP 	Leftimg: autoDraw = False
38.6385 	EXP 	Rightimg: autoDraw = False
38.6385 	EXP 	text: autoDraw = False
38.6385 	EXP 	Leftimg: pos = array([-300.,    0.])
38.6385 	EXP 	Leftimg: image = u'frogs/ab14.jpg'
38.6385 	EXP 	Rightimg: pos = array([ 300.,    0.])
38.6385 	EXP 	Rightimg: image = u'frogs/ab54.jpg'
38.6385 	EXP 	Leftimg: autoDraw = True
38.6385 	EXP 	Rightimg: autoDraw = True
39.1227 	EXP 	Leftimg: autoDraw = False
39.1227 	EXP 	Rightimg: autoDraw = False
39.6412 	DATA 	Keypress: right
39.6423 	EXP 	New trial (rep=0, index=24): {'YLeftPos': 0, 'time_presentation': 0.5, 'XLeftPos': -300, 'XRightPos': 300, 'rightimg': u'frogs/ab45.jpg', 'YRightPos': 0, 'leftimg': u'frogs/ab5.jpg'}
39.6730 	EXP 	Leftimg: autoDraw = False
39.6730 	EXP 	Rightimg: autoDraw = False
39.6730 	EXP 	text: autoDraw = False
39.6730 	EXP 	Leftimg: pos = array([-300.,    0.])
39.6730 	EXP 	Leftimg: image = u'frogs/ab5.jpg'
39.6730 	EXP 	Rightimg: pos = array([ 300.,    0.])
39.6730 	EXP 	Rightimg: image = u'frogs/ab45.jpg'
39.6730 	EXP 	Leftimg: autoDraw = True
39.6730 	EXP 	Rightimg: autoDraw = True
40.1562 	EXP 	Leftimg: autoDraw = False
40.1562 	EXP 	Rightimg: autoDraw = False
40.4412 	DATA 	Keypress: right
40.4424 	EXP 	New trial (rep=0, index=25): {'YLeftPos': 0, 'time_presentation': 0.5, 'XLeftPos': -300, 'XRightPos': 300, 'rightimg': u'frogs/ab70.jpg', 'YRightPos': 0, 'leftimg': u'frogs/ab30.jpg'}
40.4556 	EXP 	Leftimg: autoDraw = False
40.4556 	EXP 	Rightimg: autoDraw = False
40.4556 	EXP 	text: autoDraw = False
40.4556 	EXP 	Leftimg: pos = array([-300.,    0.])
40.4556 	EXP 	Leftimg: image = u'frogs/ab30.jpg'
40.4556 	EXP 	Rightimg: pos = array([ 300.,    0.])
40.4556 	EXP 	Rightimg: image = u'frogs/ab70.jpg'
40.4556 	EXP 	Leftimg: autoDraw = True
40.4556 	EXP 	Rightimg: autoDraw = True
40.9562 	EXP 	Leftimg: autoDraw = False
40.9562 	EXP 	Rightimg: autoDraw = False
41.2583 	DATA 	Keypress: left
41.2595 	EXP 	New trial (rep=0, index=26): {'YLeftPos': 0, 'time_presentation': 0.5, 'XLeftPos': -300, 'XRightPos': 300, 'rightimg': u'frogs/ab72.jpg', 'YRightPos': 0, 'leftimg': u'frogs/ab32.jpg'}
41.2885 	EXP 	Leftimg: autoDraw = False
41.2885 	EXP 	Rightimg: autoDraw = False
41.2885 	EXP 	text: autoDraw = False
41.2885 	EXP 	Leftimg: pos = array([-300.,    0.])
41.2885 	EXP 	Leftimg: image = u'frogs/ab32.jpg'
41.2885 	EXP 	Rightimg: pos = array([ 300.,    0.])
41.2885 	EXP 	Rightimg: image = u'frogs/ab72.jpg'
41.2885 	EXP 	Leftimg: autoDraw = True
41.2885 	EXP 	Rightimg: autoDraw = True
41.7729 	EXP 	Leftimg: autoDraw = False
41.7729 	EXP 	Rightimg: autoDraw = False
42.2912 	DATA 	Keypress: left
42.2924 	EXP 	New trial (rep=0, index=27): {'YLeftPos': 0, 'time_presentation': 0.5, 'XLeftPos': -300, 'XRightPos': 300, 'rightimg': u'frogs/ab80.jpg', 'YRightPos': 0, 'leftimg': u'frogs/ab40.jpg'}
42.3228 	EXP 	Leftimg: autoDraw = False
42.3228 	EXP 	Rightimg: autoDraw = False
42.3228 	EXP 	text: autoDraw = False
42.3228 	EXP 	Leftimg: pos = array([-300.,    0.])
42.3228 	EXP 	Leftimg: image = u'frogs/ab40.jpg'
42.3228 	EXP 	Rightimg: pos = array([ 300.,    0.])
42.3228 	EXP 	Rightimg: image = u'frogs/ab80.jpg'
42.3228 	EXP 	Leftimg: autoDraw = True
42.3228 	EXP 	Rightimg: autoDraw = True
42.8059 	EXP 	Leftimg: autoDraw = False
42.8059 	EXP 	Rightimg: autoDraw = False
43.1237 	DATA 	Keypress: right
43.1248 	EXP 	New trial (rep=0, index=28): {'YLeftPos': 0, 'time_presentation': 0.5, 'XLeftPos': -300, 'XRightPos': 300, 'rightimg': u'frogs/ab49.jpg', 'YRightPos': 0, 'leftimg': u'frogs/ab9.jpg'}
43.3229 	EXP 	Leftimg: autoDraw = False
43.3229 	EXP 	Rightimg: autoDraw = False
43.3229 	EXP 	text: autoDraw = False
43.3229 	EXP 	Leftimg: pos = array([-300.,    0.])
43.3229 	EXP 	Leftimg: image = u'frogs/ab9.jpg'
43.3229 	EXP 	Rightimg: pos = array([ 300.,    0.])
43.3229 	EXP 	Rightimg: image = u'frogs/ab49.jpg'
43.3229 	EXP 	Leftimg: autoDraw = True
43.3229 	EXP 	Rightimg: autoDraw = True
43.6393 	EXP 	Leftimg: autoDraw = False
43.6393 	EXP 	Rightimg: autoDraw = False
43.9909 	DATA 	Keypress: left
43.9920 	EXP 	New trial (rep=0, index=29): {'YLeftPos': 0, 'time_presentation': 0.5, 'XLeftPos': -300, 'XRightPos': 300, 'rightimg': u'frogs/ab79.jpg', 'YRightPos': 0, 'leftimg': u'frogs/ab39.jpg'}
44.0225 	EXP 	Leftimg: autoDraw = False
44.0225 	EXP 	Rightimg: autoDraw = False
44.0225 	EXP 	text: autoDraw = False
44.0225 	EXP 	Leftimg: pos = array([-300.,    0.])
44.0225 	EXP 	Leftimg: image = u'frogs/ab39.jpg'
44.0225 	EXP 	Rightimg: pos = array([ 300.,    0.])
44.0225 	EXP 	Rightimg: image = u'frogs/ab79.jpg'
44.0225 	EXP 	Leftimg: autoDraw = True
44.0225 	EXP 	Rightimg: autoDraw = True
44.5062 	EXP 	Leftimg: autoDraw = False
44.5062 	EXP 	Rightimg: autoDraw = False
45.1741 	DATA 	Keypress: left
45.1751 	EXP 	New trial (rep=0, index=30): {'YLeftPos': 0, 'time_presentation': 0.5, 'XLeftPos': -300, 'XRightPos': 300, 'rightimg': u'frogs/ab58.jpg', 'YRightPos': 0, 'leftimg': u'frogs/ab18.jpg'}
45.3226 	EXP 	Leftimg: autoDraw = False
45.3226 	EXP 	Rightimg: autoDraw = False
45.3226 	EXP 	text: autoDraw = False
45.3226 	EXP 	Leftimg: pos = array([-300.,    0.])
45.3226 	EXP 	Leftimg: image = u'frogs/ab18.jpg'
45.3226 	EXP 	Rightimg: pos = array([ 300.,    0.])
45.3226 	EXP 	Rightimg: image = u'frogs/ab58.jpg'
45.3226 	EXP 	Leftimg: autoDraw = True
45.3226 	EXP 	Rightimg: autoDraw = True
45.6895 	EXP 	Leftimg: autoDraw = False
45.6895 	EXP 	Rightimg: autoDraw = False
45.9911 	DATA 	Keypress: left
45.9923 	EXP 	New trial (rep=0, index=31): {'YLeftPos': 0, 'time_presentation': 0.5, 'XLeftPos': -300, 'XRightPos': 300, 'rightimg': u'frogs/ab41.jpg', 'YRightPos': 0, 'leftimg': u'frogs/ab1.jpg'}
46.0229 	EXP 	Leftimg: autoDraw = False
46.0229 	EXP 	Rightimg: autoDraw = False
46.0229 	EXP 	text: autoDraw = False
46.0229 	EXP 	Leftimg: pos = array([-300.,    0.])
46.0229 	EXP 	Leftimg: image = u'frogs/ab1.jpg'
46.0229 	EXP 	Rightimg: pos = array([ 300.,    0.])
46.0229 	EXP 	Rightimg: image = u'frogs/ab41.jpg'
46.0229 	EXP 	Leftimg: autoDraw = True
46.0229 	EXP 	Rightimg: autoDraw = True
46.5060 	EXP 	Leftimg: autoDraw = False
46.5060 	EXP 	Rightimg: autoDraw = False
46.8079 	DATA 	Keypress: right
46.8089 	EXP 	New trial (rep=0, index=32): {'YLeftPos': 0, 'time_presentation': 0.5, 'XLeftPos': -300, 'XRightPos': 300, 'rightimg': u'frogs/ab71.jpg', 'YRightPos': 0, 'leftimg': u'frogs/ab31.jpg'}
46.8893 	EXP 	Leftimg: autoDraw = False
46.8893 	EXP 	Rightimg: autoDraw = False
46.8893 	EXP 	text: autoDraw = False
46.8893 	EXP 	Leftimg: pos = array([-300.,    0.])
46.8893 	EXP 	Leftimg: image = u'frogs/ab31.jpg'
46.8893 	EXP 	Rightimg: pos = array([ 300.,    0.])
46.8893 	EXP 	Rightimg: image = u'frogs/ab71.jpg'
46.8893 	EXP 	Leftimg: autoDraw = True
46.8893 	EXP 	Rightimg: autoDraw = True
47.3228 	EXP 	Leftimg: autoDraw = False
47.3228 	EXP 	Rightimg: autoDraw = False
47.7246 	DATA 	Keypress: right
47.7257 	EXP 	New trial (rep=0, index=33): {'YLeftPos': 0, 'time_presentation': 0.5, 'XLeftPos': -300, 'XRightPos': 300, 'rightimg': u'frogs/ab78.jpg', 'YRightPos': 0, 'leftimg': u'frogs/ab38.jpg'}
47.7559 	EXP 	Leftimg: autoDraw = False
47.7559 	EXP 	Rightimg: autoDraw = False
47.7559 	EXP 	text: autoDraw = False
47.7559 	EXP 	Leftimg: pos = array([-300.,    0.])
47.7559 	EXP 	Leftimg: image = u'frogs/ab38.jpg'
47.7559 	EXP 	Rightimg: pos = array([ 300.,    0.])
47.7559 	EXP 	Rightimg: image = u'frogs/ab78.jpg'
47.7559 	EXP 	Leftimg: autoDraw = True
47.7559 	EXP 	Rightimg: autoDraw = True
48.2395 	EXP 	Leftimg: autoDraw = False
48.2395 	EXP 	Rightimg: autoDraw = False
48.5904 	DATA 	Keypress: right
48.5915 	EXP 	New trial (rep=0, index=34): {'YLeftPos': 0, 'time_presentation': 0.5, 'XLeftPos': -300, 'XRightPos': 300, 'rightimg': u'frogs/ab75.jpg', 'YRightPos': 0, 'leftimg': u'frogs/ab35.jpg'}
48.6224 	EXP 	Leftimg: autoDraw = False
48.6224 	EXP 	Rightimg: autoDraw = False
48.6224 	EXP 	text: autoDraw = False
48.6224 	EXP 	Leftimg: pos = array([-300.,    0.])
48.6224 	EXP 	Leftimg: image = u'frogs/ab35.jpg'
48.6224 	EXP 	Rightimg: pos = array([ 300.,    0.])
48.6224 	EXP 	Rightimg: image = u'frogs/ab75.jpg'
48.6224 	EXP 	Leftimg: autoDraw = True
48.6224 	EXP 	Rightimg: autoDraw = True
49.1061 	EXP 	Leftimg: autoDraw = False
49.1061 	EXP 	Rightimg: autoDraw = False
50.0573 	DATA 	Keypress: right
50.0583 	EXP 	New trial (rep=0, index=35): {'YLeftPos': 0, 'time_presentation': 0.5, 'XLeftPos': -300, 'XRightPos': 300, 'rightimg': u'frogs/ab68.jpg', 'YRightPos': 0, 'leftimg': u'frogs/ab28.jpg'}
50.0892 	EXP 	Leftimg: autoDraw = False
50.0892 	EXP 	Rightimg: autoDraw = False
50.0892 	EXP 	text: autoDraw = False
50.0892 	EXP 	Leftimg: pos = array([-300.,    0.])
50.0892 	EXP 	Leftimg: image = u'frogs/ab28.jpg'
50.0892 	EXP 	Rightimg: pos = array([ 300.,    0.])
50.0892 	EXP 	Rightimg: image = u'frogs/ab68.jpg'
50.0892 	EXP 	Leftimg: autoDraw = True
50.0892 	EXP 	Rightimg: autoDraw = True
50.5727 	EXP 	Leftimg: autoDraw = False
50.5727 	EXP 	Rightimg: autoDraw = False
51.3419 	DATA 	Keypress: right
51.3568 	EXP 	New trial (rep=0, index=36): {'YLeftPos': 0, 'time_presentation': 0.5, 'XLeftPos': -300, 'XRightPos': 300, 'rightimg': u'frogs/ab52.jpg', 'YRightPos': 0, 'leftimg': u'frogs/ab12.jpg'}
51.3728 	EXP 	Leftimg: autoDraw = False
51.3728 	EXP 	Rightimg: autoDraw = False
51.3728 	EXP 	text: autoDraw = False
51.3728 	EXP 	Leftimg: pos = array([-300.,    0.])
51.3728 	EXP 	Leftimg: image = u'frogs/ab12.jpg'
51.3728 	EXP 	Rightimg: pos = array([ 300.,    0.])
51.3728 	EXP 	Rightimg: image = u'frogs/ab52.jpg'
51.3728 	EXP 	Leftimg: autoDraw = True
51.3728 	EXP 	Rightimg: autoDraw = True
51.8727 	EXP 	Leftimg: autoDraw = False
51.8727 	EXP 	Rightimg: autoDraw = False
52.2913 	DATA 	Keypress: left
52.2924 	EXP 	New trial (rep=0, index=37): {'YLeftPos': 0, 'time_presentation': 0.5, 'XLeftPos': -300, 'XRightPos': 300, 'rightimg': u'frogs/ab62.jpg', 'YRightPos': 0, 'leftimg': u'frogs/ab22.jpg'}
52.4557 	EXP 	Leftimg: autoDraw = False
52.4557 	EXP 	Rightimg: autoDraw = False
52.4557 	EXP 	text: autoDraw = False
52.4557 	EXP 	Leftimg: pos = array([-300.,    0.])
52.4557 	EXP 	Leftimg: image = u'frogs/ab22.jpg'
52.4557 	EXP 	Rightimg: pos = array([ 300.,    0.])
52.4557 	EXP 	Rightimg: image = u'frogs/ab62.jpg'
52.4557 	EXP 	Leftimg: autoDraw = True
52.4557 	EXP 	Rightimg: autoDraw = True
52.8062 	EXP 	Leftimg: autoDraw = False
52.8062 	EXP 	Rightimg: autoDraw = False
53.1242 	DATA 	Keypress: right
53.1256 	EXP 	New trial (rep=0, index=38): {'YLeftPos': 0, 'time_presentation': 0.5, 'XLeftPos': -300, 'XRightPos': 300, 'rightimg': u'frogs/ab65.jpg', 'YRightPos': 0, 'leftimg': u'frogs/ab25.jpg'}
53.2057 	EXP 	Leftimg: autoDraw = False
53.2057 	EXP 	Rightimg: autoDraw = False
53.2057 	EXP 	text: autoDraw = False
53.2057 	EXP 	Leftimg: pos = array([-300.,    0.])
53.2057 	EXP 	Leftimg: image = u'frogs/ab25.jpg'
53.2057 	EXP 	Rightimg: pos = array([ 300.,    0.])
53.2057 	EXP 	Rightimg: image = u'frogs/ab65.jpg'
53.2057 	EXP 	Leftimg: autoDraw = True
53.2057 	EXP 	Rightimg: autoDraw = True
53.6394 	EXP 	Leftimg: autoDraw = False
53.6394 	EXP 	Rightimg: autoDraw = False
54.0735 	DATA 	Keypress: right
54.0746 	EXP 	New trial (rep=0, index=39): {'YLeftPos': 0, 'time_presentation': 0.5, 'XLeftPos': -300, 'XRightPos': 300, 'rightimg': u'frogs/ab59.jpg', 'YRightPos': 0, 'leftimg': u'frogs/ab19.jpg'}
54.1219 	EXP 	Leftimg: autoDraw = False
54.1219 	EXP 	Rightimg: autoDraw = False
54.1219 	EXP 	text: autoDraw = False
54.1219 	EXP 	Leftimg: pos = array([-300.,    0.])
54.1219 	EXP 	Leftimg: image = u'frogs/ab19.jpg'
54.1219 	EXP 	Rightimg: pos = array([ 300.,    0.])
54.1219 	EXP 	Rightimg: image = u'frogs/ab59.jpg'
54.1219 	EXP 	Leftimg: autoDraw = True
54.1219 	EXP 	Rightimg: autoDraw = True
54.5894 	EXP 	Leftimg: autoDraw = False
54.5894 	EXP 	Rightimg: autoDraw = False
54.8574 	DATA 	Keypress: left
54.8584 	EXP 	New trial (rep=0, index=40): {'YLeftPos': 0, 'time_presentation': 0.5, 'XLeftPos': -300, 'XRightPos': 300, 'rightimg': u'3.jpg', 'YRightPos': 0, 'leftimg': u'1.jpg'}
54.9061 	EXP 	Leftimg: autoDraw = False
54.9061 	EXP 	Rightimg: autoDraw = False
54.9061 	EXP 	text: autoDraw = False
54.9061 	EXP 	Leftimg: pos = array([-300.,    0.])
54.9061 	EXP 	Leftimg: image = u'1.jpg'
54.9061 	EXP 	Rightimg: pos = array([ 300.,    0.])
54.9061 	EXP 	Rightimg: image = u'3.jpg'
54.9061 	EXP 	Leftimg: autoDraw = True
54.9061 	EXP 	Rightimg: autoDraw = True
55.3728 	EXP 	Leftimg: autoDraw = False
55.3728 	EXP 	Rightimg: autoDraw = False
56.4248 	DATA 	Keypress: right
56.4259 	EXP 	New trial (rep=0, index=41): {'YLeftPos': 0, 'time_presentation': 0.5, 'XLeftPos': -300, 'XRightPos': 300, 'rightimg': u'frogs/ab48.jpg', 'YRightPos': 0, 'leftimg': u'frogs/ab8.jpg'}
56.4897 	EXP 	Leftimg: autoDraw = False
56.4897 	EXP 	Rightimg: autoDraw = False
56.4897 	EXP 	text: autoDraw = False
56.4897 	EXP 	Leftimg: pos = array([-300.,    0.])
56.4897 	EXP 	Leftimg: image = u'frogs/ab8.jpg'
56.4897 	EXP 	Rightimg: pos = array([ 300.,    0.])
56.4897 	EXP 	Rightimg: image = u'frogs/ab48.jpg'
56.4897 	EXP 	Leftimg: autoDraw = True
56.4897 	EXP 	Rightimg: autoDraw = True
56.9394 	EXP 	Leftimg: autoDraw = False
56.9394 	EXP 	Rightimg: autoDraw = False
57.4568 	DATA 	Keypress: left
57.4579 	EXP 	New trial (rep=0, index=42): {'YLeftPos': 0, 'time_presentation': 0.5, 'XLeftPos': -300, 'XRightPos': 300, 'rightimg': u'frogs/ab51.jpg', 'YRightPos': 0, 'leftimg': u'frogs/ab11.jpg'}
57.5229 	EXP 	Leftimg: autoDraw = False
57.5229 	EXP 	Rightimg: autoDraw = False
57.5229 	EXP 	text: autoDraw = False
57.5229 	EXP 	Leftimg: pos = array([-300.,    0.])
57.5229 	EXP 	Leftimg: image = u'frogs/ab11.jpg'
57.5229 	EXP 	Rightimg: pos = array([ 300.,    0.])
57.5229 	EXP 	Rightimg: image = u'frogs/ab51.jpg'
57.5229 	EXP 	Leftimg: autoDraw = True
57.5229 	EXP 	Rightimg: autoDraw = True
57.9717 	EXP 	Leftimg: autoDraw = False
57.9717 	EXP 	Rightimg: autoDraw = False
58.3239 	DATA 	Keypress: right
58.3250 	EXP 	New trial (rep=0, index=43): {'YLeftPos': 0, 'time_presentation': 0.5, 'XLeftPos': -300, 'XRightPos': 300, 'rightimg': u'frogs/ab66.jpg', 'YRightPos': 0, 'leftimg': u'frogs/ab26.jpg'}
58.3561 	EXP 	Leftimg: autoDraw = False
58.3561 	EXP 	Rightimg: autoDraw = False
58.3561 	EXP 	text: autoDraw = False
58.3561 	EXP 	Leftimg: pos = array([-300.,    0.])
58.3561 	EXP 	Leftimg: image = u'frogs/ab26.jpg'
58.3561 	EXP 	Rightimg: pos = array([ 300.,    0.])
58.3561 	EXP 	Rightimg: image = u'frogs/ab66.jpg'
58.3561 	EXP 	Leftimg: autoDraw = True
58.3561 	EXP 	Rightimg: autoDraw = True
58.8393 	EXP 	Leftimg: autoDraw = False
58.8393 	EXP 	Rightimg: autoDraw = False
59.7575 	DATA 	Keypress: left
59.8327 	EXP 	window1: blendMode = 'avg'
59.8384 	EXP 	Leftimg: autoDraw = False
59.8384 	EXP 	Rightimg: autoDraw = False
59.8384 	EXP 	text: autoDraw = False
59.8384 	EXP 	text_3: autoDraw = True
59.8394 	EXP 	window1: blendMode = 'avg'
59.8571 	EXP 	window1: blendMode = 'avg'
59.8738 	EXP 	window1: blendMode = 'avg'
59.8909 	EXP 	window1: blendMode = 'avg'
59.9068 	EXP 	window1: blendMode = 'avg'
59.9236 	EXP 	window1: blendMode = 'avg'
59.9404 	EXP 	window1: blendMode = 'avg'
59.9571 	EXP 	window1: blendMode = 'avg'
59.9737 	EXP 	window1: blendMode = 'avg'
59.9892 	EXP 	window1: blendMode = 'avg'
60.0070 	EXP 	window1: blendMode = 'avg'
60.0231 	EXP 	window1: blendMode = 'avg'
60.0401 	EXP 	window1: blendMode = 'avg'
60.0571 	EXP 	window1: blendMode = 'avg'
60.0737 	EXP 	window1: blendMode = 'avg'
60.0904 	EXP 	window1: blendMode = 'avg'
60.1069 	EXP 	window1: blendMode = 'avg'
60.1236 	EXP 	window1: blendMode = 'avg'
60.1409 	EXP 	window1: blendMode = 'avg'
60.1569 	EXP 	window1: blendMode = 'avg'
60.1736 	EXP 	window1: blendMode = 'avg'
60.1906 	EXP 	window1: blendMode = 'avg'
60.2071 	EXP 	window1: blendMode = 'avg'
60.2235 	EXP 	window1: blendMode = 'avg'
60.2399 	EXP 	window1: blendMode = 'avg'
60.2571 	EXP 	window1: blendMode = 'avg'
60.2732 	EXP 	window1: blendMode = 'avg'
60.2903 	EXP 	window1: blendMode = 'avg'
60.3072 	EXP 	window1: blendMode = 'avg'
60.3237 	EXP 	window1: blendMode = 'avg'
60.3404 	EXP 	window1: blendMode = 'avg'
60.3570 	EXP 	window1: blendMode = 'avg'
60.3735 	EXP 	window1: blendMode = 'avg'
60.3902 	EXP 	window1: blendMode = 'avg'
60.4063 	EXP 	window1: blendMode = 'avg'
60.4238 	EXP 	window1: blendMode = 'avg'
60.4400 	EXP 	window1: blendMode = 'avg'
60.4568 	EXP 	window1: blendMode = 'avg'
60.4732 	EXP 	window1: blendMode = 'avg'
60.4900 	EXP 	window1: blendMode = 'avg'
60.5063 	EXP 	window1: blendMode = 'avg'
60.5235 	EXP 	window1: blendMode = 'avg'
60.5404 	EXP 	window1: blendMode = 'avg'
60.5569 	EXP 	window1: blendMode = 'avg'
60.5738 	EXP 	window1: blendMode = 'avg'
60.5903 	EXP 	window1: blendMode = 'avg'
60.6069 	EXP 	window1: blendMode = 'avg'
60.6237 	EXP 	window1: blendMode = 'avg'
60.6405 	EXP 	window1: blendMode = 'avg'
60.6563 	EXP 	window1: blendMode = 'avg'
60.6731 	EXP 	window1: blendMode = 'avg'
60.6902 	EXP 	window1: blendMode = 'avg'
60.7067 	EXP 	window1: blendMode = 'avg'
60.7236 	EXP 	window1: blendMode = 'avg'
60.7404 	EXP 	window1: blendMode = 'avg'
60.7569 	EXP 	window1: blendMode = 'avg'
60.7730 	EXP 	window1: blendMode = 'avg'
60.7895 	EXP 	window1: blendMode = 'avg'
60.8074 	EXP 	window1: blendMode = 'avg'
60.8235 	EXP 	window1: blendMode = 'avg'
60.8403 	EXP 	window1: blendMode = 'avg'
60.8571 	EXP 	window1: blendMode = 'avg'
60.8727 	EXP 	window1: blendMode = 'avg'
60.8904 	EXP 	window1: blendMode = 'avg'
60.9070 	EXP 	window1: blendMode = 'avg'
60.9238 	EXP 	window1: blendMode = 'avg'
60.9403 	EXP 	window1: blendMode = 'avg'
60.9571 	EXP 	window1: blendMode = 'avg'
60.9731 	EXP 	window1: blendMode = 'avg'
60.9900 	EXP 	window1: blendMode = 'avg'
61.0069 	EXP 	window1: blendMode = 'avg'
61.0238 	EXP 	window1: blendMode = 'avg'
61.0403 	EXP 	window1: blendMode = 'avg'
61.0571 	EXP 	window1: blendMode = 'avg'
61.0738 	EXP 	window1: blendMode = 'avg'
61.0903 	EXP 	window1: blendMode = 'avg'
61.1070 	EXP 	window1: blendMode = 'avg'
61.1237 	EXP 	window1: blendMode = 'avg'
61.1404 	EXP 	window1: blendMode = 'avg'
61.1570 	EXP 	window1: blendMode = 'avg'
61.1738 	EXP 	window1: blendMode = 'avg'
61.1904 	EXP 	window1: blendMode = 'avg'
61.2071 	EXP 	window1: blendMode = 'avg'
61.2237 	EXP 	window1: blendMode = 'avg'
61.2405 	EXP 	window1: blendMode = 'avg'
61.2570 	EXP 	window1: blendMode = 'avg'
61.2736 	EXP 	window1: blendMode = 'avg'
61.2908 	EXP 	window1: blendMode = 'avg'
61.3069 	EXP 	window1: blendMode = 'avg'
61.3238 	EXP 	window1: blendMode = 'avg'
61.3403 	EXP 	window1: blendMode = 'avg'
61.3571 	EXP 	window1: blendMode = 'avg'
61.3736 	EXP 	window1: blendMode = 'avg'
61.3905 	EXP 	window1: blendMode = 'avg'
61.4071 	EXP 	window1: blendMode = 'avg'
61.4238 	EXP 	window1: blendMode = 'avg'
61.4403 	EXP 	window1: blendMode = 'avg'
61.4571 	EXP 	window1: blendMode = 'avg'
61.4737 	EXP 	window1: blendMode = 'avg'
61.4904 	EXP 	window1: blendMode = 'avg'
61.5071 	EXP 	window1: blendMode = 'avg'
61.5237 	EXP 	window1: blendMode = 'avg'
61.5405 	EXP 	window1: blendMode = 'avg'
61.5570 	EXP 	window1: blendMode = 'avg'
61.5738 	EXP 	window1: blendMode = 'avg'
61.5903 	EXP 	window1: blendMode = 'avg'
61.6071 	EXP 	window1: blendMode = 'avg'
61.6237 	EXP 	window1: blendMode = 'avg'
61.6405 	EXP 	window1: blendMode = 'avg'
61.6570 	EXP 	window1: blendMode = 'avg'
61.6737 	EXP 	window1: blendMode = 'avg'
61.6903 	EXP 	window1: blendMode = 'avg'
61.7068 	EXP 	window1: blendMode = 'avg'
61.7238 	EXP 	window1: blendMode = 'avg'
61.7403 	EXP 	window1: blendMode = 'avg'
61.7571 	EXP 	window1: blendMode = 'avg'
61.7728 	EXP 	window1: blendMode = 'avg'
61.7907 	EXP 	window1: blendMode = 'avg'
61.8068 	EXP 	window1: blendMode = 'avg'
61.8235 	EXP 	window1: blendMode = 'avg'
61.8404 	EXP 	window1: blendMode = 'avg'
61.8570 	EXP 	window1: blendMode = 'avg'
61.8737 	EXP 	window1: blendMode = 'avg'
61.8904 	EXP 	window1: blendMode = 'avg'
61.9069 	EXP 	window1: blendMode = 'avg'
61.9230 	EXP 	window1: blendMode = 'avg'
61.9392 	EXP 	window1: blendMode = 'avg'
61.9569 	EXP 	window1: blendMode = 'avg'
61.9728 	EXP 	window1: blendMode = 'avg'
61.9895 	EXP 	window1: blendMode = 'avg'
62.0064 	EXP 	window1: blendMode = 'avg'
62.0238 	EXP 	window1: blendMode = 'avg'
62.0404 	EXP 	window1: blendMode = 'avg'
62.0570 	EXP 	window1: blendMode = 'avg'
62.0731 	EXP 	window1: blendMode = 'avg'
62.0893 	EXP 	window1: blendMode = 'avg'
62.1061 	EXP 	window1: blendMode = 'avg'
62.1233 	EXP 	window1: blendMode = 'avg'
62.1402 	EXP 	window1: blendMode = 'avg'
62.1570 	EXP 	window1: blendMode = 'avg'
62.1737 	EXP 	window1: blendMode = 'avg'
62.1903 	EXP 	window1: blendMode = 'avg'
62.2070 	EXP 	window1: blendMode = 'avg'
62.2237 	EXP 	window1: blendMode = 'avg'
62.2403 	EXP 	window1: blendMode = 'avg'
62.2571 	EXP 	window1: blendMode = 'avg'
62.2737 	EXP 	window1: blendMode = 'avg'
62.2904 	EXP 	window1: blendMode = 'avg'
62.3069 	EXP 	window1: blendMode = 'avg'
62.3236 	EXP 	window1: blendMode = 'avg'
62.3404 	EXP 	window1: blendMode = 'avg'
62.3570 	EXP 	window1: blendMode = 'avg'
62.3737 	EXP 	window1: blendMode = 'avg'
62.3904 	EXP 	window1: blendMode = 'avg'
62.4070 	EXP 	window1: blendMode = 'avg'
62.4249 	DATA 	Keypress: escape
62.5211 	EXP 	window1: mouseVisible = True
