9.6162 	EXP 	Created window1 = Window(allowGUI=False, allowStencil=False, autoLog=True, bitsMode=UNKNOWN, blendMode='avg', color=array([ 0.,  0.,  0.]), colorSpace='rgb', fullscr=UNKNOWN, gamma=None, lms=UNKNOWN, monitor=<psychopy.monitors.calibTools.Monitor object at 0x113c903d0>, multiSample=False, name='window1', numSamples=2, pos=[0, 0], screen=0, size=array([1440,  900]), stereo=False, units=u'norm', useFBO=True, useRetina=False, viewOri=0.0, viewPos=None, viewScale=None, waitBlanking=True, winType='pyglet')
9.6163 	EXP 	window1: recordFrameIntervals = False
9.7821 	EXP 	window1: recordFrameIntervals = True
9.9658 	EXP 	window1: recordFrameIntervals = False
10.0540 	EXP 	Created text_2 = TextStim(alignHoriz='center', alignVert='center', antialias=True, autoLog=True, bold=False, color='white', colorSpace='named', contrast=1.0, depth=0.0, flipHoriz=False, flipVert=False, font='Arial', fontFiles=[], height=0.1, italic=False, name='text_2', opacity=1.0, ori=0, pos=array([ 0.,  0.]), rgb=array([ 255.,  255.,  255.]), text=unicode(...), units=u'norm', win=Window(...), wrapWidth=1)
10.0556 	EXP 	Created Leftimg = ImageStim(autoLog=True, color=array([ 1.,  1.,  1.]), colorSpace='rgb', contrast=1.0, depth=0.0, flipHoriz=False, flipVert=False, image='sin', interpolate=True, mask=None, maskParams=None, name='Leftimg', opacity=1.0, ori=0.0, pos=array([ 0.,  0.]), size=array([ 400.,  400.]), texRes=128, units='pix', win=Window(...))
10.0568 	EXP 	Created Rightimg = ImageStim(autoLog=True, color=array([ 1.,  1.,  1.]), colorSpace='rgb', contrast=1.0, depth=-1.0, flipHoriz=False, flipVert=False, image='sin', interpolate=True, mask=None, maskParams=None, name='Rightimg', opacity=1.0, ori=0.0, pos=array([ 0.,  0.]), size=array([ 400.,  400.]), texRes=128, units='pix', win=Window(...))
10.0668 	EXP 	Created text = TextStim(alignHoriz='center', alignVert='center', antialias=True, autoLog=True, bold=False, color='white', colorSpace='named', contrast=1.0, depth=-4.0, flipHoriz=False, flipVert=False, font='Arial', fontFiles=[], height=0.05, italic=False, name='text', opacity=1.0, ori=0, pos=array([ 0.,  0.]), rgb=array([ 255.,  255.,  255.]), text=u'to proceed press the space bar.', units=u'norm', win=Window(...), wrapWidth=1)
10.0762 	EXP 	Created text_3 = TextStim(alignHoriz='center', alignVert='center', antialias=True, autoLog=True, bold=False, color='white', colorSpace='named', contrast=1.0, depth=0.0, flipHoriz=False, flipVert=False, font='Arial', fontFiles=[], height=0.1, italic=False, name='text_3', opacity=1.0, ori=0, pos=array([ 0.,  0.]), rgb=array([ 255.,  255.,  255.]), text=unicode(...), units=u'norm', win=Window(...), wrapWidth=1)
10.0808 	EXP 	window1: blendMode = 'avg'
10.0988 	EXP 	text_2: autoDraw = True
10.1025 	EXP 	window1: blendMode = 'avg'
10.1164 	EXP 	window1: blendMode = 'avg'
10.1326 	EXP 	window1: blendMode = 'avg'
10.1495 	EXP 	window1: blendMode = 'avg'
10.1660 	EXP 	window1: blendMode = 'avg'
10.1830 	EXP 	window1: blendMode = 'avg'
10.1997 	EXP 	window1: blendMode = 'avg'
10.2166 	EXP 	window1: blendMode = 'avg'
10.2330 	EXP 	window1: blendMode = 'avg'
10.2498 	EXP 	window1: blendMode = 'avg'
10.2663 	EXP 	window1: blendMode = 'avg'
10.2826 	EXP 	window1: blendMode = 'avg'
10.2994 	EXP 	window1: blendMode = 'avg'
10.3163 	EXP 	window1: blendMode = 'avg'
10.3320 	EXP 	window1: blendMode = 'avg'
10.3492 	EXP 	window1: blendMode = 'avg'
10.3662 	EXP 	window1: blendMode = 'avg'
10.3832 	EXP 	window1: blendMode = 'avg'
10.3999 	EXP 	window1: blendMode = 'avg'
10.4161 	EXP 	window1: blendMode = 'avg'
10.4331 	EXP 	window1: blendMode = 'avg'
10.4501 	EXP 	window1: blendMode = 'avg'
10.4662 	EXP 	window1: blendMode = 'avg'
10.4828 	EXP 	window1: blendMode = 'avg'
10.4995 	EXP 	window1: blendMode = 'avg'
10.5171 	EXP 	window1: blendMode = 'avg'
10.5334 	EXP 	window1: blendMode = 'avg'
10.5492 	EXP 	window1: blendMode = 'avg'
10.5658 	EXP 	window1: blendMode = 'avg'
10.5830 	EXP 	window1: blendMode = 'avg'
10.5999 	EXP 	window1: blendMode = 'avg'
10.6165 	EXP 	window1: blendMode = 'avg'
10.6329 	EXP 	window1: blendMode = 'avg'
10.6491 	EXP 	window1: blendMode = 'avg'
10.6661 	EXP 	window1: blendMode = 'avg'
10.6828 	EXP 	window1: blendMode = 'avg'
10.7004 	DATA 	Mouse: Left button down, pos=(453,900)
10.7009 	DATA 	Mouse:  Left button up, pos=(453,900)
10.7017 	EXP 	window1: blendMode = 'avg'
10.7163 	EXP 	window1: blendMode = 'avg'
10.7330 	EXP 	window1: blendMode = 'avg'
10.7499 	EXP 	window1: blendMode = 'avg'
10.7660 	EXP 	window1: blendMode = 'avg'
10.7828 	EXP 	window1: blendMode = 'avg'
10.7996 	EXP 	window1: blendMode = 'avg'
10.8164 	EXP 	window1: blendMode = 'avg'
10.8325 	EXP 	window1: blendMode = 'avg'
10.8499 	EXP 	window1: blendMode = 'avg'
10.8663 	EXP 	window1: blendMode = 'avg'
10.8832 	EXP 	window1: blendMode = 'avg'
10.8994 	EXP 	window1: blendMode = 'avg'
10.9154 	DATA 	Mouse: Left button down, pos=(453,900)
10.9159 	DATA 	Mouse:  Left button up, pos=(453,900)
10.9169 	EXP 	window1: blendMode = 'avg'
10.9326 	EXP 	window1: blendMode = 'avg'
10.9494 	EXP 	window1: blendMode = 'avg'
10.9661 	EXP 	window1: blendMode = 'avg'
10.9828 	EXP 	window1: blendMode = 'avg'
10.9997 	EXP 	window1: blendMode = 'avg'
11.0163 	EXP 	window1: blendMode = 'avg'
11.0329 	EXP 	window1: blendMode = 'avg'
11.0498 	EXP 	window1: blendMode = 'avg'
11.0660 	EXP 	window1: blendMode = 'avg'
11.0826 	EXP 	window1: blendMode = 'avg'
11.0998 	EXP 	window1: blendMode = 'avg'
11.1160 	EXP 	window1: blendMode = 'avg'
11.1323 	EXP 	window1: blendMode = 'avg'
11.1492 	EXP 	window1: blendMode = 'avg'
11.1661 	EXP 	window1: blendMode = 'avg'
11.1825 	EXP 	window1: blendMode = 'avg'
11.1989 	EXP 	window1: blendMode = 'avg'
11.2164 	EXP 	window1: blendMode = 'avg'
11.2321 	EXP 	window1: blendMode = 'avg'
11.2498 	EXP 	window1: blendMode = 'avg'
11.2666 	EXP 	window1: blendMode = 'avg'
11.2827 	EXP 	window1: blendMode = 'avg'
11.2995 	EXP 	window1: blendMode = 'avg'
11.3157 	EXP 	window1: blendMode = 'avg'
11.3324 	EXP 	window1: blendMode = 'avg'
11.3498 	EXP 	window1: blendMode = 'avg'
11.3661 	EXP 	window1: blendMode = 'avg'
11.3826 	EXP 	window1: blendMode = 'avg'
11.3992 	EXP 	window1: blendMode = 'avg'
11.4163 	EXP 	window1: blendMode = 'avg'
11.4330 	EXP 	window1: blendMode = 'avg'
11.4499 	EXP 	window1: blendMode = 'avg'
11.4664 	EXP 	window1: blendMode = 'avg'
11.4828 	EXP 	window1: blendMode = 'avg'
11.4996 	EXP 	window1: blendMode = 'avg'
11.5162 	EXP 	window1: blendMode = 'avg'
11.5330 	EXP 	window1: blendMode = 'avg'
11.5498 	EXP 	window1: blendMode = 'avg'
11.5664 	EXP 	window1: blendMode = 'avg'
11.5832 	EXP 	window1: blendMode = 'avg'
11.5998 	EXP 	window1: blendMode = 'avg'
11.6163 	EXP 	window1: blendMode = 'avg'
11.6330 	EXP 	window1: blendMode = 'avg'
11.6496 	EXP 	window1: blendMode = 'avg'
11.6664 	EXP 	window1: blendMode = 'avg'
11.6832 	EXP 	window1: blendMode = 'avg'
11.6996 	EXP 	window1: blendMode = 'avg'
11.7165 	EXP 	window1: blendMode = 'avg'
11.7328 	EXP 	window1: blendMode = 'avg'
11.7496 	EXP 	window1: blendMode = 'avg'
11.7663 	EXP 	window1: blendMode = 'avg'
11.7832 	EXP 	window1: blendMode = 'avg'
11.7996 	EXP 	window1: blendMode = 'avg'
11.8165 	EXP 	window1: blendMode = 'avg'
11.8332 	EXP 	window1: blendMode = 'avg'
11.8487 	EXP 	window1: blendMode = 'avg'
11.8660 	EXP 	window1: blendMode = 'avg'
11.8825 	EXP 	window1: blendMode = 'avg'
11.8993 	EXP 	window1: blendMode = 'avg'
11.9163 	EXP 	window1: blendMode = 'avg'
11.9331 	EXP 	window1: blendMode = 'avg'
11.9499 	EXP 	window1: blendMode = 'avg'
11.9661 	EXP 	window1: blendMode = 'avg'
11.9828 	EXP 	window1: blendMode = 'avg'
11.9995 	EXP 	window1: blendMode = 'avg'
12.0162 	EXP 	window1: blendMode = 'avg'
12.0326 	EXP 	window1: blendMode = 'avg'
12.0492 	EXP 	window1: blendMode = 'avg'
12.0657 	EXP 	window1: blendMode = 'avg'
12.0823 	EXP 	window1: blendMode = 'avg'
12.0994 	EXP 	window1: blendMode = 'avg'
12.1161 	EXP 	window1: blendMode = 'avg'
12.1327 	EXP 	window1: blendMode = 'avg'
12.1496 	EXP 	window1: blendMode = 'avg'
12.1663 	EXP 	window1: blendMode = 'avg'
12.1830 	EXP 	window1: blendMode = 'avg'
12.1997 	EXP 	window1: blendMode = 'avg'
12.2165 	EXP 	window1: blendMode = 'avg'
12.2331 	EXP 	window1: blendMode = 'avg'
12.2498 	EXP 	window1: blendMode = 'avg'
12.2662 	EXP 	window1: blendMode = 'avg'
12.2832 	EXP 	window1: blendMode = 'avg'
12.2997 	EXP 	window1: blendMode = 'avg'
12.3165 	EXP 	window1: blendMode = 'avg'
12.3329 	EXP 	window1: blendMode = 'avg'
12.3498 	EXP 	window1: blendMode = 'avg'
12.3662 	EXP 	window1: blendMode = 'avg'
12.3827 	EXP 	window1: blendMode = 'avg'
12.3994 	EXP 	window1: blendMode = 'avg'
12.4163 	EXP 	window1: blendMode = 'avg'
12.4330 	EXP 	window1: blendMode = 'avg'
12.4500 	EXP 	window1: blendMode = 'avg'
12.4659 	EXP 	window1: blendMode = 'avg'
12.4828 	EXP 	window1: blendMode = 'avg'
12.4997 	EXP 	window1: blendMode = 'avg'
12.5163 	EXP 	window1: blendMode = 'avg'
12.5328 	EXP 	window1: blendMode = 'avg'
12.5497 	EXP 	window1: blendMode = 'avg'
12.5659 	EXP 	window1: blendMode = 'avg'
12.5825 	EXP 	window1: blendMode = 'avg'
12.5992 	EXP 	window1: blendMode = 'avg'
12.6158 	EXP 	window1: blendMode = 'avg'
12.6330 	EXP 	window1: blendMode = 'avg'
12.6499 	EXP 	window1: blendMode = 'avg'
12.6658 	EXP 	window1: blendMode = 'avg'
12.6821 	EXP 	window1: blendMode = 'avg'
12.6989 	EXP 	window1: blendMode = 'avg'
12.7152 	EXP 	window1: blendMode = 'avg'
12.7328 	EXP 	window1: blendMode = 'avg'
12.7496 	EXP 	window1: blendMode = 'avg'
12.7660 	EXP 	window1: blendMode = 'avg'
12.7831 	EXP 	window1: blendMode = 'avg'
12.7996 	EXP 	window1: blendMode = 'avg'
12.8164 	EXP 	window1: blendMode = 'avg'
12.8330 	EXP 	window1: blendMode = 'avg'
12.8494 	EXP 	window1: blendMode = 'avg'
12.8653 	EXP 	window1: blendMode = 'avg'
12.8831 	EXP 	window1: blendMode = 'avg'
12.8996 	EXP 	window1: blendMode = 'avg'
12.9159 	EXP 	window1: blendMode = 'avg'
12.9321 	EXP 	window1: blendMode = 'avg'
12.9503 	EXP 	window1: blendMode = 'avg'
12.9661 	EXP 	window1: blendMode = 'avg'
12.9821 	EXP 	window1: blendMode = 'avg'
12.9995 	EXP 	window1: blendMode = 'avg'
13.0164 	EXP 	window1: blendMode = 'avg'
13.0321 	EXP 	window1: blendMode = 'avg'
13.0493 	EXP 	window1: blendMode = 'avg'
13.0661 	EXP 	window1: blendMode = 'avg'
13.0825 	EXP 	window1: blendMode = 'avg'
13.0993 	EXP 	window1: blendMode = 'avg'
13.1160 	EXP 	window1: blendMode = 'avg'
13.1330 	EXP 	window1: blendMode = 'avg'
13.1497 	EXP 	window1: blendMode = 'avg'
13.1664 	EXP 	window1: blendMode = 'avg'
13.1830 	EXP 	window1: blendMode = 'avg'
13.1995 	EXP 	window1: blendMode = 'avg'
13.2163 	EXP 	window1: blendMode = 'avg'
13.2332 	EXP 	window1: blendMode = 'avg'
13.2497 	EXP 	window1: blendMode = 'avg'
13.2663 	EXP 	window1: blendMode = 'avg'
13.2829 	EXP 	window1: blendMode = 'avg'
13.2996 	EXP 	window1: blendMode = 'avg'
13.3165 	EXP 	window1: blendMode = 'avg'
13.3329 	EXP 	window1: blendMode = 'avg'
13.3497 	EXP 	window1: blendMode = 'avg'
13.3660 	EXP 	window1: blendMode = 'avg'
13.3828 	EXP 	window1: blendMode = 'avg'
13.3994 	EXP 	window1: blendMode = 'avg'
13.4163 	EXP 	window1: blendMode = 'avg'
13.4330 	EXP 	window1: blendMode = 'avg'
13.4499 	EXP 	window1: blendMode = 'avg'
13.4665 	EXP 	window1: blendMode = 'avg'
13.4831 	EXP 	window1: blendMode = 'avg'
13.4996 	EXP 	window1: blendMode = 'avg'
13.5164 	EXP 	window1: blendMode = 'avg'
13.5327 	EXP 	window1: blendMode = 'avg'
13.5488 	EXP 	window1: blendMode = 'avg'
13.5654 	EXP 	window1: blendMode = 'avg'
13.5827 	EXP 	window1: blendMode = 'avg'
13.5992 	EXP 	window1: blendMode = 'avg'
13.6158 	EXP 	window1: blendMode = 'avg'
13.6322 	EXP 	window1: blendMode = 'avg'
13.6491 	EXP 	window1: blendMode = 'avg'
13.6651 	EXP 	window1: blendMode = 'avg'
13.6828 	EXP 	window1: blendMode = 'avg'
13.7000 	EXP 	window1: blendMode = 'avg'
13.7165 	EXP 	window1: blendMode = 'avg'
13.7330 	EXP 	window1: blendMode = 'avg'
13.7498 	EXP 	window1: blendMode = 'avg'
13.7664 	EXP 	window1: blendMode = 'avg'
13.7826 	EXP 	window1: blendMode = 'avg'
13.7991 	EXP 	window1: blendMode = 'avg'
13.8160 	EXP 	window1: blendMode = 'avg'
13.8331 	EXP 	window1: blendMode = 'avg'
13.8495 	EXP 	window1: blendMode = 'avg'
13.8661 	EXP 	window1: blendMode = 'avg'
13.8829 	EXP 	window1: blendMode = 'avg'
13.8994 	EXP 	window1: blendMode = 'avg'
13.9164 	EXP 	window1: blendMode = 'avg'
13.9324 	EXP 	window1: blendMode = 'avg'
13.9489 	EXP 	window1: blendMode = 'avg'
13.9661 	EXP 	window1: blendMode = 'avg'
13.9832 	EXP 	window1: blendMode = 'avg'
13.9990 	EXP 	window1: blendMode = 'avg'
14.0163 	EXP 	window1: blendMode = 'avg'
14.0329 	EXP 	window1: blendMode = 'avg'
14.0501 	EXP 	window1: blendMode = 'avg'
14.0661 	EXP 	window1: blendMode = 'avg'
14.0826 	EXP 	window1: blendMode = 'avg'
14.0992 	EXP 	window1: blendMode = 'avg'
14.1163 	EXP 	window1: blendMode = 'avg'
14.1327 	EXP 	window1: blendMode = 'avg'
14.1496 	EXP 	window1: blendMode = 'avg'
14.1663 	EXP 	window1: blendMode = 'avg'
14.1831 	EXP 	window1: blendMode = 'avg'
14.1995 	EXP 	window1: blendMode = 'avg'
14.2164 	EXP 	window1: blendMode = 'avg'
14.2327 	EXP 	window1: blendMode = 'avg'
14.2494 	EXP 	window1: blendMode = 'avg'
14.2663 	EXP 	window1: blendMode = 'avg'
14.2828 	EXP 	window1: blendMode = 'avg'
14.2994 	EXP 	window1: blendMode = 'avg'
14.3160 	EXP 	window1: blendMode = 'avg'
14.3327 	EXP 	window1: blendMode = 'avg'
14.3491 	EXP 	window1: blendMode = 'avg'
14.3656 	EXP 	window1: blendMode = 'avg'
14.3827 	EXP 	window1: blendMode = 'avg'
14.3997 	EXP 	window1: blendMode = 'avg'
14.4162 	EXP 	window1: blendMode = 'avg'
14.4323 	EXP 	window1: blendMode = 'avg'
14.4487 	EXP 	window1: blendMode = 'avg'
14.4662 	EXP 	window1: blendMode = 'avg'
14.4831 	EXP 	window1: blendMode = 'avg'
14.4998 	EXP 	window1: blendMode = 'avg'
14.5161 	EXP 	window1: blendMode = 'avg'
14.5328 	EXP 	window1: blendMode = 'avg'
14.5496 	EXP 	window1: blendMode = 'avg'
14.5665 	EXP 	window1: blendMode = 'avg'
14.5831 	EXP 	window1: blendMode = 'avg'
14.5982 	EXP 	window1: blendMode = 'avg'
14.6159 	EXP 	window1: blendMode = 'avg'
14.6330 	EXP 	window1: blendMode = 'avg'
14.6498 	EXP 	window1: blendMode = 'avg'
14.6657 	EXP 	window1: blendMode = 'avg'
14.6830 	EXP 	window1: blendMode = 'avg'
14.6996 	EXP 	window1: blendMode = 'avg'
14.7164 	EXP 	window1: blendMode = 'avg'
14.7327 	EXP 	window1: blendMode = 'avg'
14.7496 	EXP 	window1: blendMode = 'avg'
14.7662 	EXP 	window1: blendMode = 'avg'
14.7832 	EXP 	window1: blendMode = 'avg'
14.7985 	EXP 	window1: blendMode = 'avg'
14.8160 	EXP 	window1: blendMode = 'avg'
14.8327 	EXP 	window1: blendMode = 'avg'
14.8485 	EXP 	window1: blendMode = 'avg'
14.8662 	EXP 	window1: blendMode = 'avg'
14.8827 	EXP 	window1: blendMode = 'avg'
14.8996 	EXP 	window1: blendMode = 'avg'
14.9166 	EXP 	window1: blendMode = 'avg'
14.9324 	EXP 	window1: blendMode = 'avg'
14.9498 	EXP 	window1: blendMode = 'avg'
14.9658 	EXP 	window1: blendMode = 'avg'
14.9828 	EXP 	window1: blendMode = 'avg'
14.9998 	EXP 	window1: blendMode = 'avg'
15.0157 	EXP 	window1: blendMode = 'avg'
15.0327 	EXP 	window1: blendMode = 'avg'
15.0493 	EXP 	window1: blendMode = 'avg'
15.0661 	EXP 	window1: blendMode = 'avg'
15.0828 	EXP 	window1: blendMode = 'avg'
15.0992 	EXP 	window1: blendMode = 'avg'
15.1160 	EXP 	window1: blendMode = 'avg'
15.1327 	EXP 	window1: blendMode = 'avg'
15.1494 	EXP 	window1: blendMode = 'avg'
15.1661 	EXP 	window1: blendMode = 'avg'
15.1833 	EXP 	window1: blendMode = 'avg'
15.1990 	EXP 	window1: blendMode = 'avg'
15.2185 	DATA 	Keypress: space
15.2284 	EXP 	Imported Book.xlsx as conditions, 44 conditions, 7 params
15.2289 	EXP 	Created sequence: random, trialTypes=44, nReps=1, seed=None
15.2293 	EXP 	New trial (rep=0, index=0): {'YLeftPos': 0, 'time_presentation': 0.5, 'XLeftPos': -300, 'XRightPos': 300, 'rightimg': u'frogs/ab58.jpg', 'YRightPos': 0, 'leftimg': u'frogs/ab18.jpg'}
15.4317 	EXP 	text_2: autoDraw = False
15.4317 	EXP 	Leftimg: pos = array([-300.,    0.])
15.4317 	EXP 	Leftimg: image = u'frogs/ab18.jpg'
15.4317 	EXP 	Rightimg: pos = array([ 300.,    0.])
15.4317 	EXP 	Rightimg: image = u'frogs/ab58.jpg'
15.4317 	EXP 	Leftimg: autoDraw = True
15.4317 	EXP 	Rightimg: autoDraw = True
15.7174 	DATA 	Keypress: right
15.7186 	EXP 	New trial (rep=0, index=1): {'YLeftPos': 0, 'time_presentation': 0.5, 'XLeftPos': -300, 'XRightPos': 300, 'rightimg': u'frogs/ab46.jpg', 'YRightPos': 0, 'leftimg': u'frogs/ab6.jpg'}
15.7985 	EXP 	Leftimg: autoDraw = False
15.7985 	EXP 	Rightimg: autoDraw = False
15.7985 	EXP 	text: autoDraw = False
15.7985 	EXP 	Leftimg: pos = array([-300.,    0.])
15.7985 	EXP 	Leftimg: image = u'frogs/ab6.jpg'
15.7985 	EXP 	Rightimg: pos = array([ 300.,    0.])
15.7985 	EXP 	Rightimg: image = u'frogs/ab46.jpg'
15.7985 	EXP 	Leftimg: autoDraw = True
15.7985 	EXP 	Rightimg: autoDraw = True
16.2322 	EXP 	Leftimg: autoDraw = False
16.2322 	EXP 	Rightimg: autoDraw = False
16.2825 	DATA 	Keypress: left
16.2836 	EXP 	New trial (rep=0, index=2): {'YLeftPos': 0, 'time_presentation': 0.5, 'XLeftPos': -300, 'XRightPos': 300, 'rightimg': u'frogs/ab65.jpg', 'YRightPos': 0, 'leftimg': u'frogs/ab25.jpg'}
16.3482 	EXP 	Leftimg: autoDraw = False
16.3482 	EXP 	Rightimg: autoDraw = False
16.3482 	EXP 	text: autoDraw = False
16.3482 	EXP 	Leftimg: pos = array([-300.,    0.])
16.3482 	EXP 	Leftimg: image = u'frogs/ab25.jpg'
16.3482 	EXP 	Rightimg: pos = array([ 300.,    0.])
16.3482 	EXP 	Rightimg: image = u'frogs/ab65.jpg'
16.3482 	EXP 	Leftimg: autoDraw = True
16.3482 	EXP 	Rightimg: autoDraw = True
16.7984 	EXP 	Leftimg: autoDraw = False
16.7984 	EXP 	Rightimg: autoDraw = False
16.9169 	DATA 	Keypress: right
16.9181 	EXP 	New trial (rep=0, index=3): {'YLeftPos': 0, 'time_presentation': 0.5, 'XLeftPos': -300, 'XRightPos': 300, 'rightimg': u'frogs/ab71.jpg', 'YRightPos': 0, 'leftimg': u'frogs/ab31.jpg'}
17.0146 	EXP 	Leftimg: autoDraw = False
17.0146 	EXP 	Rightimg: autoDraw = False
17.0146 	EXP 	text: autoDraw = False
17.0146 	EXP 	Leftimg: pos = array([-300.,    0.])
17.0146 	EXP 	Leftimg: image = u'frogs/ab31.jpg'
17.0146 	EXP 	Rightimg: pos = array([ 300.,    0.])
17.0146 	EXP 	Rightimg: image = u'frogs/ab71.jpg'
17.0146 	EXP 	Leftimg: autoDraw = True
17.0146 	EXP 	Rightimg: autoDraw = True
17.3491 	DATA 	Keypress: left
17.3499 	EXP 	New trial (rep=0, index=4): {'YLeftPos': 0, 'time_presentation': 0.5, 'XLeftPos': -300, 'XRightPos': 300, 'rightimg': u'frogs/ab56.jpg', 'YRightPos': 0, 'leftimg': u'frogs/ab16.jpg'}
17.6159 	EXP 	Leftimg: autoDraw = False
17.6159 	EXP 	Rightimg: autoDraw = False
17.6159 	EXP 	text: autoDraw = False
17.6159 	EXP 	Leftimg: pos = array([-300.,    0.])
17.6159 	EXP 	Leftimg: image = u'frogs/ab16.jpg'
17.6159 	EXP 	Rightimg: pos = array([ 300.,    0.])
17.6159 	EXP 	Rightimg: image = u'frogs/ab56.jpg'
17.6159 	EXP 	Leftimg: autoDraw = True
17.6159 	EXP 	Rightimg: autoDraw = True
17.8652 	EXP 	Leftimg: autoDraw = False
17.8652 	EXP 	Rightimg: autoDraw = False
18.3993 	DATA 	Keypress: right
18.4004 	EXP 	New trial (rep=0, index=5): {'YLeftPos': 0, 'time_presentation': 0.5, 'XLeftPos': -300, 'XRightPos': 300, 'rightimg': u'2.jpg', 'YRightPos': 0, 'leftimg': u'4.jpg'}
18.4485 	EXP 	Leftimg: autoDraw = False
18.4485 	EXP 	Rightimg: autoDraw = False
18.4485 	EXP 	text: autoDraw = False
18.4485 	EXP 	Leftimg: pos = array([-300.,    0.])
18.4485 	EXP 	Leftimg: image = u'4.jpg'
18.4485 	EXP 	Rightimg: pos = array([ 300.,    0.])
18.4485 	EXP 	Rightimg: image = u'2.jpg'
18.4485 	EXP 	Leftimg: autoDraw = True
18.4485 	EXP 	Rightimg: autoDraw = True
18.9141 	EXP 	Leftimg: autoDraw = False
18.9141 	EXP 	Rightimg: autoDraw = False
18.9158 	DATA 	Keypress: left
18.9173 	EXP 	New trial (rep=0, index=6): {'YLeftPos': 0, 'time_presentation': 0.5, 'XLeftPos': -300, 'XRightPos': 300, 'rightimg': u'3.jpg', 'YRightPos': 0, 'leftimg': u'1.jpg'}
18.9644 	EXP 	Leftimg: autoDraw = False
18.9644 	EXP 	Rightimg: autoDraw = False
18.9644 	EXP 	text: autoDraw = False
18.9644 	EXP 	Leftimg: pos = array([-300.,    0.])
18.9644 	EXP 	Leftimg: image = u'1.jpg'
18.9644 	EXP 	Rightimg: pos = array([ 300.,    0.])
18.9644 	EXP 	Rightimg: image = u'3.jpg'
18.9644 	EXP 	Leftimg: autoDraw = True
18.9644 	EXP 	Rightimg: autoDraw = True
19.0323 	DATA 	Mouse: Left button down, pos=(453,900)
19.0493 	DATA 	Mouse:  Left button up, pos=(453,900)
19.3834 	DATA 	Keypress: right
19.3843 	EXP 	New trial (rep=0, index=7): {'YLeftPos': 0, 'time_presentation': 0.5, 'XLeftPos': -300, 'XRightPos': 300, 'rightimg': u'frogs/ab78.jpg', 'YRightPos': 0, 'leftimg': u'frogs/ab38.jpg'}
19.4151 	EXP 	Leftimg: autoDraw = False
19.4151 	EXP 	Rightimg: autoDraw = False
19.4151 	EXP 	text: autoDraw = False
19.4151 	EXP 	Leftimg: pos = array([-300.,    0.])
19.4151 	EXP 	Leftimg: image = u'frogs/ab38.jpg'
19.4151 	EXP 	Rightimg: pos = array([ 300.,    0.])
19.4151 	EXP 	Rightimg: image = u'frogs/ab78.jpg'
19.4151 	EXP 	Leftimg: autoDraw = True
19.4151 	EXP 	Rightimg: autoDraw = True
19.8668 	DATA 	Keypress: left
19.8679 	EXP 	New trial (rep=0, index=8): {'YLeftPos': 0, 'time_presentation': 0.5, 'XLeftPos': -300, 'XRightPos': 300, 'rightimg': u'1.jpg', 'YRightPos': 0, 'leftimg': u'3.jpg'}
19.9153 	EXP 	Leftimg: autoDraw = False
19.9153 	EXP 	Rightimg: autoDraw = False
19.9153 	EXP 	text: autoDraw = False
19.9153 	EXP 	Leftimg: pos = array([-300.,    0.])
19.9153 	EXP 	Leftimg: image = u'3.jpg'
19.9153 	EXP 	Rightimg: pos = array([ 300.,    0.])
19.9153 	EXP 	Rightimg: image = u'1.jpg'
19.9153 	EXP 	Leftimg: autoDraw = True
19.9153 	EXP 	Rightimg: autoDraw = True
20.3817 	EXP 	Leftimg: autoDraw = False
20.3817 	EXP 	Rightimg: autoDraw = False
20.3837 	DATA 	Keypress: right
20.3850 	EXP 	New trial (rep=0, index=9): {'YLeftPos': 0, 'time_presentation': 0.5, 'XLeftPos': -300, 'XRightPos': 300, 'rightimg': u'4.jpg', 'YRightPos': 0, 'leftimg': u'2.jpg'}
20.4153 	EXP 	Leftimg: autoDraw = False
20.4153 	EXP 	Rightimg: autoDraw = False
20.4153 	EXP 	text: autoDraw = False
20.4153 	EXP 	Leftimg: pos = array([-300.,    0.])
20.4153 	EXP 	Leftimg: image = u'2.jpg'
20.4153 	EXP 	Rightimg: pos = array([ 300.,    0.])
20.4153 	EXP 	Rightimg: image = u'4.jpg'
20.4153 	EXP 	Leftimg: autoDraw = True
20.4153 	EXP 	Rightimg: autoDraw = True
20.8161 	DATA 	Keypress: left
20.8172 	EXP 	New trial (rep=0, index=10): {'YLeftPos': 0, 'time_presentation': 0.5, 'XLeftPos': -300, 'XRightPos': 300, 'rightimg': u'frogs/ab67.jpg', 'YRightPos': 0, 'leftimg': u'frogs/ab27.jpg'}
20.8651 	EXP 	Leftimg: autoDraw = False
20.8651 	EXP 	Rightimg: autoDraw = False
20.8651 	EXP 	text: autoDraw = False
20.8651 	EXP 	Leftimg: pos = array([-300.,    0.])
20.8651 	EXP 	Leftimg: image = u'frogs/ab27.jpg'
20.8651 	EXP 	Rightimg: pos = array([ 300.,    0.])
20.8651 	EXP 	Rightimg: image = u'frogs/ab67.jpg'
20.8651 	EXP 	Leftimg: autoDraw = True
20.8651 	EXP 	Rightimg: autoDraw = True
21.3166 	DATA 	Keypress: right
21.3175 	EXP 	New trial (rep=0, index=11): {'YLeftPos': 0, 'time_presentation': 0.5, 'XLeftPos': -300, 'XRightPos': 300, 'rightimg': u'frogs/ab55.jpg', 'YRightPos': 0, 'leftimg': u'frogs/ab15.jpg'}
21.4151 	EXP 	Leftimg: autoDraw = False
21.4151 	EXP 	Rightimg: autoDraw = False
21.4151 	EXP 	Leftimg: autoDraw = False
21.4151 	EXP 	Rightimg: autoDraw = False
21.4151 	EXP 	text: autoDraw = False
21.4151 	EXP 	Leftimg: pos = array([-300.,    0.])
21.4151 	EXP 	Leftimg: image = u'frogs/ab15.jpg'
21.4151 	EXP 	Rightimg: pos = array([ 300.,    0.])
21.4151 	EXP 	Rightimg: image = u'frogs/ab55.jpg'
21.4151 	EXP 	Leftimg: autoDraw = True
21.4151 	EXP 	Rightimg: autoDraw = True
21.8318 	EXP 	Leftimg: autoDraw = False
21.8318 	EXP 	Rightimg: autoDraw = False
21.9168 	DATA 	Keypress: left
21.9179 	EXP 	New trial (rep=0, index=12): {'YLeftPos': 0, 'time_presentation': 0.5, 'XLeftPos': -300, 'XRightPos': 300, 'rightimg': u'frogs/ab66.jpg', 'YRightPos': 0, 'leftimg': u'frogs/ab26.jpg'}
21.9318 	EXP 	Leftimg: autoDraw = False
21.9318 	EXP 	Rightimg: autoDraw = False
21.9318 	EXP 	text: autoDraw = False
21.9318 	EXP 	Leftimg: pos = array([-300.,    0.])
21.9318 	EXP 	Leftimg: image = u'frogs/ab26.jpg'
21.9318 	EXP 	Rightimg: pos = array([ 300.,    0.])
21.9318 	EXP 	Rightimg: image = u'frogs/ab66.jpg'
21.9318 	EXP 	Leftimg: autoDraw = True
21.9318 	EXP 	Rightimg: autoDraw = True
21.9484 	DATA 	Mouse: Left button down, pos=(453,900)
21.9489 	DATA 	Mouse:  Left button up, pos=(453,900)
22.3671 	DATA 	Keypress: right
22.3681 	EXP 	New trial (rep=0, index=13): {'YLeftPos': 0, 'time_presentation': 0.5, 'XLeftPos': -300, 'XRightPos': 300, 'rightimg': u'frogs/ab50.jpg', 'YRightPos': 0, 'leftimg': u'frogs/ab10.jpg'}
22.4144 	EXP 	Leftimg: autoDraw = False
22.4144 	EXP 	Rightimg: autoDraw = False
22.4144 	EXP 	text: autoDraw = False
22.4144 	EXP 	Leftimg: pos = array([-300.,    0.])
22.4144 	EXP 	Leftimg: image = u'frogs/ab10.jpg'
22.4144 	EXP 	Rightimg: pos = array([ 300.,    0.])
22.4144 	EXP 	Rightimg: image = u'frogs/ab50.jpg'
22.4144 	EXP 	Leftimg: autoDraw = True
22.4144 	EXP 	Rightimg: autoDraw = True
22.7506 	DATA 	Keypress: left
22.7515 	EXP 	New trial (rep=0, index=14): {'YLeftPos': 0, 'time_presentation': 0.5, 'XLeftPos': -300, 'XRightPos': 300, 'rightimg': u'frogs/ab63.jpg', 'YRightPos': 0, 'leftimg': u'frogs/ab23.jpg'}
22.7994 	EXP 	Leftimg: autoDraw = False
22.7994 	EXP 	Rightimg: autoDraw = False
22.7994 	EXP 	text: autoDraw = False
22.7994 	EXP 	Leftimg: pos = array([-300.,    0.])
22.7994 	EXP 	Leftimg: image = u'frogs/ab23.jpg'
22.7994 	EXP 	Rightimg: pos = array([ 300.,    0.])
22.7994 	EXP 	Rightimg: image = u'frogs/ab63.jpg'
22.7994 	EXP 	Leftimg: autoDraw = True
22.7994 	EXP 	Rightimg: autoDraw = True
23.1502 	DATA 	Keypress: right
23.1512 	EXP 	New trial (rep=0, index=15): {'YLeftPos': 0, 'time_presentation': 0.5, 'XLeftPos': -300, 'XRightPos': 300, 'rightimg': u'frogs/ab45.jpg', 'YRightPos': 0, 'leftimg': u'frogs/ab5.jpg'}
23.1640 	EXP 	Leftimg: autoDraw = False
23.1640 	EXP 	Rightimg: autoDraw = False
23.1640 	EXP 	text: autoDraw = False
23.1640 	EXP 	Leftimg: pos = array([-300.,    0.])
23.1640 	EXP 	Leftimg: image = u'frogs/ab5.jpg'
23.1640 	EXP 	Rightimg: pos = array([ 300.,    0.])
23.1640 	EXP 	Rightimg: image = u'frogs/ab45.jpg'
23.1640 	EXP 	Leftimg: autoDraw = True
23.1640 	EXP 	Rightimg: autoDraw = True
23.5004 	DATA 	Keypress: left
23.5013 	EXP 	New trial (rep=0, index=16): {'YLeftPos': 0, 'time_presentation': 0.5, 'XLeftPos': -300, 'XRightPos': 300, 'rightimg': u'frogs/ab43.jpg', 'YRightPos': 0, 'leftimg': u'frogs/ab3.jpg'}
23.5479 	EXP 	Leftimg: autoDraw = False
23.5479 	EXP 	Rightimg: autoDraw = False
23.5479 	EXP 	text: autoDraw = False
23.5479 	EXP 	Leftimg: pos = array([-300.,    0.])
23.5479 	EXP 	Leftimg: image = u'frogs/ab3.jpg'
23.5479 	EXP 	Rightimg: pos = array([ 300.,    0.])
23.5479 	EXP 	Rightimg: image = u'frogs/ab43.jpg'
23.5479 	EXP 	Leftimg: autoDraw = True
23.5479 	EXP 	Rightimg: autoDraw = True
24.0148 	EXP 	Leftimg: autoDraw = False
24.0148 	EXP 	Rightimg: autoDraw = False
24.1000 	DATA 	Keypress: right
24.1036 	EXP 	New trial (rep=0, index=17): {'YLeftPos': 0, 'time_presentation': 0.5, 'XLeftPos': -300, 'XRightPos': 300, 'rightimg': u'frogs/ab48.jpg', 'YRightPos': 0, 'leftimg': u'frogs/ab8.jpg'}
24.1484 	EXP 	Leftimg: autoDraw = False
24.1484 	EXP 	Rightimg: autoDraw = False
24.1484 	EXP 	text: autoDraw = False
24.1484 	EXP 	Leftimg: pos = array([-300.,    0.])
24.1484 	EXP 	Leftimg: image = u'frogs/ab8.jpg'
24.1484 	EXP 	Rightimg: pos = array([ 300.,    0.])
24.1484 	EXP 	Rightimg: image = u'frogs/ab48.jpg'
24.1484 	EXP 	Leftimg: autoDraw = True
24.1484 	EXP 	Rightimg: autoDraw = True
24.6148 	EXP 	Leftimg: autoDraw = False
24.6148 	EXP 	Rightimg: autoDraw = False
24.9331 	DATA 	Keypress: right
24.9342 	EXP 	New trial (rep=0, index=18): {'YLeftPos': 0, 'time_presentation': 0.5, 'XLeftPos': -300, 'XRightPos': 300, 'rightimg': u'frogs/ab53.jpg', 'YRightPos': 0, 'leftimg': u'frogs/ab13.jpg'}
24.9643 	EXP 	Leftimg: autoDraw = False
24.9643 	EXP 	Rightimg: autoDraw = False
24.9643 	EXP 	text: autoDraw = False
24.9643 	EXP 	Leftimg: pos = array([-300.,    0.])
24.9643 	EXP 	Leftimg: image = u'frogs/ab13.jpg'
24.9643 	EXP 	Rightimg: pos = array([ 300.,    0.])
24.9643 	EXP 	Rightimg: image = u'frogs/ab53.jpg'
24.9643 	EXP 	Leftimg: autoDraw = True
24.9643 	EXP 	Rightimg: autoDraw = True
25.3177 	DATA 	Keypress: left
25.3328 	EXP 	New trial (rep=0, index=19): {'YLeftPos': 0, 'time_presentation': 0.5, 'XLeftPos': -300, 'XRightPos': 300, 'rightimg': u'frogs/ab41.jpg', 'YRightPos': 0, 'leftimg': u'frogs/ab1.jpg'}
25.3475 	EXP 	Leftimg: autoDraw = False
25.3475 	EXP 	Rightimg: autoDraw = False
25.3475 	EXP 	text: autoDraw = False
25.3475 	EXP 	Leftimg: pos = array([-300.,    0.])
25.3475 	EXP 	Leftimg: image = u'frogs/ab1.jpg'
25.3475 	EXP 	Rightimg: pos = array([ 300.,    0.])
25.3475 	EXP 	Rightimg: image = u'frogs/ab41.jpg'
25.3475 	EXP 	Leftimg: autoDraw = True
25.3475 	EXP 	Rightimg: autoDraw = True
25.8000 	DATA 	Keypress: right
25.8008 	EXP 	New trial (rep=0, index=20): {'YLeftPos': 0, 'time_presentation': 0.5, 'XLeftPos': -300, 'XRightPos': 300, 'rightimg': u'frogs/ab75.jpg', 'YRightPos': 0, 'leftimg': u'frogs/ab35.jpg'}
25.8317 	EXP 	Leftimg: autoDraw = False
25.8317 	EXP 	Rightimg: autoDraw = False
25.8317 	EXP 	text: autoDraw = False
25.8317 	EXP 	Leftimg: pos = array([-300.,    0.])
25.8317 	EXP 	Leftimg: image = u'frogs/ab35.jpg'
25.8317 	EXP 	Rightimg: pos = array([ 300.,    0.])
25.8317 	EXP 	Rightimg: image = u'frogs/ab75.jpg'
25.8317 	EXP 	Leftimg: autoDraw = True
25.8317 	EXP 	Rightimg: autoDraw = True
26.3001 	DATA 	Keypress: right
26.3010 	EXP 	New trial (rep=0, index=21): {'YLeftPos': 0, 'time_presentation': 0.5, 'XLeftPos': -300, 'XRightPos': 300, 'rightimg': u'frogs/ab60.jpg', 'YRightPos': 0, 'leftimg': u'frogs/ab20.jpg'}
26.3140 	EXP 	Leftimg: autoDraw = False
26.3140 	EXP 	Rightimg: autoDraw = False
26.3140 	EXP 	Leftimg: autoDraw = False
26.3140 	EXP 	Rightimg: autoDraw = False
26.3140 	EXP 	text: autoDraw = False
26.3140 	EXP 	Leftimg: pos = array([-300.,    0.])
26.3140 	EXP 	Leftimg: image = u'frogs/ab20.jpg'
26.3140 	EXP 	Rightimg: pos = array([ 300.,    0.])
26.3140 	EXP 	Rightimg: image = u'frogs/ab60.jpg'
26.3140 	EXP 	Leftimg: autoDraw = True
26.3140 	EXP 	Rightimg: autoDraw = True
26.7168 	DATA 	Keypress: left
26.7177 	EXP 	New trial (rep=0, index=22): {'YLeftPos': 0, 'time_presentation': 0.5, 'XLeftPos': -300, 'XRightPos': 300, 'rightimg': u'frogs/ab69.jpg', 'YRightPos': 0, 'leftimg': u'frogs/ab29.jpg'}
26.7485 	EXP 	Leftimg: autoDraw = False
26.7485 	EXP 	Rightimg: autoDraw = False
26.7485 	EXP 	text: autoDraw = False
26.7485 	EXP 	Leftimg: pos = array([-300.,    0.])
26.7485 	EXP 	Leftimg: image = u'frogs/ab29.jpg'
26.7485 	EXP 	Rightimg: pos = array([ 300.,    0.])
26.7485 	EXP 	Rightimg: image = u'frogs/ab69.jpg'
26.7485 	EXP 	Leftimg: autoDraw = True
26.7485 	EXP 	Rightimg: autoDraw = True
27.1660 	DATA 	Keypress: right
27.1669 	EXP 	New trial (rep=0, index=23): {'YLeftPos': 0, 'time_presentation': 0.5, 'XLeftPos': -300, 'XRightPos': 300, 'rightimg': u'frogs/ab80.jpg', 'YRightPos': 0, 'leftimg': u'frogs/ab40.jpg'}
27.1983 	EXP 	Leftimg: autoDraw = False
27.1983 	EXP 	Rightimg: autoDraw = False
27.1983 	EXP 	text: autoDraw = False
27.1983 	EXP 	Leftimg: pos = array([-300.,    0.])
27.1983 	EXP 	Leftimg: image = u'frogs/ab40.jpg'
27.1983 	EXP 	Rightimg: pos = array([ 300.,    0.])
27.1983 	EXP 	Rightimg: image = u'frogs/ab80.jpg'
27.1983 	EXP 	Leftimg: autoDraw = True
27.1983 	EXP 	Rightimg: autoDraw = True
27.5331 	DATA 	Keypress: left
27.5340 	EXP 	New trial (rep=0, index=24): {'YLeftPos': 0, 'time_presentation': 0.5, 'XLeftPos': -300, 'XRightPos': 300, 'rightimg': u'frogs/ab72.jpg', 'YRightPos': 0, 'leftimg': u'frogs/ab32.jpg'}
27.5649 	EXP 	Leftimg: autoDraw = False
27.5649 	EXP 	Rightimg: autoDraw = False
27.5649 	EXP 	text: autoDraw = False
27.5649 	EXP 	Leftimg: pos = array([-300.,    0.])
27.5649 	EXP 	Leftimg: image = u'frogs/ab32.jpg'
27.5649 	EXP 	Rightimg: pos = array([ 300.,    0.])
27.5649 	EXP 	Rightimg: image = u'frogs/ab72.jpg'
27.5649 	EXP 	Leftimg: autoDraw = True
27.5649 	EXP 	Rightimg: autoDraw = True
28.0483 	EXP 	Leftimg: autoDraw = False
28.0483 	EXP 	Rightimg: autoDraw = False
28.0667 	DATA 	Keypress: left
28.0678 	EXP 	New trial (rep=0, index=25): {'YLeftPos': 0, 'time_presentation': 0.5, 'XLeftPos': -300, 'XRightPos': 300, 'rightimg': u'frogs/ab57.jpg', 'YRightPos': 0, 'leftimg': u'frogs/ab17.jpg'}
28.1647 	EXP 	Leftimg: autoDraw = False
28.1647 	EXP 	Rightimg: autoDraw = False
28.1647 	EXP 	text: autoDraw = False
28.1647 	EXP 	Leftimg: pos = array([-300.,    0.])
28.1647 	EXP 	Leftimg: image = u'frogs/ab17.jpg'
28.1647 	EXP 	Rightimg: pos = array([ 300.,    0.])
28.1647 	EXP 	Rightimg: image = u'frogs/ab57.jpg'
28.1647 	EXP 	Leftimg: autoDraw = True
28.1647 	EXP 	Rightimg: autoDraw = True
28.4332 	DATA 	Keypress: right
28.4341 	EXP 	New trial (rep=0, index=26): {'YLeftPos': 0, 'time_presentation': 0.5, 'XLeftPos': -300, 'XRightPos': 300, 'rightimg': u'frogs/ab62.jpg', 'YRightPos': 0, 'leftimg': u'frogs/ab22.jpg'}
28.6147 	EXP 	Leftimg: autoDraw = False
28.6147 	EXP 	Rightimg: autoDraw = False
28.6147 	EXP 	text: autoDraw = False
28.6147 	EXP 	Leftimg: pos = array([-300.,    0.])
28.6147 	EXP 	Leftimg: image = u'frogs/ab22.jpg'
28.6147 	EXP 	Rightimg: pos = array([ 300.,    0.])
28.6147 	EXP 	Rightimg: image = u'frogs/ab62.jpg'
28.6147 	EXP 	Leftimg: autoDraw = True
28.6147 	EXP 	Rightimg: autoDraw = True
28.9482 	EXP 	Leftimg: autoDraw = False
28.9482 	EXP 	Rightimg: autoDraw = False
28.9670 	DATA 	Keypress: left
28.9679 	EXP 	New trial (rep=0, index=27): {'YLeftPos': 0, 'time_presentation': 0.5, 'XLeftPos': -300, 'XRightPos': 300, 'rightimg': u'frogs/ab49.jpg', 'YRightPos': 0, 'leftimg': u'frogs/ab9.jpg'}
29.1644 	EXP 	Leftimg: autoDraw = False
29.1644 	EXP 	Rightimg: autoDraw = False
29.1644 	EXP 	text: autoDraw = False
29.1644 	EXP 	Leftimg: pos = array([-300.,    0.])
29.1644 	EXP 	Leftimg: image = u'frogs/ab9.jpg'
29.1644 	EXP 	Rightimg: pos = array([ 300.,    0.])
29.1644 	EXP 	Rightimg: image = u'frogs/ab49.jpg'
29.1644 	EXP 	Leftimg: autoDraw = True
29.1644 	EXP 	Rightimg: autoDraw = True
29.4816 	EXP 	Leftimg: autoDraw = False
29.4816 	EXP 	Rightimg: autoDraw = False
29.4996 	DATA 	Keypress: right
29.5008 	EXP 	New trial (rep=0, index=28): {'YLeftPos': 0, 'time_presentation': 0.5, 'XLeftPos': -300, 'XRightPos': 300, 'rightimg': u'frogs/ab64.jpg', 'YRightPos': 0, 'leftimg': u'frogs/ab24.jpg'}
29.5313 	EXP 	Leftimg: autoDraw = False
29.5313 	EXP 	Rightimg: autoDraw = False
29.5313 	EXP 	text: autoDraw = False
29.5313 	EXP 	Leftimg: pos = array([-300.,    0.])
29.5313 	EXP 	Leftimg: image = u'frogs/ab24.jpg'
29.5313 	EXP 	Rightimg: pos = array([ 300.,    0.])
29.5313 	EXP 	Rightimg: image = u'frogs/ab64.jpg'
29.5313 	EXP 	Leftimg: autoDraw = True
29.5313 	EXP 	Rightimg: autoDraw = True
29.9998 	DATA 	Keypress: left
30.0008 	EXP 	New trial (rep=0, index=29): {'YLeftPos': 0, 'time_presentation': 0.5, 'XLeftPos': -300, 'XRightPos': 300, 'rightimg': u'frogs/ab68.jpg', 'YRightPos': 0, 'leftimg': u'frogs/ab28.jpg'}
30.0315 	EXP 	Leftimg: autoDraw = False
30.0315 	EXP 	Rightimg: autoDraw = False
30.0315 	EXP 	Leftimg: autoDraw = False
30.0315 	EXP 	Rightimg: autoDraw = False
30.0315 	EXP 	text: autoDraw = False
30.0315 	EXP 	Leftimg: pos = array([-300.,    0.])
30.0315 	EXP 	Leftimg: image = u'frogs/ab28.jpg'
30.0315 	EXP 	Rightimg: pos = array([ 300.,    0.])
30.0315 	EXP 	Rightimg: image = u'frogs/ab68.jpg'
30.0315 	EXP 	Leftimg: autoDraw = True
30.0315 	EXP 	Rightimg: autoDraw = True
30.2169 	DATA 	Keypress: left
30.2178 	EXP 	New trial (rep=0, index=30): {'YLeftPos': 0, 'time_presentation': 0.5, 'XLeftPos': -300, 'XRightPos': 300, 'rightimg': u'frogs/ab74.jpg', 'YRightPos': 0, 'leftimg': u'frogs/ab34.jpg'}
30.2980 	EXP 	Leftimg: autoDraw = False
30.2980 	EXP 	Rightimg: autoDraw = False
30.2980 	EXP 	text: autoDraw = False
30.2980 	EXP 	Leftimg: pos = array([-300.,    0.])
30.2980 	EXP 	Leftimg: image = u'frogs/ab34.jpg'
30.2980 	EXP 	Rightimg: pos = array([ 300.,    0.])
30.2980 	EXP 	Rightimg: image = u'frogs/ab74.jpg'
30.2980 	EXP 	Leftimg: autoDraw = True
30.2980 	EXP 	Rightimg: autoDraw = True
30.7171 	DATA 	Keypress: right
30.7180 	EXP 	New trial (rep=0, index=31): {'YLeftPos': 0, 'time_presentation': 0.5, 'XLeftPos': -300, 'XRightPos': 300, 'rightimg': u'frogs/ab52.jpg', 'YRightPos': 0, 'leftimg': u'frogs/ab12.jpg'}
30.7309 	EXP 	Leftimg: autoDraw = False
30.7309 	EXP 	Rightimg: autoDraw = False
30.7309 	EXP 	Leftimg: autoDraw = False
30.7309 	EXP 	Rightimg: autoDraw = False
30.7309 	EXP 	text: autoDraw = False
30.7309 	EXP 	Leftimg: pos = array([-300.,    0.])
30.7309 	EXP 	Leftimg: image = u'frogs/ab12.jpg'
30.7309 	EXP 	Rightimg: pos = array([ 300.,    0.])
30.7309 	EXP 	Rightimg: image = u'frogs/ab52.jpg'
30.7309 	EXP 	Leftimg: autoDraw = True
30.7309 	EXP 	Rightimg: autoDraw = True
31.2310 	EXP 	Leftimg: autoDraw = False
31.2310 	EXP 	Rightimg: autoDraw = False
31.2326 	DATA 	Keypress: left
31.2338 	EXP 	New trial (rep=0, index=32): {'YLeftPos': 0, 'time_presentation': 0.5, 'XLeftPos': -300, 'XRightPos': 300, 'rightimg': u'frogs/ab54.jpg', 'YRightPos': 0, 'leftimg': u'frogs/ab14.jpg'}
31.2642 	EXP 	Leftimg: autoDraw = False
31.2642 	EXP 	Rightimg: autoDraw = False
31.2642 	EXP 	text: autoDraw = False
31.2642 	EXP 	Leftimg: pos = array([-300.,    0.])
31.2642 	EXP 	Leftimg: image = u'frogs/ab14.jpg'
31.2642 	EXP 	Rightimg: pos = array([ 300.,    0.])
31.2642 	EXP 	Rightimg: image = u'frogs/ab54.jpg'
31.2642 	EXP 	Leftimg: autoDraw = True
31.2642 	EXP 	Rightimg: autoDraw = True
31.6823 	DATA 	Keypress: right
31.6832 	EXP 	New trial (rep=0, index=33): {'YLeftPos': 0, 'time_presentation': 0.5, 'XLeftPos': -300, 'XRightPos': 300, 'rightimg': u'frogs/ab61.jpg', 'YRightPos': 0, 'leftimg': u'frogs/ab21.jpg'}
31.7147 	EXP 	Leftimg: autoDraw = False
31.7147 	EXP 	Rightimg: autoDraw = False
31.7147 	EXP 	text: autoDraw = False
31.7147 	EXP 	Leftimg: pos = array([-300.,    0.])
31.7147 	EXP 	Leftimg: image = u'frogs/ab21.jpg'
31.7147 	EXP 	Rightimg: pos = array([ 300.,    0.])
31.7147 	EXP 	Rightimg: image = u'frogs/ab61.jpg'
31.7147 	EXP 	Leftimg: autoDraw = True
31.7147 	EXP 	Rightimg: autoDraw = True
32.1830 	DATA 	Keypress: left
32.1840 	EXP 	New trial (rep=0, index=34): {'YLeftPos': 0, 'time_presentation': 0.5, 'XLeftPos': -300, 'XRightPos': 300, 'rightimg': u'frogs/ab76.jpg', 'YRightPos': 0, 'leftimg': u'frogs/ab36.jpg'}
32.2315 	EXP 	Leftimg: autoDraw = False
32.2315 	EXP 	Rightimg: autoDraw = False
32.2315 	EXP 	Leftimg: autoDraw = False
32.2315 	EXP 	Rightimg: autoDraw = False
32.2315 	EXP 	text: autoDraw = False
32.2315 	EXP 	Leftimg: pos = array([-300.,    0.])
32.2315 	EXP 	Leftimg: image = u'frogs/ab36.jpg'
32.2315 	EXP 	Rightimg: pos = array([ 300.,    0.])
32.2315 	EXP 	Rightimg: image = u'frogs/ab76.jpg'
32.2315 	EXP 	Leftimg: autoDraw = True
32.2315 	EXP 	Rightimg: autoDraw = True
32.5503 	DATA 	Keypress: right
32.5512 	EXP 	New trial (rep=0, index=35): {'YLeftPos': 0, 'time_presentation': 0.5, 'XLeftPos': -300, 'XRightPos': 300, 'rightimg': u'frogs/ab59.jpg', 'YRightPos': 0, 'leftimg': u'frogs/ab19.jpg'}
32.5982 	EXP 	Leftimg: autoDraw = False
32.5982 	EXP 	Rightimg: autoDraw = False
32.5982 	EXP 	text: autoDraw = False
32.5982 	EXP 	Leftimg: pos = array([-300.,    0.])
32.5982 	EXP 	Leftimg: image = u'frogs/ab19.jpg'
32.5982 	EXP 	Rightimg: pos = array([ 300.,    0.])
32.5982 	EXP 	Rightimg: image = u'frogs/ab59.jpg'
32.5982 	EXP 	Leftimg: autoDraw = True
32.5982 	EXP 	Rightimg: autoDraw = True
32.8833 	DATA 	Keypress: left
32.8843 	EXP 	New trial (rep=0, index=36): {'YLeftPos': 0, 'time_presentation': 0.5, 'XLeftPos': -300, 'XRightPos': 300, 'rightimg': u'frogs/ab70.jpg', 'YRightPos': 0, 'leftimg': u'frogs/ab30.jpg'}
32.8983 	EXP 	Leftimg: autoDraw = False
32.8983 	EXP 	Rightimg: autoDraw = False
32.8983 	EXP 	text: autoDraw = False
32.8983 	EXP 	Leftimg: pos = array([-300.,    0.])
32.8983 	EXP 	Leftimg: image = u'frogs/ab30.jpg'
32.8983 	EXP 	Rightimg: pos = array([ 300.,    0.])
32.8983 	EXP 	Rightimg: image = u'frogs/ab70.jpg'
32.8983 	EXP 	Leftimg: autoDraw = True
32.8983 	EXP 	Rightimg: autoDraw = True
33.2675 	DATA 	Keypress: right
33.2826 	EXP 	New trial (rep=0, index=37): {'YLeftPos': 0, 'time_presentation': 0.5, 'XLeftPos': -300, 'XRightPos': 300, 'rightimg': u'frogs/ab73.jpg', 'YRightPos': 0, 'leftimg': u'frogs/ab33.jpg'}
33.3809 	EXP 	Leftimg: autoDraw = False
33.3809 	EXP 	Rightimg: autoDraw = False
33.3809 	EXP 	text: autoDraw = False
33.3809 	EXP 	Leftimg: pos = array([-300.,    0.])
33.3809 	EXP 	Leftimg: image = u'frogs/ab33.jpg'
33.3809 	EXP 	Rightimg: pos = array([ 300.,    0.])
33.3809 	EXP 	Rightimg: image = u'frogs/ab73.jpg'
33.3809 	EXP 	Leftimg: autoDraw = True
33.3809 	EXP 	Rightimg: autoDraw = True
33.7983 	EXP 	Leftimg: autoDraw = False
33.7983 	EXP 	Rightimg: autoDraw = False
33.8843 	DATA 	Keypress: left
33.8996 	EXP 	New trial (rep=0, index=38): {'YLeftPos': 0, 'time_presentation': 0.5, 'XLeftPos': -300, 'XRightPos': 300, 'rightimg': u'frogs/ab47.jpg', 'YRightPos': 0, 'leftimg': u'frogs/ab7.jpg'}
34.2817 	EXP 	Leftimg: autoDraw = False
34.2817 	EXP 	Rightimg: autoDraw = False
34.2817 	EXP 	text: autoDraw = False
34.2817 	EXP 	Leftimg: pos = array([-300.,    0.])
34.2817 	EXP 	Leftimg: image = u'frogs/ab7.jpg'
34.2817 	EXP 	Rightimg: pos = array([ 300.,    0.])
34.2817 	EXP 	Rightimg: image = u'frogs/ab47.jpg'
34.2817 	EXP 	Leftimg: autoDraw = True
34.2817 	EXP 	Rightimg: autoDraw = True
34.4150 	EXP 	Leftimg: autoDraw = False
34.4150 	EXP 	Rightimg: autoDraw = False
35.7334 	DATA 	Keypress: right
35.7346 	EXP 	New trial (rep=0, index=39): {'YLeftPos': 0, 'time_presentation': 0.5, 'XLeftPos': -300, 'XRightPos': 300, 'rightimg': u'frogs/ab77.jpg', 'YRightPos': 0, 'leftimg': u'frogs/ab37.jpg'}
35.7981 	EXP 	Leftimg: autoDraw = False
35.7981 	EXP 	Rightimg: autoDraw = False
35.7981 	EXP 	text: autoDraw = False
35.7981 	EXP 	Leftimg: pos = array([-300.,    0.])
35.7981 	EXP 	Leftimg: image = u'frogs/ab37.jpg'
35.7981 	EXP 	Rightimg: pos = array([ 300.,    0.])
35.7981 	EXP 	Rightimg: image = u'frogs/ab77.jpg'
35.7981 	EXP 	Leftimg: autoDraw = True
35.7981 	EXP 	Rightimg: autoDraw = True
36.2482 	EXP 	Leftimg: autoDraw = False
36.2482 	EXP 	Rightimg: autoDraw = False
36.2994 	DATA 	Keypress: left
36.3004 	EXP 	New trial (rep=0, index=40): {'YLeftPos': 0, 'time_presentation': 0.5, 'XLeftPos': -300, 'XRightPos': 300, 'rightimg': u'frogs/ab42.jpg', 'YRightPos': 0, 'leftimg': u'frogs/ab2.jpg'}
36.6315 	EXP 	Leftimg: autoDraw = False
36.6315 	EXP 	Rightimg: autoDraw = False
36.6315 	EXP 	text: autoDraw = False
36.6315 	EXP 	Leftimg: pos = array([-300.,    0.])
36.6315 	EXP 	Leftimg: image = u'frogs/ab2.jpg'
36.6315 	EXP 	Rightimg: pos = array([ 300.,    0.])
36.6315 	EXP 	Rightimg: image = u'frogs/ab42.jpg'
36.6315 	EXP 	Leftimg: autoDraw = True
36.6315 	EXP 	Rightimg: autoDraw = True
36.8149 	EXP 	Leftimg: autoDraw = False
36.8149 	EXP 	Rightimg: autoDraw = False
36.9498 	DATA 	Keypress: right
36.9510 	EXP 	New trial (rep=0, index=41): {'YLeftPos': 0, 'time_presentation': 0.5, 'XLeftPos': -300, 'XRightPos': 300, 'rightimg': u'frogs/ab79.jpg', 'YRightPos': 0, 'leftimg': u'frogs/ab39.jpg'}
36.9980 	EXP 	Leftimg: autoDraw = False
36.9980 	EXP 	Rightimg: autoDraw = False
36.9980 	EXP 	text: autoDraw = False
36.9980 	EXP 	Leftimg: pos = array([-300.,    0.])
36.9980 	EXP 	Leftimg: image = u'frogs/ab39.jpg'
36.9980 	EXP 	Rightimg: pos = array([ 300.,    0.])
36.9980 	EXP 	Rightimg: image = u'frogs/ab79.jpg'
36.9980 	EXP 	Leftimg: autoDraw = True
36.9980 	EXP 	Rightimg: autoDraw = True
37.4167 	DATA 	Keypress: left
37.4176 	EXP 	New trial (rep=0, index=42): {'YLeftPos': 0, 'time_presentation': 0.5, 'XLeftPos': -300, 'XRightPos': 300, 'rightimg': u'frogs/ab44.jpg', 'YRightPos': 0, 'leftimg': u'frogs/ab4.jpg'}
37.4481 	EXP 	Leftimg: autoDraw = False
37.4481 	EXP 	Rightimg: autoDraw = False
37.4481 	EXP 	text: autoDraw = False
37.4481 	EXP 	Leftimg: pos = array([-300.,    0.])
37.4481 	EXP 	Leftimg: image = u'frogs/ab4.jpg'
37.4481 	EXP 	Rightimg: pos = array([ 300.,    0.])
37.4481 	EXP 	Rightimg: image = u'frogs/ab44.jpg'
37.4481 	EXP 	Leftimg: autoDraw = True
37.4481 	EXP 	Rightimg: autoDraw = True
37.9000 	DATA 	Keypress: right
37.9009 	EXP 	New trial (rep=0, index=43): {'YLeftPos': 0, 'time_presentation': 0.5, 'XLeftPos': -300, 'XRightPos': 300, 'rightimg': u'frogs/ab51.jpg', 'YRightPos': 0, 'leftimg': u'frogs/ab11.jpg'}
37.9814 	EXP 	Leftimg: autoDraw = False
37.9814 	EXP 	Rightimg: autoDraw = False
37.9814 	EXP 	text: autoDraw = False
37.9814 	EXP 	Leftimg: pos = array([-300.,    0.])
37.9814 	EXP 	Leftimg: image = u'frogs/ab11.jpg'
37.9814 	EXP 	Rightimg: pos = array([ 300.,    0.])
37.9814 	EXP 	Rightimg: image = u'frogs/ab51.jpg'
37.9814 	EXP 	Leftimg: autoDraw = True
37.9814 	EXP 	Rightimg: autoDraw = True
38.3664 	DATA 	Keypress: left
38.4363 	EXP 	window1: blendMode = 'avg'
38.4479 	EXP 	Leftimg: autoDraw = False
38.4479 	EXP 	Rightimg: autoDraw = False
38.4479 	EXP 	text: autoDraw = False
38.4479 	EXP 	text_3: autoDraw = True
38.4490 	EXP 	window1: blendMode = 'avg'
38.4653 	EXP 	window1: blendMode = 'avg'
38.4819 	EXP 	window1: blendMode = 'avg'
38.4995 	EXP 	window1: blendMode = 'avg'
38.5156 	EXP 	window1: blendMode = 'avg'
38.5317 	EXP 	window1: blendMode = 'avg'
38.5493 	EXP 	window1: blendMode = 'avg'
38.5659 	EXP 	window1: blendMode = 'avg'
38.5827 	EXP 	window1: blendMode = 'avg'
38.5994 	EXP 	window1: blendMode = 'avg'
38.6162 	EXP 	window1: blendMode = 'avg'
38.6328 	EXP 	window1: blendMode = 'avg'
38.6493 	EXP 	window1: blendMode = 'avg'
38.6662 	EXP 	window1: blendMode = 'avg'
38.6826 	EXP 	window1: blendMode = 'avg'
38.6994 	EXP 	window1: blendMode = 'avg'
38.7160 	EXP 	window1: blendMode = 'avg'
38.7329 	EXP 	window1: blendMode = 'avg'
38.7493 	EXP 	window1: blendMode = 'avg'
38.7661 	EXP 	window1: blendMode = 'avg'
38.7825 	EXP 	window1: blendMode = 'avg'
38.7993 	EXP 	window1: blendMode = 'avg'
38.8168 	DATA 	Keypress: right
38.8175 	EXP 	window1: blendMode = 'avg'
38.8326 	EXP 	window1: blendMode = 'avg'
38.8493 	EXP 	window1: blendMode = 'avg'
38.8658 	EXP 	window1: blendMode = 'avg'
38.8826 	EXP 	window1: blendMode = 'avg'
38.8992 	EXP 	window1: blendMode = 'avg'
38.9159 	EXP 	window1: blendMode = 'avg'
38.9327 	EXP 	window1: blendMode = 'avg'
38.9493 	EXP 	window1: blendMode = 'avg'
38.9662 	EXP 	window1: blendMode = 'avg'
38.9826 	EXP 	window1: blendMode = 'avg'
38.9995 	EXP 	window1: blendMode = 'avg'
39.0157 	EXP 	window1: blendMode = 'avg'
39.0326 	EXP 	window1: blendMode = 'avg'
39.0493 	EXP 	window1: blendMode = 'avg'
39.0659 	EXP 	window1: blendMode = 'avg'
39.0825 	EXP 	window1: blendMode = 'avg'
39.0993 	EXP 	window1: blendMode = 'avg'
39.1160 	EXP 	window1: blendMode = 'avg'
39.1328 	EXP 	window1: blendMode = 'avg'
39.1493 	EXP 	window1: blendMode = 'avg'
39.1661 	EXP 	window1: blendMode = 'avg'
39.1826 	EXP 	window1: blendMode = 'avg'
39.1995 	EXP 	window1: blendMode = 'avg'
39.2150 	EXP 	window1: blendMode = 'avg'
39.2325 	EXP 	window1: blendMode = 'avg'
39.2491 	EXP 	window1: blendMode = 'avg'
39.2659 	EXP 	window1: blendMode = 'avg'
39.2828 	EXP 	window1: blendMode = 'avg'
39.2995 	EXP 	window1: blendMode = 'avg'
39.3159 	EXP 	window1: blendMode = 'avg'
39.3328 	EXP 	window1: blendMode = 'avg'
39.3495 	EXP 	window1: blendMode = 'avg'
39.3659 	EXP 	window1: blendMode = 'avg'
39.3826 	EXP 	window1: blendMode = 'avg'
39.3995 	EXP 	window1: blendMode = 'avg'
39.4154 	EXP 	window1: blendMode = 'avg'
39.4319 	EXP 	window1: blendMode = 'avg'
39.4488 	EXP 	window1: blendMode = 'avg'
39.4658 	EXP 	window1: blendMode = 'avg'
39.4827 	EXP 	window1: blendMode = 'avg'
39.4991 	EXP 	window1: blendMode = 'avg'
39.5162 	EXP 	window1: blendMode = 'avg'
39.5328 	EXP 	window1: blendMode = 'avg'
39.5485 	EXP 	window1: blendMode = 'avg'
39.5655 	EXP 	window1: blendMode = 'avg'
39.5815 	EXP 	window1: blendMode = 'avg'
39.5995 	EXP 	window1: blendMode = 'avg'
39.6145 	EXP 	window1: blendMode = 'avg'
39.6314 	EXP 	window1: blendMode = 'avg'
39.6484 	EXP 	window1: blendMode = 'avg'
39.6651 	EXP 	window1: blendMode = 'avg'
39.6827 	EXP 	window1: blendMode = 'avg'
39.6993 	EXP 	window1: blendMode = 'avg'
39.7160 	EXP 	window1: blendMode = 'avg'
39.7328 	EXP 	window1: blendMode = 'avg'
39.7493 	EXP 	window1: blendMode = 'avg'
39.7658 	EXP 	window1: blendMode = 'avg'
39.7827 	EXP 	window1: blendMode = 'avg'
39.7986 	EXP 	window1: blendMode = 'avg'
39.8159 	EXP 	window1: blendMode = 'avg'
39.8326 	EXP 	window1: blendMode = 'avg'
39.8493 	EXP 	window1: blendMode = 'avg'
39.8656 	EXP 	window1: blendMode = 'avg'
39.8826 	EXP 	window1: blendMode = 'avg'
39.8995 	EXP 	window1: blendMode = 'avg'
39.9164 	EXP 	window1: blendMode = 'avg'
39.9322 	EXP 	window1: blendMode = 'avg'
39.9489 	EXP 	window1: blendMode = 'avg'
39.9659 	EXP 	window1: blendMode = 'avg'
39.9826 	EXP 	window1: blendMode = 'avg'
39.9995 	EXP 	window1: blendMode = 'avg'
40.0161 	EXP 	window1: blendMode = 'avg'
40.0328 	EXP 	window1: blendMode = 'avg'
40.0492 	EXP 	window1: blendMode = 'avg'
40.0661 	EXP 	window1: blendMode = 'avg'
40.0825 	EXP 	window1: blendMode = 'avg'
40.0993 	EXP 	window1: blendMode = 'avg'
40.1158 	EXP 	window1: blendMode = 'avg'
40.1324 	EXP 	window1: blendMode = 'avg'
40.1490 	EXP 	window1: blendMode = 'avg'
40.1660 	EXP 	window1: blendMode = 'avg'
40.1826 	EXP 	window1: blendMode = 'avg'
40.1995 	EXP 	window1: blendMode = 'avg'
40.2161 	EXP 	window1: blendMode = 'avg'
40.2328 	EXP 	window1: blendMode = 'avg'
40.2492 	EXP 	window1: blendMode = 'avg'
40.2661 	EXP 	window1: blendMode = 'avg'
40.2825 	EXP 	window1: blendMode = 'avg'
40.2995 	EXP 	window1: blendMode = 'avg'
40.3159 	EXP 	window1: blendMode = 'avg'
40.3328 	EXP 	window1: blendMode = 'avg'
40.3494 	EXP 	window1: blendMode = 'avg'
40.3661 	EXP 	window1: blendMode = 'avg'
40.3825 	EXP 	window1: blendMode = 'avg'
40.3994 	EXP 	window1: blendMode = 'avg'
40.4156 	EXP 	window1: blendMode = 'avg'
40.4320 	EXP 	window1: blendMode = 'avg'
40.4491 	EXP 	window1: blendMode = 'avg'
40.4660 	EXP 	window1: blendMode = 'avg'
40.4825 	EXP 	window1: blendMode = 'avg'
40.4984 	EXP 	window1: blendMode = 'avg'
40.5165 	EXP 	window1: blendMode = 'avg'
40.5324 	EXP 	window1: blendMode = 'avg'
40.5487 	EXP 	window1: blendMode = 'avg'
40.5648 	EXP 	window1: blendMode = 'avg'
40.5814 	EXP 	window1: blendMode = 'avg'
40.5991 	EXP 	window1: blendMode = 'avg'
40.6152 	EXP 	window1: blendMode = 'avg'
40.6319 	EXP 	window1: blendMode = 'avg'
40.6486 	EXP 	window1: blendMode = 'avg'
40.6657 	EXP 	window1: blendMode = 'avg'
40.6824 	EXP 	window1: blendMode = 'avg'
40.6991 	EXP 	window1: blendMode = 'avg'
40.7154 	EXP 	window1: blendMode = 'avg'
40.7326 	EXP 	window1: blendMode = 'avg'
40.7492 	EXP 	window1: blendMode = 'avg'
40.7666 	EXP 	window1: blendMode = 'avg'
40.7822 	EXP 	window1: blendMode = 'avg'
40.7982 	EXP 	window1: blendMode = 'avg'
40.8150 	EXP 	window1: blendMode = 'avg'
40.8323 	EXP 	window1: blendMode = 'avg'
40.8486 	EXP 	window1: blendMode = 'avg'
40.8657 	EXP 	window1: blendMode = 'avg'
40.8824 	EXP 	window1: blendMode = 'avg'
40.8991 	EXP 	window1: blendMode = 'avg'
40.9157 	EXP 	window1: blendMode = 'avg'
40.9326 	EXP 	window1: blendMode = 'avg'
40.9495 	EXP 	window1: blendMode = 'avg'
40.9661 	EXP 	window1: blendMode = 'avg'
40.9825 	EXP 	window1: blendMode = 'avg'
40.9991 	EXP 	window1: blendMode = 'avg'
41.0158 	EXP 	window1: blendMode = 'avg'
41.0320 	EXP 	window1: blendMode = 'avg'
41.0485 	EXP 	window1: blendMode = 'avg'
41.0656 	EXP 	window1: blendMode = 'avg'
41.0824 	EXP 	window1: blendMode = 'avg'
41.0990 	EXP 	window1: blendMode = 'avg'
41.1159 	EXP 	window1: blendMode = 'avg'
41.1324 	EXP 	window1: blendMode = 'avg'
41.1490 	EXP 	window1: blendMode = 'avg'
41.1653 	EXP 	window1: blendMode = 'avg'
41.1817 	EXP 	window1: blendMode = 'avg'
41.1990 	EXP 	window1: blendMode = 'avg'
41.2159 	EXP 	window1: blendMode = 'avg'
41.2328 	EXP 	window1: blendMode = 'avg'
41.2492 	EXP 	window1: blendMode = 'avg'
41.2662 	EXP 	window1: blendMode = 'avg'
41.2826 	EXP 	window1: blendMode = 'avg'
41.2995 	EXP 	window1: blendMode = 'avg'
41.3149 	EXP 	window1: blendMode = 'avg'
41.3327 	EXP 	window1: blendMode = 'avg'
41.3491 	EXP 	window1: blendMode = 'avg'
41.3652 	EXP 	window1: blendMode = 'avg'
41.3817 	EXP 	window1: blendMode = 'avg'
41.3988 	EXP 	window1: blendMode = 'avg'
41.4153 	EXP 	window1: blendMode = 'avg'
41.4327 	EXP 	window1: blendMode = 'avg'
41.4491 	EXP 	window1: blendMode = 'avg'
41.4657 	EXP 	window1: blendMode = 'avg'
41.4825 	EXP 	window1: blendMode = 'avg'
41.4989 	EXP 	window1: blendMode = 'avg'
41.5157 	EXP 	window1: blendMode = 'avg'
41.5326 	EXP 	window1: blendMode = 'avg'
41.5493 	EXP 	window1: blendMode = 'avg'
41.5659 	EXP 	window1: blendMode = 'avg'
41.5824 	EXP 	window1: blendMode = 'avg'
41.5995 	EXP 	window1: blendMode = 'avg'
41.6162 	EXP 	window1: blendMode = 'avg'
41.6328 	EXP 	window1: blendMode = 'avg'
41.6491 	EXP 	window1: blendMode = 'avg'
41.6657 	EXP 	window1: blendMode = 'avg'
41.6825 	EXP 	window1: blendMode = 'avg'
41.6994 	EXP 	window1: blendMode = 'avg'
41.7160 	EXP 	window1: blendMode = 'avg'
41.7322 	EXP 	window1: blendMode = 'avg'
41.7491 	EXP 	window1: blendMode = 'avg'
41.7661 	EXP 	window1: blendMode = 'avg'
41.7828 	EXP 	window1: blendMode = 'avg'
41.7988 	EXP 	window1: blendMode = 'avg'
41.8153 	EXP 	window1: blendMode = 'avg'
41.8324 	EXP 	window1: blendMode = 'avg'
41.8493 	EXP 	window1: blendMode = 'avg'
41.8659 	EXP 	window1: blendMode = 'avg'
41.8825 	EXP 	window1: blendMode = 'avg'
41.8994 	EXP 	window1: blendMode = 'avg'
41.9161 	EXP 	window1: blendMode = 'avg'
41.9325 	EXP 	window1: blendMode = 'avg'
41.9493 	EXP 	window1: blendMode = 'avg'
41.9661 	EXP 	window1: blendMode = 'avg'
41.9825 	EXP 	window1: blendMode = 'avg'
41.9993 	EXP 	window1: blendMode = 'avg'
42.0159 	EXP 	window1: blendMode = 'avg'
42.0328 	EXP 	window1: blendMode = 'avg'
42.0492 	EXP 	window1: blendMode = 'avg'
42.0662 	EXP 	window1: blendMode = 'avg'
42.0823 	EXP 	window1: blendMode = 'avg'
42.0981 	EXP 	window1: blendMode = 'avg'
42.1159 	EXP 	window1: blendMode = 'avg'
42.1328 	EXP 	window1: blendMode = 'avg'
42.1479 	EXP 	window1: blendMode = 'avg'
42.1659 	EXP 	window1: blendMode = 'avg'
42.1825 	EXP 	window1: blendMode = 'avg'
42.1991 	EXP 	window1: blendMode = 'avg'
42.2158 	EXP 	window1: blendMode = 'avg'
42.2324 	EXP 	window1: blendMode = 'avg'
42.2491 	EXP 	window1: blendMode = 'avg'
42.2661 	EXP 	window1: blendMode = 'avg'
42.2826 	EXP 	window1: blendMode = 'avg'
42.2985 	EXP 	window1: blendMode = 'avg'
42.3148 	EXP 	window1: blendMode = 'avg'
42.3327 	EXP 	window1: blendMode = 'avg'
42.3494 	EXP 	window1: blendMode = 'avg'
42.3660 	EXP 	window1: blendMode = 'avg'
42.3825 	EXP 	window1: blendMode = 'avg'
42.3993 	EXP 	window1: blendMode = 'avg'
42.4161 	EXP 	window1: blendMode = 'avg'
42.4326 	EXP 	window1: blendMode = 'avg'
42.4490 	EXP 	window1: blendMode = 'avg'
42.4660 	EXP 	window1: blendMode = 'avg'
42.4827 	EXP 	window1: blendMode = 'avg'
42.4994 	EXP 	window1: blendMode = 'avg'
42.5158 	EXP 	window1: blendMode = 'avg'
42.5328 	EXP 	window1: blendMode = 'avg'
42.5492 	EXP 	window1: blendMode = 'avg'
42.5661 	EXP 	window1: blendMode = 'avg'
42.5826 	EXP 	window1: blendMode = 'avg'
42.5992 	EXP 	window1: blendMode = 'avg'
42.6157 	EXP 	window1: blendMode = 'avg'
42.6326 	EXP 	window1: blendMode = 'avg'
42.6484 	EXP 	window1: blendMode = 'avg'
42.6661 	EXP 	window1: blendMode = 'avg'
42.6825 	EXP 	window1: blendMode = 'avg'
42.6993 	EXP 	window1: blendMode = 'avg'
42.7165 	EXP 	window1: blendMode = 'avg'
42.7326 	EXP 	window1: blendMode = 'avg'
42.7490 	EXP 	window1: blendMode = 'avg'
42.7656 	EXP 	window1: blendMode = 'avg'
42.7826 	EXP 	window1: blendMode = 'avg'
42.7987 	EXP 	window1: blendMode = 'avg'
42.8153 	EXP 	window1: blendMode = 'avg'
42.8326 	EXP 	window1: blendMode = 'avg'
42.8493 	EXP 	window1: blendMode = 'avg'
42.8662 	EXP 	window1: blendMode = 'avg'
42.8826 	EXP 	window1: blendMode = 'avg'
42.8984 	EXP 	window1: blendMode = 'avg'
42.9154 	EXP 	window1: blendMode = 'avg'
42.9320 	EXP 	window1: blendMode = 'avg'
42.9490 	EXP 	window1: blendMode = 'avg'
42.9659 	EXP 	window1: blendMode = 'avg'
42.9828 	EXP 	window1: blendMode = 'avg'
42.9993 	EXP 	window1: blendMode = 'avg'
43.0157 	EXP 	window1: blendMode = 'avg'
43.0327 	EXP 	window1: blendMode = 'avg'
43.0484 	EXP 	window1: blendMode = 'avg'
43.0660 	EXP 	window1: blendMode = 'avg'
43.0819 	EXP 	window1: blendMode = 'avg'
43.0988 	EXP 	window1: blendMode = 'avg'
43.1159 	EXP 	window1: blendMode = 'avg'
43.1328 	EXP 	window1: blendMode = 'avg'
43.1492 	EXP 	window1: blendMode = 'avg'
43.1657 	EXP 	window1: blendMode = 'avg'
43.1823 	EXP 	window1: blendMode = 'avg'
43.1993 	EXP 	window1: blendMode = 'avg'
43.2161 	EXP 	window1: blendMode = 'avg'
43.2328 	EXP 	window1: blendMode = 'avg'
43.2496 	EXP 	window1: blendMode = 'avg'
43.2656 	EXP 	window1: blendMode = 'avg'
43.2826 	EXP 	window1: blendMode = 'avg'
43.2994 	EXP 	window1: blendMode = 'avg'
43.3154 	EXP 	window1: blendMode = 'avg'
43.3315 	EXP 	window1: blendMode = 'avg'
43.3489 	EXP 	window1: blendMode = 'avg'
43.3659 	EXP 	window1: blendMode = 'avg'
43.3827 	EXP 	window1: blendMode = 'avg'
43.3991 	EXP 	window1: blendMode = 'avg'
43.4159 	EXP 	window1: blendMode = 'avg'
43.4327 	EXP 	window1: blendMode = 'avg'
43.4493 	EXP 	window1: blendMode = 'avg'
43.4654 	EXP 	window1: blendMode = 'avg'
43.4821 	EXP 	window1: blendMode = 'avg'
43.4988 	EXP 	window1: blendMode = 'avg'
43.5157 	EXP 	window1: blendMode = 'avg'
43.5326 	EXP 	window1: blendMode = 'avg'
43.5491 	EXP 	window1: blendMode = 'avg'
43.5660 	EXP 	window1: blendMode = 'avg'
43.5824 	EXP 	window1: blendMode = 'avg'
43.5990 	EXP 	window1: blendMode = 'avg'
43.6159 	EXP 	window1: blendMode = 'avg'
43.6328 	EXP 	window1: blendMode = 'avg'
43.6492 	EXP 	window1: blendMode = 'avg'
43.6651 	EXP 	window1: blendMode = 'avg'
43.6826 	EXP 	window1: blendMode = 'avg'
43.6983 	EXP 	window1: blendMode = 'avg'
43.7159 	EXP 	window1: blendMode = 'avg'
43.7328 	EXP 	window1: blendMode = 'avg'
43.7492 	EXP 	window1: blendMode = 'avg'
43.7654 	EXP 	window1: blendMode = 'avg'
43.7817 	EXP 	window1: blendMode = 'avg'
43.7975 	EXP 	window1: blendMode = 'avg'
43.8158 	EXP 	window1: blendMode = 'avg'
43.8325 	EXP 	window1: blendMode = 'avg'
43.8488 	EXP 	window1: blendMode = 'avg'
43.8659 	EXP 	window1: blendMode = 'avg'
43.8828 	EXP 	window1: blendMode = 'avg'
43.8994 	EXP 	window1: blendMode = 'avg'
43.9158 	EXP 	window1: blendMode = 'avg'
43.9327 	EXP 	window1: blendMode = 'avg'
43.9492 	EXP 	window1: blendMode = 'avg'
43.9653 	EXP 	window1: blendMode = 'avg'
43.9820 	EXP 	window1: blendMode = 'avg'
43.9987 	EXP 	window1: blendMode = 'avg'
44.0156 	EXP 	window1: blendMode = 'avg'
44.0326 	EXP 	window1: blendMode = 'avg'
44.0496 	EXP 	window1: blendMode = 'avg'
44.0649 	EXP 	window1: blendMode = 'avg'
44.0813 	EXP 	window1: blendMode = 'avg'
44.0988 	EXP 	window1: blendMode = 'avg'
44.1156 	EXP 	window1: blendMode = 'avg'
44.1323 	EXP 	window1: blendMode = 'avg'
44.1490 	EXP 	window1: blendMode = 'avg'
44.1659 	EXP 	window1: blendMode = 'avg'
44.1825 	EXP 	window1: blendMode = 'avg'
44.1994 	EXP 	window1: blendMode = 'avg'
44.2149 	EXP 	window1: blendMode = 'avg'
44.2311 	EXP 	window1: blendMode = 'avg'
44.2484 	EXP 	window1: blendMode = 'avg'
44.2644 	EXP 	window1: blendMode = 'avg'
44.2815 	EXP 	window1: blendMode = 'avg'
44.2979 	EXP 	window1: blendMode = 'avg'
44.3148 	EXP 	window1: blendMode = 'avg'
44.3311 	EXP 	window1: blendMode = 'avg'
44.3479 	EXP 	window1: blendMode = 'avg'
44.3647 	EXP 	window1: blendMode = 'avg'
44.3813 	EXP 	window1: blendMode = 'avg'
44.3983 	EXP 	window1: blendMode = 'avg'
44.4151 	EXP 	window1: blendMode = 'avg'
44.4324 	EXP 	window1: blendMode = 'avg'
44.4491 	EXP 	window1: blendMode = 'avg'
44.4659 	EXP 	window1: blendMode = 'avg'
44.4826 	EXP 	window1: blendMode = 'avg'
44.4992 	EXP 	window1: blendMode = 'avg'
44.5157 	EXP 	window1: blendMode = 'avg'
44.5325 	EXP 	window1: blendMode = 'avg'
44.5492 	EXP 	window1: blendMode = 'avg'
44.5658 	EXP 	window1: blendMode = 'avg'
44.5827 	EXP 	window1: blendMode = 'avg'
44.5990 	EXP 	window1: blendMode = 'avg'
44.6159 	EXP 	window1: blendMode = 'avg'
44.6328 	EXP 	window1: blendMode = 'avg'
44.6492 	EXP 	window1: blendMode = 'avg'
44.6660 	EXP 	window1: blendMode = 'avg'
44.6825 	EXP 	window1: blendMode = 'avg'
44.6992 	EXP 	window1: blendMode = 'avg'
44.7170 	DATA 	Keypress: escape
44.8247 	EXP 	window1: mouseVisible = True
