13.6530 	EXP 	Created window1 = Window(allowGUI=False, allowStencil=False, autoLog=True, bitsMode=UNKNOWN, blendMode='avg', color=array([ 0.,  0.,  0.]), colorSpace='rgb', fullscr=UNKNOWN, gamma=None, lms=UNKNOWN, monitor=<psychopy.monitors.calibTools.Monitor object at 0x1133d63d0>, multiSample=False, name='window1', numSamples=2, pos=[0, 0], screen=0, size=array([1440,  900]), stereo=False, units=u'norm', useFBO=True, useRetina=False, viewOri=0.0, viewPos=None, viewScale=None, waitBlanking=True, winType='pyglet')
13.6530 	EXP 	window1: recordFrameIntervals = False
13.8195 	EXP 	window1: recordFrameIntervals = True
14.0031 	EXP 	window1: recordFrameIntervals = False
14.0992 	EXP 	Created text_2 = TextStim(alignHoriz='center', alignVert='center', antialias=True, autoLog=True, bold=False, color='white', colorSpace='named', contrast=1.0, depth=0.0, flipHoriz=False, flipVert=False, font='Arial', fontFiles=[], height=0.1, italic=False, name='text_2', opacity=1.0, ori=0, pos=array([ 0.,  0.]), rgb=array([ 255.,  255.,  255.]), text=unicode(...), units=u'norm', win=Window(...), wrapWidth=1)
14.1007 	EXP 	Created Leftimg = ImageStim(autoLog=True, color=array([ 1.,  1.,  1.]), colorSpace='rgb', contrast=1.0, depth=0.0, flipHoriz=False, flipVert=False, image='sin', interpolate=True, mask=None, maskParams=None, name='Leftimg', opacity=1.0, ori=0.0, pos=array([ 0.,  0.]), size=array([ 400.,  400.]), texRes=128, units='pix', win=Window(...))
14.1018 	EXP 	Created Rightimg = ImageStim(autoLog=True, color=array([ 1.,  1.,  1.]), colorSpace='rgb', contrast=1.0, depth=-1.0, flipHoriz=False, flipVert=False, image='sin', interpolate=True, mask=None, maskParams=None, name='Rightimg', opacity=1.0, ori=0.0, pos=array([ 0.,  0.]), size=array([ 400.,  400.]), texRes=128, units='pix', win=Window(...))
14.1115 	EXP 	Created text = TextStim(alignHoriz='center', alignVert='center', antialias=True, autoLog=True, bold=False, color='white', colorSpace='named', contrast=1.0, depth=-4.0, flipHoriz=False, flipVert=False, font='Arial', fontFiles=[], height=0.05, italic=False, name='text', opacity=1.0, ori=0, pos=array([ 0.,  0.]), rgb=array([ 255.,  255.,  255.]), text=u'to proceed press the space bar.', units=u'norm', win=Window(...), wrapWidth=1)
14.1210 	EXP 	Created text_3 = TextStim(alignHoriz='center', alignVert='center', antialias=True, autoLog=True, bold=False, color='white', colorSpace='named', contrast=1.0, depth=0.0, flipHoriz=False, flipVert=False, font='Arial', fontFiles=[], height=0.1, italic=False, name='text_3', opacity=1.0, ori=0, pos=array([ 0.,  0.]), rgb=array([ 255.,  255.,  255.]), text=unicode(...), units=u'norm', win=Window(...), wrapWidth=1)
14.1255 	EXP 	window1: blendMode = 'avg'
14.1356 	EXP 	text_2: autoDraw = True
14.1396 	EXP 	window1: blendMode = 'avg'
14.1537 	EXP 	window1: blendMode = 'avg'
14.1705 	EXP 	window1: blendMode = 'avg'
14.1869 	EXP 	window1: blendMode = 'avg'
14.2036 	EXP 	window1: blendMode = 'avg'
14.2206 	EXP 	window1: blendMode = 'avg'
14.2359 	EXP 	window1: blendMode = 'avg'
14.2536 	EXP 	window1: blendMode = 'avg'
14.2702 	EXP 	window1: blendMode = 'avg'
14.2872 	EXP 	window1: blendMode = 'avg'
14.3036 	EXP 	window1: blendMode = 'avg'
14.3202 	EXP 	window1: blendMode = 'avg'
14.3369 	EXP 	window1: blendMode = 'avg'
14.3538 	EXP 	window1: blendMode = 'avg'
14.3705 	EXP 	window1: blendMode = 'avg'
14.3871 	EXP 	window1: blendMode = 'avg'
14.4038 	EXP 	window1: blendMode = 'avg'
14.4204 	EXP 	window1: blendMode = 'avg'
14.4370 	EXP 	window1: blendMode = 'avg'
14.4536 	EXP 	window1: blendMode = 'avg'
14.4705 	EXP 	window1: blendMode = 'avg'
14.4871 	EXP 	window1: blendMode = 'avg'
14.5035 	EXP 	window1: blendMode = 'avg'
14.5205 	EXP 	window1: blendMode = 'avg'
14.5369 	EXP 	window1: blendMode = 'avg'
14.5537 	EXP 	window1: blendMode = 'avg'
14.5703 	EXP 	window1: blendMode = 'avg'
14.5872 	EXP 	window1: blendMode = 'avg'
14.6036 	EXP 	window1: blendMode = 'avg'
14.6205 	EXP 	window1: blendMode = 'avg'
14.6369 	EXP 	window1: blendMode = 'avg'
14.6537 	EXP 	window1: blendMode = 'avg'
14.6704 	EXP 	window1: blendMode = 'avg'
14.6871 	EXP 	window1: blendMode = 'avg'
14.7035 	EXP 	window1: blendMode = 'avg'
14.7203 	EXP 	window1: blendMode = 'avg'
14.7367 	EXP 	window1: blendMode = 'avg'
14.7536 	EXP 	window1: blendMode = 'avg'
14.7703 	EXP 	window1: blendMode = 'avg'
14.7868 	EXP 	window1: blendMode = 'avg'
14.8034 	EXP 	window1: blendMode = 'avg'
14.8203 	EXP 	window1: blendMode = 'avg'
14.8370 	EXP 	window1: blendMode = 'avg'
14.8537 	EXP 	window1: blendMode = 'avg'
14.8701 	EXP 	window1: blendMode = 'avg'
14.8869 	EXP 	window1: blendMode = 'avg'
14.9035 	EXP 	window1: blendMode = 'avg'
14.9205 	EXP 	window1: blendMode = 'avg'
14.9369 	EXP 	window1: blendMode = 'avg'
14.9537 	EXP 	window1: blendMode = 'avg'
14.9701 	EXP 	window1: blendMode = 'avg'
14.9868 	EXP 	window1: blendMode = 'avg'
15.0034 	EXP 	window1: blendMode = 'avg'
15.0204 	EXP 	window1: blendMode = 'avg'
15.0370 	EXP 	window1: blendMode = 'avg'
15.0538 	EXP 	window1: blendMode = 'avg'
15.0703 	EXP 	window1: blendMode = 'avg'
15.0871 	EXP 	window1: blendMode = 'avg'
15.1041 	EXP 	window1: blendMode = 'avg'
15.1201 	EXP 	window1: blendMode = 'avg'
15.1367 	EXP 	window1: blendMode = 'avg'
15.1536 	EXP 	window1: blendMode = 'avg'
15.1705 	EXP 	window1: blendMode = 'avg'
15.1871 	EXP 	window1: blendMode = 'avg'
15.2036 	EXP 	window1: blendMode = 'avg'
15.2204 	EXP 	window1: blendMode = 'avg'
15.2359 	EXP 	window1: blendMode = 'avg'
15.2536 	EXP 	window1: blendMode = 'avg'
15.2703 	EXP 	window1: blendMode = 'avg'
15.2871 	EXP 	window1: blendMode = 'avg'
15.3037 	EXP 	window1: blendMode = 'avg'
15.3203 	EXP 	window1: blendMode = 'avg'
15.3367 	EXP 	window1: blendMode = 'avg'
15.3537 	EXP 	window1: blendMode = 'avg'
15.3705 	EXP 	window1: blendMode = 'avg'
15.3871 	EXP 	window1: blendMode = 'avg'
15.4036 	EXP 	window1: blendMode = 'avg'
15.4204 	EXP 	window1: blendMode = 'avg'
15.4372 	EXP 	window1: blendMode = 'avg'
15.4540 	EXP 	window1: blendMode = 'avg'
15.4699 	EXP 	window1: blendMode = 'avg'
15.4870 	EXP 	window1: blendMode = 'avg'
15.5036 	EXP 	window1: blendMode = 'avg'
15.5204 	EXP 	window1: blendMode = 'avg'
15.5368 	EXP 	window1: blendMode = 'avg'
15.5536 	EXP 	window1: blendMode = 'avg'
15.5702 	EXP 	window1: blendMode = 'avg'
15.5872 	EXP 	window1: blendMode = 'avg'
15.6036 	EXP 	window1: blendMode = 'avg'
15.6204 	EXP 	window1: blendMode = 'avg'
15.6369 	EXP 	window1: blendMode = 'avg'
15.6538 	EXP 	window1: blendMode = 'avg'
15.6702 	EXP 	window1: blendMode = 'avg'
15.6872 	EXP 	window1: blendMode = 'avg'
15.7037 	EXP 	window1: blendMode = 'avg'
15.7203 	EXP 	window1: blendMode = 'avg'
15.7370 	EXP 	window1: blendMode = 'avg'
15.7538 	EXP 	window1: blendMode = 'avg'
15.7702 	EXP 	window1: blendMode = 'avg'
15.7872 	EXP 	window1: blendMode = 'avg'
15.8040 	EXP 	window1: blendMode = 'avg'
15.8204 	EXP 	window1: blendMode = 'avg'
15.8370 	EXP 	window1: blendMode = 'avg'
15.8538 	EXP 	window1: blendMode = 'avg'
15.8704 	EXP 	window1: blendMode = 'avg'
15.8870 	EXP 	window1: blendMode = 'avg'
15.9036 	EXP 	window1: blendMode = 'avg'
15.9205 	EXP 	window1: blendMode = 'avg'
15.9369 	EXP 	window1: blendMode = 'avg'
15.9538 	EXP 	window1: blendMode = 'avg'
15.9705 	EXP 	window1: blendMode = 'avg'
15.9871 	EXP 	window1: blendMode = 'avg'
16.0035 	EXP 	window1: blendMode = 'avg'
16.0202 	EXP 	window1: blendMode = 'avg'
16.0368 	EXP 	window1: blendMode = 'avg'
16.0536 	EXP 	window1: blendMode = 'avg'
16.0702 	EXP 	window1: blendMode = 'avg'
16.0870 	EXP 	window1: blendMode = 'avg'
16.1035 	EXP 	window1: blendMode = 'avg'
16.1203 	EXP 	window1: blendMode = 'avg'
16.1371 	EXP 	window1: blendMode = 'avg'
16.1537 	EXP 	window1: blendMode = 'avg'
16.1703 	EXP 	window1: blendMode = 'avg'
16.1871 	EXP 	window1: blendMode = 'avg'
16.2035 	EXP 	window1: blendMode = 'avg'
16.2202 	EXP 	window1: blendMode = 'avg'
16.2371 	EXP 	window1: blendMode = 'avg'
16.2538 	EXP 	window1: blendMode = 'avg'
16.2701 	EXP 	window1: blendMode = 'avg'
16.2870 	EXP 	window1: blendMode = 'avg'
16.3038 	EXP 	window1: blendMode = 'avg'
16.3205 	EXP 	window1: blendMode = 'avg'
16.3369 	EXP 	window1: blendMode = 'avg'
16.3537 	EXP 	window1: blendMode = 'avg'
16.3703 	EXP 	window1: blendMode = 'avg'
16.3871 	EXP 	window1: blendMode = 'avg'
16.4036 	EXP 	window1: blendMode = 'avg'
16.4204 	EXP 	window1: blendMode = 'avg'
16.4370 	EXP 	window1: blendMode = 'avg'
16.4538 	EXP 	window1: blendMode = 'avg'
16.4702 	EXP 	window1: blendMode = 'avg'
16.4871 	EXP 	window1: blendMode = 'avg'
16.5037 	EXP 	window1: blendMode = 'avg'
16.5205 	EXP 	window1: blendMode = 'avg'
16.5369 	EXP 	window1: blendMode = 'avg'
16.5537 	EXP 	window1: blendMode = 'avg'
16.5703 	EXP 	window1: blendMode = 'avg'
16.5868 	EXP 	window1: blendMode = 'avg'
16.6036 	EXP 	window1: blendMode = 'avg'
16.6205 	EXP 	window1: blendMode = 'avg'
16.6369 	EXP 	window1: blendMode = 'avg'
16.6538 	EXP 	window1: blendMode = 'avg'
16.6701 	EXP 	window1: blendMode = 'avg'
16.6869 	EXP 	window1: blendMode = 'avg'
16.7034 	EXP 	window1: blendMode = 'avg'
16.7201 	EXP 	window1: blendMode = 'avg'
16.7367 	EXP 	window1: blendMode = 'avg'
16.7537 	EXP 	window1: blendMode = 'avg'
16.7701 	EXP 	window1: blendMode = 'avg'
16.7871 	EXP 	window1: blendMode = 'avg'
16.8035 	EXP 	window1: blendMode = 'avg'
16.8201 	EXP 	window1: blendMode = 'avg'
16.8368 	EXP 	window1: blendMode = 'avg'
16.8536 	EXP 	window1: blendMode = 'avg'
16.8703 	EXP 	window1: blendMode = 'avg'
16.8863 	EXP 	window1: blendMode = 'avg'
16.9026 	EXP 	window1: blendMode = 'avg'
16.9196 	EXP 	window1: blendMode = 'avg'
16.9356 	EXP 	window1: blendMode = 'avg'
16.9524 	EXP 	window1: blendMode = 'avg'
16.9695 	EXP 	window1: blendMode = 'avg'
16.9859 	EXP 	window1: blendMode = 'avg'
17.0027 	EXP 	window1: blendMode = 'avg'
17.0194 	EXP 	window1: blendMode = 'avg'
17.0353 	EXP 	window1: blendMode = 'avg'
17.0533 	EXP 	window1: blendMode = 'avg'
17.0701 	EXP 	window1: blendMode = 'avg'
17.0871 	EXP 	window1: blendMode = 'avg'
17.1035 	EXP 	window1: blendMode = 'avg'
17.1204 	EXP 	window1: blendMode = 'avg'
17.1369 	EXP 	window1: blendMode = 'avg'
17.1537 	EXP 	window1: blendMode = 'avg'
17.1701 	EXP 	window1: blendMode = 'avg'
17.1870 	EXP 	window1: blendMode = 'avg'
17.2035 	EXP 	window1: blendMode = 'avg'
17.2204 	EXP 	window1: blendMode = 'avg'
17.2370 	EXP 	window1: blendMode = 'avg'
17.2537 	EXP 	window1: blendMode = 'avg'
17.2690 	EXP 	window1: blendMode = 'avg'
17.2870 	EXP 	window1: blendMode = 'avg'
17.3036 	EXP 	window1: blendMode = 'avg'
17.3205 	EXP 	window1: blendMode = 'avg'
17.3366 	EXP 	window1: blendMode = 'avg'
17.3536 	EXP 	window1: blendMode = 'avg'
17.3703 	EXP 	window1: blendMode = 'avg'
17.3870 	EXP 	window1: blendMode = 'avg'
17.4022 	EXP 	window1: blendMode = 'avg'
17.4202 	EXP 	window1: blendMode = 'avg'
17.4369 	EXP 	window1: blendMode = 'avg'
17.4535 	EXP 	window1: blendMode = 'avg'
17.4703 	EXP 	window1: blendMode = 'avg'
17.4870 	EXP 	window1: blendMode = 'avg'
17.5034 	EXP 	window1: blendMode = 'avg'
17.5203 	EXP 	window1: blendMode = 'avg'
17.5370 	EXP 	window1: blendMode = 'avg'
17.5538 	EXP 	window1: blendMode = 'avg'
17.5705 	EXP 	window1: blendMode = 'avg'
17.5871 	EXP 	window1: blendMode = 'avg'
17.6035 	EXP 	window1: blendMode = 'avg'
17.6201 	EXP 	window1: blendMode = 'avg'
17.6366 	EXP 	window1: blendMode = 'avg'
17.6534 	EXP 	window1: blendMode = 'avg'
17.6703 	EXP 	window1: blendMode = 'avg'
17.6870 	EXP 	window1: blendMode = 'avg'
17.7036 	EXP 	window1: blendMode = 'avg'
17.7205 	EXP 	window1: blendMode = 'avg'
17.7371 	EXP 	window1: blendMode = 'avg'
17.7537 	EXP 	window1: blendMode = 'avg'
17.7703 	EXP 	window1: blendMode = 'avg'
17.7869 	EXP 	window1: blendMode = 'avg'
17.8034 	EXP 	window1: blendMode = 'avg'
17.8203 	EXP 	window1: blendMode = 'avg'
17.8369 	EXP 	window1: blendMode = 'avg'
17.8524 	EXP 	window1: blendMode = 'avg'
17.8701 	EXP 	window1: blendMode = 'avg'
17.8870 	EXP 	window1: blendMode = 'avg'
17.9032 	EXP 	window1: blendMode = 'avg'
17.9191 	EXP 	window1: blendMode = 'avg'
17.9361 	EXP 	window1: blendMode = 'avg'
17.9536 	EXP 	window1: blendMode = 'avg'
17.9707 	EXP 	window1: blendMode = 'avg'
17.9869 	EXP 	window1: blendMode = 'avg'
18.0036 	EXP 	window1: blendMode = 'avg'
18.0204 	EXP 	window1: blendMode = 'avg'
18.0368 	EXP 	window1: blendMode = 'avg'
18.0537 	EXP 	window1: blendMode = 'avg'
18.0699 	EXP 	window1: blendMode = 'avg'
18.0869 	EXP 	window1: blendMode = 'avg'
18.1036 	EXP 	window1: blendMode = 'avg'
18.1204 	EXP 	window1: blendMode = 'avg'
18.1370 	EXP 	window1: blendMode = 'avg'
18.1537 	EXP 	window1: blendMode = 'avg'
18.1703 	EXP 	window1: blendMode = 'avg'
18.1871 	EXP 	window1: blendMode = 'avg'
18.2034 	EXP 	window1: blendMode = 'avg'
18.2200 	EXP 	window1: blendMode = 'avg'
18.2367 	EXP 	window1: blendMode = 'avg'
18.2532 	EXP 	window1: blendMode = 'avg'
18.2696 	EXP 	window1: blendMode = 'avg'
18.2869 	EXP 	window1: blendMode = 'avg'
18.3035 	EXP 	window1: blendMode = 'avg'
18.3200 	EXP 	window1: blendMode = 'avg'
18.3361 	EXP 	window1: blendMode = 'avg'
18.3528 	EXP 	window1: blendMode = 'avg'
18.3702 	EXP 	window1: blendMode = 'avg'
18.3870 	EXP 	window1: blendMode = 'avg'
18.4032 	EXP 	window1: blendMode = 'avg'
18.4202 	EXP 	window1: blendMode = 'avg'
18.4371 	EXP 	window1: blendMode = 'avg'
18.4535 	EXP 	window1: blendMode = 'avg'
18.4702 	EXP 	window1: blendMode = 'avg'
18.4873 	EXP 	window1: blendMode = 'avg'
18.5035 	EXP 	window1: blendMode = 'avg'
18.5203 	EXP 	window1: blendMode = 'avg'
18.5372 	EXP 	window1: blendMode = 'avg'
18.5538 	EXP 	window1: blendMode = 'avg'
18.5702 	EXP 	window1: blendMode = 'avg'
18.5870 	EXP 	window1: blendMode = 'avg'
18.6036 	EXP 	window1: blendMode = 'avg'
18.6204 	EXP 	window1: blendMode = 'avg'
18.6360 	EXP 	window1: blendMode = 'avg'
18.6536 	EXP 	window1: blendMode = 'avg'
18.6702 	EXP 	window1: blendMode = 'avg'
18.6868 	EXP 	window1: blendMode = 'avg'
18.7034 	EXP 	window1: blendMode = 'avg'
18.7203 	EXP 	window1: blendMode = 'avg'
18.7364 	EXP 	window1: blendMode = 'avg'
18.7525 	EXP 	window1: blendMode = 'avg'
18.7702 	EXP 	window1: blendMode = 'avg'
18.7869 	EXP 	window1: blendMode = 'avg'
18.8036 	EXP 	window1: blendMode = 'avg'
18.8204 	EXP 	window1: blendMode = 'avg'
18.8366 	EXP 	window1: blendMode = 'avg'
18.8537 	EXP 	window1: blendMode = 'avg'
18.8702 	EXP 	window1: blendMode = 'avg'
18.8869 	EXP 	window1: blendMode = 'avg'
18.9037 	EXP 	window1: blendMode = 'avg'
18.9205 	EXP 	window1: blendMode = 'avg'
18.9366 	EXP 	window1: blendMode = 'avg'
18.9534 	EXP 	window1: blendMode = 'avg'
18.9702 	EXP 	window1: blendMode = 'avg'
18.9868 	EXP 	window1: blendMode = 'avg'
19.0036 	EXP 	window1: blendMode = 'avg'
19.0201 	EXP 	window1: blendMode = 'avg'
19.0369 	EXP 	window1: blendMode = 'avg'
19.0528 	EXP 	window1: blendMode = 'avg'
19.0698 	EXP 	window1: blendMode = 'avg'
19.0864 	EXP 	window1: blendMode = 'avg'
19.1033 	EXP 	window1: blendMode = 'avg'
19.1204 	EXP 	window1: blendMode = 'avg'
19.1369 	EXP 	window1: blendMode = 'avg'
19.1537 	EXP 	window1: blendMode = 'avg'
19.1690 	EXP 	window1: blendMode = 'avg'
19.1869 	EXP 	window1: blendMode = 'avg'
19.2034 	EXP 	window1: blendMode = 'avg'
19.2205 	EXP 	window1: blendMode = 'avg'
19.2364 	EXP 	window1: blendMode = 'avg'
19.2536 	EXP 	window1: blendMode = 'avg'
19.2730 	DATA 	Keypress: space
19.2850 	EXP 	Imported Book.xlsx as conditions, 44 conditions, 7 params
19.2858 	EXP 	Created sequence: random, trialTypes=44, nReps=1, seed=None
19.2865 	EXP 	New trial (rep=0, index=0): {'YLeftPos': 0, 'time_presentation': 0.5, 'XLeftPos': -300, 'XRightPos': 300, 'rightimg': u'2.jpg', 'YRightPos': 0, 'leftimg': u'4.jpg'}
19.3860 	EXP 	text_2: autoDraw = False
19.3860 	EXP 	Leftimg: pos = array([-300.,    0.])
19.3860 	EXP 	Leftimg: image = u'4.jpg'
19.3860 	EXP 	Rightimg: pos = array([ 300.,    0.])
19.3860 	EXP 	Rightimg: image = u'2.jpg'
19.3860 	EXP 	Leftimg: autoDraw = True
19.3860 	EXP 	Rightimg: autoDraw = True
19.8022 	EXP 	Leftimg: autoDraw = False
19.8022 	EXP 	Rightimg: autoDraw = False
20.2709 	DATA 	Keypress: left
20.2722 	EXP 	New trial (rep=0, index=1): {'YLeftPos': 0, 'time_presentation': 0.5, 'XLeftPos': -300, 'XRightPos': 300, 'rightimg': u'frogs/ab62.jpg', 'YRightPos': 0, 'leftimg': u'frogs/ab22.jpg'}
20.4526 	EXP 	Leftimg: autoDraw = False
20.4526 	EXP 	Rightimg: autoDraw = False
20.4526 	EXP 	text: autoDraw = False
20.4526 	EXP 	Leftimg: pos = array([-300.,    0.])
20.4526 	EXP 	Leftimg: image = u'frogs/ab22.jpg'
20.4526 	EXP 	Rightimg: pos = array([ 300.,    0.])
20.4526 	EXP 	Rightimg: image = u'frogs/ab62.jpg'
20.4526 	EXP 	Leftimg: autoDraw = True
20.4526 	EXP 	Rightimg: autoDraw = True
20.7858 	EXP 	Leftimg: autoDraw = False
20.7858 	EXP 	Rightimg: autoDraw = False
20.9532 	DATA 	Keypress: right
20.9542 	EXP 	New trial (rep=0, index=2): {'YLeftPos': 0, 'time_presentation': 0.5, 'XLeftPos': -300, 'XRightPos': 300, 'rightimg': u'frogs/ab53.jpg', 'YRightPos': 0, 'leftimg': u'frogs/ab13.jpg'}
20.9856 	EXP 	Leftimg: autoDraw = False
20.9856 	EXP 	Rightimg: autoDraw = False
20.9856 	EXP 	text: autoDraw = False
20.9856 	EXP 	Leftimg: pos = array([-300.,    0.])
20.9856 	EXP 	Leftimg: image = u'frogs/ab13.jpg'
20.9856 	EXP 	Rightimg: pos = array([ 300.,    0.])
20.9856 	EXP 	Rightimg: image = u'frogs/ab53.jpg'
20.9856 	EXP 	Leftimg: autoDraw = True
20.9856 	EXP 	Rightimg: autoDraw = True
21.4692 	EXP 	Leftimg: autoDraw = False
21.4692 	EXP 	Rightimg: autoDraw = False
21.6208 	DATA 	Keypress: right
21.6219 	EXP 	New trial (rep=0, index=3): {'YLeftPos': 0, 'time_presentation': 0.5, 'XLeftPos': -300, 'XRightPos': 300, 'rightimg': u'frogs/ab80.jpg', 'YRightPos': 0, 'leftimg': u'frogs/ab40.jpg'}
21.6526 	EXP 	Leftimg: autoDraw = False
21.6526 	EXP 	Rightimg: autoDraw = False
21.6526 	EXP 	text: autoDraw = False
21.6526 	EXP 	Leftimg: pos = array([-300.,    0.])
21.6526 	EXP 	Leftimg: image = u'frogs/ab40.jpg'
21.6526 	EXP 	Rightimg: pos = array([ 300.,    0.])
21.6526 	EXP 	Rightimg: image = u'frogs/ab80.jpg'
21.6526 	EXP 	Leftimg: autoDraw = True
21.6526 	EXP 	Rightimg: autoDraw = True
22.0879 	DATA 	Keypress: right
22.0888 	EXP 	New trial (rep=0, index=4): {'YLeftPos': 0, 'time_presentation': 0.5, 'XLeftPos': -300, 'XRightPos': 300, 'rightimg': u'frogs/ab72.jpg', 'YRightPos': 0, 'leftimg': u'frogs/ab32.jpg'}
22.1185 	EXP 	Leftimg: autoDraw = False
22.1185 	EXP 	Rightimg: autoDraw = False
22.1185 	EXP 	text: autoDraw = False
22.1185 	EXP 	Leftimg: pos = array([-300.,    0.])
22.1185 	EXP 	Leftimg: image = u'frogs/ab32.jpg'
22.1185 	EXP 	Rightimg: pos = array([ 300.,    0.])
22.1185 	EXP 	Rightimg: image = u'frogs/ab72.jpg'
22.1185 	EXP 	Leftimg: autoDraw = True
22.1185 	EXP 	Rightimg: autoDraw = True
22.6024 	EXP 	Leftimg: autoDraw = False
22.6024 	EXP 	Rightimg: autoDraw = False
22.8871 	DATA 	Keypress: right
22.8883 	EXP 	New trial (rep=0, index=5): {'YLeftPos': 0, 'time_presentation': 0.5, 'XLeftPos': -300, 'XRightPos': 300, 'rightimg': u'frogs/ab68.jpg', 'YRightPos': 0, 'leftimg': u'frogs/ab28.jpg'}
22.9186 	EXP 	Leftimg: autoDraw = False
22.9186 	EXP 	Rightimg: autoDraw = False
22.9186 	EXP 	text: autoDraw = False
22.9186 	EXP 	Leftimg: pos = array([-300.,    0.])
22.9186 	EXP 	Leftimg: image = u'frogs/ab28.jpg'
22.9186 	EXP 	Rightimg: pos = array([ 300.,    0.])
22.9186 	EXP 	Rightimg: image = u'frogs/ab68.jpg'
22.9186 	EXP 	Leftimg: autoDraw = True
22.9186 	EXP 	Rightimg: autoDraw = True
23.3704 	DATA 	Keypress: left
23.3713 	EXP 	New trial (rep=0, index=6): {'YLeftPos': 0, 'time_presentation': 0.5, 'XLeftPos': -300, 'XRightPos': 300, 'rightimg': u'frogs/ab63.jpg', 'YRightPos': 0, 'leftimg': u'frogs/ab23.jpg'}
23.4185 	EXP 	Leftimg: autoDraw = False
23.4185 	EXP 	Rightimg: autoDraw = False
23.4185 	EXP 	text: autoDraw = False
23.4185 	EXP 	Leftimg: pos = array([-300.,    0.])
23.4185 	EXP 	Leftimg: image = u'frogs/ab23.jpg'
23.4185 	EXP 	Rightimg: pos = array([ 300.,    0.])
23.4185 	EXP 	Rightimg: image = u'frogs/ab63.jpg'
23.4185 	EXP 	Leftimg: autoDraw = True
23.4185 	EXP 	Rightimg: autoDraw = True
23.8546 	DATA 	Keypress: right
23.8557 	EXP 	New trial (rep=0, index=7): {'YLeftPos': 0, 'time_presentation': 0.5, 'XLeftPos': -300, 'XRightPos': 300, 'rightimg': u'frogs/ab49.jpg', 'YRightPos': 0, 'leftimg': u'frogs/ab9.jpg'}
24.0524 	EXP 	Leftimg: autoDraw = False
24.0524 	EXP 	Rightimg: autoDraw = False
24.0524 	EXP 	text: autoDraw = False
24.0524 	EXP 	Leftimg: pos = array([-300.,    0.])
24.0524 	EXP 	Leftimg: image = u'frogs/ab9.jpg'
24.0524 	EXP 	Rightimg: pos = array([ 300.,    0.])
24.0524 	EXP 	Rightimg: image = u'frogs/ab49.jpg'
24.0524 	EXP 	Leftimg: autoDraw = True
24.0524 	EXP 	Rightimg: autoDraw = True
24.3691 	EXP 	Leftimg: autoDraw = False
24.3691 	EXP 	Rightimg: autoDraw = False
24.4040 	DATA 	Keypress: right
24.4051 	EXP 	New trial (rep=0, index=8): {'YLeftPos': 0, 'time_presentation': 0.5, 'XLeftPos': -300, 'XRightPos': 300, 'rightimg': u'frogs/ab75.jpg', 'YRightPos': 0, 'leftimg': u'frogs/ab35.jpg'}
24.4354 	EXP 	Leftimg: autoDraw = False
24.4354 	EXP 	Rightimg: autoDraw = False
24.4354 	EXP 	text: autoDraw = False
24.4354 	EXP 	Leftimg: pos = array([-300.,    0.])
24.4354 	EXP 	Leftimg: image = u'frogs/ab35.jpg'
24.4354 	EXP 	Rightimg: pos = array([ 300.,    0.])
24.4354 	EXP 	Rightimg: image = u'frogs/ab75.jpg'
24.4354 	EXP 	Leftimg: autoDraw = True
24.4354 	EXP 	Rightimg: autoDraw = True
24.9191 	EXP 	Leftimg: autoDraw = False
24.9191 	EXP 	Rightimg: autoDraw = False
24.9871 	DATA 	Keypress: left
24.9883 	EXP 	New trial (rep=0, index=9): {'YLeftPos': 0, 'time_presentation': 0.5, 'XLeftPos': -300, 'XRightPos': 300, 'rightimg': u'frogs/ab79.jpg', 'YRightPos': 0, 'leftimg': u'frogs/ab39.jpg'}
25.0189 	EXP 	Leftimg: autoDraw = False
25.0189 	EXP 	Rightimg: autoDraw = False
25.0189 	EXP 	text: autoDraw = False
25.0189 	EXP 	Leftimg: pos = array([-300.,    0.])
25.0189 	EXP 	Leftimg: image = u'frogs/ab39.jpg'
25.0189 	EXP 	Rightimg: pos = array([ 300.,    0.])
25.0189 	EXP 	Rightimg: image = u'frogs/ab79.jpg'
25.0189 	EXP 	Leftimg: autoDraw = True
25.0189 	EXP 	Rightimg: autoDraw = True
25.5024 	EXP 	Leftimg: autoDraw = False
25.5024 	EXP 	Rightimg: autoDraw = False
25.6709 	DATA 	Keypress: right
25.6721 	EXP 	New trial (rep=0, index=10): {'YLeftPos': 0, 'time_presentation': 0.5, 'XLeftPos': -300, 'XRightPos': 300, 'rightimg': u'frogs/ab77.jpg', 'YRightPos': 0, 'leftimg': u'frogs/ab37.jpg'}
25.7190 	EXP 	Leftimg: autoDraw = False
25.7190 	EXP 	Rightimg: autoDraw = False
25.7190 	EXP 	text: autoDraw = False
25.7190 	EXP 	Leftimg: pos = array([-300.,    0.])
25.7190 	EXP 	Leftimg: image = u'frogs/ab37.jpg'
25.7190 	EXP 	Rightimg: pos = array([ 300.,    0.])
25.7190 	EXP 	Rightimg: image = u'frogs/ab77.jpg'
25.7190 	EXP 	Leftimg: autoDraw = True
25.7190 	EXP 	Rightimg: autoDraw = True
26.1857 	EXP 	Leftimg: autoDraw = False
26.1857 	EXP 	Rightimg: autoDraw = False
26.2709 	DATA 	Keypress: right
26.2720 	EXP 	New trial (rep=0, index=11): {'YLeftPos': 0, 'time_presentation': 0.5, 'XLeftPos': -300, 'XRightPos': 300, 'rightimg': u'frogs/ab43.jpg', 'YRightPos': 0, 'leftimg': u'frogs/ab3.jpg'}
26.3359 	EXP 	Leftimg: autoDraw = False
26.3359 	EXP 	Rightimg: autoDraw = False
26.3359 	EXP 	text: autoDraw = False
26.3359 	EXP 	Leftimg: pos = array([-300.,    0.])
26.3359 	EXP 	Leftimg: image = u'frogs/ab3.jpg'
26.3359 	EXP 	Rightimg: pos = array([ 300.,    0.])
26.3359 	EXP 	Rightimg: image = u'frogs/ab43.jpg'
26.3359 	EXP 	Leftimg: autoDraw = True
26.3359 	EXP 	Rightimg: autoDraw = True
26.7857 	EXP 	Leftimg: autoDraw = False
26.7857 	EXP 	Rightimg: autoDraw = False
27.0044 	DATA 	Keypress: left
27.0055 	EXP 	New trial (rep=0, index=12): {'YLeftPos': 0, 'time_presentation': 0.5, 'XLeftPos': -300, 'XRightPos': 300, 'rightimg': u'frogs/ab69.jpg', 'YRightPos': 0, 'leftimg': u'frogs/ab29.jpg'}
27.0357 	EXP 	Leftimg: autoDraw = False
27.0357 	EXP 	Rightimg: autoDraw = False
27.0357 	EXP 	text: autoDraw = False
27.0357 	EXP 	Leftimg: pos = array([-300.,    0.])
27.0357 	EXP 	Leftimg: image = u'frogs/ab29.jpg'
27.0357 	EXP 	Rightimg: pos = array([ 300.,    0.])
27.0357 	EXP 	Rightimg: image = u'frogs/ab69.jpg'
27.0357 	EXP 	Leftimg: autoDraw = True
27.0357 	EXP 	Rightimg: autoDraw = True
27.4876 	DATA 	Keypress: right
27.4886 	EXP 	New trial (rep=0, index=13): {'YLeftPos': 0, 'time_presentation': 0.5, 'XLeftPos': -300, 'XRightPos': 300, 'rightimg': u'frogs/ab54.jpg', 'YRightPos': 0, 'leftimg': u'frogs/ab14.jpg'}
27.5360 	EXP 	Leftimg: autoDraw = False
27.5360 	EXP 	Rightimg: autoDraw = False
27.5360 	EXP 	text: autoDraw = False
27.5360 	EXP 	Leftimg: pos = array([-300.,    0.])
27.5360 	EXP 	Leftimg: image = u'frogs/ab14.jpg'
27.5360 	EXP 	Rightimg: pos = array([ 300.,    0.])
27.5360 	EXP 	Rightimg: image = u'frogs/ab54.jpg'
27.5360 	EXP 	Leftimg: autoDraw = True
27.5360 	EXP 	Rightimg: autoDraw = True
28.0023 	EXP 	Leftimg: autoDraw = False
28.0023 	EXP 	Rightimg: autoDraw = False
28.0375 	DATA 	Keypress: left
28.0387 	EXP 	New trial (rep=0, index=14): {'YLeftPos': 0, 'time_presentation': 0.5, 'XLeftPos': -300, 'XRightPos': 300, 'rightimg': u'frogs/ab66.jpg', 'YRightPos': 0, 'leftimg': u'frogs/ab26.jpg'}
28.0518 	EXP 	Leftimg: autoDraw = False
28.0518 	EXP 	Rightimg: autoDraw = False
28.0518 	EXP 	text: autoDraw = False
28.0518 	EXP 	Leftimg: pos = array([-300.,    0.])
28.0518 	EXP 	Leftimg: image = u'frogs/ab26.jpg'
28.0518 	EXP 	Rightimg: pos = array([ 300.,    0.])
28.0518 	EXP 	Rightimg: image = u'frogs/ab66.jpg'
28.0518 	EXP 	Leftimg: autoDraw = True
28.0518 	EXP 	Rightimg: autoDraw = True
28.5205 	DATA 	Keypress: right
28.5214 	EXP 	New trial (rep=0, index=15): {'YLeftPos': 0, 'time_presentation': 0.5, 'XLeftPos': -300, 'XRightPos': 300, 'rightimg': u'frogs/ab64.jpg', 'YRightPos': 0, 'leftimg': u'frogs/ab24.jpg'}
28.5349 	EXP 	Leftimg: autoDraw = False
28.5349 	EXP 	Rightimg: autoDraw = False
28.5349 	EXP 	text: autoDraw = False
28.5349 	EXP 	Leftimg: pos = array([-300.,    0.])
28.5349 	EXP 	Leftimg: image = u'frogs/ab24.jpg'
28.5349 	EXP 	Rightimg: pos = array([ 300.,    0.])
28.5349 	EXP 	Rightimg: image = u'frogs/ab64.jpg'
28.5349 	EXP 	Leftimg: autoDraw = True
28.5349 	EXP 	Rightimg: autoDraw = True
29.0357 	EXP 	Leftimg: autoDraw = False
29.0357 	EXP 	Rightimg: autoDraw = False
29.1373 	DATA 	Keypress: left
29.1385 	EXP 	New trial (rep=0, index=16): {'YLeftPos': 0, 'time_presentation': 0.5, 'XLeftPos': -300, 'XRightPos': 300, 'rightimg': u'frogs/ab44.jpg', 'YRightPos': 0, 'leftimg': u'frogs/ab4.jpg'}
29.1519 	EXP 	Leftimg: autoDraw = False
29.1519 	EXP 	Rightimg: autoDraw = False
29.1519 	EXP 	text: autoDraw = False
29.1519 	EXP 	Leftimg: pos = array([-300.,    0.])
29.1519 	EXP 	Leftimg: image = u'frogs/ab4.jpg'
29.1519 	EXP 	Rightimg: pos = array([ 300.,    0.])
29.1519 	EXP 	Rightimg: image = u'frogs/ab44.jpg'
29.1519 	EXP 	Leftimg: autoDraw = True
29.1519 	EXP 	Rightimg: autoDraw = True
29.5865 	DATA 	Keypress: right
29.5874 	EXP 	New trial (rep=0, index=17): {'YLeftPos': 0, 'time_presentation': 0.5, 'XLeftPos': -300, 'XRightPos': 300, 'rightimg': u'frogs/ab45.jpg', 'YRightPos': 0, 'leftimg': u'frogs/ab5.jpg'}
29.6013 	EXP 	Leftimg: autoDraw = False
29.6013 	EXP 	Rightimg: autoDraw = False
29.6013 	EXP 	text: autoDraw = False
29.6013 	EXP 	Leftimg: pos = array([-300.,    0.])
29.6013 	EXP 	Leftimg: image = u'frogs/ab5.jpg'
29.6013 	EXP 	Rightimg: pos = array([ 300.,    0.])
29.6013 	EXP 	Rightimg: image = u'frogs/ab45.jpg'
29.6013 	EXP 	Leftimg: autoDraw = True
29.6013 	EXP 	Rightimg: autoDraw = True
30.0869 	DATA 	Keypress: right
30.0878 	EXP 	New trial (rep=0, index=18): {'YLeftPos': 0, 'time_presentation': 0.5, 'XLeftPos': -300, 'XRightPos': 300, 'rightimg': u'frogs/ab67.jpg', 'YRightPos': 0, 'leftimg': u'frogs/ab27.jpg'}
30.1350 	EXP 	Leftimg: autoDraw = False
30.1350 	EXP 	Rightimg: autoDraw = False
30.1350 	EXP 	Leftimg: autoDraw = False
30.1350 	EXP 	Rightimg: autoDraw = False
30.1350 	EXP 	text: autoDraw = False
30.1350 	EXP 	Leftimg: pos = array([-300.,    0.])
30.1350 	EXP 	Leftimg: image = u'frogs/ab27.jpg'
30.1350 	EXP 	Rightimg: pos = array([ 300.,    0.])
30.1350 	EXP 	Rightimg: image = u'frogs/ab67.jpg'
30.1350 	EXP 	Leftimg: autoDraw = True
30.1350 	EXP 	Rightimg: autoDraw = True
30.6023 	EXP 	Leftimg: autoDraw = False
30.6023 	EXP 	Rightimg: autoDraw = False
30.6202 	DATA 	Keypress: right
30.6214 	EXP 	New trial (rep=0, index=19): {'YLeftPos': 0, 'time_presentation': 0.5, 'XLeftPos': -300, 'XRightPos': 300, 'rightimg': u'frogs/ab48.jpg', 'YRightPos': 0, 'leftimg': u'frogs/ab8.jpg'}
30.6681 	EXP 	Leftimg: autoDraw = False
30.6681 	EXP 	Rightimg: autoDraw = False
30.6681 	EXP 	text: autoDraw = False
30.6681 	EXP 	Leftimg: pos = array([-300.,    0.])
30.6681 	EXP 	Leftimg: image = u'frogs/ab8.jpg'
30.6681 	EXP 	Rightimg: pos = array([ 300.,    0.])
30.6681 	EXP 	Rightimg: image = u'frogs/ab48.jpg'
30.6681 	EXP 	Leftimg: autoDraw = True
30.6681 	EXP 	Rightimg: autoDraw = True
31.1038 	DATA 	Keypress: left
31.1046 	EXP 	New trial (rep=0, index=20): {'YLeftPos': 0, 'time_presentation': 0.5, 'XLeftPos': -300, 'XRightPos': 300, 'rightimg': u'frogs/ab47.jpg', 'YRightPos': 0, 'leftimg': u'frogs/ab7.jpg'}
31.5026 	EXP 	Leftimg: autoDraw = False
31.5026 	EXP 	Rightimg: autoDraw = False
31.5026 	EXP 	text: autoDraw = False
31.5026 	EXP 	Leftimg: pos = array([-300.,    0.])
31.5026 	EXP 	Leftimg: image = u'frogs/ab7.jpg'
31.5026 	EXP 	Rightimg: pos = array([ 300.,    0.])
31.5026 	EXP 	Rightimg: image = u'frogs/ab47.jpg'
31.5026 	EXP 	Leftimg: autoDraw = True
31.5026 	EXP 	Rightimg: autoDraw = True
31.6190 	EXP 	Leftimg: autoDraw = False
31.6190 	EXP 	Rightimg: autoDraw = False
33.6202 	EXP 	window1: blendMode = 'avg'
33.6356 	EXP 	text: autoDraw = True
33.6367 	EXP 	window1: blendMode = 'avg'
33.6536 	EXP 	window1: blendMode = 'avg'
33.6702 	EXP 	window1: blendMode = 'avg'
33.6869 	EXP 	window1: blendMode = 'avg'
33.7036 	EXP 	window1: blendMode = 'avg'
33.7200 	EXP 	window1: blendMode = 'avg'
33.7369 	EXP 	window1: blendMode = 'avg'
33.7533 	EXP 	window1: blendMode = 'avg'
33.7702 	EXP 	window1: blendMode = 'avg'
33.7868 	EXP 	window1: blendMode = 'avg'
33.8034 	EXP 	window1: blendMode = 'avg'
33.8202 	EXP 	window1: blendMode = 'avg'
33.8369 	EXP 	window1: blendMode = 'avg'
33.8533 	EXP 	window1: blendMode = 'avg'
33.8701 	EXP 	window1: blendMode = 'avg'
33.8867 	EXP 	window1: blendMode = 'avg'
33.9035 	EXP 	window1: blendMode = 'avg'
33.9199 	EXP 	window1: blendMode = 'avg'
33.9367 	EXP 	window1: blendMode = 'avg'
33.9534 	EXP 	window1: blendMode = 'avg'
33.9703 	EXP 	window1: blendMode = 'avg'
33.9867 	EXP 	window1: blendMode = 'avg'
34.0036 	EXP 	window1: blendMode = 'avg'
34.0199 	EXP 	window1: blendMode = 'avg'
34.0367 	EXP 	window1: blendMode = 'avg'
34.0534 	EXP 	window1: blendMode = 'avg'
34.0701 	EXP 	window1: blendMode = 'avg'
34.0867 	EXP 	window1: blendMode = 'avg'
34.1034 	EXP 	window1: blendMode = 'avg'
34.1200 	EXP 	window1: blendMode = 'avg'
34.1368 	EXP 	window1: blendMode = 'avg'
34.1532 	EXP 	window1: blendMode = 'avg'
34.1698 	EXP 	window1: blendMode = 'avg'
34.1865 	EXP 	window1: blendMode = 'avg'
34.2034 	EXP 	window1: blendMode = 'avg'
34.2200 	EXP 	window1: blendMode = 'avg'
34.2369 	EXP 	window1: blendMode = 'avg'
34.2532 	EXP 	window1: blendMode = 'avg'
34.2702 	EXP 	window1: blendMode = 'avg'
34.2866 	EXP 	window1: blendMode = 'avg'
34.3034 	EXP 	window1: blendMode = 'avg'
34.3201 	EXP 	window1: blendMode = 'avg'
34.3368 	EXP 	window1: blendMode = 'avg'
34.3532 	EXP 	window1: blendMode = 'avg'
34.3700 	EXP 	window1: blendMode = 'avg'
34.3866 	EXP 	window1: blendMode = 'avg'
34.4036 	EXP 	window1: blendMode = 'avg'
34.4201 	EXP 	window1: blendMode = 'avg'
34.4369 	EXP 	window1: blendMode = 'avg'
34.4534 	EXP 	window1: blendMode = 'avg'
34.4702 	EXP 	window1: blendMode = 'avg'
34.4869 	EXP 	window1: blendMode = 'avg'
34.5033 	EXP 	window1: blendMode = 'avg'
34.5200 	EXP 	window1: blendMode = 'avg'
34.5368 	EXP 	window1: blendMode = 'avg'
34.5532 	EXP 	window1: blendMode = 'avg'
34.5700 	EXP 	window1: blendMode = 'avg'
34.5859 	EXP 	window1: blendMode = 'avg'
34.6035 	EXP 	window1: blendMode = 'avg'
34.6199 	EXP 	window1: blendMode = 'avg'
34.6368 	EXP 	window1: blendMode = 'avg'
34.6532 	EXP 	window1: blendMode = 'avg'
34.6700 	EXP 	window1: blendMode = 'avg'
34.6869 	EXP 	window1: blendMode = 'avg'
34.7033 	EXP 	window1: blendMode = 'avg'
34.7200 	EXP 	window1: blendMode = 'avg'
34.7365 	EXP 	window1: blendMode = 'avg'
34.7533 	EXP 	window1: blendMode = 'avg'
34.7702 	EXP 	window1: blendMode = 'avg'
34.7868 	EXP 	window1: blendMode = 'avg'
34.8032 	EXP 	window1: blendMode = 'avg'
34.8199 	EXP 	window1: blendMode = 'avg'
34.8368 	EXP 	window1: blendMode = 'avg'
34.8534 	EXP 	window1: blendMode = 'avg'
34.8702 	EXP 	window1: blendMode = 'avg'
34.8866 	EXP 	window1: blendMode = 'avg'
34.9034 	EXP 	window1: blendMode = 'avg'
34.9203 	EXP 	window1: blendMode = 'avg'
34.9367 	EXP 	window1: blendMode = 'avg'
34.9533 	EXP 	window1: blendMode = 'avg'
34.9701 	EXP 	window1: blendMode = 'avg'
34.9868 	EXP 	window1: blendMode = 'avg'
35.0036 	EXP 	window1: blendMode = 'avg'
35.0191 	EXP 	window1: blendMode = 'avg'
35.0368 	EXP 	window1: blendMode = 'avg'
35.0535 	EXP 	window1: blendMode = 'avg'
35.0701 	EXP 	window1: blendMode = 'avg'
35.0868 	EXP 	window1: blendMode = 'avg'
35.1035 	EXP 	window1: blendMode = 'avg'
35.1200 	EXP 	window1: blendMode = 'avg'
35.1369 	EXP 	window1: blendMode = 'avg'
35.1533 	EXP 	window1: blendMode = 'avg'
35.1702 	EXP 	window1: blendMode = 'avg'
35.1869 	EXP 	window1: blendMode = 'avg'
35.2035 	EXP 	window1: blendMode = 'avg'
35.2200 	EXP 	window1: blendMode = 'avg'
35.2367 	EXP 	window1: blendMode = 'avg'
35.2534 	EXP 	window1: blendMode = 'avg'
35.2702 	EXP 	window1: blendMode = 'avg'
35.2866 	EXP 	window1: blendMode = 'avg'
35.3033 	EXP 	window1: blendMode = 'avg'
35.3199 	EXP 	window1: blendMode = 'avg'
35.3361 	EXP 	window1: blendMode = 'avg'
35.3527 	EXP 	window1: blendMode = 'avg'
35.3700 	EXP 	window1: blendMode = 'avg'
35.3866 	EXP 	window1: blendMode = 'avg'
35.4031 	EXP 	window1: blendMode = 'avg'
35.4201 	EXP 	window1: blendMode = 'avg'
35.4367 	EXP 	window1: blendMode = 'avg'
35.4533 	EXP 	window1: blendMode = 'avg'
35.4702 	EXP 	window1: blendMode = 'avg'
35.4866 	EXP 	window1: blendMode = 'avg'
35.5033 	EXP 	window1: blendMode = 'avg'
35.5199 	EXP 	window1: blendMode = 'avg'
35.5367 	EXP 	window1: blendMode = 'avg'
35.5534 	EXP 	window1: blendMode = 'avg'
35.5702 	EXP 	window1: blendMode = 'avg'
35.5866 	EXP 	window1: blendMode = 'avg'
35.6049 	DATA 	Keypress: space
35.6061 	EXP 	New trial (rep=0, index=21): {'YLeftPos': 0, 'time_presentation': 0.5, 'XLeftPos': -300, 'XRightPos': 300, 'rightimg': u'frogs/ab58.jpg', 'YRightPos': 0, 'leftimg': u'frogs/ab18.jpg'}
35.7691 	EXP 	Leftimg: autoDraw = False
35.7691 	EXP 	Rightimg: autoDraw = False
35.7691 	EXP 	text: autoDraw = False
35.7691 	EXP 	Leftimg: pos = array([-300.,    0.])
35.7691 	EXP 	Leftimg: image = u'frogs/ab18.jpg'
35.7691 	EXP 	Rightimg: pos = array([ 300.,    0.])
35.7691 	EXP 	Rightimg: image = u'frogs/ab58.jpg'
35.7691 	EXP 	Leftimg: autoDraw = True
35.7691 	EXP 	Rightimg: autoDraw = True
36.1189 	EXP 	Leftimg: autoDraw = False
36.1189 	EXP 	Rightimg: autoDraw = False
38.1200 	EXP 	window1: blendMode = 'avg'
38.1357 	EXP 	text: autoDraw = True
38.1366 	EXP 	window1: blendMode = 'avg'
38.1534 	EXP 	window1: blendMode = 'avg'
38.1700 	EXP 	window1: blendMode = 'avg'
38.1868 	EXP 	window1: blendMode = 'avg'
38.2036 	EXP 	window1: blendMode = 'avg'
38.2202 	EXP 	window1: blendMode = 'avg'
38.2366 	EXP 	window1: blendMode = 'avg'
38.2535 	EXP 	window1: blendMode = 'avg'
38.2702 	EXP 	window1: blendMode = 'avg'
38.2868 	EXP 	window1: blendMode = 'avg'
38.3034 	EXP 	window1: blendMode = 'avg'
38.3202 	EXP 	window1: blendMode = 'avg'
38.3365 	EXP 	window1: blendMode = 'avg'
38.3535 	EXP 	window1: blendMode = 'avg'
38.3702 	EXP 	window1: blendMode = 'avg'
38.3868 	EXP 	window1: blendMode = 'avg'
38.4032 	EXP 	window1: blendMode = 'avg'
38.4200 	EXP 	window1: blendMode = 'avg'
38.4366 	EXP 	window1: blendMode = 'avg'
38.4534 	EXP 	window1: blendMode = 'avg'
38.4698 	EXP 	window1: blendMode = 'avg'
38.4867 	EXP 	window1: blendMode = 'avg'
38.5032 	EXP 	window1: blendMode = 'avg'
38.5201 	EXP 	window1: blendMode = 'avg'
38.5367 	EXP 	window1: blendMode = 'avg'
38.5533 	EXP 	window1: blendMode = 'avg'
38.5701 	EXP 	window1: blendMode = 'avg'
38.5868 	EXP 	window1: blendMode = 'avg'
38.6028 	EXP 	window1: blendMode = 'avg'
38.6200 	EXP 	window1: blendMode = 'avg'
38.6366 	EXP 	window1: blendMode = 'avg'
38.6534 	EXP 	window1: blendMode = 'avg'
38.6698 	EXP 	window1: blendMode = 'avg'
38.6866 	EXP 	window1: blendMode = 'avg'
38.7033 	EXP 	window1: blendMode = 'avg'
38.7202 	EXP 	window1: blendMode = 'avg'
38.7366 	EXP 	window1: blendMode = 'avg'
38.7534 	EXP 	window1: blendMode = 'avg'
38.7701 	EXP 	window1: blendMode = 'avg'
38.7867 	EXP 	window1: blendMode = 'avg'
38.8035 	EXP 	window1: blendMode = 'avg'
38.8201 	EXP 	window1: blendMode = 'avg'
38.8366 	EXP 	window1: blendMode = 'avg'
38.8534 	EXP 	window1: blendMode = 'avg'
38.8700 	EXP 	window1: blendMode = 'avg'
38.8867 	EXP 	window1: blendMode = 'avg'
38.9032 	EXP 	window1: blendMode = 'avg'
38.9202 	EXP 	window1: blendMode = 'avg'
38.9366 	EXP 	window1: blendMode = 'avg'
38.9534 	EXP 	window1: blendMode = 'avg'
38.9698 	EXP 	window1: blendMode = 'avg'
38.9864 	EXP 	window1: blendMode = 'avg'
39.0033 	EXP 	window1: blendMode = 'avg'
39.0202 	EXP 	window1: blendMode = 'avg'
39.0355 	EXP 	window1: blendMode = 'avg'
39.0536 	EXP 	window1: blendMode = 'avg'
39.0700 	EXP 	window1: blendMode = 'avg'
39.0869 	EXP 	window1: blendMode = 'avg'
39.1033 	EXP 	window1: blendMode = 'avg'
39.1202 	EXP 	window1: blendMode = 'avg'
39.1369 	EXP 	window1: blendMode = 'avg'
39.1535 	EXP 	window1: blendMode = 'avg'
39.1699 	EXP 	window1: blendMode = 'avg'
39.1867 	EXP 	window1: blendMode = 'avg'
39.2033 	EXP 	window1: blendMode = 'avg'
39.2201 	EXP 	window1: blendMode = 'avg'
39.2368 	EXP 	window1: blendMode = 'avg'
39.2534 	EXP 	window1: blendMode = 'avg'
39.2699 	EXP 	window1: blendMode = 'avg'
39.2866 	EXP 	window1: blendMode = 'avg'
39.3033 	EXP 	window1: blendMode = 'avg'
39.3201 	EXP 	window1: blendMode = 'avg'
39.3365 	EXP 	window1: blendMode = 'avg'
39.3529 	EXP 	window1: blendMode = 'avg'
39.3698 	EXP 	window1: blendMode = 'avg'
39.3866 	EXP 	window1: blendMode = 'avg'
39.4032 	EXP 	window1: blendMode = 'avg'
39.4200 	EXP 	window1: blendMode = 'avg'
39.4368 	EXP 	window1: blendMode = 'avg'
39.4535 	EXP 	window1: blendMode = 'avg'
39.4699 	EXP 	window1: blendMode = 'avg'
39.4869 	EXP 	window1: blendMode = 'avg'
39.5033 	EXP 	window1: blendMode = 'avg'
39.5201 	EXP 	window1: blendMode = 'avg'
39.5365 	EXP 	window1: blendMode = 'avg'
39.5534 	EXP 	window1: blendMode = 'avg'
39.5698 	EXP 	window1: blendMode = 'avg'
39.5863 	EXP 	window1: blendMode = 'avg'
39.6031 	EXP 	window1: blendMode = 'avg'
39.6198 	EXP 	window1: blendMode = 'avg'
39.6364 	EXP 	window1: blendMode = 'avg'
39.6533 	EXP 	window1: blendMode = 'avg'
39.6700 	EXP 	window1: blendMode = 'avg'
39.6868 	EXP 	window1: blendMode = 'avg'
39.7033 	EXP 	window1: blendMode = 'avg'
39.7201 	EXP 	window1: blendMode = 'avg'
39.7361 	EXP 	window1: blendMode = 'avg'
39.7532 	EXP 	window1: blendMode = 'avg'
39.7698 	EXP 	window1: blendMode = 'avg'
39.7866 	EXP 	window1: blendMode = 'avg'
39.8034 	EXP 	window1: blendMode = 'avg'
39.8200 	EXP 	window1: blendMode = 'avg'
39.8364 	EXP 	window1: blendMode = 'avg'
39.8533 	EXP 	window1: blendMode = 'avg'
39.8700 	EXP 	window1: blendMode = 'avg'
39.8868 	EXP 	window1: blendMode = 'avg'
39.9032 	EXP 	window1: blendMode = 'avg'
39.9201 	EXP 	window1: blendMode = 'avg'
39.9366 	EXP 	window1: blendMode = 'avg'
39.9534 	EXP 	window1: blendMode = 'avg'
39.9698 	EXP 	window1: blendMode = 'avg'
39.9864 	EXP 	window1: blendMode = 'avg'
40.0032 	EXP 	window1: blendMode = 'avg'
40.0195 	EXP 	window1: blendMode = 'avg'
40.0362 	EXP 	window1: blendMode = 'avg'
40.0533 	EXP 	window1: blendMode = 'avg'
40.0700 	EXP 	window1: blendMode = 'avg'
40.0865 	EXP 	window1: blendMode = 'avg'
40.1033 	EXP 	window1: blendMode = 'avg'
40.1200 	EXP 	window1: blendMode = 'avg'
40.1366 	EXP 	window1: blendMode = 'avg'
40.1535 	EXP 	window1: blendMode = 'avg'
40.1699 	EXP 	window1: blendMode = 'avg'
40.1867 	EXP 	window1: blendMode = 'avg'
40.2034 	EXP 	window1: blendMode = 'avg'
40.2199 	EXP 	window1: blendMode = 'avg'
40.2366 	EXP 	window1: blendMode = 'avg'
40.2535 	EXP 	window1: blendMode = 'avg'
40.2699 	EXP 	window1: blendMode = 'avg'
40.2867 	EXP 	window1: blendMode = 'avg'
40.3033 	EXP 	window1: blendMode = 'avg'
40.3201 	EXP 	window1: blendMode = 'avg'
40.3360 	EXP 	window1: blendMode = 'avg'
40.3535 	EXP 	window1: blendMode = 'avg'
40.3699 	EXP 	window1: blendMode = 'avg'
40.3868 	EXP 	window1: blendMode = 'avg'
40.4032 	EXP 	window1: blendMode = 'avg'
40.4201 	EXP 	window1: blendMode = 'avg'
40.4365 	EXP 	window1: blendMode = 'avg'
40.4533 	EXP 	window1: blendMode = 'avg'
40.4699 	EXP 	window1: blendMode = 'avg'
40.4866 	EXP 	window1: blendMode = 'avg'
40.5033 	EXP 	window1: blendMode = 'avg'
40.5200 	EXP 	window1: blendMode = 'avg'
40.5366 	EXP 	window1: blendMode = 'avg'
40.5534 	EXP 	window1: blendMode = 'avg'
40.5698 	EXP 	window1: blendMode = 'avg'
40.5865 	EXP 	window1: blendMode = 'avg'
40.6031 	EXP 	window1: blendMode = 'avg'
40.6200 	EXP 	window1: blendMode = 'avg'
40.6365 	EXP 	window1: blendMode = 'avg'
40.6535 	EXP 	window1: blendMode = 'avg'
40.6699 	EXP 	window1: blendMode = 'avg'
40.6865 	EXP 	window1: blendMode = 'avg'
40.7031 	EXP 	window1: blendMode = 'avg'
40.7200 	EXP 	window1: blendMode = 'avg'
40.7366 	EXP 	window1: blendMode = 'avg'
40.7535 	EXP 	window1: blendMode = 'avg'
40.7699 	EXP 	window1: blendMode = 'avg'
40.7868 	EXP 	window1: blendMode = 'avg'
40.8033 	EXP 	window1: blendMode = 'avg'
40.8201 	EXP 	window1: blendMode = 'avg'
40.8365 	EXP 	window1: blendMode = 'avg'
40.8533 	EXP 	window1: blendMode = 'avg'
40.8699 	EXP 	window1: blendMode = 'avg'
40.8868 	EXP 	window1: blendMode = 'avg'
40.9032 	EXP 	window1: blendMode = 'avg'
40.9201 	EXP 	window1: blendMode = 'avg'
40.9365 	EXP 	window1: blendMode = 'avg'
40.9533 	EXP 	window1: blendMode = 'avg'
40.9699 	EXP 	window1: blendMode = 'avg'
40.9867 	EXP 	window1: blendMode = 'avg'
41.0031 	EXP 	window1: blendMode = 'avg'
41.0200 	EXP 	window1: blendMode = 'avg'
41.0366 	EXP 	window1: blendMode = 'avg'
41.0539 	DATA 	Keypress: space
41.0550 	EXP 	New trial (rep=0, index=22): {'YLeftPos': 0, 'time_presentation': 0.5, 'XLeftPos': -300, 'XRightPos': 300, 'rightimg': u'frogs/ab42.jpg', 'YRightPos': 0, 'leftimg': u'frogs/ab2.jpg'}
41.3688 	EXP 	Leftimg: autoDraw = False
41.3688 	EXP 	Rightimg: autoDraw = False
41.3688 	EXP 	text: autoDraw = False
41.3688 	EXP 	Leftimg: pos = array([-300.,    0.])
41.3688 	EXP 	Leftimg: image = u'frogs/ab2.jpg'
41.3688 	EXP 	Rightimg: pos = array([ 300.,    0.])
41.3688 	EXP 	Rightimg: image = u'frogs/ab42.jpg'
41.3688 	EXP 	Leftimg: autoDraw = True
41.3688 	EXP 	Rightimg: autoDraw = True
41.5688 	EXP 	Leftimg: autoDraw = False
41.5688 	EXP 	Rightimg: autoDraw = False
43.5699 	EXP 	window1: blendMode = 'avg'
43.5856 	EXP 	text: autoDraw = True
43.5866 	EXP 	window1: blendMode = 'avg'
43.6033 	EXP 	window1: blendMode = 'avg'
43.6198 	EXP 	window1: blendMode = 'avg'
43.6367 	EXP 	window1: blendMode = 'avg'
43.6533 	EXP 	window1: blendMode = 'avg'
43.6701 	EXP 	window1: blendMode = 'avg'
43.6865 	EXP 	window1: blendMode = 'avg'
43.7034 	EXP 	window1: blendMode = 'avg'
43.7201 	EXP 	window1: blendMode = 'avg'
43.7367 	EXP 	window1: blendMode = 'avg'
43.7532 	EXP 	window1: blendMode = 'avg'
43.7700 	EXP 	window1: blendMode = 'avg'
43.7865 	EXP 	window1: blendMode = 'avg'
43.8034 	EXP 	window1: blendMode = 'avg'
43.8202 	EXP 	window1: blendMode = 'avg'
43.8366 	EXP 	window1: blendMode = 'avg'
43.8532 	EXP 	window1: blendMode = 'avg'
43.8700 	EXP 	window1: blendMode = 'avg'
43.8865 	EXP 	window1: blendMode = 'avg'
43.9031 	EXP 	window1: blendMode = 'avg'
43.9197 	EXP 	window1: blendMode = 'avg'
43.9366 	EXP 	window1: blendMode = 'avg'
43.9531 	EXP 	window1: blendMode = 'avg'
43.9700 	EXP 	window1: blendMode = 'avg'
43.9866 	EXP 	window1: blendMode = 'avg'
44.0034 	EXP 	window1: blendMode = 'avg'
44.0198 	EXP 	window1: blendMode = 'avg'
44.0363 	EXP 	window1: blendMode = 'avg'
44.0533 	EXP 	window1: blendMode = 'avg'
44.0702 	EXP 	window1: blendMode = 'avg'
44.0866 	EXP 	window1: blendMode = 'avg'
44.1035 	EXP 	window1: blendMode = 'avg'
44.1208 	DATA 	Keypress: space
44.1217 	EXP 	New trial (rep=0, index=23): {'YLeftPos': 0, 'time_presentation': 0.5, 'XLeftPos': -300, 'XRightPos': 300, 'rightimg': u'frogs/ab46.jpg', 'YRightPos': 0, 'leftimg': u'frogs/ab6.jpg'}
44.2013 	EXP 	Leftimg: autoDraw = False
44.2013 	EXP 	Rightimg: autoDraw = False
44.2013 	EXP 	text: autoDraw = False
44.2013 	EXP 	Leftimg: pos = array([-300.,    0.])
44.2013 	EXP 	Leftimg: image = u'frogs/ab6.jpg'
44.2013 	EXP 	Rightimg: pos = array([ 300.,    0.])
44.2013 	EXP 	Rightimg: image = u'frogs/ab46.jpg'
44.2013 	EXP 	Leftimg: autoDraw = True
44.2013 	EXP 	Rightimg: autoDraw = True
44.6205 	DATA 	Keypress: left
44.6214 	EXP 	New trial (rep=0, index=24): {'YLeftPos': 0, 'time_presentation': 0.5, 'XLeftPos': -300, 'XRightPos': 300, 'rightimg': u'frogs/ab78.jpg', 'YRightPos': 0, 'leftimg': u'frogs/ab38.jpg'}
44.6513 	EXP 	Leftimg: autoDraw = False
44.6513 	EXP 	Rightimg: autoDraw = False
44.6513 	EXP 	Leftimg: autoDraw = False
44.6513 	EXP 	Rightimg: autoDraw = False
44.6513 	EXP 	text: autoDraw = False
44.6513 	EXP 	Leftimg: pos = array([-300.,    0.])
44.6513 	EXP 	Leftimg: image = u'frogs/ab38.jpg'
44.6513 	EXP 	Rightimg: pos = array([ 300.,    0.])
44.6513 	EXP 	Rightimg: image = u'frogs/ab78.jpg'
44.6513 	EXP 	Leftimg: autoDraw = True
44.6513 	EXP 	Rightimg: autoDraw = True
44.9370 	DATA 	Keypress: right
44.9380 	EXP 	New trial (rep=0, index=25): {'YLeftPos': 0, 'time_presentation': 0.5, 'XLeftPos': -300, 'XRightPos': 300, 'rightimg': u'frogs/ab76.jpg', 'YRightPos': 0, 'leftimg': u'frogs/ab36.jpg'}
44.9851 	EXP 	Leftimg: autoDraw = False
44.9851 	EXP 	Rightimg: autoDraw = False
44.9851 	EXP 	text: autoDraw = False
44.9851 	EXP 	Leftimg: pos = array([-300.,    0.])
44.9851 	EXP 	Leftimg: image = u'frogs/ab36.jpg'
44.9851 	EXP 	Rightimg: pos = array([ 300.,    0.])
44.9851 	EXP 	Rightimg: image = u'frogs/ab76.jpg'
44.9851 	EXP 	Leftimg: autoDraw = True
44.9851 	EXP 	Rightimg: autoDraw = True
45.3211 	DATA 	Keypress: left
45.3362 	EXP 	New trial (rep=0, index=26): {'YLeftPos': 0, 'time_presentation': 0.5, 'XLeftPos': -300, 'XRightPos': 300, 'rightimg': u'1.jpg', 'YRightPos': 0, 'leftimg': u'3.jpg'}
45.3848 	EXP 	Leftimg: autoDraw = False
45.3848 	EXP 	Rightimg: autoDraw = False
45.3848 	EXP 	text: autoDraw = False
45.3848 	EXP 	Leftimg: pos = array([-300.,    0.])
45.3848 	EXP 	Leftimg: image = u'3.jpg'
45.3848 	EXP 	Rightimg: pos = array([ 300.,    0.])
45.3848 	EXP 	Rightimg: image = u'1.jpg'
45.3848 	EXP 	Leftimg: autoDraw = True
45.3848 	EXP 	Rightimg: autoDraw = True
45.7040 	DATA 	Keypress: right
45.7050 	EXP 	New trial (rep=0, index=27): {'YLeftPos': 0, 'time_presentation': 0.5, 'XLeftPos': -300, 'XRightPos': 300, 'rightimg': u'frogs/ab65.jpg', 'YRightPos': 0, 'leftimg': u'frogs/ab25.jpg'}
45.7681 	EXP 	Leftimg: autoDraw = False
45.7681 	EXP 	Rightimg: autoDraw = False
45.7681 	EXP 	text: autoDraw = False
45.7681 	EXP 	Leftimg: pos = array([-300.,    0.])
45.7681 	EXP 	Leftimg: image = u'frogs/ab25.jpg'
45.7681 	EXP 	Rightimg: pos = array([ 300.,    0.])
45.7681 	EXP 	Rightimg: image = u'frogs/ab65.jpg'
45.7681 	EXP 	Leftimg: autoDraw = True
45.7681 	EXP 	Rightimg: autoDraw = True
46.0708 	DATA 	Keypress: left
46.0717 	EXP 	New trial (rep=0, index=28): {'YLeftPos': 0, 'time_presentation': 0.5, 'XLeftPos': -300, 'XRightPos': 300, 'rightimg': u'frogs/ab41.jpg', 'YRightPos': 0, 'leftimg': u'frogs/ab1.jpg'}
46.0844 	EXP 	Leftimg: autoDraw = False
46.0844 	EXP 	Rightimg: autoDraw = False
46.0844 	EXP 	text: autoDraw = False
46.0844 	EXP 	Leftimg: pos = array([-300.,    0.])
46.0844 	EXP 	Leftimg: image = u'frogs/ab1.jpg'
46.0844 	EXP 	Rightimg: pos = array([ 300.,    0.])
46.0844 	EXP 	Rightimg: image = u'frogs/ab41.jpg'
46.0844 	EXP 	Leftimg: autoDraw = True
46.0844 	EXP 	Rightimg: autoDraw = True
46.4206 	DATA 	Keypress: right
46.4215 	EXP 	New trial (rep=0, index=29): {'YLeftPos': 0, 'time_presentation': 0.5, 'XLeftPos': -300, 'XRightPos': 300, 'rightimg': u'frogs/ab57.jpg', 'YRightPos': 0, 'leftimg': u'frogs/ab17.jpg'}
46.5188 	EXP 	Leftimg: autoDraw = False
46.5188 	EXP 	Rightimg: autoDraw = False
46.5188 	EXP 	text: autoDraw = False
46.5188 	EXP 	Leftimg: pos = array([-300.,    0.])
46.5188 	EXP 	Leftimg: image = u'frogs/ab17.jpg'
46.5188 	EXP 	Rightimg: pos = array([ 300.,    0.])
46.5188 	EXP 	Rightimg: image = u'frogs/ab57.jpg'
46.5188 	EXP 	Leftimg: autoDraw = True
46.5188 	EXP 	Rightimg: autoDraw = True
46.7868 	DATA 	Keypress: left
46.7877 	EXP 	New trial (rep=0, index=30): {'YLeftPos': 0, 'time_presentation': 0.5, 'XLeftPos': -300, 'XRightPos': 300, 'rightimg': u'frogs/ab60.jpg', 'YRightPos': 0, 'leftimg': u'frogs/ab20.jpg'}
46.8192 	EXP 	Leftimg: autoDraw = False
46.8192 	EXP 	Rightimg: autoDraw = False
46.8192 	EXP 	text: autoDraw = False
46.8192 	EXP 	Leftimg: pos = array([-300.,    0.])
46.8192 	EXP 	Leftimg: image = u'frogs/ab20.jpg'
46.8192 	EXP 	Rightimg: pos = array([ 300.,    0.])
46.8192 	EXP 	Rightimg: image = u'frogs/ab60.jpg'
46.8192 	EXP 	Leftimg: autoDraw = True
46.8192 	EXP 	Rightimg: autoDraw = True
47.1541 	DATA 	Keypress: left
47.1549 	EXP 	New trial (rep=0, index=31): {'YLeftPos': 0, 'time_presentation': 0.5, 'XLeftPos': -300, 'XRightPos': 300, 'rightimg': u'3.jpg', 'YRightPos': 0, 'leftimg': u'1.jpg'}
47.2016 	EXP 	Leftimg: autoDraw = False
47.2016 	EXP 	Rightimg: autoDraw = False
47.2016 	EXP 	text: autoDraw = False
47.2016 	EXP 	Leftimg: pos = array([-300.,    0.])
47.2016 	EXP 	Leftimg: image = u'1.jpg'
47.2016 	EXP 	Rightimg: pos = array([ 300.,    0.])
47.2016 	EXP 	Rightimg: image = u'3.jpg'
47.2016 	EXP 	Leftimg: autoDraw = True
47.2016 	EXP 	Rightimg: autoDraw = True
47.5369 	DATA 	Keypress: left
47.5379 	EXP 	New trial (rep=0, index=32): {'YLeftPos': 0, 'time_presentation': 0.5, 'XLeftPos': -300, 'XRightPos': 300, 'rightimg': u'frogs/ab70.jpg', 'YRightPos': 0, 'leftimg': u'frogs/ab30.jpg'}
47.5512 	EXP 	Leftimg: autoDraw = False
47.5512 	EXP 	Rightimg: autoDraw = False
47.5512 	EXP 	text: autoDraw = False
47.5512 	EXP 	Leftimg: pos = array([-300.,    0.])
47.5512 	EXP 	Leftimg: image = u'frogs/ab30.jpg'
47.5512 	EXP 	Rightimg: pos = array([ 300.,    0.])
47.5512 	EXP 	Rightimg: image = u'frogs/ab70.jpg'
47.5512 	EXP 	Leftimg: autoDraw = True
47.5512 	EXP 	Rightimg: autoDraw = True
47.9208 	DATA 	Keypress: right
47.9217 	EXP 	New trial (rep=0, index=33): {'YLeftPos': 0, 'time_presentation': 0.5, 'XLeftPos': -300, 'XRightPos': 300, 'rightimg': u'frogs/ab61.jpg', 'YRightPos': 0, 'leftimg': u'frogs/ab21.jpg'}
47.9514 	EXP 	Leftimg: autoDraw = False
47.9514 	EXP 	Rightimg: autoDraw = False
47.9514 	EXP 	text: autoDraw = False
47.9514 	EXP 	Leftimg: pos = array([-300.,    0.])
47.9514 	EXP 	Leftimg: image = u'frogs/ab21.jpg'
47.9514 	EXP 	Rightimg: pos = array([ 300.,    0.])
47.9514 	EXP 	Rightimg: image = u'frogs/ab61.jpg'
47.9514 	EXP 	Leftimg: autoDraw = True
47.9514 	EXP 	Rightimg: autoDraw = True
48.3199 	DATA 	Keypress: left
48.3208 	EXP 	New trial (rep=0, index=34): {'YLeftPos': 0, 'time_presentation': 0.5, 'XLeftPos': -300, 'XRightPos': 300, 'rightimg': u'frogs/ab55.jpg', 'YRightPos': 0, 'leftimg': u'frogs/ab15.jpg'}
48.4021 	EXP 	Leftimg: autoDraw = False
48.4021 	EXP 	Rightimg: autoDraw = False
48.4021 	EXP 	text: autoDraw = False
48.4021 	EXP 	Leftimg: pos = array([-300.,    0.])
48.4021 	EXP 	Leftimg: image = u'frogs/ab15.jpg'
48.4021 	EXP 	Rightimg: pos = array([ 300.,    0.])
48.4021 	EXP 	Rightimg: image = u'frogs/ab55.jpg'
48.4021 	EXP 	Leftimg: autoDraw = True
48.4021 	EXP 	Rightimg: autoDraw = True
48.7028 	DATA 	Keypress: right
48.7037 	EXP 	New trial (rep=0, index=35): {'YLeftPos': 0, 'time_presentation': 0.5, 'XLeftPos': -300, 'XRightPos': 300, 'rightimg': u'frogs/ab59.jpg', 'YRightPos': 0, 'leftimg': u'frogs/ab19.jpg'}
48.7524 	EXP 	Leftimg: autoDraw = False
48.7524 	EXP 	Rightimg: autoDraw = False
48.7524 	EXP 	text: autoDraw = False
48.7524 	EXP 	Leftimg: pos = array([-300.,    0.])
48.7524 	EXP 	Leftimg: image = u'frogs/ab19.jpg'
48.7524 	EXP 	Rightimg: pos = array([ 300.,    0.])
48.7524 	EXP 	Rightimg: image = u'frogs/ab59.jpg'
48.7524 	EXP 	Leftimg: autoDraw = True
48.7524 	EXP 	Rightimg: autoDraw = True
49.0698 	DATA 	Keypress: left
49.0705 	EXP 	New trial (rep=0, index=36): {'YLeftPos': 0, 'time_presentation': 0.5, 'XLeftPos': -300, 'XRightPos': 300, 'rightimg': u'frogs/ab56.jpg', 'YRightPos': 0, 'leftimg': u'frogs/ab16.jpg'}
49.3389 	EXP 	Leftimg: autoDraw = False
49.3389 	EXP 	Rightimg: autoDraw = False
49.3389 	EXP 	text: autoDraw = False
49.3389 	EXP 	Leftimg: pos = array([-300.,    0.])
49.3389 	EXP 	Leftimg: image = u'frogs/ab16.jpg'
49.3389 	EXP 	Rightimg: pos = array([ 300.,    0.])
49.3389 	EXP 	Rightimg: image = u'frogs/ab56.jpg'
49.3389 	EXP 	Leftimg: autoDraw = True
49.3389 	EXP 	Rightimg: autoDraw = True
49.5854 	EXP 	Leftimg: autoDraw = False
49.5854 	EXP 	Rightimg: autoDraw = False
49.6703 	DATA 	Keypress: left
49.6715 	EXP 	New trial (rep=0, index=37): {'YLeftPos': 0, 'time_presentation': 0.5, 'XLeftPos': -300, 'XRightPos': 300, 'rightimg': u'4.jpg', 'YRightPos': 0, 'leftimg': u'2.jpg'}
49.7186 	EXP 	Leftimg: autoDraw = False
49.7186 	EXP 	Rightimg: autoDraw = False
49.7186 	EXP 	text: autoDraw = False
49.7186 	EXP 	Leftimg: pos = array([-300.,    0.])
49.7186 	EXP 	Leftimg: image = u'2.jpg'
49.7186 	EXP 	Rightimg: pos = array([ 300.,    0.])
49.7186 	EXP 	Rightimg: image = u'4.jpg'
49.7186 	EXP 	Leftimg: autoDraw = True
49.7186 	EXP 	Rightimg: autoDraw = True
50.1046 	DATA 	Keypress: right
50.1063 	EXP 	New trial (rep=0, index=38): {'YLeftPos': 0, 'time_presentation': 0.5, 'XLeftPos': -300, 'XRightPos': 300, 'rightimg': u'frogs/ab74.jpg', 'YRightPos': 0, 'leftimg': u'frogs/ab34.jpg'}
50.2023 	EXP 	Leftimg: autoDraw = False
50.2023 	EXP 	Rightimg: autoDraw = False
50.2023 	EXP 	text: autoDraw = False
50.2023 	EXP 	Leftimg: pos = array([-300.,    0.])
50.2023 	EXP 	Leftimg: image = u'frogs/ab34.jpg'
50.2023 	EXP 	Rightimg: pos = array([ 300.,    0.])
50.2023 	EXP 	Rightimg: image = u'frogs/ab74.jpg'
50.2023 	EXP 	Leftimg: autoDraw = True
50.2023 	EXP 	Rightimg: autoDraw = True
50.4870 	DATA 	Keypress: left
50.4880 	EXP 	New trial (rep=0, index=39): {'YLeftPos': 0, 'time_presentation': 0.5, 'XLeftPos': -300, 'XRightPos': 300, 'rightimg': u'frogs/ab71.jpg', 'YRightPos': 0, 'leftimg': u'frogs/ab31.jpg'}
50.5849 	EXP 	Leftimg: autoDraw = False
50.5849 	EXP 	Rightimg: autoDraw = False
50.5849 	EXP 	text: autoDraw = False
50.5849 	EXP 	Leftimg: pos = array([-300.,    0.])
50.5849 	EXP 	Leftimg: image = u'frogs/ab31.jpg'
50.5849 	EXP 	Rightimg: pos = array([ 300.,    0.])
50.5849 	EXP 	Rightimg: image = u'frogs/ab71.jpg'
50.5849 	EXP 	Leftimg: autoDraw = True
50.5849 	EXP 	Rightimg: autoDraw = True
50.8704 	DATA 	Keypress: left
50.8713 	EXP 	New trial (rep=0, index=40): {'YLeftPos': 0, 'time_presentation': 0.5, 'XLeftPos': -300, 'XRightPos': 300, 'rightimg': u'frogs/ab73.jpg', 'YRightPos': 0, 'leftimg': u'frogs/ab33.jpg'}
50.9855 	EXP 	Leftimg: autoDraw = False
50.9855 	EXP 	Rightimg: autoDraw = False
50.9855 	EXP 	text: autoDraw = False
50.9855 	EXP 	Leftimg: pos = array([-300.,    0.])
50.9855 	EXP 	Leftimg: image = u'frogs/ab33.jpg'
50.9855 	EXP 	Rightimg: pos = array([ 300.,    0.])
50.9855 	EXP 	Rightimg: image = u'frogs/ab73.jpg'
50.9855 	EXP 	Leftimg: autoDraw = True
50.9855 	EXP 	Rightimg: autoDraw = True
51.3043 	DATA 	Keypress: left
51.3201 	EXP 	New trial (rep=0, index=41): {'YLeftPos': 0, 'time_presentation': 0.5, 'XLeftPos': -300, 'XRightPos': 300, 'rightimg': u'frogs/ab51.jpg', 'YRightPos': 0, 'leftimg': u'frogs/ab11.jpg'}
51.4022 	EXP 	Leftimg: autoDraw = False
51.4022 	EXP 	Rightimg: autoDraw = False
51.4022 	EXP 	text: autoDraw = False
51.4022 	EXP 	Leftimg: pos = array([-300.,    0.])
51.4022 	EXP 	Leftimg: image = u'frogs/ab11.jpg'
51.4022 	EXP 	Rightimg: pos = array([ 300.,    0.])
51.4022 	EXP 	Rightimg: image = u'frogs/ab51.jpg'
51.4022 	EXP 	Leftimg: autoDraw = True
51.4022 	EXP 	Rightimg: autoDraw = True
51.7372 	DATA 	Keypress: left
51.7381 	EXP 	New trial (rep=0, index=42): {'YLeftPos': 0, 'time_presentation': 0.5, 'XLeftPos': -300, 'XRightPos': 300, 'rightimg': u'frogs/ab50.jpg', 'YRightPos': 0, 'leftimg': u'frogs/ab10.jpg'}
51.8019 	EXP 	Leftimg: autoDraw = False
51.8019 	EXP 	Rightimg: autoDraw = False
51.8019 	EXP 	text: autoDraw = False
51.8019 	EXP 	Leftimg: pos = array([-300.,    0.])
51.8019 	EXP 	Leftimg: image = u'frogs/ab10.jpg'
51.8019 	EXP 	Rightimg: pos = array([ 300.,    0.])
51.8019 	EXP 	Rightimg: image = u'frogs/ab50.jpg'
51.8019 	EXP 	Leftimg: autoDraw = True
51.8019 	EXP 	Rightimg: autoDraw = True
52.1528 	DATA 	Keypress: left
52.1537 	EXP 	New trial (rep=0, index=43): {'YLeftPos': 0, 'time_presentation': 0.5, 'XLeftPos': -300, 'XRightPos': 300, 'rightimg': u'frogs/ab52.jpg', 'YRightPos': 0, 'leftimg': u'frogs/ab12.jpg'}
52.1851 	EXP 	Leftimg: autoDraw = False
52.1851 	EXP 	Rightimg: autoDraw = False
52.1851 	EXP 	text: autoDraw = False
52.1851 	EXP 	Leftimg: pos = array([-300.,    0.])
52.1851 	EXP 	Leftimg: image = u'frogs/ab12.jpg'
52.1851 	EXP 	Rightimg: pos = array([ 300.,    0.])
52.1851 	EXP 	Rightimg: image = u'frogs/ab52.jpg'
52.1851 	EXP 	Leftimg: autoDraw = True
52.1851 	EXP 	Rightimg: autoDraw = True
52.5204 	DATA 	Keypress: right
52.5874 	EXP 	window1: blendMode = 'avg'
52.6020 	EXP 	Leftimg: autoDraw = False
52.6020 	EXP 	Rightimg: autoDraw = False
52.6020 	EXP 	text: autoDraw = False
52.6020 	EXP 	text_3: autoDraw = True
52.6030 	EXP 	window1: blendMode = 'avg'
52.6199 	EXP 	window1: blendMode = 'avg'
52.6363 	EXP 	window1: blendMode = 'avg'
52.6536 	EXP 	window1: blendMode = 'avg'
52.6696 	EXP 	window1: blendMode = 'avg'
52.6863 	EXP 	window1: blendMode = 'avg'
52.7032 	EXP 	window1: blendMode = 'avg'
52.7198 	EXP 	window1: blendMode = 'avg'
52.7365 	EXP 	window1: blendMode = 'avg'
52.7532 	EXP 	window1: blendMode = 'avg'
52.7698 	EXP 	window1: blendMode = 'avg'
52.7865 	EXP 	window1: blendMode = 'avg'
52.8033 	EXP 	window1: blendMode = 'avg'
52.8198 	EXP 	window1: blendMode = 'avg'
52.8367 	EXP 	window1: blendMode = 'avg'
52.8531 	EXP 	window1: blendMode = 'avg'
52.8699 	EXP 	window1: blendMode = 'avg'
52.8872 	DATA 	Keypress: left
52.8879 	EXP 	window1: blendMode = 'avg'
52.9028 	EXP 	window1: blendMode = 'avg'
52.9195 	EXP 	window1: blendMode = 'avg'
52.9365 	EXP 	window1: blendMode = 'avg'
52.9531 	EXP 	window1: blendMode = 'avg'
52.9700 	EXP 	window1: blendMode = 'avg'
52.9865 	EXP 	window1: blendMode = 'avg'
53.0039 	EXP 	window1: blendMode = 'avg'
53.0195 	EXP 	window1: blendMode = 'avg'
53.0365 	EXP 	window1: blendMode = 'avg'
53.0523 	EXP 	window1: blendMode = 'avg'
53.0691 	EXP 	window1: blendMode = 'avg'
53.0865 	EXP 	window1: blendMode = 'avg'
53.1033 	EXP 	window1: blendMode = 'avg'
53.1197 	EXP 	window1: blendMode = 'avg'
53.1364 	EXP 	window1: blendMode = 'avg'
53.1530 	EXP 	window1: blendMode = 'avg'
53.1698 	EXP 	window1: blendMode = 'avg'
53.1865 	EXP 	window1: blendMode = 'avg'
53.2033 	EXP 	window1: blendMode = 'avg'
53.2199 	EXP 	window1: blendMode = 'avg'
53.2366 	EXP 	window1: blendMode = 'avg'
53.2530 	EXP 	window1: blendMode = 'avg'
53.2698 	EXP 	window1: blendMode = 'avg'
53.2865 	EXP 	window1: blendMode = 'avg'
53.3031 	EXP 	window1: blendMode = 'avg'
53.3197 	EXP 	window1: blendMode = 'avg'
53.3359 	EXP 	window1: blendMode = 'avg'
53.3529 	EXP 	window1: blendMode = 'avg'
53.3698 	EXP 	window1: blendMode = 'avg'
53.3865 	EXP 	window1: blendMode = 'avg'
53.4033 	EXP 	window1: blendMode = 'avg'
53.4196 	EXP 	window1: blendMode = 'avg'
53.4363 	EXP 	window1: blendMode = 'avg'
53.4529 	EXP 	window1: blendMode = 'avg'
53.4698 	EXP 	window1: blendMode = 'avg'
53.4864 	EXP 	window1: blendMode = 'avg'
53.5032 	EXP 	window1: blendMode = 'avg'
53.5198 	EXP 	window1: blendMode = 'avg'
53.5367 	EXP 	window1: blendMode = 'avg'
53.5531 	EXP 	window1: blendMode = 'avg'
53.5693 	EXP 	window1: blendMode = 'avg'
53.5863 	EXP 	window1: blendMode = 'avg'
53.6026 	EXP 	window1: blendMode = 'avg'
53.6188 	EXP 	window1: blendMode = 'avg'
53.6354 	EXP 	window1: blendMode = 'avg'
53.6523 	EXP 	window1: blendMode = 'avg'
53.6689 	EXP 	window1: blendMode = 'avg'
53.6862 	EXP 	window1: blendMode = 'avg'
53.7033 	EXP 	window1: blendMode = 'avg'
53.7197 	EXP 	window1: blendMode = 'avg'
53.7365 	EXP 	window1: blendMode = 'avg'
53.7531 	EXP 	window1: blendMode = 'avg'
53.7701 	EXP 	window1: blendMode = 'avg'
53.7852 	EXP 	window1: blendMode = 'avg'
53.8023 	EXP 	window1: blendMode = 'avg'
53.8189 	EXP 	window1: blendMode = 'avg'
53.8358 	EXP 	window1: blendMode = 'avg'
53.8522 	EXP 	window1: blendMode = 'avg'
53.8689 	EXP 	window1: blendMode = 'avg'
53.8847 	EXP 	window1: blendMode = 'avg'
53.9035 	EXP 	window1: blendMode = 'avg'
53.9198 	EXP 	window1: blendMode = 'avg'
53.9364 	EXP 	window1: blendMode = 'avg'
53.9531 	EXP 	window1: blendMode = 'avg'
53.9700 	EXP 	window1: blendMode = 'avg'
53.9866 	EXP 	window1: blendMode = 'avg'
54.0031 	EXP 	window1: blendMode = 'avg'
54.0197 	EXP 	window1: blendMode = 'avg'
54.0358 	EXP 	window1: blendMode = 'avg'
54.0533 	EXP 	window1: blendMode = 'avg'
54.0698 	EXP 	window1: blendMode = 'avg'
54.0866 	EXP 	window1: blendMode = 'avg'
54.1035 	EXP 	window1: blendMode = 'avg'
54.1194 	EXP 	window1: blendMode = 'avg'
54.1364 	EXP 	window1: blendMode = 'avg'
54.1530 	EXP 	window1: blendMode = 'avg'
54.1695 	EXP 	window1: blendMode = 'avg'
54.1862 	EXP 	window1: blendMode = 'avg'
54.2031 	EXP 	window1: blendMode = 'avg'
54.2197 	EXP 	window1: blendMode = 'avg'
54.2366 	EXP 	window1: blendMode = 'avg'
54.2531 	EXP 	window1: blendMode = 'avg'
54.2697 	EXP 	window1: blendMode = 'avg'
54.2863 	EXP 	window1: blendMode = 'avg'
54.3031 	EXP 	window1: blendMode = 'avg'
54.3200 	EXP 	window1: blendMode = 'avg'
54.3367 	EXP 	window1: blendMode = 'avg'
54.3531 	EXP 	window1: blendMode = 'avg'
54.3697 	EXP 	window1: blendMode = 'avg'
54.3864 	EXP 	window1: blendMode = 'avg'
54.4030 	EXP 	window1: blendMode = 'avg'
54.4198 	EXP 	window1: blendMode = 'avg'
54.4366 	EXP 	window1: blendMode = 'avg'
54.4530 	EXP 	window1: blendMode = 'avg'
54.4697 	EXP 	window1: blendMode = 'avg'
54.4865 	EXP 	window1: blendMode = 'avg'
54.5033 	EXP 	window1: blendMode = 'avg'
54.5200 	EXP 	window1: blendMode = 'avg'
54.5366 	EXP 	window1: blendMode = 'avg'
54.5530 	EXP 	window1: blendMode = 'avg'
54.5700 	EXP 	window1: blendMode = 'avg'
54.5871 	EXP 	window1: blendMode = 'avg'
54.6026 	EXP 	window1: blendMode = 'avg'
54.6195 	EXP 	window1: blendMode = 'avg'
54.6364 	EXP 	window1: blendMode = 'avg'
54.6531 	EXP 	window1: blendMode = 'avg'
54.6698 	EXP 	window1: blendMode = 'avg'
54.6864 	EXP 	window1: blendMode = 'avg'
54.7029 	EXP 	window1: blendMode = 'avg'
54.7189 	EXP 	window1: blendMode = 'avg'
54.7355 	EXP 	window1: blendMode = 'avg'
54.7524 	EXP 	window1: blendMode = 'avg'
54.7692 	EXP 	window1: blendMode = 'avg'
54.7859 	EXP 	window1: blendMode = 'avg'
54.8025 	EXP 	window1: blendMode = 'avg'
54.8198 	EXP 	window1: blendMode = 'avg'
54.8370 	EXP 	window1: blendMode = 'avg'
54.8529 	EXP 	window1: blendMode = 'avg'
54.8696 	EXP 	window1: blendMode = 'avg'
54.8862 	EXP 	window1: blendMode = 'avg'
54.9030 	EXP 	window1: blendMode = 'avg'
54.9197 	EXP 	window1: blendMode = 'avg'
54.9366 	EXP 	window1: blendMode = 'avg'
54.9531 	EXP 	window1: blendMode = 'avg'
54.9696 	EXP 	window1: blendMode = 'avg'
54.9863 	EXP 	window1: blendMode = 'avg'
55.0027 	EXP 	window1: blendMode = 'avg'
55.0197 	EXP 	window1: blendMode = 'avg'
55.0369 	EXP 	window1: blendMode = 'avg'
55.0526 	EXP 	window1: blendMode = 'avg'
55.0686 	EXP 	window1: blendMode = 'avg'
55.0865 	EXP 	window1: blendMode = 'avg'
55.1033 	EXP 	window1: blendMode = 'avg'
55.1197 	EXP 	window1: blendMode = 'avg'
55.1366 	EXP 	window1: blendMode = 'avg'
55.1530 	EXP 	window1: blendMode = 'avg'
55.1694 	EXP 	window1: blendMode = 'avg'
55.1864 	EXP 	window1: blendMode = 'avg'
55.2032 	EXP 	window1: blendMode = 'avg'
55.2197 	EXP 	window1: blendMode = 'avg'
55.2362 	EXP 	window1: blendMode = 'avg'
55.2529 	EXP 	window1: blendMode = 'avg'
55.2694 	EXP 	window1: blendMode = 'avg'
55.2861 	EXP 	window1: blendMode = 'avg'
55.3031 	EXP 	window1: blendMode = 'avg'
55.3199 	EXP 	window1: blendMode = 'avg'
55.3365 	EXP 	window1: blendMode = 'avg'
55.3531 	EXP 	window1: blendMode = 'avg'
55.3695 	EXP 	window1: blendMode = 'avg'
55.3862 	EXP 	window1: blendMode = 'avg'
55.4031 	EXP 	window1: blendMode = 'avg'
55.4198 	EXP 	window1: blendMode = 'avg'
55.4355 	EXP 	window1: blendMode = 'avg'
55.4529 	EXP 	window1: blendMode = 'avg'
55.4697 	EXP 	window1: blendMode = 'avg'
55.4864 	EXP 	window1: blendMode = 'avg'
55.5031 	EXP 	window1: blendMode = 'avg'
55.5199 	EXP 	window1: blendMode = 'avg'
55.5366 	EXP 	window1: blendMode = 'avg'
55.5530 	EXP 	window1: blendMode = 'avg'
55.5700 	EXP 	window1: blendMode = 'avg'
55.5866 	EXP 	window1: blendMode = 'avg'
55.6026 	EXP 	window1: blendMode = 'avg'
55.6185 	EXP 	window1: blendMode = 'avg'
55.6362 	EXP 	window1: blendMode = 'avg'
55.6531 	EXP 	window1: blendMode = 'avg'
55.6699 	EXP 	window1: blendMode = 'avg'
55.6864 	EXP 	window1: blendMode = 'avg'
55.7032 	EXP 	window1: blendMode = 'avg'
55.7196 	EXP 	window1: blendMode = 'avg'
55.7363 	EXP 	window1: blendMode = 'avg'
55.7530 	EXP 	window1: blendMode = 'avg'
55.7685 	EXP 	window1: blendMode = 'avg'
55.7862 	EXP 	window1: blendMode = 'avg'
55.8031 	EXP 	window1: blendMode = 'avg'
55.8197 	EXP 	window1: blendMode = 'avg'
55.8361 	EXP 	window1: blendMode = 'avg'
55.8521 	EXP 	window1: blendMode = 'avg'
55.8695 	EXP 	window1: blendMode = 'avg'
55.8864 	EXP 	window1: blendMode = 'avg'
55.9030 	EXP 	window1: blendMode = 'avg'
55.9197 	EXP 	window1: blendMode = 'avg'
55.9366 	EXP 	window1: blendMode = 'avg'
55.9530 	EXP 	window1: blendMode = 'avg'
55.9697 	EXP 	window1: blendMode = 'avg'
55.9863 	EXP 	window1: blendMode = 'avg'
56.0029 	EXP 	window1: blendMode = 'avg'
56.0198 	EXP 	window1: blendMode = 'avg'
56.0363 	EXP 	window1: blendMode = 'avg'
56.0533 	EXP 	window1: blendMode = 'avg'
56.0695 	EXP 	window1: blendMode = 'avg'
56.0862 	EXP 	window1: blendMode = 'avg'
56.1031 	EXP 	window1: blendMode = 'avg'
56.1197 	EXP 	window1: blendMode = 'avg'
56.1365 	EXP 	window1: blendMode = 'avg'
56.1531 	EXP 	window1: blendMode = 'avg'
56.1693 	EXP 	window1: blendMode = 'avg'
56.1862 	EXP 	window1: blendMode = 'avg'
56.2031 	EXP 	window1: blendMode = 'avg'
56.2198 	EXP 	window1: blendMode = 'avg'
56.2368 	EXP 	window1: blendMode = 'avg'
56.2519 	EXP 	window1: blendMode = 'avg'
56.2694 	EXP 	window1: blendMode = 'avg'
56.2861 	EXP 	window1: blendMode = 'avg'
56.3031 	EXP 	window1: blendMode = 'avg'
56.3196 	EXP 	window1: blendMode = 'avg'
56.3367 	EXP 	window1: blendMode = 'avg'
56.3531 	EXP 	window1: blendMode = 'avg'
56.3698 	EXP 	window1: blendMode = 'avg'
56.3866 	EXP 	window1: blendMode = 'avg'
56.4032 	EXP 	window1: blendMode = 'avg'
56.4198 	EXP 	window1: blendMode = 'avg'
56.4361 	EXP 	window1: blendMode = 'avg'
56.4530 	EXP 	window1: blendMode = 'avg'
56.4698 	EXP 	window1: blendMode = 'avg'
56.4864 	EXP 	window1: blendMode = 'avg'
56.5032 	EXP 	window1: blendMode = 'avg'
56.5196 	EXP 	window1: blendMode = 'avg'
56.5366 	EXP 	window1: blendMode = 'avg'
56.5530 	EXP 	window1: blendMode = 'avg'
56.5691 	EXP 	window1: blendMode = 'avg'
56.5866 	EXP 	window1: blendMode = 'avg'
56.6031 	EXP 	window1: blendMode = 'avg'
56.6191 	EXP 	window1: blendMode = 'avg'
56.6361 	EXP 	window1: blendMode = 'avg'
56.6531 	EXP 	window1: blendMode = 'avg'
56.6697 	EXP 	window1: blendMode = 'avg'
56.6863 	EXP 	window1: blendMode = 'avg'
56.7029 	EXP 	window1: blendMode = 'avg'
56.7199 	EXP 	window1: blendMode = 'avg'
56.7364 	EXP 	window1: blendMode = 'avg'
56.7531 	EXP 	window1: blendMode = 'avg'
56.7700 	EXP 	window1: blendMode = 'avg'
56.7859 	EXP 	window1: blendMode = 'avg'
56.8033 	EXP 	window1: blendMode = 'avg'
56.8193 	EXP 	window1: blendMode = 'avg'
56.8364 	EXP 	window1: blendMode = 'avg'
56.8530 	EXP 	window1: blendMode = 'avg'
56.8698 	EXP 	window1: blendMode = 'avg'
56.8862 	EXP 	window1: blendMode = 'avg'
56.9029 	EXP 	window1: blendMode = 'avg'
56.9198 	EXP 	window1: blendMode = 'avg'
56.9366 	EXP 	window1: blendMode = 'avg'
56.9531 	EXP 	window1: blendMode = 'avg'
56.9700 	EXP 	window1: blendMode = 'avg'
56.9864 	EXP 	window1: blendMode = 'avg'
57.0033 	EXP 	window1: blendMode = 'avg'
57.0198 	EXP 	window1: blendMode = 'avg'
57.0366 	EXP 	window1: blendMode = 'avg'
57.0530 	EXP 	window1: blendMode = 'avg'
57.0696 	EXP 	window1: blendMode = 'avg'
57.0866 	EXP 	window1: blendMode = 'avg'
57.1032 	EXP 	window1: blendMode = 'avg'
57.1197 	EXP 	window1: blendMode = 'avg'
57.1366 	EXP 	window1: blendMode = 'avg'
57.1533 	EXP 	window1: blendMode = 'avg'
57.1700 	EXP 	window1: blendMode = 'avg'
57.1866 	EXP 	window1: blendMode = 'avg'
57.2030 	EXP 	window1: blendMode = 'avg'
57.2199 	EXP 	window1: blendMode = 'avg'
57.2366 	EXP 	window1: blendMode = 'avg'
57.2531 	EXP 	window1: blendMode = 'avg'
57.2700 	EXP 	window1: blendMode = 'avg'
57.2864 	EXP 	window1: blendMode = 'avg'
57.3038 	EXP 	window1: blendMode = 'avg'
57.3198 	EXP 	window1: blendMode = 'avg'
57.3366 	EXP 	window1: blendMode = 'avg'
57.3531 	EXP 	window1: blendMode = 'avg'
57.3699 	EXP 	window1: blendMode = 'avg'
57.3857 	EXP 	window1: blendMode = 'avg'
57.4031 	EXP 	window1: blendMode = 'avg'
57.4199 	EXP 	window1: blendMode = 'avg'
57.4363 	EXP 	window1: blendMode = 'avg'
57.4530 	EXP 	window1: blendMode = 'avg'
57.4698 	EXP 	window1: blendMode = 'avg'
57.4864 	EXP 	window1: blendMode = 'avg'
57.5032 	EXP 	window1: blendMode = 'avg'
57.5196 	EXP 	window1: blendMode = 'avg'
57.5365 	EXP 	window1: blendMode = 'avg'
57.5531 	EXP 	window1: blendMode = 'avg'
57.5700 	EXP 	window1: blendMode = 'avg'
57.5866 	EXP 	window1: blendMode = 'avg'
57.6032 	EXP 	window1: blendMode = 'avg'
57.6196 	EXP 	window1: blendMode = 'avg'
57.6364 	EXP 	window1: blendMode = 'avg'
57.6531 	EXP 	window1: blendMode = 'avg'
57.6693 	EXP 	window1: blendMode = 'avg'
57.6861 	EXP 	window1: blendMode = 'avg'
57.7031 	EXP 	window1: blendMode = 'avg'
57.7197 	EXP 	window1: blendMode = 'avg'
57.7365 	EXP 	window1: blendMode = 'avg'
57.7531 	EXP 	window1: blendMode = 'avg'
57.7699 	EXP 	window1: blendMode = 'avg'
57.7864 	EXP 	window1: blendMode = 'avg'
57.8029 	EXP 	window1: blendMode = 'avg'
57.8197 	EXP 	window1: blendMode = 'avg'
57.8366 	EXP 	window1: blendMode = 'avg'
57.8523 	EXP 	window1: blendMode = 'avg'
57.8700 	EXP 	window1: blendMode = 'avg'
57.8864 	EXP 	window1: blendMode = 'avg'
57.9032 	EXP 	window1: blendMode = 'avg'
57.9198 	EXP 	window1: blendMode = 'avg'
57.9364 	EXP 	window1: blendMode = 'avg'
57.9531 	EXP 	window1: blendMode = 'avg'
57.9699 	EXP 	window1: blendMode = 'avg'
57.9863 	EXP 	window1: blendMode = 'avg'
58.0032 	EXP 	window1: blendMode = 'avg'
58.0193 	EXP 	window1: blendMode = 'avg'
58.0359 	EXP 	window1: blendMode = 'avg'
58.0529 	EXP 	window1: blendMode = 'avg'
58.0694 	EXP 	window1: blendMode = 'avg'
58.0862 	EXP 	window1: blendMode = 'avg'
58.1030 	EXP 	window1: blendMode = 'avg'
58.1197 	EXP 	window1: blendMode = 'avg'
58.1366 	EXP 	window1: blendMode = 'avg'
58.1518 	EXP 	window1: blendMode = 'avg'
58.1698 	EXP 	window1: blendMode = 'avg'
58.1866 	EXP 	window1: blendMode = 'avg'
58.2032 	EXP 	window1: blendMode = 'avg'
58.2199 	EXP 	window1: blendMode = 'avg'
58.2363 	EXP 	window1: blendMode = 'avg'
58.2529 	EXP 	window1: blendMode = 'avg'
58.2698 	EXP 	window1: blendMode = 'avg'
58.2864 	EXP 	window1: blendMode = 'avg'
58.3033 	EXP 	window1: blendMode = 'avg'
58.3199 	EXP 	window1: blendMode = 'avg'
58.3362 	EXP 	window1: blendMode = 'avg'
58.3523 	EXP 	window1: blendMode = 'avg'
58.3694 	EXP 	window1: blendMode = 'avg'
58.3860 	EXP 	window1: blendMode = 'avg'
58.4030 	EXP 	window1: blendMode = 'avg'
58.4197 	EXP 	window1: blendMode = 'avg'
58.4363 	EXP 	window1: blendMode = 'avg'
58.4529 	EXP 	window1: blendMode = 'avg'
58.4697 	EXP 	window1: blendMode = 'avg'
58.4864 	EXP 	window1: blendMode = 'avg'
58.5029 	EXP 	window1: blendMode = 'avg'
58.5197 	EXP 	window1: blendMode = 'avg'
58.5357 	EXP 	window1: blendMode = 'avg'
58.5530 	EXP 	window1: blendMode = 'avg'
58.5699 	EXP 	window1: blendMode = 'avg'
58.5864 	EXP 	window1: blendMode = 'avg'
58.6030 	EXP 	window1: blendMode = 'avg'
58.6196 	EXP 	window1: blendMode = 'avg'
58.6362 	EXP 	window1: blendMode = 'avg'
58.6528 	EXP 	window1: blendMode = 'avg'
58.6697 	EXP 	window1: blendMode = 'avg'
58.6866 	EXP 	window1: blendMode = 'avg'
58.7019 	EXP 	window1: blendMode = 'avg'
58.7195 	EXP 	window1: blendMode = 'avg'
58.7364 	EXP 	window1: blendMode = 'avg'
58.7531 	EXP 	window1: blendMode = 'avg'
58.7696 	EXP 	window1: blendMode = 'avg'
58.7856 	EXP 	window1: blendMode = 'avg'
58.8033 	EXP 	window1: blendMode = 'avg'
58.8197 	EXP 	window1: blendMode = 'avg'
58.8365 	EXP 	window1: blendMode = 'avg'
58.8532 	EXP 	window1: blendMode = 'avg'
58.8698 	EXP 	window1: blendMode = 'avg'
58.8862 	EXP 	window1: blendMode = 'avg'
58.9031 	EXP 	window1: blendMode = 'avg'
58.9198 	EXP 	window1: blendMode = 'avg'
58.9360 	EXP 	window1: blendMode = 'avg'
58.9531 	EXP 	window1: blendMode = 'avg'
58.9699 	EXP 	window1: blendMode = 'avg'
58.9863 	EXP 	window1: blendMode = 'avg'
59.0032 	EXP 	window1: blendMode = 'avg'
59.0196 	EXP 	window1: blendMode = 'avg'
59.0365 	EXP 	window1: blendMode = 'avg'
59.0533 	EXP 	window1: blendMode = 'avg'
59.0697 	EXP 	window1: blendMode = 'avg'
59.0864 	EXP 	window1: blendMode = 'avg'
59.1027 	EXP 	window1: blendMode = 'avg'
59.1195 	EXP 	window1: blendMode = 'avg'
59.1363 	EXP 	window1: blendMode = 'avg'
59.1531 	EXP 	window1: blendMode = 'avg'
59.1696 	EXP 	window1: blendMode = 'avg'
59.1862 	EXP 	window1: blendMode = 'avg'
59.2033 	EXP 	window1: blendMode = 'avg'
59.2197 	EXP 	window1: blendMode = 'avg'
59.2366 	EXP 	window1: blendMode = 'avg'
59.2533 	EXP 	window1: blendMode = 'avg'
59.2699 	EXP 	window1: blendMode = 'avg'
59.2864 	EXP 	window1: blendMode = 'avg'
59.3032 	EXP 	window1: blendMode = 'avg'
59.3197 	EXP 	window1: blendMode = 'avg'
59.3365 	EXP 	window1: blendMode = 'avg'
59.3532 	EXP 	window1: blendMode = 'avg'
59.3699 	EXP 	window1: blendMode = 'avg'
59.3869 	EXP 	window1: blendMode = 'avg'
59.4020 	EXP 	window1: blendMode = 'avg'
59.4195 	EXP 	window1: blendMode = 'avg'
59.4364 	EXP 	window1: blendMode = 'avg'
59.4527 	EXP 	window1: blendMode = 'avg'
59.4696 	EXP 	window1: blendMode = 'avg'
59.4866 	EXP 	window1: blendMode = 'avg'
59.5032 	EXP 	window1: blendMode = 'avg'
59.5196 	EXP 	window1: blendMode = 'avg'
59.5353 	EXP 	window1: blendMode = 'avg'
59.5529 	EXP 	window1: blendMode = 'avg'
59.5698 	EXP 	window1: blendMode = 'avg'
59.5864 	EXP 	window1: blendMode = 'avg'
59.6032 	EXP 	window1: blendMode = 'avg'
59.6193 	EXP 	window1: blendMode = 'avg'
59.6362 	EXP 	window1: blendMode = 'avg'
59.6528 	EXP 	window1: blendMode = 'avg'
59.6690 	EXP 	window1: blendMode = 'avg'
59.6863 	EXP 	window1: blendMode = 'avg'
59.7018 	EXP 	window1: blendMode = 'avg'
59.7194 	EXP 	window1: blendMode = 'avg'
59.7360 	EXP 	window1: blendMode = 'avg'
59.7528 	EXP 	window1: blendMode = 'avg'
59.7697 	EXP 	window1: blendMode = 'avg'
59.7864 	EXP 	window1: blendMode = 'avg'
59.8028 	EXP 	window1: blendMode = 'avg'
59.8189 	EXP 	window1: blendMode = 'avg'
59.8363 	EXP 	window1: blendMode = 'avg'
59.8530 	EXP 	window1: blendMode = 'avg'
59.8699 	EXP 	window1: blendMode = 'avg'
59.8864 	EXP 	window1: blendMode = 'avg'
59.9032 	EXP 	window1: blendMode = 'avg'
59.9198 	EXP 	window1: blendMode = 'avg'
59.9366 	EXP 	window1: blendMode = 'avg'
59.9524 	EXP 	window1: blendMode = 'avg'
59.9695 	EXP 	window1: blendMode = 'avg'
59.9864 	EXP 	window1: blendMode = 'avg'
60.0031 	EXP 	window1: blendMode = 'avg'
60.0195 	EXP 	window1: blendMode = 'avg'
60.0352 	EXP 	window1: blendMode = 'avg'
60.0526 	EXP 	window1: blendMode = 'avg'
60.0689 	EXP 	window1: blendMode = 'avg'
60.0855 	EXP 	window1: blendMode = 'avg'
60.1031 	EXP 	window1: blendMode = 'avg'
60.1199 	EXP 	window1: blendMode = 'avg'
60.1363 	EXP 	window1: blendMode = 'avg'
60.1530 	EXP 	window1: blendMode = 'avg'
60.1698 	EXP 	window1: blendMode = 'avg'
60.1853 	EXP 	window1: blendMode = 'avg'
60.2024 	EXP 	window1: blendMode = 'avg'
60.2183 	EXP 	window1: blendMode = 'avg'
60.2353 	EXP 	window1: blendMode = 'avg'
60.2524 	EXP 	window1: blendMode = 'avg'
60.2686 	EXP 	window1: blendMode = 'avg'
60.2856 	EXP 	window1: blendMode = 'avg'
60.3021 	EXP 	window1: blendMode = 'avg'
60.3182 	EXP 	window1: blendMode = 'avg'
60.3357 	EXP 	window1: blendMode = 'avg'
60.3519 	EXP 	window1: blendMode = 'avg'
60.3691 	EXP 	window1: blendMode = 'avg'
60.3850 	EXP 	window1: blendMode = 'avg'
60.4028 	EXP 	window1: blendMode = 'avg'
60.4196 	EXP 	window1: blendMode = 'avg'
60.4366 	EXP 	window1: blendMode = 'avg'
60.4530 	EXP 	window1: blendMode = 'avg'
60.4699 	EXP 	window1: blendMode = 'avg'
60.4863 	EXP 	window1: blendMode = 'avg'
60.5031 	EXP 	window1: blendMode = 'avg'
60.5198 	EXP 	window1: blendMode = 'avg'
60.5360 	EXP 	window1: blendMode = 'avg'
60.5527 	EXP 	window1: blendMode = 'avg'
60.5697 	EXP 	window1: blendMode = 'avg'
60.5864 	EXP 	window1: blendMode = 'avg'
60.6032 	EXP 	window1: blendMode = 'avg'
60.6196 	EXP 	window1: blendMode = 'avg'
60.6364 	EXP 	window1: blendMode = 'avg'
60.6531 	EXP 	window1: blendMode = 'avg'
60.6699 	EXP 	window1: blendMode = 'avg'
60.6866 	EXP 	window1: blendMode = 'avg'
60.7031 	EXP 	window1: blendMode = 'avg'
60.7196 	EXP 	window1: blendMode = 'avg'
60.7364 	EXP 	window1: blendMode = 'avg'
60.7533 	EXP 	window1: blendMode = 'avg'
60.7699 	EXP 	window1: blendMode = 'avg'
60.7865 	EXP 	window1: blendMode = 'avg'
60.8032 	EXP 	window1: blendMode = 'avg'
60.8197 	EXP 	window1: blendMode = 'avg'
60.8366 	EXP 	window1: blendMode = 'avg'
60.8530 	EXP 	window1: blendMode = 'avg'
60.8699 	EXP 	window1: blendMode = 'avg'
60.8862 	EXP 	window1: blendMode = 'avg'
60.9030 	EXP 	window1: blendMode = 'avg'
60.9198 	EXP 	window1: blendMode = 'avg'
60.9362 	EXP 	window1: blendMode = 'avg'
60.9528 	EXP 	window1: blendMode = 'avg'
60.9694 	EXP 	window1: blendMode = 'avg'
60.9861 	EXP 	window1: blendMode = 'avg'
61.0024 	EXP 	window1: blendMode = 'avg'
61.0189 	EXP 	window1: blendMode = 'avg'
61.0359 	EXP 	window1: blendMode = 'avg'
61.0524 	EXP 	window1: blendMode = 'avg'
61.0693 	EXP 	window1: blendMode = 'avg'
61.0861 	EXP 	window1: blendMode = 'avg'
61.1034 	EXP 	window1: blendMode = 'avg'
61.1201 	EXP 	window1: blendMode = 'avg'
61.1358 	EXP 	window1: blendMode = 'avg'
61.1524 	EXP 	window1: blendMode = 'avg'
61.1696 	EXP 	window1: blendMode = 'avg'
61.1864 	EXP 	window1: blendMode = 'avg'
61.2027 	EXP 	window1: blendMode = 'avg'
61.2188 	EXP 	window1: blendMode = 'avg'
61.2365 	EXP 	window1: blendMode = 'avg'
61.2529 	EXP 	window1: blendMode = 'avg'
61.2688 	EXP 	window1: blendMode = 'avg'
61.2863 	EXP 	window1: blendMode = 'avg'
61.3031 	EXP 	window1: blendMode = 'avg'
61.3197 	EXP 	window1: blendMode = 'avg'
61.3365 	EXP 	window1: blendMode = 'avg'
61.3529 	EXP 	window1: blendMode = 'avg'
61.3698 	EXP 	window1: blendMode = 'avg'
61.3864 	EXP 	window1: blendMode = 'avg'
61.4030 	EXP 	window1: blendMode = 'avg'
61.4196 	EXP 	window1: blendMode = 'avg'
61.4363 	EXP 	window1: blendMode = 'avg'
61.4530 	EXP 	window1: blendMode = 'avg'
61.4698 	EXP 	window1: blendMode = 'avg'
61.4862 	EXP 	window1: blendMode = 'avg'
61.5030 	EXP 	window1: blendMode = 'avg'
61.5197 	EXP 	window1: blendMode = 'avg'
61.5362 	EXP 	window1: blendMode = 'avg'
61.5530 	EXP 	window1: blendMode = 'avg'
61.5698 	EXP 	window1: blendMode = 'avg'
61.5865 	EXP 	window1: blendMode = 'avg'
61.6028 	EXP 	window1: blendMode = 'avg'
61.6195 	EXP 	window1: blendMode = 'avg'
61.6361 	EXP 	window1: blendMode = 'avg'
61.6529 	EXP 	window1: blendMode = 'avg'
61.6697 	EXP 	window1: blendMode = 'avg'
61.6863 	EXP 	window1: blendMode = 'avg'
61.7029 	EXP 	window1: blendMode = 'avg'
61.7194 	EXP 	window1: blendMode = 'avg'
61.7364 	EXP 	window1: blendMode = 'avg'
61.7529 	EXP 	window1: blendMode = 'avg'
61.7698 	EXP 	window1: blendMode = 'avg'
61.7853 	EXP 	window1: blendMode = 'avg'
61.8021 	EXP 	window1: blendMode = 'avg'
61.8196 	EXP 	window1: blendMode = 'avg'
61.8366 	EXP 	window1: blendMode = 'avg'
61.8532 	EXP 	window1: blendMode = 'avg'
61.8699 	EXP 	window1: blendMode = 'avg'
61.8863 	EXP 	window1: blendMode = 'avg'
61.9029 	EXP 	window1: blendMode = 'avg'
61.9195 	EXP 	window1: blendMode = 'avg'
61.9357 	EXP 	window1: blendMode = 'avg'
61.9530 	EXP 	window1: blendMode = 'avg'
61.9696 	EXP 	window1: blendMode = 'avg'
61.9862 	EXP 	window1: blendMode = 'avg'
62.0031 	EXP 	window1: blendMode = 'avg'
62.0193 	EXP 	window1: blendMode = 'avg'
62.0363 	EXP 	window1: blendMode = 'avg'
62.0532 	EXP 	window1: blendMode = 'avg'
62.0697 	EXP 	window1: blendMode = 'avg'
62.0865 	EXP 	window1: blendMode = 'avg'
62.1031 	EXP 	window1: blendMode = 'avg'
62.1198 	EXP 	window1: blendMode = 'avg'
62.1365 	EXP 	window1: blendMode = 'avg'
62.1529 	EXP 	window1: blendMode = 'avg'
62.1699 	EXP 	window1: blendMode = 'avg'
62.1854 	EXP 	window1: blendMode = 'avg'
62.2027 	EXP 	window1: blendMode = 'avg'
62.2196 	EXP 	window1: blendMode = 'avg'
62.2363 	EXP 	window1: blendMode = 'avg'
62.2530 	EXP 	window1: blendMode = 'avg'
62.2698 	EXP 	window1: blendMode = 'avg'
62.2862 	EXP 	window1: blendMode = 'avg'
62.3032 	EXP 	window1: blendMode = 'avg'
62.3197 	EXP 	window1: blendMode = 'avg'
62.3365 	EXP 	window1: blendMode = 'avg'
62.3534 	EXP 	window1: blendMode = 'avg'
62.3694 	EXP 	window1: blendMode = 'avg'
62.3857 	EXP 	window1: blendMode = 'avg'
62.4028 	EXP 	window1: blendMode = 'avg'
62.4195 	EXP 	window1: blendMode = 'avg'
62.4362 	EXP 	window1: blendMode = 'avg'
62.4528 	EXP 	window1: blendMode = 'avg'
62.4699 	EXP 	window1: blendMode = 'avg'
62.4863 	EXP 	window1: blendMode = 'avg'
62.5031 	EXP 	window1: blendMode = 'avg'
62.5195 	EXP 	window1: blendMode = 'avg'
62.5363 	EXP 	window1: blendMode = 'avg'
62.5531 	EXP 	window1: blendMode = 'avg'
62.5693 	EXP 	window1: blendMode = 'avg'
62.6021 	EXP 	text_3: autoDraw = False
68.5362 	DATA 	Keypress: space
70.3216 	DATA 	Keypress: return
71.6194 	DATA 	Keypress: return
71.8195 	DATA 	Keypress: return
72.0036 	DATA 	Keypress: return
72.8029 	DATA 	Mouse: Left button down, pos=(1439,552)
73.1021 	DATA 	Mouse:  Left button up, pos=(1439,552)
74.7864 	DATA 	Mouse: Right button down, pos=(1084,521)
74.7869 	DATA 	Mouse:  Right button up, pos=(1084,521)
76.6867 	DATA 	Keypress: space
76.9198 	DATA 	Keypress: space
79.0530 	DATA 	Keypress: space
82.8694 	DATA 	Keypress: escape
82.9752 	EXP 	window1: mouseVisible = True
