8.5555 	EXP 	Created window1 = Window(allowGUI=False, allowStencil=False, autoLog=True, bitsMode=UNKNOWN, blendMode='avg', color=array([ 0.,  0.,  0.]), colorSpace='rgb', fullscr=UNKNOWN, gamma=None, lms=UNKNOWN, monitor=<psychopy.monitors.calibTools.Monitor object at 0x1146d83d0>, multiSample=False, name='window1', numSamples=2, pos=[0, 0], screen=0, size=array([1440,  900]), stereo=False, units=u'norm', useFBO=True, useRetina=False, viewOri=0.0, viewPos=None, viewScale=None, waitBlanking=True, winType='pyglet')
8.5556 	EXP 	window1: recordFrameIntervals = False
8.7208 	EXP 	window1: recordFrameIntervals = True
8.9044 	EXP 	window1: recordFrameIntervals = False
8.9910 	EXP 	Created text_2 = TextStim(alignHoriz='center', alignVert='center', antialias=True, autoLog=True, bold=False, color='white', colorSpace='named', contrast=1.0, depth=0.0, flipHoriz=False, flipVert=False, font='Arial', fontFiles=[], height=0.1, italic=False, name='text_2', opacity=1.0, ori=0, pos=array([ 0.,  0.]), rgb=array([ 255.,  255.,  255.]), text=unicode(...), units=u'norm', win=Window(...), wrapWidth=1)
8.9927 	EXP 	Created Leftimg = ImageStim(autoLog=True, color=array([ 1.,  1.,  1.]), colorSpace='rgb', contrast=1.0, depth=0.0, flipHoriz=False, flipVert=False, image='sin', interpolate=True, mask=None, maskParams=None, name='Leftimg', opacity=1.0, ori=0.0, pos=array([ 0.,  0.]), size=array([ 400.,  400.]), texRes=128, units='pix', win=Window(...))
8.9940 	EXP 	Created Rightimg = ImageStim(autoLog=True, color=array([ 1.,  1.,  1.]), colorSpace='rgb', contrast=1.0, depth=-1.0, flipHoriz=False, flipVert=False, image='sin', interpolate=True, mask=None, maskParams=None, name='Rightimg', opacity=1.0, ori=0.0, pos=array([ 0.,  0.]), size=array([ 400.,  400.]), texRes=128, units='pix', win=Window(...))
9.0038 	EXP 	Created text = TextStim(alignHoriz='center', alignVert='center', antialias=True, autoLog=True, bold=False, color='white', colorSpace='named', contrast=1.0, depth=-4.0, flipHoriz=False, flipVert=False, font='Arial', fontFiles=[], height=0.05, italic=False, name='text', opacity=1.0, ori=0, pos=array([ 0.,  0.]), rgb=array([ 255.,  255.,  255.]), text=u'to proceed press the space bar.', units=u'norm', win=Window(...), wrapWidth=1)
9.0135 	EXP 	Created text_3 = TextStim(alignHoriz='center', alignVert='center', antialias=True, autoLog=True, bold=False, color='white', colorSpace='named', contrast=1.0, depth=0.0, flipHoriz=False, flipVert=False, font='Arial', fontFiles=[], height=0.1, italic=False, name='text_3', opacity=1.0, ori=0, pos=array([ 0.,  0.]), rgb=array([ 255.,  255.,  255.]), text=unicode(...), units=u'norm', win=Window(...), wrapWidth=1)
9.0183 	EXP 	window1: blendMode = 'avg'
9.0374 	EXP 	text_2: autoDraw = True
9.0414 	EXP 	window1: blendMode = 'avg'
9.0550 	EXP 	window1: blendMode = 'avg'
9.0714 	EXP 	window1: blendMode = 'avg'
9.0884 	EXP 	window1: blendMode = 'avg'
9.1058 	DATA 	Mouse: Left button down, pos=(768,694)
9.1063 	DATA 	Mouse:  Left button up, pos=(768,694)
9.1071 	EXP 	window1: blendMode = 'avg'
9.1215 	EXP 	window1: blendMode = 'avg'
9.1390 	EXP 	window1: blendMode = 'avg'
9.1554 	EXP 	window1: blendMode = 'avg'
9.1719 	EXP 	window1: blendMode = 'avg'
9.1886 	EXP 	window1: blendMode = 'avg'
9.2052 	EXP 	window1: blendMode = 'avg'
9.2214 	EXP 	window1: blendMode = 'avg'
9.2388 	EXP 	window1: blendMode = 'avg'
9.2552 	EXP 	window1: blendMode = 'avg'
9.2718 	EXP 	window1: blendMode = 'avg'
9.2882 	EXP 	window1: blendMode = 'avg'
9.3056 	EXP 	window1: blendMode = 'avg'
9.3221 	EXP 	window1: blendMode = 'avg'
9.3386 	EXP 	window1: blendMode = 'avg'
9.3549 	EXP 	window1: blendMode = 'avg'
9.3725 	EXP 	window1: blendMode = 'avg'
9.3887 	EXP 	window1: blendMode = 'avg'
9.4050 	EXP 	window1: blendMode = 'avg'
9.4214 	EXP 	window1: blendMode = 'avg'
9.4388 	EXP 	window1: blendMode = 'avg'
9.4553 	EXP 	window1: blendMode = 'avg'
9.4716 	EXP 	window1: blendMode = 'avg'
9.4880 	EXP 	window1: blendMode = 'avg'
9.5054 	EXP 	window1: blendMode = 'avg'
9.5220 	EXP 	window1: blendMode = 'avg'
9.5387 	EXP 	window1: blendMode = 'avg'
9.5552 	EXP 	window1: blendMode = 'avg'
9.5718 	EXP 	window1: blendMode = 'avg'
9.5881 	EXP 	window1: blendMode = 'avg'
9.6054 	EXP 	window1: blendMode = 'avg'
9.6261 	EXP 	window1: blendMode = 'avg'
9.6433 	EXP 	window1: blendMode = 'avg'
9.6595 	EXP 	window1: blendMode = 'avg'
9.6765 	EXP 	window1: blendMode = 'avg'
9.6934 	EXP 	window1: blendMode = 'avg'
9.7093 	EXP 	window1: blendMode = 'avg'
9.7265 	EXP 	window1: blendMode = 'avg'
9.7435 	EXP 	window1: blendMode = 'avg'
9.7594 	EXP 	window1: blendMode = 'avg'
9.7766 	EXP 	window1: blendMode = 'avg'
9.7888 	EXP 	window1: blendMode = 'avg'
9.8100 	EXP 	window1: blendMode = 'avg'
9.8260 	EXP 	window1: blendMode = 'avg'
9.8430 	EXP 	window1: blendMode = 'avg'
9.8600 	EXP 	window1: blendMode = 'avg'
9.8759 	EXP 	window1: blendMode = 'avg'
9.8932 	EXP 	window1: blendMode = 'avg'
9.9103 	EXP 	window1: blendMode = 'avg'
9.9262 	EXP 	window1: blendMode = 'avg'
9.9439 	EXP 	window1: blendMode = 'avg'
9.9557 	EXP 	window1: blendMode = 'avg'
9.9767 	EXP 	window1: blendMode = 'avg'
9.9928 	EXP 	window1: blendMode = 'avg'
10.0101 	EXP 	window1: blendMode = 'avg'
10.0261 	EXP 	window1: blendMode = 'avg'
10.0434 	EXP 	window1: blendMode = 'avg'
10.0595 	EXP 	window1: blendMode = 'avg'
10.0767 	EXP 	window1: blendMode = 'avg'
10.0926 	EXP 	window1: blendMode = 'avg'
10.1099 	EXP 	window1: blendMode = 'avg'
10.1267 	EXP 	window1: blendMode = 'avg'
10.1427 	EXP 	window1: blendMode = 'avg'
10.1597 	EXP 	window1: blendMode = 'avg'
10.1767 	EXP 	window1: blendMode = 'avg'
10.1926 	EXP 	window1: blendMode = 'avg'
10.2097 	EXP 	window1: blendMode = 'avg'
10.2267 	EXP 	window1: blendMode = 'avg'
10.2426 	EXP 	window1: blendMode = 'avg'
10.2597 	EXP 	window1: blendMode = 'avg'
10.2770 	EXP 	window1: blendMode = 'avg'
10.2929 	EXP 	window1: blendMode = 'avg'
10.3100 	EXP 	window1: blendMode = 'avg'
10.3261 	EXP 	window1: blendMode = 'avg'
10.3434 	EXP 	window1: blendMode = 'avg'
10.3594 	EXP 	window1: blendMode = 'avg'
10.3764 	EXP 	window1: blendMode = 'avg'
10.3935 	EXP 	window1: blendMode = 'avg'
10.4095 	EXP 	window1: blendMode = 'avg'
10.4273 	EXP 	window1: blendMode = 'avg'
10.4432 	EXP 	window1: blendMode = 'avg'
10.4600 	EXP 	window1: blendMode = 'avg'
10.4763 	EXP 	window1: blendMode = 'avg'
10.4934 	EXP 	window1: blendMode = 'avg'
10.5093 	EXP 	window1: blendMode = 'avg'
10.5265 	EXP 	window1: blendMode = 'avg'
10.5434 	EXP 	window1: blendMode = 'avg'
10.5593 	EXP 	window1: blendMode = 'avg'
10.5764 	EXP 	window1: blendMode = 'avg'
10.5933 	EXP 	window1: blendMode = 'avg'
10.6095 	EXP 	window1: blendMode = 'avg'
10.6265 	EXP 	window1: blendMode = 'avg'
10.6435 	EXP 	window1: blendMode = 'avg'
10.6594 	EXP 	window1: blendMode = 'avg'
10.6764 	EXP 	window1: blendMode = 'avg'
10.6936 	EXP 	window1: blendMode = 'avg'
10.7098 	EXP 	window1: blendMode = 'avg'
10.7222 	EXP 	window1: blendMode = 'avg'
10.7435 	EXP 	window1: blendMode = 'avg'
10.7594 	EXP 	window1: blendMode = 'avg'
10.7763 	EXP 	window1: blendMode = 'avg'
10.7934 	EXP 	window1: blendMode = 'avg'
10.8096 	EXP 	window1: blendMode = 'avg'
10.8267 	EXP 	window1: blendMode = 'avg'
10.8426 	EXP 	window1: blendMode = 'avg'
10.8599 	EXP 	window1: blendMode = 'avg'
10.8767 	EXP 	window1: blendMode = 'avg'
10.8927 	EXP 	window1: blendMode = 'avg'
10.9101 	EXP 	window1: blendMode = 'avg'
10.9263 	EXP 	window1: blendMode = 'avg'
10.9430 	EXP 	window1: blendMode = 'avg'
10.9599 	EXP 	window1: blendMode = 'avg'
10.9767 	EXP 	window1: blendMode = 'avg'
10.9928 	EXP 	window1: blendMode = 'avg'
11.0102 	EXP 	window1: blendMode = 'avg'
11.0261 	EXP 	window1: blendMode = 'avg'
11.0432 	EXP 	window1: blendMode = 'avg'
11.0600 	EXP 	window1: blendMode = 'avg'
11.0763 	EXP 	window1: blendMode = 'avg'
11.0935 	EXP 	window1: blendMode = 'avg'
11.1095 	EXP 	window1: blendMode = 'avg'
11.1265 	EXP 	window1: blendMode = 'avg'
11.1438 	EXP 	window1: blendMode = 'avg'
11.1598 	EXP 	window1: blendMode = 'avg'
11.1767 	EXP 	window1: blendMode = 'avg'
11.1890 	EXP 	window1: blendMode = 'avg'
11.2101 	EXP 	window1: blendMode = 'avg'
11.2262 	EXP 	window1: blendMode = 'avg'
11.2436 	EXP 	window1: blendMode = 'avg'
11.2595 	EXP 	window1: blendMode = 'avg'
11.2766 	EXP 	window1: blendMode = 'avg'
11.2924 	EXP 	window1: blendMode = 'avg'
11.3094 	EXP 	window1: blendMode = 'avg'
11.3265 	EXP 	window1: blendMode = 'avg'
11.3435 	EXP 	window1: blendMode = 'avg'
11.3594 	EXP 	window1: blendMode = 'avg'
11.3764 	EXP 	window1: blendMode = 'avg'
11.3936 	EXP 	window1: blendMode = 'avg'
11.4095 	EXP 	window1: blendMode = 'avg'
11.4264 	EXP 	window1: blendMode = 'avg'
11.4436 	EXP 	window1: blendMode = 'avg'
11.4597 	EXP 	window1: blendMode = 'avg'
11.4765 	EXP 	window1: blendMode = 'avg'
11.4925 	EXP 	window1: blendMode = 'avg'
11.5087 	EXP 	window1: blendMode = 'avg'
11.5269 	EXP 	window1: blendMode = 'avg'
11.5429 	EXP 	window1: blendMode = 'avg'
11.5600 	EXP 	window1: blendMode = 'avg'
11.5760 	EXP 	window1: blendMode = 'avg'
11.5930 	EXP 	window1: blendMode = 'avg'
11.6103 	EXP 	window1: blendMode = 'avg'
11.6262 	EXP 	window1: blendMode = 'avg'
11.6433 	EXP 	window1: blendMode = 'avg'
11.6593 	EXP 	window1: blendMode = 'avg'
11.6764 	EXP 	window1: blendMode = 'avg'
11.6935 	EXP 	window1: blendMode = 'avg'
11.7095 	EXP 	window1: blendMode = 'avg'
11.7262 	EXP 	window1: blendMode = 'avg'
11.7433 	EXP 	window1: blendMode = 'avg'
11.7592 	EXP 	window1: blendMode = 'avg'
11.7763 	EXP 	window1: blendMode = 'avg'
11.7934 	EXP 	window1: blendMode = 'avg'
11.8095 	EXP 	window1: blendMode = 'avg'
11.8266 	EXP 	window1: blendMode = 'avg'
11.8434 	EXP 	window1: blendMode = 'avg'
11.8595 	EXP 	window1: blendMode = 'avg'
11.8766 	EXP 	window1: blendMode = 'avg'
11.8931 	EXP 	window1: blendMode = 'avg'
11.9101 	EXP 	window1: blendMode = 'avg'
11.9262 	EXP 	window1: blendMode = 'avg'
11.9438 	EXP 	window1: blendMode = 'avg'
11.9602 	EXP 	window1: blendMode = 'avg'
11.9764 	EXP 	window1: blendMode = 'avg'
11.9889 	EXP 	window1: blendMode = 'avg'
12.0101 	EXP 	window1: blendMode = 'avg'
12.0260 	EXP 	window1: blendMode = 'avg'
12.0431 	EXP 	window1: blendMode = 'avg'
12.0600 	EXP 	window1: blendMode = 'avg'
12.0760 	EXP 	window1: blendMode = 'avg'
12.0930 	EXP 	window1: blendMode = 'avg'
12.1053 	EXP 	window1: blendMode = 'avg'
12.1268 	EXP 	window1: blendMode = 'avg'
12.1422 	EXP 	window1: blendMode = 'avg'
12.1601 	EXP 	window1: blendMode = 'avg'
12.1760 	EXP 	window1: blendMode = 'avg'
12.1902 	EXP 	window1: blendMode = 'avg'
12.2069 	EXP 	window1: blendMode = 'avg'
12.2235 	EXP 	window1: blendMode = 'avg'
12.2401 	EXP 	window1: blendMode = 'avg'
12.2571 	EXP 	window1: blendMode = 'avg'
12.2734 	EXP 	window1: blendMode = 'avg'
12.2904 	EXP 	window1: blendMode = 'avg'
12.3068 	EXP 	window1: blendMode = 'avg'
12.3234 	EXP 	window1: blendMode = 'avg'
12.3402 	EXP 	window1: blendMode = 'avg'
12.3570 	EXP 	window1: blendMode = 'avg'
12.3734 	EXP 	window1: blendMode = 'avg'
12.3903 	EXP 	window1: blendMode = 'avg'
12.4069 	EXP 	window1: blendMode = 'avg'
12.4232 	EXP 	window1: blendMode = 'avg'
12.4399 	EXP 	window1: blendMode = 'avg'
12.4568 	EXP 	window1: blendMode = 'avg'
12.4738 	EXP 	window1: blendMode = 'avg'
12.4904 	EXP 	window1: blendMode = 'avg'
12.5067 	EXP 	window1: blendMode = 'avg'
12.5235 	EXP 	window1: blendMode = 'avg'
12.5401 	EXP 	window1: blendMode = 'avg'
12.5568 	EXP 	window1: blendMode = 'avg'
12.5735 	EXP 	window1: blendMode = 'avg'
12.5903 	EXP 	window1: blendMode = 'avg'
12.6067 	EXP 	window1: blendMode = 'avg'
12.6233 	EXP 	window1: blendMode = 'avg'
12.6422 	DATA 	Keypress: space
12.6528 	EXP 	Imported Book.xlsx as conditions, 44 conditions, 7 params
12.6534 	EXP 	Created sequence: random, trialTypes=44, nReps=1, seed=None
12.6538 	EXP 	New trial (rep=0, index=0): {'YLeftPos': 0, 'time_presentation': 0.5, 'XLeftPos': -300, 'XRightPos': 300, 'rightimg': u'frogs/ab54.jpg', 'YRightPos': 0, 'leftimg': u'frogs/ab14.jpg'}
12.7394 	EXP 	text_2: autoDraw = False
12.7394 	EXP 	Leftimg: pos = array([-300.,    0.])
12.7394 	EXP 	Leftimg: image = u'frogs/ab14.jpg'
12.7394 	EXP 	Rightimg: pos = array([ 300.,    0.])
12.7394 	EXP 	Rightimg: image = u'frogs/ab54.jpg'
12.7394 	EXP 	Leftimg: autoDraw = True
12.7394 	EXP 	Rightimg: autoDraw = True
13.1725 	EXP 	Leftimg: autoDraw = False
13.1725 	EXP 	Rightimg: autoDraw = False
13.6079 	DATA 	Keypress: right
13.6092 	EXP 	New trial (rep=0, index=1): {'YLeftPos': 0, 'time_presentation': 0.5, 'XLeftPos': -300, 'XRightPos': 300, 'rightimg': u'frogs/ab49.jpg', 'YRightPos': 0, 'leftimg': u'frogs/ab9.jpg'}
13.8051 	EXP 	Leftimg: autoDraw = False
13.8051 	EXP 	Rightimg: autoDraw = False
13.8051 	EXP 	text: autoDraw = False
13.8051 	EXP 	Leftimg: pos = array([-300.,    0.])
13.8051 	EXP 	Leftimg: image = u'frogs/ab9.jpg'
13.8051 	EXP 	Rightimg: pos = array([ 300.,    0.])
13.8051 	EXP 	Rightimg: image = u'frogs/ab49.jpg'
13.8051 	EXP 	Leftimg: autoDraw = True
13.8051 	EXP 	Rightimg: autoDraw = True
14.1224 	EXP 	Leftimg: autoDraw = False
14.1224 	EXP 	Rightimg: autoDraw = False
14.2572 	DATA 	Keypress: left
14.2583 	EXP 	New trial (rep=0, index=2): {'YLeftPos': 0, 'time_presentation': 0.5, 'XLeftPos': -300, 'XRightPos': 300, 'rightimg': u'frogs/ab65.jpg', 'YRightPos': 0, 'leftimg': u'frogs/ab25.jpg'}
14.3393 	EXP 	Leftimg: autoDraw = False
14.3393 	EXP 	Rightimg: autoDraw = False
14.3393 	EXP 	text: autoDraw = False
14.3393 	EXP 	Leftimg: pos = array([-300.,    0.])
14.3393 	EXP 	Leftimg: image = u'frogs/ab25.jpg'
14.3393 	EXP 	Rightimg: pos = array([ 300.,    0.])
14.3393 	EXP 	Rightimg: image = u'frogs/ab65.jpg'
14.3393 	EXP 	Leftimg: autoDraw = True
14.3393 	EXP 	Rightimg: autoDraw = True
14.7726 	EXP 	Leftimg: autoDraw = False
14.7726 	EXP 	Rightimg: autoDraw = False
14.9746 	DATA 	Keypress: right
14.9757 	EXP 	New trial (rep=0, index=3): {'YLeftPos': 0, 'time_presentation': 0.5, 'XLeftPos': -300, 'XRightPos': 300, 'rightimg': u'1.jpg', 'YRightPos': 0, 'leftimg': u'3.jpg'}
15.0219 	EXP 	Leftimg: autoDraw = False
15.0219 	EXP 	Rightimg: autoDraw = False
15.0219 	EXP 	text: autoDraw = False
15.0219 	EXP 	Leftimg: pos = array([-300.,    0.])
15.0219 	EXP 	Leftimg: image = u'3.jpg'
15.0219 	EXP 	Rightimg: pos = array([ 300.,    0.])
15.0219 	EXP 	Rightimg: image = u'1.jpg'
15.0219 	EXP 	Leftimg: autoDraw = True
15.0219 	EXP 	Rightimg: autoDraw = True
15.4890 	EXP 	Leftimg: autoDraw = False
15.4890 	EXP 	Rightimg: autoDraw = False
15.7070 	DATA 	Keypress: right
15.7079 	EXP 	New trial (rep=0, index=4): {'YLeftPos': 0, 'time_presentation': 0.5, 'XLeftPos': -300, 'XRightPos': 300, 'rightimg': u'frogs/ab77.jpg', 'YRightPos': 0, 'leftimg': u'frogs/ab37.jpg'}
15.7552 	EXP 	Leftimg: autoDraw = False
15.7552 	EXP 	Rightimg: autoDraw = False
15.7552 	EXP 	text: autoDraw = False
15.7552 	EXP 	Leftimg: pos = array([-300.,    0.])
15.7552 	EXP 	Leftimg: image = u'frogs/ab37.jpg'
15.7552 	EXP 	Rightimg: pos = array([ 300.,    0.])
15.7552 	EXP 	Rightimg: image = u'frogs/ab77.jpg'
15.7552 	EXP 	Leftimg: autoDraw = True
15.7552 	EXP 	Rightimg: autoDraw = True
16.2220 	EXP 	Leftimg: autoDraw = False
16.2220 	EXP 	Rightimg: autoDraw = False
16.5075 	DATA 	Keypress: right
16.5087 	EXP 	New trial (rep=0, index=5): {'YLeftPos': 0, 'time_presentation': 0.5, 'XLeftPos': -300, 'XRightPos': 300, 'rightimg': u'frogs/ab45.jpg', 'YRightPos': 0, 'leftimg': u'frogs/ab5.jpg'}
16.5386 	EXP 	Leftimg: autoDraw = False
16.5386 	EXP 	Rightimg: autoDraw = False
16.5386 	EXP 	text: autoDraw = False
16.5386 	EXP 	Leftimg: pos = array([-300.,    0.])
16.5386 	EXP 	Leftimg: image = u'frogs/ab5.jpg'
16.5386 	EXP 	Rightimg: pos = array([ 300.,    0.])
16.5386 	EXP 	Rightimg: image = u'frogs/ab45.jpg'
16.5386 	EXP 	Leftimg: autoDraw = True
16.5386 	EXP 	Rightimg: autoDraw = True
17.0223 	EXP 	Leftimg: autoDraw = False
17.0223 	EXP 	Rightimg: autoDraw = False
17.2236 	DATA 	Keypress: left
17.2248 	EXP 	New trial (rep=0, index=6): {'YLeftPos': 0, 'time_presentation': 0.5, 'XLeftPos': -300, 'XRightPos': 300, 'rightimg': u'frogs/ab79.jpg', 'YRightPos': 0, 'leftimg': u'frogs/ab39.jpg'}
17.2555 	EXP 	Leftimg: autoDraw = False
17.2555 	EXP 	Rightimg: autoDraw = False
17.2555 	EXP 	text: autoDraw = False
17.2555 	EXP 	Leftimg: pos = array([-300.,    0.])
17.2555 	EXP 	Leftimg: image = u'frogs/ab39.jpg'
17.2555 	EXP 	Rightimg: pos = array([ 300.,    0.])
17.2555 	EXP 	Rightimg: image = u'frogs/ab79.jpg'
17.2555 	EXP 	Leftimg: autoDraw = True
17.2555 	EXP 	Rightimg: autoDraw = True
17.7391 	EXP 	Leftimg: autoDraw = False
17.7391 	EXP 	Rightimg: autoDraw = False
18.1067 	DATA 	Keypress: right
18.1078 	EXP 	New trial (rep=0, index=7): {'YLeftPos': 0, 'time_presentation': 0.5, 'XLeftPos': -300, 'XRightPos': 300, 'rightimg': u'frogs/ab41.jpg', 'YRightPos': 0, 'leftimg': u'frogs/ab1.jpg'}
18.1223 	EXP 	Leftimg: autoDraw = False
18.1223 	EXP 	Rightimg: autoDraw = False
18.1223 	EXP 	text: autoDraw = False
18.1223 	EXP 	Leftimg: pos = array([-300.,    0.])
18.1223 	EXP 	Leftimg: image = u'frogs/ab1.jpg'
18.1223 	EXP 	Rightimg: pos = array([ 300.,    0.])
18.1223 	EXP 	Rightimg: image = u'frogs/ab41.jpg'
18.1223 	EXP 	Leftimg: autoDraw = True
18.1223 	EXP 	Rightimg: autoDraw = True
18.6223 	EXP 	Leftimg: autoDraw = False
18.6223 	EXP 	Rightimg: autoDraw = False
19.0073 	DATA 	Keypress: right
19.0084 	EXP 	New trial (rep=0, index=8): {'YLeftPos': 0, 'time_presentation': 0.5, 'XLeftPos': -300, 'XRightPos': 300, 'rightimg': u'frogs/ab56.jpg', 'YRightPos': 0, 'leftimg': u'frogs/ab16.jpg'}
19.2722 	EXP 	Leftimg: autoDraw = False
19.2722 	EXP 	Rightimg: autoDraw = False
19.2722 	EXP 	text: autoDraw = False
19.2722 	EXP 	Leftimg: pos = array([-300.,    0.])
19.2722 	EXP 	Leftimg: image = u'frogs/ab16.jpg'
19.2722 	EXP 	Rightimg: pos = array([ 300.,    0.])
19.2722 	EXP 	Rightimg: image = u'frogs/ab56.jpg'
19.2722 	EXP 	Leftimg: autoDraw = True
19.2722 	EXP 	Rightimg: autoDraw = True
19.5220 	EXP 	Leftimg: autoDraw = False
19.5220 	EXP 	Rightimg: autoDraw = False
19.9405 	DATA 	Keypress: left
19.9416 	EXP 	New trial (rep=0, index=9): {'YLeftPos': 0, 'time_presentation': 0.5, 'XLeftPos': -300, 'XRightPos': 300, 'rightimg': u'frogs/ab67.jpg', 'YRightPos': 0, 'leftimg': u'frogs/ab27.jpg'}
20.0051 	EXP 	Leftimg: autoDraw = False
20.0051 	EXP 	Rightimg: autoDraw = False
20.0051 	EXP 	text: autoDraw = False
20.0051 	EXP 	Leftimg: pos = array([-300.,    0.])
20.0051 	EXP 	Leftimg: image = u'frogs/ab27.jpg'
20.0051 	EXP 	Rightimg: pos = array([ 300.,    0.])
20.0051 	EXP 	Rightimg: image = u'frogs/ab67.jpg'
20.0051 	EXP 	Leftimg: autoDraw = True
20.0051 	EXP 	Rightimg: autoDraw = True
20.4557 	EXP 	Leftimg: autoDraw = False
20.4557 	EXP 	Rightimg: autoDraw = False
20.6569 	DATA 	Keypress: right
20.6578 	EXP 	New trial (rep=0, index=10): {'YLeftPos': 0, 'time_presentation': 0.5, 'XLeftPos': -300, 'XRightPos': 300, 'rightimg': u'frogs/ab76.jpg', 'YRightPos': 0, 'leftimg': u'frogs/ab36.jpg'}
20.7055 	EXP 	Leftimg: autoDraw = False
20.7055 	EXP 	Rightimg: autoDraw = False
20.7055 	EXP 	text: autoDraw = False
20.7055 	EXP 	Leftimg: pos = array([-300.,    0.])
20.7055 	EXP 	Leftimg: image = u'frogs/ab36.jpg'
20.7055 	EXP 	Rightimg: pos = array([ 300.,    0.])
20.7055 	EXP 	Rightimg: image = u'frogs/ab76.jpg'
20.7055 	EXP 	Leftimg: autoDraw = True
20.7055 	EXP 	Rightimg: autoDraw = True
21.1719 	EXP 	Leftimg: autoDraw = False
21.1719 	EXP 	Rightimg: autoDraw = False
21.4407 	DATA 	Keypress: right
21.4419 	EXP 	New trial (rep=0, index=11): {'YLeftPos': 0, 'time_presentation': 0.5, 'XLeftPos': -300, 'XRightPos': 300, 'rightimg': u'frogs/ab46.jpg', 'YRightPos': 0, 'leftimg': u'frogs/ab6.jpg'}
21.5219 	EXP 	Leftimg: autoDraw = False
21.5219 	EXP 	Rightimg: autoDraw = False
21.5219 	EXP 	text: autoDraw = False
21.5219 	EXP 	Leftimg: pos = array([-300.,    0.])
21.5219 	EXP 	Leftimg: image = u'frogs/ab6.jpg'
21.5219 	EXP 	Rightimg: pos = array([ 300.,    0.])
21.5219 	EXP 	Rightimg: image = u'frogs/ab46.jpg'
21.5219 	EXP 	Leftimg: autoDraw = True
21.5219 	EXP 	Rightimg: autoDraw = True
21.9559 	EXP 	Leftimg: autoDraw = False
21.9559 	EXP 	Rightimg: autoDraw = False
22.6567 	DATA 	Keypress: left
22.6579 	EXP 	New trial (rep=0, index=12): {'YLeftPos': 0, 'time_presentation': 0.5, 'XLeftPos': -300, 'XRightPos': 300, 'rightimg': u'frogs/ab62.jpg', 'YRightPos': 0, 'leftimg': u'frogs/ab22.jpg'}
22.8390 	EXP 	Leftimg: autoDraw = False
22.8390 	EXP 	Rightimg: autoDraw = False
22.8390 	EXP 	text: autoDraw = False
22.8390 	EXP 	Leftimg: pos = array([-300.,    0.])
22.8390 	EXP 	Leftimg: image = u'frogs/ab22.jpg'
22.8390 	EXP 	Rightimg: pos = array([ 300.,    0.])
22.8390 	EXP 	Rightimg: image = u'frogs/ab62.jpg'
22.8390 	EXP 	Leftimg: autoDraw = True
22.8390 	EXP 	Rightimg: autoDraw = True
23.1722 	EXP 	Leftimg: autoDraw = False
23.1722 	EXP 	Rightimg: autoDraw = False
23.5408 	DATA 	Keypress: right
23.5419 	EXP 	New trial (rep=0, index=13): {'YLeftPos': 0, 'time_presentation': 0.5, 'XLeftPos': -300, 'XRightPos': 300, 'rightimg': u'frogs/ab74.jpg', 'YRightPos': 0, 'leftimg': u'frogs/ab34.jpg'}
23.6385 	EXP 	Leftimg: autoDraw = False
23.6385 	EXP 	Rightimg: autoDraw = False
23.6385 	EXP 	text: autoDraw = False
23.6385 	EXP 	Leftimg: pos = array([-300.,    0.])
23.6385 	EXP 	Leftimg: image = u'frogs/ab34.jpg'
23.6385 	EXP 	Rightimg: pos = array([ 300.,    0.])
23.6385 	EXP 	Rightimg: image = u'frogs/ab74.jpg'
23.6385 	EXP 	Leftimg: autoDraw = True
23.6385 	EXP 	Rightimg: autoDraw = True
24.0557 	EXP 	Leftimg: autoDraw = False
24.0557 	EXP 	Rightimg: autoDraw = False
24.3900 	DATA 	Keypress: left
24.3910 	EXP 	New trial (rep=0, index=14): {'YLeftPos': 0, 'time_presentation': 0.5, 'XLeftPos': -300, 'XRightPos': 300, 'rightimg': u'frogs/ab59.jpg', 'YRightPos': 0, 'leftimg': u'frogs/ab19.jpg'}
24.4387 	EXP 	Leftimg: autoDraw = False
24.4387 	EXP 	Rightimg: autoDraw = False
24.4387 	EXP 	text: autoDraw = False
24.4387 	EXP 	Leftimg: pos = array([-300.,    0.])
24.4387 	EXP 	Leftimg: image = u'frogs/ab19.jpg'
24.4387 	EXP 	Rightimg: pos = array([ 300.,    0.])
24.4387 	EXP 	Rightimg: image = u'frogs/ab59.jpg'
24.4387 	EXP 	Leftimg: autoDraw = True
24.4387 	EXP 	Rightimg: autoDraw = True
24.9056 	EXP 	Leftimg: autoDraw = False
24.9056 	EXP 	Rightimg: autoDraw = False
25.1910 	DATA 	Keypress: right
25.1922 	EXP 	New trial (rep=0, index=15): {'YLeftPos': 0, 'time_presentation': 0.5, 'XLeftPos': -300, 'XRightPos': 300, 'rightimg': u'frogs/ab64.jpg', 'YRightPos': 0, 'leftimg': u'frogs/ab24.jpg'}
25.2053 	EXP 	Leftimg: autoDraw = False
25.2053 	EXP 	Rightimg: autoDraw = False
25.2053 	EXP 	text: autoDraw = False
25.2053 	EXP 	Leftimg: pos = array([-300.,    0.])
25.2053 	EXP 	Leftimg: image = u'frogs/ab24.jpg'
25.2053 	EXP 	Rightimg: pos = array([ 300.,    0.])
25.2053 	EXP 	Rightimg: image = u'frogs/ab64.jpg'
25.2053 	EXP 	Leftimg: autoDraw = True
25.2053 	EXP 	Rightimg: autoDraw = True
25.7055 	EXP 	Leftimg: autoDraw = False
25.7055 	EXP 	Rightimg: autoDraw = False
26.0408 	DATA 	Keypress: right
26.0419 	EXP 	New trial (rep=0, index=16): {'YLeftPos': 0, 'time_presentation': 0.5, 'XLeftPos': -300, 'XRightPos': 300, 'rightimg': u'frogs/ab63.jpg', 'YRightPos': 0, 'leftimg': u'frogs/ab23.jpg'}
26.0885 	EXP 	Leftimg: autoDraw = False
26.0885 	EXP 	Rightimg: autoDraw = False
26.0885 	EXP 	text: autoDraw = False
26.0885 	EXP 	Leftimg: pos = array([-300.,    0.])
26.0885 	EXP 	Leftimg: image = u'frogs/ab23.jpg'
26.0885 	EXP 	Rightimg: pos = array([ 300.,    0.])
26.0885 	EXP 	Rightimg: image = u'frogs/ab63.jpg'
26.0885 	EXP 	Leftimg: autoDraw = True
26.0885 	EXP 	Rightimg: autoDraw = True
26.5554 	EXP 	Leftimg: autoDraw = False
26.5554 	EXP 	Rightimg: autoDraw = False
26.8741 	DATA 	Keypress: left
26.8753 	EXP 	New trial (rep=0, index=17): {'YLeftPos': 0, 'time_presentation': 0.5, 'XLeftPos': -300, 'XRightPos': 300, 'rightimg': u'frogs/ab50.jpg', 'YRightPos': 0, 'leftimg': u'frogs/ab10.jpg'}
26.9390 	EXP 	Leftimg: autoDraw = False
26.9390 	EXP 	Rightimg: autoDraw = False
26.9390 	EXP 	text: autoDraw = False
26.9390 	EXP 	Leftimg: pos = array([-300.,    0.])
26.9390 	EXP 	Leftimg: image = u'frogs/ab10.jpg'
26.9390 	EXP 	Rightimg: pos = array([ 300.,    0.])
26.9390 	EXP 	Rightimg: image = u'frogs/ab50.jpg'
26.9390 	EXP 	Leftimg: autoDraw = True
26.9390 	EXP 	Rightimg: autoDraw = True
27.3889 	EXP 	Leftimg: autoDraw = False
27.3889 	EXP 	Rightimg: autoDraw = False
27.7404 	DATA 	Keypress: right
27.7415 	EXP 	New trial (rep=0, index=18): {'YLeftPos': 0, 'time_presentation': 0.5, 'XLeftPos': -300, 'XRightPos': 300, 'rightimg': u'frogs/ab70.jpg', 'YRightPos': 0, 'leftimg': u'frogs/ab30.jpg'}
27.7556 	EXP 	Leftimg: autoDraw = False
27.7556 	EXP 	Rightimg: autoDraw = False
27.7556 	EXP 	text: autoDraw = False
27.7556 	EXP 	Leftimg: pos = array([-300.,    0.])
27.7556 	EXP 	Leftimg: image = u'frogs/ab30.jpg'
27.7556 	EXP 	Rightimg: pos = array([ 300.,    0.])
27.7556 	EXP 	Rightimg: image = u'frogs/ab70.jpg'
27.7556 	EXP 	Leftimg: autoDraw = True
27.7556 	EXP 	Rightimg: autoDraw = True
28.2555 	EXP 	Leftimg: autoDraw = False
28.2555 	EXP 	Rightimg: autoDraw = False
28.7582 	DATA 	Keypress: left
28.7737 	EXP 	New trial (rep=0, index=19): {'YLeftPos': 0, 'time_presentation': 0.5, 'XLeftPos': -300, 'XRightPos': 300, 'rightimg': u'frogs/ab57.jpg', 'YRightPos': 0, 'leftimg': u'frogs/ab17.jpg'}
28.8550 	EXP 	Leftimg: autoDraw = False
28.8550 	EXP 	Rightimg: autoDraw = False
28.8550 	EXP 	text: autoDraw = False
28.8550 	EXP 	Leftimg: pos = array([-300.,    0.])
28.8550 	EXP 	Leftimg: image = u'frogs/ab17.jpg'
28.8550 	EXP 	Rightimg: pos = array([ 300.,    0.])
28.8550 	EXP 	Rightimg: image = u'frogs/ab57.jpg'
28.8550 	EXP 	Leftimg: autoDraw = True
28.8550 	EXP 	Rightimg: autoDraw = True
29.2889 	EXP 	Leftimg: autoDraw = False
29.2889 	EXP 	Rightimg: autoDraw = False
29.6905 	DATA 	Keypress: right
29.6917 	EXP 	New trial (rep=0, index=20): {'YLeftPos': 0, 'time_presentation': 0.5, 'XLeftPos': -300, 'XRightPos': 300, 'rightimg': u'frogs/ab73.jpg', 'YRightPos': 0, 'leftimg': u'frogs/ab33.jpg'}
29.7883 	EXP 	Leftimg: autoDraw = False
29.7883 	EXP 	Rightimg: autoDraw = False
29.7883 	EXP 	text: autoDraw = False
29.7883 	EXP 	Leftimg: pos = array([-300.,    0.])
29.7883 	EXP 	Leftimg: image = u'frogs/ab33.jpg'
29.7883 	EXP 	Rightimg: pos = array([ 300.,    0.])
29.7883 	EXP 	Rightimg: image = u'frogs/ab73.jpg'
29.7883 	EXP 	Leftimg: autoDraw = True
29.7883 	EXP 	Rightimg: autoDraw = True
30.2055 	EXP 	Leftimg: autoDraw = False
30.2055 	EXP 	Rightimg: autoDraw = False
30.5726 	DATA 	Keypress: right
30.5734 	EXP 	New trial (rep=0, index=21): {'YLeftPos': 0, 'time_presentation': 0.5, 'XLeftPos': -300, 'XRightPos': 300, 'rightimg': u'frogs/ab66.jpg', 'YRightPos': 0, 'leftimg': u'frogs/ab26.jpg'}
30.5879 	EXP 	Leftimg: autoDraw = False
30.5879 	EXP 	Rightimg: autoDraw = False
30.5879 	EXP 	text: autoDraw = False
30.5879 	EXP 	Leftimg: pos = array([-300.,    0.])
30.5879 	EXP 	Leftimg: image = u'frogs/ab26.jpg'
30.5879 	EXP 	Rightimg: pos = array([ 300.,    0.])
30.5879 	EXP 	Rightimg: image = u'frogs/ab66.jpg'
30.5879 	EXP 	Leftimg: autoDraw = True
30.5879 	EXP 	Rightimg: autoDraw = True
31.0888 	EXP 	Leftimg: autoDraw = False
31.0888 	EXP 	Rightimg: autoDraw = False
31.6575 	DATA 	Keypress: left
31.6734 	EXP 	New trial (rep=0, index=22): {'YLeftPos': 0, 'time_presentation': 0.5, 'XLeftPos': -300, 'XRightPos': 300, 'rightimg': u'4.jpg', 'YRightPos': 0, 'leftimg': u'2.jpg'}
31.7052 	EXP 	Leftimg: autoDraw = False
31.7052 	EXP 	Rightimg: autoDraw = False
31.7052 	EXP 	text: autoDraw = False
31.7052 	EXP 	Leftimg: pos = array([-300.,    0.])
31.7052 	EXP 	Leftimg: image = u'2.jpg'
31.7052 	EXP 	Rightimg: pos = array([ 300.,    0.])
31.7052 	EXP 	Rightimg: image = u'4.jpg'
31.7052 	EXP 	Leftimg: autoDraw = True
31.7052 	EXP 	Rightimg: autoDraw = True
32.1889 	EXP 	Leftimg: autoDraw = False
32.1889 	EXP 	Rightimg: autoDraw = False
32.6572 	DATA 	Keypress: left
32.6584 	EXP 	New trial (rep=0, index=23): {'YLeftPos': 0, 'time_presentation': 0.5, 'XLeftPos': -300, 'XRightPos': 300, 'rightimg': u'frogs/ab61.jpg', 'YRightPos': 0, 'leftimg': u'frogs/ab21.jpg'}
32.6880 	EXP 	Leftimg: autoDraw = False
32.6880 	EXP 	Rightimg: autoDraw = False
32.6880 	EXP 	text: autoDraw = False
32.6880 	EXP 	Leftimg: pos = array([-300.,    0.])
32.6880 	EXP 	Leftimg: image = u'frogs/ab21.jpg'
32.6880 	EXP 	Rightimg: pos = array([ 300.,    0.])
32.6880 	EXP 	Rightimg: image = u'frogs/ab61.jpg'
32.6880 	EXP 	Leftimg: autoDraw = True
32.6880 	EXP 	Rightimg: autoDraw = True
33.1722 	EXP 	Leftimg: autoDraw = False
33.1722 	EXP 	Rightimg: autoDraw = False
33.5741 	DATA 	Keypress: right
33.5752 	EXP 	New trial (rep=0, index=24): {'YLeftPos': 0, 'time_presentation': 0.5, 'XLeftPos': -300, 'XRightPos': 300, 'rightimg': u'frogs/ab48.jpg', 'YRightPos': 0, 'leftimg': u'frogs/ab8.jpg'}
33.6230 	EXP 	Leftimg: autoDraw = False
33.6230 	EXP 	Rightimg: autoDraw = False
33.6230 	EXP 	text: autoDraw = False
33.6230 	EXP 	Leftimg: pos = array([-300.,    0.])
33.6230 	EXP 	Leftimg: image = u'frogs/ab8.jpg'
33.6230 	EXP 	Rightimg: pos = array([ 300.,    0.])
33.6230 	EXP 	Rightimg: image = u'frogs/ab48.jpg'
33.6230 	EXP 	Leftimg: autoDraw = True
33.6230 	EXP 	Rightimg: autoDraw = True
34.0884 	EXP 	Leftimg: autoDraw = False
34.0884 	EXP 	Rightimg: autoDraw = False
34.6409 	DATA 	Keypress: right
34.6419 	EXP 	New trial (rep=0, index=25): {'YLeftPos': 0, 'time_presentation': 0.5, 'XLeftPos': -300, 'XRightPos': 300, 'rightimg': u'frogs/ab42.jpg', 'YRightPos': 0, 'leftimg': u'frogs/ab2.jpg'}
34.9720 	EXP 	Leftimg: autoDraw = False
34.9720 	EXP 	Rightimg: autoDraw = False
34.9720 	EXP 	text: autoDraw = False
34.9720 	EXP 	Leftimg: pos = array([-300.,    0.])
34.9720 	EXP 	Leftimg: image = u'frogs/ab2.jpg'
34.9720 	EXP 	Rightimg: pos = array([ 300.,    0.])
34.9720 	EXP 	Rightimg: image = u'frogs/ab42.jpg'
34.9720 	EXP 	Leftimg: autoDraw = True
34.9720 	EXP 	Rightimg: autoDraw = True
35.1553 	EXP 	Leftimg: autoDraw = False
35.1553 	EXP 	Rightimg: autoDraw = False
35.6240 	DATA 	Keypress: right
35.6402 	EXP 	New trial (rep=0, index=26): {'YLeftPos': 0, 'time_presentation': 0.5, 'XLeftPos': -300, 'XRightPos': 300, 'rightimg': u'frogs/ab44.jpg', 'YRightPos': 0, 'leftimg': u'frogs/ab4.jpg'}
35.6718 	EXP 	Leftimg: autoDraw = False
35.6718 	EXP 	Rightimg: autoDraw = False
35.6718 	EXP 	text: autoDraw = False
35.6718 	EXP 	Leftimg: pos = array([-300.,    0.])
35.6718 	EXP 	Leftimg: image = u'frogs/ab4.jpg'
35.6718 	EXP 	Rightimg: pos = array([ 300.,    0.])
35.6718 	EXP 	Rightimg: image = u'frogs/ab44.jpg'
35.6718 	EXP 	Leftimg: autoDraw = True
35.6718 	EXP 	Rightimg: autoDraw = True
36.1551 	EXP 	Leftimg: autoDraw = False
36.1551 	EXP 	Rightimg: autoDraw = False
36.5069 	DATA 	Keypress: left
36.5079 	EXP 	New trial (rep=0, index=27): {'YLeftPos': 0, 'time_presentation': 0.5, 'XLeftPos': -300, 'XRightPos': 300, 'rightimg': u'3.jpg', 'YRightPos': 0, 'leftimg': u'1.jpg'}
36.5381 	EXP 	Leftimg: autoDraw = False
36.5381 	EXP 	Rightimg: autoDraw = False
36.5381 	EXP 	text: autoDraw = False
36.5381 	EXP 	Leftimg: pos = array([-300.,    0.])
36.5381 	EXP 	Leftimg: image = u'1.jpg'
36.5381 	EXP 	Rightimg: pos = array([ 300.,    0.])
36.5381 	EXP 	Rightimg: image = u'3.jpg'
36.5381 	EXP 	Leftimg: autoDraw = True
36.5381 	EXP 	Rightimg: autoDraw = True
37.0221 	EXP 	Leftimg: autoDraw = False
37.0221 	EXP 	Rightimg: autoDraw = False
37.4573 	DATA 	Keypress: right
37.4585 	EXP 	New trial (rep=0, index=28): {'YLeftPos': 0, 'time_presentation': 0.5, 'XLeftPos': -300, 'XRightPos': 300, 'rightimg': u'frogs/ab72.jpg', 'YRightPos': 0, 'leftimg': u'frogs/ab32.jpg'}
37.5058 	EXP 	Leftimg: autoDraw = False
37.5058 	EXP 	Rightimg: autoDraw = False
37.5058 	EXP 	text: autoDraw = False
37.5058 	EXP 	Leftimg: pos = array([-300.,    0.])
37.5058 	EXP 	Leftimg: image = u'frogs/ab32.jpg'
37.5058 	EXP 	Rightimg: pos = array([ 300.,    0.])
37.5058 	EXP 	Rightimg: image = u'frogs/ab72.jpg'
37.5058 	EXP 	Leftimg: autoDraw = True
37.5058 	EXP 	Rightimg: autoDraw = True
37.9720 	EXP 	Leftimg: autoDraw = False
37.9720 	EXP 	Rightimg: autoDraw = False
38.4740 	DATA 	Keypress: right
38.4751 	EXP 	New trial (rep=0, index=29): {'YLeftPos': 0, 'time_presentation': 0.5, 'XLeftPos': -300, 'XRightPos': 300, 'rightimg': u'frogs/ab69.jpg', 'YRightPos': 0, 'leftimg': u'frogs/ab29.jpg'}
38.5055 	EXP 	Leftimg: autoDraw = False
38.5055 	EXP 	Rightimg: autoDraw = False
38.5055 	EXP 	text: autoDraw = False
38.5055 	EXP 	Leftimg: pos = array([-300.,    0.])
38.5055 	EXP 	Leftimg: image = u'frogs/ab29.jpg'
38.5055 	EXP 	Rightimg: pos = array([ 300.,    0.])
38.5055 	EXP 	Rightimg: image = u'frogs/ab69.jpg'
38.5055 	EXP 	Leftimg: autoDraw = True
38.5055 	EXP 	Rightimg: autoDraw = True
38.9887 	EXP 	Leftimg: autoDraw = False
38.9887 	EXP 	Rightimg: autoDraw = False
39.9231 	DATA 	Keypress: left
39.9241 	EXP 	New trial (rep=0, index=30): {'YLeftPos': 0, 'time_presentation': 0.5, 'XLeftPos': -300, 'XRightPos': 300, 'rightimg': u'frogs/ab60.jpg', 'YRightPos': 0, 'leftimg': u'frogs/ab20.jpg'}
39.9387 	EXP 	Leftimg: autoDraw = False
39.9387 	EXP 	Rightimg: autoDraw = False
39.9387 	EXP 	text: autoDraw = False
39.9387 	EXP 	Leftimg: pos = array([-300.,    0.])
39.9387 	EXP 	Leftimg: image = u'frogs/ab20.jpg'
39.9387 	EXP 	Rightimg: pos = array([ 300.,    0.])
39.9387 	EXP 	Rightimg: image = u'frogs/ab60.jpg'
39.9387 	EXP 	Leftimg: autoDraw = True
39.9387 	EXP 	Rightimg: autoDraw = True
40.4387 	EXP 	Leftimg: autoDraw = False
40.4387 	EXP 	Rightimg: autoDraw = False
40.7234 	DATA 	Keypress: right
40.7244 	EXP 	New trial (rep=0, index=31): {'YLeftPos': 0, 'time_presentation': 0.5, 'XLeftPos': -300, 'XRightPos': 300, 'rightimg': u'frogs/ab71.jpg', 'YRightPos': 0, 'leftimg': u'frogs/ab31.jpg'}
40.8223 	EXP 	Leftimg: autoDraw = False
40.8223 	EXP 	Rightimg: autoDraw = False
40.8223 	EXP 	text: autoDraw = False
40.8223 	EXP 	Leftimg: pos = array([-300.,    0.])
40.8223 	EXP 	Leftimg: image = u'frogs/ab31.jpg'
40.8223 	EXP 	Rightimg: pos = array([ 300.,    0.])
40.8223 	EXP 	Rightimg: image = u'frogs/ab71.jpg'
40.8223 	EXP 	Leftimg: autoDraw = True
40.8223 	EXP 	Rightimg: autoDraw = True
41.2386 	EXP 	Leftimg: autoDraw = False
41.2386 	EXP 	Rightimg: autoDraw = False
41.7400 	DATA 	Keypress: right
41.7410 	EXP 	New trial (rep=0, index=32): {'YLeftPos': 0, 'time_presentation': 0.5, 'XLeftPos': -300, 'XRightPos': 300, 'rightimg': u'2.jpg', 'YRightPos': 0, 'leftimg': u'4.jpg'}
41.7718 	EXP 	Leftimg: autoDraw = False
41.7718 	EXP 	Rightimg: autoDraw = False
41.7718 	EXP 	text: autoDraw = False
41.7718 	EXP 	Leftimg: pos = array([-300.,    0.])
41.7718 	EXP 	Leftimg: image = u'4.jpg'
41.7718 	EXP 	Rightimg: pos = array([ 300.,    0.])
41.7718 	EXP 	Rightimg: image = u'2.jpg'
41.7718 	EXP 	Leftimg: autoDraw = True
41.7718 	EXP 	Rightimg: autoDraw = True
42.2554 	EXP 	Leftimg: autoDraw = False
42.2554 	EXP 	Rightimg: autoDraw = False
42.6237 	DATA 	Keypress: right
42.6249 	EXP 	New trial (rep=0, index=33): {'YLeftPos': 0, 'time_presentation': 0.5, 'XLeftPos': -300, 'XRightPos': 300, 'rightimg': u'frogs/ab55.jpg', 'YRightPos': 0, 'leftimg': u'frogs/ab15.jpg'}
42.7046 	EXP 	Leftimg: autoDraw = False
42.7046 	EXP 	Rightimg: autoDraw = False
42.7046 	EXP 	text: autoDraw = False
42.7046 	EXP 	Leftimg: pos = array([-300.,    0.])
42.7046 	EXP 	Leftimg: image = u'frogs/ab15.jpg'
42.7046 	EXP 	Rightimg: pos = array([ 300.,    0.])
42.7046 	EXP 	Rightimg: image = u'frogs/ab55.jpg'
42.7046 	EXP 	Leftimg: autoDraw = True
42.7046 	EXP 	Rightimg: autoDraw = True
43.1387 	EXP 	Leftimg: autoDraw = False
43.1387 	EXP 	Rightimg: autoDraw = False
43.7571 	DATA 	Keypress: right
43.7583 	EXP 	New trial (rep=0, index=34): {'YLeftPos': 0, 'time_presentation': 0.5, 'XLeftPos': -300, 'XRightPos': 300, 'rightimg': u'frogs/ab58.jpg', 'YRightPos': 0, 'leftimg': u'frogs/ab18.jpg'}
43.9052 	EXP 	Leftimg: autoDraw = False
43.9052 	EXP 	Rightimg: autoDraw = False
43.9052 	EXP 	text: autoDraw = False
43.9052 	EXP 	Leftimg: pos = array([-300.,    0.])
43.9052 	EXP 	Leftimg: image = u'frogs/ab18.jpg'
43.9052 	EXP 	Rightimg: pos = array([ 300.,    0.])
43.9052 	EXP 	Rightimg: image = u'frogs/ab58.jpg'
43.9052 	EXP 	Leftimg: autoDraw = True
43.9052 	EXP 	Rightimg: autoDraw = True
44.2720 	EXP 	Leftimg: autoDraw = False
44.2720 	EXP 	Rightimg: autoDraw = False
44.7070 	DATA 	Keypress: left
44.7081 	EXP 	New trial (rep=0, index=35): {'YLeftPos': 0, 'time_presentation': 0.5, 'XLeftPos': -300, 'XRightPos': 300, 'rightimg': u'frogs/ab75.jpg', 'YRightPos': 0, 'leftimg': u'frogs/ab35.jpg'}
44.7387 	EXP 	Leftimg: autoDraw = False
44.7387 	EXP 	Rightimg: autoDraw = False
44.7387 	EXP 	text: autoDraw = False
44.7387 	EXP 	Leftimg: pos = array([-300.,    0.])
44.7387 	EXP 	Leftimg: image = u'frogs/ab35.jpg'
44.7387 	EXP 	Rightimg: pos = array([ 300.,    0.])
44.7387 	EXP 	Rightimg: image = u'frogs/ab75.jpg'
44.7387 	EXP 	Leftimg: autoDraw = True
44.7387 	EXP 	Rightimg: autoDraw = True
45.2216 	EXP 	Leftimg: autoDraw = False
45.2216 	EXP 	Rightimg: autoDraw = False
45.6074 	DATA 	Keypress: right
45.6084 	EXP 	New trial (rep=0, index=36): {'YLeftPos': 0, 'time_presentation': 0.5, 'XLeftPos': -300, 'XRightPos': 300, 'rightimg': u'frogs/ab52.jpg', 'YRightPos': 0, 'leftimg': u'frogs/ab12.jpg'}
45.6218 	EXP 	Leftimg: autoDraw = False
45.6218 	EXP 	Rightimg: autoDraw = False
45.6218 	EXP 	text: autoDraw = False
45.6218 	EXP 	Leftimg: pos = array([-300.,    0.])
45.6218 	EXP 	Leftimg: image = u'frogs/ab12.jpg'
45.6218 	EXP 	Rightimg: pos = array([ 300.,    0.])
45.6218 	EXP 	Rightimg: image = u'frogs/ab52.jpg'
45.6218 	EXP 	Leftimg: autoDraw = True
45.6218 	EXP 	Rightimg: autoDraw = True
46.1220 	EXP 	Leftimg: autoDraw = False
46.1220 	EXP 	Rightimg: autoDraw = False
46.4405 	DATA 	Keypress: right
46.4416 	EXP 	New trial (rep=0, index=37): {'YLeftPos': 0, 'time_presentation': 0.5, 'XLeftPos': -300, 'XRightPos': 300, 'rightimg': u'frogs/ab43.jpg', 'YRightPos': 0, 'leftimg': u'frogs/ab3.jpg'}
46.5054 	EXP 	Leftimg: autoDraw = False
46.5054 	EXP 	Rightimg: autoDraw = False
46.5054 	EXP 	text: autoDraw = False
46.5054 	EXP 	Leftimg: pos = array([-300.,    0.])
46.5054 	EXP 	Leftimg: image = u'frogs/ab3.jpg'
46.5054 	EXP 	Rightimg: pos = array([ 300.,    0.])
46.5054 	EXP 	Rightimg: image = u'frogs/ab43.jpg'
46.5054 	EXP 	Leftimg: autoDraw = True
46.5054 	EXP 	Rightimg: autoDraw = True
46.9553 	EXP 	Leftimg: autoDraw = False
46.9553 	EXP 	Rightimg: autoDraw = False
47.4407 	DATA 	Keypress: left
47.4418 	EXP 	New trial (rep=0, index=38): {'YLeftPos': 0, 'time_presentation': 0.5, 'XLeftPos': -300, 'XRightPos': 300, 'rightimg': u'frogs/ab68.jpg', 'YRightPos': 0, 'leftimg': u'frogs/ab28.jpg'}
47.4715 	EXP 	Leftimg: autoDraw = False
47.4715 	EXP 	Rightimg: autoDraw = False
47.4715 	EXP 	text: autoDraw = False
47.4715 	EXP 	Leftimg: pos = array([-300.,    0.])
47.4715 	EXP 	Leftimg: image = u'frogs/ab28.jpg'
47.4715 	EXP 	Rightimg: pos = array([ 300.,    0.])
47.4715 	EXP 	Rightimg: image = u'frogs/ab68.jpg'
47.4715 	EXP 	Leftimg: autoDraw = True
47.4715 	EXP 	Rightimg: autoDraw = True
47.9554 	EXP 	Leftimg: autoDraw = False
47.9554 	EXP 	Rightimg: autoDraw = False
48.2734 	DATA 	Keypress: right
48.2749 	EXP 	New trial (rep=0, index=39): {'YLeftPos': 0, 'time_presentation': 0.5, 'XLeftPos': -300, 'XRightPos': 300, 'rightimg': u'frogs/ab47.jpg', 'YRightPos': 0, 'leftimg': u'frogs/ab7.jpg'}
48.6547 	EXP 	Leftimg: autoDraw = False
48.6547 	EXP 	Rightimg: autoDraw = False
48.6547 	EXP 	text: autoDraw = False
48.6547 	EXP 	Leftimg: pos = array([-300.,    0.])
48.6547 	EXP 	Leftimg: image = u'frogs/ab7.jpg'
48.6547 	EXP 	Rightimg: pos = array([ 300.,    0.])
48.6547 	EXP 	Rightimg: image = u'frogs/ab47.jpg'
48.6547 	EXP 	Leftimg: autoDraw = True
48.6547 	EXP 	Rightimg: autoDraw = True
48.7884 	EXP 	Leftimg: autoDraw = False
48.7884 	EXP 	Rightimg: autoDraw = False
49.2564 	DATA 	Keypress: left
49.2575 	EXP 	New trial (rep=0, index=40): {'YLeftPos': 0, 'time_presentation': 0.5, 'XLeftPos': -300, 'XRightPos': 300, 'rightimg': u'frogs/ab53.jpg', 'YRightPos': 0, 'leftimg': u'frogs/ab13.jpg'}
49.3045 	EXP 	Leftimg: autoDraw = False
49.3045 	EXP 	Rightimg: autoDraw = False
49.3045 	EXP 	text: autoDraw = False
49.3045 	EXP 	Leftimg: pos = array([-300.,    0.])
49.3045 	EXP 	Leftimg: image = u'frogs/ab13.jpg'
49.3045 	EXP 	Rightimg: pos = array([ 300.,    0.])
49.3045 	EXP 	Rightimg: image = u'frogs/ab53.jpg'
49.3045 	EXP 	Leftimg: autoDraw = True
49.3045 	EXP 	Rightimg: autoDraw = True
49.7717 	EXP 	Leftimg: autoDraw = False
49.7717 	EXP 	Rightimg: autoDraw = False
50.4726 	DATA 	Keypress: right
50.4734 	EXP 	New trial (rep=0, index=41): {'YLeftPos': 0, 'time_presentation': 0.5, 'XLeftPos': -300, 'XRightPos': 300, 'rightimg': u'frogs/ab80.jpg', 'YRightPos': 0, 'leftimg': u'frogs/ab40.jpg'}
50.4882 	EXP 	Leftimg: autoDraw = False
50.4882 	EXP 	Rightimg: autoDraw = False
50.4882 	EXP 	text: autoDraw = False
50.4882 	EXP 	Leftimg: pos = array([-300.,    0.])
50.4882 	EXP 	Leftimg: image = u'frogs/ab40.jpg'
50.4882 	EXP 	Rightimg: pos = array([ 300.,    0.])
50.4882 	EXP 	Rightimg: image = u'frogs/ab80.jpg'
50.4882 	EXP 	Leftimg: autoDraw = True
50.4882 	EXP 	Rightimg: autoDraw = True
50.9883 	EXP 	Leftimg: autoDraw = False
50.9883 	EXP 	Rightimg: autoDraw = False
51.4229 	DATA 	Keypress: left
51.4236 	EXP 	New trial (rep=0, index=42): {'YLeftPos': 0, 'time_presentation': 0.5, 'XLeftPos': -300, 'XRightPos': 300, 'rightimg': u'frogs/ab51.jpg', 'YRightPos': 0, 'leftimg': u'frogs/ab11.jpg'}
51.4882 	EXP 	Leftimg: autoDraw = False
51.4882 	EXP 	Rightimg: autoDraw = False
51.4882 	EXP 	text: autoDraw = False
51.4882 	EXP 	Leftimg: pos = array([-300.,    0.])
51.4882 	EXP 	Leftimg: image = u'frogs/ab11.jpg'
51.4882 	EXP 	Rightimg: pos = array([ 300.,    0.])
51.4882 	EXP 	Rightimg: image = u'frogs/ab51.jpg'
51.4882 	EXP 	Leftimg: autoDraw = True
51.4882 	EXP 	Rightimg: autoDraw = True
51.9378 	EXP 	Leftimg: autoDraw = False
51.9378 	EXP 	Rightimg: autoDraw = False
52.4063 	DATA 	Keypress: left
52.4073 	EXP 	New trial (rep=0, index=43): {'YLeftPos': 0, 'time_presentation': 0.5, 'XLeftPos': -300, 'XRightPos': 300, 'rightimg': u'frogs/ab78.jpg', 'YRightPos': 0, 'leftimg': u'frogs/ab38.jpg'}
52.4381 	EXP 	Leftimg: autoDraw = False
52.4381 	EXP 	Rightimg: autoDraw = False
52.4381 	EXP 	text: autoDraw = False
52.4381 	EXP 	Leftimg: pos = array([-300.,    0.])
52.4381 	EXP 	Leftimg: image = u'frogs/ab38.jpg'
52.4381 	EXP 	Rightimg: pos = array([ 300.,    0.])
52.4381 	EXP 	Rightimg: image = u'frogs/ab78.jpg'
52.4381 	EXP 	Leftimg: autoDraw = True
52.4381 	EXP 	Rightimg: autoDraw = True
52.9216 	EXP 	Leftimg: autoDraw = False
52.9216 	EXP 	Rightimg: autoDraw = False
53.5573 	DATA 	Keypress: right
53.6294 	EXP 	window1: blendMode = 'avg'
53.6377 	EXP 	Leftimg: autoDraw = False
53.6377 	EXP 	Rightimg: autoDraw = False
53.6377 	EXP 	text: autoDraw = False
53.6377 	EXP 	text_3: autoDraw = True
53.6388 	EXP 	window1: blendMode = 'avg'
53.6565 	EXP 	window1: blendMode = 'avg'
53.6730 	EXP 	window1: blendMode = 'avg'
53.6899 	EXP 	window1: blendMode = 'avg'
53.7068 	EXP 	window1: blendMode = 'avg'
53.7229 	EXP 	window1: blendMode = 'avg'
53.7398 	EXP 	window1: blendMode = 'avg'
53.7564 	EXP 	window1: blendMode = 'avg'
53.7728 	EXP 	window1: blendMode = 'avg'
53.7897 	EXP 	window1: blendMode = 'avg'
53.8061 	EXP 	window1: blendMode = 'avg'
53.8230 	EXP 	window1: blendMode = 'avg'
53.8396 	EXP 	window1: blendMode = 'avg'
53.8562 	EXP 	window1: blendMode = 'avg'
53.8731 	EXP 	window1: blendMode = 'avg'
53.8896 	EXP 	window1: blendMode = 'avg'
53.9065 	EXP 	window1: blendMode = 'avg'
53.9229 	EXP 	window1: blendMode = 'avg'
53.9396 	EXP 	window1: blendMode = 'avg'
53.9561 	EXP 	window1: blendMode = 'avg'
53.9729 	EXP 	window1: blendMode = 'avg'
53.9899 	EXP 	window1: blendMode = 'avg'
54.0063 	EXP 	window1: blendMode = 'avg'
54.0230 	EXP 	window1: blendMode = 'avg'
54.0396 	EXP 	window1: blendMode = 'avg'
54.0565 	EXP 	window1: blendMode = 'avg'
54.0729 	EXP 	window1: blendMode = 'avg'
54.0896 	EXP 	window1: blendMode = 'avg'
54.1057 	EXP 	window1: blendMode = 'avg'
54.1227 	EXP 	window1: blendMode = 'avg'
54.1396 	EXP 	window1: blendMode = 'avg'
54.1564 	EXP 	window1: blendMode = 'avg'
54.1730 	EXP 	window1: blendMode = 'avg'
54.1894 	EXP 	window1: blendMode = 'avg'
54.2063 	EXP 	window1: blendMode = 'avg'
54.2231 	EXP 	window1: blendMode = 'avg'
54.2395 	EXP 	window1: blendMode = 'avg'
54.2564 	EXP 	window1: blendMode = 'avg'
54.2730 	EXP 	window1: blendMode = 'avg'
54.2893 	EXP 	window1: blendMode = 'avg'
54.3061 	EXP 	window1: blendMode = 'avg'
54.3229 	EXP 	window1: blendMode = 'avg'
54.3395 	EXP 	window1: blendMode = 'avg'
54.3562 	EXP 	window1: blendMode = 'avg'
54.3730 	EXP 	window1: blendMode = 'avg'
54.3888 	EXP 	window1: blendMode = 'avg'
54.4064 	EXP 	window1: blendMode = 'avg'
54.4231 	EXP 	window1: blendMode = 'avg'
54.4395 	EXP 	window1: blendMode = 'avg'
54.4565 	EXP 	window1: blendMode = 'avg'
54.4730 	EXP 	window1: blendMode = 'avg'
54.4896 	EXP 	window1: blendMode = 'avg'
54.5063 	EXP 	window1: blendMode = 'avg'
54.5229 	EXP 	window1: blendMode = 'avg'
54.5398 	EXP 	window1: blendMode = 'avg'
54.5564 	EXP 	window1: blendMode = 'avg'
54.5729 	EXP 	window1: blendMode = 'avg'
54.5895 	EXP 	window1: blendMode = 'avg'
54.6054 	EXP 	window1: blendMode = 'avg'
54.6227 	EXP 	window1: blendMode = 'avg'
54.6394 	EXP 	window1: blendMode = 'avg'
54.6561 	EXP 	window1: blendMode = 'avg'
54.6728 	EXP 	window1: blendMode = 'avg'
54.6898 	EXP 	window1: blendMode = 'avg'
54.7059 	EXP 	window1: blendMode = 'avg'
54.7228 	EXP 	window1: blendMode = 'avg'
54.7394 	EXP 	window1: blendMode = 'avg'
54.7564 	EXP 	window1: blendMode = 'avg'
54.7729 	EXP 	window1: blendMode = 'avg'
54.7897 	EXP 	window1: blendMode = 'avg'
54.8063 	EXP 	window1: blendMode = 'avg'
54.8232 	EXP 	window1: blendMode = 'avg'
54.8396 	EXP 	window1: blendMode = 'avg'
54.8564 	EXP 	window1: blendMode = 'avg'
54.8727 	EXP 	window1: blendMode = 'avg'
54.8893 	EXP 	window1: blendMode = 'avg'
54.9060 	EXP 	window1: blendMode = 'avg'
54.9230 	EXP 	window1: blendMode = 'avg'
54.9396 	EXP 	window1: blendMode = 'avg'
54.9565 	EXP 	window1: blendMode = 'avg'
54.9729 	EXP 	window1: blendMode = 'avg'
54.9897 	EXP 	window1: blendMode = 'avg'
55.0063 	EXP 	window1: blendMode = 'avg'
55.0231 	EXP 	window1: blendMode = 'avg'
55.0395 	EXP 	window1: blendMode = 'avg'
55.0564 	EXP 	window1: blendMode = 'avg'
55.0729 	EXP 	window1: blendMode = 'avg'
55.0896 	EXP 	window1: blendMode = 'avg'
55.1063 	EXP 	window1: blendMode = 'avg'
55.1219 	EXP 	window1: blendMode = 'avg'
55.1390 	EXP 	window1: blendMode = 'avg'
55.1563 	EXP 	window1: blendMode = 'avg'
55.1733 	EXP 	window1: blendMode = 'avg'
55.1894 	EXP 	window1: blendMode = 'avg'
55.2061 	EXP 	window1: blendMode = 'avg'
55.2230 	EXP 	window1: blendMode = 'avg'
55.2395 	EXP 	window1: blendMode = 'avg'
55.2562 	EXP 	window1: blendMode = 'avg'
55.2720 	EXP 	window1: blendMode = 'avg'
55.2892 	DATA 	Keypress: right
55.2898 	EXP 	window1: blendMode = 'avg'
55.3052 	EXP 	window1: blendMode = 'avg'
55.3223 	EXP 	window1: blendMode = 'avg'
55.3397 	EXP 	window1: blendMode = 'avg'
55.3563 	EXP 	window1: blendMode = 'avg'
55.3732 	EXP 	window1: blendMode = 'avg'
55.3899 	EXP 	window1: blendMode = 'avg'
55.4053 	EXP 	window1: blendMode = 'avg'
55.4231 	EXP 	window1: blendMode = 'avg'
55.4390 	EXP 	window1: blendMode = 'avg'
55.4565 	EXP 	window1: blendMode = 'avg'
55.4732 	EXP 	window1: blendMode = 'avg'
55.4895 	EXP 	window1: blendMode = 'avg'
55.5061 	EXP 	window1: blendMode = 'avg'
55.5229 	EXP 	window1: blendMode = 'avg'
55.5396 	EXP 	window1: blendMode = 'avg'
55.5552 	EXP 	window1: blendMode = 'avg'
55.5731 	EXP 	window1: blendMode = 'avg'
55.5896 	EXP 	window1: blendMode = 'avg'
55.6065 	EXP 	window1: blendMode = 'avg'
55.6233 	EXP 	window1: blendMode = 'avg'
55.6391 	EXP 	window1: blendMode = 'avg'
55.6562 	EXP 	window1: blendMode = 'avg'
55.6729 	EXP 	window1: blendMode = 'avg'
55.6898 	EXP 	window1: blendMode = 'avg'
55.7063 	EXP 	window1: blendMode = 'avg'
55.7232 	EXP 	window1: blendMode = 'avg'
55.7396 	EXP 	window1: blendMode = 'avg'
55.7563 	EXP 	window1: blendMode = 'avg'
55.7729 	EXP 	window1: blendMode = 'avg'
55.7896 	EXP 	window1: blendMode = 'avg'
55.8065 	EXP 	window1: blendMode = 'avg'
55.8232 	EXP 	window1: blendMode = 'avg'
55.8398 	EXP 	window1: blendMode = 'avg'
55.8562 	EXP 	window1: blendMode = 'avg'
55.8729 	EXP 	window1: blendMode = 'avg'
55.8897 	EXP 	window1: blendMode = 'avg'
55.9061 	EXP 	window1: blendMode = 'avg'
55.9231 	EXP 	window1: blendMode = 'avg'
55.9395 	EXP 	window1: blendMode = 'avg'
55.9559 	EXP 	window1: blendMode = 'avg'
55.9729 	EXP 	window1: blendMode = 'avg'
55.9898 	EXP 	window1: blendMode = 'avg'
56.0058 	EXP 	window1: blendMode = 'avg'
56.0228 	EXP 	window1: blendMode = 'avg'
56.0396 	EXP 	window1: blendMode = 'avg'
56.0565 	EXP 	window1: blendMode = 'avg'
56.0729 	EXP 	window1: blendMode = 'avg'
56.0898 	EXP 	window1: blendMode = 'avg'
56.1062 	EXP 	window1: blendMode = 'avg'
56.1230 	EXP 	window1: blendMode = 'avg'
56.1394 	EXP 	window1: blendMode = 'avg'
56.1563 	EXP 	window1: blendMode = 'avg'
56.1729 	EXP 	window1: blendMode = 'avg'
56.1898 	EXP 	window1: blendMode = 'avg'
56.2054 	EXP 	window1: blendMode = 'avg'
56.2226 	EXP 	window1: blendMode = 'avg'
56.2394 	EXP 	window1: blendMode = 'avg'
56.2561 	EXP 	window1: blendMode = 'avg'
56.2728 	EXP 	window1: blendMode = 'avg'
56.2898 	EXP 	window1: blendMode = 'avg'
56.3062 	EXP 	window1: blendMode = 'avg'
56.3229 	EXP 	window1: blendMode = 'avg'
56.3398 	EXP 	window1: blendMode = 'avg'
56.3563 	EXP 	window1: blendMode = 'avg'
56.3729 	EXP 	window1: blendMode = 'avg'
56.3896 	EXP 	window1: blendMode = 'avg'
56.4063 	EXP 	window1: blendMode = 'avg'
56.4229 	EXP 	window1: blendMode = 'avg'
56.4398 	EXP 	window1: blendMode = 'avg'
56.4562 	EXP 	window1: blendMode = 'avg'
56.4729 	EXP 	window1: blendMode = 'avg'
56.4897 	EXP 	window1: blendMode = 'avg'
56.5061 	EXP 	window1: blendMode = 'avg'
56.5230 	EXP 	window1: blendMode = 'avg'
56.5394 	EXP 	window1: blendMode = 'avg'
56.5553 	EXP 	window1: blendMode = 'avg'
56.5721 	EXP 	window1: blendMode = 'avg'
56.5890 	EXP 	window1: blendMode = 'avg'
56.6063 	EXP 	window1: blendMode = 'avg'
56.6232 	EXP 	window1: blendMode = 'avg'
56.6396 	EXP 	window1: blendMode = 'avg'
56.6558 	EXP 	window1: blendMode = 'avg'
56.6727 	EXP 	window1: blendMode = 'avg'
56.6896 	EXP 	window1: blendMode = 'avg'
56.7062 	EXP 	window1: blendMode = 'avg'
56.7230 	EXP 	window1: blendMode = 'avg'
56.7395 	EXP 	window1: blendMode = 'avg'
56.7561 	EXP 	window1: blendMode = 'avg'
56.7729 	EXP 	window1: blendMode = 'avg'
56.7896 	EXP 	window1: blendMode = 'avg'
56.8055 	EXP 	window1: blendMode = 'avg'
56.8231 	EXP 	window1: blendMode = 'avg'
56.8383 	EXP 	window1: blendMode = 'avg'
56.8560 	EXP 	window1: blendMode = 'avg'
56.8727 	EXP 	window1: blendMode = 'avg'
56.8894 	EXP 	window1: blendMode = 'avg'
56.9058 	EXP 	window1: blendMode = 'avg'
56.9227 	EXP 	window1: blendMode = 'avg'
56.9390 	EXP 	window1: blendMode = 'avg'
56.9560 	EXP 	window1: blendMode = 'avg'
56.9728 	EXP 	window1: blendMode = 'avg'
56.9898 	EXP 	window1: blendMode = 'avg'
57.0063 	EXP 	window1: blendMode = 'avg'
57.0231 	EXP 	window1: blendMode = 'avg'
57.0398 	EXP 	window1: blendMode = 'avg'
57.0552 	EXP 	window1: blendMode = 'avg'
57.0721 	EXP 	window1: blendMode = 'avg'
57.0894 	EXP 	window1: blendMode = 'avg'
57.1061 	EXP 	window1: blendMode = 'avg'
57.1229 	EXP 	window1: blendMode = 'avg'
57.1396 	EXP 	window1: blendMode = 'avg'
57.1562 	EXP 	window1: blendMode = 'avg'
57.1728 	EXP 	window1: blendMode = 'avg'
57.1897 	EXP 	window1: blendMode = 'avg'
57.2066 	EXP 	window1: blendMode = 'avg'
57.2229 	EXP 	window1: blendMode = 'avg'
57.2393 	EXP 	window1: blendMode = 'avg'
57.2565 	EXP 	window1: blendMode = 'avg'
57.2729 	EXP 	window1: blendMode = 'avg'
57.2898 	EXP 	window1: blendMode = 'avg'
57.3062 	EXP 	window1: blendMode = 'avg'
57.3231 	EXP 	window1: blendMode = 'avg'
57.3396 	EXP 	window1: blendMode = 'avg'
57.3564 	EXP 	window1: blendMode = 'avg'
57.3728 	EXP 	window1: blendMode = 'avg'
57.3898 	EXP 	window1: blendMode = 'avg'
57.4066 	EXP 	window1: blendMode = 'avg'
57.4229 	EXP 	window1: blendMode = 'avg'
57.4395 	EXP 	window1: blendMode = 'avg'
57.4564 	EXP 	window1: blendMode = 'avg'
57.4730 	EXP 	window1: blendMode = 'avg'
57.4896 	EXP 	window1: blendMode = 'avg'
57.5060 	EXP 	window1: blendMode = 'avg'
57.5229 	EXP 	window1: blendMode = 'avg'
57.5392 	EXP 	window1: blendMode = 'avg'
57.5553 	EXP 	window1: blendMode = 'avg'
57.5723 	EXP 	window1: blendMode = 'avg'
57.5896 	EXP 	window1: blendMode = 'avg'
57.6065 	EXP 	window1: blendMode = 'avg'
57.6232 	EXP 	window1: blendMode = 'avg'
57.6390 	EXP 	window1: blendMode = 'avg'
57.6563 	EXP 	window1: blendMode = 'avg'
57.6733 	EXP 	window1: blendMode = 'avg'
57.6897 	EXP 	window1: blendMode = 'avg'
57.7054 	EXP 	window1: blendMode = 'avg'
57.7226 	EXP 	window1: blendMode = 'avg'
57.7393 	EXP 	window1: blendMode = 'avg'
57.7559 	EXP 	window1: blendMode = 'avg'
57.7723 	EXP 	window1: blendMode = 'avg'
57.7896 	EXP 	window1: blendMode = 'avg'
57.8058 	EXP 	window1: blendMode = 'avg'
57.8227 	EXP 	window1: blendMode = 'avg'
57.8392 	EXP 	window1: blendMode = 'avg'
57.8560 	EXP 	window1: blendMode = 'avg'
57.8730 	EXP 	window1: blendMode = 'avg'
57.8889 	EXP 	window1: blendMode = 'avg'
57.9060 	EXP 	window1: blendMode = 'avg'
57.9229 	EXP 	window1: blendMode = 'avg'
57.9393 	EXP 	window1: blendMode = 'avg'
57.9563 	EXP 	window1: blendMode = 'avg'
57.9732 	EXP 	window1: blendMode = 'avg'
57.9898 	EXP 	window1: blendMode = 'avg'
58.0063 	EXP 	window1: blendMode = 'avg'
58.0229 	EXP 	window1: blendMode = 'avg'
58.0396 	EXP 	window1: blendMode = 'avg'
58.0562 	EXP 	window1: blendMode = 'avg'
58.0733 	EXP 	window1: blendMode = 'avg'
58.0880 	EXP 	window1: blendMode = 'avg'
58.1067 	DATA 	Keypress: escape
58.2018 	EXP 	window1: mouseVisible = True
