8.9975 	EXP 	Created window1 = Window(allowGUI=False, allowStencil=False, autoLog=True, bitsMode=UNKNOWN, blendMode='avg', color=array([ 0.,  0.,  0.]), colorSpace='rgb', fullscr=UNKNOWN, gamma=None, lms=UNKNOWN, monitor=<psychopy.monitors.calibTools.Monitor object at 0x1144d03d0>, multiSample=False, name='window1', numSamples=2, pos=[0, 0], screen=0, size=array([1440,  900]), stereo=False, units=u'norm', useFBO=True, useRetina=False, viewOri=0.0, viewPos=None, viewScale=None, waitBlanking=True, winType='pyglet')
8.9976 	EXP 	window1: recordFrameIntervals = False
9.1630 	EXP 	window1: recordFrameIntervals = True
9.3464 	EXP 	window1: recordFrameIntervals = False
9.4319 	EXP 	Created text_2 = TextStim(alignHoriz='center', alignVert='center', antialias=True, autoLog=True, bold=False, color='white', colorSpace='named', contrast=1.0, depth=0.0, flipHoriz=False, flipVert=False, font='Arial', fontFiles=[], height=0.1, italic=False, name='text_2', opacity=1.0, ori=0, pos=array([ 0.,  0.]), rgb=array([ 255.,  255.,  255.]), text=unicode(...), units=u'norm', win=Window(...), wrapWidth=1)
9.4335 	EXP 	Created Leftimg = ImageStim(autoLog=True, color=array([ 1.,  1.,  1.]), colorSpace='rgb', contrast=1.0, depth=0.0, flipHoriz=False, flipVert=False, image='sin', interpolate=True, mask=None, maskParams=None, name='Leftimg', opacity=1.0, ori=0.0, pos=array([ 0.,  0.]), size=array([ 400.,  400.]), texRes=128, units='pix', win=Window(...))
9.4347 	EXP 	Created Rightimg = ImageStim(autoLog=True, color=array([ 1.,  1.,  1.]), colorSpace='rgb', contrast=1.0, depth=-1.0, flipHoriz=False, flipVert=False, image='sin', interpolate=True, mask=None, maskParams=None, name='Rightimg', opacity=1.0, ori=0.0, pos=array([ 0.,  0.]), size=array([ 400.,  400.]), texRes=128, units='pix', win=Window(...))
9.4448 	EXP 	Created text = TextStim(alignHoriz='center', alignVert='center', antialias=True, autoLog=True, bold=False, color='white', colorSpace='named', contrast=1.0, depth=-4.0, flipHoriz=False, flipVert=False, font='Arial', fontFiles=[], height=0.05, italic=False, name='text', opacity=1.0, ori=0, pos=array([ 0.,  0.]), rgb=array([ 255.,  255.,  255.]), text=u'to proceed press the space bar.', units=u'norm', win=Window(...), wrapWidth=1)
9.4543 	EXP 	Created text_3 = TextStim(alignHoriz='center', alignVert='center', antialias=True, autoLog=True, bold=False, color='white', colorSpace='named', contrast=1.0, depth=0.0, flipHoriz=False, flipVert=False, font='Arial', fontFiles=[], height=0.1, italic=False, name='text_3', opacity=1.0, ori=0, pos=array([ 0.,  0.]), rgb=array([ 255.,  255.,  255.]), text=unicode(...), units=u'norm', win=Window(...), wrapWidth=1)
9.4588 	EXP 	window1: blendMode = 'avg'
9.4644 	EXP 	text_2: autoDraw = True
9.4674 	EXP 	window1: blendMode = 'avg'
9.4824 	EXP 	window1: blendMode = 'avg'
9.4991 	EXP 	window1: blendMode = 'avg'
9.5158 	EXP 	window1: blendMode = 'avg'
9.5326 	EXP 	window1: blendMode = 'avg'
9.5495 	EXP 	window1: blendMode = 'avg'
9.5662 	EXP 	window1: blendMode = 'avg'
9.5828 	EXP 	window1: blendMode = 'avg'
9.5994 	EXP 	window1: blendMode = 'avg'
9.6161 	EXP 	window1: blendMode = 'avg'
9.6327 	EXP 	window1: blendMode = 'avg'
9.6493 	EXP 	window1: blendMode = 'avg'
9.6661 	EXP 	window1: blendMode = 'avg'
9.6825 	EXP 	window1: blendMode = 'avg'
9.6994 	EXP 	window1: blendMode = 'avg'
9.7160 	EXP 	window1: blendMode = 'avg'
9.7329 	EXP 	window1: blendMode = 'avg'
9.7493 	EXP 	window1: blendMode = 'avg'
9.7662 	EXP 	window1: blendMode = 'avg'
9.7826 	EXP 	window1: blendMode = 'avg'
9.7994 	EXP 	window1: blendMode = 'avg'
9.8158 	EXP 	window1: blendMode = 'avg'
9.8328 	EXP 	window1: blendMode = 'avg'
9.8492 	EXP 	window1: blendMode = 'avg'
9.8659 	EXP 	window1: blendMode = 'avg'
9.8824 	EXP 	window1: blendMode = 'avg'
9.8993 	EXP 	window1: blendMode = 'avg'
9.9160 	EXP 	window1: blendMode = 'avg'
9.9328 	EXP 	window1: blendMode = 'avg'
9.9499 	EXP 	window1: blendMode = 'avg'
9.9659 	EXP 	window1: blendMode = 'avg'
9.9825 	EXP 	window1: blendMode = 'avg'
9.9994 	EXP 	window1: blendMode = 'avg'
10.0159 	EXP 	window1: blendMode = 'avg'
10.0329 	EXP 	window1: blendMode = 'avg'
10.0495 	EXP 	window1: blendMode = 'avg'
10.0659 	EXP 	window1: blendMode = 'avg'
10.0827 	EXP 	window1: blendMode = 'avg'
10.0993 	EXP 	window1: blendMode = 'avg'
10.1162 	EXP 	window1: blendMode = 'avg'
10.1326 	EXP 	window1: blendMode = 'avg'
10.1493 	EXP 	window1: blendMode = 'avg'
10.1661 	EXP 	window1: blendMode = 'avg'
10.1824 	EXP 	window1: blendMode = 'avg'
10.1993 	EXP 	window1: blendMode = 'avg'
10.2159 	EXP 	window1: blendMode = 'avg'
10.2326 	EXP 	window1: blendMode = 'avg'
10.2491 	EXP 	window1: blendMode = 'avg'
10.2659 	EXP 	window1: blendMode = 'avg'
10.2826 	EXP 	window1: blendMode = 'avg'
10.2994 	EXP 	window1: blendMode = 'avg'
10.3158 	EXP 	window1: blendMode = 'avg'
10.3328 	EXP 	window1: blendMode = 'avg'
10.3494 	EXP 	window1: blendMode = 'avg'
10.3657 	EXP 	window1: blendMode = 'avg'
10.3826 	EXP 	window1: blendMode = 'avg'
10.3995 	EXP 	window1: blendMode = 'avg'
10.4157 	EXP 	window1: blendMode = 'avg'
10.4325 	EXP 	window1: blendMode = 'avg'
10.4491 	EXP 	window1: blendMode = 'avg'
10.4657 	EXP 	window1: blendMode = 'avg'
10.4824 	EXP 	window1: blendMode = 'avg'
10.4993 	EXP 	window1: blendMode = 'avg'
10.5160 	EXP 	window1: blendMode = 'avg'
10.5328 	EXP 	window1: blendMode = 'avg'
10.5493 	EXP 	window1: blendMode = 'avg'
10.5662 	EXP 	window1: blendMode = 'avg'
10.5826 	EXP 	window1: blendMode = 'avg'
10.5994 	EXP 	window1: blendMode = 'avg'
10.6160 	EXP 	window1: blendMode = 'avg'
10.6328 	EXP 	window1: blendMode = 'avg'
10.6490 	EXP 	window1: blendMode = 'avg'
10.6659 	EXP 	window1: blendMode = 'avg'
10.6826 	EXP 	window1: blendMode = 'avg'
10.6993 	EXP 	window1: blendMode = 'avg'
10.7159 	EXP 	window1: blendMode = 'avg'
10.7327 	EXP 	window1: blendMode = 'avg'
10.7495 	EXP 	window1: blendMode = 'avg'
10.7662 	EXP 	window1: blendMode = 'avg'
10.7826 	EXP 	window1: blendMode = 'avg'
10.7994 	EXP 	window1: blendMode = 'avg'
10.8160 	EXP 	window1: blendMode = 'avg'
10.8326 	EXP 	window1: blendMode = 'avg'
10.8493 	EXP 	window1: blendMode = 'avg'
10.8661 	EXP 	window1: blendMode = 'avg'
10.8825 	EXP 	window1: blendMode = 'avg'
10.8988 	EXP 	window1: blendMode = 'avg'
10.9159 	EXP 	window1: blendMode = 'avg'
10.9327 	EXP 	window1: blendMode = 'avg'
10.9493 	EXP 	window1: blendMode = 'avg'
10.9661 	EXP 	window1: blendMode = 'avg'
10.9825 	EXP 	window1: blendMode = 'avg'
10.9994 	EXP 	window1: blendMode = 'avg'
11.0160 	EXP 	window1: blendMode = 'avg'
11.0329 	EXP 	window1: blendMode = 'avg'
11.0493 	EXP 	window1: blendMode = 'avg'
11.0662 	EXP 	window1: blendMode = 'avg'
11.0826 	EXP 	window1: blendMode = 'avg'
11.0994 	EXP 	window1: blendMode = 'avg'
11.1161 	EXP 	window1: blendMode = 'avg'
11.1327 	EXP 	window1: blendMode = 'avg'
11.1491 	EXP 	window1: blendMode = 'avg'
11.1659 	EXP 	window1: blendMode = 'avg'
11.1826 	EXP 	window1: blendMode = 'avg'
11.1992 	EXP 	window1: blendMode = 'avg'
11.2159 	EXP 	window1: blendMode = 'avg'
11.2326 	EXP 	window1: blendMode = 'avg'
11.2489 	EXP 	window1: blendMode = 'avg'
11.2660 	EXP 	window1: blendMode = 'avg'
11.2827 	EXP 	window1: blendMode = 'avg'
11.2995 	EXP 	window1: blendMode = 'avg'
11.3159 	EXP 	window1: blendMode = 'avg'
11.3326 	EXP 	window1: blendMode = 'avg'
11.3492 	EXP 	window1: blendMode = 'avg'
11.3662 	EXP 	window1: blendMode = 'avg'
11.3827 	EXP 	window1: blendMode = 'avg'
11.3995 	EXP 	window1: blendMode = 'avg'
11.4158 	EXP 	window1: blendMode = 'avg'
11.4324 	EXP 	window1: blendMode = 'avg'
11.4492 	EXP 	window1: blendMode = 'avg'
11.4660 	EXP 	window1: blendMode = 'avg'
11.4826 	EXP 	window1: blendMode = 'avg'
11.4995 	EXP 	window1: blendMode = 'avg'
11.5158 	EXP 	window1: blendMode = 'avg'
11.5328 	EXP 	window1: blendMode = 'avg'
11.5494 	EXP 	window1: blendMode = 'avg'
11.5661 	EXP 	window1: blendMode = 'avg'
11.5828 	EXP 	window1: blendMode = 'avg'
11.5992 	EXP 	window1: blendMode = 'avg'
11.6159 	EXP 	window1: blendMode = 'avg'
11.6327 	EXP 	window1: blendMode = 'avg'
11.6491 	EXP 	window1: blendMode = 'avg'
11.6661 	EXP 	window1: blendMode = 'avg'
11.6826 	EXP 	window1: blendMode = 'avg'
11.6994 	EXP 	window1: blendMode = 'avg'
11.7160 	EXP 	window1: blendMode = 'avg'
11.7328 	EXP 	window1: blendMode = 'avg'
11.7496 	EXP 	window1: blendMode = 'avg'
11.7657 	EXP 	window1: blendMode = 'avg'
11.7826 	EXP 	window1: blendMode = 'avg'
11.7989 	EXP 	window1: blendMode = 'avg'
11.8157 	EXP 	window1: blendMode = 'avg'
11.8326 	EXP 	window1: blendMode = 'avg'
11.8489 	EXP 	window1: blendMode = 'avg'
11.8666 	EXP 	window1: blendMode = 'avg'
11.8823 	EXP 	window1: blendMode = 'avg'
11.8992 	EXP 	window1: blendMode = 'avg'
11.9162 	EXP 	window1: blendMode = 'avg'
11.9326 	EXP 	window1: blendMode = 'avg'
11.9494 	EXP 	window1: blendMode = 'avg'
11.9660 	EXP 	window1: blendMode = 'avg'
11.9826 	EXP 	window1: blendMode = 'avg'
11.9994 	EXP 	window1: blendMode = 'avg'
12.0161 	EXP 	window1: blendMode = 'avg'
12.0327 	EXP 	window1: blendMode = 'avg'
12.0493 	EXP 	window1: blendMode = 'avg'
12.0660 	EXP 	window1: blendMode = 'avg'
12.0826 	EXP 	window1: blendMode = 'avg'
12.0994 	EXP 	window1: blendMode = 'avg'
12.1159 	EXP 	window1: blendMode = 'avg'
12.1328 	EXP 	window1: blendMode = 'avg'
12.1492 	EXP 	window1: blendMode = 'avg'
12.1659 	EXP 	window1: blendMode = 'avg'
12.1825 	EXP 	window1: blendMode = 'avg'
12.1995 	EXP 	window1: blendMode = 'avg'
12.2159 	EXP 	window1: blendMode = 'avg'
12.2328 	EXP 	window1: blendMode = 'avg'
12.2481 	EXP 	window1: blendMode = 'avg'
12.2649 	EXP 	window1: blendMode = 'avg'
12.2826 	EXP 	window1: blendMode = 'avg'
12.2992 	EXP 	window1: blendMode = 'avg'
12.3158 	EXP 	window1: blendMode = 'avg'
12.3328 	EXP 	window1: blendMode = 'avg'
12.3492 	EXP 	window1: blendMode = 'avg'
12.3658 	EXP 	window1: blendMode = 'avg'
12.3826 	EXP 	window1: blendMode = 'avg'
12.3995 	EXP 	window1: blendMode = 'avg'
12.4159 	EXP 	window1: blendMode = 'avg'
12.4321 	EXP 	window1: blendMode = 'avg'
12.4492 	EXP 	window1: blendMode = 'avg'
12.4657 	EXP 	window1: blendMode = 'avg'
12.4824 	EXP 	window1: blendMode = 'avg'
12.4993 	EXP 	window1: blendMode = 'avg'
12.5163 	EXP 	window1: blendMode = 'avg'
12.5326 	EXP 	window1: blendMode = 'avg'
12.5494 	EXP 	window1: blendMode = 'avg'
12.5660 	EXP 	window1: blendMode = 'avg'
12.5826 	EXP 	window1: blendMode = 'avg'
12.5993 	EXP 	window1: blendMode = 'avg'
12.6157 	EXP 	window1: blendMode = 'avg'
12.6322 	EXP 	window1: blendMode = 'avg'
12.6487 	EXP 	window1: blendMode = 'avg'
12.6659 	EXP 	window1: blendMode = 'avg'
12.6826 	EXP 	window1: blendMode = 'avg'
12.6995 	EXP 	window1: blendMode = 'avg'
12.7158 	EXP 	window1: blendMode = 'avg'
12.7328 	EXP 	window1: blendMode = 'avg'
12.7494 	EXP 	window1: blendMode = 'avg'
12.7649 	EXP 	window1: blendMode = 'avg'
12.7826 	EXP 	window1: blendMode = 'avg'
12.7993 	EXP 	window1: blendMode = 'avg'
12.8158 	EXP 	window1: blendMode = 'avg'
12.8326 	EXP 	window1: blendMode = 'avg'
12.8493 	EXP 	window1: blendMode = 'avg'
12.8661 	EXP 	window1: blendMode = 'avg'
12.8826 	EXP 	window1: blendMode = 'avg'
12.8994 	EXP 	window1: blendMode = 'avg'
12.9161 	EXP 	window1: blendMode = 'avg'
12.9327 	EXP 	window1: blendMode = 'avg'
12.9491 	EXP 	window1: blendMode = 'avg'
12.9660 	EXP 	window1: blendMode = 'avg'
12.9826 	EXP 	window1: blendMode = 'avg'
12.9994 	EXP 	window1: blendMode = 'avg'
13.0158 	EXP 	window1: blendMode = 'avg'
13.0324 	EXP 	window1: blendMode = 'avg'
13.0490 	EXP 	window1: blendMode = 'avg'
13.0659 	EXP 	window1: blendMode = 'avg'
13.0826 	EXP 	window1: blendMode = 'avg'
13.0995 	EXP 	window1: blendMode = 'avg'
13.1162 	EXP 	window1: blendMode = 'avg'
13.1328 	EXP 	window1: blendMode = 'avg'
13.1494 	EXP 	window1: blendMode = 'avg'
13.1660 	EXP 	window1: blendMode = 'avg'
13.1825 	EXP 	window1: blendMode = 'avg'
13.1986 	EXP 	window1: blendMode = 'avg'
13.2153 	EXP 	window1: blendMode = 'avg'
13.2326 	EXP 	window1: blendMode = 'avg'
13.2482 	EXP 	window1: blendMode = 'avg'
13.2662 	EXP 	window1: blendMode = 'avg'
13.2826 	EXP 	window1: blendMode = 'avg'
13.2994 	EXP 	window1: blendMode = 'avg'
13.3158 	EXP 	window1: blendMode = 'avg'
13.3328 	EXP 	window1: blendMode = 'avg'
13.3494 	EXP 	window1: blendMode = 'avg'
13.3654 	EXP 	window1: blendMode = 'avg'
13.3824 	EXP 	window1: blendMode = 'avg'
13.3993 	EXP 	window1: blendMode = 'avg'
13.4165 	EXP 	window1: blendMode = 'avg'
13.4332 	EXP 	window1: blendMode = 'avg'
13.4489 	EXP 	window1: blendMode = 'avg'
13.4659 	EXP 	window1: blendMode = 'avg'
13.4826 	EXP 	window1: blendMode = 'avg'
13.4994 	EXP 	window1: blendMode = 'avg'
13.5158 	EXP 	window1: blendMode = 'avg'
13.5326 	EXP 	window1: blendMode = 'avg'
13.5490 	EXP 	window1: blendMode = 'avg'
13.5661 	EXP 	window1: blendMode = 'avg'
13.5828 	EXP 	window1: blendMode = 'avg'
13.5992 	EXP 	window1: blendMode = 'avg'
13.6159 	EXP 	window1: blendMode = 'avg'
13.6326 	EXP 	window1: blendMode = 'avg'
13.6493 	EXP 	window1: blendMode = 'avg'
13.6659 	EXP 	window1: blendMode = 'avg'
13.6826 	EXP 	window1: blendMode = 'avg'
13.6994 	EXP 	window1: blendMode = 'avg'
13.7158 	EXP 	window1: blendMode = 'avg'
13.7328 	EXP 	window1: blendMode = 'avg'
13.7491 	EXP 	window1: blendMode = 'avg'
13.7661 	EXP 	window1: blendMode = 'avg'
13.7826 	EXP 	window1: blendMode = 'avg'
13.7993 	EXP 	window1: blendMode = 'avg'
13.8161 	EXP 	window1: blendMode = 'avg'
13.8327 	EXP 	window1: blendMode = 'avg'
13.8492 	EXP 	window1: blendMode = 'avg'
13.8658 	EXP 	window1: blendMode = 'avg'
13.8826 	EXP 	window1: blendMode = 'avg'
13.8994 	EXP 	window1: blendMode = 'avg'
13.9159 	EXP 	window1: blendMode = 'avg'
13.9324 	EXP 	window1: blendMode = 'avg'
13.9492 	EXP 	window1: blendMode = 'avg'
13.9661 	EXP 	window1: blendMode = 'avg'
13.9825 	EXP 	window1: blendMode = 'avg'
13.9995 	EXP 	window1: blendMode = 'avg'
14.0161 	EXP 	window1: blendMode = 'avg'
14.0327 	EXP 	window1: blendMode = 'avg'
14.0491 	EXP 	window1: blendMode = 'avg'
14.0659 	EXP 	window1: blendMode = 'avg'
14.0826 	EXP 	window1: blendMode = 'avg'
14.0992 	EXP 	window1: blendMode = 'avg'
14.1161 	EXP 	window1: blendMode = 'avg'
14.1327 	EXP 	window1: blendMode = 'avg'
14.1495 	EXP 	window1: blendMode = 'avg'
14.1663 	EXP 	window1: blendMode = 'avg'
14.1816 	EXP 	window1: blendMode = 'avg'
14.1990 	EXP 	window1: blendMode = 'avg'
14.2157 	EXP 	window1: blendMode = 'avg'
14.2325 	EXP 	window1: blendMode = 'avg'
14.2490 	EXP 	window1: blendMode = 'avg'
14.2657 	EXP 	window1: blendMode = 'avg'
14.2822 	EXP 	window1: blendMode = 'avg'
14.2992 	EXP 	window1: blendMode = 'avg'
14.3161 	EXP 	window1: blendMode = 'avg'
14.3310 	EXP 	window1: blendMode = 'avg'
14.3494 	EXP 	window1: blendMode = 'avg'
14.3660 	EXP 	window1: blendMode = 'avg'
14.3824 	EXP 	window1: blendMode = 'avg'
14.3992 	EXP 	window1: blendMode = 'avg'
14.4162 	EXP 	window1: blendMode = 'avg'
14.4320 	EXP 	window1: blendMode = 'avg'
14.4485 	EXP 	window1: blendMode = 'avg'
14.4661 	EXP 	window1: blendMode = 'avg'
14.4824 	EXP 	window1: blendMode = 'avg'
14.4994 	EXP 	window1: blendMode = 'avg'
14.5158 	EXP 	window1: blendMode = 'avg'
14.5325 	EXP 	window1: blendMode = 'avg'
14.5489 	EXP 	window1: blendMode = 'avg'
14.5659 	EXP 	window1: blendMode = 'avg'
14.5818 	EXP 	window1: blendMode = 'avg'
14.5987 	EXP 	window1: blendMode = 'avg'
14.6157 	EXP 	window1: blendMode = 'avg'
14.6325 	EXP 	window1: blendMode = 'avg'
14.6493 	EXP 	window1: blendMode = 'avg'
14.6661 	EXP 	window1: blendMode = 'avg'
14.6823 	EXP 	window1: blendMode = 'avg'
14.6983 	EXP 	window1: blendMode = 'avg'
14.7153 	EXP 	window1: blendMode = 'avg'
14.7323 	EXP 	window1: blendMode = 'avg'
14.7490 	EXP 	window1: blendMode = 'avg'
14.7659 	EXP 	window1: blendMode = 'avg'
14.7824 	EXP 	window1: blendMode = 'avg'
14.7992 	EXP 	window1: blendMode = 'avg'
14.8159 	EXP 	window1: blendMode = 'avg'
14.8326 	EXP 	window1: blendMode = 'avg'
14.8494 	EXP 	window1: blendMode = 'avg'
14.8660 	EXP 	window1: blendMode = 'avg'
14.8824 	EXP 	window1: blendMode = 'avg'
14.8993 	EXP 	window1: blendMode = 'avg'
14.9159 	EXP 	window1: blendMode = 'avg'
14.9327 	EXP 	window1: blendMode = 'avg'
14.9487 	EXP 	window1: blendMode = 'avg'
14.9661 	EXP 	window1: blendMode = 'avg'
14.9825 	EXP 	window1: blendMode = 'avg'
14.9993 	EXP 	window1: blendMode = 'avg'
15.0159 	EXP 	window1: blendMode = 'avg'
15.0326 	EXP 	window1: blendMode = 'avg'
15.0492 	EXP 	window1: blendMode = 'avg'
15.0659 	EXP 	window1: blendMode = 'avg'
15.0825 	EXP 	window1: blendMode = 'avg'
15.0995 	EXP 	window1: blendMode = 'avg'
15.1158 	EXP 	window1: blendMode = 'avg'
15.1328 	EXP 	window1: blendMode = 'avg'
15.1492 	EXP 	window1: blendMode = 'avg'
15.1662 	EXP 	window1: blendMode = 'avg'
15.1813 	EXP 	window1: blendMode = 'avg'
15.1985 	EXP 	window1: blendMode = 'avg'
15.2157 	EXP 	window1: blendMode = 'avg'
15.2326 	EXP 	window1: blendMode = 'avg'
15.2492 	EXP 	window1: blendMode = 'avg'
15.2662 	EXP 	window1: blendMode = 'avg'
15.2827 	EXP 	window1: blendMode = 'avg'
15.2993 	EXP 	window1: blendMode = 'avg'
15.3158 	EXP 	window1: blendMode = 'avg'
15.3328 	EXP 	window1: blendMode = 'avg'
15.3492 	EXP 	window1: blendMode = 'avg'
15.3659 	EXP 	window1: blendMode = 'avg'
15.3827 	EXP 	window1: blendMode = 'avg'
15.3994 	EXP 	window1: blendMode = 'avg'
15.4156 	EXP 	window1: blendMode = 'avg'
15.4324 	EXP 	window1: blendMode = 'avg'
15.4487 	EXP 	window1: blendMode = 'avg'
15.4658 	EXP 	window1: blendMode = 'avg'
15.4828 	EXP 	window1: blendMode = 'avg'
15.4982 	EXP 	window1: blendMode = 'avg'
15.5144 	EXP 	window1: blendMode = 'avg'
15.5323 	EXP 	window1: blendMode = 'avg'
15.5487 	EXP 	window1: blendMode = 'avg'
15.5659 	EXP 	window1: blendMode = 'avg'
15.5826 	EXP 	window1: blendMode = 'avg'
15.5990 	EXP 	window1: blendMode = 'avg'
15.6154 	EXP 	window1: blendMode = 'avg'
15.6317 	EXP 	window1: blendMode = 'avg'
15.6495 	EXP 	window1: blendMode = 'avg'
15.6661 	EXP 	window1: blendMode = 'avg'
15.6827 	EXP 	window1: blendMode = 'avg'
15.6987 	EXP 	window1: blendMode = 'avg'
15.7150 	EXP 	window1: blendMode = 'avg'
15.7314 	EXP 	window1: blendMode = 'avg'
15.7483 	EXP 	window1: blendMode = 'avg'
15.7654 	EXP 	window1: blendMode = 'avg'
15.7813 	EXP 	window1: blendMode = 'avg'
15.7985 	EXP 	window1: blendMode = 'avg'
15.8142 	EXP 	window1: blendMode = 'avg'
15.8310 	EXP 	window1: blendMode = 'avg'
15.8481 	EXP 	window1: blendMode = 'avg'
15.8650 	EXP 	window1: blendMode = 'avg'
15.8812 	EXP 	window1: blendMode = 'avg'
15.8983 	EXP 	window1: blendMode = 'avg'
15.9160 	EXP 	window1: blendMode = 'avg'
15.9320 	EXP 	window1: blendMode = 'avg'
15.9496 	EXP 	window1: blendMode = 'avg'
15.9659 	EXP 	window1: blendMode = 'avg'
15.9826 	EXP 	window1: blendMode = 'avg'
15.9991 	EXP 	window1: blendMode = 'avg'
16.0160 	EXP 	window1: blendMode = 'avg'
16.0326 	EXP 	window1: blendMode = 'avg'
16.0492 	EXP 	window1: blendMode = 'avg'
16.0661 	EXP 	window1: blendMode = 'avg'
16.0825 	EXP 	window1: blendMode = 'avg'
16.0994 	EXP 	window1: blendMode = 'avg'
16.1158 	EXP 	window1: blendMode = 'avg'
16.1325 	EXP 	window1: blendMode = 'avg'
16.1492 	EXP 	window1: blendMode = 'avg'
16.1660 	EXP 	window1: blendMode = 'avg'
16.1824 	EXP 	window1: blendMode = 'avg'
16.1992 	EXP 	window1: blendMode = 'avg'
16.2161 	EXP 	window1: blendMode = 'avg'
16.2327 	EXP 	window1: blendMode = 'avg'
16.2492 	EXP 	window1: blendMode = 'avg'
16.2659 	EXP 	window1: blendMode = 'avg'
16.2827 	EXP 	window1: blendMode = 'avg'
16.2993 	EXP 	window1: blendMode = 'avg'
16.3157 	EXP 	window1: blendMode = 'avg'
16.3328 	EXP 	window1: blendMode = 'avg'
16.3494 	EXP 	window1: blendMode = 'avg'
16.3660 	EXP 	window1: blendMode = 'avg'
16.3824 	EXP 	window1: blendMode = 'avg'
16.3992 	EXP 	window1: blendMode = 'avg'
16.4161 	EXP 	window1: blendMode = 'avg'
16.4327 	EXP 	window1: blendMode = 'avg'
16.4491 	EXP 	window1: blendMode = 'avg'
16.4659 	EXP 	window1: blendMode = 'avg'
16.4827 	EXP 	window1: blendMode = 'avg'
16.4993 	EXP 	window1: blendMode = 'avg'
16.5159 	EXP 	window1: blendMode = 'avg'
16.5327 	EXP 	window1: blendMode = 'avg'
16.5494 	EXP 	window1: blendMode = 'avg'
16.5660 	EXP 	window1: blendMode = 'avg'
16.5826 	EXP 	window1: blendMode = 'avg'
16.5993 	EXP 	window1: blendMode = 'avg'
16.6157 	EXP 	window1: blendMode = 'avg'
16.6326 	EXP 	window1: blendMode = 'avg'
16.6492 	EXP 	window1: blendMode = 'avg'
16.6660 	EXP 	window1: blendMode = 'avg'
16.6826 	EXP 	window1: blendMode = 'avg'
16.6994 	EXP 	window1: blendMode = 'avg'
16.7158 	EXP 	window1: blendMode = 'avg'
16.7327 	EXP 	window1: blendMode = 'avg'
16.7491 	EXP 	window1: blendMode = 'avg'
16.7659 	EXP 	window1: blendMode = 'avg'
16.7828 	EXP 	window1: blendMode = 'avg'
16.7993 	EXP 	window1: blendMode = 'avg'
16.8157 	EXP 	window1: blendMode = 'avg'
16.8328 	EXP 	window1: blendMode = 'avg'
16.8493 	EXP 	window1: blendMode = 'avg'
16.8661 	EXP 	window1: blendMode = 'avg'
16.8825 	EXP 	window1: blendMode = 'avg'
16.8993 	EXP 	window1: blendMode = 'avg'
16.9159 	EXP 	window1: blendMode = 'avg'
16.9327 	EXP 	window1: blendMode = 'avg'
16.9494 	EXP 	window1: blendMode = 'avg'
16.9660 	EXP 	window1: blendMode = 'avg'
16.9826 	EXP 	window1: blendMode = 'avg'
16.9992 	EXP 	window1: blendMode = 'avg'
17.0159 	EXP 	window1: blendMode = 'avg'
17.0325 	EXP 	window1: blendMode = 'avg'
17.0491 	EXP 	window1: blendMode = 'avg'
17.0660 	EXP 	window1: blendMode = 'avg'
17.0826 	EXP 	window1: blendMode = 'avg'
17.0994 	EXP 	window1: blendMode = 'avg'
17.1158 	EXP 	window1: blendMode = 'avg'
17.1327 	EXP 	window1: blendMode = 'avg'
17.1491 	EXP 	window1: blendMode = 'avg'
17.1661 	EXP 	window1: blendMode = 'avg'
17.1825 	EXP 	window1: blendMode = 'avg'
17.1992 	EXP 	window1: blendMode = 'avg'
17.2161 	EXP 	window1: blendMode = 'avg'
17.2327 	EXP 	window1: blendMode = 'avg'
17.2490 	EXP 	window1: blendMode = 'avg'
17.2657 	EXP 	window1: blendMode = 'avg'
17.2823 	EXP 	window1: blendMode = 'avg'
17.2992 	EXP 	window1: blendMode = 'avg'
17.3161 	EXP 	window1: blendMode = 'avg'
17.3327 	EXP 	window1: blendMode = 'avg'
17.3491 	EXP 	window1: blendMode = 'avg'
17.3657 	EXP 	window1: blendMode = 'avg'
17.3821 	EXP 	window1: blendMode = 'avg'
17.3995 	EXP 	window1: blendMode = 'avg'
17.4159 	EXP 	window1: blendMode = 'avg'
17.4334 	EXP 	window1: blendMode = 'avg'
17.4490 	EXP 	window1: blendMode = 'avg'
17.4658 	EXP 	window1: blendMode = 'avg'
17.4825 	EXP 	window1: blendMode = 'avg'
17.4994 	EXP 	window1: blendMode = 'avg'
17.5158 	EXP 	window1: blendMode = 'avg'
17.5324 	EXP 	window1: blendMode = 'avg'
17.5490 	EXP 	window1: blendMode = 'avg'
17.5658 	EXP 	window1: blendMode = 'avg'
17.5827 	EXP 	window1: blendMode = 'avg'
17.5991 	EXP 	window1: blendMode = 'avg'
17.6158 	EXP 	window1: blendMode = 'avg'
17.6326 	EXP 	window1: blendMode = 'avg'
17.6492 	EXP 	window1: blendMode = 'avg'
17.6661 	EXP 	window1: blendMode = 'avg'
17.6824 	EXP 	window1: blendMode = 'avg'
17.6992 	EXP 	window1: blendMode = 'avg'
17.7158 	EXP 	window1: blendMode = 'avg'
17.7326 	EXP 	window1: blendMode = 'avg'
17.7490 	EXP 	window1: blendMode = 'avg'
17.7653 	EXP 	window1: blendMode = 'avg'
17.7817 	EXP 	window1: blendMode = 'avg'
17.7991 	EXP 	window1: blendMode = 'avg'
17.8159 	EXP 	window1: blendMode = 'avg'
17.8327 	EXP 	window1: blendMode = 'avg'
17.8491 	EXP 	window1: blendMode = 'avg'
17.8658 	EXP 	window1: blendMode = 'avg'
17.8827 	EXP 	window1: blendMode = 'avg'
17.8993 	EXP 	window1: blendMode = 'avg'
17.9157 	EXP 	window1: blendMode = 'avg'
17.9326 	EXP 	window1: blendMode = 'avg'
17.9492 	EXP 	window1: blendMode = 'avg'
17.9661 	EXP 	window1: blendMode = 'avg'
17.9824 	EXP 	window1: blendMode = 'avg'
17.9991 	EXP 	window1: blendMode = 'avg'
18.0157 	EXP 	window1: blendMode = 'avg'
18.0327 	EXP 	window1: blendMode = 'avg'
18.0492 	EXP 	window1: blendMode = 'avg'
18.0661 	EXP 	window1: blendMode = 'avg'
18.0825 	EXP 	window1: blendMode = 'avg'
18.0992 	EXP 	window1: blendMode = 'avg'
18.1160 	EXP 	window1: blendMode = 'avg'
18.1326 	EXP 	window1: blendMode = 'avg'
18.1491 	EXP 	window1: blendMode = 'avg'
18.1660 	EXP 	window1: blendMode = 'avg'
18.1824 	EXP 	window1: blendMode = 'avg'
18.1994 	EXP 	window1: blendMode = 'avg'
18.2158 	EXP 	window1: blendMode = 'avg'
18.2323 	EXP 	window1: blendMode = 'avg'
18.2491 	EXP 	window1: blendMode = 'avg'
18.2661 	EXP 	window1: blendMode = 'avg'
18.2827 	EXP 	window1: blendMode = 'avg'
18.2990 	EXP 	window1: blendMode = 'avg'
18.3158 	EXP 	window1: blendMode = 'avg'
18.3325 	EXP 	window1: blendMode = 'avg'
18.3492 	EXP 	window1: blendMode = 'avg'
18.3661 	EXP 	window1: blendMode = 'avg'
18.3825 	EXP 	window1: blendMode = 'avg'
18.3992 	EXP 	window1: blendMode = 'avg'
18.4163 	EXP 	window1: blendMode = 'avg'
18.4323 	EXP 	window1: blendMode = 'avg'
18.4490 	EXP 	window1: blendMode = 'avg'
18.4659 	EXP 	window1: blendMode = 'avg'
18.4826 	EXP 	window1: blendMode = 'avg'
18.4994 	EXP 	window1: blendMode = 'avg'
18.5158 	EXP 	window1: blendMode = 'avg'
18.5327 	EXP 	window1: blendMode = 'avg'
18.5494 	EXP 	window1: blendMode = 'avg'
18.5660 	EXP 	window1: blendMode = 'avg'
18.5825 	EXP 	window1: blendMode = 'avg'
18.5992 	EXP 	window1: blendMode = 'avg'
18.6158 	EXP 	window1: blendMode = 'avg'
18.6325 	EXP 	window1: blendMode = 'avg'
18.6492 	EXP 	window1: blendMode = 'avg'
18.6659 	EXP 	window1: blendMode = 'avg'
18.6823 	EXP 	window1: blendMode = 'avg'
18.6991 	EXP 	window1: blendMode = 'avg'
18.7158 	EXP 	window1: blendMode = 'avg'
18.7326 	EXP 	window1: blendMode = 'avg'
18.7492 	EXP 	window1: blendMode = 'avg'
18.7659 	EXP 	window1: blendMode = 'avg'
18.7824 	EXP 	window1: blendMode = 'avg'
18.7993 	EXP 	window1: blendMode = 'avg'
18.8158 	EXP 	window1: blendMode = 'avg'
18.8327 	EXP 	window1: blendMode = 'avg'
18.8491 	EXP 	window1: blendMode = 'avg'
18.8657 	EXP 	window1: blendMode = 'avg'
18.8828 	EXP 	window1: blendMode = 'avg'
18.8994 	EXP 	window1: blendMode = 'avg'
18.9158 	EXP 	window1: blendMode = 'avg'
18.9324 	EXP 	window1: blendMode = 'avg'
18.9492 	EXP 	window1: blendMode = 'avg'
18.9658 	EXP 	window1: blendMode = 'avg'
18.9824 	EXP 	window1: blendMode = 'avg'
18.9993 	EXP 	window1: blendMode = 'avg'
19.0158 	EXP 	window1: blendMode = 'avg'
19.0327 	EXP 	window1: blendMode = 'avg'
19.0493 	EXP 	window1: blendMode = 'avg'
19.0661 	EXP 	window1: blendMode = 'avg'
19.0825 	EXP 	window1: blendMode = 'avg'
19.0993 	EXP 	window1: blendMode = 'avg'
19.1158 	EXP 	window1: blendMode = 'avg'
19.1325 	EXP 	window1: blendMode = 'avg'
19.1492 	EXP 	window1: blendMode = 'avg'
19.1664 	EXP 	window1: blendMode = 'avg'
19.1820 	EXP 	window1: blendMode = 'avg'
19.1992 	EXP 	window1: blendMode = 'avg'
19.2158 	EXP 	window1: blendMode = 'avg'
19.2326 	EXP 	window1: blendMode = 'avg'
19.2489 	EXP 	window1: blendMode = 'avg'
19.2655 	EXP 	window1: blendMode = 'avg'
19.2823 	EXP 	window1: blendMode = 'avg'
19.2991 	EXP 	window1: blendMode = 'avg'
19.3158 	EXP 	window1: blendMode = 'avg'
19.3318 	EXP 	window1: blendMode = 'avg'
19.3488 	EXP 	window1: blendMode = 'avg'
19.3659 	EXP 	window1: blendMode = 'avg'
19.3825 	EXP 	window1: blendMode = 'avg'
19.3994 	EXP 	window1: blendMode = 'avg'
19.4161 	EXP 	window1: blendMode = 'avg'
19.4327 	EXP 	window1: blendMode = 'avg'
19.4487 	EXP 	window1: blendMode = 'avg'
19.4658 	EXP 	window1: blendMode = 'avg'
19.4827 	EXP 	window1: blendMode = 'avg'
19.4993 	EXP 	window1: blendMode = 'avg'
19.5157 	EXP 	window1: blendMode = 'avg'
19.5323 	EXP 	window1: blendMode = 'avg'
19.5490 	EXP 	window1: blendMode = 'avg'
19.5658 	EXP 	window1: blendMode = 'avg'
19.5825 	EXP 	window1: blendMode = 'avg'
19.5993 	EXP 	window1: blendMode = 'avg'
19.6159 	EXP 	window1: blendMode = 'avg'
19.6325 	EXP 	window1: blendMode = 'avg'
19.6492 	EXP 	window1: blendMode = 'avg'
19.6660 	EXP 	window1: blendMode = 'avg'
19.6827 	EXP 	window1: blendMode = 'avg'
19.6993 	EXP 	window1: blendMode = 'avg'
19.7158 	EXP 	window1: blendMode = 'avg'
19.7325 	EXP 	window1: blendMode = 'avg'
19.7491 	EXP 	window1: blendMode = 'avg'
19.7660 	EXP 	window1: blendMode = 'avg'
19.7822 	EXP 	window1: blendMode = 'avg'
19.7992 	EXP 	window1: blendMode = 'avg'
19.8158 	EXP 	window1: blendMode = 'avg'
19.8325 	EXP 	window1: blendMode = 'avg'
19.8491 	EXP 	window1: blendMode = 'avg'
19.8660 	EXP 	window1: blendMode = 'avg'
19.8825 	EXP 	window1: blendMode = 'avg'
19.8989 	EXP 	window1: blendMode = 'avg'
19.9156 	EXP 	window1: blendMode = 'avg'
19.9325 	EXP 	window1: blendMode = 'avg'
19.9491 	EXP 	window1: blendMode = 'avg'
19.9660 	EXP 	window1: blendMode = 'avg'
19.9824 	EXP 	window1: blendMode = 'avg'
19.9993 	EXP 	window1: blendMode = 'avg'
20.0158 	EXP 	window1: blendMode = 'avg'
20.0327 	EXP 	window1: blendMode = 'avg'
20.0491 	EXP 	window1: blendMode = 'avg'
20.0654 	EXP 	window1: blendMode = 'avg'
20.0821 	EXP 	window1: blendMode = 'avg'
20.0989 	EXP 	window1: blendMode = 'avg'
20.1156 	EXP 	window1: blendMode = 'avg'
20.1325 	EXP 	window1: blendMode = 'avg'
20.1494 	EXP 	window1: blendMode = 'avg'
20.1646 	EXP 	window1: blendMode = 'avg'
20.1822 	EXP 	window1: blendMode = 'avg'
20.1991 	EXP 	window1: blendMode = 'avg'
20.2156 	EXP 	window1: blendMode = 'avg'
20.2321 	EXP 	window1: blendMode = 'avg'
20.2490 	EXP 	window1: blendMode = 'avg'
20.2656 	EXP 	window1: blendMode = 'avg'
20.2826 	EXP 	window1: blendMode = 'avg'
20.2994 	EXP 	window1: blendMode = 'avg'
20.3146 	EXP 	window1: blendMode = 'avg'
20.3325 	EXP 	window1: blendMode = 'avg'
20.3489 	EXP 	window1: blendMode = 'avg'
20.3658 	EXP 	window1: blendMode = 'avg'
20.3825 	EXP 	window1: blendMode = 'avg'
20.3993 	EXP 	window1: blendMode = 'avg'
20.4151 	EXP 	window1: blendMode = 'avg'
20.4325 	EXP 	window1: blendMode = 'avg'
20.4492 	EXP 	window1: blendMode = 'avg'
20.4660 	EXP 	window1: blendMode = 'avg'
20.4824 	EXP 	window1: blendMode = 'avg'
20.4992 	EXP 	window1: blendMode = 'avg'
20.5158 	EXP 	window1: blendMode = 'avg'
20.5327 	EXP 	window1: blendMode = 'avg'
20.5491 	EXP 	window1: blendMode = 'avg'
20.5661 	EXP 	window1: blendMode = 'avg'
20.5825 	EXP 	window1: blendMode = 'avg'
20.5993 	EXP 	window1: blendMode = 'avg'
20.6157 	EXP 	window1: blendMode = 'avg'
20.6325 	EXP 	window1: blendMode = 'avg'
20.6492 	EXP 	window1: blendMode = 'avg'
20.6656 	EXP 	window1: blendMode = 'avg'
20.6822 	EXP 	window1: blendMode = 'avg'
20.6992 	EXP 	window1: blendMode = 'avg'
20.7158 	EXP 	window1: blendMode = 'avg'
20.7324 	EXP 	window1: blendMode = 'avg'
20.7493 	EXP 	window1: blendMode = 'avg'
20.7658 	EXP 	window1: blendMode = 'avg'
20.7826 	EXP 	window1: blendMode = 'avg'
20.7991 	EXP 	window1: blendMode = 'avg'
20.8158 	EXP 	window1: blendMode = 'avg'
20.8327 	EXP 	window1: blendMode = 'avg'
20.8491 	EXP 	window1: blendMode = 'avg'
20.8659 	EXP 	window1: blendMode = 'avg'
20.8825 	EXP 	window1: blendMode = 'avg'
20.8988 	EXP 	window1: blendMode = 'avg'
20.9157 	EXP 	window1: blendMode = 'avg'
20.9325 	EXP 	window1: blendMode = 'avg'
20.9491 	EXP 	window1: blendMode = 'avg'
20.9659 	EXP 	window1: blendMode = 'avg'
20.9825 	EXP 	window1: blendMode = 'avg'
20.9993 	EXP 	window1: blendMode = 'avg'
21.0157 	EXP 	window1: blendMode = 'avg'
21.0327 	EXP 	window1: blendMode = 'avg'
21.0490 	EXP 	window1: blendMode = 'avg'
21.0660 	EXP 	window1: blendMode = 'avg'
21.0825 	EXP 	window1: blendMode = 'avg'
21.0994 	EXP 	window1: blendMode = 'avg'
21.1158 	EXP 	window1: blendMode = 'avg'
21.1327 	EXP 	window1: blendMode = 'avg'
21.1491 	EXP 	window1: blendMode = 'avg'
21.1660 	EXP 	window1: blendMode = 'avg'
21.1824 	EXP 	window1: blendMode = 'avg'
21.1995 	EXP 	window1: blendMode = 'avg'
21.2154 	EXP 	window1: blendMode = 'avg'
21.2324 	EXP 	window1: blendMode = 'avg'
21.2494 	EXP 	window1: blendMode = 'avg'
21.2657 	EXP 	window1: blendMode = 'avg'
21.2823 	EXP 	window1: blendMode = 'avg'
21.2992 	EXP 	window1: blendMode = 'avg'
21.3163 	EXP 	window1: blendMode = 'avg'
21.3324 	EXP 	window1: blendMode = 'avg'
21.3494 	EXP 	window1: blendMode = 'avg'
21.3660 	EXP 	window1: blendMode = 'avg'
21.3826 	EXP 	window1: blendMode = 'avg'
21.3992 	EXP 	window1: blendMode = 'avg'
21.4158 	EXP 	window1: blendMode = 'avg'
21.4329 	EXP 	window1: blendMode = 'avg'
21.4484 	EXP 	window1: blendMode = 'avg'
21.4660 	EXP 	window1: blendMode = 'avg'
21.4824 	EXP 	window1: blendMode = 'avg'
21.4991 	EXP 	window1: blendMode = 'avg'
21.5157 	EXP 	window1: blendMode = 'avg'
21.5325 	EXP 	window1: blendMode = 'avg'
21.5488 	EXP 	window1: blendMode = 'avg'
21.5658 	EXP 	window1: blendMode = 'avg'
21.5825 	EXP 	window1: blendMode = 'avg'
21.5993 	EXP 	window1: blendMode = 'avg'
21.6158 	EXP 	window1: blendMode = 'avg'
21.6325 	EXP 	window1: blendMode = 'avg'
21.6494 	EXP 	window1: blendMode = 'avg'
21.6657 	EXP 	window1: blendMode = 'avg'
21.6824 	EXP 	window1: blendMode = 'avg'
21.6994 	EXP 	window1: blendMode = 'avg'
21.7157 	EXP 	window1: blendMode = 'avg'
21.7327 	EXP 	window1: blendMode = 'avg'
21.7494 	EXP 	window1: blendMode = 'avg'
21.7660 	EXP 	window1: blendMode = 'avg'
21.7824 	EXP 	window1: blendMode = 'avg'
21.7992 	EXP 	window1: blendMode = 'avg'
21.8158 	EXP 	window1: blendMode = 'avg'
21.8326 	EXP 	window1: blendMode = 'avg'
21.8490 	EXP 	window1: blendMode = 'avg'
21.8656 	EXP 	window1: blendMode = 'avg'
21.8823 	EXP 	window1: blendMode = 'avg'
21.8991 	EXP 	window1: blendMode = 'avg'
21.9158 	EXP 	window1: blendMode = 'avg'
21.9327 	EXP 	window1: blendMode = 'avg'
21.9493 	EXP 	window1: blendMode = 'avg'
21.9659 	EXP 	window1: blendMode = 'avg'
21.9824 	EXP 	window1: blendMode = 'avg'
21.9991 	EXP 	window1: blendMode = 'avg'
22.0158 	EXP 	window1: blendMode = 'avg'
22.0326 	EXP 	window1: blendMode = 'avg'
22.0491 	EXP 	window1: blendMode = 'avg'
22.0658 	EXP 	window1: blendMode = 'avg'
22.0822 	EXP 	window1: blendMode = 'avg'
22.0984 	EXP 	window1: blendMode = 'avg'
22.1151 	EXP 	window1: blendMode = 'avg'
22.1324 	EXP 	window1: blendMode = 'avg'
22.1492 	EXP 	window1: blendMode = 'avg'
22.1658 	EXP 	window1: blendMode = 'avg'
22.1826 	EXP 	window1: blendMode = 'avg'
22.1992 	EXP 	window1: blendMode = 'avg'
22.2159 	EXP 	window1: blendMode = 'avg'
22.2327 	EXP 	window1: blendMode = 'avg'
22.2491 	EXP 	window1: blendMode = 'avg'
22.2657 	EXP 	window1: blendMode = 'avg'
22.2818 	EXP 	window1: blendMode = 'avg'
22.2993 	EXP 	window1: blendMode = 'avg'
22.3159 	EXP 	window1: blendMode = 'avg'
22.3327 	EXP 	window1: blendMode = 'avg'
22.3491 	EXP 	window1: blendMode = 'avg'
22.3660 	EXP 	window1: blendMode = 'avg'
22.3826 	EXP 	window1: blendMode = 'avg'
22.3992 	EXP 	window1: blendMode = 'avg'
22.4156 	EXP 	window1: blendMode = 'avg'
22.4323 	EXP 	window1: blendMode = 'avg'
22.4489 	EXP 	window1: blendMode = 'avg'
22.4658 	EXP 	window1: blendMode = 'avg'
22.4823 	EXP 	window1: blendMode = 'avg'
22.4991 	EXP 	window1: blendMode = 'avg'
22.5158 	EXP 	window1: blendMode = 'avg'
22.5327 	EXP 	window1: blendMode = 'avg'
22.5490 	EXP 	window1: blendMode = 'avg'
22.5658 	EXP 	window1: blendMode = 'avg'
22.5822 	EXP 	window1: blendMode = 'avg'
22.5991 	EXP 	window1: blendMode = 'avg'
22.6161 	EXP 	window1: blendMode = 'avg'
22.6327 	EXP 	window1: blendMode = 'avg'
22.6491 	EXP 	window1: blendMode = 'avg'
22.6659 	EXP 	window1: blendMode = 'avg'
22.6825 	EXP 	window1: blendMode = 'avg'
22.6989 	EXP 	window1: blendMode = 'avg'
22.7156 	EXP 	window1: blendMode = 'avg'
22.7324 	EXP 	window1: blendMode = 'avg'
22.7491 	EXP 	window1: blendMode = 'avg'
22.7659 	EXP 	window1: blendMode = 'avg'
22.7823 	EXP 	window1: blendMode = 'avg'
22.7990 	EXP 	window1: blendMode = 'avg'
22.8158 	EXP 	window1: blendMode = 'avg'
22.8322 	EXP 	window1: blendMode = 'avg'
22.8489 	EXP 	window1: blendMode = 'avg'
22.8658 	EXP 	window1: blendMode = 'avg'
22.8825 	EXP 	window1: blendMode = 'avg'
22.8992 	EXP 	window1: blendMode = 'avg'
22.9156 	EXP 	window1: blendMode = 'avg'
22.9324 	EXP 	window1: blendMode = 'avg'
22.9493 	EXP 	window1: blendMode = 'avg'
22.9659 	EXP 	window1: blendMode = 'avg'
22.9823 	EXP 	window1: blendMode = 'avg'
22.9991 	EXP 	window1: blendMode = 'avg'
23.0157 	EXP 	window1: blendMode = 'avg'
23.0327 	EXP 	window1: blendMode = 'avg'
23.0490 	EXP 	window1: blendMode = 'avg'
23.0660 	EXP 	window1: blendMode = 'avg'
23.0813 	EXP 	window1: blendMode = 'avg'
23.0991 	EXP 	window1: blendMode = 'avg'
23.1160 	EXP 	window1: blendMode = 'avg'
23.1326 	EXP 	window1: blendMode = 'avg'
23.1490 	EXP 	window1: blendMode = 'avg'
23.1660 	EXP 	window1: blendMode = 'avg'
23.1824 	EXP 	window1: blendMode = 'avg'
23.1992 	EXP 	window1: blendMode = 'avg'
23.2158 	EXP 	window1: blendMode = 'avg'
23.2316 	EXP 	window1: blendMode = 'avg'
23.2491 	EXP 	window1: blendMode = 'avg'
23.2657 	EXP 	window1: blendMode = 'avg'
23.2823 	EXP 	window1: blendMode = 'avg'
23.2991 	EXP 	window1: blendMode = 'avg'
23.3156 	EXP 	window1: blendMode = 'avg'
23.3325 	EXP 	window1: blendMode = 'avg'
23.3491 	EXP 	window1: blendMode = 'avg'
23.3660 	EXP 	window1: blendMode = 'avg'
23.3826 	EXP 	window1: blendMode = 'avg'
23.3993 	EXP 	window1: blendMode = 'avg'
23.4154 	EXP 	window1: blendMode = 'avg'
23.4324 	EXP 	window1: blendMode = 'avg'
23.4490 	EXP 	window1: blendMode = 'avg'
23.4659 	EXP 	window1: blendMode = 'avg'
23.4852 	EXP 	window1: blendMode = 'avg'
23.4993 	EXP 	window1: blendMode = 'avg'
23.5159 	EXP 	window1: blendMode = 'avg'
23.5327 	EXP 	window1: blendMode = 'avg'
23.5491 	EXP 	window1: blendMode = 'avg'
23.5660 	EXP 	window1: blendMode = 'avg'
23.5824 	EXP 	window1: blendMode = 'avg'
23.5992 	EXP 	window1: blendMode = 'avg'
23.6157 	EXP 	window1: blendMode = 'avg'
23.6325 	EXP 	window1: blendMode = 'avg'
23.6491 	EXP 	window1: blendMode = 'avg'
23.6658 	EXP 	window1: blendMode = 'avg'
23.6824 	EXP 	window1: blendMode = 'avg'
23.6991 	EXP 	window1: blendMode = 'avg'
23.7156 	EXP 	window1: blendMode = 'avg'
23.7327 	EXP 	window1: blendMode = 'avg'
23.7492 	EXP 	window1: blendMode = 'avg'
23.7660 	EXP 	window1: blendMode = 'avg'
23.7826 	EXP 	window1: blendMode = 'avg'
23.7990 	EXP 	window1: blendMode = 'avg'
23.8157 	EXP 	window1: blendMode = 'avg'
23.8325 	EXP 	window1: blendMode = 'avg'
23.8491 	EXP 	window1: blendMode = 'avg'
23.8660 	EXP 	window1: blendMode = 'avg'
23.8824 	EXP 	window1: blendMode = 'avg'
23.8991 	EXP 	window1: blendMode = 'avg'
23.9157 	EXP 	window1: blendMode = 'avg'
23.9323 	EXP 	window1: blendMode = 'avg'
23.9491 	EXP 	window1: blendMode = 'avg'
23.9660 	EXP 	window1: blendMode = 'avg'
23.9824 	EXP 	window1: blendMode = 'avg'
23.9992 	EXP 	window1: blendMode = 'avg'
24.0156 	EXP 	window1: blendMode = 'avg'
24.0324 	EXP 	window1: blendMode = 'avg'
24.0491 	EXP 	window1: blendMode = 'avg'
24.0660 	EXP 	window1: blendMode = 'avg'
24.0824 	EXP 	window1: blendMode = 'avg'
24.0992 	EXP 	window1: blendMode = 'avg'
24.1157 	EXP 	window1: blendMode = 'avg'
24.1325 	EXP 	window1: blendMode = 'avg'
24.1491 	EXP 	window1: blendMode = 'avg'
24.1661 	EXP 	window1: blendMode = 'avg'
24.1823 	EXP 	window1: blendMode = 'avg'
24.1991 	EXP 	window1: blendMode = 'avg'
24.2158 	EXP 	window1: blendMode = 'avg'
24.2323 	EXP 	window1: blendMode = 'avg'
24.2491 	EXP 	window1: blendMode = 'avg'
24.2660 	EXP 	window1: blendMode = 'avg'
24.2826 	EXP 	window1: blendMode = 'avg'
24.2992 	EXP 	window1: blendMode = 'avg'
24.3157 	EXP 	window1: blendMode = 'avg'
24.3326 	EXP 	window1: blendMode = 'avg'
24.3493 	EXP 	window1: blendMode = 'avg'
24.3659 	EXP 	window1: blendMode = 'avg'
24.3826 	EXP 	window1: blendMode = 'avg'
24.3992 	EXP 	window1: blendMode = 'avg'
24.4158 	EXP 	window1: blendMode = 'avg'
24.4327 	EXP 	window1: blendMode = 'avg'
24.4493 	EXP 	window1: blendMode = 'avg'
24.4659 	EXP 	window1: blendMode = 'avg'
24.4825 	EXP 	window1: blendMode = 'avg'
24.4991 	EXP 	window1: blendMode = 'avg'
24.5157 	EXP 	window1: blendMode = 'avg'
24.5326 	EXP 	window1: blendMode = 'avg'
24.5490 	EXP 	window1: blendMode = 'avg'
24.5659 	EXP 	window1: blendMode = 'avg'
24.5824 	EXP 	window1: blendMode = 'avg'
24.5993 	EXP 	window1: blendMode = 'avg'
24.6157 	EXP 	window1: blendMode = 'avg'
24.6326 	EXP 	window1: blendMode = 'avg'
24.6490 	EXP 	window1: blendMode = 'avg'
24.6660 	EXP 	window1: blendMode = 'avg'
24.6827 	EXP 	window1: blendMode = 'avg'
24.6991 	EXP 	window1: blendMode = 'avg'
24.7157 	EXP 	window1: blendMode = 'avg'
24.7327 	EXP 	window1: blendMode = 'avg'
24.7490 	EXP 	window1: blendMode = 'avg'
24.7656 	EXP 	window1: blendMode = 'avg'
24.7822 	EXP 	window1: blendMode = 'avg'
24.7990 	EXP 	window1: blendMode = 'avg'
24.8160 	EXP 	window1: blendMode = 'avg'
24.8326 	EXP 	window1: blendMode = 'avg'
24.8493 	EXP 	window1: blendMode = 'avg'
24.8657 	EXP 	window1: blendMode = 'avg'
24.8826 	EXP 	window1: blendMode = 'avg'
24.9024 	DATA 	Keypress: space
24.9124 	EXP 	Imported Book.xlsx as conditions, 44 conditions, 7 params
24.9130 	EXP 	Created sequence: random, trialTypes=44, nReps=1, seed=None
24.9133 	EXP 	New trial (rep=0, index=0): {'YLeftPos': 0, 'time_presentation': 0.5, 'XLeftPos': -300, 'XRightPos': 300, 'rightimg': u'frogs/ab60.jpg', 'YRightPos': 0, 'leftimg': u'frogs/ab20.jpg'}
24.9805 	EXP 	text_2: autoDraw = False
24.9805 	EXP 	Leftimg: pos = array([-300.,    0.])
24.9805 	EXP 	Leftimg: image = u'frogs/ab20.jpg'
24.9805 	EXP 	Rightimg: pos = array([ 300.,    0.])
24.9805 	EXP 	Rightimg: image = u'frogs/ab60.jpg'
24.9805 	EXP 	Leftimg: autoDraw = True
24.9805 	EXP 	Rightimg: autoDraw = True
25.4310 	EXP 	Leftimg: autoDraw = False
25.4310 	EXP 	Rightimg: autoDraw = False
25.7512 	DATA 	Keypress: right
25.7652 	EXP 	New trial (rep=0, index=1): {'YLeftPos': 0, 'time_presentation': 0.5, 'XLeftPos': -300, 'XRightPos': 300, 'rightimg': u'frogs/ab70.jpg', 'YRightPos': 0, 'leftimg': u'frogs/ab30.jpg'}
25.7811 	EXP 	Leftimg: autoDraw = False
25.7811 	EXP 	Rightimg: autoDraw = False
25.7811 	EXP 	text: autoDraw = False
25.7811 	EXP 	Leftimg: pos = array([-300.,    0.])
25.7811 	EXP 	Leftimg: image = u'frogs/ab30.jpg'
25.7811 	EXP 	Rightimg: pos = array([ 300.,    0.])
25.7811 	EXP 	Rightimg: image = u'frogs/ab70.jpg'
25.7811 	EXP 	Leftimg: autoDraw = True
25.7811 	EXP 	Rightimg: autoDraw = True
26.2813 	EXP 	Leftimg: autoDraw = False
26.2813 	EXP 	Rightimg: autoDraw = False
26.3819 	DATA 	Keypress: left
26.3830 	EXP 	New trial (rep=0, index=2): {'YLeftPos': 0, 'time_presentation': 0.5, 'XLeftPos': -300, 'XRightPos': 300, 'rightimg': u'frogs/ab64.jpg', 'YRightPos': 0, 'leftimg': u'frogs/ab24.jpg'}
26.3974 	EXP 	Leftimg: autoDraw = False
26.3974 	EXP 	Rightimg: autoDraw = False
26.3974 	EXP 	text: autoDraw = False
26.3974 	EXP 	Leftimg: pos = array([-300.,    0.])
26.3974 	EXP 	Leftimg: image = u'frogs/ab24.jpg'
26.3974 	EXP 	Rightimg: pos = array([ 300.,    0.])
26.3974 	EXP 	Rightimg: image = u'frogs/ab64.jpg'
26.3974 	EXP 	Leftimg: autoDraw = True
26.3974 	EXP 	Rightimg: autoDraw = True
26.8660 	DATA 	Keypress: right
26.8669 	EXP 	New trial (rep=0, index=3): {'YLeftPos': 0, 'time_presentation': 0.5, 'XLeftPos': -300, 'XRightPos': 300, 'rightimg': u'frogs/ab51.jpg', 'YRightPos': 0, 'leftimg': u'frogs/ab11.jpg'}
26.9305 	EXP 	Leftimg: autoDraw = False
26.9305 	EXP 	Rightimg: autoDraw = False
26.9305 	EXP 	text: autoDraw = False
26.9305 	EXP 	Leftimg: pos = array([-300.,    0.])
26.9305 	EXP 	Leftimg: image = u'frogs/ab11.jpg'
26.9305 	EXP 	Rightimg: pos = array([ 300.,    0.])
26.9305 	EXP 	Rightimg: image = u'frogs/ab51.jpg'
26.9305 	EXP 	Leftimg: autoDraw = True
26.9305 	EXP 	Rightimg: autoDraw = True
27.3802 	EXP 	Leftimg: autoDraw = False
27.3802 	EXP 	Rightimg: autoDraw = False
27.5331 	DATA 	Keypress: right
27.5341 	EXP 	New trial (rep=0, index=4): {'YLeftPos': 0, 'time_presentation': 0.5, 'XLeftPos': -300, 'XRightPos': 300, 'rightimg': u'frogs/ab75.jpg', 'YRightPos': 0, 'leftimg': u'frogs/ab35.jpg'}
27.5649 	EXP 	Leftimg: autoDraw = False
27.5649 	EXP 	Rightimg: autoDraw = False
27.5649 	EXP 	text: autoDraw = False
27.5649 	EXP 	Leftimg: pos = array([-300.,    0.])
27.5649 	EXP 	Leftimg: image = u'frogs/ab35.jpg'
27.5649 	EXP 	Rightimg: pos = array([ 300.,    0.])
27.5649 	EXP 	Rightimg: image = u'frogs/ab75.jpg'
27.5649 	EXP 	Leftimg: autoDraw = True
27.5649 	EXP 	Rightimg: autoDraw = True
28.0479 	EXP 	Leftimg: autoDraw = False
28.0479 	EXP 	Rightimg: autoDraw = False
28.0998 	DATA 	Keypress: right
28.1009 	EXP 	New trial (rep=0, index=5): {'YLeftPos': 0, 'time_presentation': 0.5, 'XLeftPos': -300, 'XRightPos': 300, 'rightimg': u'frogs/ab69.jpg', 'YRightPos': 0, 'leftimg': u'frogs/ab29.jpg'}
28.1312 	EXP 	Leftimg: autoDraw = False
28.1312 	EXP 	Rightimg: autoDraw = False
28.1312 	EXP 	text: autoDraw = False
28.1312 	EXP 	Leftimg: pos = array([-300.,    0.])
28.1312 	EXP 	Leftimg: image = u'frogs/ab29.jpg'
28.1312 	EXP 	Rightimg: pos = array([ 300.,    0.])
28.1312 	EXP 	Rightimg: image = u'frogs/ab69.jpg'
28.1312 	EXP 	Leftimg: autoDraw = True
28.1312 	EXP 	Rightimg: autoDraw = True
28.6144 	EXP 	Leftimg: autoDraw = False
28.6144 	EXP 	Rightimg: autoDraw = False
28.7165 	DATA 	Keypress: left
28.7176 	EXP 	New trial (rep=0, index=6): {'YLeftPos': 0, 'time_presentation': 0.5, 'XLeftPos': -300, 'XRightPos': 300, 'rightimg': u'frogs/ab79.jpg', 'YRightPos': 0, 'leftimg': u'frogs/ab39.jpg'}
28.7471 	EXP 	Leftimg: autoDraw = False
28.7471 	EXP 	Rightimg: autoDraw = False
28.7471 	EXP 	text: autoDraw = False
28.7471 	EXP 	Leftimg: pos = array([-300.,    0.])
28.7471 	EXP 	Leftimg: image = u'frogs/ab39.jpg'
28.7471 	EXP 	Rightimg: pos = array([ 300.,    0.])
28.7471 	EXP 	Rightimg: image = u'frogs/ab79.jpg'
28.7471 	EXP 	Leftimg: autoDraw = True
28.7471 	EXP 	Rightimg: autoDraw = True
29.1495 	DATA 	Keypress: right
29.1504 	EXP 	New trial (rep=0, index=7): {'YLeftPos': 0, 'time_presentation': 0.5, 'XLeftPos': -300, 'XRightPos': 300, 'rightimg': u'2.jpg', 'YRightPos': 0, 'leftimg': u'4.jpg'}
29.1976 	EXP 	Leftimg: autoDraw = False
29.1976 	EXP 	Rightimg: autoDraw = False
29.1976 	EXP 	text: autoDraw = False
29.1976 	EXP 	Leftimg: pos = array([-300.,    0.])
29.1976 	EXP 	Leftimg: image = u'4.jpg'
29.1976 	EXP 	Rightimg: pos = array([ 300.,    0.])
29.1976 	EXP 	Rightimg: image = u'2.jpg'
29.1976 	EXP 	Leftimg: autoDraw = True
29.1976 	EXP 	Rightimg: autoDraw = True
29.6646 	EXP 	Leftimg: autoDraw = False
29.6646 	EXP 	Rightimg: autoDraw = False
29.7829 	DATA 	Keypress: right
29.7841 	EXP 	New trial (rep=0, index=8): {'YLeftPos': 0, 'time_presentation': 0.5, 'XLeftPos': -300, 'XRightPos': 300, 'rightimg': u'frogs/ab73.jpg', 'YRightPos': 0, 'leftimg': u'frogs/ab33.jpg'}
29.8807 	EXP 	Leftimg: autoDraw = False
29.8807 	EXP 	Rightimg: autoDraw = False
29.8807 	EXP 	text: autoDraw = False
29.8807 	EXP 	Leftimg: pos = array([-300.,    0.])
29.8807 	EXP 	Leftimg: image = u'frogs/ab33.jpg'
29.8807 	EXP 	Rightimg: pos = array([ 300.,    0.])
29.8807 	EXP 	Rightimg: image = u'frogs/ab73.jpg'
29.8807 	EXP 	Leftimg: autoDraw = True
29.8807 	EXP 	Rightimg: autoDraw = True
30.2981 	EXP 	Leftimg: autoDraw = False
30.2981 	EXP 	Rightimg: autoDraw = False
30.7663 	DATA 	Keypress: left
30.7677 	EXP 	New trial (rep=0, index=9): {'YLeftPos': 0, 'time_presentation': 0.5, 'XLeftPos': -300, 'XRightPos': 300, 'rightimg': u'1.jpg', 'YRightPos': 0, 'leftimg': u'3.jpg'}
30.7986 	DATA 	Keypress: down
30.8140 	EXP 	Leftimg: autoDraw = False
30.8140 	EXP 	Rightimg: autoDraw = False
30.8140 	EXP 	text: autoDraw = False
30.8140 	EXP 	Leftimg: pos = array([-300.,    0.])
30.8140 	EXP 	Leftimg: image = u'3.jpg'
30.8140 	EXP 	Rightimg: pos = array([ 300.,    0.])
30.8140 	EXP 	Rightimg: image = u'1.jpg'
30.8140 	EXP 	Leftimg: autoDraw = True
30.8140 	EXP 	Rightimg: autoDraw = True
31.0664 	DATA 	Keypress: right
31.0674 	EXP 	New trial (rep=0, index=10): {'YLeftPos': 0, 'time_presentation': 0.5, 'XLeftPos': -300, 'XRightPos': 300, 'rightimg': u'frogs/ab49.jpg', 'YRightPos': 0, 'leftimg': u'frogs/ab9.jpg'}
31.2643 	EXP 	Leftimg: autoDraw = False
31.2643 	EXP 	Rightimg: autoDraw = False
31.2643 	EXP 	text: autoDraw = False
31.2643 	EXP 	Leftimg: pos = array([-300.,    0.])
31.2643 	EXP 	Leftimg: image = u'frogs/ab9.jpg'
31.2643 	EXP 	Rightimg: pos = array([ 300.,    0.])
31.2643 	EXP 	Rightimg: image = u'frogs/ab49.jpg'
31.2643 	EXP 	Leftimg: autoDraw = True
31.2643 	EXP 	Rightimg: autoDraw = True
31.5813 	EXP 	Leftimg: autoDraw = False
31.5813 	EXP 	Rightimg: autoDraw = False
31.7994 	DATA 	Keypress: right
31.8005 	EXP 	New trial (rep=0, index=11): {'YLeftPos': 0, 'time_presentation': 0.5, 'XLeftPos': -300, 'XRightPos': 300, 'rightimg': u'frogs/ab59.jpg', 'YRightPos': 0, 'leftimg': u'frogs/ab19.jpg'}
31.8477 	EXP 	Leftimg: autoDraw = False
31.8477 	EXP 	Rightimg: autoDraw = False
31.8477 	EXP 	text: autoDraw = False
31.8477 	EXP 	Leftimg: pos = array([-300.,    0.])
31.8477 	EXP 	Leftimg: image = u'frogs/ab19.jpg'
31.8477 	EXP 	Rightimg: pos = array([ 300.,    0.])
31.8477 	EXP 	Rightimg: image = u'frogs/ab59.jpg'
31.8477 	EXP 	Leftimg: autoDraw = True
31.8477 	EXP 	Rightimg: autoDraw = True
32.2833 	DATA 	Keypress: left
32.2842 	EXP 	New trial (rep=0, index=12): {'YLeftPos': 0, 'time_presentation': 0.5, 'XLeftPos': -300, 'XRightPos': 300, 'rightimg': u'frogs/ab74.jpg', 'YRightPos': 0, 'leftimg': u'frogs/ab34.jpg'}
32.3804 	EXP 	Leftimg: autoDraw = False
32.3804 	EXP 	Rightimg: autoDraw = False
32.3804 	EXP 	text: autoDraw = False
32.3804 	EXP 	Leftimg: pos = array([-300.,    0.])
32.3804 	EXP 	Leftimg: image = u'frogs/ab34.jpg'
32.3804 	EXP 	Rightimg: pos = array([ 300.,    0.])
32.3804 	EXP 	Rightimg: image = u'frogs/ab74.jpg'
32.3804 	EXP 	Leftimg: autoDraw = True
32.3804 	EXP 	Rightimg: autoDraw = True
32.7829 	DATA 	Keypress: right
32.7839 	EXP 	New trial (rep=0, index=13): {'YLeftPos': 0, 'time_presentation': 0.5, 'XLeftPos': -300, 'XRightPos': 300, 'rightimg': u'frogs/ab47.jpg', 'YRightPos': 0, 'leftimg': u'frogs/ab7.jpg'}
33.1357 	EXP 	Leftimg: autoDraw = False
33.1357 	EXP 	Rightimg: autoDraw = False
33.1357 	EXP 	Leftimg: autoDraw = False
33.1357 	EXP 	Rightimg: autoDraw = False
33.1357 	EXP 	text: autoDraw = False
33.1357 	EXP 	Leftimg: pos = array([-300.,    0.])
33.1357 	EXP 	Leftimg: image = u'frogs/ab7.jpg'
33.1357 	EXP 	Rightimg: pos = array([ 300.,    0.])
33.1357 	EXP 	Rightimg: image = u'frogs/ab47.jpg'
33.1357 	EXP 	Leftimg: autoDraw = True
33.1357 	EXP 	Rightimg: autoDraw = True
33.2979 	EXP 	Leftimg: autoDraw = False
33.2979 	EXP 	Rightimg: autoDraw = False
33.6999 	DATA 	Keypress: right
33.7011 	EXP 	New trial (rep=0, index=14): {'YLeftPos': 0, 'time_presentation': 0.5, 'XLeftPos': -300, 'XRightPos': 300, 'rightimg': u'frogs/ab66.jpg', 'YRightPos': 0, 'leftimg': u'frogs/ab26.jpg'}
33.7308 	EXP 	Leftimg: autoDraw = False
33.7308 	EXP 	Rightimg: autoDraw = False
33.7308 	EXP 	text: autoDraw = False
33.7308 	EXP 	Leftimg: pos = array([-300.,    0.])
33.7308 	EXP 	Leftimg: image = u'frogs/ab26.jpg'
33.7308 	EXP 	Rightimg: pos = array([ 300.,    0.])
33.7308 	EXP 	Rightimg: image = u'frogs/ab66.jpg'
33.7308 	EXP 	Leftimg: autoDraw = True
33.7308 	EXP 	Rightimg: autoDraw = True
34.2145 	EXP 	Leftimg: autoDraw = False
34.2145 	EXP 	Rightimg: autoDraw = False
36.2157 	EXP 	window1: blendMode = 'avg'
36.2312 	EXP 	text: autoDraw = True
36.2323 	EXP 	window1: blendMode = 'avg'
36.2492 	EXP 	window1: blendMode = 'avg'
36.2662 	EXP 	window1: blendMode = 'avg'
36.2820 	EXP 	window1: blendMode = 'avg'
36.2989 	EXP 	window1: blendMode = 'avg'
36.3156 	EXP 	window1: blendMode = 'avg'
36.3324 	EXP 	window1: blendMode = 'avg'
36.3490 	EXP 	window1: blendMode = 'avg'
36.3658 	EXP 	window1: blendMode = 'avg'
36.3822 	EXP 	window1: blendMode = 'avg'
36.3991 	EXP 	window1: blendMode = 'avg'
36.4144 	EXP 	window1: blendMode = 'avg'
36.4323 	EXP 	window1: blendMode = 'avg'
36.4489 	EXP 	window1: blendMode = 'avg'
36.4657 	EXP 	window1: blendMode = 'avg'
36.4821 	EXP 	window1: blendMode = 'avg'
36.4987 	EXP 	window1: blendMode = 'avg'
36.5156 	EXP 	window1: blendMode = 'avg'
36.5325 	EXP 	window1: blendMode = 'avg'
36.5489 	EXP 	window1: blendMode = 'avg'
36.5655 	EXP 	window1: blendMode = 'avg'
36.5821 	EXP 	window1: blendMode = 'avg'
36.5991 	EXP 	window1: blendMode = 'avg'
36.6156 	EXP 	window1: blendMode = 'avg'
36.6324 	EXP 	window1: blendMode = 'avg'
36.6490 	EXP 	window1: blendMode = 'avg'
36.6658 	EXP 	window1: blendMode = 'avg'
36.6825 	EXP 	window1: blendMode = 'avg'
36.6991 	EXP 	window1: blendMode = 'avg'
36.7155 	EXP 	window1: blendMode = 'avg'
36.7324 	EXP 	window1: blendMode = 'avg'
36.7489 	EXP 	window1: blendMode = 'avg'
36.7657 	EXP 	window1: blendMode = 'avg'
36.7821 	EXP 	window1: blendMode = 'avg'
36.7991 	EXP 	window1: blendMode = 'avg'
36.8156 	EXP 	window1: blendMode = 'avg'
36.8325 	EXP 	window1: blendMode = 'avg'
36.8489 	EXP 	window1: blendMode = 'avg'
36.8658 	EXP 	window1: blendMode = 'avg'
36.8822 	EXP 	window1: blendMode = 'avg'
36.8991 	EXP 	window1: blendMode = 'avg'
36.9155 	EXP 	window1: blendMode = 'avg'
36.9325 	EXP 	window1: blendMode = 'avg'
36.9489 	EXP 	window1: blendMode = 'avg'
36.9657 	EXP 	window1: blendMode = 'avg'
36.9821 	EXP 	window1: blendMode = 'avg'
36.9989 	EXP 	window1: blendMode = 'avg'
37.0155 	EXP 	window1: blendMode = 'avg'
37.0325 	EXP 	window1: blendMode = 'avg'
37.0489 	EXP 	window1: blendMode = 'avg'
37.0658 	EXP 	window1: blendMode = 'avg'
37.0824 	EXP 	window1: blendMode = 'avg'
37.0990 	EXP 	window1: blendMode = 'avg'
37.1156 	EXP 	window1: blendMode = 'avg'
37.1324 	EXP 	window1: blendMode = 'avg'
37.1488 	EXP 	window1: blendMode = 'avg'
37.1654 	EXP 	window1: blendMode = 'avg'
37.1823 	EXP 	window1: blendMode = 'avg'
37.1989 	EXP 	window1: blendMode = 'avg'
37.2155 	EXP 	window1: blendMode = 'avg'
37.2325 	EXP 	window1: blendMode = 'avg'
37.2491 	EXP 	window1: blendMode = 'avg'
37.2657 	EXP 	window1: blendMode = 'avg'
37.2824 	EXP 	window1: blendMode = 'avg'
37.2990 	EXP 	window1: blendMode = 'avg'
37.3162 	EXP 	window1: blendMode = 'avg'
37.3322 	EXP 	window1: blendMode = 'avg'
37.3489 	EXP 	window1: blendMode = 'avg'
37.3657 	EXP 	window1: blendMode = 'avg'
37.3814 	EXP 	window1: blendMode = 'avg'
37.3991 	EXP 	window1: blendMode = 'avg'
37.4155 	EXP 	window1: blendMode = 'avg'
37.4323 	EXP 	window1: blendMode = 'avg'
37.4490 	EXP 	window1: blendMode = 'avg'
37.4658 	EXP 	window1: blendMode = 'avg'
37.4822 	EXP 	window1: blendMode = 'avg'
37.4991 	EXP 	window1: blendMode = 'avg'
37.5150 	EXP 	window1: blendMode = 'avg'
37.5325 	EXP 	window1: blendMode = 'avg'
37.5489 	EXP 	window1: blendMode = 'avg'
37.5657 	EXP 	window1: blendMode = 'avg'
37.5824 	EXP 	window1: blendMode = 'avg'
37.5986 	EXP 	window1: blendMode = 'avg'
37.6154 	EXP 	window1: blendMode = 'avg'
37.6322 	EXP 	window1: blendMode = 'avg'
37.6490 	EXP 	window1: blendMode = 'avg'
37.6655 	EXP 	window1: blendMode = 'avg'
37.6811 	EXP 	window1: blendMode = 'avg'
37.6992 	EXP 	window1: blendMode = 'avg'
37.7159 	EXP 	window1: blendMode = 'avg'
37.7323 	EXP 	window1: blendMode = 'avg'
37.7489 	EXP 	window1: blendMode = 'avg'
37.7658 	EXP 	window1: blendMode = 'avg'
37.7822 	EXP 	window1: blendMode = 'avg'
37.7991 	EXP 	window1: blendMode = 'avg'
37.8155 	EXP 	window1: blendMode = 'avg'
37.8322 	EXP 	window1: blendMode = 'avg'
37.8489 	EXP 	window1: blendMode = 'avg'
37.8657 	EXP 	window1: blendMode = 'avg'
37.8821 	EXP 	window1: blendMode = 'avg'
37.8991 	EXP 	window1: blendMode = 'avg'
37.9158 	EXP 	window1: blendMode = 'avg'
37.9324 	EXP 	window1: blendMode = 'avg'
37.9490 	EXP 	window1: blendMode = 'avg'
37.9653 	EXP 	window1: blendMode = 'avg'
37.9823 	EXP 	window1: blendMode = 'avg'
37.9991 	EXP 	window1: blendMode = 'avg'
38.0157 	EXP 	window1: blendMode = 'avg'
38.0323 	EXP 	window1: blendMode = 'avg'
38.0489 	EXP 	window1: blendMode = 'avg'
38.0655 	EXP 	window1: blendMode = 'avg'
38.0821 	EXP 	window1: blendMode = 'avg'
38.0989 	EXP 	window1: blendMode = 'avg'
38.1159 	EXP 	window1: blendMode = 'avg'
38.1321 	EXP 	window1: blendMode = 'avg'
38.1488 	EXP 	window1: blendMode = 'avg'
38.1654 	EXP 	window1: blendMode = 'avg'
38.1820 	EXP 	window1: blendMode = 'avg'
38.1989 	EXP 	window1: blendMode = 'avg'
38.2156 	EXP 	window1: blendMode = 'avg'
38.2325 	EXP 	window1: blendMode = 'avg'
38.2489 	EXP 	window1: blendMode = 'avg'
38.2653 	EXP 	window1: blendMode = 'avg'
38.2821 	EXP 	window1: blendMode = 'avg'
38.2987 	EXP 	window1: blendMode = 'avg'
38.3154 	EXP 	window1: blendMode = 'avg'
38.3322 	EXP 	window1: blendMode = 'avg'
38.3491 	EXP 	window1: blendMode = 'avg'
38.3657 	EXP 	window1: blendMode = 'avg'
38.3821 	EXP 	window1: blendMode = 'avg'
38.3991 	EXP 	window1: blendMode = 'avg'
38.4163 	EXP 	window1: blendMode = 'avg'
38.4323 	EXP 	window1: blendMode = 'avg'
38.4488 	EXP 	window1: blendMode = 'avg'
38.4656 	EXP 	window1: blendMode = 'avg'
38.4822 	EXP 	window1: blendMode = 'avg'
38.4991 	EXP 	window1: blendMode = 'avg'
38.5155 	EXP 	window1: blendMode = 'avg'
38.5325 	EXP 	window1: blendMode = 'avg'
38.5491 	EXP 	window1: blendMode = 'avg'
38.5657 	EXP 	window1: blendMode = 'avg'
38.5821 	EXP 	window1: blendMode = 'avg'
38.5989 	EXP 	window1: blendMode = 'avg'
38.6156 	EXP 	window1: blendMode = 'avg'
38.6325 	EXP 	window1: blendMode = 'avg'
38.6487 	EXP 	window1: blendMode = 'avg'
38.6655 	EXP 	window1: blendMode = 'avg'
38.6824 	EXP 	window1: blendMode = 'avg'
38.6991 	EXP 	window1: blendMode = 'avg'
38.7155 	EXP 	window1: blendMode = 'avg'
38.7322 	EXP 	window1: blendMode = 'avg'
38.7492 	EXP 	window1: blendMode = 'avg'
38.7656 	EXP 	window1: blendMode = 'avg'
38.7822 	EXP 	window1: blendMode = 'avg'
38.7990 	EXP 	window1: blendMode = 'avg'
38.8157 	EXP 	window1: blendMode = 'avg'
38.8324 	EXP 	window1: blendMode = 'avg'
38.8489 	EXP 	window1: blendMode = 'avg'
38.8658 	EXP 	window1: blendMode = 'avg'
38.8824 	EXP 	window1: blendMode = 'avg'
38.8988 	EXP 	window1: blendMode = 'avg'
38.9154 	EXP 	window1: blendMode = 'avg'
38.9323 	EXP 	window1: blendMode = 'avg'
38.9489 	EXP 	window1: blendMode = 'avg'
38.9652 	EXP 	window1: blendMode = 'avg'
38.9819 	EXP 	window1: blendMode = 'avg'
38.9985 	EXP 	window1: blendMode = 'avg'
39.0154 	EXP 	window1: blendMode = 'avg'
39.0319 	EXP 	window1: blendMode = 'avg'
39.0490 	EXP 	window1: blendMode = 'avg'
39.0659 	EXP 	window1: blendMode = 'avg'
39.0820 	EXP 	window1: blendMode = 'avg'
39.0989 	EXP 	window1: blendMode = 'avg'
39.1158 	EXP 	window1: blendMode = 'avg'
39.1324 	EXP 	window1: blendMode = 'avg'
39.1482 	EXP 	window1: blendMode = 'avg'
39.1658 	EXP 	window1: blendMode = 'avg'
39.1818 	EXP 	window1: blendMode = 'avg'
39.1986 	EXP 	window1: blendMode = 'avg'
39.2154 	EXP 	window1: blendMode = 'avg'
39.2322 	EXP 	window1: blendMode = 'avg'
39.2489 	EXP 	window1: blendMode = 'avg'
39.2653 	EXP 	window1: blendMode = 'avg'
39.2822 	EXP 	window1: blendMode = 'avg'
39.2990 	EXP 	window1: blendMode = 'avg'
39.3156 	EXP 	window1: blendMode = 'avg'
39.3322 	EXP 	window1: blendMode = 'avg'
39.3488 	EXP 	window1: blendMode = 'avg'
39.3653 	EXP 	window1: blendMode = 'avg'
39.3818 	EXP 	window1: blendMode = 'avg'
39.3989 	EXP 	window1: blendMode = 'avg'
39.4168 	DATA 	Keypress: space
39.4179 	EXP 	New trial (rep=0, index=15): {'YLeftPos': 0, 'time_presentation': 0.5, 'XLeftPos': -300, 'XRightPos': 300, 'rightimg': u'frogs/ab77.jpg', 'YRightPos': 0, 'leftimg': u'frogs/ab37.jpg'}
39.4644 	EXP 	Leftimg: autoDraw = False
39.4644 	EXP 	Rightimg: autoDraw = False
39.4644 	EXP 	text: autoDraw = False
39.4644 	EXP 	Leftimg: pos = array([-300.,    0.])
39.4644 	EXP 	Leftimg: image = u'frogs/ab37.jpg'
39.4644 	EXP 	Rightimg: pos = array([ 300.,    0.])
39.4644 	EXP 	Rightimg: image = u'frogs/ab77.jpg'
39.4644 	EXP 	Leftimg: autoDraw = True
39.4644 	EXP 	Rightimg: autoDraw = True
39.9313 	EXP 	Leftimg: autoDraw = False
39.9313 	EXP 	Rightimg: autoDraw = False
40.0999 	DATA 	Keypress: right
40.1010 	EXP 	New trial (rep=0, index=16): {'YLeftPos': 0, 'time_presentation': 0.5, 'XLeftPos': -300, 'XRightPos': 300, 'rightimg': u'frogs/ab48.jpg', 'YRightPos': 0, 'leftimg': u'frogs/ab8.jpg'}
40.1475 	EXP 	Leftimg: autoDraw = False
40.1475 	EXP 	Rightimg: autoDraw = False
40.1475 	EXP 	text: autoDraw = False
40.1475 	EXP 	Leftimg: pos = array([-300.,    0.])
40.1475 	EXP 	Leftimg: image = u'frogs/ab8.jpg'
40.1475 	EXP 	Rightimg: pos = array([ 300.,    0.])
40.1475 	EXP 	Rightimg: image = u'frogs/ab48.jpg'
40.1475 	EXP 	Leftimg: autoDraw = True
40.1475 	EXP 	Rightimg: autoDraw = True
40.5497 	DATA 	Keypress: right
40.5507 	EXP 	New trial (rep=0, index=17): {'YLeftPos': 0, 'time_presentation': 0.5, 'XLeftPos': -300, 'XRightPos': 300, 'rightimg': u'frogs/ab54.jpg', 'YRightPos': 0, 'leftimg': u'frogs/ab14.jpg'}
40.5974 	EXP 	Leftimg: autoDraw = False
40.5974 	EXP 	Rightimg: autoDraw = False
40.5974 	EXP 	text: autoDraw = False
40.5974 	EXP 	Leftimg: pos = array([-300.,    0.])
40.5974 	EXP 	Leftimg: image = u'frogs/ab14.jpg'
40.5974 	EXP 	Rightimg: pos = array([ 300.,    0.])
40.5974 	EXP 	Rightimg: image = u'frogs/ab54.jpg'
40.5974 	EXP 	Leftimg: autoDraw = True
40.5974 	EXP 	Rightimg: autoDraw = True
41.0647 	EXP 	Leftimg: autoDraw = False
41.0647 	EXP 	Rightimg: autoDraw = False
41.0664 	DATA 	Keypress: left
41.0677 	EXP 	New trial (rep=0, index=18): {'YLeftPos': 0, 'time_presentation': 0.5, 'XLeftPos': -300, 'XRightPos': 300, 'rightimg': u'frogs/ab61.jpg', 'YRightPos': 0, 'leftimg': u'frogs/ab21.jpg'}
41.0971 	EXP 	Leftimg: autoDraw = False
41.0971 	EXP 	Rightimg: autoDraw = False
41.0971 	EXP 	text: autoDraw = False
41.0971 	EXP 	Leftimg: pos = array([-300.,    0.])
41.0971 	EXP 	Leftimg: image = u'frogs/ab21.jpg'
41.0971 	EXP 	Rightimg: pos = array([ 300.,    0.])
41.0971 	EXP 	Rightimg: image = u'frogs/ab61.jpg'
41.0971 	EXP 	Leftimg: autoDraw = True
41.0971 	EXP 	Rightimg: autoDraw = True
41.5328 	DATA 	Keypress: right
41.5338 	EXP 	New trial (rep=0, index=19): {'YLeftPos': 0, 'time_presentation': 0.5, 'XLeftPos': -300, 'XRightPos': 300, 'rightimg': u'frogs/ab76.jpg', 'YRightPos': 0, 'leftimg': u'frogs/ab36.jpg'}
41.5808 	EXP 	Leftimg: autoDraw = False
41.5808 	EXP 	Rightimg: autoDraw = False
41.5808 	EXP 	text: autoDraw = False
41.5808 	EXP 	Leftimg: pos = array([-300.,    0.])
41.5808 	EXP 	Leftimg: image = u'frogs/ab36.jpg'
41.5808 	EXP 	Rightimg: pos = array([ 300.,    0.])
41.5808 	EXP 	Rightimg: image = u'frogs/ab76.jpg'
41.5808 	EXP 	Leftimg: autoDraw = True
41.5808 	EXP 	Rightimg: autoDraw = True
42.0478 	EXP 	Leftimg: autoDraw = False
42.0478 	EXP 	Rightimg: autoDraw = False
42.0825 	DATA 	Keypress: right
42.0836 	EXP 	New trial (rep=0, index=20): {'YLeftPos': 0, 'time_presentation': 0.5, 'XLeftPos': -300, 'XRightPos': 300, 'rightimg': u'frogs/ab41.jpg', 'YRightPos': 0, 'leftimg': u'frogs/ab1.jpg'}
42.0975 	EXP 	Leftimg: autoDraw = False
42.0975 	EXP 	Rightimg: autoDraw = False
42.0975 	EXP 	text: autoDraw = False
42.0975 	EXP 	Leftimg: pos = array([-300.,    0.])
42.0975 	EXP 	Leftimg: image = u'frogs/ab1.jpg'
42.0975 	EXP 	Rightimg: pos = array([ 300.,    0.])
42.0975 	EXP 	Rightimg: image = u'frogs/ab41.jpg'
42.0975 	EXP 	Leftimg: autoDraw = True
42.0975 	EXP 	Rightimg: autoDraw = True
42.5836 	DATA 	Keypress: left
42.5978 	EXP 	Leftimg: autoDraw = False
42.5978 	EXP 	Rightimg: autoDraw = False
42.5992 	EXP 	New trial (rep=0, index=21): {'YLeftPos': 0, 'time_presentation': 0.5, 'XLeftPos': -300, 'XRightPos': 300, 'rightimg': u'frogs/ab55.jpg', 'YRightPos': 0, 'leftimg': u'frogs/ab15.jpg'}
42.6803 	EXP 	Leftimg: autoDraw = False
42.6803 	EXP 	Rightimg: autoDraw = False
42.6803 	EXP 	text: autoDraw = False
42.6803 	EXP 	Leftimg: pos = array([-300.,    0.])
42.6803 	EXP 	Leftimg: image = u'frogs/ab15.jpg'
42.6803 	EXP 	Rightimg: pos = array([ 300.,    0.])
42.6803 	EXP 	Rightimg: image = u'frogs/ab55.jpg'
42.6803 	EXP 	Leftimg: autoDraw = True
42.6803 	EXP 	Rightimg: autoDraw = True
43.1144 	EXP 	Leftimg: autoDraw = False
43.1144 	EXP 	Rightimg: autoDraw = False
43.2159 	DATA 	Keypress: left
43.2170 	EXP 	New trial (rep=0, index=22): {'YLeftPos': 0, 'time_presentation': 0.5, 'XLeftPos': -300, 'XRightPos': 300, 'rightimg': u'frogs/ab44.jpg', 'YRightPos': 0, 'leftimg': u'frogs/ab4.jpg'}
43.2476 	EXP 	Leftimg: autoDraw = False
43.2476 	EXP 	Rightimg: autoDraw = False
43.2476 	EXP 	text: autoDraw = False
43.2476 	EXP 	Leftimg: pos = array([-300.,    0.])
43.2476 	EXP 	Leftimg: image = u'frogs/ab4.jpg'
43.2476 	EXP 	Rightimg: pos = array([ 300.,    0.])
43.2476 	EXP 	Rightimg: image = u'frogs/ab44.jpg'
43.2476 	EXP 	Leftimg: autoDraw = True
43.2476 	EXP 	Rightimg: autoDraw = True
43.6317 	DATA 	Keypress: right
43.6326 	EXP 	New trial (rep=0, index=23): {'YLeftPos': 0, 'time_presentation': 0.5, 'XLeftPos': -300, 'XRightPos': 300, 'rightimg': u'frogs/ab71.jpg', 'YRightPos': 0, 'leftimg': u'frogs/ab31.jpg'}
43.7141 	EXP 	Leftimg: autoDraw = False
43.7141 	EXP 	Rightimg: autoDraw = False
43.7141 	EXP 	text: autoDraw = False
43.7141 	EXP 	Leftimg: pos = array([-300.,    0.])
43.7141 	EXP 	Leftimg: image = u'frogs/ab31.jpg'
43.7141 	EXP 	Rightimg: pos = array([ 300.,    0.])
43.7141 	EXP 	Rightimg: image = u'frogs/ab71.jpg'
43.7141 	EXP 	Leftimg: autoDraw = True
43.7141 	EXP 	Rightimg: autoDraw = True
44.1477 	EXP 	Leftimg: autoDraw = False
44.1477 	EXP 	Rightimg: autoDraw = False
44.1650 	DATA 	Keypress: left
44.1663 	EXP 	New trial (rep=0, index=24): {'YLeftPos': 0, 'time_presentation': 0.5, 'XLeftPos': -300, 'XRightPos': 300, 'rightimg': u'frogs/ab42.jpg', 'YRightPos': 0, 'leftimg': u'frogs/ab2.jpg'}
44.4819 	EXP 	Leftimg: autoDraw = False
44.4819 	EXP 	Rightimg: autoDraw = False
44.4819 	EXP 	text: autoDraw = False
44.4819 	EXP 	Leftimg: pos = array([-300.,    0.])
44.4819 	EXP 	Leftimg: image = u'frogs/ab2.jpg'
44.4819 	EXP 	Rightimg: pos = array([ 300.,    0.])
44.4819 	EXP 	Rightimg: image = u'frogs/ab42.jpg'
44.4819 	EXP 	Leftimg: autoDraw = True
44.4819 	EXP 	Rightimg: autoDraw = True
44.6811 	EXP 	Leftimg: autoDraw = False
44.6811 	EXP 	Rightimg: autoDraw = False
44.7994 	DATA 	Keypress: right
44.8005 	EXP 	New trial (rep=0, index=25): {'YLeftPos': 0, 'time_presentation': 0.5, 'XLeftPos': -300, 'XRightPos': 300, 'rightimg': u'frogs/ab65.jpg', 'YRightPos': 0, 'leftimg': u'frogs/ab25.jpg'}
44.8640 	EXP 	Leftimg: autoDraw = False
44.8640 	EXP 	Rightimg: autoDraw = False
44.8640 	EXP 	text: autoDraw = False
44.8640 	EXP 	Leftimg: pos = array([-300.,    0.])
44.8640 	EXP 	Leftimg: image = u'frogs/ab25.jpg'
44.8640 	EXP 	Rightimg: pos = array([ 300.,    0.])
44.8640 	EXP 	Rightimg: image = u'frogs/ab65.jpg'
44.8640 	EXP 	Leftimg: autoDraw = True
44.8640 	EXP 	Rightimg: autoDraw = True
45.2839 	DATA 	Keypress: left
45.2989 	EXP 	New trial (rep=0, index=26): {'YLeftPos': 0, 'time_presentation': 0.5, 'XLeftPos': -300, 'XRightPos': 300, 'rightimg': u'frogs/ab58.jpg', 'YRightPos': 0, 'leftimg': u'frogs/ab18.jpg'}
45.4476 	EXP 	Leftimg: autoDraw = False
45.4476 	EXP 	Rightimg: autoDraw = False
45.4476 	EXP 	Leftimg: autoDraw = False
45.4476 	EXP 	Rightimg: autoDraw = False
45.4476 	EXP 	text: autoDraw = False
45.4476 	EXP 	Leftimg: pos = array([-300.,    0.])
45.4476 	EXP 	Leftimg: image = u'frogs/ab18.jpg'
45.4476 	EXP 	Rightimg: pos = array([ 300.,    0.])
45.4476 	EXP 	Rightimg: image = u'frogs/ab58.jpg'
45.4476 	EXP 	Leftimg: autoDraw = True
45.4476 	EXP 	Rightimg: autoDraw = True
45.8144 	EXP 	Leftimg: autoDraw = False
45.8144 	EXP 	Rightimg: autoDraw = False
46.0493 	DATA 	Keypress: right
46.0504 	EXP 	New trial (rep=0, index=27): {'YLeftPos': 0, 'time_presentation': 0.5, 'XLeftPos': -300, 'XRightPos': 300, 'rightimg': u'frogs/ab68.jpg', 'YRightPos': 0, 'leftimg': u'frogs/ab28.jpg'}
46.0800 	EXP 	Leftimg: autoDraw = False
46.0800 	EXP 	Rightimg: autoDraw = False
46.0800 	EXP 	text: autoDraw = False
46.0800 	EXP 	Leftimg: pos = array([-300.,    0.])
46.0800 	EXP 	Leftimg: image = u'frogs/ab28.jpg'
46.0800 	EXP 	Rightimg: pos = array([ 300.,    0.])
46.0800 	EXP 	Rightimg: image = u'frogs/ab68.jpg'
46.0800 	EXP 	Leftimg: autoDraw = True
46.0800 	EXP 	Rightimg: autoDraw = True
46.1832 	DATA 	Keypress: left
46.1841 	EXP 	New trial (rep=0, index=28): {'YLeftPos': 0, 'time_presentation': 0.5, 'XLeftPos': -300, 'XRightPos': 300, 'rightimg': u'frogs/ab63.jpg', 'YRightPos': 0, 'leftimg': u'frogs/ab23.jpg'}
46.2307 	EXP 	Leftimg: autoDraw = False
46.2307 	EXP 	Rightimg: autoDraw = False
46.2307 	EXP 	text: autoDraw = False
46.2307 	EXP 	Leftimg: pos = array([-300.,    0.])
46.2307 	EXP 	Leftimg: image = u'frogs/ab23.jpg'
46.2307 	EXP 	Rightimg: pos = array([ 300.,    0.])
46.2307 	EXP 	Rightimg: image = u'frogs/ab63.jpg'
46.2307 	EXP 	Leftimg: autoDraw = True
46.2307 	EXP 	Rightimg: autoDraw = True
46.6977 	EXP 	Leftimg: autoDraw = False
46.6977 	EXP 	Rightimg: autoDraw = False
46.7321 	DATA 	Keypress: right
46.7331 	EXP 	New trial (rep=0, index=29): {'YLeftPos': 0, 'time_presentation': 0.5, 'XLeftPos': -300, 'XRightPos': 300, 'rightimg': u'frogs/ab50.jpg', 'YRightPos': 0, 'leftimg': u'frogs/ab10.jpg'}
46.7804 	EXP 	Leftimg: autoDraw = False
46.7804 	EXP 	Rightimg: autoDraw = False
46.7804 	EXP 	text: autoDraw = False
46.7804 	EXP 	Leftimg: pos = array([-300.,    0.])
46.7804 	EXP 	Leftimg: image = u'frogs/ab10.jpg'
46.7804 	EXP 	Rightimg: pos = array([ 300.,    0.])
46.7804 	EXP 	Rightimg: image = u'frogs/ab50.jpg'
46.7804 	EXP 	Leftimg: autoDraw = True
46.7804 	EXP 	Rightimg: autoDraw = True
47.2476 	EXP 	Leftimg: autoDraw = False
47.2476 	EXP 	Rightimg: autoDraw = False
47.2660 	DATA 	Keypress: left
47.2671 	EXP 	New trial (rep=0, index=30): {'YLeftPos': 0, 'time_presentation': 0.5, 'XLeftPos': -300, 'XRightPos': 300, 'rightimg': u'4.jpg', 'YRightPos': 0, 'leftimg': u'2.jpg'}
47.2978 	EXP 	Leftimg: autoDraw = False
47.2978 	EXP 	Rightimg: autoDraw = False
47.2978 	EXP 	text: autoDraw = False
47.2978 	EXP 	Leftimg: pos = array([-300.,    0.])
47.2978 	EXP 	Leftimg: image = u'2.jpg'
47.2978 	EXP 	Rightimg: pos = array([ 300.,    0.])
47.2978 	EXP 	Rightimg: image = u'4.jpg'
47.2978 	EXP 	Leftimg: autoDraw = True
47.2978 	EXP 	Rightimg: autoDraw = True
47.7810 	EXP 	Leftimg: autoDraw = False
47.7810 	EXP 	Rightimg: autoDraw = False
49.7821 	EXP 	window1: blendMode = 'avg'
49.7978 	EXP 	text: autoDraw = True
49.7987 	EXP 	window1: blendMode = 'avg'
49.8156 	EXP 	window1: blendMode = 'avg'
49.8320 	EXP 	window1: blendMode = 'avg'
49.8488 	EXP 	window1: blendMode = 'avg'
49.8656 	EXP 	window1: blendMode = 'avg'
49.8820 	EXP 	window1: blendMode = 'avg'
49.8987 	EXP 	window1: blendMode = 'avg'
49.9153 	EXP 	window1: blendMode = 'avg'
49.9320 	EXP 	window1: blendMode = 'avg'
49.9486 	EXP 	window1: blendMode = 'avg'
49.9654 	EXP 	window1: blendMode = 'avg'
49.9823 	EXP 	window1: blendMode = 'avg'
49.9985 	EXP 	window1: blendMode = 'avg'
50.0154 	EXP 	window1: blendMode = 'avg'
50.0321 	EXP 	window1: blendMode = 'avg'
50.0488 	EXP 	window1: blendMode = 'avg'
50.0654 	EXP 	window1: blendMode = 'avg'
50.0821 	EXP 	window1: blendMode = 'avg'
50.0987 	EXP 	window1: blendMode = 'avg'
50.1156 	EXP 	window1: blendMode = 'avg'
50.1320 	EXP 	window1: blendMode = 'avg'
50.1485 	EXP 	window1: blendMode = 'avg'
50.1652 	EXP 	window1: blendMode = 'avg'
50.1821 	EXP 	window1: blendMode = 'avg'
50.1987 	EXP 	window1: blendMode = 'avg'
50.2156 	EXP 	window1: blendMode = 'avg'
50.2324 	EXP 	window1: blendMode = 'avg'
50.2475 	EXP 	window1: blendMode = 'avg'
50.2655 	EXP 	window1: blendMode = 'avg'
50.2820 	EXP 	window1: blendMode = 'avg'
50.2989 	EXP 	window1: blendMode = 'avg'
50.3155 	EXP 	window1: blendMode = 'avg'
50.3324 	EXP 	window1: blendMode = 'avg'
50.3490 	EXP 	window1: blendMode = 'avg'
50.3654 	EXP 	window1: blendMode = 'avg'
50.3820 	EXP 	window1: blendMode = 'avg'
50.3986 	EXP 	window1: blendMode = 'avg'
50.4154 	EXP 	window1: blendMode = 'avg'
50.4321 	EXP 	window1: blendMode = 'avg'
50.4489 	EXP 	window1: blendMode = 'avg'
50.4653 	EXP 	window1: blendMode = 'avg'
50.4821 	EXP 	window1: blendMode = 'avg'
50.4989 	EXP 	window1: blendMode = 'avg'
50.5156 	EXP 	window1: blendMode = 'avg'
50.5319 	EXP 	window1: blendMode = 'avg'
50.5485 	EXP 	window1: blendMode = 'avg'
50.5654 	EXP 	window1: blendMode = 'avg'
50.5822 	EXP 	window1: blendMode = 'avg'
50.5987 	EXP 	window1: blendMode = 'avg'
50.6153 	EXP 	window1: blendMode = 'avg'
50.6319 	EXP 	window1: blendMode = 'avg'
50.6488 	EXP 	window1: blendMode = 'avg'
50.6654 	EXP 	window1: blendMode = 'avg'
50.6823 	EXP 	window1: blendMode = 'avg'
50.6989 	EXP 	window1: blendMode = 'avg'
50.7155 	EXP 	window1: blendMode = 'avg'
50.7319 	EXP 	window1: blendMode = 'avg'
50.7487 	EXP 	window1: blendMode = 'avg'
50.7643 	EXP 	window1: blendMode = 'avg'
50.7820 	EXP 	window1: blendMode = 'avg'
50.7986 	EXP 	window1: blendMode = 'avg'
50.8155 	EXP 	window1: blendMode = 'avg'
50.8323 	EXP 	window1: blendMode = 'avg'
50.8489 	EXP 	window1: blendMode = 'avg'
50.8654 	EXP 	window1: blendMode = 'avg'
50.8823 	EXP 	window1: blendMode = 'avg'
50.8989 	EXP 	window1: blendMode = 'avg'
50.9155 	EXP 	window1: blendMode = 'avg'
50.9320 	EXP 	window1: blendMode = 'avg'
50.9487 	EXP 	window1: blendMode = 'avg'
50.9654 	EXP 	window1: blendMode = 'avg'
50.9822 	EXP 	window1: blendMode = 'avg'
50.9986 	EXP 	window1: blendMode = 'avg'
51.0154 	EXP 	window1: blendMode = 'avg'
51.0321 	EXP 	window1: blendMode = 'avg'
51.0487 	EXP 	window1: blendMode = 'avg'
51.0654 	EXP 	window1: blendMode = 'avg'
51.0822 	EXP 	window1: blendMode = 'avg'
51.0986 	EXP 	window1: blendMode = 'avg'
51.1157 	EXP 	window1: blendMode = 'avg'
51.1319 	EXP 	window1: blendMode = 'avg'
51.1487 	EXP 	window1: blendMode = 'avg'
51.1654 	EXP 	window1: blendMode = 'avg'
51.1823 	EXP 	window1: blendMode = 'avg'
51.1979 	EXP 	window1: blendMode = 'avg'
51.2156 	EXP 	window1: blendMode = 'avg'
51.2320 	EXP 	window1: blendMode = 'avg'
51.2487 	EXP 	window1: blendMode = 'avg'
51.2654 	EXP 	window1: blendMode = 'avg'
51.2822 	EXP 	window1: blendMode = 'avg'
51.2988 	EXP 	window1: blendMode = 'avg'
51.3156 	EXP 	window1: blendMode = 'avg'
51.3313 	EXP 	window1: blendMode = 'avg'
51.3490 	EXP 	window1: blendMode = 'avg'
51.3657 	EXP 	window1: blendMode = 'avg'
51.3821 	EXP 	window1: blendMode = 'avg'
51.3987 	EXP 	window1: blendMode = 'avg'
51.4155 	EXP 	window1: blendMode = 'avg'
51.4319 	EXP 	window1: blendMode = 'avg'
51.4488 	EXP 	window1: blendMode = 'avg'
51.4653 	EXP 	window1: blendMode = 'avg'
51.4822 	DATA 	Keypress: space
51.4832 	EXP 	New trial (rep=0, index=31): {'YLeftPos': 0, 'time_presentation': 0.5, 'XLeftPos': -300, 'XRightPos': 300, 'rightimg': u'frogs/ab62.jpg', 'YRightPos': 0, 'leftimg': u'frogs/ab22.jpg'}
51.6472 	EXP 	Leftimg: autoDraw = False
51.6472 	EXP 	Rightimg: autoDraw = False
51.6472 	EXP 	text: autoDraw = False
51.6472 	EXP 	Leftimg: pos = array([-300.,    0.])
51.6472 	EXP 	Leftimg: image = u'frogs/ab22.jpg'
51.6472 	EXP 	Rightimg: pos = array([ 300.,    0.])
51.6472 	EXP 	Rightimg: image = u'frogs/ab62.jpg'
51.6472 	EXP 	Leftimg: autoDraw = True
51.6472 	EXP 	Rightimg: autoDraw = True
51.9977 	EXP 	Leftimg: autoDraw = False
51.9977 	EXP 	Rightimg: autoDraw = False
52.0494 	DATA 	Keypress: right
52.0505 	EXP 	New trial (rep=0, index=32): {'YLeftPos': 0, 'time_presentation': 0.5, 'XLeftPos': -300, 'XRightPos': 300, 'rightimg': u'frogs/ab78.jpg', 'YRightPos': 0, 'leftimg': u'frogs/ab38.jpg'}
52.0971 	EXP 	Leftimg: autoDraw = False
52.0971 	EXP 	Rightimg: autoDraw = False
52.0971 	EXP 	text: autoDraw = False
52.0971 	EXP 	Leftimg: pos = array([-300.,    0.])
52.0971 	EXP 	Leftimg: image = u'frogs/ab38.jpg'
52.0971 	EXP 	Rightimg: pos = array([ 300.,    0.])
52.0971 	EXP 	Rightimg: image = u'frogs/ab78.jpg'
52.0971 	EXP 	Leftimg: autoDraw = True
52.0971 	EXP 	Rightimg: autoDraw = True
52.4996 	DATA 	Keypress: left
52.5006 	EXP 	New trial (rep=0, index=33): {'YLeftPos': 0, 'time_presentation': 0.5, 'XLeftPos': -300, 'XRightPos': 300, 'rightimg': u'frogs/ab53.jpg', 'YRightPos': 0, 'leftimg': u'frogs/ab13.jpg'}
52.5310 	EXP 	Leftimg: autoDraw = False
52.5310 	EXP 	Rightimg: autoDraw = False
52.5310 	EXP 	text: autoDraw = False
52.5310 	EXP 	Leftimg: pos = array([-300.,    0.])
52.5310 	EXP 	Leftimg: image = u'frogs/ab13.jpg'
52.5310 	EXP 	Rightimg: pos = array([ 300.,    0.])
52.5310 	EXP 	Rightimg: image = u'frogs/ab53.jpg'
52.5310 	EXP 	Leftimg: autoDraw = True
52.5310 	EXP 	Rightimg: autoDraw = True
53.0141 	EXP 	Leftimg: autoDraw = False
53.0141 	EXP 	Rightimg: autoDraw = False
53.0993 	DATA 	Keypress: right
53.1004 	EXP 	New trial (rep=0, index=34): {'YLeftPos': 0, 'time_presentation': 0.5, 'XLeftPos': -300, 'XRightPos': 300, 'rightimg': u'frogs/ab45.jpg', 'YRightPos': 0, 'leftimg': u'frogs/ab5.jpg'}
53.1139 	EXP 	Leftimg: autoDraw = False
53.1139 	EXP 	Rightimg: autoDraw = False
53.1139 	EXP 	text: autoDraw = False
53.1139 	EXP 	Leftimg: pos = array([-300.,    0.])
53.1139 	EXP 	Leftimg: image = u'frogs/ab5.jpg'
53.1139 	EXP 	Rightimg: pos = array([ 300.,    0.])
53.1139 	EXP 	Rightimg: image = u'frogs/ab45.jpg'
53.1139 	EXP 	Leftimg: autoDraw = True
53.1139 	EXP 	Rightimg: autoDraw = True
53.6143 	EXP 	Leftimg: autoDraw = False
53.6143 	EXP 	Rightimg: autoDraw = False
53.6160 	DATA 	Keypress: right
53.6173 	EXP 	New trial (rep=0, index=35): {'YLeftPos': 0, 'time_presentation': 0.5, 'XLeftPos': -300, 'XRightPos': 300, 'rightimg': u'frogs/ab67.jpg', 'YRightPos': 0, 'leftimg': u'frogs/ab27.jpg'}
53.6637 	EXP 	Leftimg: autoDraw = False
53.6637 	EXP 	Rightimg: autoDraw = False
53.6637 	EXP 	text: autoDraw = False
53.6637 	EXP 	Leftimg: pos = array([-300.,    0.])
53.6637 	EXP 	Leftimg: image = u'frogs/ab27.jpg'
53.6637 	EXP 	Rightimg: pos = array([ 300.,    0.])
53.6637 	EXP 	Rightimg: image = u'frogs/ab67.jpg'
53.6637 	EXP 	Leftimg: autoDraw = True
53.6637 	EXP 	Rightimg: autoDraw = True
54.1309 	EXP 	Leftimg: autoDraw = False
54.1309 	EXP 	Rightimg: autoDraw = False
54.2162 	DATA 	Keypress: left
54.2173 	EXP 	New trial (rep=0, index=36): {'YLeftPos': 0, 'time_presentation': 0.5, 'XLeftPos': -300, 'XRightPos': 300, 'rightimg': u'3.jpg', 'YRightPos': 0, 'leftimg': u'1.jpg'}
54.2640 	EXP 	Leftimg: autoDraw = False
54.2640 	EXP 	Rightimg: autoDraw = False
54.2640 	EXP 	text: autoDraw = False
54.2640 	EXP 	Leftimg: pos = array([-300.,    0.])
54.2640 	EXP 	Leftimg: image = u'1.jpg'
54.2640 	EXP 	Rightimg: pos = array([ 300.,    0.])
54.2640 	EXP 	Rightimg: image = u'3.jpg'
54.2640 	EXP 	Leftimg: autoDraw = True
54.2640 	EXP 	Rightimg: autoDraw = True
54.6483 	DATA 	Keypress: right
54.6492 	EXP 	New trial (rep=0, index=37): {'YLeftPos': 0, 'time_presentation': 0.5, 'XLeftPos': -300, 'XRightPos': 300, 'rightimg': u'frogs/ab52.jpg', 'YRightPos': 0, 'leftimg': u'frogs/ab12.jpg'}
54.6638 	EXP 	Leftimg: autoDraw = False
54.6638 	EXP 	Rightimg: autoDraw = False
54.6638 	EXP 	text: autoDraw = False
54.6638 	EXP 	Leftimg: pos = array([-300.,    0.])
54.6638 	EXP 	Leftimg: image = u'frogs/ab12.jpg'
54.6638 	EXP 	Rightimg: pos = array([ 300.,    0.])
54.6638 	EXP 	Rightimg: image = u'frogs/ab52.jpg'
54.6638 	EXP 	Leftimg: autoDraw = True
54.6638 	EXP 	Rightimg: autoDraw = True
55.1642 	EXP 	Leftimg: autoDraw = False
55.1642 	EXP 	Rightimg: autoDraw = False
55.1818 	DATA 	Keypress: right
55.1828 	EXP 	New trial (rep=0, index=38): {'YLeftPos': 0, 'time_presentation': 0.5, 'XLeftPos': -300, 'XRightPos': 300, 'rightimg': u'frogs/ab43.jpg', 'YRightPos': 0, 'leftimg': u'frogs/ab3.jpg'}
55.2306 	EXP 	Leftimg: autoDraw = False
55.2306 	EXP 	Rightimg: autoDraw = False
55.2306 	EXP 	text: autoDraw = False
55.2306 	EXP 	Leftimg: pos = array([-300.,    0.])
55.2306 	EXP 	Leftimg: image = u'frogs/ab3.jpg'
55.2306 	EXP 	Rightimg: pos = array([ 300.,    0.])
55.2306 	EXP 	Rightimg: image = u'frogs/ab43.jpg'
55.2306 	EXP 	Leftimg: autoDraw = True
55.2306 	EXP 	Rightimg: autoDraw = True
55.6976 	EXP 	Leftimg: autoDraw = False
55.6976 	EXP 	Rightimg: autoDraw = False
55.7830 	DATA 	Keypress: right
55.7841 	EXP 	New trial (rep=0, index=39): {'YLeftPos': 0, 'time_presentation': 0.5, 'XLeftPos': -300, 'XRightPos': 300, 'rightimg': u'frogs/ab57.jpg', 'YRightPos': 0, 'leftimg': u'frogs/ab17.jpg'}
55.8806 	EXP 	Leftimg: autoDraw = False
55.8806 	EXP 	Rightimg: autoDraw = False
55.8806 	EXP 	text: autoDraw = False
55.8806 	EXP 	Leftimg: pos = array([-300.,    0.])
55.8806 	EXP 	Leftimg: image = u'frogs/ab17.jpg'
55.8806 	EXP 	Rightimg: pos = array([ 300.,    0.])
55.8806 	EXP 	Rightimg: image = u'frogs/ab57.jpg'
55.8806 	EXP 	Leftimg: autoDraw = True
55.8806 	EXP 	Rightimg: autoDraw = True
56.2975 	EXP 	Leftimg: autoDraw = False
56.2975 	EXP 	Rightimg: autoDraw = False
56.3328 	DATA 	Keypress: left
56.3340 	EXP 	New trial (rep=0, index=40): {'YLeftPos': 0, 'time_presentation': 0.5, 'XLeftPos': -300, 'XRightPos': 300, 'rightimg': u'frogs/ab46.jpg', 'YRightPos': 0, 'leftimg': u'frogs/ab6.jpg'}
56.4145 	EXP 	Leftimg: autoDraw = False
56.4145 	EXP 	Rightimg: autoDraw = False
56.4145 	EXP 	text: autoDraw = False
56.4145 	EXP 	Leftimg: pos = array([-300.,    0.])
56.4145 	EXP 	Leftimg: image = u'frogs/ab6.jpg'
56.4145 	EXP 	Rightimg: pos = array([ 300.,    0.])
56.4145 	EXP 	Rightimg: image = u'frogs/ab46.jpg'
56.4145 	EXP 	Leftimg: autoDraw = True
56.4145 	EXP 	Rightimg: autoDraw = True
56.8476 	EXP 	Leftimg: autoDraw = False
56.8476 	EXP 	Rightimg: autoDraw = False
56.8660 	DATA 	Keypress: left
56.8671 	EXP 	New trial (rep=0, index=41): {'YLeftPos': 0, 'time_presentation': 0.5, 'XLeftPos': -300, 'XRightPos': 300, 'rightimg': u'frogs/ab72.jpg', 'YRightPos': 0, 'leftimg': u'frogs/ab32.jpg'}
56.9146 	EXP 	Leftimg: autoDraw = False
56.9146 	EXP 	Rightimg: autoDraw = False
56.9146 	EXP 	text: autoDraw = False
56.9146 	EXP 	Leftimg: pos = array([-300.,    0.])
56.9146 	EXP 	Leftimg: image = u'frogs/ab32.jpg'
56.9146 	EXP 	Rightimg: pos = array([ 300.,    0.])
56.9146 	EXP 	Rightimg: image = u'frogs/ab72.jpg'
56.9146 	EXP 	Leftimg: autoDraw = True
56.9146 	EXP 	Rightimg: autoDraw = True
56.9497 	DATA 	Keypress: right
56.9506 	EXP 	New trial (rep=0, index=42): {'YLeftPos': 0, 'time_presentation': 0.5, 'XLeftPos': -300, 'XRightPos': 300, 'rightimg': u'frogs/ab80.jpg', 'YRightPos': 0, 'leftimg': u'frogs/ab40.jpg'}
56.9805 	EXP 	Leftimg: autoDraw = False
56.9805 	EXP 	Rightimg: autoDraw = False
56.9805 	EXP 	text: autoDraw = False
56.9805 	EXP 	Leftimg: pos = array([-300.,    0.])
56.9805 	EXP 	Leftimg: image = u'frogs/ab40.jpg'
56.9805 	EXP 	Rightimg: pos = array([ 300.,    0.])
56.9805 	EXP 	Rightimg: image = u'frogs/ab80.jpg'
56.9805 	EXP 	Leftimg: autoDraw = True
56.9805 	EXP 	Rightimg: autoDraw = True
57.4644 	EXP 	Leftimg: autoDraw = False
57.4644 	EXP 	Rightimg: autoDraw = False
57.4996 	DATA 	Keypress: right
57.5007 	EXP 	New trial (rep=0, index=43): {'YLeftPos': 0, 'time_presentation': 0.5, 'XLeftPos': -300, 'XRightPos': 300, 'rightimg': u'frogs/ab56.jpg', 'YRightPos': 0, 'leftimg': u'frogs/ab16.jpg'}
57.7485 	EXP 	Leftimg: autoDraw = False
57.7485 	EXP 	Rightimg: autoDraw = False
57.7485 	EXP 	text: autoDraw = False
57.7485 	EXP 	Leftimg: pos = array([-300.,    0.])
57.7485 	EXP 	Leftimg: image = u'frogs/ab16.jpg'
57.7485 	EXP 	Rightimg: pos = array([ 300.,    0.])
57.7485 	EXP 	Rightimg: image = u'frogs/ab56.jpg'
57.7485 	EXP 	Leftimg: autoDraw = True
57.7485 	EXP 	Rightimg: autoDraw = True
58.0142 	EXP 	Leftimg: autoDraw = False
58.0142 	EXP 	Rightimg: autoDraw = False
58.1492 	DATA 	Keypress: right
58.2124 	EXP 	window1: blendMode = 'avg'
58.2308 	EXP 	Leftimg: autoDraw = False
58.2308 	EXP 	Rightimg: autoDraw = False
58.2308 	EXP 	text: autoDraw = False
58.2308 	EXP 	text_3: autoDraw = True
58.2317 	EXP 	window1: blendMode = 'avg'
58.2484 	EXP 	window1: blendMode = 'avg'
58.2653 	EXP 	window1: blendMode = 'avg'
58.2821 	EXP 	window1: blendMode = 'avg'
58.2979 	EXP 	window1: blendMode = 'avg'
58.3154 	EXP 	window1: blendMode = 'avg'
58.3322 	EXP 	window1: blendMode = 'avg'
58.3486 	EXP 	window1: blendMode = 'avg'
58.3654 	EXP 	window1: blendMode = 'avg'
58.3818 	EXP 	window1: blendMode = 'avg'
58.3987 	EXP 	window1: blendMode = 'avg'
58.4158 	EXP 	window1: blendMode = 'avg'
58.4317 	EXP 	window1: blendMode = 'avg'
58.4485 	EXP 	window1: blendMode = 'avg'
58.4655 	EXP 	window1: blendMode = 'avg'
58.4820 	EXP 	window1: blendMode = 'avg'
58.4988 	EXP 	window1: blendMode = 'avg'
58.5152 	EXP 	window1: blendMode = 'avg'
58.5321 	EXP 	window1: blendMode = 'avg'
58.5487 	EXP 	window1: blendMode = 'avg'
58.5655 	EXP 	window1: blendMode = 'avg'
58.5820 	EXP 	window1: blendMode = 'avg'
58.5989 	EXP 	window1: blendMode = 'avg'
58.6153 	EXP 	window1: blendMode = 'avg'
58.6322 	EXP 	window1: blendMode = 'avg'
58.6486 	EXP 	window1: blendMode = 'avg'
58.6654 	EXP 	window1: blendMode = 'avg'
58.6820 	EXP 	window1: blendMode = 'avg'
58.6988 	EXP 	window1: blendMode = 'avg'
58.7152 	EXP 	window1: blendMode = 'avg'
58.7322 	EXP 	window1: blendMode = 'avg'
58.7486 	EXP 	window1: blendMode = 'avg'
58.7653 	EXP 	window1: blendMode = 'avg'
58.7819 	EXP 	window1: blendMode = 'avg'
58.7985 	EXP 	window1: blendMode = 'avg'
58.8152 	EXP 	window1: blendMode = 'avg'
58.8321 	EXP 	window1: blendMode = 'avg'
58.8486 	EXP 	window1: blendMode = 'avg'
58.8655 	EXP 	window1: blendMode = 'avg'
58.8822 	EXP 	window1: blendMode = 'avg'
58.8988 	EXP 	window1: blendMode = 'avg'
58.9152 	EXP 	window1: blendMode = 'avg'
58.9320 	EXP 	window1: blendMode = 'avg'
58.9489 	EXP 	window1: blendMode = 'avg'
58.9653 	EXP 	window1: blendMode = 'avg'
58.9819 	EXP 	window1: blendMode = 'avg'
58.9985 	EXP 	window1: blendMode = 'avg'
59.0151 	EXP 	window1: blendMode = 'avg'
59.0319 	EXP 	window1: blendMode = 'avg'
59.0487 	EXP 	window1: blendMode = 'avg'
59.0655 	EXP 	window1: blendMode = 'avg'
59.0819 	EXP 	window1: blendMode = 'avg'
59.0988 	EXP 	window1: blendMode = 'avg'
59.1153 	EXP 	window1: blendMode = 'avg'
59.1321 	EXP 	window1: blendMode = 'avg'
59.1487 	EXP 	window1: blendMode = 'avg'
59.1655 	EXP 	window1: blendMode = 'avg'
59.1821 	EXP 	window1: blendMode = 'avg'
59.1985 	EXP 	window1: blendMode = 'avg'
59.2144 	EXP 	window1: blendMode = 'avg'
59.2321 	EXP 	window1: blendMode = 'avg'
59.2488 	EXP 	window1: blendMode = 'avg'
59.2647 	EXP 	window1: blendMode = 'avg'
59.2817 	EXP 	window1: blendMode = 'avg'
59.2987 	EXP 	window1: blendMode = 'avg'
59.3153 	EXP 	window1: blendMode = 'avg'
59.3314 	EXP 	window1: blendMode = 'avg'
59.3482 	EXP 	window1: blendMode = 'avg'
59.3642 	EXP 	window1: blendMode = 'avg'
59.3816 	EXP 	window1: blendMode = 'avg'
59.3976 	EXP 	window1: blendMode = 'avg'
59.4139 	EXP 	window1: blendMode = 'avg'
59.4314 	EXP 	window1: blendMode = 'avg'
59.4481 	EXP 	window1: blendMode = 'avg'
59.4653 	EXP 	window1: blendMode = 'avg'
59.4818 	EXP 	window1: blendMode = 'avg'
59.4986 	EXP 	window1: blendMode = 'avg'
59.5155 	EXP 	window1: blendMode = 'avg'
59.5321 	EXP 	window1: blendMode = 'avg'
59.5485 	EXP 	window1: blendMode = 'avg'
59.5655 	EXP 	window1: blendMode = 'avg'
59.5819 	EXP 	window1: blendMode = 'avg'
59.5984 	EXP 	window1: blendMode = 'avg'
59.6151 	EXP 	window1: blendMode = 'avg'
59.6319 	EXP 	window1: blendMode = 'avg'
59.6486 	EXP 	window1: blendMode = 'avg'
59.6651 	EXP 	window1: blendMode = 'avg'
59.6819 	EXP 	window1: blendMode = 'avg'
59.6986 	EXP 	window1: blendMode = 'avg'
59.7152 	EXP 	window1: blendMode = 'avg'
59.7319 	EXP 	window1: blendMode = 'avg'
59.7486 	EXP 	window1: blendMode = 'avg'
59.7655 	EXP 	window1: blendMode = 'avg'
59.7819 	EXP 	window1: blendMode = 'avg'
59.7985 	EXP 	window1: blendMode = 'avg'
59.8155 	EXP 	window1: blendMode = 'avg'
59.8319 	EXP 	window1: blendMode = 'avg'
59.8478 	EXP 	window1: blendMode = 'avg'
59.8655 	EXP 	window1: blendMode = 'avg'
59.8819 	EXP 	window1: blendMode = 'avg'
59.8981 	EXP 	window1: blendMode = 'avg'
59.9151 	EXP 	window1: blendMode = 'avg'
59.9312 	EXP 	window1: blendMode = 'avg'
59.9486 	EXP 	window1: blendMode = 'avg'
59.9655 	EXP 	window1: blendMode = 'avg'
59.9819 	EXP 	window1: blendMode = 'avg'
59.9987 	EXP 	window1: blendMode = 'avg'
60.0153 	EXP 	window1: blendMode = 'avg'
60.0320 	EXP 	window1: blendMode = 'avg'
60.0486 	EXP 	window1: blendMode = 'avg'
60.0655 	EXP 	window1: blendMode = 'avg'
60.0819 	EXP 	window1: blendMode = 'avg'
60.0988 	EXP 	window1: blendMode = 'avg'
60.1150 	EXP 	window1: blendMode = 'avg'
60.1320 	EXP 	window1: blendMode = 'avg'
60.1486 	EXP 	window1: blendMode = 'avg'
60.1654 	EXP 	window1: blendMode = 'avg'
60.1818 	EXP 	window1: blendMode = 'avg'
60.1981 	EXP 	window1: blendMode = 'avg'
60.2143 	EXP 	window1: blendMode = 'avg'
60.2322 	EXP 	window1: blendMode = 'avg'
60.2488 	EXP 	window1: blendMode = 'avg'
60.2652 	EXP 	window1: blendMode = 'avg'
60.2818 	EXP 	window1: blendMode = 'avg'
60.2984 	EXP 	window1: blendMode = 'avg'
60.3149 	EXP 	window1: blendMode = 'avg'
60.3311 	EXP 	window1: blendMode = 'avg'
60.3477 	EXP 	window1: blendMode = 'avg'
60.3644 	EXP 	window1: blendMode = 'avg'
60.3821 	EXP 	window1: blendMode = 'avg'
60.3989 	EXP 	window1: blendMode = 'avg'
60.4153 	EXP 	window1: blendMode = 'avg'
60.4322 	EXP 	window1: blendMode = 'avg'
60.4486 	EXP 	window1: blendMode = 'avg'
60.4655 	EXP 	window1: blendMode = 'avg'
60.4822 	EXP 	window1: blendMode = 'avg'
60.4989 	EXP 	window1: blendMode = 'avg'
60.5151 	EXP 	window1: blendMode = 'avg'
60.5319 	EXP 	window1: blendMode = 'avg'
60.5487 	EXP 	window1: blendMode = 'avg'
60.5654 	EXP 	window1: blendMode = 'avg'
60.5818 	EXP 	window1: blendMode = 'avg'
60.5983 	EXP 	window1: blendMode = 'avg'
60.6153 	EXP 	window1: blendMode = 'avg'
60.6322 	EXP 	window1: blendMode = 'avg'
60.6486 	EXP 	window1: blendMode = 'avg'
60.6655 	EXP 	window1: blendMode = 'avg'
60.6819 	EXP 	window1: blendMode = 'avg'
60.6985 	EXP 	window1: blendMode = 'avg'
60.7151 	EXP 	window1: blendMode = 'avg'
60.7317 	EXP 	window1: blendMode = 'avg'
60.7484 	EXP 	window1: blendMode = 'avg'
60.7655 	EXP 	window1: blendMode = 'avg'
60.7819 	EXP 	window1: blendMode = 'avg'
60.7987 	EXP 	window1: blendMode = 'avg'
60.8151 	EXP 	window1: blendMode = 'avg'
60.8313 	EXP 	window1: blendMode = 'avg'
60.8486 	EXP 	window1: blendMode = 'avg'
60.8655 	EXP 	window1: blendMode = 'avg'
60.8819 	EXP 	window1: blendMode = 'avg'
60.8988 	EXP 	window1: blendMode = 'avg'
60.9160 	EXP 	window1: blendMode = 'avg'
60.9316 	EXP 	window1: blendMode = 'avg'
60.9484 	EXP 	window1: blendMode = 'avg'
60.9653 	EXP 	window1: blendMode = 'avg'
60.9819 	EXP 	window1: blendMode = 'avg'
60.9988 	EXP 	window1: blendMode = 'avg'
61.0152 	EXP 	window1: blendMode = 'avg'
61.0321 	EXP 	window1: blendMode = 'avg'
61.0488 	EXP 	window1: blendMode = 'avg'
61.0654 	EXP 	window1: blendMode = 'avg'
61.0819 	EXP 	window1: blendMode = 'avg'
61.0979 	EXP 	window1: blendMode = 'avg'
61.1152 	EXP 	window1: blendMode = 'avg'
61.1321 	EXP 	window1: blendMode = 'avg'
61.1482 	EXP 	window1: blendMode = 'avg'
61.1653 	EXP 	window1: blendMode = 'avg'
61.1813 	EXP 	window1: blendMode = 'avg'
61.1986 	EXP 	window1: blendMode = 'avg'
61.2150 	EXP 	window1: blendMode = 'avg'
61.2317 	EXP 	window1: blendMode = 'avg'
61.2484 	EXP 	window1: blendMode = 'avg'
61.2651 	EXP 	window1: blendMode = 'avg'
61.2816 	EXP 	window1: blendMode = 'avg'
61.2986 	EXP 	window1: blendMode = 'avg'
61.3153 	EXP 	window1: blendMode = 'avg'
61.3319 	EXP 	window1: blendMode = 'avg'
61.3485 	EXP 	window1: blendMode = 'avg'
61.3654 	EXP 	window1: blendMode = 'avg'
61.3818 	EXP 	window1: blendMode = 'avg'
61.3986 	EXP 	window1: blendMode = 'avg'
61.4153 	EXP 	window1: blendMode = 'avg'
61.4322 	EXP 	window1: blendMode = 'avg'
61.4491 	EXP 	window1: blendMode = 'avg'
61.4648 	EXP 	window1: blendMode = 'avg'
61.4810 	EXP 	window1: blendMode = 'avg'
61.4983 	EXP 	window1: blendMode = 'avg'
61.5145 	EXP 	window1: blendMode = 'avg'
61.5321 	EXP 	window1: blendMode = 'avg'
61.5488 	EXP 	window1: blendMode = 'avg'
61.5654 	EXP 	window1: blendMode = 'avg'
61.5819 	EXP 	window1: blendMode = 'avg'
61.5987 	EXP 	window1: blendMode = 'avg'
61.6153 	EXP 	window1: blendMode = 'avg'
61.6318 	EXP 	window1: blendMode = 'avg'
61.6484 	EXP 	window1: blendMode = 'avg'
61.6653 	EXP 	window1: blendMode = 'avg'
61.6821 	EXP 	window1: blendMode = 'avg'
61.6987 	EXP 	window1: blendMode = 'avg'
61.7151 	EXP 	window1: blendMode = 'avg'
61.7319 	EXP 	window1: blendMode = 'avg'
61.7490 	EXP 	window1: blendMode = 'avg'
61.7652 	EXP 	window1: blendMode = 'avg'
61.7817 	EXP 	window1: blendMode = 'avg'
61.7984 	EXP 	window1: blendMode = 'avg'
61.8148 	EXP 	window1: blendMode = 'avg'
61.8318 	EXP 	window1: blendMode = 'avg'
61.8487 	EXP 	window1: blendMode = 'avg'
61.8654 	EXP 	window1: blendMode = 'avg'
61.8822 	EXP 	window1: blendMode = 'avg'
61.8991 	EXP 	window1: blendMode = 'avg'
61.9141 	EXP 	window1: blendMode = 'avg'
61.9307 	EXP 	window1: blendMode = 'avg'
61.9484 	EXP 	window1: blendMode = 'avg'
61.9650 	EXP 	window1: blendMode = 'avg'
61.9818 	EXP 	window1: blendMode = 'avg'
61.9986 	EXP 	window1: blendMode = 'avg'
62.0152 	EXP 	window1: blendMode = 'avg'
62.0321 	EXP 	window1: blendMode = 'avg'
62.0485 	EXP 	window1: blendMode = 'avg'
62.0652 	EXP 	window1: blendMode = 'avg'
62.0819 	EXP 	window1: blendMode = 'avg'
62.0988 	EXP 	window1: blendMode = 'avg'
62.1153 	EXP 	window1: blendMode = 'avg'
62.1321 	EXP 	window1: blendMode = 'avg'
62.1486 	EXP 	window1: blendMode = 'avg'
62.1654 	EXP 	window1: blendMode = 'avg'
62.1820 	EXP 	window1: blendMode = 'avg'
62.1988 	EXP 	window1: blendMode = 'avg'
62.2154 	EXP 	window1: blendMode = 'avg'
62.2320 	EXP 	window1: blendMode = 'avg'
62.2486 	EXP 	window1: blendMode = 'avg'
62.2654 	EXP 	window1: blendMode = 'avg'
62.2806 	EXP 	window1: blendMode = 'avg'
62.2980 	EXP 	window1: blendMode = 'avg'
62.3152 	EXP 	window1: blendMode = 'avg'
62.3319 	EXP 	window1: blendMode = 'avg'
62.3485 	EXP 	window1: blendMode = 'avg'
62.3651 	EXP 	window1: blendMode = 'avg'
62.3816 	EXP 	window1: blendMode = 'avg'
62.3986 	EXP 	window1: blendMode = 'avg'
62.4153 	DATA 	Keypress: escape
62.5280 	EXP 	window1: mouseVisible = True
