8.0475 	EXP 	Created window1 = Window(allowGUI=False, allowStencil=False, autoLog=True, bitsMode=UNKNOWN, blendMode='avg', color=array([ 0.,  0.,  0.]), colorSpace='rgb', fullscr=UNKNOWN, gamma=None, lms=UNKNOWN, monitor=<psychopy.monitors.calibTools.Monitor object at 0x113e20410>, multiSample=False, name='window1', numSamples=2, pos=[0, 0], screen=0, size=array([1440,  900]), stereo=False, units=u'norm', useFBO=True, useRetina=False, viewOri=0.0, viewPos=None, viewScale=None, waitBlanking=True, winType='pyglet')
8.0476 	EXP 	window1: recordFrameIntervals = False
8.2134 	EXP 	window1: recordFrameIntervals = True
8.3972 	EXP 	window1: recordFrameIntervals = False
8.4823 	EXP 	Created text_2 = TextStim(alignHoriz='center', alignVert='center', antialias=True, autoLog=True, bold=False, color='white', colorSpace='named', contrast=1.0, depth=0.0, flipHoriz=False, flipVert=False, font='Arial', fontFiles=[], height=0.1, italic=False, name='text_2', opacity=1.0, ori=0, pos=array([ 0.,  0.]), rgb=array([ 255.,  255.,  255.]), text=unicode(...), units=u'norm', win=Window(...), wrapWidth=1)
8.4841 	EXP 	Created Leftimg = ImageStim(autoLog=True, color=array([ 1.,  1.,  1.]), colorSpace='rgb', contrast=1.0, depth=0.0, flipHoriz=False, flipVert=False, image='sin', interpolate=True, mask=None, maskParams=None, name='Leftimg', opacity=1.0, ori=0.0, pos=array([ 0.,  0.]), size=array([ 400.,  400.]), texRes=128, units='pix', win=Window(...))
8.4853 	EXP 	Created Rightimg = ImageStim(autoLog=True, color=array([ 1.,  1.,  1.]), colorSpace='rgb', contrast=1.0, depth=-1.0, flipHoriz=False, flipVert=False, image='sin', interpolate=True, mask=None, maskParams=None, name='Rightimg', opacity=1.0, ori=0.0, pos=array([ 0.,  0.]), size=array([ 400.,  400.]), texRes=128, units='pix', win=Window(...))
8.4949 	EXP 	Created text = TextStim(alignHoriz='center', alignVert='center', antialias=True, autoLog=True, bold=False, color='white', colorSpace='named', contrast=1.0, depth=-4.0, flipHoriz=False, flipVert=False, font='Arial', fontFiles=[], height=0.05, italic=False, name='text', opacity=1.0, ori=0, pos=array([ 0.,  0.]), rgb=array([ 255.,  255.,  255.]), text=u'to proceed press the space bar.', units=u'norm', win=Window(...), wrapWidth=1)
8.5044 	EXP 	Created text_3 = TextStim(alignHoriz='center', alignVert='center', antialias=True, autoLog=True, bold=False, color='white', colorSpace='named', contrast=1.0, depth=0.0, flipHoriz=False, flipVert=False, font='Arial', fontFiles=[], height=0.1, italic=False, name='text_3', opacity=1.0, ori=0, pos=array([ 0.,  0.]), rgb=array([ 255.,  255.,  255.]), text=unicode(...), units=u'norm', win=Window(...), wrapWidth=1)
8.5088 	EXP 	window1: blendMode = 'avg'
8.5129 	EXP 	text_2: autoDraw = True
8.5155 	EXP 	window1: blendMode = 'avg'
8.5313 	EXP 	window1: blendMode = 'avg'
8.5479 	EXP 	window1: blendMode = 'avg'
8.5648 	EXP 	window1: blendMode = 'avg'
8.5813 	EXP 	window1: blendMode = 'avg'
8.5984 	EXP 	window1: blendMode = 'avg'
8.6145 	EXP 	window1: blendMode = 'avg'
8.6314 	EXP 	window1: blendMode = 'avg'
8.6479 	EXP 	window1: blendMode = 'avg'
8.6648 	EXP 	window1: blendMode = 'avg'
8.6813 	EXP 	window1: blendMode = 'avg'
8.6981 	EXP 	window1: blendMode = 'avg'
8.7146 	EXP 	window1: blendMode = 'avg'
8.7314 	EXP 	window1: blendMode = 'avg'
8.7480 	EXP 	window1: blendMode = 'avg'
8.7646 	EXP 	window1: blendMode = 'avg'
8.7814 	EXP 	window1: blendMode = 'avg'
8.7971 	EXP 	window1: blendMode = 'avg'
8.8147 	EXP 	window1: blendMode = 'avg'
8.8314 	EXP 	window1: blendMode = 'avg'
8.8478 	EXP 	window1: blendMode = 'avg'
8.8646 	EXP 	window1: blendMode = 'avg'
8.8814 	EXP 	window1: blendMode = 'avg'
8.8979 	EXP 	window1: blendMode = 'avg'
8.9147 	EXP 	window1: blendMode = 'avg'
8.9313 	EXP 	window1: blendMode = 'avg'
8.9481 	EXP 	window1: blendMode = 'avg'
8.9646 	EXP 	window1: blendMode = 'avg'
8.9814 	EXP 	window1: blendMode = 'avg'
8.9979 	EXP 	window1: blendMode = 'avg'
9.0145 	EXP 	window1: blendMode = 'avg'
9.0314 	EXP 	window1: blendMode = 'avg'
9.0481 	EXP 	window1: blendMode = 'avg'
9.0647 	EXP 	window1: blendMode = 'avg'
9.0814 	EXP 	window1: blendMode = 'avg'
9.0979 	EXP 	window1: blendMode = 'avg'
9.1147 	EXP 	window1: blendMode = 'avg'
9.1313 	EXP 	window1: blendMode = 'avg'
9.1480 	EXP 	window1: blendMode = 'avg'
9.1646 	EXP 	window1: blendMode = 'avg'
9.1812 	EXP 	window1: blendMode = 'avg'
9.1981 	EXP 	window1: blendMode = 'avg'
9.2146 	EXP 	window1: blendMode = 'avg'
9.2313 	EXP 	window1: blendMode = 'avg'
9.2481 	EXP 	window1: blendMode = 'avg'
9.2648 	EXP 	window1: blendMode = 'avg'
9.2816 	EXP 	window1: blendMode = 'avg'
9.2981 	EXP 	window1: blendMode = 'avg'
9.3146 	EXP 	window1: blendMode = 'avg'
9.3315 	EXP 	window1: blendMode = 'avg'
9.3480 	EXP 	window1: blendMode = 'avg'
9.3647 	EXP 	window1: blendMode = 'avg'
9.3812 	EXP 	window1: blendMode = 'avg'
9.3979 	EXP 	window1: blendMode = 'avg'
9.4147 	EXP 	window1: blendMode = 'avg'
9.4313 	EXP 	window1: blendMode = 'avg'
9.4480 	EXP 	window1: blendMode = 'avg'
9.4646 	EXP 	window1: blendMode = 'avg'
9.4814 	EXP 	window1: blendMode = 'avg'
9.4983 	EXP 	window1: blendMode = 'avg'
9.5145 	EXP 	window1: blendMode = 'avg'
9.5313 	EXP 	window1: blendMode = 'avg'
9.5480 	EXP 	window1: blendMode = 'avg'
9.5647 	EXP 	window1: blendMode = 'avg'
9.5813 	EXP 	window1: blendMode = 'avg'
9.5981 	EXP 	window1: blendMode = 'avg'
9.6146 	EXP 	window1: blendMode = 'avg'
9.6313 	EXP 	window1: blendMode = 'avg'
9.6480 	EXP 	window1: blendMode = 'avg'
9.6646 	EXP 	window1: blendMode = 'avg'
9.6814 	EXP 	window1: blendMode = 'avg'
9.6979 	EXP 	window1: blendMode = 'avg'
9.7147 	EXP 	window1: blendMode = 'avg'
9.7312 	EXP 	window1: blendMode = 'avg'
9.7481 	EXP 	window1: blendMode = 'avg'
9.7646 	EXP 	window1: blendMode = 'avg'
9.7816 	EXP 	window1: blendMode = 'avg'
9.7978 	EXP 	window1: blendMode = 'avg'
9.8146 	EXP 	window1: blendMode = 'avg'
9.8313 	EXP 	window1: blendMode = 'avg'
9.8480 	EXP 	window1: blendMode = 'avg'
9.8649 	EXP 	window1: blendMode = 'avg'
9.8811 	EXP 	window1: blendMode = 'avg'
9.8979 	EXP 	window1: blendMode = 'avg'
9.9146 	EXP 	window1: blendMode = 'avg'
9.9314 	EXP 	window1: blendMode = 'avg'
9.9481 	EXP 	window1: blendMode = 'avg'
9.9647 	EXP 	window1: blendMode = 'avg'
9.9814 	EXP 	window1: blendMode = 'avg'
9.9979 	EXP 	window1: blendMode = 'avg'
10.0136 	EXP 	window1: blendMode = 'avg'
10.0313 	EXP 	window1: blendMode = 'avg'
10.0480 	EXP 	window1: blendMode = 'avg'
10.0647 	EXP 	window1: blendMode = 'avg'
10.0813 	EXP 	window1: blendMode = 'avg'
10.0981 	EXP 	window1: blendMode = 'avg'
10.1146 	EXP 	window1: blendMode = 'avg'
10.1311 	EXP 	window1: blendMode = 'avg'
10.1477 	EXP 	window1: blendMode = 'avg'
10.1645 	EXP 	window1: blendMode = 'avg'
10.1813 	EXP 	window1: blendMode = 'avg'
10.1982 	EXP 	window1: blendMode = 'avg'
10.2138 	EXP 	window1: blendMode = 'avg'
10.2314 	EXP 	window1: blendMode = 'avg'
10.2479 	EXP 	window1: blendMode = 'avg'
10.2647 	EXP 	window1: blendMode = 'avg'
10.2814 	EXP 	window1: blendMode = 'avg'
10.2980 	EXP 	window1: blendMode = 'avg'
10.3147 	EXP 	window1: blendMode = 'avg'
10.3315 	EXP 	window1: blendMode = 'avg'
10.3480 	EXP 	window1: blendMode = 'avg'
10.3647 	EXP 	window1: blendMode = 'avg'
10.3813 	EXP 	window1: blendMode = 'avg'
10.3980 	EXP 	window1: blendMode = 'avg'
10.4146 	EXP 	window1: blendMode = 'avg'
10.4315 	EXP 	window1: blendMode = 'avg'
10.4480 	EXP 	window1: blendMode = 'avg'
10.4646 	EXP 	window1: blendMode = 'avg'
10.4815 	EXP 	window1: blendMode = 'avg'
10.4981 	EXP 	window1: blendMode = 'avg'
10.5147 	EXP 	window1: blendMode = 'avg'
10.5314 	EXP 	window1: blendMode = 'avg'
10.5479 	EXP 	window1: blendMode = 'avg'
10.5647 	EXP 	window1: blendMode = 'avg'
10.5813 	EXP 	window1: blendMode = 'avg'
10.5975 	EXP 	window1: blendMode = 'avg'
10.6145 	EXP 	window1: blendMode = 'avg'
10.6313 	EXP 	window1: blendMode = 'avg'
10.6480 	EXP 	window1: blendMode = 'avg'
10.6646 	EXP 	window1: blendMode = 'avg'
10.6814 	EXP 	window1: blendMode = 'avg'
10.6979 	EXP 	window1: blendMode = 'avg'
10.7146 	EXP 	window1: blendMode = 'avg'
10.7313 	EXP 	window1: blendMode = 'avg'
10.7479 	EXP 	window1: blendMode = 'avg'
10.7647 	EXP 	window1: blendMode = 'avg'
10.7814 	EXP 	window1: blendMode = 'avg'
10.7969 	EXP 	window1: blendMode = 'avg'
10.8140 	EXP 	window1: blendMode = 'avg'
10.8315 	EXP 	window1: blendMode = 'avg'
10.8480 	EXP 	window1: blendMode = 'avg'
10.8647 	EXP 	window1: blendMode = 'avg'
10.8813 	EXP 	window1: blendMode = 'avg'
10.8980 	EXP 	window1: blendMode = 'avg'
10.9137 	EXP 	window1: blendMode = 'avg'
10.9311 	EXP 	window1: blendMode = 'avg'
10.9476 	EXP 	window1: blendMode = 'avg'
10.9644 	EXP 	window1: blendMode = 'avg'
10.9812 	EXP 	window1: blendMode = 'avg'
10.9980 	EXP 	window1: blendMode = 'avg'
11.0145 	EXP 	window1: blendMode = 'avg'
11.0314 	EXP 	window1: blendMode = 'avg'
11.0479 	EXP 	window1: blendMode = 'avg'
11.0637 	EXP 	window1: blendMode = 'avg'
11.0813 	EXP 	window1: blendMode = 'avg'
11.0979 	EXP 	window1: blendMode = 'avg'
11.1150 	EXP 	window1: blendMode = 'avg'
11.1315 	EXP 	window1: blendMode = 'avg'
11.1480 	EXP 	window1: blendMode = 'avg'
11.1647 	EXP 	window1: blendMode = 'avg'
11.1813 	EXP 	window1: blendMode = 'avg'
11.1980 	EXP 	window1: blendMode = 'avg'
11.2146 	EXP 	window1: blendMode = 'avg'
11.2314 	EXP 	window1: blendMode = 'avg'
11.2480 	EXP 	window1: blendMode = 'avg'
11.2634 	EXP 	window1: blendMode = 'avg'
11.2804 	EXP 	window1: blendMode = 'avg'
11.2973 	EXP 	window1: blendMode = 'avg'
11.3144 	EXP 	window1: blendMode = 'avg'
11.3312 	EXP 	window1: blendMode = 'avg'
11.3480 	EXP 	window1: blendMode = 'avg'
11.3646 	EXP 	window1: blendMode = 'avg'
11.3811 	EXP 	window1: blendMode = 'avg'
11.3979 	EXP 	window1: blendMode = 'avg'
11.4147 	EXP 	window1: blendMode = 'avg'
11.4312 	EXP 	window1: blendMode = 'avg'
11.4480 	EXP 	window1: blendMode = 'avg'
11.4646 	EXP 	window1: blendMode = 'avg'
11.4812 	EXP 	window1: blendMode = 'avg'
11.4979 	EXP 	window1: blendMode = 'avg'
11.5146 	EXP 	window1: blendMode = 'avg'
11.5312 	EXP 	window1: blendMode = 'avg'
11.5480 	EXP 	window1: blendMode = 'avg'
11.5645 	EXP 	window1: blendMode = 'avg'
11.5814 	EXP 	window1: blendMode = 'avg'
11.5979 	EXP 	window1: blendMode = 'avg'
11.6147 	EXP 	window1: blendMode = 'avg'
11.6310 	EXP 	window1: blendMode = 'avg'
11.6478 	EXP 	window1: blendMode = 'avg'
11.6647 	EXP 	window1: blendMode = 'avg'
11.6812 	EXP 	window1: blendMode = 'avg'
11.6981 	EXP 	window1: blendMode = 'avg'
11.7146 	EXP 	window1: blendMode = 'avg'
11.7314 	EXP 	window1: blendMode = 'avg'
11.7479 	EXP 	window1: blendMode = 'avg'
11.7647 	EXP 	window1: blendMode = 'avg'
11.7813 	EXP 	window1: blendMode = 'avg'
11.7980 	EXP 	window1: blendMode = 'avg'
11.8146 	EXP 	window1: blendMode = 'avg'
11.8313 	EXP 	window1: blendMode = 'avg'
11.8480 	EXP 	window1: blendMode = 'avg'
11.8643 	EXP 	window1: blendMode = 'avg'
11.8812 	EXP 	window1: blendMode = 'avg'
11.8979 	EXP 	window1: blendMode = 'avg'
11.9148 	EXP 	window1: blendMode = 'avg'
11.9308 	EXP 	window1: blendMode = 'avg'
11.9478 	EXP 	window1: blendMode = 'avg'
11.9639 	EXP 	window1: blendMode = 'avg'
11.9811 	EXP 	window1: blendMode = 'avg'
11.9980 	EXP 	window1: blendMode = 'avg'
12.0146 	EXP 	window1: blendMode = 'avg'
12.0315 	EXP 	window1: blendMode = 'avg'
12.0481 	EXP 	window1: blendMode = 'avg'
12.0646 	EXP 	window1: blendMode = 'avg'
12.0814 	EXP 	window1: blendMode = 'avg'
12.0980 	EXP 	window1: blendMode = 'avg'
12.1147 	EXP 	window1: blendMode = 'avg'
12.1314 	EXP 	window1: blendMode = 'avg'
12.1479 	EXP 	window1: blendMode = 'avg'
12.1647 	EXP 	window1: blendMode = 'avg'
12.1813 	EXP 	window1: blendMode = 'avg'
12.1980 	EXP 	window1: blendMode = 'avg'
12.2146 	EXP 	window1: blendMode = 'avg'
12.2313 	EXP 	window1: blendMode = 'avg'
12.2483 	EXP 	window1: blendMode = 'avg'
12.2639 	EXP 	window1: blendMode = 'avg'
12.2814 	EXP 	window1: blendMode = 'avg'
12.2979 	EXP 	window1: blendMode = 'avg'
12.3147 	EXP 	window1: blendMode = 'avg'
12.3313 	EXP 	window1: blendMode = 'avg'
12.3481 	EXP 	window1: blendMode = 'avg'
12.3647 	EXP 	window1: blendMode = 'avg'
12.3814 	EXP 	window1: blendMode = 'avg'
12.3980 	EXP 	window1: blendMode = 'avg'
12.4147 	EXP 	window1: blendMode = 'avg'
12.4312 	EXP 	window1: blendMode = 'avg'
12.4480 	EXP 	window1: blendMode = 'avg'
12.4652 	EXP 	window1: blendMode = 'avg'
12.4811 	EXP 	window1: blendMode = 'avg'
12.4978 	EXP 	window1: blendMode = 'avg'
12.5147 	EXP 	window1: blendMode = 'avg'
12.5315 	EXP 	window1: blendMode = 'avg'
12.5480 	EXP 	window1: blendMode = 'avg'
12.5646 	EXP 	window1: blendMode = 'avg'
12.5813 	EXP 	window1: blendMode = 'avg'
12.5973 	EXP 	window1: blendMode = 'avg'
12.6148 	EXP 	window1: blendMode = 'avg'
12.6313 	EXP 	window1: blendMode = 'avg'
12.6480 	EXP 	window1: blendMode = 'avg'
12.6646 	EXP 	window1: blendMode = 'avg'
12.6813 	EXP 	window1: blendMode = 'avg'
12.6980 	EXP 	window1: blendMode = 'avg'
12.7143 	EXP 	window1: blendMode = 'avg'
12.7311 	EXP 	window1: blendMode = 'avg'
12.7480 	EXP 	window1: blendMode = 'avg'
12.7645 	EXP 	window1: blendMode = 'avg'
12.7813 	EXP 	window1: blendMode = 'avg'
12.7979 	EXP 	window1: blendMode = 'avg'
12.8147 	EXP 	window1: blendMode = 'avg'
12.8312 	EXP 	window1: blendMode = 'avg'
12.8478 	EXP 	window1: blendMode = 'avg'
12.8633 	EXP 	window1: blendMode = 'avg'
12.8810 	EXP 	window1: blendMode = 'avg'
12.8978 	EXP 	window1: blendMode = 'avg'
12.9147 	EXP 	window1: blendMode = 'avg'
12.9313 	EXP 	window1: blendMode = 'avg'
12.9480 	EXP 	window1: blendMode = 'avg'
12.9646 	EXP 	window1: blendMode = 'avg'
12.9812 	EXP 	window1: blendMode = 'avg'
12.9980 	EXP 	window1: blendMode = 'avg'
13.0135 	EXP 	window1: blendMode = 'avg'
13.0301 	EXP 	window1: blendMode = 'avg'
13.0480 	EXP 	window1: blendMode = 'avg'
13.0646 	EXP 	window1: blendMode = 'avg'
13.0802 	EXP 	window1: blendMode = 'avg'
13.0972 	EXP 	window1: blendMode = 'avg'
13.1147 	EXP 	window1: blendMode = 'avg'
13.1314 	EXP 	window1: blendMode = 'avg'
13.1479 	EXP 	window1: blendMode = 'avg'
13.1637 	EXP 	window1: blendMode = 'avg'
13.1812 	EXP 	window1: blendMode = 'avg'
13.1980 	EXP 	window1: blendMode = 'avg'
13.2145 	EXP 	window1: blendMode = 'avg'
13.2312 	EXP 	window1: blendMode = 'avg'
13.2480 	EXP 	window1: blendMode = 'avg'
13.2645 	EXP 	window1: blendMode = 'avg'
13.2811 	EXP 	window1: blendMode = 'avg'
13.2978 	EXP 	window1: blendMode = 'avg'
13.3147 	EXP 	window1: blendMode = 'avg'
13.3313 	EXP 	window1: blendMode = 'avg'
13.3480 	EXP 	window1: blendMode = 'avg'
13.3636 	EXP 	window1: blendMode = 'avg'
13.3804 	EXP 	window1: blendMode = 'avg'
13.3979 	EXP 	window1: blendMode = 'avg'
13.4140 	EXP 	window1: blendMode = 'avg'
13.4305 	EXP 	window1: blendMode = 'avg'
13.4480 	EXP 	window1: blendMode = 'avg'
13.4642 	EXP 	window1: blendMode = 'avg'
13.4811 	EXP 	window1: blendMode = 'avg'
13.4981 	EXP 	window1: blendMode = 'avg'
13.5147 	EXP 	window1: blendMode = 'avg'
13.5314 	EXP 	window1: blendMode = 'avg'
13.5479 	EXP 	window1: blendMode = 'avg'
13.5647 	EXP 	window1: blendMode = 'avg'
13.5812 	EXP 	window1: blendMode = 'avg'
13.5981 	EXP 	window1: blendMode = 'avg'
13.6146 	EXP 	window1: blendMode = 'avg'
13.6313 	EXP 	window1: blendMode = 'avg'
13.6479 	EXP 	window1: blendMode = 'avg'
13.6647 	EXP 	window1: blendMode = 'avg'
13.6813 	EXP 	window1: blendMode = 'avg'
13.6980 	EXP 	window1: blendMode = 'avg'
13.7136 	EXP 	window1: blendMode = 'avg'
13.7313 	EXP 	window1: blendMode = 'avg'
13.7480 	EXP 	window1: blendMode = 'avg'
13.7646 	EXP 	window1: blendMode = 'avg'
13.7811 	EXP 	window1: blendMode = 'avg'
13.7978 	EXP 	window1: blendMode = 'avg'
13.8144 	EXP 	window1: blendMode = 'avg'
13.8311 	EXP 	window1: blendMode = 'avg'
13.8477 	EXP 	window1: blendMode = 'avg'
13.8646 	EXP 	window1: blendMode = 'avg'
13.8813 	EXP 	window1: blendMode = 'avg'
13.8979 	EXP 	window1: blendMode = 'avg'
13.9146 	EXP 	window1: blendMode = 'avg'
13.9311 	EXP 	window1: blendMode = 'avg'
13.9479 	EXP 	window1: blendMode = 'avg'
13.9646 	EXP 	window1: blendMode = 'avg'
13.9813 	EXP 	window1: blendMode = 'avg'
13.9979 	EXP 	window1: blendMode = 'avg'
14.0147 	EXP 	window1: blendMode = 'avg'
14.0318 	EXP 	window1: blendMode = 'avg'
14.0472 	EXP 	window1: blendMode = 'avg'
14.0638 	EXP 	window1: blendMode = 'avg'
14.0813 	EXP 	window1: blendMode = 'avg'
14.0979 	EXP 	window1: blendMode = 'avg'
14.1147 	EXP 	window1: blendMode = 'avg'
14.1314 	EXP 	window1: blendMode = 'avg'
14.1480 	EXP 	window1: blendMode = 'avg'
14.1647 	EXP 	window1: blendMode = 'avg'
14.1813 	EXP 	window1: blendMode = 'avg'
14.1979 	EXP 	window1: blendMode = 'avg'
14.2145 	EXP 	window1: blendMode = 'avg'
14.2313 	EXP 	window1: blendMode = 'avg'
14.2480 	EXP 	window1: blendMode = 'avg'
14.2646 	EXP 	window1: blendMode = 'avg'
14.2812 	EXP 	window1: blendMode = 'avg'
14.2982 	EXP 	window1: blendMode = 'avg'
14.3144 	EXP 	window1: blendMode = 'avg'
14.3313 	EXP 	window1: blendMode = 'avg'
14.3479 	EXP 	window1: blendMode = 'avg'
14.3647 	EXP 	window1: blendMode = 'avg'
14.3809 	EXP 	window1: blendMode = 'avg'
14.3977 	EXP 	window1: blendMode = 'avg'
14.4146 	EXP 	window1: blendMode = 'avg'
14.4314 	EXP 	window1: blendMode = 'avg'
14.4479 	EXP 	window1: blendMode = 'avg'
14.4647 	EXP 	window1: blendMode = 'avg'
14.4812 	EXP 	window1: blendMode = 'avg'
14.4982 	EXP 	window1: blendMode = 'avg'
14.5144 	EXP 	window1: blendMode = 'avg'
14.5311 	EXP 	window1: blendMode = 'avg'
14.5484 	EXP 	window1: blendMode = 'avg'
14.5634 	EXP 	window1: blendMode = 'avg'
14.5806 	EXP 	window1: blendMode = 'avg'
14.5980 	EXP 	window1: blendMode = 'avg'
14.6145 	EXP 	window1: blendMode = 'avg'
14.6313 	EXP 	window1: blendMode = 'avg'
14.6480 	EXP 	window1: blendMode = 'avg'
14.6646 	EXP 	window1: blendMode = 'avg'
14.6813 	EXP 	window1: blendMode = 'avg'
14.6978 	EXP 	window1: blendMode = 'avg'
14.7146 	EXP 	window1: blendMode = 'avg'
14.7313 	EXP 	window1: blendMode = 'avg'
14.7480 	EXP 	window1: blendMode = 'avg'
14.7648 	EXP 	window1: blendMode = 'avg'
14.7813 	EXP 	window1: blendMode = 'avg'
14.7978 	EXP 	window1: blendMode = 'avg'
14.8146 	EXP 	window1: blendMode = 'avg'
14.8312 	EXP 	window1: blendMode = 'avg'
14.8479 	EXP 	window1: blendMode = 'avg'
14.8650 	EXP 	window1: blendMode = 'avg'
14.8808 	EXP 	window1: blendMode = 'avg'
14.8971 	EXP 	window1: blendMode = 'avg'
14.9132 	EXP 	window1: blendMode = 'avg'
14.9303 	EXP 	window1: blendMode = 'avg'
14.9472 	EXP 	window1: blendMode = 'avg'
14.9629 	EXP 	window1: blendMode = 'avg'
14.9805 	EXP 	window1: blendMode = 'avg'
14.9968 	EXP 	window1: blendMode = 'avg'
15.0140 	EXP 	window1: blendMode = 'avg'
15.0302 	EXP 	window1: blendMode = 'avg'
15.0478 	EXP 	window1: blendMode = 'avg'
15.0638 	EXP 	window1: blendMode = 'avg'
15.0797 	EXP 	window1: blendMode = 'avg'
15.0966 	EXP 	window1: blendMode = 'avg'
15.1144 	EXP 	window1: blendMode = 'avg'
15.1311 	EXP 	window1: blendMode = 'avg'
15.1477 	EXP 	window1: blendMode = 'avg'
15.1647 	EXP 	window1: blendMode = 'avg'
15.1812 	EXP 	window1: blendMode = 'avg'
15.1976 	EXP 	window1: blendMode = 'avg'
15.2144 	EXP 	window1: blendMode = 'avg'
15.2313 	EXP 	window1: blendMode = 'avg'
15.2479 	EXP 	window1: blendMode = 'avg'
15.2637 	EXP 	window1: blendMode = 'avg'
15.2814 	EXP 	window1: blendMode = 'avg'
15.2980 	EXP 	window1: blendMode = 'avg'
15.3145 	EXP 	window1: blendMode = 'avg'
15.3313 	EXP 	window1: blendMode = 'avg'
15.3479 	EXP 	window1: blendMode = 'avg'
15.3646 	EXP 	window1: blendMode = 'avg'
15.3813 	EXP 	window1: blendMode = 'avg'
15.3980 	EXP 	window1: blendMode = 'avg'
15.4146 	EXP 	window1: blendMode = 'avg'
15.4318 	EXP 	window1: blendMode = 'avg'
15.4483 	EXP 	window1: blendMode = 'avg'
15.4640 	EXP 	window1: blendMode = 'avg'
15.4810 	EXP 	window1: blendMode = 'avg'
15.4980 	EXP 	window1: blendMode = 'avg'
15.5145 	EXP 	window1: blendMode = 'avg'
15.5312 	EXP 	window1: blendMode = 'avg'
15.5480 	EXP 	window1: blendMode = 'avg'
15.5645 	EXP 	window1: blendMode = 'avg'
15.5810 	EXP 	window1: blendMode = 'avg'
15.5980 	EXP 	window1: blendMode = 'avg'
15.6145 	EXP 	window1: blendMode = 'avg'
15.6313 	EXP 	window1: blendMode = 'avg'
15.6478 	EXP 	window1: blendMode = 'avg'
15.6646 	EXP 	window1: blendMode = 'avg'
15.6812 	EXP 	window1: blendMode = 'avg'
15.6978 	EXP 	window1: blendMode = 'avg'
15.7146 	EXP 	window1: blendMode = 'avg'
15.7312 	EXP 	window1: blendMode = 'avg'
15.7479 	EXP 	window1: blendMode = 'avg'
15.7645 	EXP 	window1: blendMode = 'avg'
15.7812 	EXP 	window1: blendMode = 'avg'
15.7976 	EXP 	window1: blendMode = 'avg'
15.8144 	EXP 	window1: blendMode = 'avg'
15.8314 	EXP 	window1: blendMode = 'avg'
15.8479 	EXP 	window1: blendMode = 'avg'
15.8646 	EXP 	window1: blendMode = 'avg'
15.8812 	EXP 	window1: blendMode = 'avg'
15.8980 	EXP 	window1: blendMode = 'avg'
15.9145 	EXP 	window1: blendMode = 'avg'
15.9313 	EXP 	window1: blendMode = 'avg'
15.9478 	EXP 	window1: blendMode = 'avg'
15.9646 	EXP 	window1: blendMode = 'avg'
15.9812 	EXP 	window1: blendMode = 'avg'
15.9980 	EXP 	window1: blendMode = 'avg'
16.0146 	EXP 	window1: blendMode = 'avg'
16.0311 	EXP 	window1: blendMode = 'avg'
16.0479 	EXP 	window1: blendMode = 'avg'
16.0647 	EXP 	window1: blendMode = 'avg'
16.0812 	EXP 	window1: blendMode = 'avg'
16.0977 	EXP 	window1: blendMode = 'avg'
16.1140 	EXP 	window1: blendMode = 'avg'
16.1301 	EXP 	window1: blendMode = 'avg'
16.1487 	EXP 	window1: blendMode = 'avg'
16.1653 	EXP 	window1: blendMode = 'avg'
16.1810 	EXP 	window1: blendMode = 'avg'
16.1978 	EXP 	window1: blendMode = 'avg'
16.2146 	EXP 	window1: blendMode = 'avg'
16.2312 	EXP 	window1: blendMode = 'avg'
16.2480 	EXP 	window1: blendMode = 'avg'
16.2648 	EXP 	window1: blendMode = 'avg'
16.2814 	EXP 	window1: blendMode = 'avg'
16.2984 	EXP 	window1: blendMode = 'avg'
16.3139 	EXP 	window1: blendMode = 'avg'
16.3308 	EXP 	window1: blendMode = 'avg'
16.3473 	EXP 	window1: blendMode = 'avg'
16.3636 	EXP 	window1: blendMode = 'avg'
16.3813 	EXP 	window1: blendMode = 'avg'
16.3978 	EXP 	window1: blendMode = 'avg'
16.4146 	EXP 	window1: blendMode = 'avg'
16.4312 	EXP 	window1: blendMode = 'avg'
16.4480 	EXP 	window1: blendMode = 'avg'
16.4645 	EXP 	window1: blendMode = 'avg'
16.4813 	EXP 	window1: blendMode = 'avg'
16.4978 	EXP 	window1: blendMode = 'avg'
16.5145 	EXP 	window1: blendMode = 'avg'
16.5313 	EXP 	window1: blendMode = 'avg'
16.5478 	EXP 	window1: blendMode = 'avg'
16.5644 	EXP 	window1: blendMode = 'avg'
16.5813 	EXP 	window1: blendMode = 'avg'
16.5979 	EXP 	window1: blendMode = 'avg'
16.6146 	EXP 	window1: blendMode = 'avg'
16.6312 	EXP 	window1: blendMode = 'avg'
16.6479 	EXP 	window1: blendMode = 'avg'
16.6651 	EXP 	window1: blendMode = 'avg'
16.6810 	EXP 	window1: blendMode = 'avg'
16.6979 	EXP 	window1: blendMode = 'avg'
16.7146 	EXP 	window1: blendMode = 'avg'
16.7316 	EXP 	window1: blendMode = 'avg'
16.7471 	EXP 	window1: blendMode = 'avg'
16.7646 	EXP 	window1: blendMode = 'avg'
16.7812 	EXP 	window1: blendMode = 'avg'
16.7980 	EXP 	window1: blendMode = 'avg'
16.8145 	EXP 	window1: blendMode = 'avg'
16.8312 	EXP 	window1: blendMode = 'avg'
16.8480 	EXP 	window1: blendMode = 'avg'
16.8643 	EXP 	window1: blendMode = 'avg'
16.8811 	EXP 	window1: blendMode = 'avg'
16.8979 	EXP 	window1: blendMode = 'avg'
16.9146 	EXP 	window1: blendMode = 'avg'
16.9312 	EXP 	window1: blendMode = 'avg'
16.9479 	EXP 	window1: blendMode = 'avg'
16.9644 	EXP 	window1: blendMode = 'avg'
16.9812 	EXP 	window1: blendMode = 'avg'
16.9979 	EXP 	window1: blendMode = 'avg'
17.0145 	EXP 	window1: blendMode = 'avg'
17.0313 	EXP 	window1: blendMode = 'avg'
17.0478 	EXP 	window1: blendMode = 'avg'
17.0639 	EXP 	window1: blendMode = 'avg'
17.0801 	EXP 	window1: blendMode = 'avg'
17.0978 	EXP 	window1: blendMode = 'avg'
17.1146 	EXP 	window1: blendMode = 'avg'
17.1312 	EXP 	window1: blendMode = 'avg'
17.1477 	EXP 	window1: blendMode = 'avg'
17.1646 	EXP 	window1: blendMode = 'avg'
17.1813 	EXP 	window1: blendMode = 'avg'
17.1979 	EXP 	window1: blendMode = 'avg'
17.2145 	EXP 	window1: blendMode = 'avg'
17.2310 	EXP 	window1: blendMode = 'avg'
17.2479 	EXP 	window1: blendMode = 'avg'
17.2644 	EXP 	window1: blendMode = 'avg'
17.2811 	EXP 	window1: blendMode = 'avg'
17.2980 	EXP 	window1: blendMode = 'avg'
17.3145 	EXP 	window1: blendMode = 'avg'
17.3302 	EXP 	window1: blendMode = 'avg'
17.3474 	EXP 	window1: blendMode = 'avg'
17.3642 	EXP 	window1: blendMode = 'avg'
17.3810 	EXP 	window1: blendMode = 'avg'
17.3980 	EXP 	window1: blendMode = 'avg'
17.4145 	EXP 	window1: blendMode = 'avg'
17.4313 	EXP 	window1: blendMode = 'avg'
17.4479 	EXP 	window1: blendMode = 'avg'
17.4647 	EXP 	window1: blendMode = 'avg'
17.4812 	EXP 	window1: blendMode = 'avg'
17.4985 	EXP 	window1: blendMode = 'avg'
17.5144 	EXP 	window1: blendMode = 'avg'
17.5312 	EXP 	window1: blendMode = 'avg'
17.5479 	EXP 	window1: blendMode = 'avg'
17.5646 	EXP 	window1: blendMode = 'avg'
17.5813 	EXP 	window1: blendMode = 'avg'
17.5976 	EXP 	window1: blendMode = 'avg'
17.6143 	EXP 	window1: blendMode = 'avg'
17.6313 	EXP 	window1: blendMode = 'avg'
17.6479 	EXP 	window1: blendMode = 'avg'
17.6646 	EXP 	window1: blendMode = 'avg'
17.6813 	EXP 	window1: blendMode = 'avg'
17.6963 	EXP 	window1: blendMode = 'avg'
17.7133 	EXP 	window1: blendMode = 'avg'
17.7304 	EXP 	window1: blendMode = 'avg'
17.7482 	EXP 	window1: blendMode = 'avg'
17.7644 	EXP 	window1: blendMode = 'avg'
17.7814 	EXP 	window1: blendMode = 'avg'
17.7967 	EXP 	window1: blendMode = 'avg'
17.8140 	EXP 	window1: blendMode = 'avg'
17.8302 	EXP 	window1: blendMode = 'avg'
17.8479 	EXP 	window1: blendMode = 'avg'
17.8636 	EXP 	window1: blendMode = 'avg'
17.8811 	EXP 	window1: blendMode = 'avg'
17.8979 	EXP 	window1: blendMode = 'avg'
17.9139 	EXP 	window1: blendMode = 'avg'
17.9310 	EXP 	window1: blendMode = 'avg'
17.9475 	EXP 	window1: blendMode = 'avg'
17.9643 	EXP 	window1: blendMode = 'avg'
17.9812 	EXP 	window1: blendMode = 'avg'
17.9979 	EXP 	window1: blendMode = 'avg'
18.0136 	EXP 	window1: blendMode = 'avg'
18.0304 	EXP 	window1: blendMode = 'avg'
18.0478 	EXP 	window1: blendMode = 'avg'
18.0646 	EXP 	window1: blendMode = 'avg'
18.0796 	EXP 	window1: blendMode = 'avg'
18.0980 	EXP 	window1: blendMode = 'avg'
18.1135 	EXP 	window1: blendMode = 'avg'
18.1313 	EXP 	window1: blendMode = 'avg'
18.1478 	EXP 	window1: blendMode = 'avg'
18.1646 	EXP 	window1: blendMode = 'avg'
18.1812 	EXP 	window1: blendMode = 'avg'
18.1979 	EXP 	window1: blendMode = 'avg'
18.2146 	EXP 	window1: blendMode = 'avg'
18.2312 	EXP 	window1: blendMode = 'avg'
18.2479 	EXP 	window1: blendMode = 'avg'
18.2644 	EXP 	window1: blendMode = 'avg'
18.2812 	EXP 	window1: blendMode = 'avg'
18.2977 	EXP 	window1: blendMode = 'avg'
18.3146 	EXP 	window1: blendMode = 'avg'
18.3307 	EXP 	window1: blendMode = 'avg'
18.3477 	EXP 	window1: blendMode = 'avg'
18.3646 	EXP 	window1: blendMode = 'avg'
18.3811 	EXP 	window1: blendMode = 'avg'
18.3981 	EXP 	window1: blendMode = 'avg'
18.4145 	EXP 	window1: blendMode = 'avg'
18.4308 	EXP 	window1: blendMode = 'avg'
18.4474 	EXP 	window1: blendMode = 'avg'
18.4644 	EXP 	window1: blendMode = 'avg'
18.4812 	EXP 	window1: blendMode = 'avg'
18.4979 	EXP 	window1: blendMode = 'avg'
18.5141 	EXP 	window1: blendMode = 'avg'
18.5308 	EXP 	window1: blendMode = 'avg'
18.5476 	EXP 	window1: blendMode = 'avg'
18.5644 	EXP 	window1: blendMode = 'avg'
18.5811 	EXP 	window1: blendMode = 'avg'
18.5981 	EXP 	window1: blendMode = 'avg'
18.6145 	EXP 	window1: blendMode = 'avg'
18.6313 	EXP 	window1: blendMode = 'avg'
18.6478 	EXP 	window1: blendMode = 'avg'
18.6644 	EXP 	window1: blendMode = 'avg'
18.6812 	EXP 	window1: blendMode = 'avg'
18.6977 	EXP 	window1: blendMode = 'avg'
18.7144 	EXP 	window1: blendMode = 'avg'
18.7311 	EXP 	window1: blendMode = 'avg'
18.7479 	EXP 	window1: blendMode = 'avg'
18.7644 	EXP 	window1: blendMode = 'avg'
18.7811 	EXP 	window1: blendMode = 'avg'
18.7978 	EXP 	window1: blendMode = 'avg'
18.8145 	EXP 	window1: blendMode = 'avg'
18.8311 	EXP 	window1: blendMode = 'avg'
18.8477 	EXP 	window1: blendMode = 'avg'
18.8646 	EXP 	window1: blendMode = 'avg'
18.8811 	EXP 	window1: blendMode = 'avg'
18.8979 	EXP 	window1: blendMode = 'avg'
18.9144 	EXP 	window1: blendMode = 'avg'
18.9312 	EXP 	window1: blendMode = 'avg'
18.9479 	EXP 	window1: blendMode = 'avg'
18.9646 	EXP 	window1: blendMode = 'avg'
18.9811 	EXP 	window1: blendMode = 'avg'
18.9978 	EXP 	window1: blendMode = 'avg'
19.0145 	EXP 	window1: blendMode = 'avg'
19.0311 	EXP 	window1: blendMode = 'avg'
19.0479 	EXP 	window1: blendMode = 'avg'
19.0646 	EXP 	window1: blendMode = 'avg'
19.0812 	EXP 	window1: blendMode = 'avg'
19.0979 	EXP 	window1: blendMode = 'avg'
19.1144 	EXP 	window1: blendMode = 'avg'
19.1311 	EXP 	window1: blendMode = 'avg'
19.1479 	EXP 	window1: blendMode = 'avg'
19.1644 	EXP 	window1: blendMode = 'avg'
19.1812 	EXP 	window1: blendMode = 'avg'
19.1980 	EXP 	window1: blendMode = 'avg'
19.2145 	EXP 	window1: blendMode = 'avg'
19.2311 	EXP 	window1: blendMode = 'avg'
19.2477 	EXP 	window1: blendMode = 'avg'
19.2645 	EXP 	window1: blendMode = 'avg'
19.2812 	EXP 	window1: blendMode = 'avg'
19.2977 	EXP 	window1: blendMode = 'avg'
19.3144 	EXP 	window1: blendMode = 'avg'
19.3311 	EXP 	window1: blendMode = 'avg'
19.3478 	EXP 	window1: blendMode = 'avg'
19.3654 	EXP 	window1: blendMode = 'avg'
19.3812 	EXP 	window1: blendMode = 'avg'
19.3979 	EXP 	window1: blendMode = 'avg'
19.4144 	EXP 	window1: blendMode = 'avg'
19.4313 	EXP 	window1: blendMode = 'avg'
19.4478 	EXP 	window1: blendMode = 'avg'
19.4646 	EXP 	window1: blendMode = 'avg'
19.4812 	EXP 	window1: blendMode = 'avg'
19.4979 	EXP 	window1: blendMode = 'avg'
19.5144 	EXP 	window1: blendMode = 'avg'
19.5310 	EXP 	window1: blendMode = 'avg'
19.5479 	EXP 	window1: blendMode = 'avg'
19.5645 	EXP 	window1: blendMode = 'avg'
19.5812 	EXP 	window1: blendMode = 'avg'
19.5979 	EXP 	window1: blendMode = 'avg'
19.6146 	EXP 	window1: blendMode = 'avg'
19.6313 	EXP 	window1: blendMode = 'avg'
19.6478 	EXP 	window1: blendMode = 'avg'
19.6645 	EXP 	window1: blendMode = 'avg'
19.6812 	EXP 	window1: blendMode = 'avg'
19.6977 	EXP 	window1: blendMode = 'avg'
19.7145 	EXP 	window1: blendMode = 'avg'
19.7311 	EXP 	window1: blendMode = 'avg'
19.7478 	EXP 	window1: blendMode = 'avg'
19.7645 	EXP 	window1: blendMode = 'avg'
19.7812 	EXP 	window1: blendMode = 'avg'
19.7977 	EXP 	window1: blendMode = 'avg'
19.8145 	EXP 	window1: blendMode = 'avg'
19.8312 	EXP 	window1: blendMode = 'avg'
19.8478 	EXP 	window1: blendMode = 'avg'
19.8646 	EXP 	window1: blendMode = 'avg'
19.8812 	EXP 	window1: blendMode = 'avg'
19.8977 	EXP 	window1: blendMode = 'avg'
19.9144 	EXP 	window1: blendMode = 'avg'
19.9311 	EXP 	window1: blendMode = 'avg'
19.9479 	EXP 	window1: blendMode = 'avg'
19.9645 	EXP 	window1: blendMode = 'avg'
19.9811 	EXP 	window1: blendMode = 'avg'
19.9974 	EXP 	window1: blendMode = 'avg'
20.0143 	EXP 	window1: blendMode = 'avg'
20.0313 	EXP 	window1: blendMode = 'avg'
20.0478 	EXP 	window1: blendMode = 'avg'
20.0643 	EXP 	window1: blendMode = 'avg'
20.0811 	EXP 	window1: blendMode = 'avg'
20.0979 	EXP 	window1: blendMode = 'avg'
20.1146 	EXP 	window1: blendMode = 'avg'
20.1311 	EXP 	window1: blendMode = 'avg'
20.1475 	EXP 	window1: blendMode = 'avg'
20.1642 	EXP 	window1: blendMode = 'avg'
20.1810 	EXP 	window1: blendMode = 'avg'
20.1978 	EXP 	window1: blendMode = 'avg'
20.2146 	EXP 	window1: blendMode = 'avg'
20.2310 	EXP 	window1: blendMode = 'avg'
20.2476 	EXP 	window1: blendMode = 'avg'
20.2644 	EXP 	window1: blendMode = 'avg'
20.2812 	EXP 	window1: blendMode = 'avg'
20.2979 	EXP 	window1: blendMode = 'avg'
20.3144 	EXP 	window1: blendMode = 'avg'
20.3312 	EXP 	window1: blendMode = 'avg'
20.3479 	EXP 	window1: blendMode = 'avg'
20.3643 	EXP 	window1: blendMode = 'avg'
20.3811 	EXP 	window1: blendMode = 'avg'
20.3979 	EXP 	window1: blendMode = 'avg'
20.4145 	EXP 	window1: blendMode = 'avg'
20.4312 	EXP 	window1: blendMode = 'avg'
20.4478 	EXP 	window1: blendMode = 'avg'
20.4645 	EXP 	window1: blendMode = 'avg'
20.4812 	EXP 	window1: blendMode = 'avg'
20.4977 	EXP 	window1: blendMode = 'avg'
20.5145 	EXP 	window1: blendMode = 'avg'
20.5311 	EXP 	window1: blendMode = 'avg'
20.5478 	EXP 	window1: blendMode = 'avg'
20.5646 	EXP 	window1: blendMode = 'avg'
20.5810 	EXP 	window1: blendMode = 'avg'
20.5979 	EXP 	window1: blendMode = 'avg'
20.6143 	EXP 	window1: blendMode = 'avg'
20.6312 	EXP 	window1: blendMode = 'avg'
20.6477 	EXP 	window1: blendMode = 'avg'
20.6644 	EXP 	window1: blendMode = 'avg'
20.6812 	EXP 	window1: blendMode = 'avg'
20.6977 	EXP 	window1: blendMode = 'avg'
20.7144 	EXP 	window1: blendMode = 'avg'
20.7312 	EXP 	window1: blendMode = 'avg'
20.7479 	EXP 	window1: blendMode = 'avg'
20.7646 	EXP 	window1: blendMode = 'avg'
20.7812 	EXP 	window1: blendMode = 'avg'
20.7979 	EXP 	window1: blendMode = 'avg'
20.8149 	EXP 	window1: blendMode = 'avg'
20.8310 	EXP 	window1: blendMode = 'avg'
20.8479 	EXP 	window1: blendMode = 'avg'
20.8643 	EXP 	window1: blendMode = 'avg'
20.8810 	EXP 	window1: blendMode = 'avg'
20.8979 	EXP 	window1: blendMode = 'avg'
20.9147 	EXP 	window1: blendMode = 'avg'
20.9310 	EXP 	window1: blendMode = 'avg'
20.9478 	EXP 	window1: blendMode = 'avg'
20.9646 	EXP 	window1: blendMode = 'avg'
20.9810 	EXP 	window1: blendMode = 'avg'
20.9979 	EXP 	window1: blendMode = 'avg'
21.0145 	EXP 	window1: blendMode = 'avg'
21.0312 	EXP 	window1: blendMode = 'avg'
21.0477 	EXP 	window1: blendMode = 'avg'
21.0646 	EXP 	window1: blendMode = 'avg'
21.0812 	EXP 	window1: blendMode = 'avg'
21.0979 	EXP 	window1: blendMode = 'avg'
21.1146 	EXP 	window1: blendMode = 'avg'
21.1309 	EXP 	window1: blendMode = 'avg'
21.1477 	EXP 	window1: blendMode = 'avg'
21.1644 	EXP 	window1: blendMode = 'avg'
21.1811 	EXP 	window1: blendMode = 'avg'
21.1979 	EXP 	window1: blendMode = 'avg'
21.2145 	EXP 	window1: blendMode = 'avg'
21.2312 	EXP 	window1: blendMode = 'avg'
21.2477 	EXP 	window1: blendMode = 'avg'
21.2644 	EXP 	window1: blendMode = 'avg'
21.2812 	EXP 	window1: blendMode = 'avg'
21.2977 	EXP 	window1: blendMode = 'avg'
21.3145 	EXP 	window1: blendMode = 'avg'
21.3310 	EXP 	window1: blendMode = 'avg'
21.3478 	EXP 	window1: blendMode = 'avg'
21.3645 	EXP 	window1: blendMode = 'avg'
21.3812 	EXP 	window1: blendMode = 'avg'
21.3978 	EXP 	window1: blendMode = 'avg'
21.4145 	EXP 	window1: blendMode = 'avg'
21.4310 	EXP 	window1: blendMode = 'avg'
21.4476 	EXP 	window1: blendMode = 'avg'
21.4643 	EXP 	window1: blendMode = 'avg'
21.4811 	EXP 	window1: blendMode = 'avg'
21.4977 	EXP 	window1: blendMode = 'avg'
21.5144 	EXP 	window1: blendMode = 'avg'
21.5312 	EXP 	window1: blendMode = 'avg'
21.5477 	EXP 	window1: blendMode = 'avg'
21.5645 	EXP 	window1: blendMode = 'avg'
21.5812 	EXP 	window1: blendMode = 'avg'
21.5979 	EXP 	window1: blendMode = 'avg'
21.6145 	EXP 	window1: blendMode = 'avg'
21.6315 	EXP 	window1: blendMode = 'avg'
21.6479 	EXP 	window1: blendMode = 'avg'
21.6644 	EXP 	window1: blendMode = 'avg'
21.6811 	EXP 	window1: blendMode = 'avg'
21.6978 	EXP 	window1: blendMode = 'avg'
21.7145 	EXP 	window1: blendMode = 'avg'
21.7312 	EXP 	window1: blendMode = 'avg'
21.7479 	EXP 	window1: blendMode = 'avg'
21.7646 	EXP 	window1: blendMode = 'avg'
21.7810 	EXP 	window1: blendMode = 'avg'
21.7978 	EXP 	window1: blendMode = 'avg'
21.8145 	EXP 	window1: blendMode = 'avg'
21.8310 	EXP 	window1: blendMode = 'avg'
21.8478 	EXP 	window1: blendMode = 'avg'
21.8641 	EXP 	window1: blendMode = 'avg'
21.8810 	EXP 	window1: blendMode = 'avg'
21.8978 	EXP 	window1: blendMode = 'avg'
21.9145 	EXP 	window1: blendMode = 'avg'
21.9312 	EXP 	window1: blendMode = 'avg'
21.9478 	EXP 	window1: blendMode = 'avg'
21.9645 	EXP 	window1: blendMode = 'avg'
21.9810 	EXP 	window1: blendMode = 'avg'
21.9977 	EXP 	window1: blendMode = 'avg'
22.0145 	EXP 	window1: blendMode = 'avg'
22.0310 	EXP 	window1: blendMode = 'avg'
22.0477 	EXP 	window1: blendMode = 'avg'
22.0645 	EXP 	window1: blendMode = 'avg'
22.0811 	EXP 	window1: blendMode = 'avg'
22.0978 	EXP 	window1: blendMode = 'avg'
22.1145 	EXP 	window1: blendMode = 'avg'
22.1312 	EXP 	window1: blendMode = 'avg'
22.1477 	EXP 	window1: blendMode = 'avg'
22.1645 	EXP 	window1: blendMode = 'avg'
22.1809 	EXP 	window1: blendMode = 'avg'
22.1977 	EXP 	window1: blendMode = 'avg'
22.2145 	EXP 	window1: blendMode = 'avg'
22.2312 	EXP 	window1: blendMode = 'avg'
22.2478 	EXP 	window1: blendMode = 'avg'
22.2645 	EXP 	window1: blendMode = 'avg'
22.2812 	EXP 	window1: blendMode = 'avg'
22.2978 	EXP 	window1: blendMode = 'avg'
22.3146 	EXP 	window1: blendMode = 'avg'
22.3312 	EXP 	window1: blendMode = 'avg'
22.3477 	EXP 	window1: blendMode = 'avg'
22.3643 	EXP 	window1: blendMode = 'avg'
22.3811 	EXP 	window1: blendMode = 'avg'
22.3978 	EXP 	window1: blendMode = 'avg'
22.4145 	EXP 	window1: blendMode = 'avg'
22.4312 	EXP 	window1: blendMode = 'avg'
22.4478 	EXP 	window1: blendMode = 'avg'
22.4645 	EXP 	window1: blendMode = 'avg'
22.4811 	EXP 	window1: blendMode = 'avg'
22.4979 	EXP 	window1: blendMode = 'avg'
22.5143 	EXP 	window1: blendMode = 'avg'
22.5341 	EXP 	window1: blendMode = 'avg'
22.5476 	EXP 	window1: blendMode = 'avg'
22.5645 	EXP 	window1: blendMode = 'avg'
22.5812 	EXP 	window1: blendMode = 'avg'
22.5978 	EXP 	window1: blendMode = 'avg'
22.6145 	EXP 	window1: blendMode = 'avg'
22.6313 	EXP 	window1: blendMode = 'avg'
22.6478 	EXP 	window1: blendMode = 'avg'
22.6646 	EXP 	window1: blendMode = 'avg'
22.6811 	EXP 	window1: blendMode = 'avg'
22.6979 	EXP 	window1: blendMode = 'avg'
22.7143 	EXP 	window1: blendMode = 'avg'
22.7311 	EXP 	window1: blendMode = 'avg'
22.7478 	EXP 	window1: blendMode = 'avg'
22.7645 	EXP 	window1: blendMode = 'avg'
22.7812 	EXP 	window1: blendMode = 'avg'
22.7979 	EXP 	window1: blendMode = 'avg'
22.8144 	EXP 	window1: blendMode = 'avg'
22.8310 	EXP 	window1: blendMode = 'avg'
22.8477 	EXP 	window1: blendMode = 'avg'
22.8645 	EXP 	window1: blendMode = 'avg'
22.8812 	EXP 	window1: blendMode = 'avg'
22.8979 	EXP 	window1: blendMode = 'avg'
22.9144 	EXP 	window1: blendMode = 'avg'
22.9311 	EXP 	window1: blendMode = 'avg'
22.9478 	EXP 	window1: blendMode = 'avg'
22.9644 	EXP 	window1: blendMode = 'avg'
22.9812 	EXP 	window1: blendMode = 'avg'
22.9977 	EXP 	window1: blendMode = 'avg'
23.0144 	EXP 	window1: blendMode = 'avg'
23.0315 	EXP 	window1: blendMode = 'avg'
23.0476 	EXP 	window1: blendMode = 'avg'
23.0644 	EXP 	window1: blendMode = 'avg'
23.0810 	EXP 	window1: blendMode = 'avg'
23.0978 	EXP 	window1: blendMode = 'avg'
23.1144 	EXP 	window1: blendMode = 'avg'
23.1309 	EXP 	window1: blendMode = 'avg'
23.1478 	EXP 	window1: blendMode = 'avg'
23.1645 	EXP 	window1: blendMode = 'avg'
23.1810 	EXP 	window1: blendMode = 'avg'
23.1977 	EXP 	window1: blendMode = 'avg'
23.2145 	EXP 	window1: blendMode = 'avg'
23.2311 	EXP 	window1: blendMode = 'avg'
23.2477 	EXP 	window1: blendMode = 'avg'
23.2645 	EXP 	window1: blendMode = 'avg'
23.2810 	EXP 	window1: blendMode = 'avg'
23.2977 	EXP 	window1: blendMode = 'avg'
23.3144 	EXP 	window1: blendMode = 'avg'
23.3312 	EXP 	window1: blendMode = 'avg'
23.3478 	EXP 	window1: blendMode = 'avg'
23.3645 	EXP 	window1: blendMode = 'avg'
23.3799 	EXP 	window1: blendMode = 'avg'
23.3976 	EXP 	window1: blendMode = 'avg'
23.4143 	EXP 	window1: blendMode = 'avg'
23.4311 	EXP 	window1: blendMode = 'avg'
23.4478 	EXP 	window1: blendMode = 'avg'
23.4643 	EXP 	window1: blendMode = 'avg'
23.4812 	EXP 	window1: blendMode = 'avg'
23.4977 	EXP 	window1: blendMode = 'avg'
23.5144 	EXP 	window1: blendMode = 'avg'
23.5312 	EXP 	window1: blendMode = 'avg'
23.5478 	EXP 	window1: blendMode = 'avg'
23.5646 	EXP 	window1: blendMode = 'avg'
23.5811 	EXP 	window1: blendMode = 'avg'
23.5978 	EXP 	window1: blendMode = 'avg'
23.6143 	EXP 	window1: blendMode = 'avg'
23.6314 	EXP 	window1: blendMode = 'avg'
23.6476 	EXP 	window1: blendMode = 'avg'
23.6645 	EXP 	window1: blendMode = 'avg'
23.6812 	EXP 	window1: blendMode = 'avg'
23.6979 	EXP 	window1: blendMode = 'avg'
23.7143 	EXP 	window1: blendMode = 'avg'
23.7312 	EXP 	window1: blendMode = 'avg'
23.7477 	EXP 	window1: blendMode = 'avg'
23.7644 	EXP 	window1: blendMode = 'avg'
23.7811 	EXP 	window1: blendMode = 'avg'
23.7978 	EXP 	window1: blendMode = 'avg'
23.8144 	EXP 	window1: blendMode = 'avg'
23.8310 	EXP 	window1: blendMode = 'avg'
23.8477 	EXP 	window1: blendMode = 'avg'
23.8644 	EXP 	window1: blendMode = 'avg'
23.8812 	EXP 	window1: blendMode = 'avg'
23.8977 	EXP 	window1: blendMode = 'avg'
23.9145 	EXP 	window1: blendMode = 'avg'
23.9312 	EXP 	window1: blendMode = 'avg'
23.9477 	EXP 	window1: blendMode = 'avg'
23.9644 	EXP 	window1: blendMode = 'avg'
23.9811 	EXP 	window1: blendMode = 'avg'
23.9978 	EXP 	window1: blendMode = 'avg'
24.0145 	EXP 	window1: blendMode = 'avg'
24.0311 	EXP 	window1: blendMode = 'avg'
24.0478 	EXP 	window1: blendMode = 'avg'
24.0645 	EXP 	window1: blendMode = 'avg'
24.0811 	EXP 	window1: blendMode = 'avg'
24.0978 	EXP 	window1: blendMode = 'avg'
24.1145 	EXP 	window1: blendMode = 'avg'
24.1312 	EXP 	window1: blendMode = 'avg'
24.1478 	EXP 	window1: blendMode = 'avg'
24.1645 	EXP 	window1: blendMode = 'avg'
24.1810 	EXP 	window1: blendMode = 'avg'
24.1979 	EXP 	window1: blendMode = 'avg'
24.2144 	EXP 	window1: blendMode = 'avg'
24.2310 	EXP 	window1: blendMode = 'avg'
24.2477 	EXP 	window1: blendMode = 'avg'
24.2646 	EXP 	window1: blendMode = 'avg'
24.2811 	EXP 	window1: blendMode = 'avg'
24.2977 	EXP 	window1: blendMode = 'avg'
24.3144 	EXP 	window1: blendMode = 'avg'
24.3312 	EXP 	window1: blendMode = 'avg'
24.3484 	EXP 	window1: blendMode = 'avg'
24.3641 	EXP 	window1: blendMode = 'avg'
24.3811 	EXP 	window1: blendMode = 'avg'
24.3978 	EXP 	window1: blendMode = 'avg'
24.4144 	EXP 	window1: blendMode = 'avg'
24.4312 	EXP 	window1: blendMode = 'avg'
24.4477 	EXP 	window1: blendMode = 'avg'
24.4646 	EXP 	window1: blendMode = 'avg'
24.4811 	EXP 	window1: blendMode = 'avg'
24.4978 	EXP 	window1: blendMode = 'avg'
24.5143 	EXP 	window1: blendMode = 'avg'
24.5310 	EXP 	window1: blendMode = 'avg'
24.5477 	EXP 	window1: blendMode = 'avg'
24.5644 	EXP 	window1: blendMode = 'avg'
24.5812 	EXP 	window1: blendMode = 'avg'
24.5977 	EXP 	window1: blendMode = 'avg'
24.6144 	EXP 	window1: blendMode = 'avg'
24.6312 	EXP 	window1: blendMode = 'avg'
24.6477 	EXP 	window1: blendMode = 'avg'
24.6644 	EXP 	window1: blendMode = 'avg'
24.6811 	EXP 	window1: blendMode = 'avg'
24.6977 	EXP 	window1: blendMode = 'avg'
24.7144 	EXP 	window1: blendMode = 'avg'
24.7312 	EXP 	window1: blendMode = 'avg'
24.7477 	EXP 	window1: blendMode = 'avg'
24.7643 	EXP 	window1: blendMode = 'avg'
24.7810 	EXP 	window1: blendMode = 'avg'
24.7978 	EXP 	window1: blendMode = 'avg'
24.8145 	EXP 	window1: blendMode = 'avg'
24.8311 	EXP 	window1: blendMode = 'avg'
24.8477 	EXP 	window1: blendMode = 'avg'
24.8645 	EXP 	window1: blendMode = 'avg'
24.8812 	EXP 	window1: blendMode = 'avg'
24.8977 	EXP 	window1: blendMode = 'avg'
24.9144 	EXP 	window1: blendMode = 'avg'
24.9311 	EXP 	window1: blendMode = 'avg'
24.9478 	EXP 	window1: blendMode = 'avg'
24.9645 	EXP 	window1: blendMode = 'avg'
24.9811 	EXP 	window1: blendMode = 'avg'
24.9978 	EXP 	window1: blendMode = 'avg'
25.0145 	EXP 	window1: blendMode = 'avg'
25.0317 	EXP 	window1: blendMode = 'avg'
25.0476 	EXP 	window1: blendMode = 'avg'
25.0644 	EXP 	window1: blendMode = 'avg'
25.0810 	EXP 	window1: blendMode = 'avg'
25.0978 	EXP 	window1: blendMode = 'avg'
25.1145 	EXP 	window1: blendMode = 'avg'
25.1312 	EXP 	window1: blendMode = 'avg'
25.1476 	EXP 	window1: blendMode = 'avg'
25.1644 	EXP 	window1: blendMode = 'avg'
25.1811 	EXP 	window1: blendMode = 'avg'
25.1978 	EXP 	window1: blendMode = 'avg'
25.2148 	EXP 	window1: blendMode = 'avg'
25.2309 	EXP 	window1: blendMode = 'avg'
25.2476 	EXP 	window1: blendMode = 'avg'
25.2643 	EXP 	window1: blendMode = 'avg'
25.2810 	EXP 	window1: blendMode = 'avg'
25.2978 	EXP 	window1: blendMode = 'avg'
25.3143 	EXP 	window1: blendMode = 'avg'
25.3310 	EXP 	window1: blendMode = 'avg'
25.3478 	EXP 	window1: blendMode = 'avg'
25.3643 	EXP 	window1: blendMode = 'avg'
25.3809 	EXP 	window1: blendMode = 'avg'
25.3977 	EXP 	window1: blendMode = 'avg'
25.4145 	EXP 	window1: blendMode = 'avg'
25.4310 	EXP 	window1: blendMode = 'avg'
25.4477 	EXP 	window1: blendMode = 'avg'
25.4645 	EXP 	window1: blendMode = 'avg'
25.4811 	EXP 	window1: blendMode = 'avg'
25.4978 	EXP 	window1: blendMode = 'avg'
25.5144 	EXP 	window1: blendMode = 'avg'
25.5310 	EXP 	window1: blendMode = 'avg'
25.5477 	EXP 	window1: blendMode = 'avg'
25.5644 	EXP 	window1: blendMode = 'avg'
25.5811 	EXP 	window1: blendMode = 'avg'
25.5978 	EXP 	window1: blendMode = 'avg'
25.6145 	EXP 	window1: blendMode = 'avg'
25.6311 	EXP 	window1: blendMode = 'avg'
25.6478 	EXP 	window1: blendMode = 'avg'
25.6645 	EXP 	window1: blendMode = 'avg'
25.6810 	EXP 	window1: blendMode = 'avg'
25.6977 	EXP 	window1: blendMode = 'avg'
25.7145 	EXP 	window1: blendMode = 'avg'
25.7308 	EXP 	window1: blendMode = 'avg'
25.7476 	EXP 	window1: blendMode = 'avg'
25.7647 	EXP 	window1: blendMode = 'avg'
25.7809 	EXP 	window1: blendMode = 'avg'
25.7976 	EXP 	window1: blendMode = 'avg'
25.8145 	EXP 	window1: blendMode = 'avg'
25.8312 	EXP 	window1: blendMode = 'avg'
25.8478 	EXP 	window1: blendMode = 'avg'
25.8644 	EXP 	window1: blendMode = 'avg'
25.8812 	EXP 	window1: blendMode = 'avg'
25.8977 	EXP 	window1: blendMode = 'avg'
25.9145 	EXP 	window1: blendMode = 'avg'
25.9309 	EXP 	window1: blendMode = 'avg'
25.9477 	EXP 	window1: blendMode = 'avg'
25.9643 	EXP 	window1: blendMode = 'avg'
25.9811 	EXP 	window1: blendMode = 'avg'
25.9977 	EXP 	window1: blendMode = 'avg'
26.0145 	EXP 	window1: blendMode = 'avg'
26.0319 	EXP 	window1: blendMode = 'avg'
26.0476 	EXP 	window1: blendMode = 'avg'
26.0644 	EXP 	window1: blendMode = 'avg'
26.0811 	EXP 	window1: blendMode = 'avg'
26.0978 	EXP 	window1: blendMode = 'avg'
26.1145 	EXP 	window1: blendMode = 'avg'
26.1311 	EXP 	window1: blendMode = 'avg'
26.1479 	EXP 	window1: blendMode = 'avg'
26.1644 	EXP 	window1: blendMode = 'avg'
26.1811 	EXP 	window1: blendMode = 'avg'
26.1978 	EXP 	window1: blendMode = 'avg'
26.2145 	EXP 	window1: blendMode = 'avg'
26.2311 	EXP 	window1: blendMode = 'avg'
26.2478 	EXP 	window1: blendMode = 'avg'
26.2645 	EXP 	window1: blendMode = 'avg'
26.2810 	EXP 	window1: blendMode = 'avg'
26.2977 	EXP 	window1: blendMode = 'avg'
26.3145 	EXP 	window1: blendMode = 'avg'
26.3310 	EXP 	window1: blendMode = 'avg'
26.3477 	EXP 	window1: blendMode = 'avg'
26.3643 	EXP 	window1: blendMode = 'avg'
26.3811 	EXP 	window1: blendMode = 'avg'
26.3974 	EXP 	window1: blendMode = 'avg'
26.4143 	EXP 	window1: blendMode = 'avg'
26.4311 	EXP 	window1: blendMode = 'avg'
26.4478 	EXP 	window1: blendMode = 'avg'
26.4643 	EXP 	window1: blendMode = 'avg'
26.4810 	EXP 	window1: blendMode = 'avg'
26.4978 	EXP 	window1: blendMode = 'avg'
26.5145 	EXP 	window1: blendMode = 'avg'
26.5311 	EXP 	window1: blendMode = 'avg'
26.5478 	EXP 	window1: blendMode = 'avg'
26.5645 	EXP 	window1: blendMode = 'avg'
26.5810 	EXP 	window1: blendMode = 'avg'
26.5976 	EXP 	window1: blendMode = 'avg'
26.6144 	EXP 	window1: blendMode = 'avg'
26.6311 	EXP 	window1: blendMode = 'avg'
26.6476 	EXP 	window1: blendMode = 'avg'
26.6644 	EXP 	window1: blendMode = 'avg'
26.6811 	EXP 	window1: blendMode = 'avg'
26.6977 	EXP 	window1: blendMode = 'avg'
26.7144 	EXP 	window1: blendMode = 'avg'
26.7311 	EXP 	window1: blendMode = 'avg'
26.7478 	EXP 	window1: blendMode = 'avg'
26.7644 	EXP 	window1: blendMode = 'avg'
26.7811 	EXP 	window1: blendMode = 'avg'
26.7977 	EXP 	window1: blendMode = 'avg'
26.8143 	EXP 	window1: blendMode = 'avg'
26.8311 	EXP 	window1: blendMode = 'avg'
26.8478 	EXP 	window1: blendMode = 'avg'
26.8644 	EXP 	window1: blendMode = 'avg'
26.8811 	EXP 	window1: blendMode = 'avg'
26.8980 	EXP 	window1: blendMode = 'avg'
26.9142 	EXP 	window1: blendMode = 'avg'
26.9309 	EXP 	window1: blendMode = 'avg'
26.9478 	EXP 	window1: blendMode = 'avg'
26.9645 	EXP 	window1: blendMode = 'avg'
26.9810 	EXP 	window1: blendMode = 'avg'
26.9977 	EXP 	window1: blendMode = 'avg'
27.0143 	EXP 	window1: blendMode = 'avg'
27.0310 	EXP 	window1: blendMode = 'avg'
27.0477 	EXP 	window1: blendMode = 'avg'
27.0644 	EXP 	window1: blendMode = 'avg'
27.0811 	EXP 	window1: blendMode = 'avg'
27.0977 	EXP 	window1: blendMode = 'avg'
27.1144 	EXP 	window1: blendMode = 'avg'
27.1311 	EXP 	window1: blendMode = 'avg'
27.1478 	EXP 	window1: blendMode = 'avg'
27.1644 	EXP 	window1: blendMode = 'avg'
27.1806 	EXP 	window1: blendMode = 'avg'
27.1977 	EXP 	window1: blendMode = 'avg'
27.2144 	EXP 	window1: blendMode = 'avg'
27.2311 	EXP 	window1: blendMode = 'avg'
27.2476 	EXP 	window1: blendMode = 'avg'
27.2644 	EXP 	window1: blendMode = 'avg'
27.2810 	EXP 	window1: blendMode = 'avg'
27.2978 	EXP 	window1: blendMode = 'avg'
27.3144 	EXP 	window1: blendMode = 'avg'
27.3312 	EXP 	window1: blendMode = 'avg'
27.3477 	EXP 	window1: blendMode = 'avg'
27.3643 	EXP 	window1: blendMode = 'avg'
27.3811 	EXP 	window1: blendMode = 'avg'
27.3976 	EXP 	window1: blendMode = 'avg'
27.4144 	EXP 	window1: blendMode = 'avg'
27.4311 	EXP 	window1: blendMode = 'avg'
27.4478 	EXP 	window1: blendMode = 'avg'
27.4645 	EXP 	window1: blendMode = 'avg'
27.4811 	EXP 	window1: blendMode = 'avg'
27.4983 	EXP 	window1: blendMode = 'avg'
27.5142 	EXP 	window1: blendMode = 'avg'
27.5309 	EXP 	window1: blendMode = 'avg'
27.5476 	EXP 	window1: blendMode = 'avg'
27.5643 	EXP 	window1: blendMode = 'avg'
27.5811 	EXP 	window1: blendMode = 'avg'
27.5976 	EXP 	window1: blendMode = 'avg'
27.6143 	EXP 	window1: blendMode = 'avg'
27.6314 	EXP 	window1: blendMode = 'avg'
27.6500 	DATA 	Keypress: space
27.6594 	EXP 	Imported Book.xlsx as conditions, 44 conditions, 7 params
27.6598 	EXP 	Created sequence: random, trialTypes=44, nReps=1, seed=None
27.6603 	EXP 	New trial (rep=0, index=0): {'YLeftPos': 0, 'time_presentation': 0.5, 'XLeftPos': -300, 'XRightPos': 300, 'rightimg': u'frogs/ab68.jpg', 'YRightPos': 0, 'leftimg': u'frogs/ab28.jpg'}
27.7468 	EXP 	text_2: autoDraw = False
27.7468 	EXP 	Leftimg: pos = array([-300.,    0.])
27.7468 	EXP 	Leftimg: image = u'frogs/ab28.jpg'
27.7468 	EXP 	Rightimg: pos = array([ 300.,    0.])
27.7468 	EXP 	Rightimg: image = u'frogs/ab68.jpg'
27.7468 	EXP 	Leftimg: autoDraw = True
27.7468 	EXP 	Rightimg: autoDraw = True
28.1801 	EXP 	Leftimg: autoDraw = False
28.1801 	EXP 	Rightimg: autoDraw = False
29.0147 	DATA 	Keypress: left
29.0158 	EXP 	New trial (rep=0, index=1): {'YLeftPos': 0, 'time_presentation': 0.5, 'XLeftPos': -300, 'XRightPos': 300, 'rightimg': u'frogs/ab54.jpg', 'YRightPos': 0, 'leftimg': u'frogs/ab14.jpg'}
29.0631 	EXP 	Leftimg: autoDraw = False
29.0631 	EXP 	Rightimg: autoDraw = False
29.0631 	EXP 	text: autoDraw = False
29.0631 	EXP 	Leftimg: pos = array([-300.,    0.])
29.0631 	EXP 	Leftimg: image = u'frogs/ab14.jpg'
29.0631 	EXP 	Rightimg: pos = array([ 300.,    0.])
29.0631 	EXP 	Rightimg: image = u'frogs/ab54.jpg'
29.0631 	EXP 	Leftimg: autoDraw = True
29.0631 	EXP 	Rightimg: autoDraw = True
29.5300 	EXP 	Leftimg: autoDraw = False
29.5300 	EXP 	Rightimg: autoDraw = False
31.5309 	EXP 	window1: blendMode = 'avg'
31.5466 	EXP 	text: autoDraw = True
31.5475 	EXP 	window1: blendMode = 'avg'
31.5644 	EXP 	window1: blendMode = 'avg'
31.5810 	EXP 	window1: blendMode = 'avg'
31.5977 	EXP 	window1: blendMode = 'avg'
31.6144 	EXP 	window1: blendMode = 'avg'
31.6311 	EXP 	window1: blendMode = 'avg'
31.6477 	EXP 	window1: blendMode = 'avg'
31.6645 	EXP 	window1: blendMode = 'avg'
31.6810 	EXP 	window1: blendMode = 'avg'
31.6977 	EXP 	window1: blendMode = 'avg'
31.7142 	EXP 	window1: blendMode = 'avg'
31.7306 	EXP 	window1: blendMode = 'avg'
31.7475 	EXP 	window1: blendMode = 'avg'
31.7644 	EXP 	window1: blendMode = 'avg'
31.7810 	EXP 	window1: blendMode = 'avg'
31.7977 	EXP 	window1: blendMode = 'avg'
31.8142 	EXP 	window1: blendMode = 'avg'
31.8311 	EXP 	window1: blendMode = 'avg'
31.8477 	EXP 	window1: blendMode = 'avg'
31.8644 	EXP 	window1: blendMode = 'avg'
31.8810 	EXP 	window1: blendMode = 'avg'
31.8976 	EXP 	window1: blendMode = 'avg'
31.9143 	EXP 	window1: blendMode = 'avg'
31.9311 	EXP 	window1: blendMode = 'avg'
31.9476 	EXP 	window1: blendMode = 'avg'
31.9644 	EXP 	window1: blendMode = 'avg'
31.9810 	EXP 	window1: blendMode = 'avg'
31.9977 	EXP 	window1: blendMode = 'avg'
32.0142 	EXP 	window1: blendMode = 'avg'
32.0306 	EXP 	window1: blendMode = 'avg'
32.0475 	EXP 	window1: blendMode = 'avg'
32.0644 	EXP 	window1: blendMode = 'avg'
32.0810 	EXP 	window1: blendMode = 'avg'
32.0977 	EXP 	window1: blendMode = 'avg'
32.1143 	EXP 	window1: blendMode = 'avg'
32.1313 	EXP 	window1: blendMode = 'avg'
32.1475 	EXP 	window1: blendMode = 'avg'
32.1642 	EXP 	window1: blendMode = 'avg'
32.1809 	EXP 	window1: blendMode = 'avg'
32.1976 	EXP 	window1: blendMode = 'avg'
32.2144 	EXP 	window1: blendMode = 'avg'
32.2309 	EXP 	window1: blendMode = 'avg'
32.2477 	EXP 	window1: blendMode = 'avg'
32.2644 	EXP 	window1: blendMode = 'avg'
32.2810 	EXP 	window1: blendMode = 'avg'
32.2978 	EXP 	window1: blendMode = 'avg'
32.3143 	EXP 	window1: blendMode = 'avg'
32.3310 	EXP 	window1: blendMode = 'avg'
32.3477 	EXP 	window1: blendMode = 'avg'
32.3642 	EXP 	window1: blendMode = 'avg'
32.3809 	EXP 	window1: blendMode = 'avg'
32.3977 	EXP 	window1: blendMode = 'avg'
32.4142 	EXP 	window1: blendMode = 'avg'
32.4313 	EXP 	window1: blendMode = 'avg'
32.4475 	EXP 	window1: blendMode = 'avg'
32.4642 	EXP 	window1: blendMode = 'avg'
32.4810 	EXP 	window1: blendMode = 'avg'
32.4970 	EXP 	window1: blendMode = 'avg'
32.5141 	EXP 	window1: blendMode = 'avg'
32.5309 	EXP 	window1: blendMode = 'avg'
32.5476 	EXP 	window1: blendMode = 'avg'
32.5644 	EXP 	window1: blendMode = 'avg'
32.5809 	EXP 	window1: blendMode = 'avg'
32.5976 	EXP 	window1: blendMode = 'avg'
32.6144 	EXP 	window1: blendMode = 'avg'
32.6308 	EXP 	window1: blendMode = 'avg'
32.6475 	EXP 	window1: blendMode = 'avg'
32.6647 	DATA 	Keypress: space
32.6656 	EXP 	New trial (rep=0, index=2): {'YLeftPos': 0, 'time_presentation': 0.5, 'XLeftPos': -300, 'XRightPos': 300, 'rightimg': u'frogs/ab52.jpg', 'YRightPos': 0, 'leftimg': u'frogs/ab12.jpg'}
32.6796 	EXP 	Leftimg: autoDraw = False
32.6796 	EXP 	Rightimg: autoDraw = False
32.6796 	EXP 	text: autoDraw = False
32.6796 	EXP 	Leftimg: pos = array([-300.,    0.])
32.6796 	EXP 	Leftimg: image = u'frogs/ab12.jpg'
32.6796 	EXP 	Rightimg: pos = array([ 300.,    0.])
32.6796 	EXP 	Rightimg: image = u'frogs/ab52.jpg'
32.6796 	EXP 	Leftimg: autoDraw = True
32.6796 	EXP 	Rightimg: autoDraw = True
33.1797 	EXP 	Leftimg: autoDraw = False
33.1797 	EXP 	Rightimg: autoDraw = False
33.1814 	DATA 	Keypress: right
33.1827 	EXP 	New trial (rep=0, index=3): {'YLeftPos': 0, 'time_presentation': 0.5, 'XLeftPos': -300, 'XRightPos': 300, 'rightimg': u'frogs/ab80.jpg', 'YRightPos': 0, 'leftimg': u'frogs/ab40.jpg'}
33.2131 	EXP 	Leftimg: autoDraw = False
33.2131 	EXP 	Rightimg: autoDraw = False
33.2131 	EXP 	text: autoDraw = False
33.2131 	EXP 	Leftimg: pos = array([-300.,    0.])
33.2131 	EXP 	Leftimg: image = u'frogs/ab40.jpg'
33.2131 	EXP 	Rightimg: pos = array([ 300.,    0.])
33.2131 	EXP 	Rightimg: image = u'frogs/ab80.jpg'
33.2131 	EXP 	Leftimg: autoDraw = True
33.2131 	EXP 	Rightimg: autoDraw = True
33.6965 	EXP 	Leftimg: autoDraw = False
33.6965 	EXP 	Rightimg: autoDraw = False
33.8650 	DATA 	Keypress: right
33.8662 	EXP 	New trial (rep=0, index=4): {'YLeftPos': 0, 'time_presentation': 0.5, 'XLeftPos': -300, 'XRightPos': 300, 'rightimg': u'frogs/ab76.jpg', 'YRightPos': 0, 'leftimg': u'frogs/ab36.jpg'}
33.9132 	EXP 	Leftimg: autoDraw = False
33.9132 	EXP 	Rightimg: autoDraw = False
33.9132 	EXP 	text: autoDraw = False
33.9132 	EXP 	Leftimg: pos = array([-300.,    0.])
33.9132 	EXP 	Leftimg: image = u'frogs/ab36.jpg'
33.9132 	EXP 	Rightimg: pos = array([ 300.,    0.])
33.9132 	EXP 	Rightimg: image = u'frogs/ab76.jpg'
33.9132 	EXP 	Leftimg: autoDraw = True
33.9132 	EXP 	Rightimg: autoDraw = True
34.3801 	EXP 	Leftimg: autoDraw = False
34.3801 	EXP 	Rightimg: autoDraw = False
34.6151 	DATA 	Keypress: left
34.6162 	EXP 	New trial (rep=0, index=5): {'YLeftPos': 0, 'time_presentation': 0.5, 'XLeftPos': -300, 'XRightPos': 300, 'rightimg': u'frogs/ab43.jpg', 'YRightPos': 0, 'leftimg': u'frogs/ab3.jpg'}
34.6632 	EXP 	Leftimg: autoDraw = False
34.6632 	EXP 	Rightimg: autoDraw = False
34.6632 	EXP 	text: autoDraw = False
34.6632 	EXP 	Leftimg: pos = array([-300.,    0.])
34.6632 	EXP 	Leftimg: image = u'frogs/ab3.jpg'
34.6632 	EXP 	Rightimg: pos = array([ 300.,    0.])
34.6632 	EXP 	Rightimg: image = u'frogs/ab43.jpg'
34.6632 	EXP 	Leftimg: autoDraw = True
34.6632 	EXP 	Rightimg: autoDraw = True
35.1299 	EXP 	Leftimg: autoDraw = False
35.1299 	EXP 	Rightimg: autoDraw = False
35.2822 	DATA 	Keypress: left
35.2832 	EXP 	New trial (rep=0, index=6): {'YLeftPos': 0, 'time_presentation': 0.5, 'XLeftPos': -300, 'XRightPos': 300, 'rightimg': u'frogs/ab51.jpg', 'YRightPos': 0, 'leftimg': u'frogs/ab11.jpg'}
35.3627 	EXP 	Leftimg: autoDraw = False
35.3627 	EXP 	Rightimg: autoDraw = False
35.3627 	EXP 	text: autoDraw = False
35.3627 	EXP 	Leftimg: pos = array([-300.,    0.])
35.3627 	EXP 	Leftimg: image = u'frogs/ab11.jpg'
35.3627 	EXP 	Rightimg: pos = array([ 300.,    0.])
35.3627 	EXP 	Rightimg: image = u'frogs/ab51.jpg'
35.3627 	EXP 	Leftimg: autoDraw = True
35.3627 	EXP 	Rightimg: autoDraw = True
35.7966 	EXP 	Leftimg: autoDraw = False
35.7966 	EXP 	Rightimg: autoDraw = False
35.9651 	DATA 	Keypress: left
35.9662 	EXP 	New trial (rep=0, index=7): {'YLeftPos': 0, 'time_presentation': 0.5, 'XLeftPos': -300, 'XRightPos': 300, 'rightimg': u'frogs/ab65.jpg', 'YRightPos': 0, 'leftimg': u'frogs/ab25.jpg'}
36.0298 	EXP 	Leftimg: autoDraw = False
36.0298 	EXP 	Rightimg: autoDraw = False
36.0298 	EXP 	text: autoDraw = False
36.0298 	EXP 	Leftimg: pos = array([-300.,    0.])
36.0298 	EXP 	Leftimg: image = u'frogs/ab25.jpg'
36.0298 	EXP 	Rightimg: pos = array([ 300.,    0.])
36.0298 	EXP 	Rightimg: image = u'frogs/ab65.jpg'
36.0298 	EXP 	Leftimg: autoDraw = True
36.0298 	EXP 	Rightimg: autoDraw = True
36.4799 	EXP 	Leftimg: autoDraw = False
36.4799 	EXP 	Rightimg: autoDraw = False
36.5314 	DATA 	Keypress: right
36.5327 	EXP 	New trial (rep=0, index=8): {'YLeftPos': 0, 'time_presentation': 0.5, 'XLeftPos': -300, 'XRightPos': 300, 'rightimg': u'frogs/ab61.jpg', 'YRightPos': 0, 'leftimg': u'frogs/ab21.jpg'}
36.5622 	EXP 	Leftimg: autoDraw = False
36.5622 	EXP 	Rightimg: autoDraw = False
36.5622 	EXP 	text: autoDraw = False
36.5622 	EXP 	Leftimg: pos = array([-300.,    0.])
36.5622 	EXP 	Leftimg: image = u'frogs/ab21.jpg'
36.5622 	EXP 	Rightimg: pos = array([ 300.,    0.])
36.5622 	EXP 	Rightimg: image = u'frogs/ab61.jpg'
36.5622 	EXP 	Leftimg: autoDraw = True
36.5622 	EXP 	Rightimg: autoDraw = True
37.0463 	EXP 	Leftimg: autoDraw = False
37.0463 	EXP 	Rightimg: autoDraw = False
37.0982 	DATA 	Keypress: right
37.0993 	EXP 	New trial (rep=0, index=9): {'YLeftPos': 0, 'time_presentation': 0.5, 'XLeftPos': -300, 'XRightPos': 300, 'rightimg': u'frogs/ab50.jpg', 'YRightPos': 0, 'leftimg': u'frogs/ab10.jpg'}
37.1630 	EXP 	Leftimg: autoDraw = False
37.1630 	EXP 	Rightimg: autoDraw = False
37.1630 	EXP 	text: autoDraw = False
37.1630 	EXP 	Leftimg: pos = array([-300.,    0.])
37.1630 	EXP 	Leftimg: image = u'frogs/ab10.jpg'
37.1630 	EXP 	Rightimg: pos = array([ 300.,    0.])
37.1630 	EXP 	Rightimg: image = u'frogs/ab50.jpg'
37.1630 	EXP 	Leftimg: autoDraw = True
37.1630 	EXP 	Rightimg: autoDraw = True
37.6132 	EXP 	Leftimg: autoDraw = False
37.6132 	EXP 	Rightimg: autoDraw = False
37.6488 	DATA 	Keypress: left
37.6646 	EXP 	New trial (rep=0, index=10): {'YLeftPos': 0, 'time_presentation': 0.5, 'XLeftPos': -300, 'XRightPos': 300, 'rightimg': u'frogs/ab56.jpg', 'YRightPos': 0, 'leftimg': u'frogs/ab16.jpg'}
37.9296 	EXP 	Leftimg: autoDraw = False
37.9296 	EXP 	Rightimg: autoDraw = False
37.9296 	EXP 	text: autoDraw = False
37.9296 	EXP 	Leftimg: pos = array([-300.,    0.])
37.9296 	EXP 	Leftimg: image = u'frogs/ab16.jpg'
37.9296 	EXP 	Rightimg: pos = array([ 300.,    0.])
37.9296 	EXP 	Rightimg: image = u'frogs/ab56.jpg'
37.9296 	EXP 	Leftimg: autoDraw = True
37.9296 	EXP 	Rightimg: autoDraw = True
38.1796 	EXP 	Leftimg: autoDraw = False
38.1796 	EXP 	Rightimg: autoDraw = False
38.3650 	DATA 	Keypress: right
38.3662 	EXP 	New trial (rep=0, index=11): {'YLeftPos': 0, 'time_presentation': 0.5, 'XLeftPos': -300, 'XRightPos': 300, 'rightimg': u'frogs/ab57.jpg', 'YRightPos': 0, 'leftimg': u'frogs/ab17.jpg'}
38.4798 	EXP 	Leftimg: autoDraw = False
38.4798 	EXP 	Rightimg: autoDraw = False
38.4798 	EXP 	text: autoDraw = False
38.4798 	EXP 	Leftimg: pos = array([-300.,    0.])
38.4798 	EXP 	Leftimg: image = u'frogs/ab17.jpg'
38.4798 	EXP 	Rightimg: pos = array([ 300.,    0.])
38.4798 	EXP 	Rightimg: image = u'frogs/ab57.jpg'
38.4798 	EXP 	Leftimg: autoDraw = True
38.4798 	EXP 	Rightimg: autoDraw = True
38.8798 	EXP 	Leftimg: autoDraw = False
38.8798 	EXP 	Rightimg: autoDraw = False
38.9476 	DATA 	Keypress: left
38.9487 	EXP 	New trial (rep=0, index=12): {'YLeftPos': 0, 'time_presentation': 0.5, 'XLeftPos': -300, 'XRightPos': 300, 'rightimg': u'2.jpg', 'YRightPos': 0, 'leftimg': u'4.jpg'}
38.9791 	EXP 	Leftimg: autoDraw = False
38.9791 	EXP 	Rightimg: autoDraw = False
38.9791 	EXP 	text: autoDraw = False
38.9791 	EXP 	Leftimg: pos = array([-300.,    0.])
38.9791 	EXP 	Leftimg: image = u'4.jpg'
38.9791 	EXP 	Rightimg: pos = array([ 300.,    0.])
38.9791 	EXP 	Rightimg: image = u'2.jpg'
38.9791 	EXP 	Leftimg: autoDraw = True
38.9791 	EXP 	Rightimg: autoDraw = True
39.4632 	EXP 	Leftimg: autoDraw = False
39.4632 	EXP 	Rightimg: autoDraw = False
39.6650 	DATA 	Keypress: left
39.6662 	EXP 	New trial (rep=0, index=13): {'YLeftPos': 0, 'time_presentation': 0.5, 'XLeftPos': -300, 'XRightPos': 300, 'rightimg': u'frogs/ab42.jpg', 'YRightPos': 0, 'leftimg': u'frogs/ab2.jpg'}
39.9801 	EXP 	Leftimg: autoDraw = False
39.9801 	EXP 	Rightimg: autoDraw = False
39.9801 	EXP 	text: autoDraw = False
39.9801 	EXP 	Leftimg: pos = array([-300.,    0.])
39.9801 	EXP 	Leftimg: image = u'frogs/ab2.jpg'
39.9801 	EXP 	Rightimg: pos = array([ 300.,    0.])
39.9801 	EXP 	Rightimg: image = u'frogs/ab42.jpg'
39.9801 	EXP 	Leftimg: autoDraw = True
39.9801 	EXP 	Rightimg: autoDraw = True
40.1798 	EXP 	Leftimg: autoDraw = False
40.1798 	EXP 	Rightimg: autoDraw = False
40.5482 	DATA 	Keypress: left
40.5493 	EXP 	New trial (rep=0, index=14): {'YLeftPos': 0, 'time_presentation': 0.5, 'XLeftPos': -300, 'XRightPos': 300, 'rightimg': u'frogs/ab73.jpg', 'YRightPos': 0, 'leftimg': u'frogs/ab33.jpg'}
40.6627 	EXP 	Leftimg: autoDraw = False
40.6627 	EXP 	Rightimg: autoDraw = False
40.6627 	EXP 	text: autoDraw = False
40.6627 	EXP 	Leftimg: pos = array([-300.,    0.])
40.6627 	EXP 	Leftimg: image = u'frogs/ab33.jpg'
40.6627 	EXP 	Rightimg: pos = array([ 300.,    0.])
40.6627 	EXP 	Rightimg: image = u'frogs/ab73.jpg'
40.6627 	EXP 	Leftimg: autoDraw = True
40.6627 	EXP 	Rightimg: autoDraw = True
41.0153 	DATA 	Keypress: right
41.0308 	EXP 	New trial (rep=0, index=15): {'YLeftPos': 0, 'time_presentation': 0.5, 'XLeftPos': -300, 'XRightPos': 300, 'rightimg': u'frogs/ab47.jpg', 'YRightPos': 0, 'leftimg': u'frogs/ab7.jpg'}
41.3791 	EXP 	Leftimg: autoDraw = False
41.3791 	EXP 	Rightimg: autoDraw = False
41.3791 	EXP 	text: autoDraw = False
41.3791 	EXP 	Leftimg: pos = array([-300.,    0.])
41.3791 	EXP 	Leftimg: image = u'frogs/ab7.jpg'
41.3791 	EXP 	Rightimg: pos = array([ 300.,    0.])
41.3791 	EXP 	Rightimg: image = u'frogs/ab47.jpg'
41.3791 	EXP 	Leftimg: autoDraw = True
41.3791 	EXP 	Rightimg: autoDraw = True
41.5463 	EXP 	Leftimg: autoDraw = False
41.5463 	EXP 	Rightimg: autoDraw = False
42.0659 	DATA 	Keypress: right
42.0811 	EXP 	New trial (rep=0, index=16): {'YLeftPos': 0, 'time_presentation': 0.5, 'XLeftPos': -300, 'XRightPos': 300, 'rightimg': u'frogs/ab46.jpg', 'YRightPos': 0, 'leftimg': u'frogs/ab6.jpg'}
42.1807 	EXP 	Leftimg: autoDraw = False
42.1807 	EXP 	Rightimg: autoDraw = False
42.1807 	EXP 	text: autoDraw = False
42.1807 	EXP 	Leftimg: pos = array([-300.,    0.])
42.1807 	EXP 	Leftimg: image = u'frogs/ab6.jpg'
42.1807 	EXP 	Rightimg: pos = array([ 300.,    0.])
42.1807 	EXP 	Rightimg: image = u'frogs/ab46.jpg'
42.1807 	EXP 	Leftimg: autoDraw = True
42.1807 	EXP 	Rightimg: autoDraw = True
42.5965 	EXP 	Leftimg: autoDraw = False
42.5965 	EXP 	Rightimg: autoDraw = False
42.6815 	DATA 	Keypress: left
42.6826 	EXP 	New trial (rep=0, index=17): {'YLeftPos': 0, 'time_presentation': 0.5, 'XLeftPos': -300, 'XRightPos': 300, 'rightimg': u'frogs/ab64.jpg', 'YRightPos': 0, 'leftimg': u'frogs/ab24.jpg'}
42.7130 	EXP 	Leftimg: autoDraw = False
42.7130 	EXP 	Rightimg: autoDraw = False
42.7130 	EXP 	text: autoDraw = False
42.7130 	EXP 	Leftimg: pos = array([-300.,    0.])
42.7130 	EXP 	Leftimg: image = u'frogs/ab24.jpg'
42.7130 	EXP 	Rightimg: pos = array([ 300.,    0.])
42.7130 	EXP 	Rightimg: image = u'frogs/ab64.jpg'
42.7130 	EXP 	Leftimg: autoDraw = True
42.7130 	EXP 	Rightimg: autoDraw = True
43.1965 	EXP 	Leftimg: autoDraw = False
43.1965 	EXP 	Rightimg: autoDraw = False
43.4489 	DATA 	Keypress: right
43.4505 	EXP 	New trial (rep=0, index=18): {'YLeftPos': 0, 'time_presentation': 0.5, 'XLeftPos': -300, 'XRightPos': 300, 'rightimg': u'frogs/ab41.jpg', 'YRightPos': 0, 'leftimg': u'frogs/ab1.jpg'}
43.4630 	EXP 	Leftimg: autoDraw = False
43.4630 	EXP 	Rightimg: autoDraw = False
43.4630 	EXP 	text: autoDraw = False
43.4630 	EXP 	Leftimg: pos = array([-300.,    0.])
43.4630 	EXP 	Leftimg: image = u'frogs/ab1.jpg'
43.4630 	EXP 	Rightimg: pos = array([ 300.,    0.])
43.4630 	EXP 	Rightimg: image = u'frogs/ab41.jpg'
43.4630 	EXP 	Leftimg: autoDraw = True
43.4630 	EXP 	Rightimg: autoDraw = True
43.9631 	EXP 	Leftimg: autoDraw = False
43.9631 	EXP 	Rightimg: autoDraw = False
45.9640 	EXP 	window1: blendMode = 'avg'
45.9800 	EXP 	text: autoDraw = True
45.9809 	EXP 	window1: blendMode = 'avg'
45.9975 	EXP 	window1: blendMode = 'avg'
46.0142 	EXP 	window1: blendMode = 'avg'
46.0307 	EXP 	window1: blendMode = 'avg'
46.0474 	EXP 	window1: blendMode = 'avg'
46.0641 	EXP 	window1: blendMode = 'avg'
46.0802 	EXP 	window1: blendMode = 'avg'
46.0973 	EXP 	window1: blendMode = 'avg'
46.1142 	EXP 	window1: blendMode = 'avg'
46.1308 	EXP 	window1: blendMode = 'avg'
46.1476 	EXP 	window1: blendMode = 'avg'
46.1642 	EXP 	window1: blendMode = 'avg'
46.1809 	EXP 	window1: blendMode = 'avg'
46.1974 	EXP 	window1: blendMode = 'avg'
46.2142 	EXP 	window1: blendMode = 'avg'
46.2307 	EXP 	window1: blendMode = 'avg'
46.2474 	EXP 	window1: blendMode = 'avg'
46.2641 	EXP 	window1: blendMode = 'avg'
46.2808 	EXP 	window1: blendMode = 'avg'
46.2977 	EXP 	window1: blendMode = 'avg'
46.3137 	EXP 	window1: blendMode = 'avg'
46.3306 	EXP 	window1: blendMode = 'avg'
46.3475 	EXP 	window1: blendMode = 'avg'
46.3642 	EXP 	window1: blendMode = 'avg'
46.3807 	EXP 	window1: blendMode = 'avg'
46.3974 	EXP 	window1: blendMode = 'avg'
46.4139 	EXP 	window1: blendMode = 'avg'
46.4303 	EXP 	window1: blendMode = 'avg'
46.4470 	EXP 	window1: blendMode = 'avg'
46.4637 	EXP 	window1: blendMode = 'avg'
46.4806 	EXP 	window1: blendMode = 'avg'
46.4975 	EXP 	window1: blendMode = 'avg'
46.5141 	EXP 	window1: blendMode = 'avg'
46.5308 	EXP 	window1: blendMode = 'avg'
46.5475 	EXP 	window1: blendMode = 'avg'
46.5641 	EXP 	window1: blendMode = 'avg'
46.5806 	EXP 	window1: blendMode = 'avg'
46.5975 	EXP 	window1: blendMode = 'avg'
46.6142 	EXP 	window1: blendMode = 'avg'
46.6307 	EXP 	window1: blendMode = 'avg'
46.6476 	EXP 	window1: blendMode = 'avg'
46.6641 	EXP 	window1: blendMode = 'avg'
46.6808 	EXP 	window1: blendMode = 'avg'
46.6975 	EXP 	window1: blendMode = 'avg'
46.7141 	EXP 	window1: blendMode = 'avg'
46.7308 	EXP 	window1: blendMode = 'avg'
46.7475 	EXP 	window1: blendMode = 'avg'
46.7641 	EXP 	window1: blendMode = 'avg'
46.7807 	EXP 	window1: blendMode = 'avg'
46.7975 	EXP 	window1: blendMode = 'avg'
46.8151 	DATA 	Keypress: space
46.8162 	EXP 	New trial (rep=0, index=19): {'YLeftPos': 0, 'time_presentation': 0.5, 'XLeftPos': -300, 'XRightPos': 300, 'rightimg': u'frogs/ab62.jpg', 'YRightPos': 0, 'leftimg': u'frogs/ab22.jpg'}
47.0131 	EXP 	Leftimg: autoDraw = False
47.0131 	EXP 	Rightimg: autoDraw = False
47.0131 	EXP 	text: autoDraw = False
47.0131 	EXP 	Leftimg: pos = array([-300.,    0.])
47.0131 	EXP 	Leftimg: image = u'frogs/ab22.jpg'
47.0131 	EXP 	Rightimg: pos = array([ 300.,    0.])
47.0131 	EXP 	Rightimg: image = u'frogs/ab62.jpg'
47.0131 	EXP 	Leftimg: autoDraw = True
47.0131 	EXP 	Rightimg: autoDraw = True
47.3297 	EXP 	Leftimg: autoDraw = False
47.3297 	EXP 	Rightimg: autoDraw = False
48.2474 	DATA 	Keypress: left
48.2484 	EXP 	New trial (rep=0, index=20): {'YLeftPos': 0, 'time_presentation': 0.5, 'XLeftPos': -300, 'XRightPos': 300, 'rightimg': u'frogs/ab67.jpg', 'YRightPos': 0, 'leftimg': u'frogs/ab27.jpg'}
48.2961 	EXP 	Leftimg: autoDraw = False
48.2961 	EXP 	Rightimg: autoDraw = False
48.2961 	EXP 	text: autoDraw = False
48.2961 	EXP 	Leftimg: pos = array([-300.,    0.])
48.2961 	EXP 	Leftimg: image = u'frogs/ab27.jpg'
48.2961 	EXP 	Rightimg: pos = array([ 300.,    0.])
48.2961 	EXP 	Rightimg: image = u'frogs/ab67.jpg'
48.2961 	EXP 	Leftimg: autoDraw = True
48.2961 	EXP 	Rightimg: autoDraw = True
48.7631 	EXP 	Leftimg: autoDraw = False
48.7631 	EXP 	Rightimg: autoDraw = False
48.7981 	DATA 	Keypress: left
48.7993 	EXP 	New trial (rep=0, index=21): {'YLeftPos': 0, 'time_presentation': 0.5, 'XLeftPos': -300, 'XRightPos': 300, 'rightimg': u'frogs/ab53.jpg', 'YRightPos': 0, 'leftimg': u'frogs/ab13.jpg'}
48.8298 	EXP 	Leftimg: autoDraw = False
48.8298 	EXP 	Rightimg: autoDraw = False
48.8298 	EXP 	text: autoDraw = False
48.8298 	EXP 	Leftimg: pos = array([-300.,    0.])
48.8298 	EXP 	Leftimg: image = u'frogs/ab13.jpg'
48.8298 	EXP 	Rightimg: pos = array([ 300.,    0.])
48.8298 	EXP 	Rightimg: image = u'frogs/ab53.jpg'
48.8298 	EXP 	Leftimg: autoDraw = True
48.8298 	EXP 	Rightimg: autoDraw = True
49.3130 	EXP 	Leftimg: autoDraw = False
49.3130 	EXP 	Rightimg: autoDraw = False
49.3147 	DATA 	Keypress: right
49.3161 	EXP 	New trial (rep=0, index=22): {'YLeftPos': 0, 'time_presentation': 0.5, 'XLeftPos': -300, 'XRightPos': 300, 'rightimg': u'frogs/ab63.jpg', 'YRightPos': 0, 'leftimg': u'frogs/ab23.jpg'}
49.3625 	EXP 	Leftimg: autoDraw = False
49.3625 	EXP 	Rightimg: autoDraw = False
49.3625 	EXP 	text: autoDraw = False
49.3625 	EXP 	Leftimg: pos = array([-300.,    0.])
49.3625 	EXP 	Leftimg: image = u'frogs/ab23.jpg'
49.3625 	EXP 	Rightimg: pos = array([ 300.,    0.])
49.3625 	EXP 	Rightimg: image = u'frogs/ab63.jpg'
49.3625 	EXP 	Leftimg: autoDraw = True
49.3625 	EXP 	Rightimg: autoDraw = True
49.8297 	EXP 	Leftimg: autoDraw = False
49.8297 	EXP 	Rightimg: autoDraw = False
49.8474 	DATA 	Keypress: left
49.8485 	EXP 	New trial (rep=0, index=23): {'YLeftPos': 0, 'time_presentation': 0.5, 'XLeftPos': -300, 'XRightPos': 300, 'rightimg': u'frogs/ab72.jpg', 'YRightPos': 0, 'leftimg': u'frogs/ab32.jpg'}
49.8790 	EXP 	Leftimg: autoDraw = False
49.8790 	EXP 	Rightimg: autoDraw = False
49.8790 	EXP 	text: autoDraw = False
49.8790 	EXP 	Leftimg: pos = array([-300.,    0.])
49.8790 	EXP 	Leftimg: image = u'frogs/ab32.jpg'
49.8790 	EXP 	Rightimg: pos = array([ 300.,    0.])
49.8790 	EXP 	Rightimg: image = u'frogs/ab72.jpg'
49.8790 	EXP 	Leftimg: autoDraw = True
49.8790 	EXP 	Rightimg: autoDraw = True
50.2815 	DATA 	Keypress: right
50.2825 	EXP 	New trial (rep=0, index=24): {'YLeftPos': 0, 'time_presentation': 0.5, 'XLeftPos': -300, 'XRightPos': 300, 'rightimg': u'frogs/ab45.jpg', 'YRightPos': 0, 'leftimg': u'frogs/ab5.jpg'}
50.2953 	EXP 	Leftimg: autoDraw = False
50.2953 	EXP 	Rightimg: autoDraw = False
50.2953 	EXP 	text: autoDraw = False
50.2953 	EXP 	Leftimg: pos = array([-300.,    0.])
50.2953 	EXP 	Leftimg: image = u'frogs/ab5.jpg'
50.2953 	EXP 	Rightimg: pos = array([ 300.,    0.])
50.2953 	EXP 	Rightimg: image = u'frogs/ab45.jpg'
50.2953 	EXP 	Leftimg: autoDraw = True
50.2953 	EXP 	Rightimg: autoDraw = True
50.7964 	EXP 	Leftimg: autoDraw = False
50.7964 	EXP 	Rightimg: autoDraw = False
50.8816 	DATA 	Keypress: right
50.8828 	EXP 	New trial (rep=0, index=25): {'YLeftPos': 0, 'time_presentation': 0.5, 'XLeftPos': -300, 'XRightPos': 300, 'rightimg': u'frogs/ab77.jpg', 'YRightPos': 0, 'leftimg': u'frogs/ab37.jpg'}
50.9292 	EXP 	Leftimg: autoDraw = False
50.9292 	EXP 	Rightimg: autoDraw = False
50.9292 	EXP 	text: autoDraw = False
50.9292 	EXP 	Leftimg: pos = array([-300.,    0.])
50.9292 	EXP 	Leftimg: image = u'frogs/ab37.jpg'
50.9292 	EXP 	Rightimg: pos = array([ 300.,    0.])
50.9292 	EXP 	Rightimg: image = u'frogs/ab77.jpg'
50.9292 	EXP 	Leftimg: autoDraw = True
50.9292 	EXP 	Rightimg: autoDraw = True
51.3964 	EXP 	Leftimg: autoDraw = False
51.3964 	EXP 	Rightimg: autoDraw = False
51.4471 	DATA 	Keypress: left
51.4482 	EXP 	New trial (rep=0, index=26): {'YLeftPos': 0, 'time_presentation': 0.5, 'XLeftPos': -300, 'XRightPos': 300, 'rightimg': u'frogs/ab74.jpg', 'YRightPos': 0, 'leftimg': u'frogs/ab34.jpg'}
51.5287 	EXP 	Leftimg: autoDraw = False
51.5287 	EXP 	Rightimg: autoDraw = False
51.5287 	EXP 	text: autoDraw = False
51.5287 	EXP 	Leftimg: pos = array([-300.,    0.])
51.5287 	EXP 	Leftimg: image = u'frogs/ab34.jpg'
51.5287 	EXP 	Rightimg: pos = array([ 300.,    0.])
51.5287 	EXP 	Rightimg: image = u'frogs/ab74.jpg'
51.5287 	EXP 	Leftimg: autoDraw = True
51.5287 	EXP 	Rightimg: autoDraw = True
51.9313 	DATA 	Keypress: right
51.9323 	EXP 	New trial (rep=0, index=27): {'YLeftPos': 0, 'time_presentation': 0.5, 'XLeftPos': -300, 'XRightPos': 300, 'rightimg': u'3.jpg', 'YRightPos': 0, 'leftimg': u'1.jpg'}
51.9795 	EXP 	Leftimg: autoDraw = False
51.9795 	EXP 	Rightimg: autoDraw = False
51.9795 	EXP 	text: autoDraw = False
51.9795 	EXP 	Leftimg: pos = array([-300.,    0.])
51.9795 	EXP 	Leftimg: image = u'1.jpg'
51.9795 	EXP 	Rightimg: pos = array([ 300.,    0.])
51.9795 	EXP 	Rightimg: image = u'3.jpg'
51.9795 	EXP 	Leftimg: autoDraw = True
51.9795 	EXP 	Rightimg: autoDraw = True
52.4463 	EXP 	Leftimg: autoDraw = False
52.4463 	EXP 	Rightimg: autoDraw = False
52.7148 	DATA 	Keypress: left
52.7159 	EXP 	New trial (rep=0, index=28): {'YLeftPos': 0, 'time_presentation': 0.5, 'XLeftPos': -300, 'XRightPos': 300, 'rightimg': u'frogs/ab60.jpg', 'YRightPos': 0, 'leftimg': u'frogs/ab20.jpg'}
52.7298 	EXP 	Leftimg: autoDraw = False
52.7298 	EXP 	Rightimg: autoDraw = False
52.7298 	EXP 	text: autoDraw = False
52.7298 	EXP 	Leftimg: pos = array([-300.,    0.])
52.7298 	EXP 	Leftimg: image = u'frogs/ab20.jpg'
52.7298 	EXP 	Rightimg: pos = array([ 300.,    0.])
52.7298 	EXP 	Rightimg: image = u'frogs/ab60.jpg'
52.7298 	EXP 	Leftimg: autoDraw = True
52.7298 	EXP 	Rightimg: autoDraw = True
52.7635 	DATA 	Keypress: right
52.7645 	EXP 	New trial (rep=0, index=29): {'YLeftPos': 0, 'time_presentation': 0.5, 'XLeftPos': -300, 'XRightPos': 300, 'rightimg': u'frogs/ab79.jpg', 'YRightPos': 0, 'leftimg': u'frogs/ab39.jpg'}
52.7966 	EXP 	Leftimg: autoDraw = False
52.7966 	EXP 	Rightimg: autoDraw = False
52.7966 	EXP 	text: autoDraw = False
52.7966 	EXP 	Leftimg: pos = array([-300.,    0.])
52.7966 	EXP 	Leftimg: image = u'frogs/ab39.jpg'
52.7966 	EXP 	Rightimg: pos = array([ 300.,    0.])
52.7966 	EXP 	Rightimg: image = u'frogs/ab79.jpg'
52.7966 	EXP 	Leftimg: autoDraw = True
52.7966 	EXP 	Rightimg: autoDraw = True
53.2794 	EXP 	Leftimg: autoDraw = False
53.2794 	EXP 	Rightimg: autoDraw = False
53.6472 	DATA 	Keypress: left
53.6481 	EXP 	New trial (rep=0, index=30): {'YLeftPos': 0, 'time_presentation': 0.5, 'XLeftPos': -300, 'XRightPos': 300, 'rightimg': u'frogs/ab55.jpg', 'YRightPos': 0, 'leftimg': u'frogs/ab15.jpg'}
53.7294 	EXP 	Leftimg: autoDraw = False
53.7294 	EXP 	Rightimg: autoDraw = False
53.7294 	EXP 	text: autoDraw = False
53.7294 	EXP 	Leftimg: pos = array([-300.,    0.])
53.7294 	EXP 	Leftimg: image = u'frogs/ab15.jpg'
53.7294 	EXP 	Rightimg: pos = array([ 300.,    0.])
53.7294 	EXP 	Rightimg: image = u'frogs/ab55.jpg'
53.7294 	EXP 	Leftimg: autoDraw = True
53.7294 	EXP 	Rightimg: autoDraw = True
54.1316 	DATA 	Keypress: right
54.1325 	EXP 	New trial (rep=0, index=31): {'YLeftPos': 0, 'time_presentation': 0.5, 'XLeftPos': -300, 'XRightPos': 300, 'rightimg': u'frogs/ab44.jpg', 'YRightPos': 0, 'leftimg': u'frogs/ab4.jpg'}
54.1630 	EXP 	Leftimg: autoDraw = False
54.1630 	EXP 	Rightimg: autoDraw = False
54.1630 	EXP 	text: autoDraw = False
54.1630 	EXP 	Leftimg: pos = array([-300.,    0.])
54.1630 	EXP 	Leftimg: image = u'frogs/ab4.jpg'
54.1630 	EXP 	Rightimg: pos = array([ 300.,    0.])
54.1630 	EXP 	Rightimg: image = u'frogs/ab44.jpg'
54.1630 	EXP 	Leftimg: autoDraw = True
54.1630 	EXP 	Rightimg: autoDraw = True
54.6463 	EXP 	Leftimg: autoDraw = False
54.6463 	EXP 	Rightimg: autoDraw = False
54.6970 	DATA 	Keypress: left
54.6981 	EXP 	New trial (rep=0, index=32): {'YLeftPos': 0, 'time_presentation': 0.5, 'XLeftPos': -300, 'XRightPos': 300, 'rightimg': u'frogs/ab48.jpg', 'YRightPos': 0, 'leftimg': u'frogs/ab8.jpg'}
54.7456 	EXP 	Leftimg: autoDraw = False
54.7456 	EXP 	Rightimg: autoDraw = False
54.7456 	EXP 	text: autoDraw = False
54.7456 	EXP 	Leftimg: pos = array([-300.,    0.])
54.7456 	EXP 	Leftimg: image = u'frogs/ab8.jpg'
54.7456 	EXP 	Rightimg: pos = array([ 300.,    0.])
54.7456 	EXP 	Rightimg: image = u'frogs/ab48.jpg'
54.7456 	EXP 	Leftimg: autoDraw = True
54.7456 	EXP 	Rightimg: autoDraw = True
55.2130 	EXP 	Leftimg: autoDraw = False
55.2130 	EXP 	Rightimg: autoDraw = False
55.3146 	DATA 	Keypress: left
55.3158 	EXP 	New trial (rep=0, index=33): {'YLeftPos': 0, 'time_presentation': 0.5, 'XLeftPos': -300, 'XRightPos': 300, 'rightimg': u'4.jpg', 'YRightPos': 0, 'leftimg': u'2.jpg'}
55.3459 	EXP 	Leftimg: autoDraw = False
55.3459 	EXP 	Rightimg: autoDraw = False
55.3459 	EXP 	text: autoDraw = False
55.3459 	EXP 	Leftimg: pos = array([-300.,    0.])
55.3459 	EXP 	Leftimg: image = u'2.jpg'
55.3459 	EXP 	Rightimg: pos = array([ 300.,    0.])
55.3459 	EXP 	Rightimg: image = u'4.jpg'
55.3459 	EXP 	Leftimg: autoDraw = True
55.3459 	EXP 	Rightimg: autoDraw = True
55.8294 	EXP 	Leftimg: autoDraw = False
55.8294 	EXP 	Rightimg: autoDraw = False
55.9147 	DATA 	Keypress: right
55.9158 	EXP 	New trial (rep=0, index=34): {'YLeftPos': 0, 'time_presentation': 0.5, 'XLeftPos': -300, 'XRightPos': 300, 'rightimg': u'frogs/ab58.jpg', 'YRightPos': 0, 'leftimg': u'frogs/ab18.jpg'}
56.0633 	EXP 	Leftimg: autoDraw = False
56.0633 	EXP 	Rightimg: autoDraw = False
56.0633 	EXP 	text: autoDraw = False
56.0633 	EXP 	Leftimg: pos = array([-300.,    0.])
56.0633 	EXP 	Leftimg: image = u'frogs/ab18.jpg'
56.0633 	EXP 	Rightimg: pos = array([ 300.,    0.])
56.0633 	EXP 	Rightimg: image = u'frogs/ab58.jpg'
56.0633 	EXP 	Leftimg: autoDraw = True
56.0633 	EXP 	Rightimg: autoDraw = True
56.4296 	EXP 	Leftimg: autoDraw = False
56.4296 	EXP 	Rightimg: autoDraw = False
56.5644 	DATA 	Keypress: left
56.5655 	EXP 	New trial (rep=0, index=35): {'YLeftPos': 0, 'time_presentation': 0.5, 'XLeftPos': -300, 'XRightPos': 300, 'rightimg': u'1.jpg', 'YRightPos': 0, 'leftimg': u'3.jpg'}
56.6127 	EXP 	Leftimg: autoDraw = False
56.6127 	EXP 	Rightimg: autoDraw = False
56.6127 	EXP 	text: autoDraw = False
56.6127 	EXP 	Leftimg: pos = array([-300.,    0.])
56.6127 	EXP 	Leftimg: image = u'3.jpg'
56.6127 	EXP 	Rightimg: pos = array([ 300.,    0.])
56.6127 	EXP 	Rightimg: image = u'1.jpg'
56.6127 	EXP 	Leftimg: autoDraw = True
56.6127 	EXP 	Rightimg: autoDraw = True
56.9981 	DATA 	Keypress: right
56.9991 	EXP 	New trial (rep=0, index=36): {'YLeftPos': 0, 'time_presentation': 0.5, 'XLeftPos': -300, 'XRightPos': 300, 'rightimg': u'frogs/ab69.jpg', 'YRightPos': 0, 'leftimg': u'frogs/ab29.jpg'}
57.0291 	EXP 	Leftimg: autoDraw = False
57.0291 	EXP 	Rightimg: autoDraw = False
57.0291 	EXP 	text: autoDraw = False
57.0291 	EXP 	Leftimg: pos = array([-300.,    0.])
57.0291 	EXP 	Leftimg: image = u'frogs/ab29.jpg'
57.0291 	EXP 	Rightimg: pos = array([ 300.,    0.])
57.0291 	EXP 	Rightimg: image = u'frogs/ab69.jpg'
57.0291 	EXP 	Leftimg: autoDraw = True
57.0291 	EXP 	Rightimg: autoDraw = True
57.5131 	EXP 	Leftimg: autoDraw = False
57.5131 	EXP 	Rightimg: autoDraw = False
57.6314 	DATA 	Keypress: left
57.6324 	EXP 	New trial (rep=0, index=37): {'YLeftPos': 0, 'time_presentation': 0.5, 'XLeftPos': -300, 'XRightPos': 300, 'rightimg': u'frogs/ab49.jpg', 'YRightPos': 0, 'leftimg': u'frogs/ab9.jpg'}
57.8127 	EXP 	Leftimg: autoDraw = False
57.8127 	EXP 	Rightimg: autoDraw = False
57.8127 	EXP 	text: autoDraw = False
57.8127 	EXP 	Leftimg: pos = array([-300.,    0.])
57.8127 	EXP 	Leftimg: image = u'frogs/ab9.jpg'
57.8127 	EXP 	Rightimg: pos = array([ 300.,    0.])
57.8127 	EXP 	Rightimg: image = u'frogs/ab49.jpg'
57.8127 	EXP 	Leftimg: autoDraw = True
57.8127 	EXP 	Rightimg: autoDraw = True
58.1462 	EXP 	Leftimg: autoDraw = False
58.1462 	EXP 	Rightimg: autoDraw = False
58.2645 	DATA 	Keypress: left
58.2657 	EXP 	New trial (rep=0, index=38): {'YLeftPos': 0, 'time_presentation': 0.5, 'XLeftPos': -300, 'XRightPos': 300, 'rightimg': u'frogs/ab71.jpg', 'YRightPos': 0, 'leftimg': u'frogs/ab31.jpg'}
58.3452 	EXP 	Leftimg: autoDraw = False
58.3452 	EXP 	Rightimg: autoDraw = False
58.3452 	EXP 	text: autoDraw = False
58.3452 	EXP 	Leftimg: pos = array([-300.,    0.])
58.3452 	EXP 	Leftimg: image = u'frogs/ab31.jpg'
58.3452 	EXP 	Rightimg: pos = array([ 300.,    0.])
58.3452 	EXP 	Rightimg: image = u'frogs/ab71.jpg'
58.3452 	EXP 	Leftimg: autoDraw = True
58.3452 	EXP 	Rightimg: autoDraw = True
58.7796 	EXP 	Leftimg: autoDraw = False
58.7796 	EXP 	Rightimg: autoDraw = False
58.8487 	DATA 	Keypress: left
58.8645 	EXP 	New trial (rep=0, index=39): {'YLeftPos': 0, 'time_presentation': 0.5, 'XLeftPos': -300, 'XRightPos': 300, 'rightimg': u'frogs/ab78.jpg', 'YRightPos': 0, 'leftimg': u'frogs/ab38.jpg'}
58.8959 	EXP 	Leftimg: autoDraw = False
58.8959 	EXP 	Rightimg: autoDraw = False
58.8959 	EXP 	text: autoDraw = False
58.8959 	EXP 	Leftimg: pos = array([-300.,    0.])
58.8959 	EXP 	Leftimg: image = u'frogs/ab38.jpg'
58.8959 	EXP 	Rightimg: pos = array([ 300.,    0.])
58.8959 	EXP 	Rightimg: image = u'frogs/ab78.jpg'
58.8959 	EXP 	Leftimg: autoDraw = True
58.8959 	EXP 	Rightimg: autoDraw = True
59.2980 	DATA 	Keypress: right
59.2988 	EXP 	New trial (rep=0, index=40): {'YLeftPos': 0, 'time_presentation': 0.5, 'XLeftPos': -300, 'XRightPos': 300, 'rightimg': u'frogs/ab70.jpg', 'YRightPos': 0, 'leftimg': u'frogs/ab30.jpg'}
59.3125 	EXP 	Leftimg: autoDraw = False
59.3125 	EXP 	Rightimg: autoDraw = False
59.3125 	EXP 	text: autoDraw = False
59.3125 	EXP 	Leftimg: pos = array([-300.,    0.])
59.3125 	EXP 	Leftimg: image = u'frogs/ab30.jpg'
59.3125 	EXP 	Rightimg: pos = array([ 300.,    0.])
59.3125 	EXP 	Rightimg: image = u'frogs/ab70.jpg'
59.3125 	EXP 	Leftimg: autoDraw = True
59.3125 	EXP 	Rightimg: autoDraw = True
59.8129 	EXP 	Leftimg: autoDraw = False
59.8129 	EXP 	Rightimg: autoDraw = False
59.8645 	DATA 	Keypress: left
59.8657 	EXP 	New trial (rep=0, index=41): {'YLeftPos': 0, 'time_presentation': 0.5, 'XLeftPos': -300, 'XRightPos': 300, 'rightimg': u'frogs/ab59.jpg', 'YRightPos': 0, 'leftimg': u'frogs/ab19.jpg'}
59.9290 	EXP 	Leftimg: autoDraw = False
59.9290 	EXP 	Rightimg: autoDraw = False
59.9290 	EXP 	text: autoDraw = False
59.9290 	EXP 	Leftimg: pos = array([-300.,    0.])
59.9290 	EXP 	Leftimg: image = u'frogs/ab19.jpg'
59.9290 	EXP 	Rightimg: pos = array([ 300.,    0.])
59.9290 	EXP 	Rightimg: image = u'frogs/ab59.jpg'
59.9290 	EXP 	Leftimg: autoDraw = True
59.9290 	EXP 	Rightimg: autoDraw = True
60.3796 	EXP 	Leftimg: autoDraw = False
60.3796 	EXP 	Rightimg: autoDraw = False
60.5156 	DATA 	Keypress: left
60.5309 	EXP 	New trial (rep=0, index=42): {'YLeftPos': 0, 'time_presentation': 0.5, 'XLeftPos': -300, 'XRightPos': 300, 'rightimg': u'frogs/ab66.jpg', 'YRightPos': 0, 'leftimg': u'frogs/ab26.jpg'}
60.5458 	EXP 	Leftimg: autoDraw = False
60.5458 	EXP 	Rightimg: autoDraw = False
60.5458 	EXP 	text: autoDraw = False
60.5458 	EXP 	Leftimg: pos = array([-300.,    0.])
60.5458 	EXP 	Leftimg: image = u'frogs/ab26.jpg'
60.5458 	EXP 	Rightimg: pos = array([ 300.,    0.])
60.5458 	EXP 	Rightimg: image = u'frogs/ab66.jpg'
60.5458 	EXP 	Leftimg: autoDraw = True
60.5458 	EXP 	Rightimg: autoDraw = True
61.0462 	EXP 	Leftimg: autoDraw = False
61.0462 	EXP 	Rightimg: autoDraw = False
61.0980 	DATA 	Keypress: left
61.0992 	EXP 	New trial (rep=0, index=43): {'YLeftPos': 0, 'time_presentation': 0.5, 'XLeftPos': -300, 'XRightPos': 300, 'rightimg': u'frogs/ab75.jpg', 'YRightPos': 0, 'leftimg': u'frogs/ab35.jpg'}
61.1297 	EXP 	Leftimg: autoDraw = False
61.1297 	EXP 	Rightimg: autoDraw = False
61.1297 	EXP 	text: autoDraw = False
61.1297 	EXP 	Leftimg: pos = array([-300.,    0.])
61.1297 	EXP 	Leftimg: image = u'frogs/ab35.jpg'
61.1297 	EXP 	Rightimg: pos = array([ 300.,    0.])
61.1297 	EXP 	Rightimg: image = u'frogs/ab75.jpg'
61.1297 	EXP 	Leftimg: autoDraw = True
61.1297 	EXP 	Rightimg: autoDraw = True
61.6127 	EXP 	Leftimg: autoDraw = False
61.6127 	EXP 	Rightimg: autoDraw = False
61.8644 	DATA 	Keypress: right
61.9312 	EXP 	window1: blendMode = 'avg'
61.9458 	EXP 	Leftimg: autoDraw = False
61.9458 	EXP 	Rightimg: autoDraw = False
61.9458 	EXP 	text: autoDraw = False
61.9458 	EXP 	text_3: autoDraw = True
61.9467 	EXP 	window1: blendMode = 'avg'
61.9637 	EXP 	window1: blendMode = 'avg'
61.9804 	EXP 	window1: blendMode = 'avg'
61.9971 	EXP 	window1: blendMode = 'avg'
62.0140 	EXP 	window1: blendMode = 'avg'
62.0307 	EXP 	window1: blendMode = 'avg'
62.0470 	EXP 	window1: blendMode = 'avg'
62.0635 	EXP 	window1: blendMode = 'avg'
62.0804 	EXP 	window1: blendMode = 'avg'
62.0973 	EXP 	window1: blendMode = 'avg'
62.1142 	EXP 	window1: blendMode = 'avg'
62.1307 	EXP 	window1: blendMode = 'avg'
62.1472 	EXP 	window1: blendMode = 'avg'
62.1640 	EXP 	window1: blendMode = 'avg'
62.1805 	EXP 	window1: blendMode = 'avg'
62.1973 	EXP 	window1: blendMode = 'avg'
62.2138 	EXP 	window1: blendMode = 'avg'
62.2305 	EXP 	window1: blendMode = 'avg'
62.2473 	EXP 	window1: blendMode = 'avg'
62.2640 	EXP 	window1: blendMode = 'avg'
62.2806 	EXP 	window1: blendMode = 'avg'
62.2973 	EXP 	window1: blendMode = 'avg'
62.3139 	EXP 	window1: blendMode = 'avg'
62.3306 	EXP 	window1: blendMode = 'avg'
62.3473 	EXP 	window1: blendMode = 'avg'
62.3640 	EXP 	window1: blendMode = 'avg'
62.3805 	EXP 	window1: blendMode = 'avg'
62.3973 	EXP 	window1: blendMode = 'avg'
62.4138 	EXP 	window1: blendMode = 'avg'
62.4305 	EXP 	window1: blendMode = 'avg'
62.4465 	EXP 	window1: blendMode = 'avg'
62.4640 	EXP 	window1: blendMode = 'avg'
62.4806 	EXP 	window1: blendMode = 'avg'
62.4972 	EXP 	window1: blendMode = 'avg'
62.5140 	EXP 	window1: blendMode = 'avg'
62.5307 	EXP 	window1: blendMode = 'avg'
62.5473 	EXP 	window1: blendMode = 'avg'
62.5639 	EXP 	window1: blendMode = 'avg'
62.5804 	EXP 	window1: blendMode = 'avg'
62.5971 	EXP 	window1: blendMode = 'avg'
62.6138 	EXP 	window1: blendMode = 'avg'
62.6305 	EXP 	window1: blendMode = 'avg'
62.6471 	EXP 	window1: blendMode = 'avg'
62.6639 	EXP 	window1: blendMode = 'avg'
62.6805 	EXP 	window1: blendMode = 'avg'
62.6973 	EXP 	window1: blendMode = 'avg'
62.7139 	EXP 	window1: blendMode = 'avg'
62.7306 	EXP 	window1: blendMode = 'avg'
62.7471 	EXP 	window1: blendMode = 'avg'
62.7637 	EXP 	window1: blendMode = 'avg'
62.7806 	EXP 	window1: blendMode = 'avg'
62.7972 	EXP 	window1: blendMode = 'avg'
62.8139 	EXP 	window1: blendMode = 'avg'
62.8306 	EXP 	window1: blendMode = 'avg'
62.8473 	EXP 	window1: blendMode = 'avg'
62.8638 	EXP 	window1: blendMode = 'avg'
62.8806 	EXP 	window1: blendMode = 'avg'
62.8963 	EXP 	window1: blendMode = 'avg'
62.9137 	EXP 	window1: blendMode = 'avg'
62.9300 	EXP 	window1: blendMode = 'avg'
62.9473 	EXP 	window1: blendMode = 'avg'
62.9640 	EXP 	window1: blendMode = 'avg'
62.9806 	EXP 	window1: blendMode = 'avg'
62.9973 	EXP 	window1: blendMode = 'avg'
63.0139 	EXP 	window1: blendMode = 'avg'
63.0307 	EXP 	window1: blendMode = 'avg'
63.0467 	EXP 	window1: blendMode = 'avg'
63.0637 	EXP 	window1: blendMode = 'avg'
63.0795 	EXP 	window1: blendMode = 'avg'
63.0965 	EXP 	window1: blendMode = 'avg'
63.1134 	EXP 	window1: blendMode = 'avg'
63.1295 	EXP 	window1: blendMode = 'avg'
63.1471 	EXP 	window1: blendMode = 'avg'
63.1640 	EXP 	window1: blendMode = 'avg'
63.1805 	EXP 	window1: blendMode = 'avg'
63.1973 	EXP 	window1: blendMode = 'avg'
63.2139 	EXP 	window1: blendMode = 'avg'
63.2306 	EXP 	window1: blendMode = 'avg'
63.2472 	EXP 	window1: blendMode = 'avg'
63.2640 	EXP 	window1: blendMode = 'avg'
63.2796 	EXP 	window1: blendMode = 'avg'
63.2973 	EXP 	window1: blendMode = 'avg'
63.3139 	EXP 	window1: blendMode = 'avg'
63.3307 	EXP 	window1: blendMode = 'avg'
63.3474 	EXP 	window1: blendMode = 'avg'
63.3639 	EXP 	window1: blendMode = 'avg'
63.3805 	EXP 	window1: blendMode = 'avg'
63.3972 	EXP 	window1: blendMode = 'avg'
63.4140 	EXP 	window1: blendMode = 'avg'
63.4335 	EXP 	window1: blendMode = 'avg'
63.4475 	EXP 	window1: blendMode = 'avg'
63.4637 	EXP 	window1: blendMode = 'avg'
63.4805 	EXP 	window1: blendMode = 'avg'
63.4973 	EXP 	window1: blendMode = 'avg'
63.5139 	EXP 	window1: blendMode = 'avg'
63.5307 	EXP 	window1: blendMode = 'avg'
63.5473 	EXP 	window1: blendMode = 'avg'
63.5637 	EXP 	window1: blendMode = 'avg'
63.5805 	EXP 	window1: blendMode = 'avg'
63.5973 	EXP 	window1: blendMode = 'avg'
63.6139 	EXP 	window1: blendMode = 'avg'
63.6306 	EXP 	window1: blendMode = 'avg'
63.6472 	EXP 	window1: blendMode = 'avg'
63.6651 	EXP 	window1: blendMode = 'avg'
63.6807 	EXP 	window1: blendMode = 'avg'
63.6972 	EXP 	window1: blendMode = 'avg'
63.7141 	EXP 	window1: blendMode = 'avg'
63.7306 	EXP 	window1: blendMode = 'avg'
63.7474 	EXP 	window1: blendMode = 'avg'
63.7639 	EXP 	window1: blendMode = 'avg'
63.7816 	DATA 	Keypress: escape
63.8886 	EXP 	window1: mouseVisible = True
