13.6135 	EXP 	Created window1 = Window(allowGUI=False, allowStencil=False, autoLog=True, bitsMode=UNKNOWN, blendMode='avg', color=array([ 0.,  0.,  0.]), colorSpace='rgb', fullscr=UNKNOWN, gamma=None, lms=UNKNOWN, monitor=<psychopy.monitors.calibTools.Monitor object at 0x113cdc410>, multiSample=False, name='window1', numSamples=2, pos=[0, 0], screen=0, size=array([1440,  900]), stereo=False, units=u'norm', useFBO=True, useRetina=False, viewOri=0.0, viewPos=None, viewScale=None, waitBlanking=True, winType='pyglet')
13.6136 	EXP 	window1: recordFrameIntervals = False
13.7797 	EXP 	window1: recordFrameIntervals = True
13.9633 	EXP 	window1: recordFrameIntervals = False
14.0488 	EXP 	Created text_2 = TextStim(alignHoriz='center', alignVert='center', antialias=True, autoLog=True, bold=False, color='white', colorSpace='named', contrast=1.0, depth=0.0, flipHoriz=False, flipVert=False, font='Arial', fontFiles=[], height=0.1, italic=False, name='text_2', opacity=1.0, ori=0, pos=array([ 0.,  0.]), rgb=array([ 255.,  255.,  255.]), text=unicode(...), units=u'norm', win=Window(...), wrapWidth=1)
14.0505 	EXP 	Created Leftimg = ImageStim(autoLog=True, color=array([ 1.,  1.,  1.]), colorSpace='rgb', contrast=1.0, depth=0.0, flipHoriz=False, flipVert=False, image='sin', interpolate=True, mask=None, maskParams=None, name='Leftimg', opacity=1.0, ori=0.0, pos=array([ 0.,  0.]), size=array([ 400.,  400.]), texRes=128, units='pix', win=Window(...))
14.0517 	EXP 	Created Rightimg = ImageStim(autoLog=True, color=array([ 1.,  1.,  1.]), colorSpace='rgb', contrast=1.0, depth=-1.0, flipHoriz=False, flipVert=False, image='sin', interpolate=True, mask=None, maskParams=None, name='Rightimg', opacity=1.0, ori=0.0, pos=array([ 0.,  0.]), size=array([ 400.,  400.]), texRes=128, units='pix', win=Window(...))
14.0612 	EXP 	Created text = TextStim(alignHoriz='center', alignVert='center', antialias=True, autoLog=True, bold=False, color='white', colorSpace='named', contrast=1.0, depth=-4.0, flipHoriz=False, flipVert=False, font='Arial', fontFiles=[], height=0.05, italic=False, name='text', opacity=1.0, ori=0, pos=array([ 0.,  0.]), rgb=array([ 255.,  255.,  255.]), text=u'to proceed press the space bar.', units=u'norm', win=Window(...), wrapWidth=1)
14.0708 	EXP 	Created text_3 = TextStim(alignHoriz='center', alignVert='center', antialias=True, autoLog=True, bold=False, color='white', colorSpace='named', contrast=1.0, depth=0.0, flipHoriz=False, flipVert=False, font='Arial', fontFiles=[], height=0.1, italic=False, name='text_3', opacity=1.0, ori=0, pos=array([ 0.,  0.]), rgb=array([ 255.,  255.,  255.]), text=unicode(...), units=u'norm', win=Window(...), wrapWidth=1)
14.0753 	EXP 	window1: blendMode = 'avg'
14.0957 	EXP 	text_2: autoDraw = True
14.0994 	EXP 	window1: blendMode = 'avg'
14.1137 	EXP 	window1: blendMode = 'avg'
14.1299 	EXP 	window1: blendMode = 'avg'
14.1470 	EXP 	window1: blendMode = 'avg'
14.1635 	EXP 	window1: blendMode = 'avg'
14.1806 	EXP 	window1: blendMode = 'avg'
14.1972 	EXP 	window1: blendMode = 'avg'
14.2138 	EXP 	window1: blendMode = 'avg'
14.2306 	EXP 	window1: blendMode = 'avg'
14.2474 	EXP 	window1: blendMode = 'avg'
14.2639 	EXP 	window1: blendMode = 'avg'
14.2805 	EXP 	window1: blendMode = 'avg'
14.2972 	EXP 	window1: blendMode = 'avg'
14.3140 	EXP 	window1: blendMode = 'avg'
14.3301 	EXP 	window1: blendMode = 'avg'
14.3470 	EXP 	window1: blendMode = 'avg'
14.3638 	EXP 	window1: blendMode = 'avg'
14.3805 	EXP 	window1: blendMode = 'avg'
14.3971 	EXP 	window1: blendMode = 'avg'
14.4137 	EXP 	window1: blendMode = 'avg'
14.4305 	EXP 	window1: blendMode = 'avg'
14.4475 	EXP 	window1: blendMode = 'avg'
14.4636 	EXP 	window1: blendMode = 'avg'
14.4805 	EXP 	window1: blendMode = 'avg'
14.4972 	EXP 	window1: blendMode = 'avg'
14.5139 	EXP 	window1: blendMode = 'avg'
14.5304 	EXP 	window1: blendMode = 'avg'
14.5472 	EXP 	window1: blendMode = 'avg'
14.5638 	EXP 	window1: blendMode = 'avg'
14.5805 	EXP 	window1: blendMode = 'avg'
14.5972 	EXP 	window1: blendMode = 'avg'
14.6137 	EXP 	window1: blendMode = 'avg'
14.6306 	EXP 	window1: blendMode = 'avg'
14.6471 	EXP 	window1: blendMode = 'avg'
14.6639 	EXP 	window1: blendMode = 'avg'
14.6804 	EXP 	window1: blendMode = 'avg'
14.6973 	EXP 	window1: blendMode = 'avg'
14.7138 	EXP 	window1: blendMode = 'avg'
14.7305 	EXP 	window1: blendMode = 'avg'
14.7472 	EXP 	window1: blendMode = 'avg'
14.7638 	EXP 	window1: blendMode = 'avg'
14.7803 	EXP 	window1: blendMode = 'avg'
14.7971 	EXP 	window1: blendMode = 'avg'
14.8138 	EXP 	window1: blendMode = 'avg'
14.8305 	EXP 	window1: blendMode = 'avg'
14.8470 	EXP 	window1: blendMode = 'avg'
14.8639 	EXP 	window1: blendMode = 'avg'
14.8805 	EXP 	window1: blendMode = 'avg'
14.8972 	EXP 	window1: blendMode = 'avg'
14.9138 	EXP 	window1: blendMode = 'avg'
14.9304 	EXP 	window1: blendMode = 'avg'
14.9468 	EXP 	window1: blendMode = 'avg'
14.9636 	EXP 	window1: blendMode = 'avg'
14.9804 	EXP 	window1: blendMode = 'avg'
14.9962 	EXP 	window1: blendMode = 'avg'
15.0139 	EXP 	window1: blendMode = 'avg'
15.0306 	EXP 	window1: blendMode = 'avg'
15.0471 	EXP 	window1: blendMode = 'avg'
15.0637 	EXP 	window1: blendMode = 'avg'
15.0804 	EXP 	window1: blendMode = 'avg'
15.0972 	EXP 	window1: blendMode = 'avg'
15.1138 	EXP 	window1: blendMode = 'avg'
15.1306 	EXP 	window1: blendMode = 'avg'
15.1472 	EXP 	window1: blendMode = 'avg'
15.1639 	EXP 	window1: blendMode = 'avg'
15.1804 	EXP 	window1: blendMode = 'avg'
15.1972 	EXP 	window1: blendMode = 'avg'
15.2137 	EXP 	window1: blendMode = 'avg'
15.2306 	EXP 	window1: blendMode = 'avg'
15.2472 	EXP 	window1: blendMode = 'avg'
15.2637 	EXP 	window1: blendMode = 'avg'
15.2804 	EXP 	window1: blendMode = 'avg'
15.2971 	EXP 	window1: blendMode = 'avg'
15.3138 	EXP 	window1: blendMode = 'avg'
15.3304 	EXP 	window1: blendMode = 'avg'
15.3472 	EXP 	window1: blendMode = 'avg'
15.3638 	EXP 	window1: blendMode = 'avg'
15.3804 	EXP 	window1: blendMode = 'avg'
15.3972 	EXP 	window1: blendMode = 'avg'
15.4138 	EXP 	window1: blendMode = 'avg'
15.4306 	EXP 	window1: blendMode = 'avg'
15.4471 	EXP 	window1: blendMode = 'avg'
15.4639 	EXP 	window1: blendMode = 'avg'
15.4804 	EXP 	window1: blendMode = 'avg'
15.4973 	EXP 	window1: blendMode = 'avg'
15.5138 	EXP 	window1: blendMode = 'avg'
15.5304 	EXP 	window1: blendMode = 'avg'
15.5472 	EXP 	window1: blendMode = 'avg'
15.5638 	EXP 	window1: blendMode = 'avg'
15.5806 	EXP 	window1: blendMode = 'avg'
15.5971 	EXP 	window1: blendMode = 'avg'
15.6137 	EXP 	window1: blendMode = 'avg'
15.6305 	EXP 	window1: blendMode = 'avg'
15.6471 	EXP 	window1: blendMode = 'avg'
15.6640 	EXP 	window1: blendMode = 'avg'
15.6805 	EXP 	window1: blendMode = 'avg'
15.6971 	EXP 	window1: blendMode = 'avg'
15.7137 	EXP 	window1: blendMode = 'avg'
15.7305 	EXP 	window1: blendMode = 'avg'
15.7472 	EXP 	window1: blendMode = 'avg'
15.7638 	EXP 	window1: blendMode = 'avg'
15.7804 	EXP 	window1: blendMode = 'avg'
15.7972 	EXP 	window1: blendMode = 'avg'
15.8137 	EXP 	window1: blendMode = 'avg'
15.8305 	EXP 	window1: blendMode = 'avg'
15.8471 	EXP 	window1: blendMode = 'avg'
15.8638 	EXP 	window1: blendMode = 'avg'
15.8804 	EXP 	window1: blendMode = 'avg'
15.8971 	EXP 	window1: blendMode = 'avg'
15.9137 	EXP 	window1: blendMode = 'avg'
15.9305 	EXP 	window1: blendMode = 'avg'
15.9471 	EXP 	window1: blendMode = 'avg'
15.9639 	EXP 	window1: blendMode = 'avg'
15.9804 	EXP 	window1: blendMode = 'avg'
15.9972 	EXP 	window1: blendMode = 'avg'
16.0137 	EXP 	window1: blendMode = 'avg'
16.0305 	EXP 	window1: blendMode = 'avg'
16.0470 	EXP 	window1: blendMode = 'avg'
16.0639 	EXP 	window1: blendMode = 'avg'
16.0805 	EXP 	window1: blendMode = 'avg'
16.0972 	EXP 	window1: blendMode = 'avg'
16.1138 	EXP 	window1: blendMode = 'avg'
16.1291 	EXP 	window1: blendMode = 'avg'
16.1469 	EXP 	window1: blendMode = 'avg'
16.1637 	EXP 	window1: blendMode = 'avg'
16.1805 	EXP 	window1: blendMode = 'avg'
16.1971 	EXP 	window1: blendMode = 'avg'
16.2138 	EXP 	window1: blendMode = 'avg'
16.2304 	EXP 	window1: blendMode = 'avg'
16.2469 	EXP 	window1: blendMode = 'avg'
16.2636 	EXP 	window1: blendMode = 'avg'
16.2804 	EXP 	window1: blendMode = 'avg'
16.2972 	EXP 	window1: blendMode = 'avg'
16.3137 	EXP 	window1: blendMode = 'avg'
16.3305 	EXP 	window1: blendMode = 'avg'
16.3471 	EXP 	window1: blendMode = 'avg'
16.3633 	EXP 	window1: blendMode = 'avg'
16.3803 	EXP 	window1: blendMode = 'avg'
16.3972 	EXP 	window1: blendMode = 'avg'
16.4137 	EXP 	window1: blendMode = 'avg'
16.4305 	EXP 	window1: blendMode = 'avg'
16.4471 	EXP 	window1: blendMode = 'avg'
16.4639 	EXP 	window1: blendMode = 'avg'
16.4803 	EXP 	window1: blendMode = 'avg'
16.4971 	EXP 	window1: blendMode = 'avg'
16.5138 	EXP 	window1: blendMode = 'avg'
16.5304 	EXP 	window1: blendMode = 'avg'
16.5472 	EXP 	window1: blendMode = 'avg'
16.5637 	EXP 	window1: blendMode = 'avg'
16.5805 	EXP 	window1: blendMode = 'avg'
16.5971 	EXP 	window1: blendMode = 'avg'
16.6137 	EXP 	window1: blendMode = 'avg'
16.6305 	EXP 	window1: blendMode = 'avg'
16.6471 	EXP 	window1: blendMode = 'avg'
16.6639 	EXP 	window1: blendMode = 'avg'
16.6804 	EXP 	window1: blendMode = 'avg'
16.6972 	EXP 	window1: blendMode = 'avg'
16.7138 	EXP 	window1: blendMode = 'avg'
16.7305 	EXP 	window1: blendMode = 'avg'
16.7471 	EXP 	window1: blendMode = 'avg'
16.7634 	EXP 	window1: blendMode = 'avg'
16.7794 	EXP 	window1: blendMode = 'avg'
16.7962 	EXP 	window1: blendMode = 'avg'
16.8129 	EXP 	window1: blendMode = 'avg'
16.8305 	EXP 	window1: blendMode = 'avg'
16.8470 	EXP 	window1: blendMode = 'avg'
16.8639 	EXP 	window1: blendMode = 'avg'
16.8805 	EXP 	window1: blendMode = 'avg'
16.8970 	EXP 	window1: blendMode = 'avg'
16.9139 	EXP 	window1: blendMode = 'avg'
16.9305 	EXP 	window1: blendMode = 'avg'
16.9472 	EXP 	window1: blendMode = 'avg'
16.9638 	EXP 	window1: blendMode = 'avg'
16.9802 	EXP 	window1: blendMode = 'avg'
16.9974 	EXP 	window1: blendMode = 'avg'
17.0136 	EXP 	window1: blendMode = 'avg'
17.0303 	EXP 	window1: blendMode = 'avg'
17.0471 	EXP 	window1: blendMode = 'avg'
17.0637 	EXP 	window1: blendMode = 'avg'
17.0805 	EXP 	window1: blendMode = 'avg'
17.0971 	EXP 	window1: blendMode = 'avg'
17.1138 	EXP 	window1: blendMode = 'avg'
17.1305 	EXP 	window1: blendMode = 'avg'
17.1463 	EXP 	window1: blendMode = 'avg'
17.1636 	EXP 	window1: blendMode = 'avg'
17.1805 	EXP 	window1: blendMode = 'avg'
17.1971 	EXP 	window1: blendMode = 'avg'
17.2139 	EXP 	window1: blendMode = 'avg'
17.2305 	EXP 	window1: blendMode = 'avg'
17.2479 	EXP 	window1: blendMode = 'avg'
17.2639 	EXP 	window1: blendMode = 'avg'
17.2795 	EXP 	window1: blendMode = 'avg'
17.2969 	EXP 	window1: blendMode = 'avg'
17.3138 	EXP 	window1: blendMode = 'avg'
17.3304 	EXP 	window1: blendMode = 'avg'
17.3471 	EXP 	window1: blendMode = 'avg'
17.3638 	EXP 	window1: blendMode = 'avg'
17.3806 	EXP 	window1: blendMode = 'avg'
17.3970 	EXP 	window1: blendMode = 'avg'
17.4138 	EXP 	window1: blendMode = 'avg'
17.4306 	EXP 	window1: blendMode = 'avg'
17.4461 	EXP 	window1: blendMode = 'avg'
17.4639 	EXP 	window1: blendMode = 'avg'
17.4804 	EXP 	window1: blendMode = 'avg'
17.4972 	EXP 	window1: blendMode = 'avg'
17.5138 	EXP 	window1: blendMode = 'avg'
17.5298 	EXP 	window1: blendMode = 'avg'
17.5472 	EXP 	window1: blendMode = 'avg'
17.5638 	EXP 	window1: blendMode = 'avg'
17.5805 	EXP 	window1: blendMode = 'avg'
17.5972 	EXP 	window1: blendMode = 'avg'
17.6138 	EXP 	window1: blendMode = 'avg'
17.6303 	EXP 	window1: blendMode = 'avg'
17.6472 	EXP 	window1: blendMode = 'avg'
17.6638 	EXP 	window1: blendMode = 'avg'
17.6803 	EXP 	window1: blendMode = 'avg'
17.6970 	EXP 	window1: blendMode = 'avg'
17.7135 	EXP 	window1: blendMode = 'avg'
17.7302 	EXP 	window1: blendMode = 'avg'
17.7480 	EXP 	window1: blendMode = 'avg'
17.7638 	EXP 	window1: blendMode = 'avg'
17.7804 	EXP 	window1: blendMode = 'avg'
17.7972 	EXP 	window1: blendMode = 'avg'
17.8138 	EXP 	window1: blendMode = 'avg'
17.8306 	EXP 	window1: blendMode = 'avg'
17.8472 	EXP 	window1: blendMode = 'avg'
17.8638 	EXP 	window1: blendMode = 'avg'
17.8805 	EXP 	window1: blendMode = 'avg'
17.8970 	EXP 	window1: blendMode = 'avg'
17.9138 	EXP 	window1: blendMode = 'avg'
17.9304 	EXP 	window1: blendMode = 'avg'
17.9479 	EXP 	window1: blendMode = 'avg'
17.9638 	EXP 	window1: blendMode = 'avg'
17.9794 	EXP 	window1: blendMode = 'avg'
17.9970 	EXP 	window1: blendMode = 'avg'
18.0138 	EXP 	window1: blendMode = 'avg'
18.0304 	EXP 	window1: blendMode = 'avg'
18.0477 	EXP 	window1: blendMode = 'avg'
18.0638 	EXP 	window1: blendMode = 'avg'
18.0805 	EXP 	window1: blendMode = 'avg'
18.0971 	EXP 	window1: blendMode = 'avg'
18.1138 	EXP 	window1: blendMode = 'avg'
18.1304 	EXP 	window1: blendMode = 'avg'
18.1472 	EXP 	window1: blendMode = 'avg'
18.1637 	EXP 	window1: blendMode = 'avg'
18.1805 	EXP 	window1: blendMode = 'avg'
18.1971 	EXP 	window1: blendMode = 'avg'
18.2138 	EXP 	window1: blendMode = 'avg'
18.2305 	EXP 	window1: blendMode = 'avg'
18.2472 	EXP 	window1: blendMode = 'avg'
18.2638 	EXP 	window1: blendMode = 'avg'
18.2802 	EXP 	window1: blendMode = 'avg'
18.2962 	EXP 	window1: blendMode = 'avg'
18.3134 	EXP 	window1: blendMode = 'avg'
18.3305 	EXP 	window1: blendMode = 'avg'
18.3470 	EXP 	window1: blendMode = 'avg'
18.3638 	EXP 	window1: blendMode = 'avg'
18.3803 	EXP 	window1: blendMode = 'avg'
18.3973 	EXP 	window1: blendMode = 'avg'
18.4136 	EXP 	window1: blendMode = 'avg'
18.4304 	EXP 	window1: blendMode = 'avg'
18.4472 	EXP 	window1: blendMode = 'avg'
18.4638 	EXP 	window1: blendMode = 'avg'
18.4790 	EXP 	window1: blendMode = 'avg'
18.4969 	EXP 	window1: blendMode = 'avg'
18.5138 	EXP 	window1: blendMode = 'avg'
18.5304 	EXP 	window1: blendMode = 'avg'
18.5471 	EXP 	window1: blendMode = 'avg'
18.5639 	EXP 	window1: blendMode = 'avg'
18.5797 	EXP 	window1: blendMode = 'avg'
18.5969 	EXP 	window1: blendMode = 'avg'
18.6137 	EXP 	window1: blendMode = 'avg'
18.6304 	EXP 	window1: blendMode = 'avg'
18.6471 	EXP 	window1: blendMode = 'avg'
18.6637 	EXP 	window1: blendMode = 'avg'
18.6805 	EXP 	window1: blendMode = 'avg'
18.6970 	EXP 	window1: blendMode = 'avg'
18.7138 	EXP 	window1: blendMode = 'avg'
18.7304 	EXP 	window1: blendMode = 'avg'
18.7464 	EXP 	window1: blendMode = 'avg'
18.7635 	EXP 	window1: blendMode = 'avg'
18.7803 	EXP 	window1: blendMode = 'avg'
18.7973 	EXP 	window1: blendMode = 'avg'
18.8126 	EXP 	window1: blendMode = 'avg'
18.8298 	EXP 	window1: blendMode = 'avg'
18.8469 	EXP 	window1: blendMode = 'avg'
18.8638 	EXP 	window1: blendMode = 'avg'
18.8804 	EXP 	window1: blendMode = 'avg'
18.8972 	EXP 	window1: blendMode = 'avg'
18.9137 	EXP 	window1: blendMode = 'avg'
18.9305 	EXP 	window1: blendMode = 'avg'
18.9471 	EXP 	window1: blendMode = 'avg'
18.9639 	EXP 	window1: blendMode = 'avg'
18.9803 	EXP 	window1: blendMode = 'avg'
18.9972 	EXP 	window1: blendMode = 'avg'
19.0137 	EXP 	window1: blendMode = 'avg'
19.0304 	EXP 	window1: blendMode = 'avg'
19.0471 	EXP 	window1: blendMode = 'avg'
19.0637 	EXP 	window1: blendMode = 'avg'
19.0805 	EXP 	window1: blendMode = 'avg'
19.0973 	EXP 	window1: blendMode = 'avg'
19.1141 	EXP 	window1: blendMode = 'avg'
19.1303 	EXP 	window1: blendMode = 'avg'
19.1471 	EXP 	window1: blendMode = 'avg'
19.1637 	EXP 	window1: blendMode = 'avg'
19.1805 	EXP 	window1: blendMode = 'avg'
19.1970 	EXP 	window1: blendMode = 'avg'
19.2138 	EXP 	window1: blendMode = 'avg'
19.2304 	EXP 	window1: blendMode = 'avg'
19.2469 	EXP 	window1: blendMode = 'avg'
19.2637 	EXP 	window1: blendMode = 'avg'
19.2804 	EXP 	window1: blendMode = 'avg'
19.2970 	EXP 	window1: blendMode = 'avg'
19.3138 	EXP 	window1: blendMode = 'avg'
19.3304 	EXP 	window1: blendMode = 'avg'
19.3471 	EXP 	window1: blendMode = 'avg'
19.3638 	EXP 	window1: blendMode = 'avg'
19.3804 	EXP 	window1: blendMode = 'avg'
19.3971 	EXP 	window1: blendMode = 'avg'
19.4137 	EXP 	window1: blendMode = 'avg'
19.4304 	EXP 	window1: blendMode = 'avg'
19.4463 	EXP 	window1: blendMode = 'avg'
19.4625 	EXP 	window1: blendMode = 'avg'
19.4802 	EXP 	window1: blendMode = 'avg'
19.4970 	EXP 	window1: blendMode = 'avg'
19.5138 	EXP 	window1: blendMode = 'avg'
19.5299 	EXP 	window1: blendMode = 'avg'
19.5469 	EXP 	window1: blendMode = 'avg'
19.5638 	EXP 	window1: blendMode = 'avg'
19.5803 	EXP 	window1: blendMode = 'avg'
19.5971 	EXP 	window1: blendMode = 'avg'
19.6137 	EXP 	window1: blendMode = 'avg'
19.6304 	EXP 	window1: blendMode = 'avg'
19.6470 	EXP 	window1: blendMode = 'avg'
19.6638 	EXP 	window1: blendMode = 'avg'
19.6804 	EXP 	window1: blendMode = 'avg'
19.6971 	EXP 	window1: blendMode = 'avg'
19.7137 	EXP 	window1: blendMode = 'avg'
19.7305 	EXP 	window1: blendMode = 'avg'
19.7471 	EXP 	window1: blendMode = 'avg'
19.7637 	EXP 	window1: blendMode = 'avg'
19.7804 	EXP 	window1: blendMode = 'avg'
19.7970 	EXP 	window1: blendMode = 'avg'
19.8138 	EXP 	window1: blendMode = 'avg'
19.8304 	EXP 	window1: blendMode = 'avg'
19.8470 	EXP 	window1: blendMode = 'avg'
19.8625 	EXP 	window1: blendMode = 'avg'
19.8805 	EXP 	window1: blendMode = 'avg'
19.8955 	EXP 	window1: blendMode = 'avg'
19.9132 	EXP 	window1: blendMode = 'avg'
19.9303 	EXP 	window1: blendMode = 'avg'
19.9468 	EXP 	window1: blendMode = 'avg'
19.9636 	EXP 	window1: blendMode = 'avg'
19.9794 	EXP 	window1: blendMode = 'avg'
19.9971 	EXP 	window1: blendMode = 'avg'
20.0137 	EXP 	window1: blendMode = 'avg'
20.0304 	EXP 	window1: blendMode = 'avg'
20.0470 	EXP 	window1: blendMode = 'avg'
20.0637 	EXP 	window1: blendMode = 'avg'
20.0805 	EXP 	window1: blendMode = 'avg'
20.0970 	EXP 	window1: blendMode = 'avg'
20.1138 	EXP 	window1: blendMode = 'avg'
20.1304 	EXP 	window1: blendMode = 'avg'
20.1469 	EXP 	window1: blendMode = 'avg'
20.1637 	EXP 	window1: blendMode = 'avg'
20.1805 	EXP 	window1: blendMode = 'avg'
20.1971 	EXP 	window1: blendMode = 'avg'
20.2137 	EXP 	window1: blendMode = 'avg'
20.2307 	EXP 	window1: blendMode = 'avg'
20.2468 	EXP 	window1: blendMode = 'avg'
20.2638 	EXP 	window1: blendMode = 'avg'
20.2806 	EXP 	window1: blendMode = 'avg'
20.2975 	EXP 	window1: blendMode = 'avg'
20.3123 	EXP 	window1: blendMode = 'avg'
20.3295 	EXP 	window1: blendMode = 'avg'
20.3460 	EXP 	window1: blendMode = 'avg'
20.3630 	EXP 	window1: blendMode = 'avg'
20.3790 	EXP 	window1: blendMode = 'avg'
20.3962 	EXP 	window1: blendMode = 'avg'
20.4124 	EXP 	window1: blendMode = 'avg'
20.4295 	EXP 	window1: blendMode = 'avg'
20.4462 	EXP 	window1: blendMode = 'avg'
20.4624 	EXP 	window1: blendMode = 'avg'
20.4803 	EXP 	window1: blendMode = 'avg'
20.4963 	EXP 	window1: blendMode = 'avg'
20.5124 	EXP 	window1: blendMode = 'avg'
20.5302 	EXP 	window1: blendMode = 'avg'
20.5469 	EXP 	window1: blendMode = 'avg'
20.5638 	EXP 	window1: blendMode = 'avg'
20.5804 	EXP 	window1: blendMode = 'avg'
20.5971 	EXP 	window1: blendMode = 'avg'
20.6137 	EXP 	window1: blendMode = 'avg'
20.6305 	EXP 	window1: blendMode = 'avg'
20.6471 	EXP 	window1: blendMode = 'avg'
20.6638 	EXP 	window1: blendMode = 'avg'
20.6803 	EXP 	window1: blendMode = 'avg'
20.6965 	EXP 	window1: blendMode = 'avg'
20.7135 	EXP 	window1: blendMode = 'avg'
20.7303 	EXP 	window1: blendMode = 'avg'
20.7471 	EXP 	window1: blendMode = 'avg'
20.7639 	EXP 	window1: blendMode = 'avg'
20.7805 	EXP 	window1: blendMode = 'avg'
20.7973 	EXP 	window1: blendMode = 'avg'
20.8127 	EXP 	window1: blendMode = 'avg'
20.8300 	EXP 	window1: blendMode = 'avg'
20.8465 	EXP 	window1: blendMode = 'avg'
20.8637 	EXP 	window1: blendMode = 'avg'
20.8804 	EXP 	window1: blendMode = 'avg'
20.8970 	EXP 	window1: blendMode = 'avg'
20.9138 	EXP 	window1: blendMode = 'avg'
20.9303 	EXP 	window1: blendMode = 'avg'
20.9471 	EXP 	window1: blendMode = 'avg'
20.9637 	EXP 	window1: blendMode = 'avg'
20.9796 	EXP 	window1: blendMode = 'avg'
20.9963 	EXP 	window1: blendMode = 'avg'
21.0135 	EXP 	window1: blendMode = 'avg'
21.0303 	EXP 	window1: blendMode = 'avg'
21.0471 	EXP 	window1: blendMode = 'avg'
21.0637 	EXP 	window1: blendMode = 'avg'
21.0804 	EXP 	window1: blendMode = 'avg'
21.0961 	EXP 	window1: blendMode = 'avg'
21.1138 	EXP 	window1: blendMode = 'avg'
21.1304 	EXP 	window1: blendMode = 'avg'
21.1472 	EXP 	window1: blendMode = 'avg'
21.1638 	EXP 	window1: blendMode = 'avg'
21.1803 	EXP 	window1: blendMode = 'avg'
21.1971 	EXP 	window1: blendMode = 'avg'
21.2137 	EXP 	window1: blendMode = 'avg'
21.2305 	EXP 	window1: blendMode = 'avg'
21.2469 	EXP 	window1: blendMode = 'avg'
21.2635 	EXP 	window1: blendMode = 'avg'
21.2804 	EXP 	window1: blendMode = 'avg'
21.2970 	EXP 	window1: blendMode = 'avg'
21.3139 	EXP 	window1: blendMode = 'avg'
21.3305 	EXP 	window1: blendMode = 'avg'
21.3471 	EXP 	window1: blendMode = 'avg'
21.3637 	EXP 	window1: blendMode = 'avg'
21.3804 	EXP 	window1: blendMode = 'avg'
21.3970 	EXP 	window1: blendMode = 'avg'
21.4138 	EXP 	window1: blendMode = 'avg'
21.4305 	EXP 	window1: blendMode = 'avg'
21.4471 	EXP 	window1: blendMode = 'avg'
21.4637 	EXP 	window1: blendMode = 'avg'
21.4804 	EXP 	window1: blendMode = 'avg'
21.4971 	EXP 	window1: blendMode = 'avg'
21.5137 	EXP 	window1: blendMode = 'avg'
21.5305 	EXP 	window1: blendMode = 'avg'
21.5470 	EXP 	window1: blendMode = 'avg'
21.5638 	EXP 	window1: blendMode = 'avg'
21.5804 	EXP 	window1: blendMode = 'avg'
21.5973 	EXP 	window1: blendMode = 'avg'
21.6129 	EXP 	window1: blendMode = 'avg'
21.6303 	EXP 	window1: blendMode = 'avg'
21.6469 	EXP 	window1: blendMode = 'avg'
21.6638 	EXP 	window1: blendMode = 'avg'
21.6804 	EXP 	window1: blendMode = 'avg'
21.6971 	EXP 	window1: blendMode = 'avg'
21.7137 	EXP 	window1: blendMode = 'avg'
21.7305 	EXP 	window1: blendMode = 'avg'
21.7470 	EXP 	window1: blendMode = 'avg'
21.7638 	EXP 	window1: blendMode = 'avg'
21.7795 	EXP 	window1: blendMode = 'avg'
21.7964 	EXP 	window1: blendMode = 'avg'
21.8130 	EXP 	window1: blendMode = 'avg'
21.8307 	EXP 	window1: blendMode = 'avg'
21.8466 	EXP 	window1: blendMode = 'avg'
21.8636 	EXP 	window1: blendMode = 'avg'
21.8804 	EXP 	window1: blendMode = 'avg'
21.8970 	EXP 	window1: blendMode = 'avg'
21.9138 	EXP 	window1: blendMode = 'avg'
21.9304 	EXP 	window1: blendMode = 'avg'
21.9470 	EXP 	window1: blendMode = 'avg'
21.9638 	EXP 	window1: blendMode = 'avg'
21.9804 	EXP 	window1: blendMode = 'avg'
21.9973 	EXP 	window1: blendMode = 'avg'
22.0136 	EXP 	window1: blendMode = 'avg'
22.0304 	EXP 	window1: blendMode = 'avg'
22.0471 	EXP 	window1: blendMode = 'avg'
22.0637 	EXP 	window1: blendMode = 'avg'
22.0804 	EXP 	window1: blendMode = 'avg'
22.0971 	EXP 	window1: blendMode = 'avg'
22.1136 	EXP 	window1: blendMode = 'avg'
22.1305 	EXP 	window1: blendMode = 'avg'
22.1470 	EXP 	window1: blendMode = 'avg'
22.1638 	EXP 	window1: blendMode = 'avg'
22.1803 	EXP 	window1: blendMode = 'avg'
22.1971 	EXP 	window1: blendMode = 'avg'
22.2137 	EXP 	window1: blendMode = 'avg'
22.2303 	EXP 	window1: blendMode = 'avg'
22.2472 	EXP 	window1: blendMode = 'avg'
22.2638 	EXP 	window1: blendMode = 'avg'
22.2803 	EXP 	window1: blendMode = 'avg'
22.2972 	EXP 	window1: blendMode = 'avg'
22.3137 	EXP 	window1: blendMode = 'avg'
22.3303 	EXP 	window1: blendMode = 'avg'
22.3471 	EXP 	window1: blendMode = 'avg'
22.3637 	EXP 	window1: blendMode = 'avg'
22.3804 	EXP 	window1: blendMode = 'avg'
22.3970 	EXP 	window1: blendMode = 'avg'
22.4137 	EXP 	window1: blendMode = 'avg'
22.4303 	EXP 	window1: blendMode = 'avg'
22.4471 	EXP 	window1: blendMode = 'avg'
22.4637 	EXP 	window1: blendMode = 'avg'
22.4804 	EXP 	window1: blendMode = 'avg'
22.4970 	EXP 	window1: blendMode = 'avg'
22.5138 	EXP 	window1: blendMode = 'avg'
22.5304 	EXP 	window1: blendMode = 'avg'
22.5470 	EXP 	window1: blendMode = 'avg'
22.5638 	EXP 	window1: blendMode = 'avg'
22.5803 	EXP 	window1: blendMode = 'avg'
22.5971 	EXP 	window1: blendMode = 'avg'
22.6137 	EXP 	window1: blendMode = 'avg'
22.6305 	EXP 	window1: blendMode = 'avg'
22.6471 	EXP 	window1: blendMode = 'avg'
22.6638 	EXP 	window1: blendMode = 'avg'
22.6804 	EXP 	window1: blendMode = 'avg'
22.6970 	EXP 	window1: blendMode = 'avg'
22.7136 	EXP 	window1: blendMode = 'avg'
22.7303 	EXP 	window1: blendMode = 'avg'
22.7473 	EXP 	window1: blendMode = 'avg'
22.7639 	EXP 	window1: blendMode = 'avg'
22.7800 	EXP 	window1: blendMode = 'avg'
22.7969 	EXP 	window1: blendMode = 'avg'
22.8136 	EXP 	window1: blendMode = 'avg'
22.8304 	EXP 	window1: blendMode = 'avg'
22.8469 	EXP 	window1: blendMode = 'avg'
22.8636 	EXP 	window1: blendMode = 'avg'
22.8804 	EXP 	window1: blendMode = 'avg'
22.8971 	EXP 	window1: blendMode = 'avg'
22.9137 	EXP 	window1: blendMode = 'avg'
22.9304 	EXP 	window1: blendMode = 'avg'
22.9470 	EXP 	window1: blendMode = 'avg'
22.9639 	EXP 	window1: blendMode = 'avg'
22.9806 	EXP 	window1: blendMode = 'avg'
22.9969 	EXP 	window1: blendMode = 'avg'
23.0137 	EXP 	window1: blendMode = 'avg'
23.0303 	EXP 	window1: blendMode = 'avg'
23.0471 	EXP 	window1: blendMode = 'avg'
23.0636 	EXP 	window1: blendMode = 'avg'
23.0805 	EXP 	window1: blendMode = 'avg'
23.0970 	EXP 	window1: blendMode = 'avg'
23.1137 	EXP 	window1: blendMode = 'avg'
23.1304 	EXP 	window1: blendMode = 'avg'
23.1474 	EXP 	window1: blendMode = 'avg'
23.1635 	EXP 	window1: blendMode = 'avg'
23.1804 	EXP 	window1: blendMode = 'avg'
23.1971 	EXP 	window1: blendMode = 'avg'
23.2137 	EXP 	window1: blendMode = 'avg'
23.2304 	EXP 	window1: blendMode = 'avg'
23.2470 	EXP 	window1: blendMode = 'avg'
23.2638 	EXP 	window1: blendMode = 'avg'
23.2803 	EXP 	window1: blendMode = 'avg'
23.2971 	EXP 	window1: blendMode = 'avg'
23.3126 	EXP 	window1: blendMode = 'avg'
23.3304 	EXP 	window1: blendMode = 'avg'
23.3471 	EXP 	window1: blendMode = 'avg'
23.3638 	EXP 	window1: blendMode = 'avg'
23.3804 	EXP 	window1: blendMode = 'avg'
23.3971 	EXP 	window1: blendMode = 'avg'
23.4137 	EXP 	window1: blendMode = 'avg'
23.4305 	EXP 	window1: blendMode = 'avg'
23.4470 	EXP 	window1: blendMode = 'avg'
23.4638 	EXP 	window1: blendMode = 'avg'
23.4803 	EXP 	window1: blendMode = 'avg'
23.4972 	EXP 	window1: blendMode = 'avg'
23.5138 	EXP 	window1: blendMode = 'avg'
23.5304 	EXP 	window1: blendMode = 'avg'
23.5470 	EXP 	window1: blendMode = 'avg'
23.5638 	EXP 	window1: blendMode = 'avg'
23.5803 	EXP 	window1: blendMode = 'avg'
23.5971 	EXP 	window1: blendMode = 'avg'
23.6137 	EXP 	window1: blendMode = 'avg'
23.6305 	EXP 	window1: blendMode = 'avg'
23.6471 	EXP 	window1: blendMode = 'avg'
23.6637 	EXP 	window1: blendMode = 'avg'
23.6803 	EXP 	window1: blendMode = 'avg'
23.6971 	EXP 	window1: blendMode = 'avg'
23.7137 	EXP 	window1: blendMode = 'avg'
23.7305 	EXP 	window1: blendMode = 'avg'
23.7470 	EXP 	window1: blendMode = 'avg'
23.7637 	EXP 	window1: blendMode = 'avg'
23.7804 	EXP 	window1: blendMode = 'avg'
23.7971 	EXP 	window1: blendMode = 'avg'
23.8136 	EXP 	window1: blendMode = 'avg'
23.8327 	DATA 	Keypress: space
23.8436 	EXP 	Imported Book.xlsx as conditions, 44 conditions, 7 params
23.8442 	EXP 	Created sequence: random, trialTypes=44, nReps=1, seed=None
23.8446 	EXP 	New trial (rep=0, index=0): {'YLeftPos': 0, 'time_presentation': 0.5, 'XLeftPos': -300, 'XRightPos': 300, 'rightimg': u'frogs/ab45.jpg', 'YRightPos': 0, 'leftimg': u'frogs/ab5.jpg'}
23.9121 	EXP 	text_2: autoDraw = False
23.9121 	EXP 	Leftimg: pos = array([-300.,    0.])
23.9121 	EXP 	Leftimg: image = u'frogs/ab5.jpg'
23.9121 	EXP 	Rightimg: pos = array([ 300.,    0.])
23.9121 	EXP 	Rightimg: image = u'frogs/ab45.jpg'
23.9121 	EXP 	Leftimg: autoDraw = True
23.9121 	EXP 	Rightimg: autoDraw = True
24.3629 	EXP 	Leftimg: autoDraw = False
24.3629 	EXP 	Rightimg: autoDraw = False
24.7652 	DATA 	Keypress: left
24.7809 	EXP 	New trial (rep=0, index=1): {'YLeftPos': 0, 'time_presentation': 0.5, 'XLeftPos': -300, 'XRightPos': 300, 'rightimg': u'frogs/ab57.jpg', 'YRightPos': 0, 'leftimg': u'frogs/ab17.jpg'}
24.8787 	EXP 	Leftimg: autoDraw = False
24.8787 	EXP 	Rightimg: autoDraw = False
24.8787 	EXP 	text: autoDraw = False
24.8787 	EXP 	Leftimg: pos = array([-300.,    0.])
24.8787 	EXP 	Leftimg: image = u'frogs/ab17.jpg'
24.8787 	EXP 	Rightimg: pos = array([ 300.,    0.])
24.8787 	EXP 	Rightimg: image = u'frogs/ab57.jpg'
24.8787 	EXP 	Leftimg: autoDraw = True
24.8787 	EXP 	Rightimg: autoDraw = True
25.2959 	EXP 	Leftimg: autoDraw = False
25.2959 	EXP 	Rightimg: autoDraw = False
25.5999 	DATA 	Keypress: right
25.6141 	EXP 	New trial (rep=0, index=2): {'YLeftPos': 0, 'time_presentation': 0.5, 'XLeftPos': -300, 'XRightPos': 300, 'rightimg': u'frogs/ab77.jpg', 'YRightPos': 0, 'leftimg': u'frogs/ab37.jpg'}
25.6629 	EXP 	Leftimg: autoDraw = False
25.6629 	EXP 	Rightimg: autoDraw = False
25.6629 	EXP 	text: autoDraw = False
25.6629 	EXP 	Leftimg: pos = array([-300.,    0.])
25.6629 	EXP 	Leftimg: image = u'frogs/ab37.jpg'
25.6629 	EXP 	Rightimg: pos = array([ 300.,    0.])
25.6629 	EXP 	Rightimg: image = u'frogs/ab77.jpg'
25.6629 	EXP 	Leftimg: autoDraw = True
25.6629 	EXP 	Rightimg: autoDraw = True
26.1293 	EXP 	Leftimg: autoDraw = False
26.1293 	EXP 	Rightimg: autoDraw = False
26.2142 	DATA 	Keypress: left
26.2153 	EXP 	New trial (rep=0, index=3): {'YLeftPos': 0, 'time_presentation': 0.5, 'XLeftPos': -300, 'XRightPos': 300, 'rightimg': u'frogs/ab69.jpg', 'YRightPos': 0, 'leftimg': u'frogs/ab29.jpg'}
26.2453 	EXP 	Leftimg: autoDraw = False
26.2453 	EXP 	Rightimg: autoDraw = False
26.2453 	EXP 	text: autoDraw = False
26.2453 	EXP 	Leftimg: pos = array([-300.,    0.])
26.2453 	EXP 	Leftimg: image = u'frogs/ab29.jpg'
26.2453 	EXP 	Rightimg: pos = array([ 300.,    0.])
26.2453 	EXP 	Rightimg: image = u'frogs/ab69.jpg'
26.2453 	EXP 	Leftimg: autoDraw = True
26.2453 	EXP 	Rightimg: autoDraw = True
26.7293 	EXP 	Leftimg: autoDraw = False
26.7293 	EXP 	Rightimg: autoDraw = False
26.8637 	DATA 	Keypress: left
26.8650 	EXP 	New trial (rep=0, index=4): {'YLeftPos': 0, 'time_presentation': 0.5, 'XLeftPos': -300, 'XRightPos': 300, 'rightimg': u'frogs/ab61.jpg', 'YRightPos': 0, 'leftimg': u'frogs/ab21.jpg'}
26.8950 	EXP 	Leftimg: autoDraw = False
26.8950 	EXP 	Rightimg: autoDraw = False
26.8950 	EXP 	text: autoDraw = False
26.8950 	EXP 	Leftimg: pos = array([-300.,    0.])
26.8950 	EXP 	Leftimg: image = u'frogs/ab21.jpg'
26.8950 	EXP 	Rightimg: pos = array([ 300.,    0.])
26.8950 	EXP 	Rightimg: image = u'frogs/ab61.jpg'
26.8950 	EXP 	Leftimg: autoDraw = True
26.8950 	EXP 	Rightimg: autoDraw = True
27.2794 	DATA 	Keypress: right
27.2802 	EXP 	New trial (rep=0, index=5): {'YLeftPos': 0, 'time_presentation': 0.5, 'XLeftPos': -300, 'XRightPos': 300, 'rightimg': u'frogs/ab76.jpg', 'YRightPos': 0, 'leftimg': u'frogs/ab36.jpg'}
27.3127 	EXP 	Leftimg: autoDraw = False
27.3127 	EXP 	Rightimg: autoDraw = False
27.3127 	EXP 	text: autoDraw = False
27.3127 	EXP 	Leftimg: pos = array([-300.,    0.])
27.3127 	EXP 	Leftimg: image = u'frogs/ab36.jpg'
27.3127 	EXP 	Rightimg: pos = array([ 300.,    0.])
27.3127 	EXP 	Rightimg: image = u'frogs/ab76.jpg'
27.3127 	EXP 	Leftimg: autoDraw = True
27.3127 	EXP 	Rightimg: autoDraw = True
27.7656 	DATA 	Keypress: left
27.7806 	EXP 	New trial (rep=0, index=6): {'YLeftPos': 0, 'time_presentation': 0.5, 'XLeftPos': -300, 'XRightPos': 300, 'rightimg': u'frogs/ab73.jpg', 'YRightPos': 0, 'leftimg': u'frogs/ab33.jpg'}
27.8785 	EXP 	Leftimg: autoDraw = False
27.8785 	EXP 	Rightimg: autoDraw = False
27.8785 	EXP 	Leftimg: autoDraw = False
27.8785 	EXP 	Rightimg: autoDraw = False
27.8785 	EXP 	text: autoDraw = False
27.8785 	EXP 	Leftimg: pos = array([-300.,    0.])
27.8785 	EXP 	Leftimg: image = u'frogs/ab33.jpg'
27.8785 	EXP 	Rightimg: pos = array([ 300.,    0.])
27.8785 	EXP 	Rightimg: image = u'frogs/ab73.jpg'
27.8785 	EXP 	Leftimg: autoDraw = True
27.8785 	EXP 	Rightimg: autoDraw = True
28.2796 	DATA 	Keypress: left
28.2803 	EXP 	New trial (rep=0, index=7): {'YLeftPos': 0, 'time_presentation': 0.5, 'XLeftPos': -300, 'XRightPos': 300, 'rightimg': u'frogs/ab79.jpg', 'YRightPos': 0, 'leftimg': u'frogs/ab39.jpg'}
28.3117 	EXP 	Leftimg: autoDraw = False
28.3117 	EXP 	Rightimg: autoDraw = False
28.3117 	EXP 	Leftimg: autoDraw = False
28.3117 	EXP 	Rightimg: autoDraw = False
28.3117 	EXP 	text: autoDraw = False
28.3117 	EXP 	Leftimg: pos = array([-300.,    0.])
28.3117 	EXP 	Leftimg: image = u'frogs/ab39.jpg'
28.3117 	EXP 	Rightimg: pos = array([ 300.,    0.])
28.3117 	EXP 	Rightimg: image = u'frogs/ab79.jpg'
28.3117 	EXP 	Leftimg: autoDraw = True
28.3117 	EXP 	Rightimg: autoDraw = True
28.7468 	DATA 	Keypress: right
28.7475 	EXP 	New trial (rep=0, index=8): {'YLeftPos': 0, 'time_presentation': 0.5, 'XLeftPos': -300, 'XRightPos': 300, 'rightimg': u'frogs/ab47.jpg', 'YRightPos': 0, 'leftimg': u'frogs/ab7.jpg'}
29.1127 	EXP 	Leftimg: autoDraw = False
29.1127 	EXP 	Rightimg: autoDraw = False
29.1127 	EXP 	text: autoDraw = False
29.1127 	EXP 	Leftimg: pos = array([-300.,    0.])
29.1127 	EXP 	Leftimg: image = u'frogs/ab7.jpg'
29.1127 	EXP 	Rightimg: pos = array([ 300.,    0.])
29.1127 	EXP 	Rightimg: image = u'frogs/ab47.jpg'
29.1127 	EXP 	Leftimg: autoDraw = True
29.1127 	EXP 	Rightimg: autoDraw = True
29.2628 	EXP 	Leftimg: autoDraw = False
29.2628 	EXP 	Rightimg: autoDraw = False
29.6967 	DATA 	Keypress: left
29.6977 	EXP 	New trial (rep=0, index=9): {'YLeftPos': 0, 'time_presentation': 0.5, 'XLeftPos': -300, 'XRightPos': 300, 'rightimg': u'frogs/ab71.jpg', 'YRightPos': 0, 'leftimg': u'frogs/ab31.jpg'}
29.7961 	EXP 	Leftimg: autoDraw = False
29.7961 	EXP 	Rightimg: autoDraw = False
29.7961 	EXP 	text: autoDraw = False
29.7961 	EXP 	Leftimg: pos = array([-300.,    0.])
29.7961 	EXP 	Leftimg: image = u'frogs/ab31.jpg'
29.7961 	EXP 	Rightimg: pos = array([ 300.,    0.])
29.7961 	EXP 	Rightimg: image = u'frogs/ab71.jpg'
29.7961 	EXP 	Leftimg: autoDraw = True
29.7961 	EXP 	Rightimg: autoDraw = True
30.2128 	EXP 	Leftimg: autoDraw = False
30.2128 	EXP 	Rightimg: autoDraw = False
30.3642 	DATA 	Keypress: right
30.3653 	EXP 	New trial (rep=0, index=10): {'YLeftPos': 0, 'time_presentation': 0.5, 'XLeftPos': -300, 'XRightPos': 300, 'rightimg': u'1.jpg', 'YRightPos': 0, 'leftimg': u'3.jpg'}
30.4122 	EXP 	Leftimg: autoDraw = False
30.4122 	EXP 	Rightimg: autoDraw = False
30.4122 	EXP 	text: autoDraw = False
30.4122 	EXP 	Leftimg: pos = array([-300.,    0.])
30.4122 	EXP 	Leftimg: image = u'3.jpg'
30.4122 	EXP 	Rightimg: pos = array([ 300.,    0.])
30.4122 	EXP 	Rightimg: image = u'1.jpg'
30.4122 	EXP 	Leftimg: autoDraw = True
30.4122 	EXP 	Rightimg: autoDraw = True
30.8793 	EXP 	Leftimg: autoDraw = False
30.8793 	EXP 	Rightimg: autoDraw = False
30.9302 	DATA 	Keypress: left
30.9314 	EXP 	New trial (rep=0, index=11): {'YLeftPos': 0, 'time_presentation': 0.5, 'XLeftPos': -300, 'XRightPos': 300, 'rightimg': u'frogs/ab66.jpg', 'YRightPos': 0, 'leftimg': u'frogs/ab26.jpg'}
30.9451 	EXP 	Leftimg: autoDraw = False
30.9451 	EXP 	Rightimg: autoDraw = False
30.9451 	EXP 	text: autoDraw = False
30.9451 	EXP 	Leftimg: pos = array([-300.,    0.])
30.9451 	EXP 	Leftimg: image = u'frogs/ab26.jpg'
30.9451 	EXP 	Rightimg: pos = array([ 300.,    0.])
30.9451 	EXP 	Rightimg: image = u'frogs/ab66.jpg'
30.9451 	EXP 	Leftimg: autoDraw = True
30.9451 	EXP 	Rightimg: autoDraw = True
31.4459 	EXP 	Leftimg: autoDraw = False
31.4459 	EXP 	Rightimg: autoDraw = False
31.6145 	DATA 	Keypress: right
31.6302 	EXP 	New trial (rep=0, index=12): {'YLeftPos': 0, 'time_presentation': 0.5, 'XLeftPos': -300, 'XRightPos': 300, 'rightimg': u'frogs/ab68.jpg', 'YRightPos': 0, 'leftimg': u'frogs/ab28.jpg'}
31.6624 	EXP 	Leftimg: autoDraw = False
31.6624 	EXP 	Rightimg: autoDraw = False
31.6624 	EXP 	text: autoDraw = False
31.6624 	EXP 	Leftimg: pos = array([-300.,    0.])
31.6624 	EXP 	Leftimg: image = u'frogs/ab28.jpg'
31.6624 	EXP 	Rightimg: pos = array([ 300.,    0.])
31.6624 	EXP 	Rightimg: image = u'frogs/ab68.jpg'
31.6624 	EXP 	Leftimg: autoDraw = True
31.6624 	EXP 	Rightimg: autoDraw = True
32.1458 	EXP 	Leftimg: autoDraw = False
32.1458 	EXP 	Rightimg: autoDraw = False
32.1798 	DATA 	Keypress: right
32.1808 	EXP 	New trial (rep=0, index=13): {'YLeftPos': 0, 'time_presentation': 0.5, 'XLeftPos': -300, 'XRightPos': 300, 'rightimg': u'2.jpg', 'YRightPos': 0, 'leftimg': u'4.jpg'}
32.2121 	EXP 	Leftimg: autoDraw = False
32.2121 	EXP 	Rightimg: autoDraw = False
32.2121 	EXP 	text: autoDraw = False
32.2121 	EXP 	Leftimg: pos = array([-300.,    0.])
32.2121 	EXP 	Leftimg: image = u'4.jpg'
32.2121 	EXP 	Rightimg: pos = array([ 300.,    0.])
32.2121 	EXP 	Rightimg: image = u'2.jpg'
32.2121 	EXP 	Leftimg: autoDraw = True
32.2121 	EXP 	Rightimg: autoDraw = True
32.6642 	DATA 	Keypress: left
32.6652 	EXP 	New trial (rep=0, index=14): {'YLeftPos': 0, 'time_presentation': 0.5, 'XLeftPos': -300, 'XRightPos': 300, 'rightimg': u'frogs/ab50.jpg', 'YRightPos': 0, 'leftimg': u'frogs/ab10.jpg'}
32.7293 	EXP 	Leftimg: autoDraw = False
32.7293 	EXP 	Rightimg: autoDraw = False
32.7293 	EXP 	text: autoDraw = False
32.7293 	EXP 	Leftimg: pos = array([-300.,    0.])
32.7293 	EXP 	Leftimg: image = u'frogs/ab10.jpg'
32.7293 	EXP 	Rightimg: pos = array([ 300.,    0.])
32.7293 	EXP 	Rightimg: image = u'frogs/ab50.jpg'
32.7293 	EXP 	Leftimg: autoDraw = True
32.7293 	EXP 	Rightimg: autoDraw = True
33.1792 	EXP 	Leftimg: autoDraw = False
33.1792 	EXP 	Rightimg: autoDraw = False
33.2963 	DATA 	Keypress: right
33.2974 	EXP 	New trial (rep=0, index=15): {'YLeftPos': 0, 'time_presentation': 0.5, 'XLeftPos': -300, 'XRightPos': 300, 'rightimg': u'frogs/ab60.jpg', 'YRightPos': 0, 'leftimg': u'frogs/ab20.jpg'}
33.3122 	EXP 	Leftimg: autoDraw = False
33.3122 	EXP 	Rightimg: autoDraw = False
33.3122 	EXP 	text: autoDraw = False
33.3122 	EXP 	Leftimg: pos = array([-300.,    0.])
33.3122 	EXP 	Leftimg: image = u'frogs/ab20.jpg'
33.3122 	EXP 	Rightimg: pos = array([ 300.,    0.])
33.3122 	EXP 	Rightimg: image = u'frogs/ab60.jpg'
33.3122 	EXP 	Leftimg: autoDraw = True
33.3122 	EXP 	Rightimg: autoDraw = True
33.8125 	EXP 	Leftimg: autoDraw = False
33.8125 	EXP 	Rightimg: autoDraw = False
33.8311 	DATA 	Keypress: left
33.8323 	EXP 	New trial (rep=0, index=16): {'YLeftPos': 0, 'time_presentation': 0.5, 'XLeftPos': -300, 'XRightPos': 300, 'rightimg': u'frogs/ab55.jpg', 'YRightPos': 0, 'leftimg': u'frogs/ab15.jpg'}
33.9115 	EXP 	Leftimg: autoDraw = False
33.9115 	EXP 	Rightimg: autoDraw = False
33.9115 	EXP 	text: autoDraw = False
33.9115 	EXP 	Leftimg: pos = array([-300.,    0.])
33.9115 	EXP 	Leftimg: image = u'frogs/ab15.jpg'
33.9115 	EXP 	Rightimg: pos = array([ 300.,    0.])
33.9115 	EXP 	Rightimg: image = u'frogs/ab55.jpg'
33.9115 	EXP 	Leftimg: autoDraw = True
33.9115 	EXP 	Rightimg: autoDraw = True
34.3301 	DATA 	Keypress: left
34.3308 	EXP 	New trial (rep=0, index=17): {'YLeftPos': 0, 'time_presentation': 0.5, 'XLeftPos': -300, 'XRightPos': 300, 'rightimg': u'frogs/ab75.jpg', 'YRightPos': 0, 'leftimg': u'frogs/ab35.jpg'}
34.3630 	EXP 	Leftimg: autoDraw = False
34.3630 	EXP 	Rightimg: autoDraw = False
34.3630 	EXP 	Leftimg: autoDraw = False
34.3630 	EXP 	Rightimg: autoDraw = False
34.3630 	EXP 	text: autoDraw = False
34.3630 	EXP 	Leftimg: pos = array([-300.,    0.])
34.3630 	EXP 	Leftimg: image = u'frogs/ab35.jpg'
34.3630 	EXP 	Rightimg: pos = array([ 300.,    0.])
34.3630 	EXP 	Rightimg: image = u'frogs/ab75.jpg'
34.3630 	EXP 	Leftimg: autoDraw = True
34.3630 	EXP 	Rightimg: autoDraw = True
34.8458 	EXP 	Leftimg: autoDraw = False
34.8458 	EXP 	Rightimg: autoDraw = False
34.8963 	DATA 	Keypress: right
34.8972 	EXP 	New trial (rep=0, index=18): {'YLeftPos': 0, 'time_presentation': 0.5, 'XLeftPos': -300, 'XRightPos': 300, 'rightimg': u'frogs/ab78.jpg', 'YRightPos': 0, 'leftimg': u'frogs/ab38.jpg'}
34.9282 	EXP 	Leftimg: autoDraw = False
34.9282 	EXP 	Rightimg: autoDraw = False
34.9282 	EXP 	text: autoDraw = False
34.9282 	EXP 	Leftimg: pos = array([-300.,    0.])
34.9282 	EXP 	Leftimg: image = u'frogs/ab38.jpg'
34.9282 	EXP 	Rightimg: pos = array([ 300.,    0.])
34.9282 	EXP 	Rightimg: image = u'frogs/ab78.jpg'
34.9282 	EXP 	Leftimg: autoDraw = True
34.9282 	EXP 	Rightimg: autoDraw = True
35.4123 	EXP 	Leftimg: autoDraw = False
35.4123 	EXP 	Rightimg: autoDraw = False
35.4305 	DATA 	Keypress: right
35.4315 	EXP 	New trial (rep=0, index=19): {'YLeftPos': 0, 'time_presentation': 0.5, 'XLeftPos': -300, 'XRightPos': 300, 'rightimg': u'frogs/ab56.jpg', 'YRightPos': 0, 'leftimg': u'frogs/ab16.jpg'}
35.6811 	EXP 	Leftimg: autoDraw = False
35.6811 	EXP 	Rightimg: autoDraw = False
35.6811 	EXP 	text: autoDraw = False
35.6811 	EXP 	Leftimg: pos = array([-300.,    0.])
35.6811 	EXP 	Leftimg: image = u'frogs/ab16.jpg'
35.6811 	EXP 	Rightimg: pos = array([ 300.,    0.])
35.6811 	EXP 	Rightimg: image = u'frogs/ab56.jpg'
35.6811 	EXP 	Leftimg: autoDraw = True
35.6811 	EXP 	Rightimg: autoDraw = True
35.9458 	EXP 	Leftimg: autoDraw = False
35.9458 	EXP 	Rightimg: autoDraw = False
36.1462 	DATA 	Keypress: left
36.1472 	EXP 	New trial (rep=0, index=20): {'YLeftPos': 0, 'time_presentation': 0.5, 'XLeftPos': -300, 'XRightPos': 300, 'rightimg': u'frogs/ab64.jpg', 'YRightPos': 0, 'leftimg': u'frogs/ab24.jpg'}
36.1785 	EXP 	Leftimg: autoDraw = False
36.1785 	EXP 	Rightimg: autoDraw = False
36.1785 	EXP 	text: autoDraw = False
36.1785 	EXP 	Leftimg: pos = array([-300.,    0.])
36.1785 	EXP 	Leftimg: image = u'frogs/ab24.jpg'
36.1785 	EXP 	Rightimg: pos = array([ 300.,    0.])
36.1785 	EXP 	Rightimg: image = u'frogs/ab64.jpg'
36.1785 	EXP 	Leftimg: autoDraw = True
36.1785 	EXP 	Rightimg: autoDraw = True
36.6624 	EXP 	Leftimg: autoDraw = False
36.6624 	EXP 	Rightimg: autoDraw = False
36.6800 	DATA 	Keypress: right
36.6811 	EXP 	New trial (rep=0, index=21): {'YLeftPos': 0, 'time_presentation': 0.5, 'XLeftPos': -300, 'XRightPos': 300, 'rightimg': u'frogs/ab58.jpg', 'YRightPos': 0, 'leftimg': u'frogs/ab18.jpg'}
36.8293 	EXP 	Leftimg: autoDraw = False
36.8293 	EXP 	Rightimg: autoDraw = False
36.8293 	EXP 	text: autoDraw = False
36.8293 	EXP 	Leftimg: pos = array([-300.,    0.])
36.8293 	EXP 	Leftimg: image = u'frogs/ab18.jpg'
36.8293 	EXP 	Rightimg: pos = array([ 300.,    0.])
36.8293 	EXP 	Rightimg: image = u'frogs/ab58.jpg'
36.8293 	EXP 	Leftimg: autoDraw = True
36.8293 	EXP 	Rightimg: autoDraw = True
37.1958 	EXP 	Leftimg: autoDraw = False
37.1958 	EXP 	Rightimg: autoDraw = False
37.3808 	DATA 	Keypress: left
37.3821 	EXP 	New trial (rep=0, index=22): {'YLeftPos': 0, 'time_presentation': 0.5, 'XLeftPos': -300, 'XRightPos': 300, 'rightimg': u'frogs/ab42.jpg', 'YRightPos': 0, 'leftimg': u'frogs/ab2.jpg'}
37.6961 	EXP 	Leftimg: autoDraw = False
37.6961 	EXP 	Rightimg: autoDraw = False
37.6961 	EXP 	text: autoDraw = False
37.6961 	EXP 	Leftimg: pos = array([-300.,    0.])
37.6961 	EXP 	Leftimg: image = u'frogs/ab2.jpg'
37.6961 	EXP 	Rightimg: pos = array([ 300.,    0.])
37.6961 	EXP 	Rightimg: image = u'frogs/ab42.jpg'
37.6961 	EXP 	Leftimg: autoDraw = True
37.6961 	EXP 	Rightimg: autoDraw = True
37.8956 	EXP 	Leftimg: autoDraw = False
37.8956 	EXP 	Rightimg: autoDraw = False
37.9815 	DATA 	Keypress: right
37.9971 	EXP 	New trial (rep=0, index=23): {'YLeftPos': 0, 'time_presentation': 0.5, 'XLeftPos': -300, 'XRightPos': 300, 'rightimg': u'frogs/ab41.jpg', 'YRightPos': 0, 'leftimg': u'frogs/ab1.jpg'}
38.0286 	EXP 	Leftimg: autoDraw = False
38.0286 	EXP 	Rightimg: autoDraw = False
38.0286 	EXP 	text: autoDraw = False
38.0286 	EXP 	Leftimg: pos = array([-300.,    0.])
38.0286 	EXP 	Leftimg: image = u'frogs/ab1.jpg'
38.0286 	EXP 	Rightimg: pos = array([ 300.,    0.])
38.0286 	EXP 	Rightimg: image = u'frogs/ab41.jpg'
38.0286 	EXP 	Leftimg: autoDraw = True
38.0286 	EXP 	Rightimg: autoDraw = True
38.3810 	DATA 	Keypress: left
38.3819 	EXP 	New trial (rep=0, index=24): {'YLeftPos': 0, 'time_presentation': 0.5, 'XLeftPos': -300, 'XRightPos': 300, 'rightimg': u'frogs/ab62.jpg', 'YRightPos': 0, 'leftimg': u'frogs/ab22.jpg'}
38.5459 	EXP 	Leftimg: autoDraw = False
38.5459 	EXP 	Rightimg: autoDraw = False
38.5459 	EXP 	text: autoDraw = False
38.5459 	EXP 	Leftimg: pos = array([-300.,    0.])
38.5459 	EXP 	Leftimg: image = u'frogs/ab22.jpg'
38.5459 	EXP 	Rightimg: pos = array([ 300.,    0.])
38.5459 	EXP 	Rightimg: image = u'frogs/ab62.jpg'
38.5459 	EXP 	Leftimg: autoDraw = True
38.5459 	EXP 	Rightimg: autoDraw = True
38.8955 	EXP 	Leftimg: autoDraw = False
38.8955 	EXP 	Rightimg: autoDraw = False
38.9310 	DATA 	Keypress: right
38.9321 	EXP 	New trial (rep=0, index=25): {'YLeftPos': 0, 'time_presentation': 0.5, 'XLeftPos': -300, 'XRightPos': 300, 'rightimg': u'frogs/ab80.jpg', 'YRightPos': 0, 'leftimg': u'frogs/ab40.jpg'}
38.9621 	EXP 	Leftimg: autoDraw = False
38.9621 	EXP 	Rightimg: autoDraw = False
38.9621 	EXP 	text: autoDraw = False
38.9621 	EXP 	Leftimg: pos = array([-300.,    0.])
38.9621 	EXP 	Leftimg: image = u'frogs/ab40.jpg'
38.9621 	EXP 	Rightimg: pos = array([ 300.,    0.])
38.9621 	EXP 	Rightimg: image = u'frogs/ab80.jpg'
38.9621 	EXP 	Leftimg: autoDraw = True
38.9621 	EXP 	Rightimg: autoDraw = True
39.3642 	DATA 	Keypress: right
39.3651 	EXP 	New trial (rep=0, index=26): {'YLeftPos': 0, 'time_presentation': 0.5, 'XLeftPos': -300, 'XRightPos': 300, 'rightimg': u'frogs/ab67.jpg', 'YRightPos': 0, 'leftimg': u'frogs/ab27.jpg'}
39.4126 	EXP 	Leftimg: autoDraw = False
39.4126 	EXP 	Rightimg: autoDraw = False
39.4126 	EXP 	text: autoDraw = False
39.4126 	EXP 	Leftimg: pos = array([-300.,    0.])
39.4126 	EXP 	Leftimg: image = u'frogs/ab27.jpg'
39.4126 	EXP 	Rightimg: pos = array([ 300.,    0.])
39.4126 	EXP 	Rightimg: image = u'frogs/ab67.jpg'
39.4126 	EXP 	Leftimg: autoDraw = True
39.4126 	EXP 	Rightimg: autoDraw = True
39.6638 	DATA 	Keypress: left
39.6648 	EXP 	New trial (rep=0, index=27): {'YLeftPos': 0, 'time_presentation': 0.5, 'XLeftPos': -300, 'XRightPos': 300, 'rightimg': u'frogs/ab74.jpg', 'YRightPos': 0, 'leftimg': u'frogs/ab34.jpg'}
39.7621 	EXP 	Leftimg: autoDraw = False
39.7621 	EXP 	Rightimg: autoDraw = False
39.7621 	EXP 	text: autoDraw = False
39.7621 	EXP 	Leftimg: pos = array([-300.,    0.])
39.7621 	EXP 	Leftimg: image = u'frogs/ab34.jpg'
39.7621 	EXP 	Rightimg: pos = array([ 300.,    0.])
39.7621 	EXP 	Rightimg: image = u'frogs/ab74.jpg'
39.7621 	EXP 	Leftimg: autoDraw = True
39.7621 	EXP 	Rightimg: autoDraw = True
40.1793 	EXP 	Leftimg: autoDraw = False
40.1793 	EXP 	Rightimg: autoDraw = False
40.3641 	DATA 	Keypress: left
40.3652 	EXP 	New trial (rep=0, index=28): {'YLeftPos': 0, 'time_presentation': 0.5, 'XLeftPos': -300, 'XRightPos': 300, 'rightimg': u'frogs/ab65.jpg', 'YRightPos': 0, 'leftimg': u'frogs/ab25.jpg'}
40.4288 	EXP 	Leftimg: autoDraw = False
40.4288 	EXP 	Rightimg: autoDraw = False
40.4288 	EXP 	text: autoDraw = False
40.4288 	EXP 	Leftimg: pos = array([-300.,    0.])
40.4288 	EXP 	Leftimg: image = u'frogs/ab25.jpg'
40.4288 	EXP 	Rightimg: pos = array([ 300.,    0.])
40.4288 	EXP 	Rightimg: image = u'frogs/ab65.jpg'
40.4288 	EXP 	Leftimg: autoDraw = True
40.4288 	EXP 	Rightimg: autoDraw = True
40.6641 	DATA 	Keypress: right
40.6650 	EXP 	New trial (rep=0, index=29): {'YLeftPos': 0, 'time_presentation': 0.5, 'XLeftPos': -300, 'XRightPos': 300, 'rightimg': u'frogs/ab70.jpg', 'YRightPos': 0, 'leftimg': u'frogs/ab30.jpg'}
40.6788 	EXP 	Leftimg: autoDraw = False
40.6788 	EXP 	Rightimg: autoDraw = False
40.6788 	EXP 	text: autoDraw = False
40.6788 	EXP 	Leftimg: pos = array([-300.,    0.])
40.6788 	EXP 	Leftimg: image = u'frogs/ab30.jpg'
40.6788 	EXP 	Rightimg: pos = array([ 300.,    0.])
40.6788 	EXP 	Rightimg: image = u'frogs/ab70.jpg'
40.6788 	EXP 	Leftimg: autoDraw = True
40.6788 	EXP 	Rightimg: autoDraw = True
41.1790 	EXP 	Leftimg: autoDraw = False
41.1790 	EXP 	Rightimg: autoDraw = False
41.2467 	DATA 	Keypress: left
41.2476 	EXP 	New trial (rep=0, index=30): {'YLeftPos': 0, 'time_presentation': 0.5, 'XLeftPos': -300, 'XRightPos': 300, 'rightimg': u'frogs/ab44.jpg', 'YRightPos': 0, 'leftimg': u'frogs/ab4.jpg'}
41.2623 	EXP 	Leftimg: autoDraw = False
41.2623 	EXP 	Rightimg: autoDraw = False
41.2623 	EXP 	text: autoDraw = False
41.2623 	EXP 	Leftimg: pos = array([-300.,    0.])
41.2623 	EXP 	Leftimg: image = u'frogs/ab4.jpg'
41.2623 	EXP 	Rightimg: pos = array([ 300.,    0.])
41.2623 	EXP 	Rightimg: image = u'frogs/ab44.jpg'
41.2623 	EXP 	Leftimg: autoDraw = True
41.2623 	EXP 	Rightimg: autoDraw = True
41.5474 	DATA 	Keypress: right
41.5483 	EXP 	New trial (rep=0, index=31): {'YLeftPos': 0, 'time_presentation': 0.5, 'XLeftPos': -300, 'XRightPos': 300, 'rightimg': u'frogs/ab53.jpg', 'YRightPos': 0, 'leftimg': u'frogs/ab13.jpg'}
41.5788 	EXP 	Leftimg: autoDraw = False
41.5788 	EXP 	Rightimg: autoDraw = False
41.5788 	EXP 	text: autoDraw = False
41.5788 	EXP 	Leftimg: pos = array([-300.,    0.])
41.5788 	EXP 	Leftimg: image = u'frogs/ab13.jpg'
41.5788 	EXP 	Rightimg: pos = array([ 300.,    0.])
41.5788 	EXP 	Rightimg: image = u'frogs/ab53.jpg'
41.5788 	EXP 	Leftimg: autoDraw = True
41.5788 	EXP 	Rightimg: autoDraw = True
41.9463 	DATA 	Keypress: right
41.9472 	EXP 	New trial (rep=0, index=32): {'YLeftPos': 0, 'time_presentation': 0.5, 'XLeftPos': -300, 'XRightPos': 300, 'rightimg': u'frogs/ab43.jpg', 'YRightPos': 0, 'leftimg': u'frogs/ab3.jpg'}
41.9955 	EXP 	Leftimg: autoDraw = False
41.9955 	EXP 	Rightimg: autoDraw = False
41.9955 	EXP 	text: autoDraw = False
41.9955 	EXP 	Leftimg: pos = array([-300.,    0.])
41.9955 	EXP 	Leftimg: image = u'frogs/ab3.jpg'
41.9955 	EXP 	Rightimg: pos = array([ 300.,    0.])
41.9955 	EXP 	Rightimg: image = u'frogs/ab43.jpg'
41.9955 	EXP 	Leftimg: autoDraw = True
41.9955 	EXP 	Rightimg: autoDraw = True
42.4624 	EXP 	Leftimg: autoDraw = False
42.4624 	EXP 	Rightimg: autoDraw = False
42.5472 	DATA 	Keypress: left
42.5482 	EXP 	New trial (rep=0, index=33): {'YLeftPos': 0, 'time_presentation': 0.5, 'XLeftPos': -300, 'XRightPos': 300, 'rightimg': u'frogs/ab63.jpg', 'YRightPos': 0, 'leftimg': u'frogs/ab23.jpg'}
42.5958 	EXP 	Leftimg: autoDraw = False
42.5958 	EXP 	Rightimg: autoDraw = False
42.5958 	EXP 	text: autoDraw = False
42.5958 	EXP 	Leftimg: pos = array([-300.,    0.])
42.5958 	EXP 	Leftimg: image = u'frogs/ab23.jpg'
42.5958 	EXP 	Rightimg: pos = array([ 300.,    0.])
42.5958 	EXP 	Rightimg: image = u'frogs/ab63.jpg'
42.5958 	EXP 	Leftimg: autoDraw = True
42.5958 	EXP 	Rightimg: autoDraw = True
42.9806 	DATA 	Keypress: right
42.9815 	EXP 	New trial (rep=0, index=34): {'YLeftPos': 0, 'time_presentation': 0.5, 'XLeftPos': -300, 'XRightPos': 300, 'rightimg': u'frogs/ab51.jpg', 'YRightPos': 0, 'leftimg': u'frogs/ab11.jpg'}
43.0459 	EXP 	Leftimg: autoDraw = False
43.0459 	EXP 	Rightimg: autoDraw = False
43.0459 	EXP 	text: autoDraw = False
43.0459 	EXP 	Leftimg: pos = array([-300.,    0.])
43.0459 	EXP 	Leftimg: image = u'frogs/ab11.jpg'
43.0459 	EXP 	Rightimg: pos = array([ 300.,    0.])
43.0459 	EXP 	Rightimg: image = u'frogs/ab51.jpg'
43.0459 	EXP 	Leftimg: autoDraw = True
43.0459 	EXP 	Rightimg: autoDraw = True
43.4635 	DATA 	Keypress: left
43.4644 	EXP 	New trial (rep=0, index=35): {'YLeftPos': 0, 'time_presentation': 0.5, 'XLeftPos': -300, 'XRightPos': 300, 'rightimg': u'frogs/ab46.jpg', 'YRightPos': 0, 'leftimg': u'frogs/ab6.jpg'}
43.5282 	EXP 	Leftimg: autoDraw = False
43.5282 	EXP 	Rightimg: autoDraw = False
43.5282 	EXP 	text: autoDraw = False
43.5282 	EXP 	Leftimg: pos = array([-300.,    0.])
43.5282 	EXP 	Leftimg: image = u'frogs/ab6.jpg'
43.5282 	EXP 	Rightimg: pos = array([ 300.,    0.])
43.5282 	EXP 	Rightimg: image = u'frogs/ab46.jpg'
43.5282 	EXP 	Leftimg: autoDraw = True
43.5282 	EXP 	Rightimg: autoDraw = True
43.9304 	DATA 	Keypress: right
43.9314 	EXP 	New trial (rep=0, index=36): {'YLeftPos': 0, 'time_presentation': 0.5, 'XLeftPos': -300, 'XRightPos': 300, 'rightimg': u'frogs/ab72.jpg', 'YRightPos': 0, 'leftimg': u'frogs/ab32.jpg'}
43.9625 	EXP 	Leftimg: autoDraw = False
43.9625 	EXP 	Rightimg: autoDraw = False
43.9625 	EXP 	text: autoDraw = False
43.9625 	EXP 	Leftimg: pos = array([-300.,    0.])
43.9625 	EXP 	Leftimg: image = u'frogs/ab32.jpg'
43.9625 	EXP 	Rightimg: pos = array([ 300.,    0.])
43.9625 	EXP 	Rightimg: image = u'frogs/ab72.jpg'
43.9625 	EXP 	Leftimg: autoDraw = True
43.9625 	EXP 	Rightimg: autoDraw = True
44.4447 	EXP 	Leftimg: autoDraw = False
44.4447 	EXP 	Rightimg: autoDraw = False
44.4806 	DATA 	Keypress: right
44.4817 	EXP 	New trial (rep=0, index=37): {'YLeftPos': 0, 'time_presentation': 0.5, 'XLeftPos': -300, 'XRightPos': 300, 'rightimg': u'frogs/ab59.jpg', 'YRightPos': 0, 'leftimg': u'frogs/ab19.jpg'}
44.5292 	EXP 	Leftimg: autoDraw = False
44.5292 	EXP 	Rightimg: autoDraw = False
44.5292 	EXP 	text: autoDraw = False
44.5292 	EXP 	Leftimg: pos = array([-300.,    0.])
44.5292 	EXP 	Leftimg: image = u'frogs/ab19.jpg'
44.5292 	EXP 	Rightimg: pos = array([ 300.,    0.])
44.5292 	EXP 	Rightimg: image = u'frogs/ab59.jpg'
44.5292 	EXP 	Leftimg: autoDraw = True
44.5292 	EXP 	Rightimg: autoDraw = True
44.9141 	DATA 	Keypress: left
44.9151 	EXP 	New trial (rep=0, index=38): {'YLeftPos': 0, 'time_presentation': 0.5, 'XLeftPos': -300, 'XRightPos': 300, 'rightimg': u'3.jpg', 'YRightPos': 0, 'leftimg': u'1.jpg'}
44.9620 	EXP 	Leftimg: autoDraw = False
44.9620 	EXP 	Rightimg: autoDraw = False
44.9620 	EXP 	text: autoDraw = False
44.9620 	EXP 	Leftimg: pos = array([-300.,    0.])
44.9620 	EXP 	Leftimg: image = u'1.jpg'
44.9620 	EXP 	Rightimg: pos = array([ 300.,    0.])
44.9620 	EXP 	Rightimg: image = u'3.jpg'
44.9620 	EXP 	Leftimg: autoDraw = True
44.9620 	EXP 	Rightimg: autoDraw = True
45.4289 	EXP 	Leftimg: autoDraw = False
45.4289 	EXP 	Rightimg: autoDraw = False
45.4971 	DATA 	Keypress: right
45.4982 	EXP 	New trial (rep=0, index=39): {'YLeftPos': 0, 'time_presentation': 0.5, 'XLeftPos': -300, 'XRightPos': 300, 'rightimg': u'frogs/ab52.jpg', 'YRightPos': 0, 'leftimg': u'frogs/ab12.jpg'}
45.5117 	EXP 	Leftimg: autoDraw = False
45.5117 	EXP 	Rightimg: autoDraw = False
45.5117 	EXP 	text: autoDraw = False
45.5117 	EXP 	Leftimg: pos = array([-300.,    0.])
45.5117 	EXP 	Leftimg: image = u'frogs/ab12.jpg'
45.5117 	EXP 	Rightimg: pos = array([ 300.,    0.])
45.5117 	EXP 	Rightimg: image = u'frogs/ab52.jpg'
45.5117 	EXP 	Leftimg: autoDraw = True
45.5117 	EXP 	Rightimg: autoDraw = True
46.0120 	EXP 	Leftimg: autoDraw = False
46.0120 	EXP 	Rightimg: autoDraw = False
46.1810 	DATA 	Keypress: left
46.1970 	EXP 	New trial (rep=0, index=40): {'YLeftPos': 0, 'time_presentation': 0.5, 'XLeftPos': -300, 'XRightPos': 300, 'rightimg': u'4.jpg', 'YRightPos': 0, 'leftimg': u'2.jpg'}
46.2281 	EXP 	Leftimg: autoDraw = False
46.2281 	EXP 	Rightimg: autoDraw = False
46.2281 	EXP 	text: autoDraw = False
46.2281 	EXP 	Leftimg: pos = array([-300.,    0.])
46.2281 	EXP 	Leftimg: image = u'2.jpg'
46.2281 	EXP 	Rightimg: pos = array([ 300.,    0.])
46.2281 	EXP 	Rightimg: image = u'4.jpg'
46.2281 	EXP 	Leftimg: autoDraw = True
46.2281 	EXP 	Rightimg: autoDraw = True
46.5642 	DATA 	Keypress: right
46.5650 	EXP 	New trial (rep=0, index=41): {'YLeftPos': 0, 'time_presentation': 0.5, 'XLeftPos': -300, 'XRightPos': 300, 'rightimg': u'frogs/ab54.jpg', 'YRightPos': 0, 'leftimg': u'frogs/ab14.jpg'}
46.6120 	EXP 	Leftimg: autoDraw = False
46.6120 	EXP 	Rightimg: autoDraw = False
46.6120 	EXP 	text: autoDraw = False
46.6120 	EXP 	Leftimg: pos = array([-300.,    0.])
46.6120 	EXP 	Leftimg: image = u'frogs/ab14.jpg'
46.6120 	EXP 	Rightimg: pos = array([ 300.,    0.])
46.6120 	EXP 	Rightimg: image = u'frogs/ab54.jpg'
46.6120 	EXP 	Leftimg: autoDraw = True
46.6120 	EXP 	Rightimg: autoDraw = True
47.0790 	EXP 	Leftimg: autoDraw = False
47.0790 	EXP 	Rightimg: autoDraw = False
47.3473 	DATA 	Keypress: right
47.3484 	EXP 	New trial (rep=0, index=42): {'YLeftPos': 0, 'time_presentation': 0.5, 'XLeftPos': -300, 'XRightPos': 300, 'rightimg': u'frogs/ab49.jpg', 'YRightPos': 0, 'leftimg': u'frogs/ab9.jpg'}
47.5449 	EXP 	Leftimg: autoDraw = False
47.5449 	EXP 	Rightimg: autoDraw = False
47.5449 	EXP 	text: autoDraw = False
47.5449 	EXP 	Leftimg: pos = array([-300.,    0.])
47.5449 	EXP 	Leftimg: image = u'frogs/ab9.jpg'
47.5449 	EXP 	Rightimg: pos = array([ 300.,    0.])
47.5449 	EXP 	Rightimg: image = u'frogs/ab49.jpg'
47.5449 	EXP 	Leftimg: autoDraw = True
47.5449 	EXP 	Rightimg: autoDraw = True
47.8625 	EXP 	Leftimg: autoDraw = False
47.8625 	EXP 	Rightimg: autoDraw = False
48.1304 	DATA 	Keypress: left
48.1315 	EXP 	New trial (rep=0, index=43): {'YLeftPos': 0, 'time_presentation': 0.5, 'XLeftPos': -300, 'XRightPos': 300, 'rightimg': u'frogs/ab48.jpg', 'YRightPos': 0, 'leftimg': u'frogs/ab8.jpg'}
48.1961 	EXP 	Leftimg: autoDraw = False
48.1961 	EXP 	Rightimg: autoDraw = False
48.1961 	EXP 	text: autoDraw = False
48.1961 	EXP 	Leftimg: pos = array([-300.,    0.])
48.1961 	EXP 	Leftimg: image = u'frogs/ab8.jpg'
48.1961 	EXP 	Rightimg: pos = array([ 300.,    0.])
48.1961 	EXP 	Rightimg: image = u'frogs/ab48.jpg'
48.1961 	EXP 	Leftimg: autoDraw = True
48.1961 	EXP 	Rightimg: autoDraw = True
48.6457 	EXP 	Leftimg: autoDraw = False
48.6457 	EXP 	Rightimg: autoDraw = False
48.8463 	DATA 	Keypress: right
48.9104 	EXP 	window1: blendMode = 'avg'
48.9290 	EXP 	Leftimg: autoDraw = False
48.9290 	EXP 	Rightimg: autoDraw = False
48.9290 	EXP 	text: autoDraw = False
48.9290 	EXP 	text_3: autoDraw = True
48.9299 	EXP 	window1: blendMode = 'avg'
48.9467 	EXP 	window1: blendMode = 'avg'
48.9639 	EXP 	window1: blendMode = 'avg'
48.9798 	EXP 	window1: blendMode = 'avg'
48.9967 	EXP 	window1: blendMode = 'avg'
49.0134 	EXP 	window1: blendMode = 'avg'
49.0300 	EXP 	window1: blendMode = 'avg'
49.0467 	EXP 	window1: blendMode = 'avg'
49.0633 	EXP 	window1: blendMode = 'avg'
49.0801 	EXP 	window1: blendMode = 'avg'
49.0966 	EXP 	window1: blendMode = 'avg'
49.1134 	EXP 	window1: blendMode = 'avg'
49.1300 	EXP 	window1: blendMode = 'avg'
49.1456 	EXP 	window1: blendMode = 'avg'
49.1634 	EXP 	window1: blendMode = 'avg'
49.1800 	EXP 	window1: blendMode = 'avg'
49.1967 	EXP 	window1: blendMode = 'avg'
49.2133 	EXP 	window1: blendMode = 'avg'
49.2301 	EXP 	window1: blendMode = 'avg'
49.2466 	EXP 	window1: blendMode = 'avg'
49.2634 	EXP 	window1: blendMode = 'avg'
49.2800 	EXP 	window1: blendMode = 'avg'
49.2967 	EXP 	window1: blendMode = 'avg'
49.3133 	EXP 	window1: blendMode = 'avg'
49.3301 	EXP 	window1: blendMode = 'avg'
49.3467 	EXP 	window1: blendMode = 'avg'
49.3633 	EXP 	window1: blendMode = 'avg'
49.3801 	EXP 	window1: blendMode = 'avg'
49.3961 	EXP 	window1: blendMode = 'avg'
49.4125 	EXP 	window1: blendMode = 'avg'
49.4303 	EXP 	window1: blendMode = 'avg'
49.4468 	EXP 	window1: blendMode = 'avg'
49.4632 	EXP 	window1: blendMode = 'avg'
49.4800 	EXP 	window1: blendMode = 'avg'
49.4966 	EXP 	window1: blendMode = 'avg'
49.5134 	EXP 	window1: blendMode = 'avg'
49.5300 	EXP 	window1: blendMode = 'avg'
49.5468 	EXP 	window1: blendMode = 'avg'
49.5634 	EXP 	window1: blendMode = 'avg'
49.5801 	EXP 	window1: blendMode = 'avg'
49.5957 	EXP 	window1: blendMode = 'avg'
49.6130 	EXP 	window1: blendMode = 'avg'
49.6299 	EXP 	window1: blendMode = 'avg'
49.6468 	EXP 	window1: blendMode = 'avg'
49.6634 	EXP 	window1: blendMode = 'avg'
49.6800 	EXP 	window1: blendMode = 'avg'
49.6968 	EXP 	window1: blendMode = 'avg'
49.7134 	EXP 	window1: blendMode = 'avg'
49.7300 	EXP 	window1: blendMode = 'avg'
49.7466 	EXP 	window1: blendMode = 'avg'
49.7630 	EXP 	window1: blendMode = 'avg'
49.7802 	EXP 	window1: blendMode = 'avg'
49.7965 	EXP 	window1: blendMode = 'avg'
49.8133 	EXP 	window1: blendMode = 'avg'
49.8301 	EXP 	window1: blendMode = 'avg'
49.8458 	EXP 	window1: blendMode = 'avg'
49.8632 	EXP 	window1: blendMode = 'avg'
49.8799 	EXP 	window1: blendMode = 'avg'
49.8965 	EXP 	window1: blendMode = 'avg'
49.9134 	EXP 	window1: blendMode = 'avg'
49.9300 	EXP 	window1: blendMode = 'avg'
49.9468 	EXP 	window1: blendMode = 'avg'
49.9633 	EXP 	window1: blendMode = 'avg'
49.9790 	EXP 	window1: blendMode = 'avg'
49.9967 	EXP 	window1: blendMode = 'avg'
50.0135 	EXP 	window1: blendMode = 'avg'
50.0300 	EXP 	window1: blendMode = 'avg'
50.0468 	EXP 	window1: blendMode = 'avg'
50.0634 	EXP 	window1: blendMode = 'avg'
50.0800 	EXP 	window1: blendMode = 'avg'
50.0966 	EXP 	window1: blendMode = 'avg'
50.1134 	EXP 	window1: blendMode = 'avg'
50.1299 	EXP 	window1: blendMode = 'avg'
50.1464 	EXP 	window1: blendMode = 'avg'
50.1630 	EXP 	window1: blendMode = 'avg'
50.1799 	EXP 	window1: blendMode = 'avg'
50.1967 	EXP 	window1: blendMode = 'avg'
50.2124 	EXP 	window1: blendMode = 'avg'
50.2290 	EXP 	window1: blendMode = 'avg'
50.2470 	EXP 	window1: blendMode = 'avg'
50.2632 	EXP 	window1: blendMode = 'avg'
50.2800 	EXP 	window1: blendMode = 'avg'
50.2967 	EXP 	window1: blendMode = 'avg'
50.3133 	EXP 	window1: blendMode = 'avg'
50.3300 	EXP 	window1: blendMode = 'avg'
50.3468 	EXP 	window1: blendMode = 'avg'
50.3623 	EXP 	window1: blendMode = 'avg'
50.3801 	EXP 	window1: blendMode = 'avg'
50.3967 	EXP 	window1: blendMode = 'avg'
50.4130 	EXP 	window1: blendMode = 'avg'
50.4293 	EXP 	window1: blendMode = 'avg'
50.4465 	EXP 	window1: blendMode = 'avg'
50.4634 	EXP 	window1: blendMode = 'avg'
50.4801 	EXP 	window1: blendMode = 'avg'
50.4966 	EXP 	window1: blendMode = 'avg'
50.5135 	EXP 	window1: blendMode = 'avg'
50.5300 	EXP 	window1: blendMode = 'avg'
50.5468 	EXP 	window1: blendMode = 'avg'
50.5615 	EXP 	window1: blendMode = 'avg'
50.5793 	EXP 	window1: blendMode = 'avg'
50.5955 	EXP 	window1: blendMode = 'avg'
50.6124 	EXP 	window1: blendMode = 'avg'
50.6297 	EXP 	window1: blendMode = 'avg'
50.6465 	EXP 	window1: blendMode = 'avg'
50.6633 	EXP 	window1: blendMode = 'avg'
50.6801 	EXP 	window1: blendMode = 'avg'
50.6960 	EXP 	window1: blendMode = 'avg'
50.7120 	EXP 	window1: blendMode = 'avg'
50.7293 	EXP 	window1: blendMode = 'avg'
50.7465 	EXP 	window1: blendMode = 'avg'
50.7634 	EXP 	window1: blendMode = 'avg'
50.7802 	EXP 	window1: blendMode = 'avg'
50.7965 	EXP 	window1: blendMode = 'avg'
50.8135 	EXP 	window1: blendMode = 'avg'
50.8291 	EXP 	window1: blendMode = 'avg'
50.8469 	EXP 	window1: blendMode = 'avg'
50.8628 	EXP 	window1: blendMode = 'avg'
50.8799 	EXP 	window1: blendMode = 'avg'
50.8963 	EXP 	window1: blendMode = 'avg'
50.9124 	EXP 	window1: blendMode = 'avg'
50.9299 	EXP 	window1: blendMode = 'avg'
50.9467 	EXP 	window1: blendMode = 'avg'
50.9624 	EXP 	window1: blendMode = 'avg'
50.9800 	EXP 	window1: blendMode = 'avg'
50.9966 	EXP 	window1: blendMode = 'avg'
51.0134 	EXP 	window1: blendMode = 'avg'
51.0300 	EXP 	window1: blendMode = 'avg'
51.0468 	EXP 	window1: blendMode = 'avg'
51.0634 	EXP 	window1: blendMode = 'avg'
51.0800 	EXP 	window1: blendMode = 'avg'
51.0968 	EXP 	window1: blendMode = 'avg'
51.1134 	EXP 	window1: blendMode = 'avg'
51.1300 	EXP 	window1: blendMode = 'avg'
51.1468 	EXP 	window1: blendMode = 'avg'
51.1622 	EXP 	window1: blendMode = 'avg'
51.1801 	EXP 	window1: blendMode = 'avg'
51.1967 	EXP 	window1: blendMode = 'avg'
51.2133 	EXP 	window1: blendMode = 'avg'
51.2301 	EXP 	window1: blendMode = 'avg'
51.2468 	EXP 	window1: blendMode = 'avg'
51.2633 	EXP 	window1: blendMode = 'avg'
51.2801 	EXP 	window1: blendMode = 'avg'
51.2967 	EXP 	window1: blendMode = 'avg'
51.3133 	EXP 	window1: blendMode = 'avg'
51.3301 	EXP 	window1: blendMode = 'avg'
51.3466 	EXP 	window1: blendMode = 'avg'
51.3634 	EXP 	window1: blendMode = 'avg'
51.3800 	EXP 	window1: blendMode = 'avg'
51.3958 	EXP 	window1: blendMode = 'avg'
51.4127 	EXP 	window1: blendMode = 'avg'
51.4298 	EXP 	window1: blendMode = 'avg'
51.4466 	EXP 	window1: blendMode = 'avg'
51.4634 	EXP 	window1: blendMode = 'avg'
51.4800 	EXP 	window1: blendMode = 'avg'
51.4966 	EXP 	window1: blendMode = 'avg'
51.5134 	EXP 	window1: blendMode = 'avg'
51.5300 	EXP 	window1: blendMode = 'avg'
51.5465 	EXP 	window1: blendMode = 'avg'
51.5633 	EXP 	window1: blendMode = 'avg'
51.5800 	EXP 	window1: blendMode = 'avg'
51.5968 	EXP 	window1: blendMode = 'avg'
51.6123 	EXP 	window1: blendMode = 'avg'
51.6299 	EXP 	window1: blendMode = 'avg'
51.6467 	EXP 	window1: blendMode = 'avg'
51.6633 	EXP 	window1: blendMode = 'avg'
51.6801 	EXP 	window1: blendMode = 'avg'
51.6968 	EXP 	window1: blendMode = 'avg'
51.7134 	EXP 	window1: blendMode = 'avg'
51.7298 	EXP 	window1: blendMode = 'avg'
51.7468 	EXP 	window1: blendMode = 'avg'
51.7634 	EXP 	window1: blendMode = 'avg'
51.7800 	EXP 	window1: blendMode = 'avg'
51.7966 	EXP 	window1: blendMode = 'avg'
51.8130 	EXP 	window1: blendMode = 'avg'
51.8298 	EXP 	window1: blendMode = 'avg'
51.8467 	EXP 	window1: blendMode = 'avg'
51.8633 	EXP 	window1: blendMode = 'avg'
51.8805 	EXP 	window1: blendMode = 'avg'
51.8955 	EXP 	window1: blendMode = 'avg'
51.9131 	EXP 	window1: blendMode = 'avg'
51.9299 	EXP 	window1: blendMode = 'avg'
51.9456 	EXP 	window1: blendMode = 'avg'
51.9631 	EXP 	window1: blendMode = 'avg'
51.9799 	EXP 	window1: blendMode = 'avg'
51.9966 	EXP 	window1: blendMode = 'avg'
52.0130 	EXP 	window1: blendMode = 'avg'
52.0298 	EXP 	window1: blendMode = 'avg'
52.0467 	EXP 	window1: blendMode = 'avg'
52.0632 	EXP 	window1: blendMode = 'avg'
52.0801 	EXP 	window1: blendMode = 'avg'
52.0954 	EXP 	window1: blendMode = 'avg'
52.1134 	EXP 	window1: blendMode = 'avg'
52.1300 	EXP 	window1: blendMode = 'avg'
52.1466 	EXP 	window1: blendMode = 'avg'
52.1634 	EXP 	window1: blendMode = 'avg'
52.1800 	EXP 	window1: blendMode = 'avg'
52.1965 	EXP 	window1: blendMode = 'avg'
52.2134 	EXP 	window1: blendMode = 'avg'
52.2289 	EXP 	window1: blendMode = 'avg'
52.2459 	EXP 	window1: blendMode = 'avg'
52.2628 	EXP 	window1: blendMode = 'avg'
52.2799 	EXP 	window1: blendMode = 'avg'
52.2967 	EXP 	window1: blendMode = 'avg'
52.3133 	EXP 	window1: blendMode = 'avg'
52.3300 	EXP 	window1: blendMode = 'avg'
52.3454 	EXP 	window1: blendMode = 'avg'
52.3632 	EXP 	window1: blendMode = 'avg'
52.3800 	EXP 	window1: blendMode = 'avg'
52.3967 	EXP 	window1: blendMode = 'avg'
52.4133 	EXP 	window1: blendMode = 'avg'
52.4288 	EXP 	window1: blendMode = 'avg'
52.4468 	EXP 	window1: blendMode = 'avg'
52.4634 	EXP 	window1: blendMode = 'avg'
52.4800 	EXP 	window1: blendMode = 'avg'
52.4967 	EXP 	window1: blendMode = 'avg'
52.5133 	EXP 	window1: blendMode = 'avg'
52.5301 	EXP 	window1: blendMode = 'avg'
52.5467 	EXP 	window1: blendMode = 'avg'
52.5633 	EXP 	window1: blendMode = 'avg'
52.5801 	EXP 	window1: blendMode = 'avg'
52.5967 	EXP 	window1: blendMode = 'avg'
52.6134 	EXP 	window1: blendMode = 'avg'
52.6300 	EXP 	window1: blendMode = 'avg'
52.6464 	EXP 	window1: blendMode = 'avg'
52.6634 	EXP 	window1: blendMode = 'avg'
52.6800 	EXP 	window1: blendMode = 'avg'
52.6966 	EXP 	window1: blendMode = 'avg'
52.7133 	EXP 	window1: blendMode = 'avg'
52.7300 	EXP 	window1: blendMode = 'avg'
52.7460 	EXP 	window1: blendMode = 'avg'
52.7625 	EXP 	window1: blendMode = 'avg'
52.7799 	EXP 	window1: blendMode = 'avg'
52.7967 	EXP 	window1: blendMode = 'avg'
52.8134 	EXP 	window1: blendMode = 'avg'
52.8300 	EXP 	window1: blendMode = 'avg'
52.8466 	EXP 	window1: blendMode = 'avg'
52.8628 	EXP 	window1: blendMode = 'avg'
52.8799 	EXP 	window1: blendMode = 'avg'
52.8967 	EXP 	window1: blendMode = 'avg'
52.9135 	EXP 	window1: blendMode = 'avg'
52.9301 	EXP 	window1: blendMode = 'avg'
52.9467 	EXP 	window1: blendMode = 'avg'
52.9633 	EXP 	window1: blendMode = 'avg'
52.9799 	EXP 	window1: blendMode = 'avg'
52.9969 	EXP 	window1: blendMode = 'avg'
53.0132 	EXP 	window1: blendMode = 'avg'
53.0299 	EXP 	window1: blendMode = 'avg'
53.0467 	EXP 	window1: blendMode = 'avg'
53.0633 	EXP 	window1: blendMode = 'avg'
53.0800 	EXP 	window1: blendMode = 'avg'
53.0967 	EXP 	window1: blendMode = 'avg'
53.1133 	EXP 	window1: blendMode = 'avg'
53.1299 	EXP 	window1: blendMode = 'avg'
53.1472 	EXP 	window1: blendMode = 'avg'
53.1624 	EXP 	window1: blendMode = 'avg'
53.1801 	EXP 	window1: blendMode = 'avg'
53.1967 	EXP 	window1: blendMode = 'avg'
53.2132 	EXP 	window1: blendMode = 'avg'
53.2303 	EXP 	window1: blendMode = 'avg'
53.2464 	EXP 	window1: blendMode = 'avg'
53.2634 	EXP 	window1: blendMode = 'avg'
53.2800 	EXP 	window1: blendMode = 'avg'
53.2966 	EXP 	window1: blendMode = 'avg'
53.3134 	EXP 	window1: blendMode = 'avg'
53.3300 	EXP 	window1: blendMode = 'avg'
53.3466 	EXP 	window1: blendMode = 'avg'
53.3633 	EXP 	window1: blendMode = 'avg'
53.3799 	EXP 	window1: blendMode = 'avg'
53.3969 	EXP 	window1: blendMode = 'avg'
53.4134 	EXP 	window1: blendMode = 'avg'
53.4300 	EXP 	window1: blendMode = 'avg'
53.4457 	EXP 	window1: blendMode = 'avg'
53.4636 	EXP 	window1: blendMode = 'avg'
53.4798 	EXP 	window1: blendMode = 'avg'
53.4962 	EXP 	window1: blendMode = 'avg'
53.5131 	EXP 	window1: blendMode = 'avg'
53.5300 	EXP 	window1: blendMode = 'avg'
53.5466 	EXP 	window1: blendMode = 'avg'
53.5636 	EXP 	window1: blendMode = 'avg'
53.5800 	EXP 	window1: blendMode = 'avg'
53.5959 	EXP 	window1: blendMode = 'avg'
53.6126 	EXP 	window1: blendMode = 'avg'
53.6299 	EXP 	window1: blendMode = 'avg'
53.6461 	EXP 	window1: blendMode = 'avg'
53.6623 	EXP 	window1: blendMode = 'avg'
53.6795 	EXP 	window1: blendMode = 'avg'
53.6961 	EXP 	window1: blendMode = 'avg'
53.7127 	EXP 	window1: blendMode = 'avg'
53.7294 	EXP 	window1: blendMode = 'avg'
53.7459 	EXP 	window1: blendMode = 'avg'
53.7627 	EXP 	window1: blendMode = 'avg'
53.7794 	EXP 	window1: blendMode = 'avg'
53.7954 	EXP 	window1: blendMode = 'avg'
53.8131 	EXP 	window1: blendMode = 'avg'
53.8288 	EXP 	window1: blendMode = 'avg'
53.8455 	EXP 	window1: blendMode = 'avg'
53.8631 	EXP 	window1: blendMode = 'avg'
53.8798 	EXP 	window1: blendMode = 'avg'
53.8965 	EXP 	window1: blendMode = 'avg'
53.9126 	EXP 	window1: blendMode = 'avg'
53.9288 	EXP 	window1: blendMode = 'avg'
53.9460 	EXP 	window1: blendMode = 'avg'
53.9634 	EXP 	window1: blendMode = 'avg'
53.9790 	EXP 	window1: blendMode = 'avg'
53.9968 	EXP 	window1: blendMode = 'avg'
54.0126 	EXP 	window1: blendMode = 'avg'
54.0297 	EXP 	window1: blendMode = 'avg'
54.0464 	EXP 	window1: blendMode = 'avg'
54.0630 	EXP 	window1: blendMode = 'avg'
54.0795 	EXP 	window1: blendMode = 'avg'
54.0960 	EXP 	window1: blendMode = 'avg'
54.1131 	EXP 	window1: blendMode = 'avg'
54.1291 	EXP 	window1: blendMode = 'avg'
54.1467 	EXP 	window1: blendMode = 'avg'
54.1624 	EXP 	window1: blendMode = 'avg'
54.1785 	EXP 	window1: blendMode = 'avg'
54.1958 	EXP 	window1: blendMode = 'avg'
54.2128 	EXP 	window1: blendMode = 'avg'
54.2292 	EXP 	window1: blendMode = 'avg'
54.2461 	EXP 	window1: blendMode = 'avg'
54.2628 	EXP 	window1: blendMode = 'avg'
54.2798 	EXP 	window1: blendMode = 'avg'
54.2960 	EXP 	window1: blendMode = 'avg'
54.3130 	EXP 	window1: blendMode = 'avg'
54.3290 	EXP 	window1: blendMode = 'avg'
54.3458 	EXP 	window1: blendMode = 'avg'
54.3622 	EXP 	window1: blendMode = 'avg'
54.3800 	EXP 	window1: blendMode = 'avg'
54.3960 	EXP 	window1: blendMode = 'avg'
54.4124 	EXP 	window1: blendMode = 'avg'
54.4303 	EXP 	window1: blendMode = 'avg'
54.4460 	EXP 	window1: blendMode = 'avg'
54.4630 	EXP 	window1: blendMode = 'avg'
54.4790 	EXP 	window1: blendMode = 'avg'
54.5102 	EXP 	window1: blendMode = 'avg'
54.5296 	EXP 	window1: blendMode = 'avg'
54.5459 	EXP 	window1: blendMode = 'avg'
54.5628 	EXP 	window1: blendMode = 'avg'
54.5795 	EXP 	window1: blendMode = 'avg'
54.5962 	EXP 	window1: blendMode = 'avg'
54.6129 	EXP 	window1: blendMode = 'avg'
54.6298 	EXP 	window1: blendMode = 'avg'
54.6465 	EXP 	window1: blendMode = 'avg'
54.6627 	EXP 	window1: blendMode = 'avg'
54.6794 	EXP 	window1: blendMode = 'avg'
54.6959 	EXP 	window1: blendMode = 'avg'
54.7123 	EXP 	window1: blendMode = 'avg'
54.7291 	EXP 	window1: blendMode = 'avg'
54.7460 	EXP 	window1: blendMode = 'avg'
54.7634 	EXP 	window1: blendMode = 'avg'
54.7795 	EXP 	window1: blendMode = 'avg'
54.7961 	EXP 	window1: blendMode = 'avg'
54.8127 	EXP 	window1: blendMode = 'avg'
54.8292 	EXP 	window1: blendMode = 'avg'
54.8451 	EXP 	window1: blendMode = 'avg'
54.8631 	EXP 	window1: blendMode = 'avg'
54.8795 	EXP 	window1: blendMode = 'avg'
54.8958 	EXP 	window1: blendMode = 'avg'
54.9119 	EXP 	window1: blendMode = 'avg'
54.9294 	EXP 	window1: blendMode = 'avg'
54.9459 	EXP 	window1: blendMode = 'avg'
54.9619 	EXP 	window1: blendMode = 'avg'
54.9796 	EXP 	window1: blendMode = 'avg'
54.9964 	EXP 	window1: blendMode = 'avg'
55.0131 	EXP 	window1: blendMode = 'avg'
55.0300 	EXP 	window1: blendMode = 'avg'
55.0461 	EXP 	window1: blendMode = 'avg'
55.0626 	EXP 	window1: blendMode = 'avg'
55.0790 	EXP 	window1: blendMode = 'avg'
55.0959 	EXP 	window1: blendMode = 'avg'
55.1124 	EXP 	window1: blendMode = 'avg'
55.1296 	EXP 	window1: blendMode = 'avg'
55.1462 	EXP 	window1: blendMode = 'avg'
55.1627 	EXP 	window1: blendMode = 'avg'
55.1797 	EXP 	window1: blendMode = 'avg'
55.1959 	EXP 	window1: blendMode = 'avg'
55.2130 	EXP 	window1: blendMode = 'avg'
55.2292 	EXP 	window1: blendMode = 'avg'
55.2466 	EXP 	window1: blendMode = 'avg'
55.2629 	EXP 	window1: blendMode = 'avg'
55.2796 	EXP 	window1: blendMode = 'avg'
55.2966 	EXP 	window1: blendMode = 'avg'
55.3134 	EXP 	window1: blendMode = 'avg'
55.3290 	EXP 	window1: blendMode = 'avg'
55.3460 	EXP 	window1: blendMode = 'avg'
55.3629 	EXP 	window1: blendMode = 'avg'
55.3794 	EXP 	window1: blendMode = 'avg'
55.3963 	EXP 	window1: blendMode = 'avg'
55.4126 	EXP 	window1: blendMode = 'avg'
55.4296 	EXP 	window1: blendMode = 'avg'
55.4464 	EXP 	window1: blendMode = 'avg'
55.4620 	EXP 	window1: blendMode = 'avg'
55.4795 	EXP 	window1: blendMode = 'avg'
55.4962 	EXP 	window1: blendMode = 'avg'
55.5126 	EXP 	window1: blendMode = 'avg'
55.5301 	EXP 	window1: blendMode = 'avg'
55.5459 	EXP 	window1: blendMode = 'avg'
55.5627 	EXP 	window1: blendMode = 'avg'
55.5789 	EXP 	window1: blendMode = 'avg'
55.5973 	DATA 	Keypress: escape
