7.6304 	EXP 	Created window1 = Window(allowGUI=False, allowStencil=False, autoLog=True, bitsMode=UNKNOWN, blendMode='avg', color=array([ 0.,  0.,  0.]), colorSpace='rgb', fullscr=UNKNOWN, gamma=None, lms=UNKNOWN, monitor=<psychopy.monitors.calibTools.Monitor object at 0x1136e0410>, multiSample=False, name='window1', numSamples=2, pos=[0, 0], screen=0, size=array([1440,  900]), stereo=False, units=u'norm', useFBO=True, useRetina=False, viewOri=0.0, viewPos=None, viewScale=None, waitBlanking=True, winType='pyglet')
7.6305 	EXP 	window1: recordFrameIntervals = False
7.7967 	EXP 	window1: recordFrameIntervals = True
7.9804 	EXP 	window1: recordFrameIntervals = False
8.0651 	EXP 	Created text_2 = TextStim(alignHoriz='center', alignVert='center', antialias=True, autoLog=True, bold=False, color='white', colorSpace='named', contrast=1.0, depth=0.0, flipHoriz=False, flipVert=False, font='Arial', fontFiles=[], height=0.1, italic=False, name='text_2', opacity=1.0, ori=0, pos=array([ 0.,  0.]), rgb=array([ 255.,  255.,  255.]), text=unicode(...), units=u'norm', win=Window(...), wrapWidth=1)
8.0667 	EXP 	Created Leftimg = ImageStim(autoLog=True, color=array([ 1.,  1.,  1.]), colorSpace='rgb', contrast=1.0, depth=0.0, flipHoriz=False, flipVert=False, image='sin', interpolate=True, mask=None, maskParams=None, name='Leftimg', opacity=1.0, ori=0.0, pos=array([ 0.,  0.]), size=array([ 400.,  400.]), texRes=128, units='pix', win=Window(...))
8.0678 	EXP 	Created Rightimg = ImageStim(autoLog=True, color=array([ 1.,  1.,  1.]), colorSpace='rgb', contrast=1.0, depth=-1.0, flipHoriz=False, flipVert=False, image='sin', interpolate=True, mask=None, maskParams=None, name='Rightimg', opacity=1.0, ori=0.0, pos=array([ 0.,  0.]), size=array([ 400.,  400.]), texRes=128, units='pix', win=Window(...))
8.0777 	EXP 	Created text = TextStim(alignHoriz='center', alignVert='center', antialias=True, autoLog=True, bold=False, color='white', colorSpace='named', contrast=1.0, depth=-4.0, flipHoriz=False, flipVert=False, font='Arial', fontFiles=[], height=0.05, italic=False, name='text', opacity=1.0, ori=0, pos=array([ 0.,  0.]), rgb=array([ 255.,  255.,  255.]), text=u'to proceed press the space bar.', units=u'norm', win=Window(...), wrapWidth=1)
8.0871 	EXP 	Created text_3 = TextStim(alignHoriz='center', alignVert='center', antialias=True, autoLog=True, bold=False, color='white', colorSpace='named', contrast=1.0, depth=0.0, flipHoriz=False, flipVert=False, font='Arial', fontFiles=[], height=0.1, italic=False, name='text_3', opacity=1.0, ori=0, pos=array([ 0.,  0.]), rgb=array([ 255.,  255.,  255.]), text=unicode(...), units=u'norm', win=Window(...), wrapWidth=1)
8.0916 	EXP 	window1: blendMode = 'avg'
8.0962 	EXP 	text_2: autoDraw = True
8.0992 	EXP 	window1: blendMode = 'avg'
8.1144 	EXP 	window1: blendMode = 'avg'
8.1305 	EXP 	window1: blendMode = 'avg'
8.1479 	EXP 	window1: blendMode = 'avg'
8.1645 	EXP 	window1: blendMode = 'avg'
8.1810 	EXP 	window1: blendMode = 'avg'
8.1972 	EXP 	window1: blendMode = 'avg'
8.2144 	EXP 	window1: blendMode = 'avg'
8.2302 	EXP 	window1: blendMode = 'avg'
8.2473 	EXP 	window1: blendMode = 'avg'
8.2645 	EXP 	window1: blendMode = 'avg'
8.2805 	EXP 	window1: blendMode = 'avg'
8.2979 	EXP 	window1: blendMode = 'avg'
8.3144 	EXP 	window1: blendMode = 'avg'
8.3309 	EXP 	window1: blendMode = 'avg'
8.3477 	EXP 	window1: blendMode = 'avg'
8.3640 	EXP 	window1: blendMode = 'avg'
8.3810 	EXP 	window1: blendMode = 'avg'
8.3972 	EXP 	window1: blendMode = 'avg'
8.4143 	EXP 	window1: blendMode = 'avg'
8.4304 	EXP 	window1: blendMode = 'avg'
8.4477 	EXP 	window1: blendMode = 'avg'
8.4686 	EXP 	window1: blendMode = 'avg'
8.4853 	EXP 	window1: blendMode = 'avg'
8.5020 	EXP 	window1: blendMode = 'avg'
8.5187 	EXP 	window1: blendMode = 'avg'
8.5354 	EXP 	window1: blendMode = 'avg'
8.5521 	EXP 	window1: blendMode = 'avg'
8.5688 	EXP 	window1: blendMode = 'avg'
8.5855 	EXP 	window1: blendMode = 'avg'
8.6023 	EXP 	window1: blendMode = 'avg'
8.6190 	EXP 	window1: blendMode = 'avg'
8.6357 	EXP 	window1: blendMode = 'avg'
8.6524 	EXP 	window1: blendMode = 'avg'
8.6692 	EXP 	window1: blendMode = 'avg'
8.6856 	EXP 	window1: blendMode = 'avg'
8.7025 	EXP 	window1: blendMode = 'avg'
8.7191 	EXP 	window1: blendMode = 'avg'
8.7358 	EXP 	window1: blendMode = 'avg'
8.7524 	EXP 	window1: blendMode = 'avg'
8.7691 	EXP 	window1: blendMode = 'avg'
8.7858 	EXP 	window1: blendMode = 'avg'
8.8025 	EXP 	window1: blendMode = 'avg'
8.8191 	EXP 	window1: blendMode = 'avg'
8.8358 	EXP 	window1: blendMode = 'avg'
8.8525 	EXP 	window1: blendMode = 'avg'
8.8691 	EXP 	window1: blendMode = 'avg'
8.8858 	EXP 	window1: blendMode = 'avg'
8.9025 	EXP 	window1: blendMode = 'avg'
8.9191 	EXP 	window1: blendMode = 'avg'
8.9358 	EXP 	window1: blendMode = 'avg'
8.9524 	EXP 	window1: blendMode = 'avg'
8.9691 	EXP 	window1: blendMode = 'avg'
8.9858 	EXP 	window1: blendMode = 'avg'
9.0024 	EXP 	window1: blendMode = 'avg'
9.0191 	EXP 	window1: blendMode = 'avg'
9.0358 	EXP 	window1: blendMode = 'avg'
9.0524 	EXP 	window1: blendMode = 'avg'
9.0691 	EXP 	window1: blendMode = 'avg'
9.0813 	EXP 	window1: blendMode = 'avg'
9.1022 	EXP 	window1: blendMode = 'avg'
9.1191 	EXP 	window1: blendMode = 'avg'
9.1358 	EXP 	window1: blendMode = 'avg'
9.1525 	EXP 	window1: blendMode = 'avg'
9.1691 	EXP 	window1: blendMode = 'avg'
9.1857 	EXP 	window1: blendMode = 'avg'
9.2025 	EXP 	window1: blendMode = 'avg'
9.2191 	EXP 	window1: blendMode = 'avg'
9.2358 	EXP 	window1: blendMode = 'avg'
9.2524 	EXP 	window1: blendMode = 'avg'
9.2660 	EXP 	window1: blendMode = 'avg'
9.2823 	EXP 	window1: blendMode = 'avg'
9.2993 	EXP 	window1: blendMode = 'avg'
9.3157 	EXP 	window1: blendMode = 'avg'
9.3323 	EXP 	window1: blendMode = 'avg'
9.3490 	EXP 	window1: blendMode = 'avg'
9.3657 	EXP 	window1: blendMode = 'avg'
9.3826 	EXP 	window1: blendMode = 'avg'
9.3990 	EXP 	window1: blendMode = 'avg'
9.4157 	EXP 	window1: blendMode = 'avg'
9.4322 	EXP 	window1: blendMode = 'avg'
9.4491 	EXP 	window1: blendMode = 'avg'
9.4651 	EXP 	window1: blendMode = 'avg'
9.4824 	EXP 	window1: blendMode = 'avg'
9.4991 	EXP 	window1: blendMode = 'avg'
9.5157 	EXP 	window1: blendMode = 'avg'
9.5324 	EXP 	window1: blendMode = 'avg'
9.5490 	EXP 	window1: blendMode = 'avg'
9.5656 	EXP 	window1: blendMode = 'avg'
9.5824 	EXP 	window1: blendMode = 'avg'
9.5987 	EXP 	window1: blendMode = 'avg'
9.6159 	EXP 	window1: blendMode = 'avg'
9.6324 	EXP 	window1: blendMode = 'avg'
9.6490 	EXP 	window1: blendMode = 'avg'
9.6655 	EXP 	window1: blendMode = 'avg'
9.6824 	EXP 	window1: blendMode = 'avg'
9.6991 	EXP 	window1: blendMode = 'avg'
9.7157 	EXP 	window1: blendMode = 'avg'
9.7322 	EXP 	window1: blendMode = 'avg'
9.7490 	EXP 	window1: blendMode = 'avg'
9.7657 	EXP 	window1: blendMode = 'avg'
9.7824 	EXP 	window1: blendMode = 'avg'
9.7989 	EXP 	window1: blendMode = 'avg'
9.8155 	EXP 	window1: blendMode = 'avg'
9.8320 	EXP 	window1: blendMode = 'avg'
9.8491 	EXP 	window1: blendMode = 'avg'
9.8657 	EXP 	window1: blendMode = 'avg'
9.8823 	EXP 	window1: blendMode = 'avg'
9.8991 	EXP 	window1: blendMode = 'avg'
9.9157 	EXP 	window1: blendMode = 'avg'
9.9321 	EXP 	window1: blendMode = 'avg'
9.9495 	EXP 	window1: blendMode = 'avg'
9.9658 	EXP 	window1: blendMode = 'avg'
9.9823 	EXP 	window1: blendMode = 'avg'
9.9991 	EXP 	window1: blendMode = 'avg'
10.0157 	EXP 	window1: blendMode = 'avg'
10.0324 	EXP 	window1: blendMode = 'avg'
10.0490 	EXP 	window1: blendMode = 'avg'
10.0655 	EXP 	window1: blendMode = 'avg'
10.0824 	EXP 	window1: blendMode = 'avg'
10.0990 	EXP 	window1: blendMode = 'avg'
10.1157 	EXP 	window1: blendMode = 'avg'
10.1322 	EXP 	window1: blendMode = 'avg'
10.1491 	EXP 	window1: blendMode = 'avg'
10.1657 	EXP 	window1: blendMode = 'avg'
10.1823 	EXP 	window1: blendMode = 'avg'
10.1988 	EXP 	window1: blendMode = 'avg'
10.2157 	EXP 	window1: blendMode = 'avg'
10.2324 	EXP 	window1: blendMode = 'avg'
10.2490 	EXP 	window1: blendMode = 'avg'
10.2657 	EXP 	window1: blendMode = 'avg'
10.2823 	EXP 	window1: blendMode = 'avg'
10.2989 	EXP 	window1: blendMode = 'avg'
10.3157 	EXP 	window1: blendMode = 'avg'
10.3324 	EXP 	window1: blendMode = 'avg'
10.3490 	EXP 	window1: blendMode = 'avg'
10.3656 	EXP 	window1: blendMode = 'avg'
10.3824 	EXP 	window1: blendMode = 'avg'
10.3990 	EXP 	window1: blendMode = 'avg'
10.4157 	EXP 	window1: blendMode = 'avg'
10.4323 	EXP 	window1: blendMode = 'avg'
10.4490 	EXP 	window1: blendMode = 'avg'
10.4657 	EXP 	window1: blendMode = 'avg'
10.4824 	EXP 	window1: blendMode = 'avg'
10.4989 	EXP 	window1: blendMode = 'avg'
10.5157 	EXP 	window1: blendMode = 'avg'
10.5321 	EXP 	window1: blendMode = 'avg'
10.5493 	EXP 	window1: blendMode = 'avg'
10.5657 	EXP 	window1: blendMode = 'avg'
10.5823 	EXP 	window1: blendMode = 'avg'
10.5989 	EXP 	window1: blendMode = 'avg'
10.6158 	EXP 	window1: blendMode = 'avg'
10.6324 	EXP 	window1: blendMode = 'avg'
10.6490 	EXP 	window1: blendMode = 'avg'
10.6657 	EXP 	window1: blendMode = 'avg'
10.6823 	EXP 	window1: blendMode = 'avg'
10.6990 	EXP 	window1: blendMode = 'avg'
10.7157 	EXP 	window1: blendMode = 'avg'
10.7321 	EXP 	window1: blendMode = 'avg'
10.7490 	EXP 	window1: blendMode = 'avg'
10.7657 	EXP 	window1: blendMode = 'avg'
10.7823 	EXP 	window1: blendMode = 'avg'
10.7988 	EXP 	window1: blendMode = 'avg'
10.8148 	EXP 	window1: blendMode = 'avg'
10.8315 	EXP 	window1: blendMode = 'avg'
10.8482 	EXP 	window1: blendMode = 'avg'
10.8654 	EXP 	window1: blendMode = 'avg'
10.8825 	EXP 	window1: blendMode = 'avg'
10.8984 	EXP 	window1: blendMode = 'avg'
10.9159 	EXP 	window1: blendMode = 'avg'
10.9326 	EXP 	window1: blendMode = 'avg'
10.9490 	EXP 	window1: blendMode = 'avg'
10.9657 	EXP 	window1: blendMode = 'avg'
10.9823 	EXP 	window1: blendMode = 'avg'
10.9981 	EXP 	window1: blendMode = 'avg'
11.0157 	EXP 	window1: blendMode = 'avg'
11.0324 	EXP 	window1: blendMode = 'avg'
11.0490 	EXP 	window1: blendMode = 'avg'
11.0657 	EXP 	window1: blendMode = 'avg'
11.0824 	EXP 	window1: blendMode = 'avg'
11.0990 	EXP 	window1: blendMode = 'avg'
11.1156 	EXP 	window1: blendMode = 'avg'
11.1321 	EXP 	window1: blendMode = 'avg'
11.1490 	EXP 	window1: blendMode = 'avg'
11.1657 	EXP 	window1: blendMode = 'avg'
11.1823 	EXP 	window1: blendMode = 'avg'
11.1991 	EXP 	window1: blendMode = 'avg'
11.2157 	EXP 	window1: blendMode = 'avg'
11.2322 	EXP 	window1: blendMode = 'avg'
11.2491 	EXP 	window1: blendMode = 'avg'
11.2657 	EXP 	window1: blendMode = 'avg'
11.2817 	EXP 	window1: blendMode = 'avg'
11.2993 	EXP 	window1: blendMode = 'avg'
11.3156 	EXP 	window1: blendMode = 'avg'
11.3317 	EXP 	window1: blendMode = 'avg'
11.3492 	EXP 	window1: blendMode = 'avg'
11.3657 	EXP 	window1: blendMode = 'avg'
11.3823 	EXP 	window1: blendMode = 'avg'
11.3989 	EXP 	window1: blendMode = 'avg'
11.4156 	EXP 	window1: blendMode = 'avg'
11.4320 	EXP 	window1: blendMode = 'avg'
11.4492 	EXP 	window1: blendMode = 'avg'
11.4657 	EXP 	window1: blendMode = 'avg'
11.4824 	EXP 	window1: blendMode = 'avg'
11.4988 	EXP 	window1: blendMode = 'avg'
11.5157 	EXP 	window1: blendMode = 'avg'
11.5324 	EXP 	window1: blendMode = 'avg'
11.5490 	EXP 	window1: blendMode = 'avg'
11.5655 	EXP 	window1: blendMode = 'avg'
11.5819 	EXP 	window1: blendMode = 'avg'
11.5988 	EXP 	window1: blendMode = 'avg'
11.6152 	EXP 	window1: blendMode = 'avg'
11.6320 	EXP 	window1: blendMode = 'avg'
11.6485 	EXP 	window1: blendMode = 'avg'
11.6660 	EXP 	window1: blendMode = 'avg'
11.6823 	EXP 	window1: blendMode = 'avg'
11.6990 	EXP 	window1: blendMode = 'avg'
11.7156 	EXP 	window1: blendMode = 'avg'
11.7325 	EXP 	window1: blendMode = 'avg'
11.7490 	EXP 	window1: blendMode = 'avg'
11.7655 	EXP 	window1: blendMode = 'avg'
11.7820 	EXP 	window1: blendMode = 'avg'
11.7992 	EXP 	window1: blendMode = 'avg'
11.8156 	EXP 	window1: blendMode = 'avg'
11.8318 	EXP 	window1: blendMode = 'avg'
11.8492 	EXP 	window1: blendMode = 'avg'
11.8657 	EXP 	window1: blendMode = 'avg'
11.8823 	EXP 	window1: blendMode = 'avg'
11.8990 	EXP 	window1: blendMode = 'avg'
11.9157 	EXP 	window1: blendMode = 'avg'
11.9322 	EXP 	window1: blendMode = 'avg'
11.9490 	EXP 	window1: blendMode = 'avg'
11.9658 	EXP 	window1: blendMode = 'avg'
11.9821 	EXP 	window1: blendMode = 'avg'
11.9990 	EXP 	window1: blendMode = 'avg'
12.0157 	EXP 	window1: blendMode = 'avg'
12.0324 	EXP 	window1: blendMode = 'avg'
12.0496 	EXP 	window1: blendMode = 'avg'
12.0658 	EXP 	window1: blendMode = 'avg'
12.0824 	EXP 	window1: blendMode = 'avg'
12.0990 	EXP 	window1: blendMode = 'avg'
12.1156 	EXP 	window1: blendMode = 'avg'
12.1324 	EXP 	window1: blendMode = 'avg'
12.1489 	EXP 	window1: blendMode = 'avg'
12.1657 	EXP 	window1: blendMode = 'avg'
12.1823 	EXP 	window1: blendMode = 'avg'
12.1990 	EXP 	window1: blendMode = 'avg'
12.2156 	EXP 	window1: blendMode = 'avg'
12.2324 	EXP 	window1: blendMode = 'avg'
12.2490 	EXP 	window1: blendMode = 'avg'
12.2657 	EXP 	window1: blendMode = 'avg'
12.2823 	EXP 	window1: blendMode = 'avg'
12.2988 	EXP 	window1: blendMode = 'avg'
12.3157 	EXP 	window1: blendMode = 'avg'
12.3324 	EXP 	window1: blendMode = 'avg'
12.3490 	EXP 	window1: blendMode = 'avg'
12.3656 	EXP 	window1: blendMode = 'avg'
12.3824 	EXP 	window1: blendMode = 'avg'
12.3988 	EXP 	window1: blendMode = 'avg'
12.4157 	EXP 	window1: blendMode = 'avg'
12.4323 	EXP 	window1: blendMode = 'avg'
12.4490 	EXP 	window1: blendMode = 'avg'
12.4657 	EXP 	window1: blendMode = 'avg'
12.4824 	EXP 	window1: blendMode = 'avg'
12.4988 	EXP 	window1: blendMode = 'avg'
12.5157 	EXP 	window1: blendMode = 'avg'
12.5324 	EXP 	window1: blendMode = 'avg'
12.5490 	EXP 	window1: blendMode = 'avg'
12.5646 	EXP 	window1: blendMode = 'avg'
12.5818 	EXP 	window1: blendMode = 'avg'
12.5993 	EXP 	window1: blendMode = 'avg'
12.6157 	EXP 	window1: blendMode = 'avg'
12.6323 	EXP 	window1: blendMode = 'avg'
12.6486 	EXP 	window1: blendMode = 'avg'
12.6658 	EXP 	window1: blendMode = 'avg'
12.6823 	EXP 	window1: blendMode = 'avg'
12.6990 	EXP 	window1: blendMode = 'avg'
12.7147 	EXP 	window1: blendMode = 'avg'
12.7323 	EXP 	window1: blendMode = 'avg'
12.7490 	EXP 	window1: blendMode = 'avg'
12.7656 	EXP 	window1: blendMode = 'avg'
12.7825 	EXP 	window1: blendMode = 'avg'
12.7990 	EXP 	window1: blendMode = 'avg'
12.8157 	EXP 	window1: blendMode = 'avg'
12.8320 	EXP 	window1: blendMode = 'avg'
12.8492 	EXP 	window1: blendMode = 'avg'
12.8656 	EXP 	window1: blendMode = 'avg'
12.8823 	EXP 	window1: blendMode = 'avg'
12.8990 	EXP 	window1: blendMode = 'avg'
12.9157 	EXP 	window1: blendMode = 'avg'
12.9321 	EXP 	window1: blendMode = 'avg'
12.9490 	EXP 	window1: blendMode = 'avg'
12.9650 	EXP 	window1: blendMode = 'avg'
12.9824 	EXP 	window1: blendMode = 'avg'
12.9990 	EXP 	window1: blendMode = 'avg'
13.0157 	EXP 	window1: blendMode = 'avg'
13.0322 	EXP 	window1: blendMode = 'avg'
13.0490 	EXP 	window1: blendMode = 'avg'
13.0657 	EXP 	window1: blendMode = 'avg'
13.0823 	EXP 	window1: blendMode = 'avg'
13.0990 	EXP 	window1: blendMode = 'avg'
13.1157 	EXP 	window1: blendMode = 'avg'
13.1323 	EXP 	window1: blendMode = 'avg'
13.1489 	EXP 	window1: blendMode = 'avg'
13.1654 	EXP 	window1: blendMode = 'avg'
13.1819 	EXP 	window1: blendMode = 'avg'
13.1992 	EXP 	window1: blendMode = 'avg'
13.2157 	EXP 	window1: blendMode = 'avg'
13.2320 	EXP 	window1: blendMode = 'avg'
13.2489 	EXP 	window1: blendMode = 'avg'
13.2657 	EXP 	window1: blendMode = 'avg'
13.2823 	EXP 	window1: blendMode = 'avg'
13.2988 	EXP 	window1: blendMode = 'avg'
13.3156 	EXP 	window1: blendMode = 'avg'
13.3323 	EXP 	window1: blendMode = 'avg'
13.3490 	EXP 	window1: blendMode = 'avg'
13.3654 	EXP 	window1: blendMode = 'avg'
13.3825 	EXP 	window1: blendMode = 'avg'
13.3986 	EXP 	window1: blendMode = 'avg'
13.4153 	EXP 	window1: blendMode = 'avg'
13.4320 	EXP 	window1: blendMode = 'avg'
13.4489 	EXP 	window1: blendMode = 'avg'
13.4657 	EXP 	window1: blendMode = 'avg'
13.4823 	EXP 	window1: blendMode = 'avg'
13.4991 	EXP 	window1: blendMode = 'avg'
13.5156 	EXP 	window1: blendMode = 'avg'
13.5321 	EXP 	window1: blendMode = 'avg'
13.5487 	EXP 	window1: blendMode = 'avg'
13.5659 	EXP 	window1: blendMode = 'avg'
13.5824 	EXP 	window1: blendMode = 'avg'
13.5990 	EXP 	window1: blendMode = 'avg'
13.6156 	EXP 	window1: blendMode = 'avg'
13.6321 	EXP 	window1: blendMode = 'avg'
13.6490 	EXP 	window1: blendMode = 'avg'
13.6651 	EXP 	window1: blendMode = 'avg'
13.6816 	EXP 	window1: blendMode = 'avg'
13.6979 	EXP 	window1: blendMode = 'avg'
13.7154 	EXP 	window1: blendMode = 'avg'
13.7323 	EXP 	window1: blendMode = 'avg'
13.7489 	EXP 	window1: blendMode = 'avg'
13.7657 	EXP 	window1: blendMode = 'avg'
13.7820 	EXP 	window1: blendMode = 'avg'
13.7992 	EXP 	window1: blendMode = 'avg'
13.8156 	EXP 	window1: blendMode = 'avg'
13.8324 	EXP 	window1: blendMode = 'avg'
13.8490 	EXP 	window1: blendMode = 'avg'
13.8656 	EXP 	window1: blendMode = 'avg'
13.8823 	EXP 	window1: blendMode = 'avg'
13.8987 	EXP 	window1: blendMode = 'avg'
13.9159 	EXP 	window1: blendMode = 'avg'
13.9323 	EXP 	window1: blendMode = 'avg'
13.9479 	EXP 	window1: blendMode = 'avg'
13.9657 	EXP 	window1: blendMode = 'avg'
13.9823 	EXP 	window1: blendMode = 'avg'
13.9988 	EXP 	window1: blendMode = 'avg'
14.0154 	EXP 	window1: blendMode = 'avg'
14.0319 	EXP 	window1: blendMode = 'avg'
14.0491 	EXP 	window1: blendMode = 'avg'
14.0656 	EXP 	window1: blendMode = 'avg'
14.0819 	EXP 	window1: blendMode = 'avg'
14.0987 	EXP 	window1: blendMode = 'avg'
14.1151 	EXP 	window1: blendMode = 'avg'
14.1318 	EXP 	window1: blendMode = 'avg'
14.1481 	EXP 	window1: blendMode = 'avg'
14.1650 	EXP 	window1: blendMode = 'avg'
14.1818 	EXP 	window1: blendMode = 'avg'
14.1984 	EXP 	window1: blendMode = 'avg'
14.2152 	EXP 	window1: blendMode = 'avg'
14.2320 	EXP 	window1: blendMode = 'avg'
14.2479 	EXP 	window1: blendMode = 'avg'
14.2647 	EXP 	window1: blendMode = 'avg'
14.2817 	EXP 	window1: blendMode = 'avg'
14.2990 	EXP 	window1: blendMode = 'avg'
14.3156 	EXP 	window1: blendMode = 'avg'
14.3321 	EXP 	window1: blendMode = 'avg'
14.3490 	EXP 	window1: blendMode = 'avg'
14.3656 	EXP 	window1: blendMode = 'avg'
14.3823 	EXP 	window1: blendMode = 'avg'
14.3988 	EXP 	window1: blendMode = 'avg'
14.4156 	EXP 	window1: blendMode = 'avg'
14.4321 	EXP 	window1: blendMode = 'avg'
14.4490 	EXP 	window1: blendMode = 'avg'
14.4656 	EXP 	window1: blendMode = 'avg'
14.4823 	EXP 	window1: blendMode = 'avg'
14.4990 	EXP 	window1: blendMode = 'avg'
14.5156 	EXP 	window1: blendMode = 'avg'
14.5323 	EXP 	window1: blendMode = 'avg'
14.5489 	EXP 	window1: blendMode = 'avg'
14.5654 	EXP 	window1: blendMode = 'avg'
14.5823 	EXP 	window1: blendMode = 'avg'
14.5989 	EXP 	window1: blendMode = 'avg'
14.6156 	EXP 	window1: blendMode = 'avg'
14.6321 	EXP 	window1: blendMode = 'avg'
14.6490 	EXP 	window1: blendMode = 'avg'
14.6656 	EXP 	window1: blendMode = 'avg'
14.6823 	EXP 	window1: blendMode = 'avg'
14.6988 	EXP 	window1: blendMode = 'avg'
14.7156 	EXP 	window1: blendMode = 'avg'
14.7323 	EXP 	window1: blendMode = 'avg'
14.7490 	EXP 	window1: blendMode = 'avg'
14.7657 	EXP 	window1: blendMode = 'avg'
14.7823 	EXP 	window1: blendMode = 'avg'
14.7989 	EXP 	window1: blendMode = 'avg'
14.8156 	EXP 	window1: blendMode = 'avg'
14.8322 	EXP 	window1: blendMode = 'avg'
14.8490 	EXP 	window1: blendMode = 'avg'
14.8653 	EXP 	window1: blendMode = 'avg'
14.8825 	EXP 	window1: blendMode = 'avg'
14.8991 	EXP 	window1: blendMode = 'avg'
14.9156 	EXP 	window1: blendMode = 'avg'
14.9323 	EXP 	window1: blendMode = 'avg'
14.9489 	EXP 	window1: blendMode = 'avg'
14.9654 	EXP 	window1: blendMode = 'avg'
14.9823 	EXP 	window1: blendMode = 'avg'
14.9990 	EXP 	window1: blendMode = 'avg'
15.0156 	EXP 	window1: blendMode = 'avg'
15.0321 	EXP 	window1: blendMode = 'avg'
15.0489 	EXP 	window1: blendMode = 'avg'
15.0657 	EXP 	window1: blendMode = 'avg'
15.0823 	EXP 	window1: blendMode = 'avg'
15.0989 	EXP 	window1: blendMode = 'avg'
15.1156 	EXP 	window1: blendMode = 'avg'
15.1320 	EXP 	window1: blendMode = 'avg'
15.1492 	EXP 	window1: blendMode = 'avg'
15.1656 	EXP 	window1: blendMode = 'avg'
15.1823 	EXP 	window1: blendMode = 'avg'
15.1988 	EXP 	window1: blendMode = 'avg'
15.2156 	EXP 	window1: blendMode = 'avg'
15.2323 	EXP 	window1: blendMode = 'avg'
15.2489 	EXP 	window1: blendMode = 'avg'
15.2656 	EXP 	window1: blendMode = 'avg'
15.2823 	EXP 	window1: blendMode = 'avg'
15.2988 	EXP 	window1: blendMode = 'avg'
15.3156 	EXP 	window1: blendMode = 'avg'
15.3323 	EXP 	window1: blendMode = 'avg'
15.3489 	EXP 	window1: blendMode = 'avg'
15.3655 	EXP 	window1: blendMode = 'avg'
15.3823 	EXP 	window1: blendMode = 'avg'
15.3990 	EXP 	window1: blendMode = 'avg'
15.4156 	EXP 	window1: blendMode = 'avg'
15.4322 	EXP 	window1: blendMode = 'avg'
15.4489 	EXP 	window1: blendMode = 'avg'
15.4653 	EXP 	window1: blendMode = 'avg'
15.4825 	EXP 	window1: blendMode = 'avg'
15.4989 	EXP 	window1: blendMode = 'avg'
15.5157 	EXP 	window1: blendMode = 'avg'
15.5321 	EXP 	window1: blendMode = 'avg'
15.5490 	EXP 	window1: blendMode = 'avg'
15.5656 	EXP 	window1: blendMode = 'avg'
15.5823 	EXP 	window1: blendMode = 'avg'
15.5987 	EXP 	window1: blendMode = 'avg'
15.6156 	EXP 	window1: blendMode = 'avg'
15.6323 	EXP 	window1: blendMode = 'avg'
15.6492 	EXP 	window1: blendMode = 'avg'
15.6656 	EXP 	window1: blendMode = 'avg'
15.6823 	EXP 	window1: blendMode = 'avg'
15.6988 	EXP 	window1: blendMode = 'avg'
15.7156 	EXP 	window1: blendMode = 'avg'
15.7323 	EXP 	window1: blendMode = 'avg'
15.7489 	EXP 	window1: blendMode = 'avg'
15.7655 	EXP 	window1: blendMode = 'avg'
15.7823 	EXP 	window1: blendMode = 'avg'
15.7989 	EXP 	window1: blendMode = 'avg'
15.8156 	EXP 	window1: blendMode = 'avg'
15.8322 	EXP 	window1: blendMode = 'avg'
15.8489 	EXP 	window1: blendMode = 'avg'
15.8656 	EXP 	window1: blendMode = 'avg'
15.8823 	EXP 	window1: blendMode = 'avg'
15.8989 	EXP 	window1: blendMode = 'avg'
15.9156 	EXP 	window1: blendMode = 'avg'
15.9323 	EXP 	window1: blendMode = 'avg'
15.9488 	EXP 	window1: blendMode = 'avg'
15.9656 	EXP 	window1: blendMode = 'avg'
15.9815 	EXP 	window1: blendMode = 'avg'
15.9984 	EXP 	window1: blendMode = 'avg'
16.0153 	EXP 	window1: blendMode = 'avg'
16.0325 	EXP 	window1: blendMode = 'avg'
16.0489 	EXP 	window1: blendMode = 'avg'
16.0656 	EXP 	window1: blendMode = 'avg'
16.0822 	EXP 	window1: blendMode = 'avg'
16.0988 	EXP 	window1: blendMode = 'avg'
16.1156 	EXP 	window1: blendMode = 'avg'
16.1319 	EXP 	window1: blendMode = 'avg'
16.1491 	EXP 	window1: blendMode = 'avg'
16.1656 	EXP 	window1: blendMode = 'avg'
16.1823 	EXP 	window1: blendMode = 'avg'
16.1987 	EXP 	window1: blendMode = 'avg'
16.2156 	EXP 	window1: blendMode = 'avg'
16.2322 	EXP 	window1: blendMode = 'avg'
16.2489 	EXP 	window1: blendMode = 'avg'
16.2653 	EXP 	window1: blendMode = 'avg'
16.2823 	EXP 	window1: blendMode = 'avg'
16.2989 	EXP 	window1: blendMode = 'avg'
16.3179 	DATA 	Keypress: space
16.3285 	EXP 	Imported Book.xlsx as conditions, 44 conditions, 7 params
16.3290 	EXP 	Created sequence: random, trialTypes=44, nReps=1, seed=None
16.3294 	EXP 	New trial (rep=0, index=0): {'YLeftPos': 0, 'time_presentation': 0.5, 'XLeftPos': -300, 'XRightPos': 300, 'rightimg': u'frogs/ab63.jpg', 'YRightPos': 0, 'leftimg': u'frogs/ab23.jpg'}
16.4140 	EXP 	text_2: autoDraw = False
16.4140 	EXP 	Leftimg: pos = array([-300.,    0.])
16.4140 	EXP 	Leftimg: image = u'frogs/ab23.jpg'
16.4140 	EXP 	Rightimg: pos = array([ 300.,    0.])
16.4140 	EXP 	Rightimg: image = u'frogs/ab63.jpg'
16.4140 	EXP 	Leftimg: autoDraw = True
16.4140 	EXP 	Rightimg: autoDraw = True
16.8480 	EXP 	Leftimg: autoDraw = False
16.8480 	EXP 	Rightimg: autoDraw = False
16.8672 	DATA 	Keypress: left
16.8683 	EXP 	New trial (rep=0, index=1): {'YLeftPos': 0, 'time_presentation': 0.5, 'XLeftPos': -300, 'XRightPos': 300, 'rightimg': u'frogs/ab76.jpg', 'YRightPos': 0, 'leftimg': u'frogs/ab36.jpg'}
16.9148 	EXP 	Leftimg: autoDraw = False
16.9148 	EXP 	Rightimg: autoDraw = False
16.9148 	EXP 	text: autoDraw = False
16.9148 	EXP 	Leftimg: pos = array([-300.,    0.])
16.9148 	EXP 	Leftimg: image = u'frogs/ab36.jpg'
16.9148 	EXP 	Rightimg: pos = array([ 300.,    0.])
16.9148 	EXP 	Rightimg: image = u'frogs/ab76.jpg'
16.9148 	EXP 	Leftimg: autoDraw = True
16.9148 	EXP 	Rightimg: autoDraw = True
17.3813 	EXP 	Leftimg: autoDraw = False
17.3813 	EXP 	Rightimg: autoDraw = False
19.3827 	EXP 	window1: blendMode = 'avg'
19.3979 	EXP 	text: autoDraw = True
19.3988 	EXP 	window1: blendMode = 'avg'
19.4155 	EXP 	window1: blendMode = 'avg'
19.4320 	EXP 	window1: blendMode = 'avg'
19.4491 	EXP 	window1: blendMode = 'avg'
19.4656 	EXP 	window1: blendMode = 'avg'
19.4825 	EXP 	window1: blendMode = 'avg'
19.4986 	EXP 	window1: blendMode = 'avg'
19.5158 	EXP 	window1: blendMode = 'avg'
19.5323 	EXP 	window1: blendMode = 'avg'
19.5489 	EXP 	window1: blendMode = 'avg'
19.5654 	EXP 	window1: blendMode = 'avg'
19.5822 	EXP 	window1: blendMode = 'avg'
19.5989 	EXP 	window1: blendMode = 'avg'
19.6155 	EXP 	window1: blendMode = 'avg'
19.6320 	EXP 	window1: blendMode = 'avg'
19.6490 	EXP 	window1: blendMode = 'avg'
19.6655 	EXP 	window1: blendMode = 'avg'
19.6823 	EXP 	window1: blendMode = 'avg'
19.6987 	EXP 	window1: blendMode = 'avg'
19.7157 	EXP 	window1: blendMode = 'avg'
19.7323 	EXP 	window1: blendMode = 'avg'
19.7489 	EXP 	window1: blendMode = 'avg'
19.7656 	EXP 	window1: blendMode = 'avg'
19.7823 	EXP 	window1: blendMode = 'avg'
19.7989 	EXP 	window1: blendMode = 'avg'
19.8156 	EXP 	window1: blendMode = 'avg'
19.8321 	EXP 	window1: blendMode = 'avg'
19.8489 	EXP 	window1: blendMode = 'avg'
19.8655 	EXP 	window1: blendMode = 'avg'
19.8823 	EXP 	window1: blendMode = 'avg'
19.8989 	EXP 	window1: blendMode = 'avg'
19.9163 	DATA 	Keypress: left
19.9171 	EXP 	window1: blendMode = 'avg'
19.9324 	EXP 	window1: blendMode = 'avg'
19.9489 	EXP 	window1: blendMode = 'avg'
19.9655 	EXP 	window1: blendMode = 'avg'
19.9823 	EXP 	window1: blendMode = 'avg'
19.9989 	EXP 	window1: blendMode = 'avg'
20.0156 	EXP 	window1: blendMode = 'avg'
20.0320 	EXP 	window1: blendMode = 'avg'
20.0489 	EXP 	window1: blendMode = 'avg'
20.0656 	EXP 	window1: blendMode = 'avg'
20.0822 	EXP 	window1: blendMode = 'avg'
20.0987 	EXP 	window1: blendMode = 'avg'
20.1156 	EXP 	window1: blendMode = 'avg'
20.1323 	EXP 	window1: blendMode = 'avg'
20.1489 	EXP 	window1: blendMode = 'avg'
20.1654 	EXP 	window1: blendMode = 'avg'
20.1823 	EXP 	window1: blendMode = 'avg'
20.1989 	EXP 	window1: blendMode = 'avg'
20.2155 	EXP 	window1: blendMode = 'avg'
20.2322 	EXP 	window1: blendMode = 'avg'
20.2489 	EXP 	window1: blendMode = 'avg'
20.2659 	EXP 	window1: blendMode = 'avg'
20.2825 	EXP 	window1: blendMode = 'avg'
20.2989 	EXP 	window1: blendMode = 'avg'
20.3156 	EXP 	window1: blendMode = 'avg'
20.3320 	EXP 	window1: blendMode = 'avg'
20.3489 	EXP 	window1: blendMode = 'avg'
20.3656 	EXP 	window1: blendMode = 'avg'
20.3822 	EXP 	window1: blendMode = 'avg'
20.3987 	EXP 	window1: blendMode = 'avg'
20.4155 	EXP 	window1: blendMode = 'avg'
20.4319 	EXP 	window1: blendMode = 'avg'
20.4491 	EXP 	window1: blendMode = 'avg'
20.4657 	EXP 	window1: blendMode = 'avg'
20.4822 	EXP 	window1: blendMode = 'avg'
20.4986 	EXP 	window1: blendMode = 'avg'
20.5158 	EXP 	window1: blendMode = 'avg'
20.5323 	EXP 	window1: blendMode = 'avg'
20.5490 	EXP 	window1: blendMode = 'avg'
20.5656 	EXP 	window1: blendMode = 'avg'
20.5822 	EXP 	window1: blendMode = 'avg'
20.5989 	EXP 	window1: blendMode = 'avg'
20.6150 	EXP 	window1: blendMode = 'avg'
20.6324 	EXP 	window1: blendMode = 'avg'
20.6489 	EXP 	window1: blendMode = 'avg'
20.6656 	EXP 	window1: blendMode = 'avg'
20.6822 	EXP 	window1: blendMode = 'avg'
20.6987 	EXP 	window1: blendMode = 'avg'
20.7155 	EXP 	window1: blendMode = 'avg'
20.7320 	EXP 	window1: blendMode = 'avg'
20.7489 	EXP 	window1: blendMode = 'avg'
20.7656 	EXP 	window1: blendMode = 'avg'
20.7822 	EXP 	window1: blendMode = 'avg'
20.7989 	EXP 	window1: blendMode = 'avg'
20.8151 	EXP 	window1: blendMode = 'avg'
20.8324 	EXP 	window1: blendMode = 'avg'
20.8487 	EXP 	window1: blendMode = 'avg'
20.8655 	EXP 	window1: blendMode = 'avg'
20.8822 	EXP 	window1: blendMode = 'avg'
20.8987 	EXP 	window1: blendMode = 'avg'
20.9149 	EXP 	window1: blendMode = 'avg'
20.9325 	EXP 	window1: blendMode = 'avg'
20.9488 	EXP 	window1: blendMode = 'avg'
20.9656 	EXP 	window1: blendMode = 'avg'
20.9823 	EXP 	window1: blendMode = 'avg'
20.9989 	EXP 	window1: blendMode = 'avg'
21.0156 	EXP 	window1: blendMode = 'avg'
21.0322 	EXP 	window1: blendMode = 'avg'
21.0488 	EXP 	window1: blendMode = 'avg'
21.0654 	EXP 	window1: blendMode = 'avg'
21.0823 	EXP 	window1: blendMode = 'avg'
21.0988 	EXP 	window1: blendMode = 'avg'
21.1155 	EXP 	window1: blendMode = 'avg'
21.1321 	EXP 	window1: blendMode = 'avg'
21.1489 	EXP 	window1: blendMode = 'avg'
21.1654 	EXP 	window1: blendMode = 'avg'
21.1822 	EXP 	window1: blendMode = 'avg'
21.1989 	EXP 	window1: blendMode = 'avg'
21.2155 	EXP 	window1: blendMode = 'avg'
21.2322 	EXP 	window1: blendMode = 'avg'
21.2489 	EXP 	window1: blendMode = 'avg'
21.2653 	EXP 	window1: blendMode = 'avg'
21.2822 	EXP 	window1: blendMode = 'avg'
21.2989 	EXP 	window1: blendMode = 'avg'
21.3154 	EXP 	window1: blendMode = 'avg'
21.3322 	EXP 	window1: blendMode = 'avg'
21.3486 	EXP 	window1: blendMode = 'avg'
21.3658 	EXP 	window1: blendMode = 'avg'
21.3822 	EXP 	window1: blendMode = 'avg'
21.3989 	EXP 	window1: blendMode = 'avg'
21.4155 	EXP 	window1: blendMode = 'avg'
21.4324 	EXP 	window1: blendMode = 'avg'
21.4485 	EXP 	window1: blendMode = 'avg'
21.4658 	EXP 	window1: blendMode = 'avg'
21.4822 	EXP 	window1: blendMode = 'avg'
21.4989 	EXP 	window1: blendMode = 'avg'
21.5155 	EXP 	window1: blendMode = 'avg'
21.5320 	EXP 	window1: blendMode = 'avg'
21.5489 	EXP 	window1: blendMode = 'avg'
21.5655 	EXP 	window1: blendMode = 'avg'
21.5822 	EXP 	window1: blendMode = 'avg'
21.5987 	EXP 	window1: blendMode = 'avg'
21.6156 	EXP 	window1: blendMode = 'avg'
21.6330 	EXP 	window1: blendMode = 'avg'
21.6489 	EXP 	window1: blendMode = 'avg'
21.6655 	EXP 	window1: blendMode = 'avg'
21.6822 	EXP 	window1: blendMode = 'avg'
21.6986 	EXP 	window1: blendMode = 'avg'
21.7158 	EXP 	window1: blendMode = 'avg'
21.7322 	EXP 	window1: blendMode = 'avg'
21.7489 	EXP 	window1: blendMode = 'avg'
21.7653 	EXP 	window1: blendMode = 'avg'
21.7823 	EXP 	window1: blendMode = 'avg'
21.7989 	EXP 	window1: blendMode = 'avg'
21.8155 	EXP 	window1: blendMode = 'avg'
21.8322 	EXP 	window1: blendMode = 'avg'
21.8489 	EXP 	window1: blendMode = 'avg'
21.8654 	EXP 	window1: blendMode = 'avg'
21.8822 	EXP 	window1: blendMode = 'avg'
21.8989 	EXP 	window1: blendMode = 'avg'
21.9158 	EXP 	window1: blendMode = 'avg'
21.9322 	EXP 	window1: blendMode = 'avg'
21.9488 	EXP 	window1: blendMode = 'avg'
21.9653 	EXP 	window1: blendMode = 'avg'
21.9822 	EXP 	window1: blendMode = 'avg'
21.9989 	EXP 	window1: blendMode = 'avg'
22.0155 	EXP 	window1: blendMode = 'avg'
22.0315 	EXP 	window1: blendMode = 'avg'
22.0491 	EXP 	window1: blendMode = 'avg'
22.0656 	EXP 	window1: blendMode = 'avg'
22.0822 	EXP 	window1: blendMode = 'avg'
22.0987 	EXP 	window1: blendMode = 'avg'
22.1185 	EXP 	window1: blendMode = 'avg'
22.1318 	EXP 	window1: blendMode = 'avg'
22.1491 	EXP 	window1: blendMode = 'avg'
22.1656 	EXP 	window1: blendMode = 'avg'
22.1822 	EXP 	window1: blendMode = 'avg'
22.1987 	EXP 	window1: blendMode = 'avg'
22.2156 	EXP 	window1: blendMode = 'avg'
22.2322 	EXP 	window1: blendMode = 'avg'
22.2489 	EXP 	window1: blendMode = 'avg'
22.2653 	EXP 	window1: blendMode = 'avg'
22.2822 	EXP 	window1: blendMode = 'avg'
22.2989 	EXP 	window1: blendMode = 'avg'
22.3156 	EXP 	window1: blendMode = 'avg'
22.3320 	EXP 	window1: blendMode = 'avg'
22.3488 	EXP 	window1: blendMode = 'avg'
22.3656 	EXP 	window1: blendMode = 'avg'
22.3822 	EXP 	window1: blendMode = 'avg'
22.3986 	EXP 	window1: blendMode = 'avg'
22.4158 	EXP 	window1: blendMode = 'avg'
22.4323 	EXP 	window1: blendMode = 'avg'
22.4488 	EXP 	window1: blendMode = 'avg'
22.4654 	EXP 	window1: blendMode = 'avg'
22.4822 	EXP 	window1: blendMode = 'avg'
22.4989 	EXP 	window1: blendMode = 'avg'
22.5155 	EXP 	window1: blendMode = 'avg'
22.5320 	EXP 	window1: blendMode = 'avg'
22.5489 	EXP 	window1: blendMode = 'avg'
22.5656 	EXP 	window1: blendMode = 'avg'
22.5822 	EXP 	window1: blendMode = 'avg'
22.5987 	EXP 	window1: blendMode = 'avg'
22.6155 	EXP 	window1: blendMode = 'avg'
22.6322 	EXP 	window1: blendMode = 'avg'
22.6489 	EXP 	window1: blendMode = 'avg'
22.6654 	EXP 	window1: blendMode = 'avg'
22.6822 	EXP 	window1: blendMode = 'avg'
22.6989 	EXP 	window1: blendMode = 'avg'
22.7155 	EXP 	window1: blendMode = 'avg'
22.7322 	EXP 	window1: blendMode = 'avg'
22.7488 	EXP 	window1: blendMode = 'avg'
22.7655 	EXP 	window1: blendMode = 'avg'
22.7823 	EXP 	window1: blendMode = 'avg'
22.7989 	EXP 	window1: blendMode = 'avg'
22.8155 	EXP 	window1: blendMode = 'avg'
22.8320 	EXP 	window1: blendMode = 'avg'
22.8488 	EXP 	window1: blendMode = 'avg'
22.8655 	EXP 	window1: blendMode = 'avg'
22.8822 	EXP 	window1: blendMode = 'avg'
22.8989 	EXP 	window1: blendMode = 'avg'
22.9159 	EXP 	window1: blendMode = 'avg'
22.9324 	EXP 	window1: blendMode = 'avg'
22.9488 	EXP 	window1: blendMode = 'avg'
22.9655 	EXP 	window1: blendMode = 'avg'
22.9822 	EXP 	window1: blendMode = 'avg'
22.9989 	EXP 	window1: blendMode = 'avg'
23.0155 	EXP 	window1: blendMode = 'avg'
23.0324 	EXP 	window1: blendMode = 'avg'
23.0489 	EXP 	window1: blendMode = 'avg'
23.0669 	DATA 	Keypress: space
23.0678 	EXP 	New trial (rep=0, index=2): {'YLeftPos': 0, 'time_presentation': 0.5, 'XLeftPos': -300, 'XRightPos': 300, 'rightimg': u'frogs/ab61.jpg', 'YRightPos': 0, 'leftimg': u'frogs/ab21.jpg'}
23.0971 	EXP 	Leftimg: autoDraw = False
23.0971 	EXP 	Rightimg: autoDraw = False
23.0971 	EXP 	text: autoDraw = False
23.0971 	EXP 	Leftimg: pos = array([-300.,    0.])
23.0971 	EXP 	Leftimg: image = u'frogs/ab21.jpg'
23.0971 	EXP 	Rightimg: pos = array([ 300.,    0.])
23.0971 	EXP 	Rightimg: image = u'frogs/ab61.jpg'
23.0971 	EXP 	Leftimg: autoDraw = True
23.0971 	EXP 	Rightimg: autoDraw = True
23.5815 	EXP 	Leftimg: autoDraw = False
23.5815 	EXP 	Rightimg: autoDraw = False
23.9166 	DATA 	Keypress: right
23.9179 	EXP 	New trial (rep=0, index=3): {'YLeftPos': 0, 'time_presentation': 0.5, 'XLeftPos': -300, 'XRightPos': 300, 'rightimg': u'frogs/ab72.jpg', 'YRightPos': 0, 'leftimg': u'frogs/ab32.jpg'}
23.9461 	EXP 	Leftimg: autoDraw = False
23.9461 	EXP 	Rightimg: autoDraw = False
23.9461 	EXP 	text: autoDraw = False
23.9461 	EXP 	Leftimg: pos = array([-300.,    0.])
23.9461 	EXP 	Leftimg: image = u'frogs/ab32.jpg'
23.9461 	EXP 	Rightimg: pos = array([ 300.,    0.])
23.9461 	EXP 	Rightimg: image = u'frogs/ab72.jpg'
23.9461 	EXP 	Leftimg: autoDraw = True
23.9461 	EXP 	Rightimg: autoDraw = True
24.3496 	DATA 	Keypress: right
24.3505 	EXP 	New trial (rep=0, index=4): {'YLeftPos': 0, 'time_presentation': 0.5, 'XLeftPos': -300, 'XRightPos': 300, 'rightimg': u'frogs/ab62.jpg', 'YRightPos': 0, 'leftimg': u'frogs/ab22.jpg'}
24.5144 	DATA 	Keypress: left
24.5311 	EXP 	Leftimg: autoDraw = False
24.5311 	EXP 	Rightimg: autoDraw = False
24.5311 	EXP 	text: autoDraw = False
24.5311 	EXP 	Leftimg: pos = array([-300.,    0.])
24.5311 	EXP 	Leftimg: image = u'frogs/ab22.jpg'
24.5311 	EXP 	Rightimg: pos = array([ 300.,    0.])
24.5311 	EXP 	Rightimg: image = u'frogs/ab62.jpg'
24.5311 	EXP 	Leftimg: autoDraw = True
24.5311 	EXP 	Rightimg: autoDraw = True
24.8649 	EXP 	Leftimg: autoDraw = False
24.8649 	EXP 	Rightimg: autoDraw = False
24.8823 	DATA 	Keypress: right
24.8836 	EXP 	New trial (rep=0, index=5): {'YLeftPos': 0, 'time_presentation': 0.5, 'XLeftPos': -300, 'XRightPos': 300, 'rightimg': u'frogs/ab47.jpg', 'YRightPos': 0, 'leftimg': u'frogs/ab7.jpg'}
25.2471 	EXP 	Leftimg: autoDraw = False
25.2471 	EXP 	Rightimg: autoDraw = False
25.2471 	EXP 	text: autoDraw = False
25.2471 	EXP 	Leftimg: pos = array([-300.,    0.])
25.2471 	EXP 	Leftimg: image = u'frogs/ab7.jpg'
25.2471 	EXP 	Rightimg: pos = array([ 300.,    0.])
25.2471 	EXP 	Rightimg: image = u'frogs/ab47.jpg'
25.2471 	EXP 	Leftimg: autoDraw = True
25.2471 	EXP 	Rightimg: autoDraw = True
25.2830 	DATA 	Keypress: left
25.2839 	EXP 	New trial (rep=0, index=6): {'YLeftPos': 0, 'time_presentation': 0.5, 'XLeftPos': -300, 'XRightPos': 300, 'rightimg': u'3.jpg', 'YRightPos': 0, 'leftimg': u'1.jpg'}
25.3471 	EXP 	Leftimg: autoDraw = False
25.3471 	EXP 	Rightimg: autoDraw = False
25.3471 	EXP 	text: autoDraw = False
25.3471 	EXP 	Leftimg: pos = array([-300.,    0.])
25.3471 	EXP 	Leftimg: image = u'1.jpg'
25.3471 	EXP 	Rightimg: pos = array([ 300.,    0.])
25.3471 	EXP 	Rightimg: image = u'3.jpg'
25.3471 	EXP 	Leftimg: autoDraw = True
25.3471 	EXP 	Rightimg: autoDraw = True
25.4993 	DATA 	Keypress: right
25.5002 	EXP 	New trial (rep=0, index=7): {'YLeftPos': 0, 'time_presentation': 0.5, 'XLeftPos': -300, 'XRightPos': 300, 'rightimg': u'frogs/ab57.jpg', 'YRightPos': 0, 'leftimg': u'frogs/ab17.jpg'}
25.5980 	EXP 	Leftimg: autoDraw = False
25.5980 	EXP 	Rightimg: autoDraw = False
25.5980 	EXP 	text: autoDraw = False
25.5980 	EXP 	Leftimg: pos = array([-300.,    0.])
25.5980 	EXP 	Leftimg: image = u'frogs/ab17.jpg'
25.5980 	EXP 	Rightimg: pos = array([ 300.,    0.])
25.5980 	EXP 	Rightimg: image = u'frogs/ab57.jpg'
25.5980 	EXP 	Leftimg: autoDraw = True
25.5980 	EXP 	Rightimg: autoDraw = True
25.6333 	DATA 	Keypress: left
25.6342 	EXP 	New trial (rep=0, index=8): {'YLeftPos': 0, 'time_presentation': 0.5, 'XLeftPos': -300, 'XRightPos': 300, 'rightimg': u'frogs/ab74.jpg', 'YRightPos': 0, 'leftimg': u'frogs/ab34.jpg'}
25.7312 	EXP 	Leftimg: autoDraw = False
25.7312 	EXP 	Rightimg: autoDraw = False
25.7312 	EXP 	text: autoDraw = False
25.7312 	EXP 	Leftimg: pos = array([-300.,    0.])
25.7312 	EXP 	Leftimg: image = u'frogs/ab34.jpg'
25.7312 	EXP 	Rightimg: pos = array([ 300.,    0.])
25.7312 	EXP 	Rightimg: image = u'frogs/ab74.jpg'
25.7312 	EXP 	Leftimg: autoDraw = True
25.7312 	EXP 	Rightimg: autoDraw = True
25.7329 	DATA 	Keypress: right
25.7337 	EXP 	New trial (rep=0, index=9): {'YLeftPos': 0, 'time_presentation': 0.5, 'XLeftPos': -300, 'XRightPos': 300, 'rightimg': u'frogs/ab50.jpg', 'YRightPos': 0, 'leftimg': u'frogs/ab10.jpg'}
25.7984 	EXP 	Leftimg: autoDraw = False
25.7984 	EXP 	Rightimg: autoDraw = False
25.7984 	EXP 	text: autoDraw = False
25.7984 	EXP 	Leftimg: pos = array([-300.,    0.])
25.7984 	EXP 	Leftimg: image = u'frogs/ab10.jpg'
25.7984 	EXP 	Rightimg: pos = array([ 300.,    0.])
25.7984 	EXP 	Rightimg: image = u'frogs/ab50.jpg'
25.7984 	EXP 	Leftimg: autoDraw = True
25.7984 	EXP 	Rightimg: autoDraw = True
25.8325 	DATA 	Keypress: left
25.8334 	EXP 	New trial (rep=0, index=10): {'YLeftPos': 0, 'time_presentation': 0.5, 'XLeftPos': -300, 'XRightPos': 300, 'rightimg': u'frogs/ab48.jpg', 'YRightPos': 0, 'leftimg': u'frogs/ab8.jpg'}
25.8810 	EXP 	Leftimg: autoDraw = False
25.8810 	EXP 	Rightimg: autoDraw = False
25.8810 	EXP 	text: autoDraw = False
25.8810 	EXP 	Leftimg: pos = array([-300.,    0.])
25.8810 	EXP 	Leftimg: image = u'frogs/ab8.jpg'
25.8810 	EXP 	Rightimg: pos = array([ 300.,    0.])
25.8810 	EXP 	Rightimg: image = u'frogs/ab48.jpg'
25.8810 	EXP 	Leftimg: autoDraw = True
25.8810 	EXP 	Rightimg: autoDraw = True
26.2322 	DATA 	Keypress: left
26.2331 	EXP 	New trial (rep=0, index=11): {'YLeftPos': 0, 'time_presentation': 0.5, 'XLeftPos': -300, 'XRightPos': 300, 'rightimg': u'frogs/ab73.jpg', 'YRightPos': 0, 'leftimg': u'frogs/ab33.jpg'}
26.3316 	EXP 	Leftimg: autoDraw = False
26.3316 	EXP 	Rightimg: autoDraw = False
26.3316 	EXP 	text: autoDraw = False
26.3316 	EXP 	Leftimg: pos = array([-300.,    0.])
26.3316 	EXP 	Leftimg: image = u'frogs/ab33.jpg'
26.3316 	EXP 	Rightimg: pos = array([ 300.,    0.])
26.3316 	EXP 	Rightimg: image = u'frogs/ab73.jpg'
26.3316 	EXP 	Leftimg: autoDraw = True
26.3316 	EXP 	Rightimg: autoDraw = True
26.7479 	EXP 	Leftimg: autoDraw = False
26.7479 	EXP 	Rightimg: autoDraw = False
26.8492 	DATA 	Keypress: right
26.8502 	EXP 	New trial (rep=0, index=12): {'YLeftPos': 0, 'time_presentation': 0.5, 'XLeftPos': -300, 'XRightPos': 300, 'rightimg': u'frogs/ab45.jpg', 'YRightPos': 0, 'leftimg': u'frogs/ab5.jpg'}
26.8805 	EXP 	Leftimg: autoDraw = False
26.8805 	EXP 	Rightimg: autoDraw = False
26.8805 	EXP 	text: autoDraw = False
26.8805 	EXP 	Leftimg: pos = array([-300.,    0.])
26.8805 	EXP 	Leftimg: image = u'frogs/ab5.jpg'
26.8805 	EXP 	Rightimg: pos = array([ 300.,    0.])
26.8805 	EXP 	Rightimg: image = u'frogs/ab45.jpg'
26.8805 	EXP 	Leftimg: autoDraw = True
26.8805 	EXP 	Rightimg: autoDraw = True
27.3165 	DATA 	Keypress: left
27.3174 	EXP 	New trial (rep=0, index=13): {'YLeftPos': 0, 'time_presentation': 0.5, 'XLeftPos': -300, 'XRightPos': 300, 'rightimg': u'frogs/ab58.jpg', 'YRightPos': 0, 'leftimg': u'frogs/ab18.jpg'}
27.4645 	EXP 	Leftimg: autoDraw = False
27.4645 	EXP 	Rightimg: autoDraw = False
27.4645 	EXP 	text: autoDraw = False
27.4645 	EXP 	Leftimg: pos = array([-300.,    0.])
27.4645 	EXP 	Leftimg: image = u'frogs/ab18.jpg'
27.4645 	EXP 	Rightimg: pos = array([ 300.,    0.])
27.4645 	EXP 	Rightimg: image = u'frogs/ab58.jpg'
27.4645 	EXP 	Leftimg: autoDraw = True
27.4645 	EXP 	Rightimg: autoDraw = True
27.8314 	EXP 	Leftimg: autoDraw = False
27.8314 	EXP 	Rightimg: autoDraw = False
27.9340 	DATA 	Keypress: right
27.9495 	EXP 	New trial (rep=0, index=14): {'YLeftPos': 0, 'time_presentation': 0.5, 'XLeftPos': -300, 'XRightPos': 300, 'rightimg': u'frogs/ab69.jpg', 'YRightPos': 0, 'leftimg': u'frogs/ab29.jpg'}
27.9814 	EXP 	Leftimg: autoDraw = False
27.9814 	EXP 	Rightimg: autoDraw = False
27.9814 	EXP 	text: autoDraw = False
27.9814 	EXP 	Leftimg: pos = array([-300.,    0.])
27.9814 	EXP 	Leftimg: image = u'frogs/ab29.jpg'
27.9814 	EXP 	Rightimg: pos = array([ 300.,    0.])
27.9814 	EXP 	Rightimg: image = u'frogs/ab69.jpg'
27.9814 	EXP 	Leftimg: autoDraw = True
27.9814 	EXP 	Rightimg: autoDraw = True
28.4315 	DATA 	Keypress: right
28.4322 	EXP 	New trial (rep=0, index=15): {'YLeftPos': 0, 'time_presentation': 0.5, 'XLeftPos': -300, 'XRightPos': 300, 'rightimg': u'frogs/ab78.jpg', 'YRightPos': 0, 'leftimg': u'frogs/ab38.jpg'}
28.4636 	EXP 	Leftimg: autoDraw = False
28.4636 	EXP 	Rightimg: autoDraw = False
28.4636 	EXP 	text: autoDraw = False
28.4636 	EXP 	Leftimg: pos = array([-300.,    0.])
28.4636 	EXP 	Leftimg: image = u'frogs/ab38.jpg'
28.4636 	EXP 	Rightimg: pos = array([ 300.,    0.])
28.4636 	EXP 	Rightimg: image = u'frogs/ab78.jpg'
28.4636 	EXP 	Leftimg: autoDraw = True
28.4636 	EXP 	Rightimg: autoDraw = True
28.8993 	DATA 	Keypress: right
28.9002 	EXP 	New trial (rep=0, index=16): {'YLeftPos': 0, 'time_presentation': 0.5, 'XLeftPos': -300, 'XRightPos': 300, 'rightimg': u'frogs/ab59.jpg', 'YRightPos': 0, 'leftimg': u'frogs/ab19.jpg'}
28.9463 	EXP 	Leftimg: autoDraw = False
28.9463 	EXP 	Rightimg: autoDraw = False
28.9463 	EXP 	text: autoDraw = False
28.9463 	EXP 	Leftimg: pos = array([-300.,    0.])
28.9463 	EXP 	Leftimg: image = u'frogs/ab19.jpg'
28.9463 	EXP 	Rightimg: pos = array([ 300.,    0.])
28.9463 	EXP 	Rightimg: image = u'frogs/ab59.jpg'
28.9463 	EXP 	Leftimg: autoDraw = True
28.9463 	EXP 	Rightimg: autoDraw = True
29.3826 	DATA 	Keypress: left
29.3835 	EXP 	New trial (rep=0, index=17): {'YLeftPos': 0, 'time_presentation': 0.5, 'XLeftPos': -300, 'XRightPos': 300, 'rightimg': u'frogs/ab42.jpg', 'YRightPos': 0, 'leftimg': u'frogs/ab2.jpg'}
29.7015 	EXP 	Leftimg: autoDraw = False
29.7015 	EXP 	Rightimg: autoDraw = False
29.7015 	EXP 	text: autoDraw = False
29.7015 	EXP 	Leftimg: pos = array([-300.,    0.])
29.7015 	EXP 	Leftimg: image = u'frogs/ab2.jpg'
29.7015 	EXP 	Rightimg: pos = array([ 300.,    0.])
29.7015 	EXP 	Rightimg: image = u'frogs/ab42.jpg'
29.7015 	EXP 	Leftimg: autoDraw = True
29.7015 	EXP 	Rightimg: autoDraw = True
29.7496 	DATA 	Keypress: right
29.7505 	EXP 	New trial (rep=0, index=18): {'YLeftPos': 0, 'time_presentation': 0.5, 'XLeftPos': -300, 'XRightPos': 300, 'rightimg': u'frogs/ab49.jpg', 'YRightPos': 0, 'leftimg': u'frogs/ab9.jpg'}
29.9475 	EXP 	Leftimg: autoDraw = False
29.9475 	EXP 	Rightimg: autoDraw = False
29.9475 	EXP 	text: autoDraw = False
29.9475 	EXP 	Leftimg: pos = array([-300.,    0.])
29.9475 	EXP 	Leftimg: image = u'frogs/ab9.jpg'
29.9475 	EXP 	Rightimg: pos = array([ 300.,    0.])
29.9475 	EXP 	Rightimg: image = u'frogs/ab49.jpg'
29.9475 	EXP 	Leftimg: autoDraw = True
29.9475 	EXP 	Rightimg: autoDraw = True
30.2647 	EXP 	Leftimg: autoDraw = False
30.2647 	EXP 	Rightimg: autoDraw = False
30.9668 	DATA 	Keypress: left
30.9678 	EXP 	New trial (rep=0, index=19): {'YLeftPos': 0, 'time_presentation': 0.5, 'XLeftPos': -300, 'XRightPos': 300, 'rightimg': u'frogs/ab64.jpg', 'YRightPos': 0, 'leftimg': u'frogs/ab24.jpg'}
30.9979 	EXP 	Leftimg: autoDraw = False
30.9979 	EXP 	Rightimg: autoDraw = False
30.9979 	EXP 	text: autoDraw = False
30.9979 	EXP 	Leftimg: pos = array([-300.,    0.])
30.9979 	EXP 	Leftimg: image = u'frogs/ab24.jpg'
30.9979 	EXP 	Rightimg: pos = array([ 300.,    0.])
30.9979 	EXP 	Rightimg: image = u'frogs/ab64.jpg'
30.9979 	EXP 	Leftimg: autoDraw = True
30.9979 	EXP 	Rightimg: autoDraw = True
31.4815 	EXP 	Leftimg: autoDraw = False
31.4815 	EXP 	Rightimg: autoDraw = False
31.4832 	DATA 	Keypress: left
31.4844 	EXP 	New trial (rep=0, index=20): {'YLeftPos': 0, 'time_presentation': 0.5, 'XLeftPos': -300, 'XRightPos': 300, 'rightimg': u'frogs/ab77.jpg', 'YRightPos': 0, 'leftimg': u'frogs/ab37.jpg'}
31.5308 	EXP 	Leftimg: autoDraw = False
31.5308 	EXP 	Rightimg: autoDraw = False
31.5308 	EXP 	text: autoDraw = False
31.5308 	EXP 	Leftimg: pos = array([-300.,    0.])
31.5308 	EXP 	Leftimg: image = u'frogs/ab37.jpg'
31.5308 	EXP 	Rightimg: pos = array([ 300.,    0.])
31.5308 	EXP 	Rightimg: image = u'frogs/ab77.jpg'
31.5308 	EXP 	Leftimg: autoDraw = True
31.5308 	EXP 	Rightimg: autoDraw = True
31.9981 	EXP 	Leftimg: autoDraw = False
31.9981 	EXP 	Rightimg: autoDraw = False
32.0497 	DATA 	Keypress: right
32.0659 	EXP 	New trial (rep=0, index=21): {'YLeftPos': 0, 'time_presentation': 0.5, 'XLeftPos': -300, 'XRightPos': 300, 'rightimg': u'4.jpg', 'YRightPos': 0, 'leftimg': u'2.jpg'}
32.0977 	EXP 	Leftimg: autoDraw = False
32.0977 	EXP 	Rightimg: autoDraw = False
32.0977 	EXP 	text: autoDraw = False
32.0977 	EXP 	Leftimg: pos = array([-300.,    0.])
32.0977 	EXP 	Leftimg: image = u'2.jpg'
32.0977 	EXP 	Rightimg: pos = array([ 300.,    0.])
32.0977 	EXP 	Rightimg: image = u'4.jpg'
32.0977 	EXP 	Leftimg: autoDraw = True
32.0977 	EXP 	Rightimg: autoDraw = True
32.5812 	EXP 	Leftimg: autoDraw = False
32.5812 	EXP 	Rightimg: autoDraw = False
32.6995 	DATA 	Keypress: left
32.7007 	EXP 	New trial (rep=0, index=22): {'YLeftPos': 0, 'time_presentation': 0.5, 'XLeftPos': -300, 'XRightPos': 300, 'rightimg': u'frogs/ab60.jpg', 'YRightPos': 0, 'leftimg': u'frogs/ab20.jpg'}
32.7141 	EXP 	Leftimg: autoDraw = False
32.7141 	EXP 	Rightimg: autoDraw = False
32.7141 	EXP 	text: autoDraw = False
32.7141 	EXP 	Leftimg: pos = array([-300.,    0.])
32.7141 	EXP 	Leftimg: image = u'frogs/ab20.jpg'
32.7141 	EXP 	Rightimg: pos = array([ 300.,    0.])
32.7141 	EXP 	Rightimg: image = u'frogs/ab60.jpg'
32.7141 	EXP 	Leftimg: autoDraw = True
32.7141 	EXP 	Rightimg: autoDraw = True
33.1330 	DATA 	Keypress: right
33.1339 	EXP 	New trial (rep=0, index=23): {'YLeftPos': 0, 'time_presentation': 0.5, 'XLeftPos': -300, 'XRightPos': 300, 'rightimg': u'frogs/ab56.jpg', 'YRightPos': 0, 'leftimg': u'frogs/ab16.jpg'}
33.3820 	EXP 	Leftimg: autoDraw = False
33.3820 	EXP 	Rightimg: autoDraw = False
33.3820 	EXP 	text: autoDraw = False
33.3820 	EXP 	Leftimg: pos = array([-300.,    0.])
33.3820 	EXP 	Leftimg: image = u'frogs/ab16.jpg'
33.3820 	EXP 	Rightimg: pos = array([ 300.,    0.])
33.3820 	EXP 	Rightimg: image = u'frogs/ab56.jpg'
33.3820 	EXP 	Leftimg: autoDraw = True
33.3820 	EXP 	Rightimg: autoDraw = True
33.6480 	EXP 	Leftimg: autoDraw = False
33.6480 	EXP 	Rightimg: autoDraw = False
33.7839 	DATA 	Keypress: right
33.7994 	EXP 	New trial (rep=0, index=24): {'YLeftPos': 0, 'time_presentation': 0.5, 'XLeftPos': -300, 'XRightPos': 300, 'rightimg': u'frogs/ab71.jpg', 'YRightPos': 0, 'leftimg': u'frogs/ab31.jpg'}
33.9143 	EXP 	Leftimg: autoDraw = False
33.9143 	EXP 	Rightimg: autoDraw = False
33.9143 	EXP 	text: autoDraw = False
33.9143 	EXP 	Leftimg: pos = array([-300.,    0.])
33.9143 	EXP 	Leftimg: image = u'frogs/ab31.jpg'
33.9143 	EXP 	Rightimg: pos = array([ 300.,    0.])
33.9143 	EXP 	Rightimg: image = u'frogs/ab71.jpg'
33.9143 	EXP 	Leftimg: autoDraw = True
33.9143 	EXP 	Rightimg: autoDraw = True
34.3141 	EXP 	Leftimg: autoDraw = False
34.3141 	EXP 	Rightimg: autoDraw = False
34.5329 	DATA 	Keypress: left
34.5341 	EXP 	New trial (rep=0, index=25): {'YLeftPos': 0, 'time_presentation': 0.5, 'XLeftPos': -300, 'XRightPos': 300, 'rightimg': u'2.jpg', 'YRightPos': 0, 'leftimg': u'4.jpg'}
34.5645 	EXP 	Leftimg: autoDraw = False
34.5645 	EXP 	Rightimg: autoDraw = False
34.5645 	EXP 	text: autoDraw = False
34.5645 	EXP 	Leftimg: pos = array([-300.,    0.])
34.5645 	EXP 	Leftimg: image = u'4.jpg'
34.5645 	EXP 	Rightimg: pos = array([ 300.,    0.])
34.5645 	EXP 	Rightimg: image = u'2.jpg'
34.5645 	EXP 	Leftimg: autoDraw = True
34.5645 	EXP 	Rightimg: autoDraw = True
35.0328 	DATA 	Keypress: right
35.0338 	EXP 	New trial (rep=0, index=26): {'YLeftPos': 0, 'time_presentation': 0.5, 'XLeftPos': -300, 'XRightPos': 300, 'rightimg': u'frogs/ab46.jpg', 'YRightPos': 0, 'leftimg': u'frogs/ab6.jpg'}
35.0967 	EXP 	Leftimg: autoDraw = False
35.0967 	EXP 	Rightimg: autoDraw = False
35.0967 	EXP 	Leftimg: autoDraw = False
35.0967 	EXP 	Rightimg: autoDraw = False
35.0967 	EXP 	text: autoDraw = False
35.0967 	EXP 	Leftimg: pos = array([-300.,    0.])
35.0967 	EXP 	Leftimg: image = u'frogs/ab6.jpg'
35.0967 	EXP 	Rightimg: pos = array([ 300.,    0.])
35.0967 	EXP 	Rightimg: image = u'frogs/ab46.jpg'
35.0967 	EXP 	Leftimg: autoDraw = True
35.0967 	EXP 	Rightimg: autoDraw = True
35.5480 	EXP 	Leftimg: autoDraw = False
35.5480 	EXP 	Rightimg: autoDraw = False
35.5992 	DATA 	Keypress: right
35.6003 	EXP 	New trial (rep=0, index=27): {'YLeftPos': 0, 'time_presentation': 0.5, 'XLeftPos': -300, 'XRightPos': 300, 'rightimg': u'frogs/ab67.jpg', 'YRightPos': 0, 'leftimg': u'frogs/ab27.jpg'}
35.6476 	EXP 	Leftimg: autoDraw = False
35.6476 	EXP 	Rightimg: autoDraw = False
35.6476 	EXP 	text: autoDraw = False
35.6476 	EXP 	Leftimg: pos = array([-300.,    0.])
35.6476 	EXP 	Leftimg: image = u'frogs/ab27.jpg'
35.6476 	EXP 	Rightimg: pos = array([ 300.,    0.])
35.6476 	EXP 	Rightimg: image = u'frogs/ab67.jpg'
35.6476 	EXP 	Leftimg: autoDraw = True
35.6476 	EXP 	Rightimg: autoDraw = True
36.1146 	EXP 	Leftimg: autoDraw = False
36.1146 	EXP 	Rightimg: autoDraw = False
36.5323 	DATA 	Keypress: right
36.5334 	EXP 	New trial (rep=0, index=28): {'YLeftPos': 0, 'time_presentation': 0.5, 'XLeftPos': -300, 'XRightPos': 300, 'rightimg': u'frogs/ab55.jpg', 'YRightPos': 0, 'leftimg': u'frogs/ab15.jpg'}
36.6137 	EXP 	Leftimg: autoDraw = False
36.6137 	EXP 	Rightimg: autoDraw = False
36.6137 	EXP 	text: autoDraw = False
36.6137 	EXP 	Leftimg: pos = array([-300.,    0.])
36.6137 	EXP 	Leftimg: image = u'frogs/ab15.jpg'
36.6137 	EXP 	Rightimg: pos = array([ 300.,    0.])
36.6137 	EXP 	Rightimg: image = u'frogs/ab55.jpg'
36.6137 	EXP 	Leftimg: autoDraw = True
36.6137 	EXP 	Rightimg: autoDraw = True
36.9830 	DATA 	Keypress: left
36.9840 	EXP 	New trial (rep=0, index=29): {'YLeftPos': 0, 'time_presentation': 0.5, 'XLeftPos': -300, 'XRightPos': 300, 'rightimg': u'frogs/ab79.jpg', 'YRightPos': 0, 'leftimg': u'frogs/ab39.jpg'}
37.0142 	EXP 	Leftimg: autoDraw = False
37.0142 	EXP 	Rightimg: autoDraw = False
37.0142 	EXP 	text: autoDraw = False
37.0142 	EXP 	Leftimg: pos = array([-300.,    0.])
37.0142 	EXP 	Leftimg: image = u'frogs/ab39.jpg'
37.0142 	EXP 	Rightimg: pos = array([ 300.,    0.])
37.0142 	EXP 	Rightimg: image = u'frogs/ab79.jpg'
37.0142 	EXP 	Leftimg: autoDraw = True
37.0142 	EXP 	Rightimg: autoDraw = True
37.4330 	DATA 	Keypress: right
37.4339 	EXP 	New trial (rep=0, index=30): {'YLeftPos': 0, 'time_presentation': 0.5, 'XLeftPos': -300, 'XRightPos': 300, 'rightimg': u'frogs/ab65.jpg', 'YRightPos': 0, 'leftimg': u'frogs/ab25.jpg'}
37.4975 	EXP 	Leftimg: autoDraw = False
37.4975 	EXP 	Rightimg: autoDraw = False
37.4975 	EXP 	text: autoDraw = False
37.4975 	EXP 	Leftimg: pos = array([-300.,    0.])
37.4975 	EXP 	Leftimg: image = u'frogs/ab25.jpg'
37.4975 	EXP 	Rightimg: pos = array([ 300.,    0.])
37.4975 	EXP 	Rightimg: image = u'frogs/ab65.jpg'
37.4975 	EXP 	Leftimg: autoDraw = True
37.4975 	EXP 	Rightimg: autoDraw = True
37.8013 	DATA 	Keypress: left
37.8155 	EXP 	New trial (rep=0, index=31): {'YLeftPos': 0, 'time_presentation': 0.5, 'XLeftPos': -300, 'XRightPos': 300, 'rightimg': u'frogs/ab53.jpg', 'YRightPos': 0, 'leftimg': u'frogs/ab13.jpg'}
37.8468 	EXP 	Leftimg: autoDraw = False
37.8468 	EXP 	Rightimg: autoDraw = False
37.8468 	EXP 	text: autoDraw = False
37.8468 	EXP 	Leftimg: pos = array([-300.,    0.])
37.8468 	EXP 	Leftimg: image = u'frogs/ab13.jpg'
37.8468 	EXP 	Rightimg: pos = array([ 300.,    0.])
37.8468 	EXP 	Rightimg: image = u'frogs/ab53.jpg'
37.8468 	EXP 	Leftimg: autoDraw = True
37.8468 	EXP 	Rightimg: autoDraw = True
38.3311 	EXP 	Leftimg: autoDraw = False
38.3311 	EXP 	Rightimg: autoDraw = False
38.3497 	DATA 	Keypress: right
38.3660 	EXP 	New trial (rep=0, index=32): {'YLeftPos': 0, 'time_presentation': 0.5, 'XLeftPos': -300, 'XRightPos': 300, 'rightimg': u'frogs/ab43.jpg', 'YRightPos': 0, 'leftimg': u'frogs/ab3.jpg'}
38.4143 	EXP 	Leftimg: autoDraw = False
38.4143 	EXP 	Rightimg: autoDraw = False
38.4143 	EXP 	text: autoDraw = False
38.4143 	EXP 	Leftimg: pos = array([-300.,    0.])
38.4143 	EXP 	Leftimg: image = u'frogs/ab3.jpg'
38.4143 	EXP 	Rightimg: pos = array([ 300.,    0.])
38.4143 	EXP 	Rightimg: image = u'frogs/ab43.jpg'
38.4143 	EXP 	Leftimg: autoDraw = True
38.4143 	EXP 	Rightimg: autoDraw = True
38.8813 	EXP 	Leftimg: autoDraw = False
38.8813 	EXP 	Rightimg: autoDraw = False
38.9324 	DATA 	Keypress: left
38.9335 	EXP 	New trial (rep=0, index=33): {'YLeftPos': 0, 'time_presentation': 0.5, 'XLeftPos': -300, 'XRightPos': 300, 'rightimg': u'frogs/ab41.jpg', 'YRightPos': 0, 'leftimg': u'frogs/ab1.jpg'}
38.9644 	EXP 	Leftimg: autoDraw = False
38.9644 	EXP 	Rightimg: autoDraw = False
38.9644 	EXP 	text: autoDraw = False
38.9644 	EXP 	Leftimg: pos = array([-300.,    0.])
38.9644 	EXP 	Leftimg: image = u'frogs/ab1.jpg'
38.9644 	EXP 	Rightimg: pos = array([ 300.,    0.])
38.9644 	EXP 	Rightimg: image = u'frogs/ab41.jpg'
38.9644 	EXP 	Leftimg: autoDraw = True
38.9644 	EXP 	Rightimg: autoDraw = True
39.4469 	EXP 	Leftimg: autoDraw = False
39.4469 	EXP 	Rightimg: autoDraw = False
39.4486 	DATA 	Keypress: right
39.4499 	EXP 	New trial (rep=0, index=34): {'YLeftPos': 0, 'time_presentation': 0.5, 'XLeftPos': -300, 'XRightPos': 300, 'rightimg': u'frogs/ab80.jpg', 'YRightPos': 0, 'leftimg': u'frogs/ab40.jpg'}
39.4806 	EXP 	Leftimg: autoDraw = False
39.4806 	EXP 	Rightimg: autoDraw = False
39.4806 	EXP 	text: autoDraw = False
39.4806 	EXP 	Leftimg: pos = array([-300.,    0.])
39.4806 	EXP 	Leftimg: image = u'frogs/ab40.jpg'
39.4806 	EXP 	Rightimg: pos = array([ 300.,    0.])
39.4806 	EXP 	Rightimg: image = u'frogs/ab80.jpg'
39.4806 	EXP 	Leftimg: autoDraw = True
39.4806 	EXP 	Rightimg: autoDraw = True
39.9646 	EXP 	Leftimg: autoDraw = False
39.9646 	EXP 	Rightimg: autoDraw = False
40.1491 	DATA 	Keypress: left
40.1503 	EXP 	New trial (rep=0, index=35): {'YLeftPos': 0, 'time_presentation': 0.5, 'XLeftPos': -300, 'XRightPos': 300, 'rightimg': u'frogs/ab66.jpg', 'YRightPos': 0, 'leftimg': u'frogs/ab26.jpg'}
40.1640 	EXP 	Leftimg: autoDraw = False
40.1640 	EXP 	Rightimg: autoDraw = False
40.1640 	EXP 	text: autoDraw = False
40.1640 	EXP 	Leftimg: pos = array([-300.,    0.])
40.1640 	EXP 	Leftimg: image = u'frogs/ab26.jpg'
40.1640 	EXP 	Rightimg: pos = array([ 300.,    0.])
40.1640 	EXP 	Rightimg: image = u'frogs/ab66.jpg'
40.1640 	EXP 	Leftimg: autoDraw = True
40.1640 	EXP 	Rightimg: autoDraw = True
40.5819 	DATA 	Keypress: right
40.5829 	EXP 	New trial (rep=0, index=36): {'YLeftPos': 0, 'time_presentation': 0.5, 'XLeftPos': -300, 'XRightPos': 300, 'rightimg': u'frogs/ab52.jpg', 'YRightPos': 0, 'leftimg': u'frogs/ab12.jpg'}
40.5974 	EXP 	Leftimg: autoDraw = False
40.5974 	EXP 	Rightimg: autoDraw = False
40.5974 	EXP 	text: autoDraw = False
40.5974 	EXP 	Leftimg: pos = array([-300.,    0.])
40.5974 	EXP 	Leftimg: image = u'frogs/ab12.jpg'
40.5974 	EXP 	Rightimg: pos = array([ 300.,    0.])
40.5974 	EXP 	Rightimg: image = u'frogs/ab52.jpg'
40.5974 	EXP 	Leftimg: autoDraw = True
40.5974 	EXP 	Rightimg: autoDraw = True
41.0832 	DATA 	Keypress: left
41.0841 	EXP 	New trial (rep=0, index=37): {'YLeftPos': 0, 'time_presentation': 0.5, 'XLeftPos': -300, 'XRightPos': 300, 'rightimg': u'frogs/ab68.jpg', 'YRightPos': 0, 'leftimg': u'frogs/ab28.jpg'}
41.1146 	EXP 	Leftimg: autoDraw = False
41.1146 	EXP 	Rightimg: autoDraw = False
41.1146 	EXP 	Leftimg: autoDraw = False
41.1146 	EXP 	Rightimg: autoDraw = False
41.1146 	EXP 	text: autoDraw = False
41.1146 	EXP 	Leftimg: pos = array([-300.,    0.])
41.1146 	EXP 	Leftimg: image = u'frogs/ab28.jpg'
41.1146 	EXP 	Rightimg: pos = array([ 300.,    0.])
41.1146 	EXP 	Rightimg: image = u'frogs/ab68.jpg'
41.1146 	EXP 	Leftimg: autoDraw = True
41.1146 	EXP 	Rightimg: autoDraw = True
41.5825 	DATA 	Keypress: right
41.5835 	EXP 	New trial (rep=0, index=38): {'YLeftPos': 0, 'time_presentation': 0.5, 'XLeftPos': -300, 'XRightPos': 300, 'rightimg': u'frogs/ab75.jpg', 'YRightPos': 0, 'leftimg': u'frogs/ab35.jpg'}
41.6138 	EXP 	Leftimg: autoDraw = False
41.6138 	EXP 	Rightimg: autoDraw = False
41.6138 	EXP 	Leftimg: autoDraw = False
41.6138 	EXP 	Rightimg: autoDraw = False
41.6138 	EXP 	text: autoDraw = False
41.6138 	EXP 	Leftimg: pos = array([-300.,    0.])
41.6138 	EXP 	Leftimg: image = u'frogs/ab35.jpg'
41.6138 	EXP 	Rightimg: pos = array([ 300.,    0.])
41.6138 	EXP 	Rightimg: image = u'frogs/ab75.jpg'
41.6138 	EXP 	Leftimg: autoDraw = True
41.6138 	EXP 	Rightimg: autoDraw = True
42.0977 	EXP 	Leftimg: autoDraw = False
42.0977 	EXP 	Rightimg: autoDraw = False
42.1497 	DATA 	Keypress: left
42.1507 	EXP 	New trial (rep=0, index=39): {'YLeftPos': 0, 'time_presentation': 0.5, 'XLeftPos': -300, 'XRightPos': 300, 'rightimg': u'frogs/ab70.jpg', 'YRightPos': 0, 'leftimg': u'frogs/ab30.jpg'}
42.1621 	EXP 	Leftimg: autoDraw = False
42.1621 	EXP 	Rightimg: autoDraw = False
42.1621 	EXP 	text: autoDraw = False
42.1621 	EXP 	Leftimg: pos = array([-300.,    0.])
42.1621 	EXP 	Leftimg: image = u'frogs/ab30.jpg'
42.1621 	EXP 	Rightimg: pos = array([ 300.,    0.])
42.1621 	EXP 	Rightimg: image = u'frogs/ab70.jpg'
42.1621 	EXP 	Leftimg: autoDraw = True
42.1621 	EXP 	Rightimg: autoDraw = True
42.6330 	DATA 	Keypress: right
42.6339 	EXP 	New trial (rep=0, index=40): {'YLeftPos': 0, 'time_presentation': 0.5, 'XLeftPos': -300, 'XRightPos': 300, 'rightimg': u'frogs/ab54.jpg', 'YRightPos': 0, 'leftimg': u'frogs/ab14.jpg'}
42.6638 	EXP 	Leftimg: autoDraw = False
42.6638 	EXP 	Rightimg: autoDraw = False
42.6638 	EXP 	text: autoDraw = False
42.6638 	EXP 	Leftimg: pos = array([-300.,    0.])
42.6638 	EXP 	Leftimg: image = u'frogs/ab14.jpg'
42.6638 	EXP 	Rightimg: pos = array([ 300.,    0.])
42.6638 	EXP 	Rightimg: image = u'frogs/ab54.jpg'
42.6638 	EXP 	Leftimg: autoDraw = True
42.6638 	EXP 	Rightimg: autoDraw = True
43.0818 	DATA 	Keypress: left
43.0827 	EXP 	New trial (rep=0, index=41): {'YLeftPos': 0, 'time_presentation': 0.5, 'XLeftPos': -300, 'XRightPos': 300, 'rightimg': u'1.jpg', 'YRightPos': 0, 'leftimg': u'3.jpg'}
43.1313 	EXP 	Leftimg: autoDraw = False
43.1313 	EXP 	Rightimg: autoDraw = False
43.1313 	EXP 	text: autoDraw = False
43.1313 	EXP 	Leftimg: pos = array([-300.,    0.])
43.1313 	EXP 	Leftimg: image = u'3.jpg'
43.1313 	EXP 	Rightimg: pos = array([ 300.,    0.])
43.1313 	EXP 	Rightimg: image = u'1.jpg'
43.1313 	EXP 	Leftimg: autoDraw = True
43.1313 	EXP 	Rightimg: autoDraw = True
43.5976 	EXP 	Leftimg: autoDraw = False
43.5976 	EXP 	Rightimg: autoDraw = False
44.7664 	DATA 	Keypress: right
44.7678 	EXP 	New trial (rep=0, index=42): {'YLeftPos': 0, 'time_presentation': 0.5, 'XLeftPos': -300, 'XRightPos': 300, 'rightimg': u'frogs/ab51.jpg', 'YRightPos': 0, 'leftimg': u'frogs/ab11.jpg'}
44.8304 	EXP 	Leftimg: autoDraw = False
44.8304 	EXP 	Rightimg: autoDraw = False
44.8304 	EXP 	text: autoDraw = False
44.8304 	EXP 	Leftimg: pos = array([-300.,    0.])
44.8304 	EXP 	Leftimg: image = u'frogs/ab11.jpg'
44.8304 	EXP 	Rightimg: pos = array([ 300.,    0.])
44.8304 	EXP 	Rightimg: image = u'frogs/ab51.jpg'
44.8304 	EXP 	Leftimg: autoDraw = True
44.8304 	EXP 	Rightimg: autoDraw = True
45.2812 	EXP 	Leftimg: autoDraw = False
45.2812 	EXP 	Rightimg: autoDraw = False
45.3160 	DATA 	Keypress: right
45.3171 	EXP 	New trial (rep=0, index=43): {'YLeftPos': 0, 'time_presentation': 0.5, 'XLeftPos': -300, 'XRightPos': 300, 'rightimg': u'frogs/ab44.jpg', 'YRightPos': 0, 'leftimg': u'frogs/ab4.jpg'}
45.3476 	EXP 	Leftimg: autoDraw = False
45.3476 	EXP 	Rightimg: autoDraw = False
45.3476 	EXP 	text: autoDraw = False
45.3476 	EXP 	Leftimg: pos = array([-300.,    0.])
45.3476 	EXP 	Leftimg: image = u'frogs/ab4.jpg'
45.3476 	EXP 	Rightimg: pos = array([ 300.,    0.])
45.3476 	EXP 	Rightimg: image = u'frogs/ab44.jpg'
45.3476 	EXP 	Leftimg: autoDraw = True
45.3476 	EXP 	Rightimg: autoDraw = True
45.7994 	DATA 	Keypress: right
45.8620 	EXP 	window1: blendMode = 'avg'
45.8803 	EXP 	Leftimg: autoDraw = False
45.8803 	EXP 	Rightimg: autoDraw = False
45.8803 	EXP 	text: autoDraw = False
45.8803 	EXP 	text_3: autoDraw = True
45.8812 	EXP 	window1: blendMode = 'avg'
45.8986 	EXP 	window1: blendMode = 'avg'
45.9152 	EXP 	window1: blendMode = 'avg'
45.9323 	EXP 	window1: blendMode = 'avg'
45.9486 	EXP 	window1: blendMode = 'avg'
45.9650 	EXP 	window1: blendMode = 'avg'
45.9821 	EXP 	window1: blendMode = 'avg'
45.9986 	EXP 	window1: blendMode = 'avg'
46.0152 	EXP 	window1: blendMode = 'avg'
46.0317 	EXP 	window1: blendMode = 'avg'
46.0485 	EXP 	window1: blendMode = 'avg'
46.0652 	EXP 	window1: blendMode = 'avg'
46.0819 	EXP 	window1: blendMode = 'avg'
46.0981 	EXP 	window1: blendMode = 'avg'
46.1154 	EXP 	window1: blendMode = 'avg'
46.1319 	EXP 	window1: blendMode = 'avg'
46.1485 	EXP 	window1: blendMode = 'avg'
46.1651 	EXP 	window1: blendMode = 'avg'
46.1818 	EXP 	window1: blendMode = 'avg'
46.1986 	EXP 	window1: blendMode = 'avg'
46.2153 	EXP 	window1: blendMode = 'avg'
46.2317 	EXP 	window1: blendMode = 'avg'
46.2486 	EXP 	window1: blendMode = 'avg'
46.2653 	EXP 	window1: blendMode = 'avg'
46.2819 	EXP 	window1: blendMode = 'avg'
46.2986 	EXP 	window1: blendMode = 'avg'
46.3151 	EXP 	window1: blendMode = 'avg'
46.3317 	EXP 	window1: blendMode = 'avg'
46.3485 	EXP 	window1: blendMode = 'avg'
46.3649 	EXP 	window1: blendMode = 'avg'
46.3818 	EXP 	window1: blendMode = 'avg'
46.3986 	EXP 	window1: blendMode = 'avg'
46.4151 	EXP 	window1: blendMode = 'avg'
46.4319 	EXP 	window1: blendMode = 'avg'
46.4485 	EXP 	window1: blendMode = 'avg'
46.4651 	EXP 	window1: blendMode = 'avg'
46.4818 	EXP 	window1: blendMode = 'avg'
46.4986 	EXP 	window1: blendMode = 'avg'
46.5152 	EXP 	window1: blendMode = 'avg'
46.5319 	EXP 	window1: blendMode = 'avg'
46.5485 	EXP 	window1: blendMode = 'avg'
46.5650 	EXP 	window1: blendMode = 'avg'
46.5819 	EXP 	window1: blendMode = 'avg'
46.5986 	EXP 	window1: blendMode = 'avg'
46.6152 	EXP 	window1: blendMode = 'avg'
46.6317 	EXP 	window1: blendMode = 'avg'
46.6485 	EXP 	window1: blendMode = 'avg'
46.6652 	EXP 	window1: blendMode = 'avg'
46.6818 	EXP 	window1: blendMode = 'avg'
46.6988 	EXP 	window1: blendMode = 'avg'
46.7154 	EXP 	window1: blendMode = 'avg'
46.7322 	EXP 	window1: blendMode = 'avg'
46.7488 	EXP 	window1: blendMode = 'avg'
46.7652 	EXP 	window1: blendMode = 'avg'
46.7818 	EXP 	window1: blendMode = 'avg'
46.7983 	EXP 	window1: blendMode = 'avg'
46.8152 	EXP 	window1: blendMode = 'avg'
46.8319 	EXP 	window1: blendMode = 'avg'
46.8479 	EXP 	window1: blendMode = 'avg'
46.8648 	EXP 	window1: blendMode = 'avg'
46.8816 	EXP 	window1: blendMode = 'avg'
46.8977 	EXP 	window1: blendMode = 'avg'
46.9157 	EXP 	window1: blendMode = 'avg'
46.9322 	EXP 	window1: blendMode = 'avg'
46.9486 	EXP 	window1: blendMode = 'avg'
46.9653 	EXP 	window1: blendMode = 'avg'
46.9814 	EXP 	window1: blendMode = 'avg'
46.9977 	EXP 	window1: blendMode = 'avg'
47.0142 	EXP 	window1: blendMode = 'avg'
47.0317 	EXP 	window1: blendMode = 'avg'
47.0472 	EXP 	window1: blendMode = 'avg'
47.0639 	EXP 	window1: blendMode = 'avg'
47.0819 	EXP 	window1: blendMode = 'avg'
47.0986 	EXP 	window1: blendMode = 'avg'
47.1152 	EXP 	window1: blendMode = 'avg'
47.1318 	EXP 	window1: blendMode = 'avg'
47.1486 	EXP 	window1: blendMode = 'avg'
47.1653 	EXP 	window1: blendMode = 'avg'
47.1819 	EXP 	window1: blendMode = 'avg'
47.1985 	EXP 	window1: blendMode = 'avg'
47.2152 	EXP 	window1: blendMode = 'avg'
47.2316 	EXP 	window1: blendMode = 'avg'
47.2486 	EXP 	window1: blendMode = 'avg'
47.2654 	EXP 	window1: blendMode = 'avg'
47.2811 	EXP 	window1: blendMode = 'avg'
47.2979 	EXP 	window1: blendMode = 'avg'
47.3153 	EXP 	window1: blendMode = 'avg'
47.3319 	EXP 	window1: blendMode = 'avg'
47.3487 	EXP 	window1: blendMode = 'avg'
47.3647 	EXP 	window1: blendMode = 'avg'
47.3816 	EXP 	window1: blendMode = 'avg'
47.3988 	EXP 	window1: blendMode = 'avg'
47.4152 	EXP 	window1: blendMode = 'avg'
47.4319 	EXP 	window1: blendMode = 'avg'
47.4486 	EXP 	window1: blendMode = 'avg'
47.4652 	EXP 	window1: blendMode = 'avg'
47.4818 	EXP 	window1: blendMode = 'avg'
47.4984 	EXP 	window1: blendMode = 'avg'
47.5153 	EXP 	window1: blendMode = 'avg'
47.5319 	EXP 	window1: blendMode = 'avg'
47.5486 	EXP 	window1: blendMode = 'avg'
47.5651 	EXP 	window1: blendMode = 'avg'
47.5819 	EXP 	window1: blendMode = 'avg'
47.5983 	EXP 	window1: blendMode = 'avg'
47.6152 	EXP 	window1: blendMode = 'avg'
47.6319 	EXP 	window1: blendMode = 'avg'
47.6485 	EXP 	window1: blendMode = 'avg'
47.6652 	EXP 	window1: blendMode = 'avg'
47.6818 	EXP 	window1: blendMode = 'avg'
47.6984 	EXP 	window1: blendMode = 'avg'
47.7152 	EXP 	window1: blendMode = 'avg'
47.7319 	EXP 	window1: blendMode = 'avg'
47.7485 	EXP 	window1: blendMode = 'avg'
47.7651 	EXP 	window1: blendMode = 'avg'
47.7819 	EXP 	window1: blendMode = 'avg'
47.7985 	EXP 	window1: blendMode = 'avg'
47.8152 	EXP 	window1: blendMode = 'avg'
47.8317 	EXP 	window1: blendMode = 'avg'
47.8478 	EXP 	window1: blendMode = 'avg'
47.8644 	EXP 	window1: blendMode = 'avg'
47.8819 	EXP 	window1: blendMode = 'avg'
47.8987 	EXP 	window1: blendMode = 'avg'
47.9152 	EXP 	window1: blendMode = 'avg'
47.9319 	EXP 	window1: blendMode = 'avg'
47.9485 	EXP 	window1: blendMode = 'avg'
47.9653 	EXP 	window1: blendMode = 'avg'
47.9812 	EXP 	window1: blendMode = 'avg'
47.9977 	EXP 	window1: blendMode = 'avg'
48.0148 	EXP 	window1: blendMode = 'avg'
48.0321 	EXP 	window1: blendMode = 'avg'
48.0487 	EXP 	window1: blendMode = 'avg'
48.0652 	EXP 	window1: blendMode = 'avg'
48.0819 	EXP 	window1: blendMode = 'avg'
48.0988 	EXP 	window1: blendMode = 'avg'
48.1155 	EXP 	window1: blendMode = 'avg'
48.1319 	EXP 	window1: blendMode = 'avg'
48.1485 	EXP 	window1: blendMode = 'avg'
48.1652 	EXP 	window1: blendMode = 'avg'
48.1819 	EXP 	window1: blendMode = 'avg'
48.1984 	EXP 	window1: blendMode = 'avg'
48.2152 	EXP 	window1: blendMode = 'avg'
48.2319 	EXP 	window1: blendMode = 'avg'
48.2486 	EXP 	window1: blendMode = 'avg'
48.2651 	EXP 	window1: blendMode = 'avg'
48.2818 	EXP 	window1: blendMode = 'avg'
48.2976 	EXP 	window1: blendMode = 'avg'
48.3155 	EXP 	window1: blendMode = 'avg'
48.3319 	EXP 	window1: blendMode = 'avg'
48.3485 	EXP 	window1: blendMode = 'avg'
48.3646 	EXP 	window1: blendMode = 'avg'
48.3821 	EXP 	window1: blendMode = 'avg'
48.3986 	EXP 	window1: blendMode = 'avg'
48.4152 	EXP 	window1: blendMode = 'avg'
48.4320 	EXP 	window1: blendMode = 'avg'
48.4487 	EXP 	window1: blendMode = 'avg'
48.4652 	EXP 	window1: blendMode = 'avg'
48.4818 	EXP 	window1: blendMode = 'avg'
48.4984 	EXP 	window1: blendMode = 'avg'
48.5152 	EXP 	window1: blendMode = 'avg'
48.5316 	EXP 	window1: blendMode = 'avg'
48.5487 	EXP 	window1: blendMode = 'avg'
48.5653 	EXP 	window1: blendMode = 'avg'
48.5819 	EXP 	window1: blendMode = 'avg'
48.5985 	EXP 	window1: blendMode = 'avg'
48.6151 	EXP 	window1: blendMode = 'avg'
48.6323 	EXP 	window1: blendMode = 'avg'
48.6488 	EXP 	window1: blendMode = 'avg'
48.6651 	EXP 	window1: blendMode = 'avg'
48.6809 	EXP 	window1: blendMode = 'avg'
48.6982 	EXP 	window1: blendMode = 'avg'
48.7151 	EXP 	window1: blendMode = 'avg'
48.7319 	EXP 	window1: blendMode = 'avg'
48.7485 	EXP 	window1: blendMode = 'avg'
48.7651 	EXP 	window1: blendMode = 'avg'
48.7819 	EXP 	window1: blendMode = 'avg'
48.7983 	EXP 	window1: blendMode = 'avg'
48.8148 	EXP 	window1: blendMode = 'avg'
48.8320 	EXP 	window1: blendMode = 'avg'
48.8484 	EXP 	window1: blendMode = 'avg'
48.8651 	EXP 	window1: blendMode = 'avg'
48.8819 	EXP 	window1: blendMode = 'avg'
48.8985 	EXP 	window1: blendMode = 'avg'
48.9152 	EXP 	window1: blendMode = 'avg'
48.9318 	EXP 	window1: blendMode = 'avg'
48.9488 	EXP 	window1: blendMode = 'avg'
48.9652 	EXP 	window1: blendMode = 'avg'
48.9829 	DATA 	Keypress: escape
49.0848 	EXP 	window1: mouseVisible = True
