7.1100 	EXP 	Created window1 = Window(allowGUI=False, allowStencil=False, autoLog=True, bitsMode=UNKNOWN, blendMode='avg', color=array([ 0.,  0.,  0.]), colorSpace='rgb', fullscr=UNKNOWN, gamma=None, lms=UNKNOWN, monitor=<psychopy.monitors.calibTools.Monitor object at 0x113e5e290>, multiSample=False, name='window1', numSamples=2, pos=[0, 0], screen=0, size=array([1440,  900]), stereo=False, units=u'norm', useFBO=True, useRetina=False, viewOri=0.0, viewPos=None, viewScale=None, waitBlanking=True, winType='pyglet')
7.1101 	EXP 	window1: recordFrameIntervals = False
7.2768 	EXP 	window1: recordFrameIntervals = True
7.3979 	WARNING 	t of last frame was 21.24ms (=1/47)
7.5646 	EXP 	window1: recordFrameIntervals = False
7.6491 	EXP 	Created text_2 = TextStim(alignHoriz='center', alignVert='center', antialias=True, autoLog=True, bold=False, color='white', colorSpace='named', contrast=1.0, depth=0.0, flipHoriz=False, flipVert=False, font='Arial', fontFiles=[], height=0.1, italic=False, name='text_2', opacity=1.0, ori=0, pos=array([ 0.,  0.]), rgb=array([ 255.,  255.,  255.]), text=unicode(...), units=u'norm', win=Window(...), wrapWidth=1)
7.6506 	EXP 	Created Leftimg = ImageStim(autoLog=True, color=array([ 1.,  1.,  1.]), colorSpace='rgb', contrast=1.0, depth=0.0, flipHoriz=False, flipVert=False, image='sin', interpolate=True, mask=None, maskParams=None, name='Leftimg', opacity=1.0, ori=0.0, pos=array([ 0.,  0.]), size=array([ 400.,  400.]), texRes=128, units='pix', win=Window(...))
7.6518 	EXP 	Created Rightimg = ImageStim(autoLog=True, color=array([ 1.,  1.,  1.]), colorSpace='rgb', contrast=1.0, depth=-1.0, flipHoriz=False, flipVert=False, image='sin', interpolate=True, mask=None, maskParams=None, name='Rightimg', opacity=1.0, ori=0.0, pos=array([ 0.,  0.]), size=array([ 400.,  400.]), texRes=128, units='pix', win=Window(...))
7.6622 	EXP 	Created text = TextStim(alignHoriz='center', alignVert='center', antialias=True, autoLog=True, bold=False, color=u'white', colorSpace='named', contrast=1.0, depth=-4.0, flipHoriz=False, flipVert=False, font=u'Arial', fontFiles=[], height=0.05, italic=False, name='text', opacity=1.0, ori=0, pos=array([ 0.,  0.]), rgb=array([ 255.,  255.,  255.]), text=u'to proceed press the space bar.', units=u'norm', win=Window(...), wrapWidth=1)
7.6716 	EXP 	Created text_3 = TextStim(alignHoriz='center', alignVert='center', antialias=True, autoLog=True, bold=False, color=u'white', colorSpace='named', contrast=1.0, depth=0.0, flipHoriz=False, flipVert=False, font=u'Arial', fontFiles=[], height=0.1, italic=False, name='text_3', opacity=1.0, ori=0, pos=array([ 0.,  0.]), rgb=array([ 255.,  255.,  255.]), text=unicode(...), units=u'norm', win=Window(...), wrapWidth=1)
7.6763 	EXP 	window1: blendMode = 'avg'
7.6973 	EXP 	text_2: autoDraw = True
7.7004 	EXP 	window1: blendMode = 'avg'
7.7154 	EXP 	window1: blendMode = 'avg'
7.7317 	EXP 	window1: blendMode = 'avg'
7.7483 	EXP 	window1: blendMode = 'avg'
7.7654 	EXP 	window1: blendMode = 'avg'
7.7820 	EXP 	window1: blendMode = 'avg'
7.7986 	EXP 	window1: blendMode = 'avg'
7.8154 	EXP 	window1: blendMode = 'avg'
7.8319 	EXP 	window1: blendMode = 'avg'
7.8483 	EXP 	window1: blendMode = 'avg'
7.8653 	EXP 	window1: blendMode = 'avg'
7.8820 	EXP 	window1: blendMode = 'avg'
7.8983 	EXP 	window1: blendMode = 'avg'
7.9151 	EXP 	window1: blendMode = 'avg'
7.9320 	EXP 	window1: blendMode = 'avg'
7.9480 	EXP 	window1: blendMode = 'avg'
7.9651 	EXP 	window1: blendMode = 'avg'
7.9817 	EXP 	window1: blendMode = 'avg'
7.9983 	EXP 	window1: blendMode = 'avg'
8.0154 	EXP 	window1: blendMode = 'avg'
8.0319 	EXP 	window1: blendMode = 'avg'
8.0488 	EXP 	window1: blendMode = 'avg'
8.0655 	EXP 	window1: blendMode = 'avg'
8.0809 	EXP 	window1: blendMode = 'avg'
8.0986 	EXP 	window1: blendMode = 'avg'
8.1153 	EXP 	window1: blendMode = 'avg'
8.1321 	EXP 	window1: blendMode = 'avg'
8.1479 	EXP 	window1: blendMode = 'avg'
8.1655 	EXP 	window1: blendMode = 'avg'
8.1821 	EXP 	window1: blendMode = 'avg'
8.1970 	EXP 	window1: blendMode = 'avg'
8.2152 	EXP 	window1: blendMode = 'avg'
8.2320 	EXP 	window1: blendMode = 'avg'
8.2488 	EXP 	window1: blendMode = 'avg'
8.2652 	EXP 	window1: blendMode = 'avg'
8.2817 	EXP 	window1: blendMode = 'avg'
8.2988 	EXP 	window1: blendMode = 'avg'
8.3154 	EXP 	window1: blendMode = 'avg'
8.3319 	EXP 	window1: blendMode = 'avg'
8.3489 	EXP 	window1: blendMode = 'avg'
8.3655 	EXP 	window1: blendMode = 'avg'
8.3817 	EXP 	window1: blendMode = 'avg'
8.3986 	EXP 	window1: blendMode = 'avg'
8.4156 	EXP 	window1: blendMode = 'avg'
8.4316 	EXP 	window1: blendMode = 'avg'
8.4480 	EXP 	window1: blendMode = 'avg'
8.4653 	EXP 	window1: blendMode = 'avg'
8.4822 	EXP 	window1: blendMode = 'avg'
8.4984 	EXP 	window1: blendMode = 'avg'
8.5153 	EXP 	window1: blendMode = 'avg'
8.5316 	EXP 	window1: blendMode = 'avg'
8.5486 	EXP 	window1: blendMode = 'avg'
8.5657 	EXP 	window1: blendMode = 'avg'
8.5820 	EXP 	window1: blendMode = 'avg'
8.5988 	EXP 	window1: blendMode = 'avg'
8.6150 	EXP 	window1: blendMode = 'avg'
8.6318 	EXP 	window1: blendMode = 'avg'
8.6518 	DATA 	Keypress: space
8.6620 	EXP 	Imported Book.xlsx as conditions, 44 conditions, 7 params
8.6626 	EXP 	Created sequence: random, trialTypes=44, nReps=1, seed=None
8.6630 	EXP 	New trial (rep=0, index=0): {'YLeftPos': 0, 'time_presentation': 0.5, 'XLeftPos': -300, 'XRightPos': 300, 'rightimg': u'frogs/ab66.jpg', 'YRightPos': 0, 'leftimg': u'frogs/ab26.jpg'}
8.7470 	EXP 	text_2: autoDraw = False
8.7470 	EXP 	Leftimg: pos = array([-300.,    0.])
8.7470 	EXP 	Leftimg: image = u'frogs/ab26.jpg'
8.7470 	EXP 	Rightimg: pos = array([ 300.,    0.])
8.7470 	EXP 	Rightimg: image = u'frogs/ab66.jpg'
8.7470 	EXP 	Leftimg: autoDraw = True
8.7470 	EXP 	Rightimg: autoDraw = True
9.1812 	EXP 	Leftimg: autoDraw = False
9.1812 	EXP 	Rightimg: autoDraw = False
11.1655 	EXP 	window1: blendMode = 'avg'
11.1806 	EXP 	text: autoDraw = True
11.1816 	EXP 	window1: blendMode = 'avg'
11.1984 	EXP 	window1: blendMode = 'avg'
11.2150 	EXP 	window1: blendMode = 'avg'
11.2320 	EXP 	window1: blendMode = 'avg'
11.2488 	EXP 	window1: blendMode = 'avg'
11.2654 	EXP 	window1: blendMode = 'avg'
11.2820 	EXP 	window1: blendMode = 'avg'
11.2988 	EXP 	window1: blendMode = 'avg'
11.3155 	EXP 	window1: blendMode = 'avg'
11.3320 	EXP 	window1: blendMode = 'avg'
11.3487 	EXP 	window1: blendMode = 'avg'
11.3656 	EXP 	window1: blendMode = 'avg'
11.3820 	EXP 	window1: blendMode = 'avg'
11.3987 	EXP 	window1: blendMode = 'avg'
11.4155 	EXP 	window1: blendMode = 'avg'
11.4320 	EXP 	window1: blendMode = 'avg'
11.4483 	EXP 	window1: blendMode = 'avg'
11.4649 	EXP 	window1: blendMode = 'avg'
11.4820 	EXP 	window1: blendMode = 'avg'
11.4988 	EXP 	window1: blendMode = 'avg'
11.5150 	EXP 	window1: blendMode = 'avg'
11.5319 	EXP 	window1: blendMode = 'avg'
11.5488 	EXP 	window1: blendMode = 'avg'
11.5652 	EXP 	window1: blendMode = 'avg'
11.5817 	EXP 	window1: blendMode = 'avg'
11.5986 	EXP 	window1: blendMode = 'avg'
11.6156 	EXP 	window1: blendMode = 'avg'
11.6315 	EXP 	window1: blendMode = 'avg'
11.6481 	EXP 	window1: blendMode = 'avg'
11.6653 	EXP 	window1: blendMode = 'avg'
11.6820 	EXP 	window1: blendMode = 'avg'
11.6986 	EXP 	window1: blendMode = 'avg'
11.7156 	EXP 	window1: blendMode = 'avg'
11.7321 	EXP 	window1: blendMode = 'avg'
11.7485 	EXP 	window1: blendMode = 'avg'
11.7654 	EXP 	window1: blendMode = 'avg'
11.7818 	EXP 	window1: blendMode = 'avg'
11.7985 	EXP 	window1: blendMode = 'avg'
11.8154 	EXP 	window1: blendMode = 'avg'
11.8313 	EXP 	window1: blendMode = 'avg'
11.8487 	EXP 	window1: blendMode = 'avg'
11.8650 	EXP 	window1: blendMode = 'avg'
11.8819 	EXP 	window1: blendMode = 'avg'
11.8986 	EXP 	window1: blendMode = 'avg'
11.9150 	EXP 	window1: blendMode = 'avg'
11.9319 	EXP 	window1: blendMode = 'avg'
11.9489 	EXP 	window1: blendMode = 'avg'
11.9640 	EXP 	window1: blendMode = 'avg'
11.9816 	EXP 	window1: blendMode = 'avg'
11.9985 	EXP 	window1: blendMode = 'avg'
12.0153 	EXP 	window1: blendMode = 'avg'
12.0321 	EXP 	window1: blendMode = 'avg'
12.0487 	EXP 	window1: blendMode = 'avg'
12.0654 	EXP 	window1: blendMode = 'avg'
12.0822 	EXP 	window1: blendMode = 'avg'
12.0982 	EXP 	window1: blendMode = 'avg'
12.1149 	EXP 	window1: blendMode = 'avg'
12.1319 	EXP 	window1: blendMode = 'avg'
12.1489 	EXP 	window1: blendMode = 'avg'
12.1651 	EXP 	window1: blendMode = 'avg'
12.1820 	EXP 	window1: blendMode = 'avg'
12.1988 	EXP 	window1: blendMode = 'avg'
12.2141 	EXP 	window1: blendMode = 'avg'
12.2318 	EXP 	window1: blendMode = 'avg'
12.2487 	EXP 	window1: blendMode = 'avg'
12.2656 	EXP 	window1: blendMode = 'avg'
12.2812 	EXP 	window1: blendMode = 'avg'
12.2988 	EXP 	window1: blendMode = 'avg'
12.3154 	EXP 	window1: blendMode = 'avg'
12.3305 	EXP 	window1: blendMode = 'avg'
12.3480 	EXP 	window1: blendMode = 'avg'
12.3654 	EXP 	window1: blendMode = 'avg'
12.3821 	EXP 	window1: blendMode = 'avg'
12.3986 	EXP 	window1: blendMode = 'avg'
12.4156 	EXP 	window1: blendMode = 'avg'
12.4320 	EXP 	window1: blendMode = 'avg'
12.4486 	EXP 	window1: blendMode = 'avg'
12.4651 	EXP 	window1: blendMode = 'avg'
12.4820 	EXP 	window1: blendMode = 'avg'
12.4988 	EXP 	window1: blendMode = 'avg'
12.5151 	EXP 	window1: blendMode = 'avg'
12.5315 	EXP 	window1: blendMode = 'avg'
12.5487 	EXP 	window1: blendMode = 'avg'
12.5652 	EXP 	window1: blendMode = 'avg'
12.5818 	EXP 	window1: blendMode = 'avg'
12.5987 	EXP 	window1: blendMode = 'avg'
12.6154 	EXP 	window1: blendMode = 'avg'
12.6319 	EXP 	window1: blendMode = 'avg'
12.6488 	EXP 	window1: blendMode = 'avg'
12.6655 	EXP 	window1: blendMode = 'avg'
12.6822 	EXP 	window1: blendMode = 'avg'
12.6989 	EXP 	window1: blendMode = 'avg'
12.7146 	EXP 	window1: blendMode = 'avg'
12.7321 	EXP 	window1: blendMode = 'avg'
12.7484 	EXP 	window1: blendMode = 'avg'
12.7650 	EXP 	window1: blendMode = 'avg'
12.7820 	EXP 	window1: blendMode = 'avg'
12.7986 	EXP 	window1: blendMode = 'avg'
12.8153 	EXP 	window1: blendMode = 'avg'
12.8322 	EXP 	window1: blendMode = 'avg'
12.8488 	EXP 	window1: blendMode = 'avg'
12.8651 	EXP 	window1: blendMode = 'avg'
12.8816 	EXP 	window1: blendMode = 'avg'
12.8987 	EXP 	window1: blendMode = 'avg'
12.9148 	EXP 	window1: blendMode = 'avg'
12.9314 	EXP 	window1: blendMode = 'avg'
12.9486 	EXP 	window1: blendMode = 'avg'
12.9651 	EXP 	window1: blendMode = 'avg'
12.9817 	EXP 	window1: blendMode = 'avg'
12.9984 	EXP 	window1: blendMode = 'avg'
13.0152 	EXP 	window1: blendMode = 'avg'
13.0321 	EXP 	window1: blendMode = 'avg'
13.0473 	EXP 	window1: blendMode = 'avg'
13.0651 	EXP 	window1: blendMode = 'avg'
13.0823 	EXP 	window1: blendMode = 'avg'
13.0986 	EXP 	window1: blendMode = 'avg'
13.1152 	EXP 	window1: blendMode = 'avg'
13.1318 	EXP 	window1: blendMode = 'avg'
13.1489 	EXP 	window1: blendMode = 'avg'
13.1651 	EXP 	window1: blendMode = 'avg'
13.1821 	EXP 	window1: blendMode = 'avg'
13.1988 	EXP 	window1: blendMode = 'avg'
13.2146 	EXP 	window1: blendMode = 'avg'
13.2326 	DATA 	Keypress: right
13.2334 	EXP 	window1: blendMode = 'avg'
13.2485 	EXP 	window1: blendMode = 'avg'
13.2655 	EXP 	window1: blendMode = 'avg'
13.2818 	EXP 	window1: blendMode = 'avg'
13.2988 	EXP 	window1: blendMode = 'avg'
13.3154 	EXP 	window1: blendMode = 'avg'
13.3316 	EXP 	window1: blendMode = 'avg'
13.3486 	EXP 	window1: blendMode = 'avg'
13.3655 	EXP 	window1: blendMode = 'avg'
13.3827 	EXP 	window1: blendMode = 'avg'
13.3985 	EXP 	window1: blendMode = 'avg'
13.4151 	EXP 	window1: blendMode = 'avg'
13.4319 	EXP 	window1: blendMode = 'avg'
13.4488 	EXP 	window1: blendMode = 'avg'
13.4652 	EXP 	window1: blendMode = 'avg'
13.4821 	EXP 	window1: blendMode = 'avg'
13.4979 	EXP 	window1: blendMode = 'avg'
13.5208 	EXP 	window1: blendMode = 'avg'
13.5314 	EXP 	window1: blendMode = 'avg'
13.5482 	EXP 	window1: blendMode = 'avg'
13.5652 	EXP 	window1: blendMode = 'avg'
13.5815 	EXP 	window1: blendMode = 'avg'
13.5975 	EXP 	window1: blendMode = 'avg'
13.6151 	EXP 	window1: blendMode = 'avg'
13.6315 	EXP 	window1: blendMode = 'avg'
13.6481 	EXP 	window1: blendMode = 'avg'
13.6654 	EXP 	window1: blendMode = 'avg'
13.6819 	EXP 	window1: blendMode = 'avg'
13.6984 	EXP 	window1: blendMode = 'avg'
13.7149 	EXP 	window1: blendMode = 'avg'
13.7319 	EXP 	window1: blendMode = 'avg'
13.7483 	EXP 	window1: blendMode = 'avg'
13.7648 	EXP 	window1: blendMode = 'avg'
13.7818 	EXP 	window1: blendMode = 'avg'
13.7986 	EXP 	window1: blendMode = 'avg'
13.8153 	EXP 	window1: blendMode = 'avg'
13.8324 	EXP 	window1: blendMode = 'avg'
13.8486 	EXP 	window1: blendMode = 'avg'
13.8653 	EXP 	window1: blendMode = 'avg'
13.8818 	EXP 	window1: blendMode = 'avg'
13.8985 	EXP 	window1: blendMode = 'avg'
13.9152 	EXP 	window1: blendMode = 'avg'
13.9317 	EXP 	window1: blendMode = 'avg'
13.9488 	EXP 	window1: blendMode = 'avg'
13.9658 	EXP 	window1: blendMode = 'avg'
13.9819 	EXP 	window1: blendMode = 'avg'
13.9989 	EXP 	window1: blendMode = 'avg'
14.0148 	EXP 	window1: blendMode = 'avg'
14.0319 	EXP 	window1: blendMode = 'avg'
14.0484 	EXP 	window1: blendMode = 'avg'
14.0652 	EXP 	window1: blendMode = 'avg'
14.0820 	EXP 	window1: blendMode = 'avg'
14.0988 	EXP 	window1: blendMode = 'avg'
14.1155 	EXP 	window1: blendMode = 'avg'
14.1321 	EXP 	window1: blendMode = 'avg'
14.1488 	EXP 	window1: blendMode = 'avg'
14.1649 	EXP 	window1: blendMode = 'avg'
14.1816 	EXP 	window1: blendMode = 'avg'
14.1984 	EXP 	window1: blendMode = 'avg'
14.2156 	EXP 	window1: blendMode = 'avg'
14.2317 	EXP 	window1: blendMode = 'avg'
14.2489 	EXP 	window1: blendMode = 'avg'
14.2650 	EXP 	window1: blendMode = 'avg'
14.2814 	EXP 	window1: blendMode = 'avg'
14.2983 	EXP 	window1: blendMode = 'avg'
14.3152 	EXP 	window1: blendMode = 'avg'
14.3319 	EXP 	window1: blendMode = 'avg'
14.3476 	EXP 	window1: blendMode = 'avg'
14.3654 	EXP 	window1: blendMode = 'avg'
14.3821 	EXP 	window1: blendMode = 'avg'
14.3986 	EXP 	window1: blendMode = 'avg'
14.4152 	EXP 	window1: blendMode = 'avg'
14.4322 	EXP 	window1: blendMode = 'avg'
14.4489 	EXP 	window1: blendMode = 'avg'
14.4646 	EXP 	window1: blendMode = 'avg'
14.4818 	EXP 	window1: blendMode = 'avg'
14.4988 	EXP 	window1: blendMode = 'avg'
14.5154 	EXP 	window1: blendMode = 'avg'
14.5320 	EXP 	window1: blendMode = 'avg'
14.5488 	EXP 	window1: blendMode = 'avg'
14.5648 	EXP 	window1: blendMode = 'avg'
14.5813 	EXP 	window1: blendMode = 'avg'
14.5988 	EXP 	window1: blendMode = 'avg'
14.6154 	EXP 	window1: blendMode = 'avg'
14.6319 	EXP 	window1: blendMode = 'avg'
14.6487 	EXP 	window1: blendMode = 'avg'
14.6656 	EXP 	window1: blendMode = 'avg'
14.6822 	EXP 	window1: blendMode = 'avg'
14.6984 	EXP 	window1: blendMode = 'avg'
14.7168 	DATA 	Keypress: space
14.7183 	EXP 	New trial (rep=0, index=1): {'YLeftPos': 0, 'time_presentation': 0.5, 'XLeftPos': -300, 'XRightPos': 300, 'rightimg': u'frogs/ab67.jpg', 'YRightPos': 0, 'leftimg': u'frogs/ab27.jpg'}
14.7644 	EXP 	Leftimg: autoDraw = False
14.7644 	EXP 	Rightimg: autoDraw = False
14.7644 	EXP 	text: autoDraw = False
14.7644 	EXP 	Leftimg: pos = array([-300.,    0.])
14.7644 	EXP 	Leftimg: image = u'frogs/ab27.jpg'
14.7644 	EXP 	Rightimg: pos = array([ 300.,    0.])
14.7644 	EXP 	Rightimg: image = u'frogs/ab67.jpg'
14.7644 	EXP 	Leftimg: autoDraw = True
14.7644 	EXP 	Rightimg: autoDraw = True
15.2309 	EXP 	Leftimg: autoDraw = False
15.2309 	EXP 	Rightimg: autoDraw = False
15.2828 	DATA 	Keypress: right
15.2840 	EXP 	New trial (rep=0, index=2): {'YLeftPos': 0, 'time_presentation': 0.5, 'XLeftPos': -300, 'XRightPos': 300, 'rightimg': u'frogs/ab65.jpg', 'YRightPos': 0, 'leftimg': u'frogs/ab25.jpg'}
15.3804 	EXP 	Leftimg: autoDraw = False
15.3804 	EXP 	Rightimg: autoDraw = False
15.3804 	EXP 	text: autoDraw = False
15.3804 	EXP 	Leftimg: pos = array([-300.,    0.])
15.3804 	EXP 	Leftimg: image = u'frogs/ab25.jpg'
15.3804 	EXP 	Rightimg: pos = array([ 300.,    0.])
15.3804 	EXP 	Rightimg: image = u'frogs/ab65.jpg'
15.3804 	EXP 	Leftimg: autoDraw = True
15.3804 	EXP 	Rightimg: autoDraw = True
15.7975 	EXP 	Leftimg: autoDraw = False
15.7975 	EXP 	Rightimg: autoDraw = False
16.4149 	DATA 	Keypress: right
16.4157 	EXP 	New trial (rep=0, index=3): {'YLeftPos': 0, 'time_presentation': 0.5, 'XLeftPos': -300, 'XRightPos': 300, 'rightimg': u'frogs/ab55.jpg', 'YRightPos': 0, 'leftimg': u'frogs/ab15.jpg'}
16.5140 	EXP 	Leftimg: autoDraw = False
16.5140 	EXP 	Rightimg: autoDraw = False
16.5140 	EXP 	text: autoDraw = False
16.5140 	EXP 	Leftimg: pos = array([-300.,    0.])
16.5140 	EXP 	Leftimg: image = u'frogs/ab15.jpg'
16.5140 	EXP 	Rightimg: pos = array([ 300.,    0.])
16.5140 	EXP 	Rightimg: image = u'frogs/ab55.jpg'
16.5140 	EXP 	Leftimg: autoDraw = True
16.5140 	EXP 	Rightimg: autoDraw = True
16.9310 	EXP 	Leftimg: autoDraw = False
16.9310 	EXP 	Rightimg: autoDraw = False
17.6992 	DATA 	Keypress: right
17.7004 	EXP 	New trial (rep=0, index=4): {'YLeftPos': 0, 'time_presentation': 0.5, 'XLeftPos': -300, 'XRightPos': 300, 'rightimg': u'frogs/ab80.jpg', 'YRightPos': 0, 'leftimg': u'frogs/ab40.jpg'}
17.7303 	EXP 	Leftimg: autoDraw = False
17.7303 	EXP 	Rightimg: autoDraw = False
17.7303 	EXP 	text: autoDraw = False
17.7303 	EXP 	Leftimg: pos = array([-300.,    0.])
17.7303 	EXP 	Leftimg: image = u'frogs/ab40.jpg'
17.7303 	EXP 	Rightimg: pos = array([ 300.,    0.])
17.7303 	EXP 	Rightimg: image = u'frogs/ab80.jpg'
17.7303 	EXP 	Leftimg: autoDraw = True
17.7303 	EXP 	Rightimg: autoDraw = True
18.2141 	EXP 	Leftimg: autoDraw = False
18.2141 	EXP 	Rightimg: autoDraw = False
18.7661 	DATA 	Keypress: right
18.7672 	EXP 	New trial (rep=0, index=5): {'YLeftPos': 0, 'time_presentation': 0.5, 'XLeftPos': -300, 'XRightPos': 300, 'rightimg': u'frogs/ab75.jpg', 'YRightPos': 0, 'leftimg': u'frogs/ab35.jpg'}
18.8141 	EXP 	Leftimg: autoDraw = False
18.8141 	EXP 	Rightimg: autoDraw = False
18.8141 	EXP 	text: autoDraw = False
18.8141 	EXP 	Leftimg: pos = array([-300.,    0.])
18.8141 	EXP 	Leftimg: image = u'frogs/ab35.jpg'
18.8141 	EXP 	Rightimg: pos = array([ 300.,    0.])
18.8141 	EXP 	Rightimg: image = u'frogs/ab75.jpg'
18.8141 	EXP 	Leftimg: autoDraw = True
18.8141 	EXP 	Rightimg: autoDraw = True
19.2807 	EXP 	Leftimg: autoDraw = False
19.2807 	EXP 	Rightimg: autoDraw = False
20.1501 	DATA 	Keypress: right
20.1656 	EXP 	New trial (rep=0, index=6): {'YLeftPos': 0, 'time_presentation': 0.5, 'XLeftPos': -300, 'XRightPos': 300, 'rightimg': u'frogs/ab48.jpg', 'YRightPos': 0, 'leftimg': u'frogs/ab8.jpg'}
20.2308 	EXP 	Leftimg: autoDraw = False
20.2308 	EXP 	Rightimg: autoDraw = False
20.2308 	EXP 	text: autoDraw = False
20.2308 	EXP 	Leftimg: pos = array([-300.,    0.])
20.2308 	EXP 	Leftimg: image = u'frogs/ab8.jpg'
20.2308 	EXP 	Rightimg: pos = array([ 300.,    0.])
20.2308 	EXP 	Rightimg: image = u'frogs/ab48.jpg'
20.2308 	EXP 	Leftimg: autoDraw = True
20.2308 	EXP 	Rightimg: autoDraw = True
20.6810 	EXP 	Leftimg: autoDraw = False
20.6810 	EXP 	Rightimg: autoDraw = False
21.2828 	DATA 	Keypress: left
21.2840 	EXP 	New trial (rep=0, index=7): {'YLeftPos': 0, 'time_presentation': 0.5, 'XLeftPos': -300, 'XRightPos': 300, 'rightimg': u'frogs/ab45.jpg', 'YRightPos': 0, 'leftimg': u'frogs/ab5.jpg'}
21.3141 	EXP 	Leftimg: autoDraw = False
21.3141 	EXP 	Rightimg: autoDraw = False
21.3141 	EXP 	text: autoDraw = False
21.3141 	EXP 	Leftimg: pos = array([-300.,    0.])
21.3141 	EXP 	Leftimg: image = u'frogs/ab5.jpg'
21.3141 	EXP 	Rightimg: pos = array([ 300.,    0.])
21.3141 	EXP 	Rightimg: image = u'frogs/ab45.jpg'
21.3141 	EXP 	Leftimg: autoDraw = True
21.3141 	EXP 	Rightimg: autoDraw = True
21.7975 	EXP 	Leftimg: autoDraw = False
21.7975 	EXP 	Rightimg: autoDraw = False
22.4149 	DATA 	Keypress: right
22.4158 	EXP 	New trial (rep=0, index=8): {'YLeftPos': 0, 'time_presentation': 0.5, 'XLeftPos': -300, 'XRightPos': 300, 'rightimg': u'frogs/ab50.jpg', 'YRightPos': 0, 'leftimg': u'frogs/ab10.jpg'}
22.4613 	EXP 	Leftimg: autoDraw = False
22.4613 	EXP 	Rightimg: autoDraw = False
22.4613 	EXP 	text: autoDraw = False
22.4613 	EXP 	Leftimg: pos = array([-300.,    0.])
22.4613 	EXP 	Leftimg: image = u'frogs/ab10.jpg'
22.4613 	EXP 	Rightimg: pos = array([ 300.,    0.])
22.4613 	EXP 	Rightimg: image = u'frogs/ab50.jpg'
22.4613 	EXP 	Leftimg: autoDraw = True
22.4613 	EXP 	Rightimg: autoDraw = True
22.9304 	EXP 	Leftimg: autoDraw = False
22.9304 	EXP 	Rightimg: autoDraw = False
23.8151 	DATA 	Keypress: left
23.8161 	EXP 	New trial (rep=0, index=9): {'YLeftPos': 0, 'time_presentation': 0.5, 'XLeftPos': -300, 'XRightPos': 300, 'rightimg': u'frogs/ab79.jpg', 'YRightPos': 0, 'leftimg': u'frogs/ab39.jpg'}
25.0804 	EXP 	Leftimg: autoDraw = False
25.0804 	EXP 	Rightimg: autoDraw = False
25.0804 	EXP 	text: autoDraw = False
25.0804 	EXP 	Leftimg: pos = array([-300.,    0.])
25.0804 	EXP 	Leftimg: image = u'frogs/ab39.jpg'
25.0804 	EXP 	Rightimg: pos = array([ 300.,    0.])
25.0804 	EXP 	Rightimg: image = u'frogs/ab79.jpg'
25.0804 	EXP 	Leftimg: autoDraw = True
25.0804 	EXP 	Leftimg: autoDraw = False
25.0804 	EXP 	Rightimg: autoDraw = True
25.0804 	EXP 	Rightimg: autoDraw = False
26.1479 	DATA 	Keypress: right
26.1488 	EXP 	New trial (rep=0, index=10): {'YLeftPos': 0, 'time_presentation': 0.5, 'XLeftPos': -300, 'XRightPos': 300, 'rightimg': u'frogs/ab68.jpg', 'YRightPos': 0, 'leftimg': u'frogs/ab28.jpg'}
26.1974 	EXP 	Leftimg: autoDraw = False
26.1974 	EXP 	Rightimg: autoDraw = False
26.1974 	EXP 	text: autoDraw = False
26.1974 	EXP 	Leftimg: pos = array([-300.,    0.])
26.1974 	EXP 	Leftimg: image = u'frogs/ab28.jpg'
26.1974 	EXP 	Rightimg: pos = array([ 300.,    0.])
26.1974 	EXP 	Rightimg: image = u'frogs/ab68.jpg'
26.1974 	EXP 	Leftimg: autoDraw = True
26.1974 	EXP 	Rightimg: autoDraw = True
26.6635 	EXP 	Leftimg: autoDraw = False
26.6635 	EXP 	Rightimg: autoDraw = False
27.6167 	DATA 	Keypress: left
27.6179 	EXP 	New trial (rep=0, index=11): {'YLeftPos': 0, 'time_presentation': 0.5, 'XLeftPos': -300, 'XRightPos': 300, 'rightimg': u'3.jpg', 'YRightPos': 0, 'leftimg': u'1.jpg'}
27.6638 	EXP 	Leftimg: autoDraw = False
27.6638 	EXP 	Rightimg: autoDraw = False
27.6638 	EXP 	text: autoDraw = False
27.6638 	EXP 	Leftimg: pos = array([-300.,    0.])
27.6638 	EXP 	Leftimg: image = u'1.jpg'
27.6638 	EXP 	Rightimg: pos = array([ 300.,    0.])
27.6638 	EXP 	Rightimg: image = u'3.jpg'
27.6638 	EXP 	Leftimg: autoDraw = True
27.6638 	EXP 	Rightimg: autoDraw = True
28.1306 	EXP 	Leftimg: autoDraw = False
28.1306 	EXP 	Rightimg: autoDraw = False
28.9490 	DATA 	Keypress: left
28.9500 	EXP 	New trial (rep=0, index=12): {'YLeftPos': 0, 'time_presentation': 0.5, 'XLeftPos': -300, 'XRightPos': 300, 'rightimg': u'frogs/ab73.jpg', 'YRightPos': 0, 'leftimg': u'frogs/ab33.jpg'}
29.0805 	EXP 	Leftimg: autoDraw = False
29.0805 	EXP 	Rightimg: autoDraw = False
29.0805 	EXP 	text: autoDraw = False
29.0805 	EXP 	Leftimg: pos = array([-300.,    0.])
29.0805 	EXP 	Leftimg: image = u'frogs/ab33.jpg'
29.0805 	EXP 	Rightimg: pos = array([ 300.,    0.])
29.0805 	EXP 	Rightimg: image = u'frogs/ab73.jpg'
29.0805 	EXP 	Leftimg: autoDraw = True
29.0805 	EXP 	Rightimg: autoDraw = True
29.4640 	EXP 	Leftimg: autoDraw = False
29.4640 	EXP 	Rightimg: autoDraw = False
30.1808 	DATA 	Keypress: right
30.1816 	EXP 	New trial (rep=0, index=13): {'YLeftPos': 0, 'time_presentation': 0.5, 'XLeftPos': -300, 'XRightPos': 300, 'rightimg': u'frogs/ab69.jpg', 'YRightPos': 0, 'leftimg': u'frogs/ab29.jpg'}
30.2137 	EXP 	Leftimg: autoDraw = False
30.2137 	EXP 	Rightimg: autoDraw = False
30.2137 	EXP 	text: autoDraw = False
30.2137 	EXP 	Leftimg: pos = array([-300.,    0.])
30.2137 	EXP 	Leftimg: image = u'frogs/ab29.jpg'
30.2137 	EXP 	Rightimg: pos = array([ 300.,    0.])
30.2137 	EXP 	Rightimg: image = u'frogs/ab69.jpg'
30.2137 	EXP 	Leftimg: autoDraw = True
30.2137 	EXP 	Rightimg: autoDraw = True
30.6971 	EXP 	Leftimg: autoDraw = False
30.6971 	EXP 	Rightimg: autoDraw = False
31.0993 	DATA 	Keypress: left
31.1004 	EXP 	New trial (rep=0, index=14): {'YLeftPos': 0, 'time_presentation': 0.5, 'XLeftPos': -300, 'XRightPos': 300, 'rightimg': u'frogs/ab46.jpg', 'YRightPos': 0, 'leftimg': u'frogs/ab6.jpg'}
31.1974 	EXP 	Leftimg: autoDraw = False
31.1974 	EXP 	Rightimg: autoDraw = False
31.1974 	EXP 	text: autoDraw = False
31.1974 	EXP 	Leftimg: pos = array([-300.,    0.])
31.1974 	EXP 	Leftimg: image = u'frogs/ab6.jpg'
31.1974 	EXP 	Rightimg: pos = array([ 300.,    0.])
31.1974 	EXP 	Rightimg: image = u'frogs/ab46.jpg'
31.1974 	EXP 	Leftimg: autoDraw = True
31.1974 	EXP 	Rightimg: autoDraw = True
31.6139 	EXP 	Leftimg: autoDraw = False
31.6139 	EXP 	Rightimg: autoDraw = False
32.6993 	DATA 	Keypress: right
32.7005 	EXP 	New trial (rep=0, index=15): {'YLeftPos': 0, 'time_presentation': 0.5, 'XLeftPos': -300, 'XRightPos': 300, 'rightimg': u'frogs/ab49.jpg', 'YRightPos': 0, 'leftimg': u'frogs/ab9.jpg'}
32.9140 	EXP 	Leftimg: autoDraw = False
32.9140 	EXP 	Rightimg: autoDraw = False
32.9140 	EXP 	text: autoDraw = False
32.9140 	EXP 	Leftimg: pos = array([-300.,    0.])
32.9140 	EXP 	Leftimg: image = u'frogs/ab9.jpg'
32.9140 	EXP 	Rightimg: pos = array([ 300.,    0.])
32.9140 	EXP 	Rightimg: image = u'frogs/ab49.jpg'
32.9140 	EXP 	Leftimg: autoDraw = True
32.9140 	EXP 	Rightimg: autoDraw = True
33.2140 	EXP 	Leftimg: autoDraw = False
33.2140 	EXP 	Rightimg: autoDraw = False
34.6483 	DATA 	Keypress: left
34.6492 	EXP 	New trial (rep=0, index=16): {'YLeftPos': 0, 'time_presentation': 0.5, 'XLeftPos': -300, 'XRightPos': 300, 'rightimg': u'frogs/ab63.jpg', 'YRightPos': 0, 'leftimg': u'frogs/ab23.jpg'}
34.6967 	EXP 	Leftimg: autoDraw = False
34.6967 	EXP 	Rightimg: autoDraw = False
34.6967 	EXP 	text: autoDraw = False
34.6967 	EXP 	Leftimg: pos = array([-300.,    0.])
34.6967 	EXP 	Leftimg: image = u'frogs/ab23.jpg'
34.6967 	EXP 	Rightimg: pos = array([ 300.,    0.])
34.6967 	EXP 	Rightimg: image = u'frogs/ab63.jpg'
34.6967 	EXP 	Leftimg: autoDraw = True
34.6967 	EXP 	Rightimg: autoDraw = True
35.1639 	EXP 	Leftimg: autoDraw = False
35.1639 	EXP 	Rightimg: autoDraw = False
37.1651 	EXP 	window1: blendMode = 'avg'
37.1806 	EXP 	text: autoDraw = True
37.1818 	EXP 	window1: blendMode = 'avg'
37.1981 	EXP 	window1: blendMode = 'avg'
37.2151 	EXP 	window1: blendMode = 'avg'
37.2317 	EXP 	window1: blendMode = 'avg'
37.2483 	EXP 	window1: blendMode = 'avg'
37.2650 	EXP 	window1: blendMode = 'avg'
37.2818 	EXP 	window1: blendMode = 'avg'
37.2985 	EXP 	window1: blendMode = 'avg'
37.3147 	EXP 	window1: blendMode = 'avg'
37.3313 	EXP 	window1: blendMode = 'avg'
37.3483 	EXP 	window1: blendMode = 'avg'
37.3647 	EXP 	window1: blendMode = 'avg'
37.3808 	EXP 	window1: blendMode = 'avg'
37.3987 	EXP 	window1: blendMode = 'avg'
37.4150 	EXP 	window1: blendMode = 'avg'
37.4314 	EXP 	window1: blendMode = 'avg'
37.4480 	EXP 	window1: blendMode = 'avg'
37.4648 	EXP 	window1: blendMode = 'avg'
37.4817 	EXP 	window1: blendMode = 'avg'
37.4979 	EXP 	window1: blendMode = 'avg'
37.5146 	EXP 	window1: blendMode = 'avg'
37.5316 	EXP 	window1: blendMode = 'avg'
37.5481 	EXP 	window1: blendMode = 'avg'
37.5647 	EXP 	window1: blendMode = 'avg'
37.5814 	EXP 	window1: blendMode = 'avg'
37.5984 	EXP 	window1: blendMode = 'avg'
37.6146 	EXP 	window1: blendMode = 'avg'
37.6333 	DATA 	Keypress: left
37.6341 	EXP 	window1: blendMode = 'avg'
37.6480 	EXP 	window1: blendMode = 'avg'
37.6648 	EXP 	window1: blendMode = 'avg'
37.6814 	EXP 	window1: blendMode = 'avg'
37.6982 	EXP 	window1: blendMode = 'avg'
37.7153 	EXP 	window1: blendMode = 'avg'
37.7317 	EXP 	window1: blendMode = 'avg'
37.7484 	EXP 	window1: blendMode = 'avg'
37.7653 	EXP 	window1: blendMode = 'avg'
37.7816 	EXP 	window1: blendMode = 'avg'
37.7981 	EXP 	window1: blendMode = 'avg'
37.8150 	EXP 	window1: blendMode = 'avg'
37.8316 	EXP 	window1: blendMode = 'avg'
37.8480 	EXP 	window1: blendMode = 'avg'
37.8647 	EXP 	window1: blendMode = 'avg'
37.8818 	EXP 	window1: blendMode = 'avg'
37.8982 	EXP 	window1: blendMode = 'avg'
37.9150 	EXP 	window1: blendMode = 'avg'
37.9316 	EXP 	window1: blendMode = 'avg'
37.9484 	EXP 	window1: blendMode = 'avg'
37.9646 	EXP 	window1: blendMode = 'avg'
37.9815 	EXP 	window1: blendMode = 'avg'
37.9982 	EXP 	window1: blendMode = 'avg'
38.0150 	EXP 	window1: blendMode = 'avg'
38.0316 	EXP 	window1: blendMode = 'avg'
38.0485 	EXP 	window1: blendMode = 'avg'
38.0653 	EXP 	window1: blendMode = 'avg'
38.0808 	EXP 	window1: blendMode = 'avg'
38.0981 	EXP 	window1: blendMode = 'avg'
38.1149 	EXP 	window1: blendMode = 'avg'
38.1318 	EXP 	window1: blendMode = 'avg'
38.1483 	EXP 	window1: blendMode = 'avg'
38.1651 	EXP 	window1: blendMode = 'avg'
38.1820 	EXP 	window1: blendMode = 'avg'
38.1978 	EXP 	window1: blendMode = 'avg'
38.2147 	EXP 	window1: blendMode = 'avg'
38.2321 	EXP 	window1: blendMode = 'avg'
38.2483 	EXP 	window1: blendMode = 'avg'
38.2645 	EXP 	window1: blendMode = 'avg'
38.2811 	EXP 	window1: blendMode = 'avg'
38.2984 	EXP 	window1: blendMode = 'avg'
38.3148 	EXP 	window1: blendMode = 'avg'
38.3312 	EXP 	window1: blendMode = 'avg'
38.3474 	EXP 	window1: blendMode = 'avg'
38.3653 	EXP 	window1: blendMode = 'avg'
38.3814 	EXP 	window1: blendMode = 'avg'
38.3982 	EXP 	window1: blendMode = 'avg'
38.4150 	EXP 	window1: blendMode = 'avg'
38.4315 	EXP 	window1: blendMode = 'avg'
38.4482 	EXP 	window1: blendMode = 'avg'
38.4652 	EXP 	window1: blendMode = 'avg'
38.4818 	EXP 	window1: blendMode = 'avg'
38.4983 	EXP 	window1: blendMode = 'avg'
38.5154 	EXP 	window1: blendMode = 'avg'
38.5313 	EXP 	window1: blendMode = 'avg'
38.5480 	EXP 	window1: blendMode = 'avg'
38.5648 	EXP 	window1: blendMode = 'avg'
38.5817 	EXP 	window1: blendMode = 'avg'
38.5986 	EXP 	window1: blendMode = 'avg'
38.6145 	EXP 	window1: blendMode = 'avg'
38.6312 	EXP 	window1: blendMode = 'avg'
38.6480 	EXP 	window1: blendMode = 'avg'
38.6647 	EXP 	window1: blendMode = 'avg'
38.6815 	EXP 	window1: blendMode = 'avg'
38.6984 	EXP 	window1: blendMode = 'avg'
38.7156 	EXP 	window1: blendMode = 'avg'
38.7314 	EXP 	window1: blendMode = 'avg'
38.7481 	EXP 	window1: blendMode = 'avg'
38.7650 	EXP 	window1: blendMode = 'avg'
38.7818 	EXP 	window1: blendMode = 'avg'
38.7983 	EXP 	window1: blendMode = 'avg'
38.8150 	EXP 	window1: blendMode = 'avg'
38.8316 	EXP 	window1: blendMode = 'avg'
38.8479 	EXP 	window1: blendMode = 'avg'
38.8646 	EXP 	window1: blendMode = 'avg'
38.8815 	EXP 	window1: blendMode = 'avg'
38.8985 	EXP 	window1: blendMode = 'avg'
38.9146 	EXP 	window1: blendMode = 'avg'
38.9314 	EXP 	window1: blendMode = 'avg'
38.9484 	EXP 	window1: blendMode = 'avg'
38.9647 	EXP 	window1: blendMode = 'avg'
38.9813 	EXP 	window1: blendMode = 'avg'
38.9980 	EXP 	window1: blendMode = 'avg'
39.0148 	EXP 	window1: blendMode = 'avg'
39.0315 	EXP 	window1: blendMode = 'avg'
39.0483 	EXP 	window1: blendMode = 'avg'
39.0652 	EXP 	window1: blendMode = 'avg'
39.0815 	EXP 	window1: blendMode = 'avg'
39.0979 	EXP 	window1: blendMode = 'avg'
39.1149 	EXP 	window1: blendMode = 'avg'
39.1317 	EXP 	window1: blendMode = 'avg'
39.1480 	EXP 	window1: blendMode = 'avg'
39.1650 	EXP 	window1: blendMode = 'avg'
39.1818 	EXP 	window1: blendMode = 'avg'
39.1983 	EXP 	window1: blendMode = 'avg'
39.2148 	EXP 	window1: blendMode = 'avg'
39.2316 	EXP 	window1: blendMode = 'avg'
39.2485 	EXP 	window1: blendMode = 'avg'
39.2648 	EXP 	window1: blendMode = 'avg'
39.2817 	EXP 	window1: blendMode = 'avg'
39.2986 	EXP 	window1: blendMode = 'avg'
39.3148 	EXP 	window1: blendMode = 'avg'
39.3317 	EXP 	window1: blendMode = 'avg'
39.3478 	EXP 	window1: blendMode = 'avg'
39.3649 	EXP 	window1: blendMode = 'avg'
39.3813 	EXP 	window1: blendMode = 'avg'
39.3981 	EXP 	window1: blendMode = 'avg'
39.4149 	EXP 	window1: blendMode = 'avg'
39.4309 	EXP 	window1: blendMode = 'avg'
39.4486 	EXP 	window1: blendMode = 'avg'
39.4652 	EXP 	window1: blendMode = 'avg'
39.4818 	EXP 	window1: blendMode = 'avg'
39.4981 	EXP 	window1: blendMode = 'avg'
39.5148 	EXP 	window1: blendMode = 'avg'
39.5317 	EXP 	window1: blendMode = 'avg'
39.5485 	EXP 	window1: blendMode = 'avg'
39.5647 	EXP 	window1: blendMode = 'avg'
39.5816 	EXP 	window1: blendMode = 'avg'
39.5977 	EXP 	window1: blendMode = 'avg'
39.6144 	EXP 	window1: blendMode = 'avg'
39.6307 	EXP 	window1: blendMode = 'avg'
39.6484 	EXP 	window1: blendMode = 'avg'
39.6652 	EXP 	window1: blendMode = 'avg'
39.6806 	EXP 	window1: blendMode = 'avg'
39.6985 	EXP 	window1: blendMode = 'avg'
39.7150 	EXP 	window1: blendMode = 'avg'
39.7314 	EXP 	window1: blendMode = 'avg'
39.7480 	EXP 	window1: blendMode = 'avg'
39.7649 	EXP 	window1: blendMode = 'avg'
39.7819 	EXP 	window1: blendMode = 'avg'
39.7978 	EXP 	window1: blendMode = 'avg'
39.8149 	EXP 	window1: blendMode = 'avg'
39.8318 	EXP 	window1: blendMode = 'avg'
39.8469 	EXP 	window1: blendMode = 'avg'
39.8648 	EXP 	window1: blendMode = 'avg'
39.8818 	EXP 	window1: blendMode = 'avg'
39.8979 	EXP 	window1: blendMode = 'avg'
39.9145 	EXP 	window1: blendMode = 'avg'
39.9317 	EXP 	window1: blendMode = 'avg'
39.9485 	EXP 	window1: blendMode = 'avg'
39.9650 	EXP 	window1: blendMode = 'avg'
39.9816 	EXP 	window1: blendMode = 'avg'
39.9986 	EXP 	window1: blendMode = 'avg'
40.0151 	EXP 	window1: blendMode = 'avg'
40.0313 	EXP 	window1: blendMode = 'avg'
40.0482 	EXP 	window1: blendMode = 'avg'
40.0649 	EXP 	window1: blendMode = 'avg'
40.0817 	EXP 	window1: blendMode = 'avg'
40.0972 	EXP 	window1: blendMode = 'avg'
40.1152 	EXP 	window1: blendMode = 'avg'
40.1316 	EXP 	window1: blendMode = 'avg'
40.1479 	EXP 	window1: blendMode = 'avg'
40.1646 	EXP 	window1: blendMode = 'avg'
40.1817 	EXP 	window1: blendMode = 'avg'
40.1982 	EXP 	window1: blendMode = 'avg'
40.2148 	EXP 	window1: blendMode = 'avg'
40.2318 	EXP 	window1: blendMode = 'avg'
40.2485 	EXP 	window1: blendMode = 'avg'
40.2648 	EXP 	window1: blendMode = 'avg'
40.2814 	EXP 	window1: blendMode = 'avg'
40.2984 	EXP 	window1: blendMode = 'avg'
40.3152 	EXP 	window1: blendMode = 'avg'
40.3308 	EXP 	window1: blendMode = 'avg'
40.3477 	EXP 	window1: blendMode = 'avg'
40.3650 	EXP 	window1: blendMode = 'avg'
40.3816 	EXP 	window1: blendMode = 'avg'
40.3982 	EXP 	window1: blendMode = 'avg'
40.4151 	EXP 	window1: blendMode = 'avg'
40.4304 	EXP 	window1: blendMode = 'avg'
40.4478 	EXP 	window1: blendMode = 'avg'
40.4650 	EXP 	window1: blendMode = 'avg'
40.4817 	EXP 	window1: blendMode = 'avg'
40.4985 	DATA 	Keypress: escape
