21.6360 	WARNING 	User requested fullscreen with size [1024  768], but screen is actually [1920, 1080]. Using actual size
24.0897 	EXP 	Created window1 = Window(allowGUI=False, allowStencil=False, args=UNKNOWN, autoLog=True, bitsMode=UNKNOWN, blendMode='avg', color=array([ 0.,  0.,  0.]), colorSpace='rgb', fullscr=UNKNOWN, gamma=None, kwargs=UNKNOWN, lms=UNKNOWN, monitor=<psychopy.monitors.calibTools.Monitor object at 0x1AF29FB0>, multiSample=False, name='window1', numSamples=2, pos=[0, 0], screen=0, size=array([1920, 1080]), stereo=False, units=u'norm', useFBO=True, useRetina=False, viewOri=0.0, viewPos=None, viewScale=None, waitBlanking=True, winType=u'pyglet')
24.0898 	EXP 	window1: recordFrameIntervals = False
24.2546 	EXP 	window1: recordFrameIntervals = True
24.4384 	EXP 	window1: recordFrameIntervals = False
25.1499 	EXP 	Created text_2 = TextStim(alignHoriz='center', alignVert='center', antialias=True, autoLog=True, bold=False, color='white', colorSpace='named', contrast=1.0, depth=-1.0, flipHoriz=False, flipVert=False, font='Arial', fontFiles=[], height=30, italic=False, name='text_2', opacity=1.0, ori=0, pos=array([   0.,  250.]), rgb=array([ 255.,  255.,  255.]), text=newstr(...), units='pix', win=Window(...), wrapWidth=500)
25.1582 	EXP 	Created image123 = ImageStim(autoLog=True, color=array([ 1.,  1.,  1.]), colorSpace='rgb', contrast=1.0, depth=-2.0, flipHoriz=False, flipVert=False, image='sin', interpolate=True, mask=None, maskParams=None, name='image123', opacity=1.0, ori=0.0, pos=array([ 0.,  0.]), size=array([ 400.,  400.]), texRes=128, units='pix', win=Window(...))
25.2166 	EXP 	Created text_3 = TextStim(alignHoriz='center', alignVert='center', antialias=True, autoLog=True, bold=False, color='white', colorSpace='named', contrast=1.0, depth=-3.0, flipHoriz=False, flipVert=False, font='Arial', fontFiles=[], height=30, italic=False, name='text_3', opacity=1.0, ori=0, pos=array([   0., -250.]), rgb=array([ 255.,  255.,  255.]), text='Press spacebar to continue', units='pix', win=Window(...), wrapWidth=500)
25.2235 	EXP 	Created Photo = ImageStim(autoLog=True, color=array([ 1.,  1.,  1.]), colorSpace='rgb', contrast=1.0, depth=0.0, flipHoriz=False, flipVert=False, image='sin', interpolate=True, mask=None, maskParams=None, name='Photo', opacity=1.0, ori=0.0, pos=array([ 0.,  0.]), size=array([ 1000.,  1000.]), texRes=128, units='pix', win=Window(...))
25.3039 	EXP 	Created text = TextStim(alignHoriz='center', alignVert='center', antialias=True, autoLog=True, bold=False, color='white', colorSpace='named', contrast=1.0, depth=0.0, flipHoriz=False, flipVert=False, font='Arial', fontFiles=[], height=1, italic=False, name='text', opacity=1.0, ori=0, pos=array([ 0.,  0.]), rgb=array([ 255.,  255.,  255.]), text='Thank you for participation!', units='pix', win=Window(...), wrapWidth=500)
25.3493 	EXP 	Imported entry.xlsx as conditions, 4 conditions, 2 params
25.3505 	EXP 	Created sequence: random, trialTypes=4, nReps=1, seed=None
25.3516 	EXP 	New trial (rep=0, index=0): OrderedDict([('pix', u'logos/3.jpg'), ('source', u'properties3.xlsx')])
25.4249 	EXP 	image123: image = u'logos/3.jpg'
25.4249 	EXP 	text_2: autoDraw = True
25.4249 	EXP 	image123: autoDraw = True
25.4249 	EXP 	text_3: autoDraw = True
45.4148 	DATA 	Keypress: space
45.4789 	EXP 	Imported properties3.xlsx as conditions, 90 conditions, 5 params
45.4796 	EXP 	Created sequence: random, trialTypes=90, nReps=1, seed=None
45.4800 	EXP 	New trial (rep=0, index=0): OrderedDict([('image1', u'frogs/ab40.jpg'), ('x', 0), ('y', 0), ('size', 400), ('answer', u'l')])
45.4990 	EXP 	text_2: autoDraw = False
45.4990 	EXP 	image123: autoDraw = False
45.4990 	EXP 	text_3: autoDraw = False
45.4990 	EXP 	Photo: pos = array([ 0.,  0.])
45.4990 	EXP 	Photo: image = u'frogs/ab40.jpg'
45.4990 	EXP 	Photo: autoDraw = True
45.9971 	EXP 	Photo: autoDraw = False
49.0802 	DATA 	Keypress: l
49.0835 	EXP 	New trial (rep=0, index=1): OrderedDict([('image1', u'frogs/ab3.jpg'), ('x', 0), ('y', 0), ('size', 400), ('answer', u'l')])
49.1521 	EXP 	Photo: autoDraw = False
49.1521 	EXP 	Photo: pos = array([ 0.,  0.])
49.1521 	EXP 	Photo: image = u'frogs/ab3.jpg'
49.1521 	EXP 	Photo: autoDraw = True
49.5959 	EXP 	Photo: autoDraw = False
111.2428 	DATA 	Keypress: l
111.2454 	EXP 	New trial (rep=0, index=2): OrderedDict([('image1', u'frogs/ab21.jpg'), ('x', 0), ('y', 0), ('size', 400), ('answer', u'l')])
111.2822 	EXP 	Photo: autoDraw = False
111.2822 	EXP 	Photo: pos = array([ 0.,  0.])
111.2822 	EXP 	Photo: image = u'frogs/ab21.jpg'
111.2822 	EXP 	Photo: autoDraw = True
111.7585 	EXP 	Photo: autoDraw = False
117.8404 	DATA 	Keypress: l
117.8429 	EXP 	New trial (rep=0, index=3): OrderedDict([('image1', u'frogs/ab12.jpg'), ('x', 0), ('y', 0), ('size', 400), ('answer', u'l')])
117.8654 	EXP 	Photo: autoDraw = False
117.8654 	EXP 	Photo: pos = array([ 0.,  0.])
117.8654 	EXP 	Photo: image = u'frogs/ab12.jpg'
117.8654 	EXP 	Photo: autoDraw = True
118.3563 	EXP 	Photo: autoDraw = False
118.8239 	DATA 	Keypress: a
118.8264 	EXP 	New trial (rep=0, index=4): OrderedDict([('image1', u'frogs/ab11.jpg'), ('x', 0), ('y', 0), ('size', 400), ('answer', u'l')])
118.9087 	EXP 	Photo: autoDraw = False
118.9087 	EXP 	Photo: pos = array([ 0.,  0.])
118.9087 	EXP 	Photo: image = u'frogs/ab11.jpg'
118.9087 	EXP 	Photo: autoDraw = True
119.3387 	EXP 	Photo: autoDraw = False
139.4831 	DATA 	Keypress: escape
139.5749 	EXP 	window1: mouseVisible = True
