7.9892 	WARNING 	User requested fullscreen with size [1024  768], but screen is actually [1920, 1080]. Using actual size
8.7754 	EXP 	Created window1 = Window(allowGUI=False, allowStencil=False, args=UNKNOWN, autoLog=True, bitsMode=UNKNOWN, blendMode='avg', color=array([ 0.,  0.,  0.]), colorSpace='rgb', fullscr=UNKNOWN, gamma=None, kwargs=UNKNOWN, lms=UNKNOWN, monitor=<psychopy.monitors.calibTools.Monitor object at 0x1D1FA3F0>, multiSample=False, name='window1', numSamples=2, pos=[0, 0], screen=0, size=array([1920, 1080]), stereo=False, units=u'norm', useFBO=True, useRetina=False, viewOri=0.0, viewPos=None, viewScale=None, waitBlanking=True, winType=u'pyglet')
8.7755 	EXP 	window1: recordFrameIntervals = False
8.9405 	EXP 	window1: recordFrameIntervals = True
9.1243 	EXP 	window1: recordFrameIntervals = False
9.2838 	EXP 	Created text_2 = TextStim(alignHoriz='center', alignVert='center', antialias=True, autoLog=True, bold=False, color='white', colorSpace='named', contrast=1.0, depth=-1.0, flipHoriz=False, flipVert=False, font='Arial', fontFiles=[], height=30, italic=False, name='text_2', opacity=1.0, ori=0, pos=array([   0.,  250.]), rgb=array([ 255.,  255.,  255.]), text=newstr(...), units='pix', win=Window(...), wrapWidth=500)
9.2862 	EXP 	Created image123 = ImageStim(autoLog=True, color=array([ 1.,  1.,  1.]), colorSpace='rgb', contrast=1.0, depth=-2.0, flipHoriz=False, flipVert=False, image='sin', interpolate=True, mask=None, maskParams=None, name='image123', opacity=1.0, ori=0.0, pos=array([ 0.,  0.]), size=array([ 400.,  400.]), texRes=128, units='pix', win=Window(...))
9.2990 	EXP 	Created text_3 = TextStim(alignHoriz='center', alignVert='center', antialias=True, autoLog=True, bold=False, color='white', colorSpace='named', contrast=1.0, depth=-3.0, flipHoriz=False, flipVert=False, font='Arial', fontFiles=[], height=30, italic=False, name='text_3', opacity=1.0, ori=0, pos=array([   0., -250.]), rgb=array([ 255.,  255.,  255.]), text='Press spacebar to continue', units='pix', win=Window(...), wrapWidth=500)
9.3012 	EXP 	Created Photo = ImageStim(autoLog=True, color=array([ 1.,  1.,  1.]), colorSpace='rgb', contrast=1.0, depth=0.0, flipHoriz=False, flipVert=False, image='sin', interpolate=True, mask=None, maskParams=None, name='Photo', opacity=1.0, ori=0.0, pos=array([ 0.,  0.]), size=array([ 1000.,  1000.]), texRes=128, units='pix', win=Window(...))
9.3229 	EXP 	Created text_4 = TextStim(alignHoriz='center', alignVert='center', antialias=True, autoLog=True, bold=False, color=u'white', colorSpace='named', contrast=1.0, depth=-2.0, flipHoriz=False, flipVert=False, font=u'Arial', fontFiles=[], height=30, italic=False, name='text_4', opacity=1.0, ori=0, pos=array([ 0.,  0.]), rgb=array([ 255.,  255.,  255.]), text=newstr(...), units='pix', win=Window(...), wrapWidth=500)
9.3377 	EXP 	Created text = TextStim(alignHoriz='center', alignVert='center', antialias=True, autoLog=True, bold=False, color=u'white', colorSpace='named', contrast=1.0, depth=0.0, flipHoriz=False, flipVert=False, font=u'Arial', fontFiles=[], height=30, italic=False, name='text', opacity=1.0, ori=0, pos=array([ 0.,  0.]), rgb=array([ 255.,  255.,  255.]), text='Thank you for participation!', units='pix', win=Window(...), wrapWidth=500)
9.3476 	EXP 	Imported entry.xlsx as conditions, 4 conditions, 2 params
9.3479 	EXP 	Created sequence: random, trialTypes=4, nReps=1, seed=None
9.3481 	EXP 	New trial (rep=0, index=0): OrderedDict([('pix', u'logos/1.jpg'), ('source', u'properties1.xlsx')])
9.4719 	EXP 	image123: image = u'logos/1.jpg'
9.4719 	EXP 	text_2: autoDraw = True
9.4719 	EXP 	image123: autoDraw = True
9.4719 	EXP 	text_3: autoDraw = True
15.6041 	DATA 	Keypress: space
15.6606 	EXP 	Imported properties1.xlsx as conditions, 90 conditions, 5 params
15.6613 	EXP 	Created sequence: random, trialTypes=90, nReps=1, seed=None
15.6617 	EXP 	New trial (rep=0, index=0): OrderedDict([('image1', u'frogs/ab7.jpg'), ('x', 0), ('y', 0), ('size', 400), ('answer', u'l')])
15.6793 	EXP 	text_2: autoDraw = False
15.6793 	EXP 	image123: autoDraw = False
15.6793 	EXP 	text_3: autoDraw = False
15.6793 	EXP 	Photo: pos = array([ 0.,  0.])
15.6793 	EXP 	Photo: image = u'frogs/ab7.jpg'
15.6793 	EXP 	Photo: autoDraw = True
16.1698 	EXP 	Photo: autoDraw = False
16.1863 	EXP 	text_4: autoDraw = True
23.7498 	DATA 	Keypress: space
27.8972 	DATA 	Keypress: escape
27.9775 	EXP 	window1: mouseVisible = True
