21.9692 	WARNING 	User requested fullscreen with size [1024  768], but screen is actually [1920, 1080]. Using actual size
23.1703 	EXP 	Created window1 = Window(allowGUI=False, allowStencil=False, args=UNKNOWN, autoLog=True, bitsMode=UNKNOWN, blendMode='avg', color=array([ 0.,  0.,  0.]), colorSpace='rgb', fullscr=UNKNOWN, gamma=None, kwargs=UNKNOWN, lms=UNKNOWN, monitor=<psychopy.monitors.calibTools.Monitor object at 0x1A81BFF0>, multiSample=False, name='window1', numSamples=2, pos=[0, 0], screen=0, size=array([1920, 1080]), stereo=False, units=u'norm', useFBO=True, useRetina=False, viewOri=0.0, viewPos=None, viewScale=None, waitBlanking=True, winType=u'pyglet')
23.1704 	EXP 	window1: recordFrameIntervals = False
23.3350 	EXP 	window1: recordFrameIntervals = True
23.5188 	EXP 	window1: recordFrameIntervals = False
23.8162 	EXP 	Created text_2 = TextStim(alignHoriz='center', alignVert='center', antialias=True, autoLog=True, bold=False, color='white', colorSpace='named', contrast=1.0, depth=-1.0, flipHoriz=False, flipVert=False, font='Arial', fontFiles=[], height=30, italic=False, name='text_2', opacity=1.0, ori=0, pos=array([   0.,  250.]), rgb=array([ 255.,  255.,  255.]), text=newstr(...), units='pix', win=Window(...), wrapWidth=500)
23.8223 	EXP 	Created image123 = ImageStim(autoLog=True, color=array([ 1.,  1.,  1.]), colorSpace='rgb', contrast=1.0, depth=-2.0, flipHoriz=False, flipVert=False, image='sin', interpolate=True, mask=None, maskParams=None, name='image123', opacity=1.0, ori=0.0, pos=array([ 0.,  0.]), size=array([ 400.,  400.]), texRes=128, units='pix', win=Window(...))
23.8406 	EXP 	Created text_3 = TextStim(alignHoriz='center', alignVert='center', antialias=True, autoLog=True, bold=False, color='white', colorSpace='named', contrast=1.0, depth=-3.0, flipHoriz=False, flipVert=False, font='Arial', fontFiles=[], height=30, italic=False, name='text_3', opacity=1.0, ori=0, pos=array([   0., -250.]), rgb=array([ 255.,  255.,  255.]), text='Press spacebar to continue', units='pix', win=Window(...), wrapWidth=500)
23.8430 	EXP 	Created Photo = ImageStim(autoLog=True, color=array([ 1.,  1.,  1.]), colorSpace='rgb', contrast=1.0, depth=0.0, flipHoriz=False, flipVert=False, image='sin', interpolate=True, mask=None, maskParams=None, name='Photo', opacity=1.0, ori=0.0, pos=array([ 0.,  0.]), size=array([ 1000.,  1000.]), texRes=128, units='pix', win=Window(...))
23.8881 	EXP 	Created text_4 = TextStim(alignHoriz='center', alignVert='center', antialias=True, autoLog=True, bold=False, color=u'white', colorSpace='named', contrast=1.0, depth=-2.0, flipHoriz=False, flipVert=False, font=u'Arial', fontFiles=[], height=0.1, italic=False, name='text_4', opacity=1.0, ori=0, pos=array([ 0.,  0.]), rgb=array([ 255.,  255.,  255.]), text=newstr(...), units=u'norm', win=Window(...), wrapWidth=1)
23.9136 	EXP 	Created text = TextStim(alignHoriz='center', alignVert='center', antialias=True, autoLog=True, bold=False, color='white', colorSpace='named', contrast=1.0, depth=0.0, flipHoriz=False, flipVert=False, font='Arial', fontFiles=[], height=1, italic=False, name='text', opacity=1.0, ori=0, pos=array([ 0.,  0.]), rgb=array([ 255.,  255.,  255.]), text='Thank you for participation!', units='pix', win=Window(...), wrapWidth=500)
23.9302 	EXP 	Imported entry.xlsx as conditions, 4 conditions, 2 params
23.9306 	EXP 	Created sequence: random, trialTypes=4, nReps=1, seed=None
23.9309 	EXP 	New trial (rep=0, index=0): OrderedDict([('pix', u'logos/2.jpg'), ('source', u'properties2.xlsx')])
23.9627 	EXP 	image123: image = u'logos/2.jpg'
23.9627 	EXP 	text_2: autoDraw = True
23.9627 	EXP 	image123: autoDraw = True
23.9627 	EXP 	text_3: autoDraw = True
30.1835 	DATA 	Keypress: a
32.4161 	DATA 	Keypress: space
32.4531 	EXP 	Imported properties2.xlsx as conditions, 90 conditions, 5 params
32.4537 	EXP 	Created sequence: random, trialTypes=90, nReps=1, seed=None
32.4542 	EXP 	New trial (rep=0, index=0): OrderedDict([('image1', u'frogs/ab35.jpg'), ('x', 0), ('y', 0), ('size', 400), ('answer', u'l')])
32.4831 	EXP 	text_2: autoDraw = False
32.4831 	EXP 	image123: autoDraw = False
32.4831 	EXP 	text_3: autoDraw = False
32.4831 	EXP 	Photo: pos = array([ 0.,  0.])
32.4831 	EXP 	Photo: image = u'frogs/ab35.jpg'
32.4831 	EXP 	Photo: autoDraw = True
32.9650 	EXP 	Photo: autoDraw = False
32.9816 	EXP 	text_4: autoDraw = True
33.9655 	DATA 	Keypress: l
33.9688 	EXP 	New trial (rep=0, index=1): OrderedDict([('image1', u'frogs/ab81.jpg'), ('x', 0), ('y', 0), ('size', 400), ('answer', u'l')])
33.9910 	EXP 	Photo: autoDraw = False
33.9910 	EXP 	text_4: autoDraw = False
33.9910 	EXP 	Photo: pos = array([ 0.,  0.])
33.9910 	EXP 	Photo: image = u'frogs/ab81.jpg'
33.9910 	EXP 	Photo: autoDraw = True
34.4813 	EXP 	Photo: autoDraw = False
34.4979 	EXP 	text_4: autoDraw = True
34.5986 	DATA 	Keypress: l
34.6011 	EXP 	New trial (rep=0, index=2): OrderedDict([('image1', u'frogs/ab80.jpg'), ('x', 0), ('y', 0), ('size', 400), ('answer', u'l')])
34.6250 	EXP 	Photo: autoDraw = False
34.6250 	EXP 	text_4: autoDraw = False
34.6250 	EXP 	Photo: pos = array([ 0.,  0.])
34.6250 	EXP 	Photo: image = u'frogs/ab80.jpg'
34.6250 	EXP 	Photo: autoDraw = True
35.1143 	EXP 	Photo: autoDraw = False
35.1310 	EXP 	text_4: autoDraw = True
35.2985 	DATA 	Keypress: l
35.3010 	EXP 	New trial (rep=0, index=3): OrderedDict([('image1', u'frogs/ab53.jpg'), ('x', 0), ('y', 0), ('size', 400), ('answer', u'l')])
35.3290 	EXP 	Photo: autoDraw = False
35.3290 	EXP 	text_4: autoDraw = False
35.3290 	EXP 	Photo: pos = array([ 0.,  0.])
35.3290 	EXP 	Photo: image = u'frogs/ab53.jpg'
35.3290 	EXP 	Photo: autoDraw = True
35.7662 	DATA 	Keypress: l
35.8141 	EXP 	Photo: autoDraw = False
35.8308 	EXP 	text_4: autoDraw = True
38.7644 	DATA 	Keypress: space
42.3959 	DATA 	Keypress: space
50.2599 	DATA 	Keypress: a
50.2626 	EXP 	New trial (rep=0, index=4): OrderedDict([('image1', u'frogs/ab6.jpg'), ('x', 0), ('y', 0), ('size', 400), ('answer', u'l')])
50.3234 	EXP 	Photo: autoDraw = False
50.3234 	EXP 	text_4: autoDraw = False
50.3234 	EXP 	Photo: pos = array([ 0.,  0.])
50.3234 	EXP 	Photo: image = u'frogs/ab6.jpg'
50.3234 	EXP 	Photo: autoDraw = True
50.7758 	EXP 	Photo: autoDraw = False
50.7928 	EXP 	text_4: autoDraw = True
50.9431 	DATA 	Keypress: l
50.9456 	EXP 	New trial (rep=0, index=5): OrderedDict([('image1', u'frogs/ab42.jpg'), ('x', 0), ('y', 0), ('size', 400), ('answer', u'l')])
51.0018 	EXP 	Photo: autoDraw = False
51.0018 	EXP 	text_4: autoDraw = False
51.0018 	EXP 	Photo: pos = array([ 0.,  0.])
51.0018 	EXP 	Photo: image = u'frogs/ab42.jpg'
51.0018 	EXP 	Photo: autoDraw = True
51.4582 	EXP 	Photo: autoDraw = False
51.4587 	DATA 	Keypress: l
51.4749 	EXP 	text_4: autoDraw = True
52.6756 	DATA 	Keypress: l
52.6770 	EXP 	New trial (rep=0, index=6): OrderedDict([('image1', u'frogs/ab38.jpg'), ('x', 0), ('y', 0), ('size', 400), ('answer', u'l')])
52.7014 	EXP 	Photo: autoDraw = False
52.7014 	EXP 	text_4: autoDraw = False
52.7014 	EXP 	Photo: pos = array([ 0.,  0.])
52.7014 	EXP 	Photo: image = u'frogs/ab38.jpg'
52.7014 	EXP 	Photo: autoDraw = True
53.1916 	EXP 	Photo: autoDraw = False
53.2082 	EXP 	text_4: autoDraw = True
53.2591 	DATA 	Keypress: l
53.2617 	EXP 	New trial (rep=0, index=7): OrderedDict([('image1', u'frogs/ab51.jpg'), ('x', 0), ('y', 0), ('size', 400), ('answer', u'l')])
53.3229 	EXP 	Photo: autoDraw = False
53.3229 	EXP 	text_4: autoDraw = False
53.3229 	EXP 	Photo: pos = array([ 0.,  0.])
53.3229 	EXP 	Photo: image = u'frogs/ab51.jpg'
53.3229 	EXP 	Photo: autoDraw = True
53.7919 	EXP 	Photo: autoDraw = False
53.7919 	EXP 	text_4: autoDraw = True
53.8255 	DATA 	Keypress: l
53.8280 	EXP 	New trial (rep=0, index=8): OrderedDict([('image1', u'logos/2.jpg'), ('x', 0), ('y', 0), ('size', 400), ('answer', u'a')])
53.8734 	EXP 	Photo: autoDraw = False
53.8734 	EXP 	text_4: autoDraw = False
53.8734 	EXP 	Photo: pos = array([ 0.,  0.])
53.8734 	EXP 	Photo: image = u'logos/2.jpg'
53.8734 	EXP 	Photo: autoDraw = True
54.3411 	EXP 	Photo: autoDraw = False
54.3578 	EXP 	text_4: autoDraw = True
54.4129 	DATA 	Keypress: capslock
55.7917 	DATA 	Keypress: a
55.7928 	EXP 	New trial (rep=0, index=9): OrderedDict([('image1', u'frogs/ab1.jpg'), ('x', 0), ('y', 0), ('size', 400), ('answer', u'l')])
55.8115 	EXP 	Photo: autoDraw = False
55.8115 	EXP 	text_4: autoDraw = False
55.8115 	EXP 	Photo: pos = array([ 0.,  0.])
55.8115 	EXP 	Photo: image = u'frogs/ab1.jpg'
55.8115 	EXP 	Photo: autoDraw = True
56.3071 	EXP 	Photo: autoDraw = False
56.3238 	EXP 	text_4: autoDraw = True
56.3746 	DATA 	Keypress: l
56.3771 	EXP 	New trial (rep=0, index=10): OrderedDict([('image1', u'frogs/ab23.jpg'), ('x', 0), ('y', 0), ('size', 400), ('answer', u'l')])
56.4275 	EXP 	Photo: autoDraw = False
56.4275 	EXP 	text_4: autoDraw = False
56.4275 	EXP 	Photo: pos = array([ 0.,  0.])
56.4275 	EXP 	Photo: image = u'frogs/ab23.jpg'
56.4275 	EXP 	Photo: autoDraw = True
56.8404 	DATA 	Keypress: l
56.8896 	EXP 	Photo: autoDraw = False
56.9063 	EXP 	text_4: autoDraw = True
58.0071 	DATA 	Keypress: l
58.0083 	EXP 	New trial (rep=0, index=11): OrderedDict([('image1', u'frogs/ab29.jpg'), ('x', 0), ('y', 0), ('size', 400), ('answer', u'l')])
58.0280 	EXP 	Photo: autoDraw = False
58.0280 	EXP 	text_4: autoDraw = False
58.0280 	EXP 	Photo: pos = array([ 0.,  0.])
58.0280 	EXP 	Photo: image = u'frogs/ab29.jpg'
58.0280 	EXP 	Photo: autoDraw = True
58.5223 	EXP 	Photo: autoDraw = False
58.5392 	EXP 	text_4: autoDraw = True
58.5734 	DATA 	Keypress: l
58.5759 	EXP 	New trial (rep=0, index=12): OrderedDict([('image1', u'frogs/ab46.jpg'), ('x', 0), ('y', 0), ('size', 400), ('answer', u'l')])
58.6532 	EXP 	Photo: autoDraw = False
58.6532 	EXP 	text_4: autoDraw = False
58.6532 	EXP 	Photo: pos = array([ 0.,  0.])
58.6532 	EXP 	Photo: image = u'frogs/ab46.jpg'
58.6532 	EXP 	Photo: autoDraw = True
59.0893 	EXP 	Photo: autoDraw = False
59.1059 	EXP 	text_4: autoDraw = True
59.1067 	DATA 	Keypress: l
59.1092 	EXP 	New trial (rep=0, index=13): OrderedDict([('image1', u'frogs/ab18.jpg'), ('x', 0), ('y', 0), ('size', 400), ('answer', u'l')])
59.1316 	EXP 	Photo: autoDraw = False
59.1316 	EXP 	text_4: autoDraw = False
59.1316 	EXP 	Photo: pos = array([ 0.,  0.])
59.1316 	EXP 	Photo: image = u'frogs/ab18.jpg'
59.1316 	EXP 	Photo: autoDraw = True
59.5898 	DATA 	Keypress: l
59.6224 	EXP 	Photo: autoDraw = False
59.6389 	EXP 	text_4: autoDraw = True
60.9062 	DATA 	Keypress: l
60.9088 	EXP 	New trial (rep=0, index=14): OrderedDict([('image1', u'frogs/ab22.jpg'), ('x', 0), ('y', 0), ('size', 400), ('answer', u'l')])
61.0277 	EXP 	Photo: autoDraw = False
61.0277 	EXP 	text_4: autoDraw = False
61.0277 	EXP 	Photo: pos = array([ 0.,  0.])
61.0277 	EXP 	Photo: image = u'frogs/ab22.jpg'
61.0277 	EXP 	Photo: autoDraw = True
61.4213 	EXP 	Photo: autoDraw = False
61.4381 	EXP 	text_4: autoDraw = True
61.5737 	DATA 	Keypress: l
61.5911 	EXP 	New trial (rep=0, index=15): OrderedDict([('image1', u'frogs/ab14.jpg'), ('x', 0), ('y', 0), ('size', 400), ('answer', u'l')])
61.6641 	EXP 	Photo: autoDraw = False
61.6641 	EXP 	text_4: autoDraw = False
61.6641 	EXP 	Photo: pos = array([ 0.,  0.])
61.6641 	EXP 	Photo: image = u'frogs/ab14.jpg'
61.6641 	EXP 	Photo: autoDraw = True
62.1045 	EXP 	Photo: autoDraw = False
62.1053 	DATA 	Keypress: l
62.1211 	EXP 	text_4: autoDraw = True
63.0887 	DATA 	Keypress: l
63.0914 	EXP 	New trial (rep=0, index=16): OrderedDict([('image1', u'frogs/ab41.jpg'), ('x', 0), ('y', 0), ('size', 400), ('answer', u'l')])
63.1145 	EXP 	Photo: autoDraw = False
63.1145 	EXP 	text_4: autoDraw = False
63.1145 	EXP 	Photo: pos = array([ 0.,  0.])
63.1145 	EXP 	Photo: image = u'frogs/ab41.jpg'
63.1145 	EXP 	Photo: autoDraw = True
63.6040 	EXP 	Photo: autoDraw = False
63.6208 	EXP 	text_4: autoDraw = True
63.7385 	DATA 	Keypress: l
63.7409 	EXP 	New trial (rep=0, index=17): OrderedDict([('image1', u'frogs/ab7.jpg'), ('x', 0), ('y', 0), ('size', 400), ('answer', u'l')])
63.7939 	EXP 	Photo: autoDraw = False
63.7939 	EXP 	text_4: autoDraw = False
63.7939 	EXP 	Photo: pos = array([ 0.,  0.])
63.7939 	EXP 	Photo: image = u'frogs/ab7.jpg'
63.7939 	EXP 	Photo: autoDraw = True
64.2538 	EXP 	Photo: autoDraw = False
64.2707 	EXP 	text_4: autoDraw = True
64.3216 	DATA 	Keypress: l
64.3240 	EXP 	New trial (rep=0, index=18): OrderedDict([('image1', u'frogs/ab68.jpg'), ('x', 0), ('y', 0), ('size', 400), ('answer', u'l')])
64.3667 	EXP 	Photo: autoDraw = False
64.3667 	EXP 	text_4: autoDraw = False
64.3667 	EXP 	Photo: pos = array([ 0.,  0.])
64.3667 	EXP 	Photo: image = u'frogs/ab68.jpg'
64.3667 	EXP 	Photo: autoDraw = True
64.8370 	EXP 	Photo: autoDraw = False
64.8379 	DATA 	Keypress: l
64.8537 	EXP 	text_4: autoDraw = True
67.7869 	DATA 	Keypress: l
67.7893 	EXP 	New trial (rep=0, index=19): OrderedDict([('image1', u'frogs/ab11.jpg'), ('x', 0), ('y', 0), ('size', 400), ('answer', u'l')])
67.8546 	EXP 	Photo: autoDraw = False
67.8546 	EXP 	text_4: autoDraw = False
67.8546 	EXP 	Photo: pos = array([ 0.,  0.])
67.8546 	EXP 	Photo: image = u'frogs/ab11.jpg'
67.8546 	EXP 	Photo: autoDraw = True
68.3026 	EXP 	Photo: autoDraw = False
68.3197 	EXP 	text_4: autoDraw = True
68.3370 	DATA 	Keypress: l
68.3396 	EXP 	New trial (rep=0, index=20): OrderedDict([('image1', u'frogs/ab19.jpg'), ('x', 0), ('y', 0), ('size', 400), ('answer', u'l')])
68.3958 	EXP 	Photo: autoDraw = False
68.3958 	EXP 	text_4: autoDraw = False
68.3958 	EXP 	Photo: pos = array([ 0.,  0.])
68.3958 	EXP 	Photo: image = u'frogs/ab19.jpg'
68.3958 	EXP 	Photo: autoDraw = True
68.8525 	EXP 	Photo: autoDraw = False
68.8692 	EXP 	text_4: autoDraw = True
68.8700 	DATA 	Keypress: l
68.8724 	EXP 	New trial (rep=0, index=21): OrderedDict([('image1', u'frogs/ab60.jpg'), ('x', 0), ('y', 0), ('size', 400), ('answer', u'l')])
68.8955 	EXP 	Photo: autoDraw = False
68.8955 	EXP 	text_4: autoDraw = False
68.8955 	EXP 	Photo: pos = array([ 0.,  0.])
68.8955 	EXP 	Photo: image = u'frogs/ab60.jpg'
68.8955 	EXP 	Photo: autoDraw = True
69.3855 	EXP 	Photo: autoDraw = False
69.4023 	EXP 	text_4: autoDraw = True
69.4379 	DATA 	Keypress: l
69.4550 	EXP 	New trial (rep=0, index=22): OrderedDict([('image1', u'frogs/ab56.jpg'), ('x', 0), ('y', 0), ('size', 400), ('answer', u'l')])
69.8112 	EXP 	Photo: autoDraw = False
69.8112 	EXP 	text_4: autoDraw = False
69.8112 	EXP 	Photo: pos = array([ 0.,  0.])
69.8112 	EXP 	Photo: image = u'frogs/ab56.jpg'
69.8112 	EXP 	Photo: autoDraw = True
69.9666 	EXP 	Photo: autoDraw = False
69.9860 	EXP 	text_4: autoDraw = True
70.3033 	DATA 	Keypress: l
70.3057 	EXP 	New trial (rep=0, index=23): OrderedDict([('image1', u'frogs/ab17.jpg'), ('x', 0), ('y', 0), ('size', 400), ('answer', u'l')])
70.3304 	EXP 	Photo: autoDraw = False
70.3304 	EXP 	text_4: autoDraw = False
70.3304 	EXP 	Photo: pos = array([ 0.,  0.])
70.3304 	EXP 	Photo: image = u'frogs/ab17.jpg'
70.3304 	EXP 	Photo: autoDraw = True
70.8195 	EXP 	Photo: autoDraw = False
70.8357 	EXP 	text_4: autoDraw = True
71.7529 	DATA 	Keypress: l
71.7553 	EXP 	New trial (rep=0, index=24): OrderedDict([('image1', u'logos/2.jpg'), ('x', 0), ('y', 0), ('size', 400), ('answer', u'a')])
71.7989 	EXP 	Photo: autoDraw = False
71.7989 	EXP 	text_4: autoDraw = False
71.7989 	EXP 	Photo: pos = array([ 0.,  0.])
71.7989 	EXP 	Photo: image = u'logos/2.jpg'
71.7989 	EXP 	Photo: autoDraw = True
72.2685 	EXP 	Photo: autoDraw = False
72.2852 	EXP 	text_4: autoDraw = True
72.4525 	DATA 	Keypress: a
72.4550 	EXP 	New trial (rep=0, index=25): OrderedDict([('image1', u'frogs/ab71.jpg'), ('x', 0), ('y', 0), ('size', 400), ('answer', u'l')])
72.4776 	EXP 	Photo: autoDraw = False
72.4776 	EXP 	text_4: autoDraw = False
72.4776 	EXP 	Photo: pos = array([ 0.,  0.])
72.4776 	EXP 	Photo: image = u'frogs/ab71.jpg'
72.4776 	EXP 	Photo: autoDraw = True
72.9683 	EXP 	Photo: autoDraw = False
72.9850 	EXP 	text_4: autoDraw = True
73.0524 	DATA 	Keypress: l
73.0549 	EXP 	New trial (rep=0, index=26): OrderedDict([('image1', u'frogs/ab24.jpg'), ('x', 0), ('y', 0), ('size', 400), ('answer', u'l')])
73.0775 	EXP 	Photo: autoDraw = False
73.0775 	EXP 	text_4: autoDraw = False
73.0775 	EXP 	Photo: pos = array([ 0.,  0.])
73.0775 	EXP 	Photo: image = u'frogs/ab24.jpg'
73.0775 	EXP 	Photo: autoDraw = True
73.5681 	EXP 	Photo: autoDraw = False
73.5847 	EXP 	text_4: autoDraw = True
73.7683 	DATA 	Keypress: l
73.7693 	EXP 	New trial (rep=0, index=27): OrderedDict([('image1', u'frogs/ab10.jpg'), ('x', 0), ('y', 0), ('size', 400), ('answer', u'l')])
73.7883 	EXP 	Photo: autoDraw = False
73.7883 	EXP 	text_4: autoDraw = False
73.7883 	EXP 	Photo: pos = array([ 0.,  0.])
73.7883 	EXP 	Photo: image = u'frogs/ab10.jpg'
73.7883 	EXP 	Photo: autoDraw = True
74.2845 	EXP 	Photo: autoDraw = False
74.3013 	EXP 	text_4: autoDraw = True
74.6018 	DATA 	Keypress: l
74.6042 	EXP 	New trial (rep=0, index=28): OrderedDict([('image1', u'logos/2.jpg'), ('x', 0), ('y', 0), ('size', 400), ('answer', u'a')])
74.6469 	EXP 	Photo: autoDraw = False
74.6469 	EXP 	text_4: autoDraw = False
74.6469 	EXP 	Photo: pos = array([ 0.,  0.])
74.6469 	EXP 	Photo: image = u'logos/2.jpg'
74.6469 	EXP 	Photo: autoDraw = True
75.1174 	EXP 	Photo: autoDraw = False
75.1342 	EXP 	text_4: autoDraw = True
75.3517 	DATA 	Keypress: a
75.3541 	EXP 	New trial (rep=0, index=29): OrderedDict([('image1', u'frogs/ab28.jpg'), ('x', 0), ('y', 0), ('size', 400), ('answer', u'l')])
75.3775 	EXP 	Photo: autoDraw = False
75.3775 	EXP 	text_4: autoDraw = False
75.3775 	EXP 	Photo: pos = array([ 0.,  0.])
75.3775 	EXP 	Photo: image = u'frogs/ab28.jpg'
75.3775 	EXP 	Photo: autoDraw = True
75.8664 	EXP 	Photo: autoDraw = False
75.8829 	EXP 	text_4: autoDraw = True
75.9682 	DATA 	Keypress: l
75.9703 	EXP 	New trial (rep=0, index=30): OrderedDict([('image1', u'frogs/ab73.jpg'), ('x', 0), ('y', 0), ('size', 400), ('answer', u'l')])
75.9892 	EXP 	Photo: autoDraw = False
75.9892 	EXP 	text_4: autoDraw = False
75.9892 	EXP 	Photo: pos = array([ 0.,  0.])
75.9892 	EXP 	Photo: image = u'frogs/ab73.jpg'
75.9892 	EXP 	Photo: autoDraw = True
76.4837 	EXP 	Photo: autoDraw = False
76.5005 	EXP 	text_4: autoDraw = True
76.7345 	DATA 	Keypress: l
76.7369 	EXP 	New trial (rep=0, index=31): OrderedDict([('image1', u'frogs/ab65.jpg'), ('x', 0), ('y', 0), ('size', 400), ('answer', u'l')])
76.7980 	EXP 	Photo: autoDraw = False
76.7980 	EXP 	text_4: autoDraw = False
76.7980 	EXP 	Photo: pos = array([ 0.,  0.])
76.7980 	EXP 	Photo: image = u'frogs/ab65.jpg'
76.7980 	EXP 	Photo: autoDraw = True
77.2501 	EXP 	Photo: autoDraw = False
77.2671 	EXP 	text_4: autoDraw = True
78.6838 	DATA 	Keypress: l
78.6862 	EXP 	New trial (rep=0, index=32): OrderedDict([('image1', u'frogs/ab9.jpg'), ('x', 0), ('y', 0), ('size', 400), ('answer', u'l')])
78.8927 	EXP 	Photo: autoDraw = False
78.8927 	EXP 	text_4: autoDraw = False
78.8927 	EXP 	Photo: pos = array([ 0.,  0.])
78.8927 	EXP 	Photo: image = u'frogs/ab9.jpg'
78.8927 	EXP 	Photo: autoDraw = True
79.1995 	EXP 	Photo: autoDraw = False
79.2161 	EXP 	text_4: autoDraw = True
79.7002 	DATA 	Keypress: l
79.7026 	EXP 	New trial (rep=0, index=33): OrderedDict([('image1', u'frogs/ab49.jpg'), ('x', 0), ('y', 0), ('size', 400), ('answer', u'l')])
79.7257 	EXP 	Photo: autoDraw = False
79.7257 	EXP 	text_4: autoDraw = False
79.7257 	EXP 	Photo: pos = array([ 0.,  0.])
79.7257 	EXP 	Photo: image = u'frogs/ab49.jpg'
79.7257 	EXP 	Photo: autoDraw = True
80.2158 	EXP 	Photo: autoDraw = False
80.2325 	EXP 	text_4: autoDraw = True
80.5165 	DATA 	Keypress: l
80.5190 	EXP 	New trial (rep=0, index=34): OrderedDict([('image1', u'frogs/ab21.jpg'), ('x', 0), ('y', 0), ('size', 400), ('answer', u'l')])
80.5417 	EXP 	Photo: autoDraw = False
80.5417 	EXP 	text_4: autoDraw = False
80.5417 	EXP 	Photo: pos = array([ 0.,  0.])
80.5417 	EXP 	Photo: image = u'frogs/ab21.jpg'
80.5417 	EXP 	Photo: autoDraw = True
81.0322 	EXP 	Photo: autoDraw = False
81.0489 	EXP 	text_4: autoDraw = True
81.4662 	DATA 	Keypress: l
81.4686 	EXP 	New trial (rep=0, index=35): OrderedDict([('image1', u'frogs/ab4.jpg'), ('x', 0), ('y', 0), ('size', 400), ('answer', u'l')])
81.4909 	EXP 	Photo: autoDraw = False
81.4909 	EXP 	text_4: autoDraw = False
81.4909 	EXP 	Photo: pos = array([ 0.,  0.])
81.4909 	EXP 	Photo: image = u'frogs/ab4.jpg'
81.4909 	EXP 	Photo: autoDraw = True
81.9819 	EXP 	Photo: autoDraw = False
81.9986 	EXP 	text_4: autoDraw = True
82.6325 	DATA 	Keypress: l
82.6349 	EXP 	New trial (rep=0, index=36): OrderedDict([('image1', u'frogs/ab76.jpg'), ('x', 0), ('y', 0), ('size', 400), ('answer', u'l')])
82.6582 	EXP 	Photo: autoDraw = False
82.6582 	EXP 	text_4: autoDraw = False
82.6582 	EXP 	Photo: pos = array([ 0.,  0.])
82.6582 	EXP 	Photo: image = u'frogs/ab76.jpg'
82.6582 	EXP 	Photo: autoDraw = True
83.1481 	EXP 	Photo: autoDraw = False
83.1649 	EXP 	text_4: autoDraw = True
83.7823 	DATA 	Keypress: l
83.7848 	EXP 	New trial (rep=0, index=37): OrderedDict([('image1', u'frogs/ab50.jpg'), ('x', 0), ('y', 0), ('size', 400), ('answer', u'l')])
83.8366 	EXP 	Photo: autoDraw = False
83.8366 	EXP 	text_4: autoDraw = False
83.8366 	EXP 	Photo: pos = array([ 0.,  0.])
83.8366 	EXP 	Photo: image = u'frogs/ab50.jpg'
83.8366 	EXP 	Photo: autoDraw = True
84.2977 	EXP 	Photo: autoDraw = False
84.3145 	EXP 	text_4: autoDraw = True
85.1663 	DATA 	Keypress: l
85.1834 	EXP 	New trial (rep=0, index=38): OrderedDict([('image1', u'frogs/ab64.jpg'), ('x', 0), ('y', 0), ('size', 400), ('answer', u'l')])
85.2059 	EXP 	Photo: autoDraw = False
85.2059 	EXP 	text_4: autoDraw = False
85.2059 	EXP 	Photo: pos = array([ 0.,  0.])
85.2059 	EXP 	Photo: image = u'frogs/ab64.jpg'
85.2059 	EXP 	Photo: autoDraw = True
85.6973 	EXP 	Photo: autoDraw = False
85.7140 	EXP 	text_4: autoDraw = True
86.7311 	DATA 	Keypress: l
86.7324 	EXP 	New trial (rep=0, index=39): OrderedDict([('image1', u'frogs/ab54.jpg'), ('x', 0), ('y', 0), ('size', 400), ('answer', u'l')])
86.7544 	EXP 	Photo: autoDraw = False
86.7544 	EXP 	text_4: autoDraw = False
86.7544 	EXP 	Photo: pos = array([ 0.,  0.])
86.7544 	EXP 	Photo: image = u'frogs/ab54.jpg'
86.7544 	EXP 	Photo: autoDraw = True
87.1649 	DATA 	Keypress: l
87.2469 	EXP 	Photo: autoDraw = False
87.2636 	EXP 	text_4: autoDraw = True
88.5805 	DATA 	Keypress: l
88.5830 	EXP 	New trial (rep=0, index=40): OrderedDict([('image1', u'frogs/ab30.jpg'), ('x', 0), ('y', 0), ('size', 400), ('answer', u'l')])
88.6056 	EXP 	Photo: autoDraw = False
88.6056 	EXP 	text_4: autoDraw = False
88.6056 	EXP 	Photo: pos = array([ 0.,  0.])
88.6056 	EXP 	Photo: image = u'frogs/ab30.jpg'
88.6056 	EXP 	Photo: autoDraw = True
89.0962 	EXP 	Photo: autoDraw = False
89.1130 	EXP 	text_4: autoDraw = True
89.1970 	DATA 	Keypress: l
89.1994 	EXP 	New trial (rep=0, index=41): OrderedDict([('image1', u'frogs/ab79.jpg'), ('x', 0), ('y', 0), ('size', 400), ('answer', u'l')])
89.2218 	EXP 	Photo: autoDraw = False
89.2218 	EXP 	text_4: autoDraw = False
89.2218 	EXP 	Photo: pos = array([ 0.,  0.])
89.2218 	EXP 	Photo: image = u'frogs/ab79.jpg'
89.2218 	EXP 	Photo: autoDraw = True
89.7126 	EXP 	Photo: autoDraw = False
89.7293 	EXP 	text_4: autoDraw = True
89.7468 	DATA 	Keypress: l
89.7492 	EXP 	New trial (rep=0, index=42): OrderedDict([('image1', u'frogs/ab36.jpg'), ('x', 0), ('y', 0), ('size', 400), ('answer', u'l')])
89.8113 	EXP 	Photo: autoDraw = False
89.8113 	EXP 	text_4: autoDraw = False
89.8113 	EXP 	Photo: pos = array([ 0.,  0.])
89.8113 	EXP 	Photo: image = u'frogs/ab36.jpg'
89.8113 	EXP 	Photo: autoDraw = True
90.2625 	EXP 	Photo: autoDraw = False
90.2792 	EXP 	text_4: autoDraw = True
90.2966 	DATA 	Keypress: l
90.2990 	EXP 	New trial (rep=0, index=43): OrderedDict([('image1', u'frogs/ab72.jpg'), ('x', 0), ('y', 0), ('size', 400), ('answer', u'l')])
90.3194 	EXP 	Photo: autoDraw = False
90.3194 	EXP 	text_4: autoDraw = False
90.3194 	EXP 	Photo: pos = array([ 0.,  0.])
90.3194 	EXP 	Photo: image = u'frogs/ab72.jpg'
90.3194 	EXP 	Photo: autoDraw = True
90.8122 	EXP 	Photo: autoDraw = False
90.8290 	EXP 	text_4: autoDraw = True
90.8299 	DATA 	Keypress: l
90.8312 	EXP 	New trial (rep=0, index=44): OrderedDict([('image1', u'logos/2.jpg'), ('x', 0), ('y', 0), ('size', 400), ('answer', u'a')])
90.8563 	EXP 	Photo: autoDraw = False
90.8563 	EXP 	text_4: autoDraw = False
90.8563 	EXP 	Photo: pos = array([ 0.,  0.])
90.8563 	EXP 	Photo: image = u'logos/2.jpg'
90.8563 	EXP 	Photo: autoDraw = True
91.3454 	EXP 	Photo: autoDraw = False
91.3462 	DATA 	Keypress: a
91.3624 	EXP 	text_4: autoDraw = True
92.1130 	DATA 	Keypress: l
92.1147 	EXP 	New trial (rep=0, index=45): OrderedDict([('image1', u'frogs/ab70.jpg'), ('x', 0), ('y', 0), ('size', 400), ('answer', u'l')])
92.1334 	EXP 	Photo: autoDraw = False
92.1334 	EXP 	text_4: autoDraw = False
92.1334 	EXP 	Photo: pos = array([ 0.,  0.])
92.1334 	EXP 	Photo: image = u'frogs/ab70.jpg'
92.1334 	EXP 	Photo: autoDraw = True
92.6286 	EXP 	Photo: autoDraw = False
92.6450 	EXP 	text_4: autoDraw = True
93.1291 	DATA 	Keypress: l
93.1315 	EXP 	New trial (rep=0, index=46): OrderedDict([('image1', u'frogs/ab15.jpg'), ('x', 0), ('y', 0), ('size', 400), ('answer', u'l')])
93.2090 	EXP 	Photo: autoDraw = False
93.2090 	EXP 	text_4: autoDraw = False
93.2090 	EXP 	Photo: pos = array([ 0.,  0.])
93.2090 	EXP 	Photo: image = u'frogs/ab15.jpg'
93.2090 	EXP 	Photo: autoDraw = True
93.6440 	EXP 	Photo: autoDraw = False
93.6607 	EXP 	text_4: autoDraw = True
93.7616 	DATA 	Keypress: l
93.7640 	EXP 	New trial (rep=0, index=47): OrderedDict([('image1', u'frogs/ab44.jpg'), ('x', 0), ('y', 0), ('size', 400), ('answer', u'l')])
93.7886 	EXP 	Photo: autoDraw = False
93.7886 	EXP 	text_4: autoDraw = False
93.7886 	EXP 	Photo: pos = array([ 0.,  0.])
93.7886 	EXP 	Photo: image = u'frogs/ab44.jpg'
93.7886 	EXP 	Photo: autoDraw = True
94.2771 	EXP 	Photo: autoDraw = False
94.2939 	EXP 	text_4: autoDraw = True
94.2946 	DATA 	Keypress: l
94.2970 	EXP 	New trial (rep=0, index=48): OrderedDict([('image1', u'frogs/ab3.jpg'), ('x', 0), ('y', 0), ('size', 400), ('answer', u'l')])
94.3494 	EXP 	Photo: autoDraw = False
94.3494 	EXP 	text_4: autoDraw = False
94.3494 	EXP 	Photo: pos = array([ 0.,  0.])
94.3494 	EXP 	Photo: image = u'frogs/ab3.jpg'
94.3494 	EXP 	Photo: autoDraw = True
94.8102 	EXP 	Photo: autoDraw = False
94.8271 	EXP 	text_4: autoDraw = True
94.8462 	DATA 	Keypress: l
94.8638 	EXP 	New trial (rep=0, index=49): OrderedDict([('image1', u'frogs/ab69.jpg'), ('x', 0), ('y', 0), ('size', 400), ('answer', u'l')])
94.8865 	EXP 	Photo: autoDraw = False
94.8865 	EXP 	text_4: autoDraw = False
94.8865 	EXP 	Photo: pos = array([ 0.,  0.])
94.8865 	EXP 	Photo: image = u'frogs/ab69.jpg'
94.8865 	EXP 	Photo: autoDraw = True
95.3274 	DATA 	Keypress: l
95.3767 	EXP 	Photo: autoDraw = False
95.3934 	EXP 	text_4: autoDraw = True
95.9276 	DATA 	Keypress: a
95.9301 	EXP 	New trial (rep=0, index=50): OrderedDict([('image1', u'frogs/ab37.jpg'), ('x', 0), ('y', 0), ('size', 400), ('answer', u'l')])
95.9665 	EXP 	Photo: autoDraw = False
95.9665 	EXP 	text_4: autoDraw = False
95.9665 	EXP 	Photo: pos = array([ 0.,  0.])
95.9665 	EXP 	Photo: image = u'frogs/ab37.jpg'
95.9665 	EXP 	Photo: autoDraw = True
96.4430 	EXP 	Photo: autoDraw = False
96.4597 	EXP 	text_4: autoDraw = True
96.6941 	DATA 	Keypress: l
96.6966 	EXP 	New trial (rep=0, index=51): OrderedDict([('image1', u'frogs/ab58.jpg'), ('x', 0), ('y', 0), ('size', 400), ('answer', u'l')])
96.8744 	EXP 	Photo: autoDraw = False
96.8744 	EXP 	text_4: autoDraw = False
96.8744 	EXP 	Photo: pos = array([ 0.,  0.])
96.8744 	EXP 	Photo: image = u'frogs/ab58.jpg'
96.8744 	EXP 	Photo: autoDraw = True
97.2095 	EXP 	Photo: autoDraw = False
97.2263 	EXP 	text_4: autoDraw = True
97.3772 	DATA 	Keypress: l
97.3797 	EXP 	New trial (rep=0, index=52): OrderedDict([('image1', u'frogs/ab55.jpg'), ('x', 0), ('y', 0), ('size', 400), ('answer', u'l')])
97.4277 	EXP 	Photo: autoDraw = False
97.4277 	EXP 	text_4: autoDraw = False
97.4277 	EXP 	Photo: pos = array([ 0.,  0.])
97.4277 	EXP 	Photo: image = u'frogs/ab55.jpg'
97.4277 	EXP 	Photo: autoDraw = True
97.8927 	EXP 	Photo: autoDraw = False
97.9094 	EXP 	text_4: autoDraw = True
97.9102 	DATA 	Keypress: l
97.9126 	EXP 	New trial (rep=0, index=53): OrderedDict([('image1', u'frogs/ab48.jpg'), ('x', 0), ('y', 0), ('size', 400), ('answer', u'l')])
97.9815 	EXP 	Photo: autoDraw = False
97.9815 	EXP 	text_4: autoDraw = False
97.9815 	EXP 	Photo: pos = array([ 0.,  0.])
97.9815 	EXP 	Photo: image = u'frogs/ab48.jpg'
97.9815 	EXP 	Photo: autoDraw = True
98.4257 	EXP 	Photo: autoDraw = False
98.4425 	EXP 	text_4: autoDraw = True
98.4433 	DATA 	Keypress: l
98.4457 	EXP 	New trial (rep=0, index=54): OrderedDict([('image1', u'frogs/ab78.jpg'), ('x', 0), ('y', 0), ('size', 400), ('answer', u'l')])
98.4843 	EXP 	Photo: autoDraw = False
98.4843 	EXP 	text_4: autoDraw = False
98.4843 	EXP 	Photo: pos = array([ 0.,  0.])
98.4843 	EXP 	Photo: image = u'frogs/ab78.jpg'
98.4843 	EXP 	Photo: autoDraw = True
98.9590 	EXP 	Photo: autoDraw = False
98.9757 	EXP 	text_4: autoDraw = True
99.0946 	DATA 	Keypress: l
99.1118 	EXP 	New trial (rep=0, index=55): OrderedDict([('image1', u'frogs/ab61.jpg'), ('x', 0), ('y', 0), ('size', 400), ('answer', u'l')])
99.1651 	EXP 	Photo: autoDraw = False
99.1651 	EXP 	text_4: autoDraw = False
99.1651 	EXP 	Photo: pos = array([ 0.,  0.])
99.1651 	EXP 	Photo: image = u'frogs/ab61.jpg'
99.1651 	EXP 	Photo: autoDraw = True
99.6257 	EXP 	Photo: autoDraw = False
99.6424 	EXP 	text_4: autoDraw = True
99.7598 	DATA 	Keypress: l
99.7623 	EXP 	New trial (rep=0, index=56): OrderedDict([('image1', u'logos/2.jpg'), ('x', 0), ('y', 0), ('size', 400), ('answer', u'a')])
99.7976 	EXP 	Photo: autoDraw = False
99.7976 	EXP 	text_4: autoDraw = False
99.7976 	EXP 	Photo: pos = array([ 0.,  0.])
99.7976 	EXP 	Photo: image = u'logos/2.jpg'
99.7976 	EXP 	Photo: autoDraw = True
100.2755 	EXP 	Photo: autoDraw = False
100.2921 	EXP 	text_4: autoDraw = True
100.4596 	DATA 	Keypress: a
100.4620 	EXP 	New trial (rep=0, index=57): OrderedDict([('image1', u'frogs/ab2.jpg'), ('x', 0), ('y', 0), ('size', 400), ('answer', u'l')])
100.7929 	EXP 	Photo: autoDraw = False
100.7929 	EXP 	text_4: autoDraw = False
100.7929 	EXP 	Photo: pos = array([ 0.,  0.])
100.7929 	EXP 	Photo: image = u'frogs/ab2.jpg'
100.7929 	EXP 	Photo: autoDraw = True
100.9550 	DATA 	Keypress: l
100.9756 	EXP 	Photo: autoDraw = False
100.9923 	EXP 	text_4: autoDraw = True
102.7424 	DATA 	Keypress: l
102.7449 	EXP 	New trial (rep=0, index=58): OrderedDict([('image1', u'frogs/ab57.jpg'), ('x', 0), ('y', 0), ('size', 400), ('answer', u'l')])
102.8580 	EXP 	Photo: autoDraw = False
102.8580 	EXP 	text_4: autoDraw = False
102.8580 	EXP 	Photo: pos = array([ 0.,  0.])
102.8580 	EXP 	Photo: image = u'frogs/ab57.jpg'
102.8580 	EXP 	Photo: autoDraw = True
103.2574 	EXP 	Photo: autoDraw = False
103.2741 	EXP 	text_4: autoDraw = True
103.4417 	DATA 	Keypress: l
103.4442 	EXP 	New trial (rep=0, index=59): OrderedDict([('image1', u'frogs/ab62.jpg'), ('x', 0), ('y', 0), ('size', 400), ('answer', u'l')])
103.5892 	EXP 	Photo: autoDraw = False
103.5892 	EXP 	text_4: autoDraw = False
103.5892 	EXP 	Photo: pos = array([ 0.,  0.])
103.5892 	EXP 	Photo: image = u'frogs/ab62.jpg'
103.5892 	EXP 	Photo: autoDraw = True
103.9573 	EXP 	Photo: autoDraw = False
103.9740 	EXP 	text_4: autoDraw = True
104.6414 	DATA 	Keypress: l
104.6438 	EXP 	New trial (rep=0, index=60): OrderedDict([('image1', u'frogs/ab39.jpg'), ('x', 0), ('y', 0), ('size', 400), ('answer', u'l')])
104.6893 	EXP 	Photo: autoDraw = False
104.6893 	EXP 	text_4: autoDraw = False
104.6893 	EXP 	Photo: pos = array([ 0.,  0.])
104.6893 	EXP 	Photo: image = u'frogs/ab39.jpg'
104.6893 	EXP 	Photo: autoDraw = True
105.1572 	EXP 	Photo: autoDraw = False
105.1738 	EXP 	text_4: autoDraw = True
105.6413 	DATA 	Keypress: l
105.6438 	EXP 	New trial (rep=0, index=61): OrderedDict([('image1', u'frogs/ab12.jpg'), ('x', 0), ('y', 0), ('size', 400), ('answer', u'l')])
105.6657 	EXP 	Photo: autoDraw = False
105.6657 	EXP 	text_4: autoDraw = False
105.6657 	EXP 	Photo: pos = array([ 0.,  0.])
105.6657 	EXP 	Photo: image = u'frogs/ab12.jpg'
105.6657 	EXP 	Photo: autoDraw = True
106.1568 	EXP 	Photo: autoDraw = False
106.1735 	EXP 	text_4: autoDraw = True
106.8080 	DATA 	Keypress: l
106.8117 	EXP 	New trial (rep=0, index=62): OrderedDict([('image1', u'frogs/ab75.jpg'), ('x', 0), ('y', 0), ('size', 400), ('answer', u'l')])
106.8327 	EXP 	Photo: autoDraw = False
106.8327 	EXP 	text_4: autoDraw = False
106.8327 	EXP 	Photo: pos = array([ 0.,  0.])
106.8327 	EXP 	Photo: image = u'frogs/ab75.jpg'
106.8327 	EXP 	Photo: autoDraw = True
107.3231 	EXP 	Photo: autoDraw = False
107.3398 	EXP 	text_4: autoDraw = True
107.7584 	DATA 	Keypress: l
107.7756 	EXP 	New trial (rep=0, index=63): OrderedDict([('image1', u'frogs/ab67.jpg'), ('x', 0), ('y', 0), ('size', 400), ('answer', u'l')])
107.7978 	EXP 	Photo: autoDraw = False
107.7978 	EXP 	text_4: autoDraw = False
107.7978 	EXP 	Photo: pos = array([ 0.,  0.])
107.7978 	EXP 	Photo: image = u'frogs/ab67.jpg'
107.7978 	EXP 	Photo: autoDraw = True
108.2894 	EXP 	Photo: autoDraw = False
108.3061 	EXP 	text_4: autoDraw = True
108.8907 	DATA 	Keypress: l
108.8932 	EXP 	New trial (rep=0, index=64): OrderedDict([('image1', u'frogs/ab47.jpg'), ('x', 0), ('y', 0), ('size', 400), ('answer', u'l')])
109.3591 	EXP 	Photo: autoDraw = False
109.3591 	EXP 	text_4: autoDraw = False
109.3591 	EXP 	Photo: pos = array([ 0.,  0.])
109.3591 	EXP 	Photo: image = u'frogs/ab47.jpg'
109.3591 	EXP 	Photo: autoDraw = True
109.4117 	EXP 	Photo: autoDraw = False
109.4117 	EXP 	text_4: autoDraw = True
109.8733 	DATA 	Keypress: l
109.8757 	EXP 	New trial (rep=0, index=65): OrderedDict([('image1', u'frogs/ab33.jpg'), ('x', 0), ('y', 0), ('size', 400), ('answer', u'l')])
109.9750 	EXP 	Photo: autoDraw = False
109.9750 	EXP 	text_4: autoDraw = False
109.9750 	EXP 	Photo: pos = array([ 0.,  0.])
109.9750 	EXP 	Photo: image = u'frogs/ab33.jpg'
109.9750 	EXP 	Photo: autoDraw = True
110.3896 	EXP 	Photo: autoDraw = False
110.4057 	EXP 	text_4: autoDraw = True
110.8730 	DATA 	Keypress: l
110.8755 	EXP 	New trial (rep=0, index=66): OrderedDict([('image1', u'logos/2.jpg'), ('x', 0), ('y', 0), ('size', 400), ('answer', u'a')])
110.9212 	EXP 	Photo: autoDraw = False
110.9212 	EXP 	text_4: autoDraw = False
110.9212 	EXP 	Photo: pos = array([ 0.,  0.])
110.9212 	EXP 	Photo: image = u'logos/2.jpg'
110.9212 	EXP 	Photo: autoDraw = True
111.3891 	EXP 	Photo: autoDraw = False
111.4053 	EXP 	text_4: autoDraw = True
111.4897 	DATA 	Keypress: a
111.4923 	EXP 	New trial (rep=0, index=67): OrderedDict([('image1', u'frogs/ab8.jpg'), ('x', 0), ('y', 0), ('size', 400), ('answer', u'l')])
111.5151 	EXP 	Photo: autoDraw = False
111.5151 	EXP 	text_4: autoDraw = False
111.5151 	EXP 	Photo: pos = array([ 0.,  0.])
111.5151 	EXP 	Photo: image = u'frogs/ab8.jpg'
111.5151 	EXP 	Photo: autoDraw = True
112.0052 	EXP 	Photo: autoDraw = False
112.0218 	EXP 	text_4: autoDraw = True
112.1560 	DATA 	Keypress: l
112.1581 	EXP 	New trial (rep=0, index=68): OrderedDict([('image1', u'frogs/ab16.jpg'), ('x', 0), ('y', 0), ('size', 400), ('answer', u'l')])
112.1767 	EXP 	Photo: autoDraw = False
112.1767 	EXP 	text_4: autoDraw = False
112.1767 	EXP 	Photo: pos = array([ 0.,  0.])
112.1767 	EXP 	Photo: image = u'frogs/ab16.jpg'
112.1767 	EXP 	Photo: autoDraw = True
112.6720 	EXP 	Photo: autoDraw = False
112.6883 	EXP 	text_4: autoDraw = True
113.0056 	DATA 	Keypress: l
113.0080 	EXP 	New trial (rep=0, index=69): OrderedDict([('image1', u'frogs/ab26.jpg'), ('x', 0), ('y', 0), ('size', 400), ('answer', u'l')])
113.0299 	EXP 	Photo: autoDraw = False
113.0299 	EXP 	text_4: autoDraw = False
113.0299 	EXP 	Photo: pos = array([ 0.,  0.])
113.0299 	EXP 	Photo: image = u'frogs/ab26.jpg'
113.0299 	EXP 	Photo: autoDraw = True
113.5214 	EXP 	Photo: autoDraw = False
113.5380 	EXP 	text_4: autoDraw = True
114.1720 	DATA 	Keypress: l
114.1734 	EXP 	New trial (rep=0, index=70): OrderedDict([('image1', u'frogs/ab25.jpg'), ('x', 0), ('y', 0), ('size', 400), ('answer', u'l')])
114.2071 	EXP 	Photo: autoDraw = False
114.2071 	EXP 	text_4: autoDraw = False
114.2071 	EXP 	Photo: pos = array([ 0.,  0.])
114.2071 	EXP 	Photo: image = u'frogs/ab25.jpg'
114.2071 	EXP 	Photo: autoDraw = True
114.6868 	EXP 	Photo: autoDraw = False
114.7036 	EXP 	text_4: autoDraw = True
114.8546 	DATA 	Keypress: l
114.8562 	EXP 	New trial (rep=0, index=71): OrderedDict([('image1', u'logos/2.jpg'), ('x', 0), ('y', 0), ('size', 400), ('answer', u'a')])
114.8809 	EXP 	Photo: autoDraw = False
114.8809 	EXP 	text_4: autoDraw = False
114.8809 	EXP 	Photo: pos = array([ 0.,  0.])
114.8809 	EXP 	Photo: image = u'logos/2.jpg'
114.8809 	EXP 	Photo: autoDraw = True
115.3848 	EXP 	Photo: autoDraw = False
115.4164 	EXP 	text_4: autoDraw = True
116.4459 	DATA 	Keypress: l
116.4487 	EXP 	New trial (rep=0, index=72): OrderedDict([('image1', u'frogs/ab40.jpg'), ('x', 0), ('y', 0), ('size', 400), ('answer', u'l')])
116.4884 	EXP 	Photo: autoDraw = False
116.4884 	EXP 	text_4: autoDraw = False
116.4884 	EXP 	Photo: pos = array([ 0.,  0.])
116.4884 	EXP 	Photo: image = u'frogs/ab40.jpg'
116.4884 	EXP 	Photo: autoDraw = True
116.9994 	EXP 	Photo: autoDraw = False
116.9994 	EXP 	text_4: autoDraw = True
118.0553 	DATA 	Keypress: l
118.0578 	EXP 	New trial (rep=0, index=73): OrderedDict([('image1', u'frogs/ab5.jpg'), ('x', 0), ('y', 0), ('size', 400), ('answer', u'l')])
118.0947 	EXP 	Photo: autoDraw = False
118.0947 	EXP 	text_4: autoDraw = False
118.0947 	EXP 	Photo: pos = array([ 0.,  0.])
118.0947 	EXP 	Photo: image = u'frogs/ab5.jpg'
118.0947 	EXP 	Photo: autoDraw = True
118.6012 	EXP 	Photo: autoDraw = False
118.6012 	EXP 	text_4: autoDraw = True
119.0568 	DATA 	Keypress: l
119.0593 	EXP 	New trial (rep=0, index=74): OrderedDict([('image1', u'frogs/ab43.jpg'), ('x', 0), ('y', 0), ('size', 400), ('answer', u'l')])
119.1422 	EXP 	Photo: autoDraw = False
119.1422 	EXP 	text_4: autoDraw = False
119.1422 	EXP 	Photo: pos = array([ 0.,  0.])
119.1422 	EXP 	Photo: image = u'frogs/ab43.jpg'
119.1422 	EXP 	Photo: autoDraw = True
119.5837 	EXP 	Photo: autoDraw = False
119.6152 	EXP 	text_4: autoDraw = True
120.0703 	DATA 	Keypress: l
120.0730 	EXP 	New trial (rep=0, index=75): OrderedDict([('image1', u'frogs/ab32.jpg'), ('x', 0), ('y', 0), ('size', 400), ('answer', u'l')])
120.1530 	EXP 	Photo: autoDraw = False
120.1530 	EXP 	text_4: autoDraw = False
120.1530 	EXP 	Photo: pos = array([ 0.,  0.])
120.1530 	EXP 	Photo: image = u'frogs/ab32.jpg'
120.1530 	EXP 	Photo: autoDraw = True
120.5948 	EXP 	Photo: autoDraw = False
120.6238 	EXP 	text_4: autoDraw = True
121.1097 	DATA 	Keypress: l
121.1124 	EXP 	New trial (rep=0, index=76): OrderedDict([('image1', u'frogs/ab13.jpg'), ('x', 0), ('y', 0), ('size', 400), ('answer', u'l')])
121.1444 	EXP 	Photo: autoDraw = False
121.1444 	EXP 	text_4: autoDraw = False
121.1444 	EXP 	Photo: pos = array([ 0.,  0.])
121.1444 	EXP 	Photo: image = u'frogs/ab13.jpg'
121.1444 	EXP 	Photo: autoDraw = True
121.6536 	EXP 	Photo: autoDraw = False
121.6536 	EXP 	text_4: autoDraw = True
122.3202 	DATA 	Keypress: l
122.3228 	EXP 	New trial (rep=0, index=77): OrderedDict([('image1', u'frogs/ab74.jpg'), ('x', 0), ('y', 0), ('size', 400), ('answer', u'l')])
122.4453 	EXP 	Photo: autoDraw = False
122.4453 	EXP 	text_4: autoDraw = False
122.4453 	EXP 	Photo: pos = array([ 0.,  0.])
122.4453 	EXP 	Photo: image = u'frogs/ab74.jpg'
122.4453 	EXP 	Photo: autoDraw = True
122.8506 	EXP 	Photo: autoDraw = False
122.8818 	EXP 	text_4: autoDraw = True
123.4565 	DATA 	Keypress: l
123.4591 	EXP 	New trial (rep=0, index=78): OrderedDict([('image1', u'logos/2.jpg'), ('x', 0), ('y', 0), ('size', 400), ('answer', u'a')])
123.5125 	EXP 	Photo: autoDraw = False
123.5125 	EXP 	text_4: autoDraw = False
123.5125 	EXP 	Photo: pos = array([ 0.,  0.])
123.5125 	EXP 	Photo: image = u'logos/2.jpg'
123.5125 	EXP 	Photo: autoDraw = True
123.9873 	EXP 	Photo: autoDraw = False
124.0181 	EXP 	text_4: autoDraw = True
124.0808 	DATA 	Keypress: a
124.0833 	EXP 	New trial (rep=0, index=79): OrderedDict([('image1', u'frogs/ab34.jpg'), ('x', 0), ('y', 0), ('size', 400), ('answer', u'l')])
124.2346 	EXP 	Photo: autoDraw = False
124.2346 	EXP 	text_4: autoDraw = False
124.2346 	EXP 	Photo: pos = array([ 0.,  0.])
124.2346 	EXP 	Photo: image = u'frogs/ab34.jpg'
124.2346 	EXP 	Photo: autoDraw = True
124.6070 	EXP 	Photo: autoDraw = False
124.6376 	EXP 	text_4: autoDraw = True
125.3932 	DATA 	Keypress: l
125.3958 	EXP 	New trial (rep=0, index=80): OrderedDict([('image1', u'frogs/ab45.jpg'), ('x', 0), ('y', 0), ('size', 400), ('answer', u'l')])
125.4274 	EXP 	Photo: autoDraw = False
125.4274 	EXP 	text_4: autoDraw = False
125.4274 	EXP 	Photo: pos = array([ 0.,  0.])
125.4274 	EXP 	Photo: image = u'frogs/ab45.jpg'
125.4274 	EXP 	Photo: autoDraw = True
125.9360 	EXP 	Photo: autoDraw = False
125.9360 	EXP 	text_4: autoDraw = True
126.3915 	DATA 	Keypress: l
126.3941 	EXP 	New trial (rep=0, index=81): OrderedDict([('image1', u'frogs/ab27.jpg'), ('x', 0), ('y', 0), ('size', 400), ('answer', u'l')])
126.4890 	EXP 	Photo: autoDraw = False
126.4890 	EXP 	text_4: autoDraw = False
126.4890 	EXP 	Photo: pos = array([ 0.,  0.])
126.4890 	EXP 	Photo: image = u'frogs/ab27.jpg'
126.4890 	EXP 	Photo: autoDraw = True
126.9314 	EXP 	Photo: autoDraw = False
126.9314 	EXP 	text_4: autoDraw = True
127.5075 	DATA 	Keypress: l
127.5101 	EXP 	New trial (rep=0, index=82): OrderedDict([('image1', u'frogs/ab31.jpg'), ('x', 0), ('y', 0), ('size', 400), ('answer', u'l')])
127.7438 	EXP 	Photo: autoDraw = False
127.7438 	EXP 	text_4: autoDraw = False
127.7438 	EXP 	Photo: pos = array([ 0.,  0.])
127.7438 	EXP 	Photo: image = u'frogs/ab31.jpg'
127.7438 	EXP 	Photo: autoDraw = True
128.0503 	EXP 	Photo: autoDraw = False
128.0503 	EXP 	text_4: autoDraw = True
128.7759 	DATA 	Keypress: l
128.7785 	EXP 	New trial (rep=0, index=83): OrderedDict([('image1', u'frogs/ab20.jpg'), ('x', 0), ('y', 0), ('size', 400), ('answer', u'l')])
128.8118 	EXP 	Photo: autoDraw = False
128.8118 	EXP 	text_4: autoDraw = False
128.8118 	EXP 	Photo: pos = array([ 0.,  0.])
128.8118 	EXP 	Photo: image = u'frogs/ab20.jpg'
128.8118 	EXP 	Photo: autoDraw = True
129.3211 	EXP 	Photo: autoDraw = False
129.3211 	EXP 	text_4: autoDraw = True
129.8648 	DATA 	Keypress: l
129.8673 	EXP 	New trial (rep=0, index=84): OrderedDict([('image1', u'logos/2.jpg'), ('x', 0), ('y', 0), ('size', 400), ('answer', u'a')])
129.9208 	EXP 	Photo: autoDraw = False
129.9208 	EXP 	text_4: autoDraw = False
129.9208 	EXP 	Photo: pos = array([ 0.,  0.])
129.9208 	EXP 	Photo: image = u'logos/2.jpg'
129.9208 	EXP 	Photo: autoDraw = True
130.3932 	EXP 	Photo: autoDraw = False
130.4220 	EXP 	text_4: autoDraw = True
130.9975 	DATA 	Keypress: a
131.0001 	EXP 	New trial (rep=0, index=85): OrderedDict([('image1', u'frogs/ab77.jpg'), ('x', 0), ('y', 0), ('size', 400), ('answer', u'l')])
131.0636 	EXP 	Photo: autoDraw = False
131.0636 	EXP 	text_4: autoDraw = False
131.0636 	EXP 	Photo: pos = array([ 0.,  0.])
131.0636 	EXP 	Photo: image = u'frogs/ab77.jpg'
131.0636 	EXP 	Photo: autoDraw = True
131.5389 	EXP 	Photo: autoDraw = False
131.5389 	EXP 	text_4: autoDraw = True
131.6619 	DATA 	Keypress: l
131.6928 	EXP 	New trial (rep=0, index=86): OrderedDict([('image1', u'frogs/ab63.jpg'), ('x', 0), ('y', 0), ('size', 400), ('answer', u'l')])
131.7251 	EXP 	Photo: autoDraw = False
131.7251 	EXP 	text_4: autoDraw = False
131.7251 	EXP 	Photo: pos = array([ 0.,  0.])
131.7251 	EXP 	Photo: image = u'frogs/ab63.jpg'
131.7251 	EXP 	Photo: autoDraw = True
132.2350 	EXP 	Photo: autoDraw = False
132.2350 	EXP 	text_4: autoDraw = True
132.2968 	DATA 	Keypress: l
132.2993 	EXP 	New trial (rep=0, index=87): OrderedDict([('image1', u'frogs/ab66.jpg'), ('x', 0), ('y', 0), ('size', 400), ('answer', u'l')])
132.3400 	EXP 	Photo: autoDraw = False
132.3400 	EXP 	text_4: autoDraw = False
132.3400 	EXP 	Photo: pos = array([ 0.,  0.])
132.3400 	EXP 	Photo: image = u'frogs/ab66.jpg'
132.3400 	EXP 	Photo: autoDraw = True
132.8488 	EXP 	Photo: autoDraw = False
132.8488 	EXP 	text_4: autoDraw = True
132.8800 	DATA 	Keypress: l
132.8825 	EXP 	New trial (rep=0, index=88): OrderedDict([('image1', u'frogs/ab52.jpg'), ('x', 0), ('y', 0), ('size', 400), ('answer', u'l')])
132.9231 	EXP 	Photo: autoDraw = False
132.9231 	EXP 	text_4: autoDraw = False
132.9231 	EXP 	Photo: pos = array([ 0.,  0.])
132.9231 	EXP 	Photo: image = u'frogs/ab52.jpg'
132.9231 	EXP 	Photo: autoDraw = True
133.4310 	EXP 	Photo: autoDraw = False
133.4310 	EXP 	text_4: autoDraw = True
133.4631 	DATA 	Keypress: l
133.4656 	EXP 	New trial (rep=0, index=89): OrderedDict([('image1', u'logos/2.jpg'), ('x', 0), ('y', 0), ('size', 400), ('answer', u'a')])
133.5185 	EXP 	Photo: autoDraw = False
133.5185 	EXP 	text_4: autoDraw = False
133.5185 	EXP 	Photo: pos = array([ 0.,  0.])
133.5185 	EXP 	Photo: image = u'logos/2.jpg'
133.5185 	EXP 	Photo: autoDraw = True
133.9937 	EXP 	Photo: autoDraw = False
134.0227 	EXP 	text_4: autoDraw = True
134.0236 	DATA 	Keypress: a
134.0264 	EXP 	New trial (rep=0, index=1): OrderedDict([('pix', u'logos/1.jpg'), ('source', u'properties1.xlsx')])
134.4794 	EXP 	Photo: autoDraw = False
134.4794 	EXP 	text_4: autoDraw = False
134.4794 	EXP 	image123: image = u'logos/1.jpg'
134.4794 	EXP 	text_2: autoDraw = True
134.4794 	EXP 	image123: autoDraw = True
134.4794 	EXP 	text_3: autoDraw = True
134.5470 	DATA 	Keypress: l
135.2458 	DATA 	Keypress: l
136.5201 	DATA 	Keypress: l
137.6521 	DATA 	Keypress: space
137.7091 	EXP 	Imported properties1.xlsx as conditions, 90 conditions, 5 params
137.7110 	EXP 	Created sequence: random, trialTypes=90, nReps=1, seed=None
137.7124 	EXP 	New trial (rep=0, index=0): OrderedDict([('image1', u'frogs/ab50.jpg'), ('x', 0), ('y', 0), ('size', 400), ('answer', u'l')])
137.8367 	EXP 	text_2: autoDraw = False
137.8367 	EXP 	image123: autoDraw = False
137.8367 	EXP 	text_3: autoDraw = False
137.8367 	EXP 	Photo: pos = array([ 0.,  0.])
137.8367 	EXP 	Photo: image = u'frogs/ab50.jpg'
137.8367 	EXP 	Photo: autoDraw = True
138.2439 	EXP 	Photo: autoDraw = False
138.2439 	EXP 	text_4: autoDraw = True
140.2373 	DATA 	Keypress: l
140.2408 	EXP 	New trial (rep=0, index=1): OrderedDict([('image1', u'frogs/ab56.jpg'), ('x', 0), ('y', 0), ('size', 400), ('answer', u'l')])
141.0924 	EXP 	Photo: autoDraw = False
141.0924 	EXP 	text_4: autoDraw = False
141.0924 	EXP 	Photo: pos = array([ 0.,  0.])
141.0924 	EXP 	Photo: image = u'frogs/ab56.jpg'
141.0924 	EXP 	Photo: autoDraw = True
141.0924 	EXP 	Photo: autoDraw = False
141.0924 	EXP 	text_4: autoDraw = True
141.2778 	DATA 	Keypress: l
141.3103 	EXP 	New trial (rep=0, index=2): OrderedDict([('image1', u'frogs/ab32.jpg'), ('x', 0), ('y', 0), ('size', 400), ('answer', u'l')])
141.4017 	EXP 	Photo: autoDraw = False
141.4017 	EXP 	text_4: autoDraw = False
141.4017 	EXP 	Photo: pos = array([ 0.,  0.])
141.4017 	EXP 	Photo: image = u'frogs/ab32.jpg'
141.4017 	EXP 	Photo: autoDraw = True
141.8443 	EXP 	Photo: autoDraw = False
141.8443 	EXP 	text_4: autoDraw = True
141.9668 	DATA 	Keypress: l
141.9693 	EXP 	New trial (rep=0, index=3): OrderedDict([('image1', u'frogs/ab52.jpg'), ('x', 0), ('y', 0), ('size', 400), ('answer', u'l')])
142.0033 	EXP 	Photo: autoDraw = False
142.0033 	EXP 	text_4: autoDraw = False
142.0033 	EXP 	Photo: pos = array([ 0.,  0.])
142.0033 	EXP 	Photo: image = u'frogs/ab52.jpg'
142.0033 	EXP 	Photo: autoDraw = True
142.4818 	DATA 	Keypress: l
142.5125 	EXP 	Photo: autoDraw = False
142.5125 	EXP 	text_4: autoDraw = True
143.3600 	DATA 	Keypress: l
143.3625 	EXP 	New trial (rep=0, index=4): OrderedDict([('image1', u'frogs/ab61.jpg'), ('x', 0), ('y', 0), ('size', 400), ('answer', u'l')])
143.4402 	EXP 	Photo: autoDraw = False
143.4402 	EXP 	text_4: autoDraw = False
143.4402 	EXP 	Photo: pos = array([ 0.,  0.])
143.4402 	EXP 	Photo: image = u'frogs/ab61.jpg'
143.4402 	EXP 	Photo: autoDraw = True
143.8881 	EXP 	Photo: autoDraw = False
143.9175 	EXP 	text_4: autoDraw = True
144.1601 	DATA 	Keypress: l
144.1627 	EXP 	New trial (rep=0, index=5): OrderedDict([('image1', u'frogs/ab28.jpg'), ('x', 0), ('y', 0), ('size', 400), ('answer', u'l')])
144.2027 	EXP 	Photo: autoDraw = False
144.2027 	EXP 	text_4: autoDraw = False
144.2027 	EXP 	Photo: pos = array([ 0.,  0.])
144.2027 	EXP 	Photo: image = u'frogs/ab28.jpg'
144.2027 	EXP 	Photo: autoDraw = True
144.7094 	EXP 	Photo: autoDraw = False
144.7094 	EXP 	text_4: autoDraw = True
145.0132 	DATA 	Keypress: l
145.0157 	EXP 	New trial (rep=0, index=6): OrderedDict([('image1', u'frogs/ab79.jpg'), ('x', 0), ('y', 0), ('size', 400), ('answer', u'l')])
145.0523 	EXP 	Photo: autoDraw = False
145.0523 	EXP 	text_4: autoDraw = False
145.0523 	EXP 	Photo: pos = array([ 0.,  0.])
145.0523 	EXP 	Photo: image = u'frogs/ab79.jpg'
145.0523 	EXP 	Photo: autoDraw = True
145.5605 	EXP 	Photo: autoDraw = False
145.5605 	EXP 	text_4: autoDraw = True
145.9246 	DATA 	Keypress: l
145.9271 	EXP 	New trial (rep=0, index=7): OrderedDict([('image1', u'frogs/ab65.jpg'), ('x', 0), ('y', 0), ('size', 400), ('answer', u'l')])
146.0260 	EXP 	Photo: autoDraw = False
146.0260 	EXP 	text_4: autoDraw = False
146.0260 	EXP 	Photo: pos = array([ 0.,  0.])
146.0260 	EXP 	Photo: image = u'frogs/ab65.jpg'
146.0260 	EXP 	Photo: autoDraw = True
146.4687 	EXP 	Photo: autoDraw = False
146.4687 	EXP 	text_4: autoDraw = True
146.9565 	DATA 	Keypress: l
146.9594 	EXP 	New trial (rep=0, index=8): OrderedDict([('image1', u'frogs/ab63.jpg'), ('x', 0), ('y', 0), ('size', 400), ('answer', u'l')])
146.9918 	EXP 	Photo: autoDraw = False
146.9918 	EXP 	text_4: autoDraw = False
146.9918 	EXP 	Photo: pos = array([ 0.,  0.])
146.9918 	EXP 	Photo: image = u'frogs/ab63.jpg'
146.9918 	EXP 	Photo: autoDraw = True
147.5014 	EXP 	Photo: autoDraw = False
147.5014 	EXP 	text_4: autoDraw = True
147.8645 	DATA 	Keypress: l
147.8670 	EXP 	New trial (rep=0, index=9): OrderedDict([('image1', u'frogs/ab15.jpg'), ('x', 0), ('y', 0), ('size', 400), ('answer', u'l')])
148.0454 	EXP 	Photo: autoDraw = False
148.0454 	EXP 	text_4: autoDraw = False
148.0454 	EXP 	Photo: pos = array([ 0.,  0.])
148.0454 	EXP 	Photo: image = u'frogs/ab15.jpg'
148.0454 	EXP 	Photo: autoDraw = True
148.3838 	EXP 	Photo: autoDraw = False
148.4133 	EXP 	text_4: autoDraw = True
148.6925 	DATA 	Keypress: l
148.6939 	EXP 	New trial (rep=0, index=10): OrderedDict([('image1', u'frogs/ab70.jpg'), ('x', 0), ('y', 0), ('size', 400), ('answer', u'l')])
148.7107 	EXP 	Photo: autoDraw = False
148.7107 	EXP 	text_4: autoDraw = False
148.7107 	EXP 	Photo: pos = array([ 0.,  0.])
148.7107 	EXP 	Photo: image = u'frogs/ab70.jpg'
148.7107 	EXP 	Photo: autoDraw = True
149.2078 	EXP 	Photo: autoDraw = False
149.2245 	EXP 	text_4: autoDraw = True
149.5424 	DATA 	Keypress: l
149.5449 	EXP 	New trial (rep=0, index=11): OrderedDict([('image1', u'frogs/ab20.jpg'), ('x', 0), ('y', 0), ('size', 400), ('answer', u'l')])
149.5672 	EXP 	Photo: autoDraw = False
149.5672 	EXP 	text_4: autoDraw = False
149.5672 	EXP 	Photo: pos = array([ 0.,  0.])
149.5672 	EXP 	Photo: image = u'frogs/ab20.jpg'
149.5672 	EXP 	Photo: autoDraw = True
150.0576 	EXP 	Photo: autoDraw = False
150.0743 	EXP 	text_4: autoDraw = True
150.4088 	DATA 	Keypress: l
150.4113 	EXP 	New trial (rep=0, index=12): OrderedDict([('image1', u'frogs/ab36.jpg'), ('x', 0), ('y', 0), ('size', 400), ('answer', u'l')])
150.4721 	EXP 	Photo: autoDraw = False
150.4721 	EXP 	text_4: autoDraw = False
150.4721 	EXP 	Photo: pos = array([ 0.,  0.])
150.4721 	EXP 	Photo: image = u'frogs/ab36.jpg'
150.4721 	EXP 	Photo: autoDraw = True
150.9242 	EXP 	Photo: autoDraw = False
150.9410 	EXP 	text_4: autoDraw = True
151.3419 	DATA 	Keypress: l
151.3430 	EXP 	New trial (rep=0, index=13): OrderedDict([('image1', u'frogs/ab18.jpg'), ('x', 0), ('y', 0), ('size', 400), ('answer', u'l')])
151.3599 	EXP 	Photo: autoDraw = False
151.3599 	EXP 	text_4: autoDraw = False
151.3599 	EXP 	Photo: pos = array([ 0.,  0.])
151.3599 	EXP 	Photo: image = u'frogs/ab18.jpg'
151.3599 	EXP 	Photo: autoDraw = True
151.8574 	EXP 	Photo: autoDraw = False
151.8741 	EXP 	text_4: autoDraw = True
152.2920 	DATA 	Keypress: l
152.2934 	EXP 	New trial (rep=0, index=14): OrderedDict([('image1', u'frogs/ab76.jpg'), ('x', 0), ('y', 0), ('size', 400), ('answer', u'l')])
152.3112 	EXP 	Photo: autoDraw = False
152.3112 	EXP 	text_4: autoDraw = False
152.3112 	EXP 	Photo: pos = array([ 0.,  0.])
152.3112 	EXP 	Photo: image = u'frogs/ab76.jpg'
152.3112 	EXP 	Photo: autoDraw = True
152.8074 	EXP 	Photo: autoDraw = False
152.8241 	EXP 	text_4: autoDraw = True
153.2584 	DATA 	Keypress: l
153.2610 	EXP 	New trial (rep=0, index=15): OrderedDict([('image1', u'frogs/ab78.jpg'), ('x', 0), ('y', 0), ('size', 400), ('answer', u'l')])
153.3161 	EXP 	Photo: autoDraw = False
153.3161 	EXP 	text_4: autoDraw = False
153.3161 	EXP 	Photo: pos = array([ 0.,  0.])
153.3161 	EXP 	Photo: image = u'frogs/ab78.jpg'
153.3161 	EXP 	Photo: autoDraw = True
153.7737 	EXP 	Photo: autoDraw = False
153.7904 	EXP 	text_4: autoDraw = True
154.3746 	DATA 	Keypress: l
154.3771 	EXP 	New trial (rep=0, index=16): OrderedDict([('image1', u'frogs/ab16.jpg'), ('x', 0), ('y', 0), ('size', 400), ('answer', u'l')])
154.3979 	EXP 	Photo: autoDraw = False
154.3979 	EXP 	text_4: autoDraw = False
154.3979 	EXP 	Photo: pos = array([ 0.,  0.])
154.3979 	EXP 	Photo: image = u'frogs/ab16.jpg'
154.3979 	EXP 	Photo: autoDraw = True
154.8901 	EXP 	Photo: autoDraw = False
154.9067 	EXP 	text_4: autoDraw = True
155.4412 	DATA 	Keypress: l
155.4438 	EXP 	New trial (rep=0, index=17): OrderedDict([('image1', u'logos/1.jpg'), ('x', 0), ('y', 0), ('size', 400), ('answer', u'a')])
155.6189 	EXP 	Photo: autoDraw = False
155.6189 	EXP 	text_4: autoDraw = False
155.6189 	EXP 	Photo: pos = array([ 0.,  0.])
155.6189 	EXP 	Photo: image = u'logos/1.jpg'
155.6189 	EXP 	Photo: autoDraw = True
155.9566 	EXP 	Photo: autoDraw = False
155.9738 	EXP 	text_4: autoDraw = True
156.6906 	DATA 	Keypress: l
156.6931 	EXP 	New trial (rep=0, index=18): OrderedDict([('image1', u'frogs/ab30.jpg'), ('x', 0), ('y', 0), ('size', 400), ('answer', u'l')])
156.7161 	EXP 	Photo: autoDraw = False
156.7161 	EXP 	text_4: autoDraw = False
156.7161 	EXP 	Photo: pos = array([ 0.,  0.])
156.7161 	EXP 	Photo: image = u'frogs/ab30.jpg'
156.7161 	EXP 	Photo: autoDraw = True
157.2061 	EXP 	Photo: autoDraw = False
157.2229 	EXP 	text_4: autoDraw = True
157.6571 	DATA 	Keypress: l
157.6596 	EXP 	New trial (rep=0, index=19): OrderedDict([('image1', u'frogs/ab13.jpg'), ('x', 0), ('y', 0), ('size', 400), ('answer', u'l')])
157.6818 	EXP 	Photo: autoDraw = False
157.6818 	EXP 	text_4: autoDraw = False
157.6818 	EXP 	Photo: pos = array([ 0.,  0.])
157.6818 	EXP 	Photo: image = u'frogs/ab13.jpg'
157.6818 	EXP 	Photo: autoDraw = True
158.1725 	EXP 	Photo: autoDraw = False
158.1892 	EXP 	text_4: autoDraw = True
158.6235 	DATA 	Keypress: l
158.6259 	EXP 	New trial (rep=0, index=20): OrderedDict([('image1', u'frogs/ab38.jpg'), ('x', 0), ('y', 0), ('size', 400), ('answer', u'l')])
158.6492 	EXP 	Photo: autoDraw = False
158.6492 	EXP 	text_4: autoDraw = False
158.6492 	EXP 	Photo: pos = array([ 0.,  0.])
158.6492 	EXP 	Photo: image = u'frogs/ab38.jpg'
158.6492 	EXP 	Photo: autoDraw = True
159.1388 	EXP 	Photo: autoDraw = False
159.1555 	EXP 	text_4: autoDraw = True
159.6398 	DATA 	Keypress: l
159.6423 	EXP 	New trial (rep=0, index=21): OrderedDict([('image1', u'frogs/ab21.jpg'), ('x', 0), ('y', 0), ('size', 400), ('answer', u'l')])
159.6657 	EXP 	Photo: autoDraw = False
159.6657 	EXP 	text_4: autoDraw = False
159.6657 	EXP 	Photo: pos = array([ 0.,  0.])
159.6657 	EXP 	Photo: image = u'frogs/ab21.jpg'
159.6657 	EXP 	Photo: autoDraw = True
160.1551 	EXP 	Photo: autoDraw = False
160.1719 	EXP 	text_4: autoDraw = True
160.5907 	DATA 	Keypress: l
160.6078 	EXP 	New trial (rep=0, index=22): OrderedDict([('image1', u'frogs/ab39.jpg'), ('x', 0), ('y', 0), ('size', 400), ('answer', u'l')])
160.6675 	EXP 	Photo: autoDraw = False
160.6675 	EXP 	text_4: autoDraw = False
160.6675 	EXP 	Photo: pos = array([ 0.,  0.])
160.6675 	EXP 	Photo: image = u'frogs/ab39.jpg'
160.6675 	EXP 	Photo: autoDraw = True
161.1218 	EXP 	Photo: autoDraw = False
161.1386 	EXP 	text_4: autoDraw = True
161.5739 	DATA 	Keypress: l
161.5910 	EXP 	New trial (rep=0, index=23): OrderedDict([('image1', u'frogs/ab10.jpg'), ('x', 0), ('y', 0), ('size', 400), ('answer', u'l')])
161.6142 	EXP 	Photo: autoDraw = False
161.6142 	EXP 	text_4: autoDraw = False
161.6142 	EXP 	Photo: pos = array([ 0.,  0.])
161.6142 	EXP 	Photo: image = u'frogs/ab10.jpg'
161.6142 	EXP 	Photo: autoDraw = True
162.1047 	EXP 	Photo: autoDraw = False
162.1214 	EXP 	text_4: autoDraw = True
162.5221 	DATA 	Keypress: l
162.5245 	EXP 	New trial (rep=0, index=24): OrderedDict([('image1', u'frogs/ab24.jpg'), ('x', 0), ('y', 0), ('size', 400), ('answer', u'l')])
162.5474 	EXP 	Photo: autoDraw = False
162.5474 	EXP 	text_4: autoDraw = False
162.5474 	EXP 	Photo: pos = array([ 0.,  0.])
162.5474 	EXP 	Photo: image = u'frogs/ab24.jpg'
162.5474 	EXP 	Photo: autoDraw = True
163.0377 	EXP 	Photo: autoDraw = False
163.0544 	EXP 	text_4: autoDraw = True
163.4552 	DATA 	Keypress: l
163.4577 	EXP 	New trial (rep=0, index=25): OrderedDict([('image1', u'frogs/ab48.jpg'), ('x', 0), ('y', 0), ('size', 400), ('answer', u'l')])
163.5108 	EXP 	Photo: autoDraw = False
163.5108 	EXP 	text_4: autoDraw = False
163.5108 	EXP 	Photo: pos = array([ 0.,  0.])
163.5108 	EXP 	Photo: image = u'frogs/ab48.jpg'
163.5108 	EXP 	Photo: autoDraw = True
163.9704 	EXP 	Photo: autoDraw = False
163.9874 	EXP 	text_4: autoDraw = True
164.3881 	DATA 	Keypress: l
164.3905 	EXP 	New trial (rep=0, index=26): OrderedDict([('image1', u'frogs/ab45.jpg'), ('x', 0), ('y', 0), ('size', 400), ('answer', u'l')])
164.4110 	EXP 	Photo: autoDraw = False
164.4110 	EXP 	text_4: autoDraw = False
164.4110 	EXP 	Photo: pos = array([ 0.,  0.])
164.4110 	EXP 	Photo: image = u'frogs/ab45.jpg'
164.4110 	EXP 	Photo: autoDraw = True
164.9034 	EXP 	Photo: autoDraw = False
164.9202 	EXP 	text_4: autoDraw = True
165.2879 	DATA 	Keypress: l
165.2904 	EXP 	New trial (rep=0, index=27): OrderedDict([('image1', u'frogs/ab53.jpg'), ('x', 0), ('y', 0), ('size', 400), ('answer', u'l')])
165.3164 	EXP 	Photo: autoDraw = False
165.3164 	EXP 	text_4: autoDraw = False
165.3164 	EXP 	Photo: pos = array([ 0.,  0.])
165.3164 	EXP 	Photo: image = u'frogs/ab53.jpg'
165.3164 	EXP 	Photo: autoDraw = True
165.7539 	DATA 	Keypress: l
165.8031 	EXP 	Photo: autoDraw = False
165.8198 	EXP 	text_4: autoDraw = True
166.2566 	DATA 	Keypress: l
166.2592 	EXP 	New trial (rep=0, index=28): OrderedDict([('image1', u'frogs/ab58.jpg'), ('x', 0), ('y', 0), ('size', 400), ('answer', u'l')])
166.4213 	EXP 	Photo: autoDraw = False
166.4213 	EXP 	text_4: autoDraw = False
166.4213 	EXP 	Photo: pos = array([ 0.,  0.])
166.4213 	EXP 	Photo: image = u'frogs/ab58.jpg'
166.4213 	EXP 	Photo: autoDraw = True
166.7691 	EXP 	Photo: autoDraw = False
166.7858 	EXP 	text_4: autoDraw = True
166.8035 	DATA 	Keypress: l
166.8059 	EXP 	New trial (rep=0, index=29): OrderedDict([('image1', u'frogs/ab66.jpg'), ('x', 0), ('y', 0), ('size', 400), ('answer', u'l')])
166.8330 	EXP 	Photo: autoDraw = False
166.8330 	EXP 	text_4: autoDraw = False
166.8330 	EXP 	Photo: pos = array([ 0.,  0.])
166.8330 	EXP 	Photo: image = u'frogs/ab66.jpg'
166.8330 	EXP 	Photo: autoDraw = True
167.3190 	EXP 	Photo: autoDraw = False
167.3197 	DATA 	Keypress: l
167.3357 	EXP 	text_4: autoDraw = True
167.9700 	DATA 	Keypress: l
167.9725 	EXP 	New trial (rep=0, index=30): OrderedDict([('image1', u'frogs/ab1.jpg'), ('x', 0), ('y', 0), ('size', 400), ('answer', u'l')])
167.9966 	EXP 	Photo: autoDraw = False
167.9966 	EXP 	text_4: autoDraw = False
167.9966 	EXP 	Photo: pos = array([ 0.,  0.])
167.9966 	EXP 	Photo: image = u'frogs/ab1.jpg'
167.9966 	EXP 	Photo: autoDraw = True
168.2197 	DATA 	Keypress: l
168.4854 	EXP 	Photo: autoDraw = False
168.5027 	EXP 	text_4: autoDraw = True
168.8697 	DATA 	Keypress: l
168.8721 	EXP 	New trial (rep=0, index=31): OrderedDict([('image1', u'frogs/ab8.jpg'), ('x', 0), ('y', 0), ('size', 400), ('answer', u'l')])
168.8954 	EXP 	Photo: autoDraw = False
168.8954 	EXP 	text_4: autoDraw = False
168.8954 	EXP 	Photo: pos = array([ 0.,  0.])
168.8954 	EXP 	Photo: image = u'frogs/ab8.jpg'
168.8954 	EXP 	Photo: autoDraw = True
169.3527 	DATA 	Keypress: l
169.3853 	EXP 	Photo: autoDraw = False
169.4019 	EXP 	text_4: autoDraw = True
169.8696 	DATA 	Keypress: l
169.8716 	EXP 	New trial (rep=0, index=32): OrderedDict([('image1', u'frogs/ab26.jpg'), ('x', 0), ('y', 0), ('size', 400), ('answer', u'l')])
169.8894 	EXP 	Photo: autoDraw = False
169.8894 	EXP 	text_4: autoDraw = False
169.8894 	EXP 	Photo: pos = array([ 0.,  0.])
169.8894 	EXP 	Photo: image = u'frogs/ab26.jpg'
169.8894 	EXP 	Photo: autoDraw = True
170.3525 	DATA 	Keypress: l
170.3850 	EXP 	Photo: autoDraw = False
170.4016 	EXP 	text_4: autoDraw = True
170.8191 	DATA 	Keypress: l
170.8216 	EXP 	New trial (rep=0, index=33): OrderedDict([('image1', u'frogs/ab43.jpg'), ('x', 0), ('y', 0), ('size', 400), ('answer', u'l')])
170.8741 	EXP 	Photo: autoDraw = False
170.8741 	EXP 	text_4: autoDraw = False
170.8741 	EXP 	Photo: pos = array([ 0.,  0.])
170.8741 	EXP 	Photo: image = u'frogs/ab43.jpg'
170.8741 	EXP 	Photo: autoDraw = True
171.2189 	DATA 	Keypress: l
171.3346 	EXP 	Photo: autoDraw = False
171.3513 	EXP 	text_4: autoDraw = True
171.6522 	DATA 	Keypress: l
171.6547 	EXP 	New trial (rep=0, index=34): OrderedDict([('image1', u'frogs/ab3.jpg'), ('x', 0), ('y', 0), ('size', 400), ('answer', u'l')])
171.7114 	EXP 	Photo: autoDraw = False
171.7114 	EXP 	text_4: autoDraw = False
171.7114 	EXP 	Photo: pos = array([ 0.,  0.])
171.7114 	EXP 	Photo: image = u'frogs/ab3.jpg'
171.7114 	EXP 	Photo: autoDraw = True
171.8702 	DATA 	Keypress: l
172.1677 	EXP 	Photo: autoDraw = False
172.1845 	EXP 	text_4: autoDraw = True
172.5018 	DATA 	Keypress: l
172.5029 	EXP 	New trial (rep=0, index=35): OrderedDict([('image1', u'logos/1.jpg'), ('x', 0), ('y', 0), ('size', 400), ('answer', u'a')])
172.7032 	EXP 	Photo: autoDraw = False
172.7032 	EXP 	text_4: autoDraw = False
172.7032 	EXP 	Photo: pos = array([ 0.,  0.])
172.7032 	EXP 	Photo: image = u'logos/1.jpg'
172.7032 	EXP 	Photo: autoDraw = True
172.7869 	DATA 	Keypress: l
173.0191 	EXP 	Photo: autoDraw = False
173.0191 	EXP 	text_4: autoDraw = True
173.0674 	DATA 	Keypress: l
173.0687 	EXP 	New trial (rep=0, index=36): OrderedDict([('image1', u'frogs/ab37.jpg'), ('x', 0), ('y', 0), ('size', 400), ('answer', u'l')])
173.0962 	EXP 	Photo: autoDraw = False
173.0962 	EXP 	text_4: autoDraw = False
173.0962 	EXP 	Photo: pos = array([ 0.,  0.])
173.0962 	EXP 	Photo: image = u'frogs/ab37.jpg'
173.0962 	EXP 	Photo: autoDraw = True
173.5503 	DATA 	Keypress: l
173.5829 	EXP 	Photo: autoDraw = False
173.5996 	EXP 	text_4: autoDraw = True
173.7675 	DATA 	Keypress: l
173.7689 	EXP 	New trial (rep=0, index=37): OrderedDict([('image1', u'frogs/ab9.jpg'), ('x', 0), ('y', 0), ('size', 400), ('answer', u'l')])
173.9423 	DATA 	Keypress: l
173.9571 	EXP 	Photo: autoDraw = False
173.9571 	EXP 	text_4: autoDraw = False
173.9571 	EXP 	Photo: pos = array([ 0.,  0.])
173.9571 	EXP 	Photo: image = u'frogs/ab9.jpg'
173.9571 	EXP 	Photo: autoDraw = True
174.1178 	DATA 	Keypress: l
174.2831 	EXP 	Photo: autoDraw = False
174.2992 	EXP 	text_4: autoDraw = True
174.3171 	DATA 	Keypress: l
174.3182 	EXP 	New trial (rep=0, index=38): OrderedDict([('image1', u'frogs/ab42.jpg'), ('x', 0), ('y', 0), ('size', 400), ('answer', u'l')])
174.3589 	EXP 	Photo: autoDraw = False
174.3589 	EXP 	text_4: autoDraw = False
174.3589 	EXP 	Photo: pos = array([ 0.,  0.])
174.3589 	EXP 	Photo: image = u'frogs/ab42.jpg'
174.3589 	EXP 	Photo: autoDraw = True
174.8330 	EXP 	Photo: autoDraw = False
174.8496 	EXP 	text_4: autoDraw = True
175.9006 	DATA 	Keypress: l
175.9020 	EXP 	New trial (rep=0, index=39): OrderedDict([('image1', u'frogs/ab47.jpg'), ('x', 0), ('y', 0), ('size', 400), ('answer', u'l')])
176.3235 	EXP 	Photo: autoDraw = False
176.3235 	EXP 	text_4: autoDraw = False
176.3235 	EXP 	Photo: pos = array([ 0.,  0.])
176.3235 	EXP 	Photo: image = u'frogs/ab47.jpg'
176.3235 	EXP 	Photo: autoDraw = True
176.4162 	EXP 	Photo: autoDraw = False
176.4330 	EXP 	text_4: autoDraw = True
176.4338 	DATA 	Keypress: l
176.4349 	EXP 	New trial (rep=0, index=40): OrderedDict([('image1', u'frogs/ab72.jpg'), ('x', 0), ('y', 0), ('size', 400), ('answer', u'l')])
176.4525 	EXP 	Photo: autoDraw = False
176.4525 	EXP 	text_4: autoDraw = False
176.4525 	EXP 	Photo: pos = array([ 0.,  0.])
176.4525 	EXP 	Photo: image = u'frogs/ab72.jpg'
176.4525 	EXP 	Photo: autoDraw = True
176.8669 	DATA 	Keypress: l
176.9496 	EXP 	Photo: autoDraw = False
176.9661 	EXP 	text_4: autoDraw = True
177.3671 	DATA 	Keypress: l
177.3683 	EXP 	New trial (rep=0, index=41): OrderedDict([('image1', u'frogs/ab19.jpg'), ('x', 0), ('y', 0), ('size', 400), ('answer', u'l')])
177.4027 	EXP 	Photo: autoDraw = False
177.4027 	EXP 	text_4: autoDraw = False
177.4027 	EXP 	Photo: pos = array([ 0.,  0.])
177.4027 	EXP 	Photo: image = u'frogs/ab19.jpg'
177.4027 	EXP 	Photo: autoDraw = True
177.8667 	DATA 	Keypress: l
177.8825 	EXP 	Photo: autoDraw = False
177.8992 	EXP 	text_4: autoDraw = True
178.3502 	DATA 	Keypress: l
178.3527 	EXP 	New trial (rep=0, index=42): OrderedDict([('image1', u'frogs/ab22.jpg'), ('x', 0), ('y', 0), ('size', 400), ('answer', u'l')])
178.4481 	EXP 	Photo: autoDraw = False
178.4481 	EXP 	text_4: autoDraw = False
178.4481 	EXP 	Photo: pos = array([ 0.,  0.])
178.4481 	EXP 	Photo: image = u'frogs/ab22.jpg'
178.4481 	EXP 	Photo: autoDraw = True
178.8729 	EXP 	Photo: autoDraw = False
178.9028 	EXP 	text_4: autoDraw = True
187.1516 	DATA 	Keypress: l
187.1542 	EXP 	New trial (rep=0, index=43): OrderedDict([('image1', u'frogs/ab25.jpg'), ('x', 0), ('y', 0), ('size', 400), ('answer', u'l')])
187.2289 	EXP 	Photo: autoDraw = False
187.2289 	EXP 	text_4: autoDraw = False
187.2289 	EXP 	Photo: pos = array([ 0.,  0.])
187.2289 	EXP 	Photo: image = u'frogs/ab25.jpg'
187.2289 	EXP 	Photo: autoDraw = True
187.7041 	EXP 	Photo: autoDraw = False
187.7041 	EXP 	text_4: autoDraw = True
187.8559 	DATA 	Keypress: l
187.8587 	EXP 	New trial (rep=0, index=44): OrderedDict([('image1', u'frogs/ab17.jpg'), ('x', 0), ('y', 0), ('size', 400), ('answer', u'l')])
187.8923 	EXP 	Photo: autoDraw = False
187.8923 	EXP 	text_4: autoDraw = False
187.8923 	EXP 	Photo: pos = array([ 0.,  0.])
187.8923 	EXP 	Photo: image = u'frogs/ab17.jpg'
187.8923 	EXP 	Photo: autoDraw = True
188.4019 	EXP 	Photo: autoDraw = False
188.4019 	EXP 	text_4: autoDraw = True
188.5550 	DATA 	Keypress: l
188.5576 	EXP 	New trial (rep=0, index=45): OrderedDict([('image1', u'frogs/ab33.jpg'), ('x', 0), ('y', 0), ('size', 400), ('answer', u'l')])
188.8436 	EXP 	Photo: autoDraw = False
188.8436 	EXP 	text_4: autoDraw = False
188.8436 	EXP 	Photo: pos = array([ 0.,  0.])
188.8436 	EXP 	Photo: image = u'frogs/ab33.jpg'
188.8436 	EXP 	Photo: autoDraw = True
189.0816 	EXP 	Photo: autoDraw = False
189.1123 	EXP 	text_4: autoDraw = True
189.2339 	DATA 	Keypress: l
189.2364 	EXP 	New trial (rep=0, index=46): OrderedDict([('image1', u'logos/1.jpg'), ('x', 0), ('y', 0), ('size', 400), ('answer', u'a')])
189.6933 	EXP 	Photo: autoDraw = False
189.6933 	EXP 	text_4: autoDraw = False
189.6933 	EXP 	Photo: pos = array([ 0.,  0.])
189.6933 	EXP 	Photo: image = u'logos/1.jpg'
189.6933 	EXP 	Photo: autoDraw = True
189.7588 	EXP 	Photo: autoDraw = False
189.7882 	EXP 	text_4: autoDraw = True
190.0001 	DATA 	Keypress: l
190.0026 	EXP 	New trial (rep=0, index=47): OrderedDict([('image1', u'frogs/ab5.jpg'), ('x', 0), ('y', 0), ('size', 400), ('answer', u'l')])
190.0380 	EXP 	Photo: autoDraw = False
190.0380 	EXP 	text_4: autoDraw = False
190.0380 	EXP 	Photo: pos = array([ 0.,  0.])
190.0380 	EXP 	Photo: image = u'frogs/ab5.jpg'
190.0380 	EXP 	Photo: autoDraw = True
190.5451 	EXP 	Photo: autoDraw = False
190.5451 	EXP 	text_4: autoDraw = True
208.7439 	DATA 	Keypress: l
208.7468 	EXP 	New trial (rep=0, index=48): OrderedDict([('image1', u'frogs/ab74.jpg'), ('x', 0), ('y', 0), ('size', 400), ('answer', u'l')])
208.8918 	EXP 	Photo: autoDraw = False
208.8918 	EXP 	text_4: autoDraw = False
208.8918 	EXP 	Photo: pos = array([ 0.,  0.])
208.8918 	EXP 	Photo: image = u'frogs/ab74.jpg'
208.8918 	EXP 	Photo: autoDraw = True
209.2638 	EXP 	Photo: autoDraw = False
209.2932 	EXP 	text_4: autoDraw = True
234.8313 	DATA 	Keypress: escape
234.9276 	EXP 	window1: mouseVisible = True
